<?xml version="1.0" encoding="UTF-8"?>
<!-- Generated by org.testng.reporters.JUnitReportReporter -->
<testsuite skipped="0" hostname="SQA-CRS-021" name="rerate.rerateTestNgSlow" tests="42" failures="35" timestamp="30 Oct 2020 23:13:09 GMT" time="17322.248" errors="7">
  <testcase name="testMethod" time="123.971" classname="rerate.rerateTestNgSlow">
    <failure type="java.lang.AssertionError" message="Failed During Third Page">
      <![CDATA[java.lang.AssertionError: Failed During Third Page
	at org.testng.Assert.fail(Assert.java:93)
	at rerate.rerateTestNgSlow.thirdPage(rerateTestNgSlow.java:1584)
	at rerate.rerateTestNgSlow.doWork(rerateTestNgSlow.java:804)
	at rerate.rerateTestNgSlow.testMethod(rerateTestNgSlow.java:636)
	at sun.reflect.GeneratedMethodAccessor3.invoke(Unknown Source)
	at sun.reflect.DelegatingMethodAccessorImpl.invoke(Unknown Source)
	at java.lang.reflect.Method.invoke(Unknown Source)
	at org.testng.internal.MethodInvocationHelper.invokeMethod(MethodInvocationHelper.java:108)
	at org.testng.internal.Invoker.invokeMethod(Invoker.java:661)
	at org.testng.internal.Invoker.invokeTestMethod(Invoker.java:869)
	at org.testng.internal.Invoker.invokeTestMethods(Invoker.java:1193)
	at org.testng.internal.TestMethodWorker.invokeTestMethods(TestMethodWorker.java:126)
	at org.testng.internal.TestMethodWorker.run(TestMethodWorker.java:109)
	at java.util.concurrent.ThreadPoolExecutor.runWorker(Unknown Source)
	at java.util.concurrent.ThreadPoolExecutor$Worker.run(Unknown Source)
	at java.lang.Thread.run(Unknown Source)
]]>
    </failure>
  </testcase> <!-- testMethod -->
  <testcase name="testMethod" time="142.119" classname="rerate.rerateTestNgSlow">
    <failure type="java.lang.AssertionError" message="Failed During Third Page">
      <![CDATA[java.lang.AssertionError: Failed During Third Page
	at org.testng.Assert.fail(Assert.java:93)
	at rerate.rerateTestNgSlow.thirdPage(rerateTestNgSlow.java:1584)
	at rerate.rerateTestNgSlow.doWork(rerateTestNgSlow.java:804)
	at rerate.rerateTestNgSlow.testMethod(rerateTestNgSlow.java:636)
	at sun.reflect.NativeMethodAccessorImpl.invoke0(Native Method)
	at sun.reflect.NativeMethodAccessorImpl.invoke(Unknown Source)
	at sun.reflect.DelegatingMethodAccessorImpl.invoke(Unknown Source)
	at java.lang.reflect.Method.invoke(Unknown Source)
	at org.testng.internal.MethodInvocationHelper.invokeMethod(MethodInvocationHelper.java:108)
	at org.testng.internal.Invoker.invokeMethod(Invoker.java:661)
	at org.testng.internal.Invoker.invokeTestMethod(Invoker.java:869)
	at org.testng.internal.Invoker.invokeTestMethods(Invoker.java:1193)
	at org.testng.internal.TestMethodWorker.invokeTestMethods(TestMethodWorker.java:126)
	at org.testng.internal.TestMethodWorker.run(TestMethodWorker.java:109)
	at java.util.concurrent.ThreadPoolExecutor.runWorker(Unknown Source)
	at java.util.concurrent.ThreadPoolExecutor$Worker.run(Unknown Source)
	at java.lang.Thread.run(Unknown Source)
]]>
    </failure>
  </testcase> <!-- testMethod -->
  <testcase name="testMethod" time="34.139" classname="rerate.rerateTestNgSlow">
    <error type="org.openqa.selenium.NoSuchSessionException" message="Session ID is null. Using WebDriver after calling quit()?
Build info: version: &#039;3.141.59&#039;, revision: &#039;e82be7d358&#039;, time: &#039;2018-11-14T08:25:48&#039;
System info: host: &#039;SQA-CRS-021&#039;, ip: &#039;10.255.251.244&#039;, os.name: &#039;Windows 7&#039;, os.arch: &#039;x86&#039;, os.version: &#039;6.1&#039;, java.version: &#039;1.8.0_212&#039;
Driver info: driver.version: RemoteWebDriver">
      <![CDATA[org.openqa.selenium.NoSuchSessionException: Session ID is null. Using WebDriver after calling quit()?
Build info: version: '3.141.59', revision: 'e82be7d358', time: '2018-11-14T08:25:48'
System info: host: 'SQA-CRS-021', ip: '10.255.251.244', os.name: 'Windows 7', os.arch: 'x86', os.version: '6.1', java.version: '1.8.0_212'
Driver info: driver.version: RemoteWebDriver
	at org.openqa.selenium.remote.HttpCommandExecutor.execute(HttpCommandExecutor.java:125)
	at org.openqa.selenium.remote.service.DriverCommandExecutor.execute(DriverCommandExecutor.java:83)
	at org.openqa.selenium.remote.RemoteWebDriver.execute(RemoteWebDriver.java:552)
	at org.openqa.selenium.remote.RemoteWebDriver.execute(RemoteWebDriver.java:609)
	at org.openqa.selenium.remote.RemoteWebDriver.close(RemoteWebDriver.java:442)
	at rerate.rerateTestNgSlow.firstPage(rerateTestNgSlow.java:1075)
	at rerate.rerateTestNgSlow.doWork(rerateTestNgSlow.java:802)
	at rerate.rerateTestNgSlow.testMethod(rerateTestNgSlow.java:636)
	at sun.reflect.NativeMethodAccessorImpl.invoke0(Native Method)
	at sun.reflect.NativeMethodAccessorImpl.invoke(Unknown Source)
	at sun.reflect.DelegatingMethodAccessorImpl.invoke(Unknown Source)
	at java.lang.reflect.Method.invoke(Unknown Source)
	at org.testng.internal.MethodInvocationHelper.invokeMethod(MethodInvocationHelper.java:108)
	at org.testng.internal.Invoker.invokeMethod(Invoker.java:661)
	at org.testng.internal.Invoker.invokeTestMethod(Invoker.java:869)
	at org.testng.internal.Invoker.invokeTestMethods(Invoker.java:1193)
	at org.testng.internal.TestMethodWorker.invokeTestMethods(TestMethodWorker.java:126)
	at org.testng.internal.TestMethodWorker.run(TestMethodWorker.java:109)
	at java.util.concurrent.ThreadPoolExecutor.runWorker(Unknown Source)
	at java.util.concurrent.ThreadPoolExecutor$Worker.run(Unknown Source)
	at java.lang.Thread.run(Unknown Source)
]]>
    </error>
  </testcase> <!-- testMethod -->
  <testcase name="testMethod" time="127.877" classname="rerate.rerateTestNgSlow">
    <failure type="java.lang.AssertionError" message="Failed During Third Page">
      <![CDATA[java.lang.AssertionError: Failed During Third Page
	at org.testng.Assert.fail(Assert.java:93)
	at rerate.rerateTestNgSlow.thirdPage(rerateTestNgSlow.java:1584)
	at rerate.rerateTestNgSlow.doWork(rerateTestNgSlow.java:804)
	at rerate.rerateTestNgSlow.testMethod(rerateTestNgSlow.java:636)
	at sun.reflect.GeneratedMethodAccessor3.invoke(Unknown Source)
	at sun.reflect.DelegatingMethodAccessorImpl.invoke(Unknown Source)
	at java.lang.reflect.Method.invoke(Unknown Source)
	at org.testng.internal.MethodInvocationHelper.invokeMethod(MethodInvocationHelper.java:108)
	at org.testng.internal.Invoker.invokeMethod(Invoker.java:661)
	at org.testng.internal.Invoker.invokeTestMethod(Invoker.java:869)
	at org.testng.internal.Invoker.invokeTestMethods(Invoker.java:1193)
	at org.testng.internal.TestMethodWorker.invokeTestMethods(TestMethodWorker.java:126)
	at org.testng.internal.TestMethodWorker.run(TestMethodWorker.java:109)
	at java.util.concurrent.ThreadPoolExecutor.runWorker(Unknown Source)
	at java.util.concurrent.ThreadPoolExecutor$Worker.run(Unknown Source)
	at java.lang.Thread.run(Unknown Source)
]]>
    </failure>
  </testcase> <!-- testMethod -->
  <testcase name="testMethod" time="1887.713" classname="rerate.rerateTestNgSlow">
    <error type="java.lang.NullPointerException">
      <![CDATA[java.lang.NullPointerException
	at rerate.rerateTestNgSlow.firstPage(rerateTestNgSlow.java:1074)
	at rerate.rerateTestNgSlow.doWork(rerateTestNgSlow.java:802)
	at rerate.rerateTestNgSlow.testMethod(rerateTestNgSlow.java:636)
	at sun.reflect.NativeMethodAccessorImpl.invoke0(Native Method)
	at sun.reflect.NativeMethodAccessorImpl.invoke(Unknown Source)
	at sun.reflect.DelegatingMethodAccessorImpl.invoke(Unknown Source)
	at java.lang.reflect.Method.invoke(Unknown Source)
	at org.testng.internal.MethodInvocationHelper.invokeMethod(MethodInvocationHelper.java:108)
	at org.testng.internal.Invoker.invokeMethod(Invoker.java:661)
	at org.testng.internal.Invoker.invokeTestMethod(Invoker.java:869)
	at org.testng.internal.Invoker.invokeTestMethods(Invoker.java:1193)
	at org.testng.internal.TestMethodWorker.invokeTestMethods(TestMethodWorker.java:126)
	at org.testng.internal.TestMethodWorker.run(TestMethodWorker.java:109)
	at java.util.concurrent.ThreadPoolExecutor.runWorker(Unknown Source)
	at java.util.concurrent.ThreadPoolExecutor$Worker.run(Unknown Source)
	at java.lang.Thread.run(Unknown Source)
]]>
    </error>
  </testcase> <!-- testMethod -->
  <testcase name="testMethod" time="125.488" classname="rerate.rerateTestNgSlow">
    <failure type="java.lang.AssertionError" message="Failed During Third Page">
      <![CDATA[java.lang.AssertionError: Failed During Third Page
	at org.testng.Assert.fail(Assert.java:93)
	at rerate.rerateTestNgSlow.thirdPage(rerateTestNgSlow.java:1584)
	at rerate.rerateTestNgSlow.doWork(rerateTestNgSlow.java:804)
	at rerate.rerateTestNgSlow.testMethod(rerateTestNgSlow.java:636)
	at sun.reflect.NativeMethodAccessorImpl.invoke0(Native Method)
	at sun.reflect.NativeMethodAccessorImpl.invoke(Unknown Source)
	at sun.reflect.DelegatingMethodAccessorImpl.invoke(Unknown Source)
	at java.lang.reflect.Method.invoke(Unknown Source)
	at org.testng.internal.MethodInvocationHelper.invokeMethod(MethodInvocationHelper.java:108)
	at org.testng.internal.Invoker.invokeMethod(Invoker.java:661)
	at org.testng.internal.Invoker.invokeTestMethod(Invoker.java:869)
	at org.testng.internal.Invoker.invokeTestMethods(Invoker.java:1193)
	at org.testng.internal.TestMethodWorker.invokeTestMethods(TestMethodWorker.java:126)
	at org.testng.internal.TestMethodWorker.run(TestMethodWorker.java:109)
	at java.util.concurrent.ThreadPoolExecutor.runWorker(Unknown Source)
	at java.util.concurrent.ThreadPoolExecutor$Worker.run(Unknown Source)
	at java.lang.Thread.run(Unknown Source)
]]>
    </failure>
  </testcase> <!-- testMethod -->
  <testcase name="testMethod" time="124.193" classname="rerate.rerateTestNgSlow">
    <failure type="java.lang.AssertionError" message="Failed During Third Page">
      <![CDATA[java.lang.AssertionError: Failed During Third Page
	at org.testng.Assert.fail(Assert.java:93)
	at rerate.rerateTestNgSlow.thirdPage(rerateTestNgSlow.java:1584)
	at rerate.rerateTestNgSlow.doWork(rerateTestNgSlow.java:804)
	at rerate.rerateTestNgSlow.testMethod(rerateTestNgSlow.java:636)
	at sun.reflect.GeneratedMethodAccessor3.invoke(Unknown Source)
	at sun.reflect.DelegatingMethodAccessorImpl.invoke(Unknown Source)
	at java.lang.reflect.Method.invoke(Unknown Source)
	at org.testng.internal.MethodInvocationHelper.invokeMethod(MethodInvocationHelper.java:108)
	at org.testng.internal.Invoker.invokeMethod(Invoker.java:661)
	at org.testng.internal.Invoker.invokeTestMethod(Invoker.java:869)
	at org.testng.internal.Invoker.invokeTestMethods(Invoker.java:1193)
	at org.testng.internal.TestMethodWorker.invokeTestMethods(TestMethodWorker.java:126)
	at org.testng.internal.TestMethodWorker.run(TestMethodWorker.java:109)
	at java.util.concurrent.ThreadPoolExecutor.runWorker(Unknown Source)
	at java.util.concurrent.ThreadPoolExecutor$Worker.run(Unknown Source)
	at java.lang.Thread.run(Unknown Source)
]]>
    </failure>
  </testcase> <!-- testMethod -->
  <testcase name="testMethod" time="130.095" classname="rerate.rerateTestNgSlow">
    <failure type="java.lang.AssertionError" message="Failed During Third Page">
      <![CDATA[java.lang.AssertionError: Failed During Third Page
	at org.testng.Assert.fail(Assert.java:93)
	at rerate.rerateTestNgSlow.thirdPage(rerateTestNgSlow.java:1584)
	at rerate.rerateTestNgSlow.doWork(rerateTestNgSlow.java:804)
	at rerate.rerateTestNgSlow.testMethod(rerateTestNgSlow.java:636)
	at sun.reflect.NativeMethodAccessorImpl.invoke0(Native Method)
	at sun.reflect.NativeMethodAccessorImpl.invoke(Unknown Source)
	at sun.reflect.DelegatingMethodAccessorImpl.invoke(Unknown Source)
	at java.lang.reflect.Method.invoke(Unknown Source)
	at org.testng.internal.MethodInvocationHelper.invokeMethod(MethodInvocationHelper.java:108)
	at org.testng.internal.Invoker.invokeMethod(Invoker.java:661)
	at org.testng.internal.Invoker.invokeTestMethod(Invoker.java:869)
	at org.testng.internal.Invoker.invokeTestMethods(Invoker.java:1193)
	at org.testng.internal.TestMethodWorker.invokeTestMethods(TestMethodWorker.java:126)
	at org.testng.internal.TestMethodWorker.run(TestMethodWorker.java:109)
	at java.util.concurrent.ThreadPoolExecutor.runWorker(Unknown Source)
	at java.util.concurrent.ThreadPoolExecutor$Worker.run(Unknown Source)
	at java.lang.Thread.run(Unknown Source)
]]>
    </failure>
  </testcase> <!-- testMethod -->
  <testcase name="testMethod" time="130.871" classname="rerate.rerateTestNgSlow">
    <failure type="java.lang.AssertionError" message="Failed During Third Page">
      <![CDATA[java.lang.AssertionError: Failed During Third Page
	at org.testng.Assert.fail(Assert.java:93)
	at rerate.rerateTestNgSlow.thirdPage(rerateTestNgSlow.java:1584)
	at rerate.rerateTestNgSlow.doWork(rerateTestNgSlow.java:804)
	at rerate.rerateTestNgSlow.testMethod(rerateTestNgSlow.java:636)
	at sun.reflect.NativeMethodAccessorImpl.invoke0(Native Method)
	at sun.reflect.NativeMethodAccessorImpl.invoke(Unknown Source)
	at sun.reflect.DelegatingMethodAccessorImpl.invoke(Unknown Source)
	at java.lang.reflect.Method.invoke(Unknown Source)
	at org.testng.internal.MethodInvocationHelper.invokeMethod(MethodInvocationHelper.java:108)
	at org.testng.internal.Invoker.invokeMethod(Invoker.java:661)
	at org.testng.internal.Invoker.invokeTestMethod(Invoker.java:869)
	at org.testng.internal.Invoker.invokeTestMethods(Invoker.java:1193)
	at org.testng.internal.TestMethodWorker.invokeTestMethods(TestMethodWorker.java:126)
	at org.testng.internal.TestMethodWorker.run(TestMethodWorker.java:109)
	at java.util.concurrent.ThreadPoolExecutor.runWorker(Unknown Source)
	at java.util.concurrent.ThreadPoolExecutor$Worker.run(Unknown Source)
	at java.lang.Thread.run(Unknown Source)
]]>
    </failure>
  </testcase> <!-- testMethod -->
  <testcase name="testMethod" time="131.339" classname="rerate.rerateTestNgSlow">
    <failure type="java.lang.AssertionError" message="Failed During Third Page">
      <![CDATA[java.lang.AssertionError: Failed During Third Page
	at org.testng.Assert.fail(Assert.java:93)
	at rerate.rerateTestNgSlow.thirdPage(rerateTestNgSlow.java:1584)
	at rerate.rerateTestNgSlow.doWork(rerateTestNgSlow.java:804)
	at rerate.rerateTestNgSlow.testMethod(rerateTestNgSlow.java:636)
	at sun.reflect.GeneratedMethodAccessor3.invoke(Unknown Source)
	at sun.reflect.DelegatingMethodAccessorImpl.invoke(Unknown Source)
	at java.lang.reflect.Method.invoke(Unknown Source)
	at org.testng.internal.MethodInvocationHelper.invokeMethod(MethodInvocationHelper.java:108)
	at org.testng.internal.Invoker.invokeMethod(Invoker.java:661)
	at org.testng.internal.Invoker.invokeTestMethod(Invoker.java:869)
	at org.testng.internal.Invoker.invokeTestMethods(Invoker.java:1193)
	at org.testng.internal.TestMethodWorker.invokeTestMethods(TestMethodWorker.java:126)
	at org.testng.internal.TestMethodWorker.run(TestMethodWorker.java:109)
	at java.util.concurrent.ThreadPoolExecutor.runWorker(Unknown Source)
	at java.util.concurrent.ThreadPoolExecutor$Worker.run(Unknown Source)
	at java.lang.Thread.run(Unknown Source)
]]>
    </failure>
  </testcase> <!-- testMethod -->
  <testcase name="testMethod" time="136.732" classname="rerate.rerateTestNgSlow">
    <failure type="java.lang.AssertionError" message="Failed During Third Page">
      <![CDATA[java.lang.AssertionError: Failed During Third Page
	at org.testng.Assert.fail(Assert.java:93)
	at rerate.rerateTestNgSlow.thirdPage(rerateTestNgSlow.java:1584)
	at rerate.rerateTestNgSlow.doWork(rerateTestNgSlow.java:804)
	at rerate.rerateTestNgSlow.testMethod(rerateTestNgSlow.java:636)
	at sun.reflect.GeneratedMethodAccessor3.invoke(Unknown Source)
	at sun.reflect.DelegatingMethodAccessorImpl.invoke(Unknown Source)
	at java.lang.reflect.Method.invoke(Unknown Source)
	at org.testng.internal.MethodInvocationHelper.invokeMethod(MethodInvocationHelper.java:108)
	at org.testng.internal.Invoker.invokeMethod(Invoker.java:661)
	at org.testng.internal.Invoker.invokeTestMethod(Invoker.java:869)
	at org.testng.internal.Invoker.invokeTestMethods(Invoker.java:1193)
	at org.testng.internal.TestMethodWorker.invokeTestMethods(TestMethodWorker.java:126)
	at org.testng.internal.TestMethodWorker.run(TestMethodWorker.java:109)
	at java.util.concurrent.ThreadPoolExecutor.runWorker(Unknown Source)
	at java.util.concurrent.ThreadPoolExecutor$Worker.run(Unknown Source)
	at java.lang.Thread.run(Unknown Source)
]]>
    </failure>
  </testcase> <!-- testMethod -->
  <testcase name="testMethod" time="125.724" classname="rerate.rerateTestNgSlow">
    <failure type="java.lang.AssertionError" message="Failed During Third Page">
      <![CDATA[java.lang.AssertionError: Failed During Third Page
	at org.testng.Assert.fail(Assert.java:93)
	at rerate.rerateTestNgSlow.thirdPage(rerateTestNgSlow.java:1584)
	at rerate.rerateTestNgSlow.doWork(rerateTestNgSlow.java:804)
	at rerate.rerateTestNgSlow.testMethod(rerateTestNgSlow.java:636)
	at sun.reflect.NativeMethodAccessorImpl.invoke0(Native Method)
	at sun.reflect.NativeMethodAccessorImpl.invoke(Unknown Source)
	at sun.reflect.DelegatingMethodAccessorImpl.invoke(Unknown Source)
	at java.lang.reflect.Method.invoke(Unknown Source)
	at org.testng.internal.MethodInvocationHelper.invokeMethod(MethodInvocationHelper.java:108)
	at org.testng.internal.Invoker.invokeMethod(Invoker.java:661)
	at org.testng.internal.Invoker.invokeTestMethod(Invoker.java:869)
	at org.testng.internal.Invoker.invokeTestMethods(Invoker.java:1193)
	at org.testng.internal.TestMethodWorker.invokeTestMethods(TestMethodWorker.java:126)
	at org.testng.internal.TestMethodWorker.run(TestMethodWorker.java:109)
	at java.util.concurrent.ThreadPoolExecutor.runWorker(Unknown Source)
	at java.util.concurrent.ThreadPoolExecutor$Worker.run(Unknown Source)
	at java.lang.Thread.run(Unknown Source)
]]>
    </failure>
  </testcase> <!-- testMethod -->
  <testcase name="testMethod" time="128.582" classname="rerate.rerateTestNgSlow">
    <failure type="java.lang.AssertionError" message="Failed During Third Page">
      <![CDATA[java.lang.AssertionError: Failed During Third Page
	at org.testng.Assert.fail(Assert.java:93)
	at rerate.rerateTestNgSlow.thirdPage(rerateTestNgSlow.java:1584)
	at rerate.rerateTestNgSlow.doWork(rerateTestNgSlow.java:804)
	at rerate.rerateTestNgSlow.testMethod(rerateTestNgSlow.java:636)
	at sun.reflect.NativeMethodAccessorImpl.invoke0(Native Method)
	at sun.reflect.NativeMethodAccessorImpl.invoke(Unknown Source)
	at sun.reflect.DelegatingMethodAccessorImpl.invoke(Unknown Source)
	at java.lang.reflect.Method.invoke(Unknown Source)
	at org.testng.internal.MethodInvocationHelper.invokeMethod(MethodInvocationHelper.java:108)
	at org.testng.internal.Invoker.invokeMethod(Invoker.java:661)
	at org.testng.internal.Invoker.invokeTestMethod(Invoker.java:869)
	at org.testng.internal.Invoker.invokeTestMethods(Invoker.java:1193)
	at org.testng.internal.TestMethodWorker.invokeTestMethods(TestMethodWorker.java:126)
	at org.testng.internal.TestMethodWorker.run(TestMethodWorker.java:109)
	at java.util.concurrent.ThreadPoolExecutor.runWorker(Unknown Source)
	at java.util.concurrent.ThreadPoolExecutor$Worker.run(Unknown Source)
	at java.lang.Thread.run(Unknown Source)
]]>
    </failure>
  </testcase> <!-- testMethod -->
  <testcase name="testMethod" time="132.605" classname="rerate.rerateTestNgSlow">
    <failure type="java.lang.AssertionError" message="Failed During Third Page">
      <![CDATA[java.lang.AssertionError: Failed During Third Page
	at org.testng.Assert.fail(Assert.java:93)
	at rerate.rerateTestNgSlow.thirdPage(rerateTestNgSlow.java:1584)
	at rerate.rerateTestNgSlow.doWork(rerateTestNgSlow.java:804)
	at rerate.rerateTestNgSlow.testMethod(rerateTestNgSlow.java:636)
	at sun.reflect.NativeMethodAccessorImpl.invoke0(Native Method)
	at sun.reflect.NativeMethodAccessorImpl.invoke(Unknown Source)
	at sun.reflect.DelegatingMethodAccessorImpl.invoke(Unknown Source)
	at java.lang.reflect.Method.invoke(Unknown Source)
	at org.testng.internal.MethodInvocationHelper.invokeMethod(MethodInvocationHelper.java:108)
	at org.testng.internal.Invoker.invokeMethod(Invoker.java:661)
	at org.testng.internal.Invoker.invokeTestMethod(Invoker.java:869)
	at org.testng.internal.Invoker.invokeTestMethods(Invoker.java:1193)
	at org.testng.internal.TestMethodWorker.invokeTestMethods(TestMethodWorker.java:126)
	at org.testng.internal.TestMethodWorker.run(TestMethodWorker.java:109)
	at java.util.concurrent.ThreadPoolExecutor.runWorker(Unknown Source)
	at java.util.concurrent.ThreadPoolExecutor$Worker.run(Unknown Source)
	at java.lang.Thread.run(Unknown Source)
]]>
    </failure>
  </testcase> <!-- testMethod -->
  <testcase name="testMethod" time="128.506" classname="rerate.rerateTestNgSlow">
    <failure type="java.lang.AssertionError" message="Failed During Third Page">
      <![CDATA[java.lang.AssertionError: Failed During Third Page
	at org.testng.Assert.fail(Assert.java:93)
	at rerate.rerateTestNgSlow.thirdPage(rerateTestNgSlow.java:1584)
	at rerate.rerateTestNgSlow.doWork(rerateTestNgSlow.java:804)
	at rerate.rerateTestNgSlow.testMethod(rerateTestNgSlow.java:636)
	at sun.reflect.GeneratedMethodAccessor3.invoke(Unknown Source)
	at sun.reflect.DelegatingMethodAccessorImpl.invoke(Unknown Source)
	at java.lang.reflect.Method.invoke(Unknown Source)
	at org.testng.internal.MethodInvocationHelper.invokeMethod(MethodInvocationHelper.java:108)
	at org.testng.internal.Invoker.invokeMethod(Invoker.java:661)
	at org.testng.internal.Invoker.invokeTestMethod(Invoker.java:869)
	at org.testng.internal.Invoker.invokeTestMethods(Invoker.java:1193)
	at org.testng.internal.TestMethodWorker.invokeTestMethods(TestMethodWorker.java:126)
	at org.testng.internal.TestMethodWorker.run(TestMethodWorker.java:109)
	at java.util.concurrent.ThreadPoolExecutor.runWorker(Unknown Source)
	at java.util.concurrent.ThreadPoolExecutor$Worker.run(Unknown Source)
	at java.lang.Thread.run(Unknown Source)
]]>
    </failure>
  </testcase> <!-- testMethod -->
  <testcase name="testMethod" time="126.644" classname="rerate.rerateTestNgSlow">
    <failure type="java.lang.AssertionError" message="Failed During Third Page">
      <![CDATA[java.lang.AssertionError: Failed During Third Page
	at org.testng.Assert.fail(Assert.java:93)
	at rerate.rerateTestNgSlow.thirdPage(rerateTestNgSlow.java:1584)
	at rerate.rerateTestNgSlow.doWork(rerateTestNgSlow.java:804)
	at rerate.rerateTestNgSlow.testMethod(rerateTestNgSlow.java:636)
	at sun.reflect.GeneratedMethodAccessor3.invoke(Unknown Source)
	at sun.reflect.DelegatingMethodAccessorImpl.invoke(Unknown Source)
	at java.lang.reflect.Method.invoke(Unknown Source)
	at org.testng.internal.MethodInvocationHelper.invokeMethod(MethodInvocationHelper.java:108)
	at org.testng.internal.Invoker.invokeMethod(Invoker.java:661)
	at org.testng.internal.Invoker.invokeTestMethod(Invoker.java:869)
	at org.testng.internal.Invoker.invokeTestMethods(Invoker.java:1193)
	at org.testng.internal.TestMethodWorker.invokeTestMethods(TestMethodWorker.java:126)
	at org.testng.internal.TestMethodWorker.run(TestMethodWorker.java:109)
	at java.util.concurrent.ThreadPoolExecutor.runWorker(Unknown Source)
	at java.util.concurrent.ThreadPoolExecutor$Worker.run(Unknown Source)
	at java.lang.Thread.run(Unknown Source)
]]>
    </failure>
  </testcase> <!-- testMethod -->
  <testcase name="testMethod" time="134.699" classname="rerate.rerateTestNgSlow">
    <failure type="java.lang.AssertionError" message="Failed During Third Page">
      <![CDATA[java.lang.AssertionError: Failed During Third Page
	at org.testng.Assert.fail(Assert.java:93)
	at rerate.rerateTestNgSlow.thirdPage(rerateTestNgSlow.java:1584)
	at rerate.rerateTestNgSlow.doWork(rerateTestNgSlow.java:804)
	at rerate.rerateTestNgSlow.testMethod(rerateTestNgSlow.java:636)
	at sun.reflect.GeneratedMethodAccessor3.invoke(Unknown Source)
	at sun.reflect.DelegatingMethodAccessorImpl.invoke(Unknown Source)
	at java.lang.reflect.Method.invoke(Unknown Source)
	at org.testng.internal.MethodInvocationHelper.invokeMethod(MethodInvocationHelper.java:108)
	at org.testng.internal.Invoker.invokeMethod(Invoker.java:661)
	at org.testng.internal.Invoker.invokeTestMethod(Invoker.java:869)
	at org.testng.internal.Invoker.invokeTestMethods(Invoker.java:1193)
	at org.testng.internal.TestMethodWorker.invokeTestMethods(TestMethodWorker.java:126)
	at org.testng.internal.TestMethodWorker.run(TestMethodWorker.java:109)
	at java.util.concurrent.ThreadPoolExecutor.runWorker(Unknown Source)
	at java.util.concurrent.ThreadPoolExecutor$Worker.run(Unknown Source)
	at java.lang.Thread.run(Unknown Source)
]]>
    </failure>
  </testcase> <!-- testMethod -->
  <testcase name="testMethod" time="125.366" classname="rerate.rerateTestNgSlow">
    <failure type="java.lang.AssertionError" message="Failed During Third Page">
      <![CDATA[java.lang.AssertionError: Failed During Third Page
	at org.testng.Assert.fail(Assert.java:93)
	at rerate.rerateTestNgSlow.thirdPage(rerateTestNgSlow.java:1584)
	at rerate.rerateTestNgSlow.doWork(rerateTestNgSlow.java:804)
	at rerate.rerateTestNgSlow.testMethod(rerateTestNgSlow.java:636)
	at sun.reflect.NativeMethodAccessorImpl.invoke0(Native Method)
	at sun.reflect.NativeMethodAccessorImpl.invoke(Unknown Source)
	at sun.reflect.DelegatingMethodAccessorImpl.invoke(Unknown Source)
	at java.lang.reflect.Method.invoke(Unknown Source)
	at org.testng.internal.MethodInvocationHelper.invokeMethod(MethodInvocationHelper.java:108)
	at org.testng.internal.Invoker.invokeMethod(Invoker.java:661)
	at org.testng.internal.Invoker.invokeTestMethod(Invoker.java:869)
	at org.testng.internal.Invoker.invokeTestMethods(Invoker.java:1193)
	at org.testng.internal.TestMethodWorker.invokeTestMethods(TestMethodWorker.java:126)
	at org.testng.internal.TestMethodWorker.run(TestMethodWorker.java:109)
	at java.util.concurrent.ThreadPoolExecutor.runWorker(Unknown Source)
	at java.util.concurrent.ThreadPoolExecutor$Worker.run(Unknown Source)
	at java.lang.Thread.run(Unknown Source)
]]>
    </failure>
  </testcase> <!-- testMethod -->
  <testcase name="testMethod" time="129.132" classname="rerate.rerateTestNgSlow">
    <failure type="java.lang.AssertionError" message="Failed During Third Page">
      <![CDATA[java.lang.AssertionError: Failed During Third Page
	at org.testng.Assert.fail(Assert.java:93)
	at rerate.rerateTestNgSlow.thirdPage(rerateTestNgSlow.java:1584)
	at rerate.rerateTestNgSlow.doWork(rerateTestNgSlow.java:804)
	at rerate.rerateTestNgSlow.testMethod(rerateTestNgSlow.java:636)
	at sun.reflect.NativeMethodAccessorImpl.invoke0(Native Method)
	at sun.reflect.NativeMethodAccessorImpl.invoke(Unknown Source)
	at sun.reflect.DelegatingMethodAccessorImpl.invoke(Unknown Source)
	at java.lang.reflect.Method.invoke(Unknown Source)
	at org.testng.internal.MethodInvocationHelper.invokeMethod(MethodInvocationHelper.java:108)
	at org.testng.internal.Invoker.invokeMethod(Invoker.java:661)
	at org.testng.internal.Invoker.invokeTestMethod(Invoker.java:869)
	at org.testng.internal.Invoker.invokeTestMethods(Invoker.java:1193)
	at org.testng.internal.TestMethodWorker.invokeTestMethods(TestMethodWorker.java:126)
	at org.testng.internal.TestMethodWorker.run(TestMethodWorker.java:109)
	at java.util.concurrent.ThreadPoolExecutor.runWorker(Unknown Source)
	at java.util.concurrent.ThreadPoolExecutor$Worker.run(Unknown Source)
	at java.lang.Thread.run(Unknown Source)
]]>
    </failure>
  </testcase> <!-- testMethod -->
  <testcase name="testMethod" time="124.974" classname="rerate.rerateTestNgSlow">
    <failure type="java.lang.AssertionError" message="Failed During Third Page">
      <![CDATA[java.lang.AssertionError: Failed During Third Page
	at org.testng.Assert.fail(Assert.java:93)
	at rerate.rerateTestNgSlow.thirdPage(rerateTestNgSlow.java:1584)
	at rerate.rerateTestNgSlow.doWork(rerateTestNgSlow.java:804)
	at rerate.rerateTestNgSlow.testMethod(rerateTestNgSlow.java:636)
	at sun.reflect.NativeMethodAccessorImpl.invoke0(Native Method)
	at sun.reflect.NativeMethodAccessorImpl.invoke(Unknown Source)
	at sun.reflect.DelegatingMethodAccessorImpl.invoke(Unknown Source)
	at java.lang.reflect.Method.invoke(Unknown Source)
	at org.testng.internal.MethodInvocationHelper.invokeMethod(MethodInvocationHelper.java:108)
	at org.testng.internal.Invoker.invokeMethod(Invoker.java:661)
	at org.testng.internal.Invoker.invokeTestMethod(Invoker.java:869)
	at org.testng.internal.Invoker.invokeTestMethods(Invoker.java:1193)
	at org.testng.internal.TestMethodWorker.invokeTestMethods(TestMethodWorker.java:126)
	at org.testng.internal.TestMethodWorker.run(TestMethodWorker.java:109)
	at java.util.concurrent.ThreadPoolExecutor.runWorker(Unknown Source)
	at java.util.concurrent.ThreadPoolExecutor$Worker.run(Unknown Source)
	at java.lang.Thread.run(Unknown Source)
]]>
    </failure>
  </testcase> <!-- testMethod -->
  <testcase name="testMethod2" time="0.000" classname="rerate.rerateTestNgSlow">
    <error type="org.testng.TestNGException" message="
Data Provider public synchronized java.lang.Object[][] rerate.rerateTestNgSlow.dataProviderMethod2() must return either Object[][] or Iterator&lt;Object&gt;[], not class [[Ljava.lang.Object;">
      <![CDATA[org.testng.TestNGException: 
Data Provider public synchronized java.lang.Object[][] rerate.rerateTestNgSlow.dataProviderMethod2() must return either Object[][] or Iterator<Object>[], not class [[Ljava.lang.Object;
	at org.testng.internal.MethodInvocationHelper.invokeDataProvider(MethodInvocationHelper.java:137)
	at org.testng.internal.Parameters.handleParameters(Parameters.java:509)
	at org.testng.internal.Invoker.handleParameters(Invoker.java:1308)
	at org.testng.internal.Invoker.createParameters(Invoker.java:1036)
	at org.testng.internal.Invoker.invokeTestMethods(Invoker.java:1126)
	at org.testng.internal.TestMethodWorker.invokeTestMethods(TestMethodWorker.java:126)
	at org.testng.internal.TestMethodWorker.run(TestMethodWorker.java:109)
	at java.util.concurrent.ThreadPoolExecutor.runWorker(Unknown Source)
	at java.util.concurrent.ThreadPoolExecutor$Worker.run(Unknown Source)
	at java.lang.Thread.run(Unknown Source)
]]>
    </error>
  </testcase> <!-- testMethod2 -->
  <testcase name="testMethod" time="130.076" classname="rerate.rerateTestNgSlow">
    <failure type="java.lang.AssertionError" message="Failed During Third Page">
      <![CDATA[java.lang.AssertionError: Failed During Third Page
	at org.testng.Assert.fail(Assert.java:93)
	at rerate.rerateTestNgSlow.thirdPage(rerateTestNgSlow.java:1584)
	at rerate.rerateTestNgSlow.doWork(rerateTestNgSlow.java:804)
	at rerate.rerateTestNgSlow.testMethod(rerateTestNgSlow.java:636)
	at sun.reflect.GeneratedMethodAccessor3.invoke(Unknown Source)
	at sun.reflect.DelegatingMethodAccessorImpl.invoke(Unknown Source)
	at java.lang.reflect.Method.invoke(Unknown Source)
	at org.testng.internal.MethodInvocationHelper.invokeMethod(MethodInvocationHelper.java:108)
	at org.testng.internal.Invoker.invokeMethod(Invoker.java:661)
	at org.testng.internal.Invoker.invokeTestMethod(Invoker.java:869)
	at org.testng.internal.Invoker.invokeTestMethods(Invoker.java:1193)
	at org.testng.internal.TestMethodWorker.invokeTestMethods(TestMethodWorker.java:126)
	at org.testng.internal.TestMethodWorker.run(TestMethodWorker.java:109)
	at java.util.concurrent.ThreadPoolExecutor.runWorker(Unknown Source)
	at java.util.concurrent.ThreadPoolExecutor$Worker.run(Unknown Source)
	at java.lang.Thread.run(Unknown Source)
]]>
    </failure>
  </testcase> <!-- testMethod -->
  <testcase name="testMethod" time="36.393" classname="rerate.rerateTestNgSlow">
    <error type="org.openqa.selenium.NoSuchSessionException" message="Session ID is null. Using WebDriver after calling quit()?
Build info: version: &#039;3.141.59&#039;, revision: &#039;e82be7d358&#039;, time: &#039;2018-11-14T08:25:48&#039;
System info: host: &#039;SQA-CRS-021&#039;, ip: &#039;10.255.251.244&#039;, os.name: &#039;Windows 7&#039;, os.arch: &#039;x86&#039;, os.version: &#039;6.1&#039;, java.version: &#039;1.8.0_212&#039;
Driver info: driver.version: RemoteWebDriver">
      <![CDATA[org.openqa.selenium.NoSuchSessionException: Session ID is null. Using WebDriver after calling quit()?
Build info: version: '3.141.59', revision: 'e82be7d358', time: '2018-11-14T08:25:48'
System info: host: 'SQA-CRS-021', ip: '10.255.251.244', os.name: 'Windows 7', os.arch: 'x86', os.version: '6.1', java.version: '1.8.0_212'
Driver info: driver.version: RemoteWebDriver
	at org.openqa.selenium.remote.HttpCommandExecutor.execute(HttpCommandExecutor.java:125)
	at org.openqa.selenium.remote.service.DriverCommandExecutor.execute(DriverCommandExecutor.java:83)
	at org.openqa.selenium.remote.RemoteWebDriver.execute(RemoteWebDriver.java:552)
	at org.openqa.selenium.remote.RemoteWebDriver.execute(RemoteWebDriver.java:609)
	at org.openqa.selenium.remote.RemoteWebDriver.close(RemoteWebDriver.java:442)
	at rerate.rerateTestNgSlow.firstPage(rerateTestNgSlow.java:1075)
	at rerate.rerateTestNgSlow.doWork(rerateTestNgSlow.java:802)
	at rerate.rerateTestNgSlow.testMethod(rerateTestNgSlow.java:636)
	at sun.reflect.GeneratedMethodAccessor3.invoke(Unknown Source)
	at sun.reflect.DelegatingMethodAccessorImpl.invoke(Unknown Source)
	at java.lang.reflect.Method.invoke(Unknown Source)
	at org.testng.internal.MethodInvocationHelper.invokeMethod(MethodInvocationHelper.java:108)
	at org.testng.internal.Invoker.invokeMethod(Invoker.java:661)
	at org.testng.internal.Invoker.invokeTestMethod(Invoker.java:869)
	at org.testng.internal.Invoker.invokeTestMethods(Invoker.java:1193)
	at org.testng.internal.TestMethodWorker.invokeTestMethods(TestMethodWorker.java:126)
	at org.testng.internal.TestMethodWorker.run(TestMethodWorker.java:109)
	at java.util.concurrent.ThreadPoolExecutor.runWorker(Unknown Source)
	at java.util.concurrent.ThreadPoolExecutor$Worker.run(Unknown Source)
	at java.lang.Thread.run(Unknown Source)
]]>
    </error>
  </testcase> <!-- testMethod -->
  <testcase name="testMethod" time="124.855" classname="rerate.rerateTestNgSlow">
    <failure type="java.lang.AssertionError" message="Failed During Third Page">
      <![CDATA[java.lang.AssertionError: Failed During Third Page
	at org.testng.Assert.fail(Assert.java:93)
	at rerate.rerateTestNgSlow.thirdPage(rerateTestNgSlow.java:1584)
	at rerate.rerateTestNgSlow.doWork(rerateTestNgSlow.java:804)
	at rerate.rerateTestNgSlow.testMethod(rerateTestNgSlow.java:636)
	at sun.reflect.GeneratedMethodAccessor3.invoke(Unknown Source)
	at sun.reflect.DelegatingMethodAccessorImpl.invoke(Unknown Source)
	at java.lang.reflect.Method.invoke(Unknown Source)
	at org.testng.internal.MethodInvocationHelper.invokeMethod(MethodInvocationHelper.java:108)
	at org.testng.internal.Invoker.invokeMethod(Invoker.java:661)
	at org.testng.internal.Invoker.invokeTestMethod(Invoker.java:869)
	at org.testng.internal.Invoker.invokeTestMethods(Invoker.java:1193)
	at org.testng.internal.TestMethodWorker.invokeTestMethods(TestMethodWorker.java:126)
	at org.testng.internal.TestMethodWorker.run(TestMethodWorker.java:109)
	at java.util.concurrent.ThreadPoolExecutor.runWorker(Unknown Source)
	at java.util.concurrent.ThreadPoolExecutor$Worker.run(Unknown Source)
	at java.lang.Thread.run(Unknown Source)
]]>
    </failure>
  </testcase> <!-- testMethod -->
  <testcase name="testMethod" time="134.972" classname="rerate.rerateTestNgSlow">
    <failure type="java.lang.AssertionError" message="Failed During Third Page">
      <![CDATA[java.lang.AssertionError: Failed During Third Page
	at org.testng.Assert.fail(Assert.java:93)
	at rerate.rerateTestNgSlow.thirdPage(rerateTestNgSlow.java:1584)
	at rerate.rerateTestNgSlow.doWork(rerateTestNgSlow.java:804)
	at rerate.rerateTestNgSlow.testMethod(rerateTestNgSlow.java:636)
	at sun.reflect.GeneratedMethodAccessor3.invoke(Unknown Source)
	at sun.reflect.DelegatingMethodAccessorImpl.invoke(Unknown Source)
	at java.lang.reflect.Method.invoke(Unknown Source)
	at org.testng.internal.MethodInvocationHelper.invokeMethod(MethodInvocationHelper.java:108)
	at org.testng.internal.Invoker.invokeMethod(Invoker.java:661)
	at org.testng.internal.Invoker.invokeTestMethod(Invoker.java:869)
	at org.testng.internal.Invoker.invokeTestMethods(Invoker.java:1193)
	at org.testng.internal.TestMethodWorker.invokeTestMethods(TestMethodWorker.java:126)
	at org.testng.internal.TestMethodWorker.run(TestMethodWorker.java:109)
	at java.util.concurrent.ThreadPoolExecutor.runWorker(Unknown Source)
	at java.util.concurrent.ThreadPoolExecutor$Worker.run(Unknown Source)
	at java.lang.Thread.run(Unknown Source)
]]>
    </failure>
  </testcase> <!-- testMethod -->
  <testcase name="testMethod" time="130.816" classname="rerate.rerateTestNgSlow">
    <failure type="java.lang.AssertionError" message="Failed During Third Page">
      <![CDATA[java.lang.AssertionError: Failed During Third Page
	at org.testng.Assert.fail(Assert.java:93)
	at rerate.rerateTestNgSlow.thirdPage(rerateTestNgSlow.java:1584)
	at rerate.rerateTestNgSlow.doWork(rerateTestNgSlow.java:804)
	at rerate.rerateTestNgSlow.testMethod(rerateTestNgSlow.java:636)
	at sun.reflect.NativeMethodAccessorImpl.invoke0(Native Method)
	at sun.reflect.NativeMethodAccessorImpl.invoke(Unknown Source)
	at sun.reflect.DelegatingMethodAccessorImpl.invoke(Unknown Source)
	at java.lang.reflect.Method.invoke(Unknown Source)
	at org.testng.internal.MethodInvocationHelper.invokeMethod(MethodInvocationHelper.java:108)
	at org.testng.internal.Invoker.invokeMethod(Invoker.java:661)
	at org.testng.internal.Invoker.invokeTestMethod(Invoker.java:869)
	at org.testng.internal.Invoker.invokeTestMethods(Invoker.java:1193)
	at org.testng.internal.TestMethodWorker.invokeTestMethods(TestMethodWorker.java:126)
	at org.testng.internal.TestMethodWorker.run(TestMethodWorker.java:109)
	at java.util.concurrent.ThreadPoolExecutor.runWorker(Unknown Source)
	at java.util.concurrent.ThreadPoolExecutor$Worker.run(Unknown Source)
	at java.lang.Thread.run(Unknown Source)
]]>
    </failure>
  </testcase> <!-- testMethod -->
  <testcase name="testMethod" time="127.910" classname="rerate.rerateTestNgSlow">
    <failure type="java.lang.AssertionError" message="Failed During Third Page">
      <![CDATA[java.lang.AssertionError: Failed During Third Page
	at org.testng.Assert.fail(Assert.java:93)
	at rerate.rerateTestNgSlow.thirdPage(rerateTestNgSlow.java:1584)
	at rerate.rerateTestNgSlow.doWork(rerateTestNgSlow.java:804)
	at rerate.rerateTestNgSlow.testMethod(rerateTestNgSlow.java:636)
	at sun.reflect.NativeMethodAccessorImpl.invoke0(Native Method)
	at sun.reflect.NativeMethodAccessorImpl.invoke(Unknown Source)
	at sun.reflect.DelegatingMethodAccessorImpl.invoke(Unknown Source)
	at java.lang.reflect.Method.invoke(Unknown Source)
	at org.testng.internal.MethodInvocationHelper.invokeMethod(MethodInvocationHelper.java:108)
	at org.testng.internal.Invoker.invokeMethod(Invoker.java:661)
	at org.testng.internal.Invoker.invokeTestMethod(Invoker.java:869)
	at org.testng.internal.Invoker.invokeTestMethods(Invoker.java:1193)
	at org.testng.internal.TestMethodWorker.invokeTestMethods(TestMethodWorker.java:126)
	at org.testng.internal.TestMethodWorker.run(TestMethodWorker.java:109)
	at java.util.concurrent.ThreadPoolExecutor.runWorker(Unknown Source)
	at java.util.concurrent.ThreadPoolExecutor$Worker.run(Unknown Source)
	at java.lang.Thread.run(Unknown Source)
]]>
    </failure>
  </testcase> <!-- testMethod -->
  <testcase name="testMethod3" time="0.000" classname="rerate.rerateTestNgSlow">
    <error type="org.testng.TestNGException" message="
Data Provider public synchronized java.lang.Object[][] rerate.rerateTestNgSlow.dataProviderMethod3() must return either Object[][] or Iterator&lt;Object&gt;[], not class [[Ljava.lang.Object;">
      <![CDATA[org.testng.TestNGException: 
Data Provider public synchronized java.lang.Object[][] rerate.rerateTestNgSlow.dataProviderMethod3() must return either Object[][] or Iterator<Object>[], not class [[Ljava.lang.Object;
	at org.testng.internal.MethodInvocationHelper.invokeDataProvider(MethodInvocationHelper.java:137)
	at org.testng.internal.Parameters.handleParameters(Parameters.java:509)
	at org.testng.internal.Invoker.handleParameters(Invoker.java:1308)
	at org.testng.internal.Invoker.createParameters(Invoker.java:1036)
	at org.testng.internal.Invoker.invokeTestMethods(Invoker.java:1126)
	at org.testng.internal.TestMethodWorker.invokeTestMethods(TestMethodWorker.java:126)
	at org.testng.internal.TestMethodWorker.run(TestMethodWorker.java:109)
	at java.util.concurrent.ThreadPoolExecutor.runWorker(Unknown Source)
	at java.util.concurrent.ThreadPoolExecutor$Worker.run(Unknown Source)
	at java.lang.Thread.run(Unknown Source)
]]>
    </error>
  </testcase> <!-- testMethod3 -->
  <testcase name="testMethod" time="127.257" classname="rerate.rerateTestNgSlow">
    <failure type="java.lang.AssertionError" message="Failed During Third Page">
      <![CDATA[java.lang.AssertionError: Failed During Third Page
	at org.testng.Assert.fail(Assert.java:93)
	at rerate.rerateTestNgSlow.thirdPage(rerateTestNgSlow.java:1584)
	at rerate.rerateTestNgSlow.doWork(rerateTestNgSlow.java:804)
	at rerate.rerateTestNgSlow.testMethod(rerateTestNgSlow.java:636)
	at sun.reflect.GeneratedMethodAccessor3.invoke(Unknown Source)
	at sun.reflect.DelegatingMethodAccessorImpl.invoke(Unknown Source)
	at java.lang.reflect.Method.invoke(Unknown Source)
	at org.testng.internal.MethodInvocationHelper.invokeMethod(MethodInvocationHelper.java:108)
	at org.testng.internal.Invoker.invokeMethod(Invoker.java:661)
	at org.testng.internal.Invoker.invokeTestMethod(Invoker.java:869)
	at org.testng.internal.Invoker.invokeTestMethods(Invoker.java:1193)
	at org.testng.internal.TestMethodWorker.invokeTestMethods(TestMethodWorker.java:126)
	at org.testng.internal.TestMethodWorker.run(TestMethodWorker.java:109)
	at java.util.concurrent.ThreadPoolExecutor.runWorker(Unknown Source)
	at java.util.concurrent.ThreadPoolExecutor$Worker.run(Unknown Source)
	at java.lang.Thread.run(Unknown Source)
]]>
    </failure>
  </testcase> <!-- testMethod -->
  <testcase name="testMethod" time="129.926" classname="rerate.rerateTestNgSlow">
    <failure type="java.lang.AssertionError" message="Failed During Third Page">
      <![CDATA[java.lang.AssertionError: Failed During Third Page
	at org.testng.Assert.fail(Assert.java:93)
	at rerate.rerateTestNgSlow.thirdPage(rerateTestNgSlow.java:1584)
	at rerate.rerateTestNgSlow.doWork(rerateTestNgSlow.java:804)
	at rerate.rerateTestNgSlow.testMethod(rerateTestNgSlow.java:636)
	at sun.reflect.GeneratedMethodAccessor3.invoke(Unknown Source)
	at sun.reflect.DelegatingMethodAccessorImpl.invoke(Unknown Source)
	at java.lang.reflect.Method.invoke(Unknown Source)
	at org.testng.internal.MethodInvocationHelper.invokeMethod(MethodInvocationHelper.java:108)
	at org.testng.internal.Invoker.invokeMethod(Invoker.java:661)
	at org.testng.internal.Invoker.invokeTestMethod(Invoker.java:869)
	at org.testng.internal.Invoker.invokeTestMethods(Invoker.java:1193)
	at org.testng.internal.TestMethodWorker.invokeTestMethods(TestMethodWorker.java:126)
	at org.testng.internal.TestMethodWorker.run(TestMethodWorker.java:109)
	at java.util.concurrent.ThreadPoolExecutor.runWorker(Unknown Source)
	at java.util.concurrent.ThreadPoolExecutor$Worker.run(Unknown Source)
	at java.lang.Thread.run(Unknown Source)
]]>
    </failure>
  </testcase> <!-- testMethod -->
  <testcase name="testMethod" time="126.789" classname="rerate.rerateTestNgSlow">
    <failure type="java.lang.AssertionError" message="Failed During Third Page">
      <![CDATA[java.lang.AssertionError: Failed During Third Page
	at org.testng.Assert.fail(Assert.java:93)
	at rerate.rerateTestNgSlow.thirdPage(rerateTestNgSlow.java:1584)
	at rerate.rerateTestNgSlow.doWork(rerateTestNgSlow.java:804)
	at rerate.rerateTestNgSlow.testMethod(rerateTestNgSlow.java:636)
	at sun.reflect.GeneratedMethodAccessor3.invoke(Unknown Source)
	at sun.reflect.DelegatingMethodAccessorImpl.invoke(Unknown Source)
	at java.lang.reflect.Method.invoke(Unknown Source)
	at org.testng.internal.MethodInvocationHelper.invokeMethod(MethodInvocationHelper.java:108)
	at org.testng.internal.Invoker.invokeMethod(Invoker.java:661)
	at org.testng.internal.Invoker.invokeTestMethod(Invoker.java:869)
	at org.testng.internal.Invoker.invokeTestMethods(Invoker.java:1193)
	at org.testng.internal.TestMethodWorker.invokeTestMethods(TestMethodWorker.java:126)
	at org.testng.internal.TestMethodWorker.run(TestMethodWorker.java:109)
	at java.util.concurrent.ThreadPoolExecutor.runWorker(Unknown Source)
	at java.util.concurrent.ThreadPoolExecutor$Worker.run(Unknown Source)
	at java.lang.Thread.run(Unknown Source)
]]>
    </failure>
  </testcase> <!-- testMethod -->
  <testcase name="testMethod" time="126.324" classname="rerate.rerateTestNgSlow">
    <failure type="java.lang.AssertionError" message="Failed During Third Page">
      <![CDATA[java.lang.AssertionError: Failed During Third Page
	at org.testng.Assert.fail(Assert.java:93)
	at rerate.rerateTestNgSlow.thirdPage(rerateTestNgSlow.java:1584)
	at rerate.rerateTestNgSlow.doWork(rerateTestNgSlow.java:804)
	at rerate.rerateTestNgSlow.testMethod(rerateTestNgSlow.java:636)
	at sun.reflect.NativeMethodAccessorImpl.invoke0(Native Method)
	at sun.reflect.NativeMethodAccessorImpl.invoke(Unknown Source)
	at sun.reflect.DelegatingMethodAccessorImpl.invoke(Unknown Source)
	at java.lang.reflect.Method.invoke(Unknown Source)
	at org.testng.internal.MethodInvocationHelper.invokeMethod(MethodInvocationHelper.java:108)
	at org.testng.internal.Invoker.invokeMethod(Invoker.java:661)
	at org.testng.internal.Invoker.invokeTestMethod(Invoker.java:869)
	at org.testng.internal.Invoker.invokeTestMethods(Invoker.java:1193)
	at org.testng.internal.TestMethodWorker.invokeTestMethods(TestMethodWorker.java:126)
	at org.testng.internal.TestMethodWorker.run(TestMethodWorker.java:109)
	at java.util.concurrent.ThreadPoolExecutor.runWorker(Unknown Source)
	at java.util.concurrent.ThreadPoolExecutor$Worker.run(Unknown Source)
	at java.lang.Thread.run(Unknown Source)
]]>
    </failure>
  </testcase> <!-- testMethod -->
  <testcase name="testMethod" time="136.131" classname="rerate.rerateTestNgSlow">
    <failure type="java.lang.AssertionError" message="Failed During Third Page">
      <![CDATA[java.lang.AssertionError: Failed During Third Page
	at org.testng.Assert.fail(Assert.java:93)
	at rerate.rerateTestNgSlow.thirdPage(rerateTestNgSlow.java:1584)
	at rerate.rerateTestNgSlow.doWork(rerateTestNgSlow.java:804)
	at rerate.rerateTestNgSlow.testMethod(rerateTestNgSlow.java:636)
	at sun.reflect.GeneratedMethodAccessor3.invoke(Unknown Source)
	at sun.reflect.DelegatingMethodAccessorImpl.invoke(Unknown Source)
	at java.lang.reflect.Method.invoke(Unknown Source)
	at org.testng.internal.MethodInvocationHelper.invokeMethod(MethodInvocationHelper.java:108)
	at org.testng.internal.Invoker.invokeMethod(Invoker.java:661)
	at org.testng.internal.Invoker.invokeTestMethod(Invoker.java:869)
	at org.testng.internal.Invoker.invokeTestMethods(Invoker.java:1193)
	at org.testng.internal.TestMethodWorker.invokeTestMethods(TestMethodWorker.java:126)
	at org.testng.internal.TestMethodWorker.run(TestMethodWorker.java:109)
	at java.util.concurrent.ThreadPoolExecutor.runWorker(Unknown Source)
	at java.util.concurrent.ThreadPoolExecutor$Worker.run(Unknown Source)
	at java.lang.Thread.run(Unknown Source)
]]>
    </failure>
  </testcase> <!-- testMethod -->
  <testcase name="testMethod" time="135.549" classname="rerate.rerateTestNgSlow">
    <failure type="java.lang.AssertionError" message="Failed During Third Page">
      <![CDATA[java.lang.AssertionError: Failed During Third Page
	at org.testng.Assert.fail(Assert.java:93)
	at rerate.rerateTestNgSlow.thirdPage(rerateTestNgSlow.java:1584)
	at rerate.rerateTestNgSlow.doWork(rerateTestNgSlow.java:804)
	at rerate.rerateTestNgSlow.testMethod(rerateTestNgSlow.java:636)
	at sun.reflect.GeneratedMethodAccessor3.invoke(Unknown Source)
	at sun.reflect.DelegatingMethodAccessorImpl.invoke(Unknown Source)
	at java.lang.reflect.Method.invoke(Unknown Source)
	at org.testng.internal.MethodInvocationHelper.invokeMethod(MethodInvocationHelper.java:108)
	at org.testng.internal.Invoker.invokeMethod(Invoker.java:661)
	at org.testng.internal.Invoker.invokeTestMethod(Invoker.java:869)
	at org.testng.internal.Invoker.invokeTestMethods(Invoker.java:1193)
	at org.testng.internal.TestMethodWorker.invokeTestMethods(TestMethodWorker.java:126)
	at org.testng.internal.TestMethodWorker.run(TestMethodWorker.java:109)
	at java.util.concurrent.ThreadPoolExecutor.runWorker(Unknown Source)
	at java.util.concurrent.ThreadPoolExecutor$Worker.run(Unknown Source)
	at java.lang.Thread.run(Unknown Source)
]]>
    </failure>
  </testcase> <!-- testMethod -->
  <testcase name="testMethod" time="10800.681" classname="rerate.rerateTestNgSlow">
    <error type="java.lang.NullPointerException">
      <![CDATA[java.lang.NullPointerException
	at rerate.rerateTestNgSlow.firstPage(rerateTestNgSlow.java:1074)
	at rerate.rerateTestNgSlow.doWork(rerateTestNgSlow.java:802)
	at rerate.rerateTestNgSlow.testMethod(rerateTestNgSlow.java:636)
	at sun.reflect.GeneratedMethodAccessor3.invoke(Unknown Source)
	at sun.reflect.DelegatingMethodAccessorImpl.invoke(Unknown Source)
	at java.lang.reflect.Method.invoke(Unknown Source)
	at org.testng.internal.MethodInvocationHelper.invokeMethod(MethodInvocationHelper.java:108)
	at org.testng.internal.Invoker.invokeMethod(Invoker.java:661)
	at org.testng.internal.Invoker.invokeTestMethod(Invoker.java:869)
	at org.testng.internal.Invoker.invokeTestMethods(Invoker.java:1193)
	at org.testng.internal.TestMethodWorker.invokeTestMethods(TestMethodWorker.java:126)
	at org.testng.internal.TestMethodWorker.run(TestMethodWorker.java:109)
	at java.util.concurrent.ThreadPoolExecutor.runWorker(Unknown Source)
	at java.util.concurrent.ThreadPoolExecutor$Worker.run(Unknown Source)
	at java.lang.Thread.run(Unknown Source)
]]>
    </error>
  </testcase> <!-- testMethod -->
  <testcase name="testMethod" time="145.146" classname="rerate.rerateTestNgSlow">
    <failure type="java.lang.AssertionError" message="Failed During Third Page">
      <![CDATA[java.lang.AssertionError: Failed During Third Page
	at org.testng.Assert.fail(Assert.java:93)
	at rerate.rerateTestNgSlow.thirdPage(rerateTestNgSlow.java:1584)
	at rerate.rerateTestNgSlow.doWork(rerateTestNgSlow.java:804)
	at rerate.rerateTestNgSlow.testMethod(rerateTestNgSlow.java:636)
	at sun.reflect.NativeMethodAccessorImpl.invoke0(Native Method)
	at sun.reflect.NativeMethodAccessorImpl.invoke(Unknown Source)
	at sun.reflect.DelegatingMethodAccessorImpl.invoke(Unknown Source)
	at java.lang.reflect.Method.invoke(Unknown Source)
	at org.testng.internal.MethodInvocationHelper.invokeMethod(MethodInvocationHelper.java:108)
	at org.testng.internal.Invoker.invokeMethod(Invoker.java:661)
	at org.testng.internal.Invoker.invokeTestMethod(Invoker.java:869)
	at org.testng.internal.Invoker.invokeTestMethods(Invoker.java:1193)
	at org.testng.internal.TestMethodWorker.invokeTestMethods(TestMethodWorker.java:126)
	at org.testng.internal.TestMethodWorker.run(TestMethodWorker.java:109)
	at java.util.concurrent.ThreadPoolExecutor.runWorker(Unknown Source)
	at java.util.concurrent.ThreadPoolExecutor$Worker.run(Unknown Source)
	at java.lang.Thread.run(Unknown Source)
]]>
    </failure>
  </testcase> <!-- testMethod -->
  <testcase name="testMethod" time="129.291" classname="rerate.rerateTestNgSlow">
    <failure type="java.lang.AssertionError" message="Failed During Third Page">
      <![CDATA[java.lang.AssertionError: Failed During Third Page
	at org.testng.Assert.fail(Assert.java:93)
	at rerate.rerateTestNgSlow.thirdPage(rerateTestNgSlow.java:1584)
	at rerate.rerateTestNgSlow.doWork(rerateTestNgSlow.java:804)
	at rerate.rerateTestNgSlow.testMethod(rerateTestNgSlow.java:636)
	at sun.reflect.GeneratedMethodAccessor3.invoke(Unknown Source)
	at sun.reflect.DelegatingMethodAccessorImpl.invoke(Unknown Source)
	at java.lang.reflect.Method.invoke(Unknown Source)
	at org.testng.internal.MethodInvocationHelper.invokeMethod(MethodInvocationHelper.java:108)
	at org.testng.internal.Invoker.invokeMethod(Invoker.java:661)
	at org.testng.internal.Invoker.invokeTestMethod(Invoker.java:869)
	at org.testng.internal.Invoker.invokeTestMethods(Invoker.java:1193)
	at org.testng.internal.TestMethodWorker.invokeTestMethods(TestMethodWorker.java:126)
	at org.testng.internal.TestMethodWorker.run(TestMethodWorker.java:109)
	at java.util.concurrent.ThreadPoolExecutor.runWorker(Unknown Source)
	at java.util.concurrent.ThreadPoolExecutor$Worker.run(Unknown Source)
	at java.lang.Thread.run(Unknown Source)
]]>
    </failure>
  </testcase> <!-- testMethod -->
  <testcase name="testMethod" time="127.438" classname="rerate.rerateTestNgSlow">
    <failure type="java.lang.AssertionError" message="Failed During Third Page">
      <![CDATA[java.lang.AssertionError: Failed During Third Page
	at org.testng.Assert.fail(Assert.java:93)
	at rerate.rerateTestNgSlow.thirdPage(rerateTestNgSlow.java:1584)
	at rerate.rerateTestNgSlow.doWork(rerateTestNgSlow.java:804)
	at rerate.rerateTestNgSlow.testMethod(rerateTestNgSlow.java:636)
	at sun.reflect.GeneratedMethodAccessor3.invoke(Unknown Source)
	at sun.reflect.DelegatingMethodAccessorImpl.invoke(Unknown Source)
	at java.lang.reflect.Method.invoke(Unknown Source)
	at org.testng.internal.MethodInvocationHelper.invokeMethod(MethodInvocationHelper.java:108)
	at org.testng.internal.Invoker.invokeMethod(Invoker.java:661)
	at org.testng.internal.Invoker.invokeTestMethod(Invoker.java:869)
	at org.testng.internal.Invoker.invokeTestMethods(Invoker.java:1193)
	at org.testng.internal.TestMethodWorker.invokeTestMethods(TestMethodWorker.java:126)
	at org.testng.internal.TestMethodWorker.run(TestMethodWorker.java:109)
	at java.util.concurrent.ThreadPoolExecutor.runWorker(Unknown Source)
	at java.util.concurrent.ThreadPoolExecutor$Worker.run(Unknown Source)
	at java.lang.Thread.run(Unknown Source)
]]>
    </failure>
  </testcase> <!-- testMethod -->
  <testcase name="testMethod4" time="0.000" classname="rerate.rerateTestNgSlow">
    <error type="org.testng.TestNGException" message="
Data Provider public synchronized java.lang.Object[][] rerate.rerateTestNgSlow.dataProviderMethod4() must return either Object[][] or Iterator&lt;Object&gt;[], not class [[Ljava.lang.Object;">
      <![CDATA[org.testng.TestNGException: 
Data Provider public synchronized java.lang.Object[][] rerate.rerateTestNgSlow.dataProviderMethod4() must return either Object[][] or Iterator<Object>[], not class [[Ljava.lang.Object;
	at org.testng.internal.MethodInvocationHelper.invokeDataProvider(MethodInvocationHelper.java:137)
	at org.testng.internal.Parameters.handleParameters(Parameters.java:509)
	at org.testng.internal.Invoker.handleParameters(Invoker.java:1308)
	at org.testng.internal.Invoker.createParameters(Invoker.java:1036)
	at org.testng.internal.Invoker.invokeTestMethods(Invoker.java:1126)
	at org.testng.internal.TestMethodWorker.invokeTestMethods(TestMethodWorker.java:126)
	at org.testng.internal.TestMethodWorker.run(TestMethodWorker.java:109)
	at java.util.concurrent.ThreadPoolExecutor.runWorker(Unknown Source)
	at java.util.concurrent.ThreadPoolExecutor$Worker.run(Unknown Source)
	at java.lang.Thread.run(Unknown Source)
]]>
    </error>
  </testcase> <!-- testMethod4 -->
  <testcase name="testMethod" time="146.620" classname="rerate.rerateTestNgSlow">
    <failure type="java.lang.AssertionError" message="Failed During Third Page">
      <![CDATA[java.lang.AssertionError: Failed During Third Page
	at org.testng.Assert.fail(Assert.java:93)
	at rerate.rerateTestNgSlow.thirdPage(rerateTestNgSlow.java:1584)
	at rerate.rerateTestNgSlow.doWork(rerateTestNgSlow.java:804)
	at rerate.rerateTestNgSlow.testMethod(rerateTestNgSlow.java:636)
	at sun.reflect.GeneratedMethodAccessor3.invoke(Unknown Source)
	at sun.reflect.DelegatingMethodAccessorImpl.invoke(Unknown Source)
	at java.lang.reflect.Method.invoke(Unknown Source)
	at org.testng.internal.MethodInvocationHelper.invokeMethod(MethodInvocationHelper.java:108)
	at org.testng.internal.Invoker.invokeMethod(Invoker.java:661)
	at org.testng.internal.Invoker.invokeTestMethod(Invoker.java:869)
	at org.testng.internal.Invoker.invokeTestMethods(Invoker.java:1193)
	at org.testng.internal.TestMethodWorker.invokeTestMethods(TestMethodWorker.java:126)
	at org.testng.internal.TestMethodWorker.run(TestMethodWorker.java:109)
	at java.util.concurrent.ThreadPoolExecutor.runWorker(Unknown Source)
	at java.util.concurrent.ThreadPoolExecutor$Worker.run(Unknown Source)
	at java.lang.Thread.run(Unknown Source)
]]>
    </failure>
  </testcase> <!-- testMethod -->
  <testcase name="testMethod" time="124.428" classname="rerate.rerateTestNgSlow">
    <failure type="java.lang.AssertionError" message="Failed During Third Page">
      <![CDATA[java.lang.AssertionError: Failed During Third Page
	at org.testng.Assert.fail(Assert.java:93)
	at rerate.rerateTestNgSlow.thirdPage(rerateTestNgSlow.java:1584)
	at rerate.rerateTestNgSlow.doWork(rerateTestNgSlow.java:804)
	at rerate.rerateTestNgSlow.testMethod(rerateTestNgSlow.java:636)
	at sun.reflect.GeneratedMethodAccessor3.invoke(Unknown Source)
	at sun.reflect.DelegatingMethodAccessorImpl.invoke(Unknown Source)
	at java.lang.reflect.Method.invoke(Unknown Source)
	at org.testng.internal.MethodInvocationHelper.invokeMethod(MethodInvocationHelper.java:108)
	at org.testng.internal.Invoker.invokeMethod(Invoker.java:661)
	at org.testng.internal.Invoker.invokeTestMethod(Invoker.java:869)
	at org.testng.internal.Invoker.invokeTestMethods(Invoker.java:1193)
	at org.testng.internal.TestMethodWorker.invokeTestMethods(TestMethodWorker.java:126)
	at org.testng.internal.TestMethodWorker.run(TestMethodWorker.java:109)
	at java.util.concurrent.ThreadPoolExecutor.runWorker(Unknown Source)
	at java.util.concurrent.ThreadPoolExecutor$Worker.run(Unknown Source)
	at java.lang.Thread.run(Unknown Source)
]]>
    </failure>
  </testcase> <!-- testMethod -->
  <testcase name="testMethod" time="130.878" classname="rerate.rerateTestNgSlow">
    <failure type="java.lang.AssertionError" message="Failed During Third Page">
      <![CDATA[java.lang.AssertionError: Failed During Third Page
	at org.testng.Assert.fail(Assert.java:93)
	at rerate.rerateTestNgSlow.thirdPage(rerateTestNgSlow.java:1584)
	at rerate.rerateTestNgSlow.doWork(rerateTestNgSlow.java:804)
	at rerate.rerateTestNgSlow.testMethod(rerateTestNgSlow.java:636)
	at sun.reflect.GeneratedMethodAccessor3.invoke(Unknown Source)
	at sun.reflect.DelegatingMethodAccessorImpl.invoke(Unknown Source)
	at java.lang.reflect.Method.invoke(Unknown Source)
	at org.testng.internal.MethodInvocationHelper.invokeMethod(MethodInvocationHelper.java:108)
	at org.testng.internal.Invoker.invokeMethod(Invoker.java:661)
	at org.testng.internal.Invoker.invokeTestMethod(Invoker.java:869)
	at org.testng.internal.Invoker.invokeTestMethods(Invoker.java:1193)
	at org.testng.internal.TestMethodWorker.invokeTestMethods(TestMethodWorker.java:126)
	at org.testng.internal.TestMethodWorker.run(TestMethodWorker.java:109)
	at java.util.concurrent.ThreadPoolExecutor.runWorker(Unknown Source)
	at java.util.concurrent.ThreadPoolExecutor$Worker.run(Unknown Source)
	at java.lang.Thread.run(Unknown Source)
]]>
    </failure>
  </testcase> <!-- testMethod -->
</testsuite> <!-- rerate.rerateTestNgSlow -->
