<?xml version="1.0" encoding="UTF-8"?>
<!-- Generated by org.testng.reporters.JUnitReportReporter -->
<testsuite skipped="3" hostname="SQA-CRS-021" name="rebill.testngRebillFast" tests="266" failures="147" timestamp="06 Nov 2020 04:42:19 GMT" time="17053.006" errors="19">
  <testcase name="testMethod1" time="89.215" classname="rebill.testngRebillFast">
    <failure type="java.lang.AssertionError" message="Faled At Last Rebill Screen: Did not reach override errors or failed here">
      <![CDATA[java.lang.AssertionError: Faled At Last Rebill Screen: Did not reach override errors or failed here
	at org.testng.Assert.fail(Assert.java:93)
	at rebill.testngRebillFast.doRebill(testngRebillFast.java:1748)
	at rebill.testngRebillFast.testMethod1(testngRebillFast.java:634)
	at sun.reflect.GeneratedMethodAccessor9.invoke(Unknown Source)
	at sun.reflect.DelegatingMethodAccessorImpl.invoke(Unknown Source)
	at java.lang.reflect.Method.invoke(Unknown Source)
	at org.testng.internal.MethodInvocationHelper.invokeMethod(MethodInvocationHelper.java:108)
	at org.testng.internal.Invoker.invokeMethod(Invoker.java:661)
	at org.testng.internal.Invoker.invokeTestMethod(Invoker.java:869)
	at org.testng.internal.Invoker.invokeTestMethods(Invoker.java:1193)
	at org.testng.internal.TestMethodWorker.invokeTestMethods(TestMethodWorker.java:126)
	at org.testng.internal.TestMethodWorker.run(TestMethodWorker.java:109)
	at java.util.concurrent.ThreadPoolExecutor.runWorker(Unknown Source)
	at java.util.concurrent.ThreadPoolExecutor$Worker.run(Unknown Source)
	at java.lang.Thread.run(Unknown Source)
]]>
    </failure>
  </testcase> <!-- testMethod1 -->
  <testcase name="testMethod1" time="50.085" classname="rebill.testngRebillFast"/>
  <testcase name="testMethod1" time="18.121" classname="rebill.testngRebillFast">
    <failure type="java.lang.AssertionError" message="Failed on Entering Tracking Number">
      <![CDATA[java.lang.AssertionError: Failed on Entering Tracking Number
	at org.testng.Assert.fail(Assert.java:93)
	at rebill.testngRebillFast.doRebill(testngRebillFast.java:1034)
	at rebill.testngRebillFast.testMethod1(testngRebillFast.java:634)
	at sun.reflect.GeneratedMethodAccessor9.invoke(Unknown Source)
	at sun.reflect.DelegatingMethodAccessorImpl.invoke(Unknown Source)
	at java.lang.reflect.Method.invoke(Unknown Source)
	at org.testng.internal.MethodInvocationHelper.invokeMethod(MethodInvocationHelper.java:108)
	at org.testng.internal.Invoker.invokeMethod(Invoker.java:661)
	at org.testng.internal.Invoker.invokeTestMethod(Invoker.java:869)
	at org.testng.internal.Invoker.invokeTestMethods(Invoker.java:1193)
	at org.testng.internal.TestMethodWorker.invokeTestMethods(TestMethodWorker.java:126)
	at org.testng.internal.TestMethodWorker.run(TestMethodWorker.java:109)
	at java.util.concurrent.ThreadPoolExecutor.runWorker(Unknown Source)
	at java.util.concurrent.ThreadPoolExecutor$Worker.run(Unknown Source)
	at java.lang.Thread.run(Unknown Source)
]]>
    </failure>
  </testcase> <!-- testMethod1 -->
  <testcase name="testMethod1" time="88.757" classname="rebill.testngRebillFast">
    <failure type="java.lang.AssertionError" message="Faled At Last Rebill Screen: Did not reach override errors or failed here">
      <![CDATA[java.lang.AssertionError: Faled At Last Rebill Screen: Did not reach override errors or failed here
	at org.testng.Assert.fail(Assert.java:93)
	at rebill.testngRebillFast.doRebill(testngRebillFast.java:1748)
	at rebill.testngRebillFast.testMethod1(testngRebillFast.java:634)
	at sun.reflect.GeneratedMethodAccessor9.invoke(Unknown Source)
	at sun.reflect.DelegatingMethodAccessorImpl.invoke(Unknown Source)
	at java.lang.reflect.Method.invoke(Unknown Source)
	at org.testng.internal.MethodInvocationHelper.invokeMethod(MethodInvocationHelper.java:108)
	at org.testng.internal.Invoker.invokeMethod(Invoker.java:661)
	at org.testng.internal.Invoker.retryFailed(Invoker.java:1014)
	at org.testng.internal.Invoker.invokeTestMethods(Invoker.java:1215)
	at org.testng.internal.TestMethodWorker.invokeTestMethods(TestMethodWorker.java:126)
	at org.testng.internal.TestMethodWorker.run(TestMethodWorker.java:109)
	at java.util.concurrent.ThreadPoolExecutor.runWorker(Unknown Source)
	at java.util.concurrent.ThreadPoolExecutor$Worker.run(Unknown Source)
	at java.lang.Thread.run(Unknown Source)
]]>
    </failure>
  </testcase> <!-- testMethod1 -->
  <testcase name="testMethod1" time="49.592" classname="rebill.testngRebillFast"/>
  <testcase name="testMethod1" time="89.871" classname="rebill.testngRebillFast">
    <failure type="java.lang.AssertionError" message="Faled At Last Rebill Screen: Did not reach override errors or failed here">
      <![CDATA[java.lang.AssertionError: Faled At Last Rebill Screen: Did not reach override errors or failed here
	at org.testng.Assert.fail(Assert.java:93)
	at rebill.testngRebillFast.doRebill(testngRebillFast.java:1748)
	at rebill.testngRebillFast.testMethod1(testngRebillFast.java:634)
	at sun.reflect.GeneratedMethodAccessor9.invoke(Unknown Source)
	at sun.reflect.DelegatingMethodAccessorImpl.invoke(Unknown Source)
	at java.lang.reflect.Method.invoke(Unknown Source)
	at org.testng.internal.MethodInvocationHelper.invokeMethod(MethodInvocationHelper.java:108)
	at org.testng.internal.Invoker.invokeMethod(Invoker.java:661)
	at org.testng.internal.Invoker.invokeTestMethod(Invoker.java:869)
	at org.testng.internal.Invoker.invokeTestMethods(Invoker.java:1193)
	at org.testng.internal.TestMethodWorker.invokeTestMethods(TestMethodWorker.java:126)
	at org.testng.internal.TestMethodWorker.run(TestMethodWorker.java:109)
	at java.util.concurrent.ThreadPoolExecutor.runWorker(Unknown Source)
	at java.util.concurrent.ThreadPoolExecutor$Worker.run(Unknown Source)
	at java.lang.Thread.run(Unknown Source)
]]>
    </failure>
  </testcase> <!-- testMethod1 -->
  <testcase name="testMethod1" time="52.610" classname="rebill.testngRebillFast">
    <error type="java.lang.NullPointerException">
      <![CDATA[java.lang.NullPointerException
	at rebill.testngRebillFast.validateResults(testngRebillFast.java:1894)
	at rebill.testngRebillFast.doRebill(testngRebillFast.java:1690)
	at rebill.testngRebillFast.testMethod1(testngRebillFast.java:634)
	at sun.reflect.GeneratedMethodAccessor9.invoke(Unknown Source)
	at sun.reflect.DelegatingMethodAccessorImpl.invoke(Unknown Source)
	at java.lang.reflect.Method.invoke(Unknown Source)
	at org.testng.internal.MethodInvocationHelper.invokeMethod(MethodInvocationHelper.java:108)
	at org.testng.internal.Invoker.invokeMethod(Invoker.java:661)
	at org.testng.internal.Invoker.invokeTestMethod(Invoker.java:869)
	at org.testng.internal.Invoker.invokeTestMethods(Invoker.java:1193)
	at org.testng.internal.TestMethodWorker.invokeTestMethods(TestMethodWorker.java:126)
	at org.testng.internal.TestMethodWorker.run(TestMethodWorker.java:109)
	at java.util.concurrent.ThreadPoolExecutor.runWorker(Unknown Source)
	at java.util.concurrent.ThreadPoolExecutor$Worker.run(Unknown Source)
	at java.lang.Thread.run(Unknown Source)
]]>
    </error>
  </testcase> <!-- testMethod1 -->
  <testcase name="testMethod1" time="51.487" classname="rebill.testngRebillFast"/>
  <testcase name="testMethod1" time="90.660" classname="rebill.testngRebillFast">
    <failure type="java.lang.AssertionError" message="Faled At Last Rebill Screen: Did not reach override errors or failed here">
      <![CDATA[java.lang.AssertionError: Faled At Last Rebill Screen: Did not reach override errors or failed here
	at org.testng.Assert.fail(Assert.java:93)
	at rebill.testngRebillFast.doRebill(testngRebillFast.java:1748)
	at rebill.testngRebillFast.testMethod1(testngRebillFast.java:634)
	at sun.reflect.GeneratedMethodAccessor9.invoke(Unknown Source)
	at sun.reflect.DelegatingMethodAccessorImpl.invoke(Unknown Source)
	at java.lang.reflect.Method.invoke(Unknown Source)
	at org.testng.internal.MethodInvocationHelper.invokeMethod(MethodInvocationHelper.java:108)
	at org.testng.internal.Invoker.invokeMethod(Invoker.java:661)
	at org.testng.internal.Invoker.retryFailed(Invoker.java:1014)
	at org.testng.internal.Invoker.invokeTestMethods(Invoker.java:1215)
	at org.testng.internal.TestMethodWorker.invokeTestMethods(TestMethodWorker.java:126)
	at org.testng.internal.TestMethodWorker.run(TestMethodWorker.java:109)
	at java.util.concurrent.ThreadPoolExecutor.runWorker(Unknown Source)
	at java.util.concurrent.ThreadPoolExecutor$Worker.run(Unknown Source)
	at java.lang.Thread.run(Unknown Source)
]]>
    </failure>
  </testcase> <!-- testMethod1 -->
  <testcase name="testMethod1" time="90.932" classname="rebill.testngRebillFast">
    <failure type="java.lang.AssertionError" message="Faled At Last Rebill Screen: Did not reach override errors or failed here">
      <![CDATA[java.lang.AssertionError: Faled At Last Rebill Screen: Did not reach override errors or failed here
	at org.testng.Assert.fail(Assert.java:93)
	at rebill.testngRebillFast.doRebill(testngRebillFast.java:1748)
	at rebill.testngRebillFast.testMethod1(testngRebillFast.java:634)
	at sun.reflect.GeneratedMethodAccessor9.invoke(Unknown Source)
	at sun.reflect.DelegatingMethodAccessorImpl.invoke(Unknown Source)
	at java.lang.reflect.Method.invoke(Unknown Source)
	at org.testng.internal.MethodInvocationHelper.invokeMethod(MethodInvocationHelper.java:108)
	at org.testng.internal.Invoker.invokeMethod(Invoker.java:661)
	at org.testng.internal.Invoker.retryFailed(Invoker.java:1014)
	at org.testng.internal.Invoker.invokeTestMethods(Invoker.java:1215)
	at org.testng.internal.TestMethodWorker.invokeTestMethods(TestMethodWorker.java:126)
	at org.testng.internal.TestMethodWorker.run(TestMethodWorker.java:109)
	at java.util.concurrent.ThreadPoolExecutor.runWorker(Unknown Source)
	at java.util.concurrent.ThreadPoolExecutor$Worker.run(Unknown Source)
	at java.lang.Thread.run(Unknown Source)
]]>
    </failure>
  </testcase> <!-- testMethod1 -->
  <testcase name="testMethod1" time="50.393" classname="rebill.testngRebillFast"/>
  <testcase name="testMethod1" time="45.151" classname="rebill.testngRebillFast"/>
  <testcase name="testMethod1" time="47.724" classname="rebill.testngRebillFast"/>
  <testcase name="testMethod1" time="91.574" classname="rebill.testngRebillFast">
    <failure type="java.lang.AssertionError" message="Faled At Last Rebill Screen: Did not reach override errors or failed here">
      <![CDATA[java.lang.AssertionError: Faled At Last Rebill Screen: Did not reach override errors or failed here
	at org.testng.Assert.fail(Assert.java:93)
	at rebill.testngRebillFast.doRebill(testngRebillFast.java:1748)
	at rebill.testngRebillFast.testMethod1(testngRebillFast.java:634)
	at sun.reflect.GeneratedMethodAccessor9.invoke(Unknown Source)
	at sun.reflect.DelegatingMethodAccessorImpl.invoke(Unknown Source)
	at java.lang.reflect.Method.invoke(Unknown Source)
	at org.testng.internal.MethodInvocationHelper.invokeMethod(MethodInvocationHelper.java:108)
	at org.testng.internal.Invoker.invokeMethod(Invoker.java:661)
	at org.testng.internal.Invoker.invokeTestMethod(Invoker.java:869)
	at org.testng.internal.Invoker.invokeTestMethods(Invoker.java:1193)
	at org.testng.internal.TestMethodWorker.invokeTestMethods(TestMethodWorker.java:126)
	at org.testng.internal.TestMethodWorker.run(TestMethodWorker.java:109)
	at java.util.concurrent.ThreadPoolExecutor.runWorker(Unknown Source)
	at java.util.concurrent.ThreadPoolExecutor$Worker.run(Unknown Source)
	at java.lang.Thread.run(Unknown Source)
]]>
    </failure>
  </testcase> <!-- testMethod1 -->
  <testcase name="testMethod1" time="50.081" classname="rebill.testngRebillFast"/>
  <testcase name="testMethod1" time="89.664" classname="rebill.testngRebillFast">
    <failure type="java.lang.AssertionError" message="Faled At Last Rebill Screen: Did not reach override errors or failed here">
      <![CDATA[java.lang.AssertionError: Faled At Last Rebill Screen: Did not reach override errors or failed here
	at org.testng.Assert.fail(Assert.java:93)
	at rebill.testngRebillFast.doRebill(testngRebillFast.java:1748)
	at rebill.testngRebillFast.testMethod1(testngRebillFast.java:634)
	at sun.reflect.NativeMethodAccessorImpl.invoke0(Native Method)
	at sun.reflect.NativeMethodAccessorImpl.invoke(Unknown Source)
	at sun.reflect.DelegatingMethodAccessorImpl.invoke(Unknown Source)
	at java.lang.reflect.Method.invoke(Unknown Source)
	at org.testng.internal.MethodInvocationHelper.invokeMethod(MethodInvocationHelper.java:108)
	at org.testng.internal.Invoker.invokeMethod(Invoker.java:661)
	at org.testng.internal.Invoker.invokeTestMethod(Invoker.java:869)
	at org.testng.internal.Invoker.invokeTestMethods(Invoker.java:1193)
	at org.testng.internal.TestMethodWorker.invokeTestMethods(TestMethodWorker.java:126)
	at org.testng.internal.TestMethodWorker.run(TestMethodWorker.java:109)
	at java.util.concurrent.ThreadPoolExecutor.runWorker(Unknown Source)
	at java.util.concurrent.ThreadPoolExecutor$Worker.run(Unknown Source)
	at java.lang.Thread.run(Unknown Source)
]]>
    </failure>
  </testcase> <!-- testMethod1 -->
  <testcase name="testMethod1" time="89.662" classname="rebill.testngRebillFast">
    <failure type="java.lang.AssertionError" message="Faled At Last Rebill Screen: Did not reach override errors or failed here">
      <![CDATA[java.lang.AssertionError: Faled At Last Rebill Screen: Did not reach override errors or failed here
	at org.testng.Assert.fail(Assert.java:93)
	at rebill.testngRebillFast.doRebill(testngRebillFast.java:1748)
	at rebill.testngRebillFast.testMethod1(testngRebillFast.java:634)
	at sun.reflect.GeneratedMethodAccessor9.invoke(Unknown Source)
	at sun.reflect.DelegatingMethodAccessorImpl.invoke(Unknown Source)
	at java.lang.reflect.Method.invoke(Unknown Source)
	at org.testng.internal.MethodInvocationHelper.invokeMethod(MethodInvocationHelper.java:108)
	at org.testng.internal.Invoker.invokeMethod(Invoker.java:661)
	at org.testng.internal.Invoker.retryFailed(Invoker.java:1014)
	at org.testng.internal.Invoker.invokeTestMethods(Invoker.java:1215)
	at org.testng.internal.TestMethodWorker.invokeTestMethods(TestMethodWorker.java:126)
	at org.testng.internal.TestMethodWorker.run(TestMethodWorker.java:109)
	at java.util.concurrent.ThreadPoolExecutor.runWorker(Unknown Source)
	at java.util.concurrent.ThreadPoolExecutor$Worker.run(Unknown Source)
	at java.lang.Thread.run(Unknown Source)
]]>
    </failure>
  </testcase> <!-- testMethod1 -->
  <testcase name="testMethod1" time="46.535" classname="rebill.testngRebillFast"/>
  <testcase name="testMethod1" time="47.058" classname="rebill.testngRebillFast"/>
  <testcase name="testMethod1" time="87.610" classname="rebill.testngRebillFast">
    <failure type="java.lang.AssertionError" message="Faled At Last Rebill Screen: Did not reach override errors or failed here">
      <![CDATA[java.lang.AssertionError: Faled At Last Rebill Screen: Did not reach override errors or failed here
	at org.testng.Assert.fail(Assert.java:93)
	at rebill.testngRebillFast.doRebill(testngRebillFast.java:1748)
	at rebill.testngRebillFast.testMethod1(testngRebillFast.java:634)
	at sun.reflect.GeneratedMethodAccessor9.invoke(Unknown Source)
	at sun.reflect.DelegatingMethodAccessorImpl.invoke(Unknown Source)
	at java.lang.reflect.Method.invoke(Unknown Source)
	at org.testng.internal.MethodInvocationHelper.invokeMethod(MethodInvocationHelper.java:108)
	at org.testng.internal.Invoker.invokeMethod(Invoker.java:661)
	at org.testng.internal.Invoker.retryFailed(Invoker.java:1014)
	at org.testng.internal.Invoker.invokeTestMethods(Invoker.java:1215)
	at org.testng.internal.TestMethodWorker.invokeTestMethods(TestMethodWorker.java:126)
	at org.testng.internal.TestMethodWorker.run(TestMethodWorker.java:109)
	at java.util.concurrent.ThreadPoolExecutor.runWorker(Unknown Source)
	at java.util.concurrent.ThreadPoolExecutor$Worker.run(Unknown Source)
	at java.lang.Thread.run(Unknown Source)
]]>
    </failure>
  </testcase> <!-- testMethod1 -->
  <testcase name="testMethod1" time="92.786" classname="rebill.testngRebillFast">
    <failure type="java.lang.AssertionError" message="Faled At Last Rebill Screen: Did not reach override errors or failed here">
      <![CDATA[java.lang.AssertionError: Faled At Last Rebill Screen: Did not reach override errors or failed here
	at org.testng.Assert.fail(Assert.java:93)
	at rebill.testngRebillFast.doRebill(testngRebillFast.java:1748)
	at rebill.testngRebillFast.testMethod1(testngRebillFast.java:634)
	at sun.reflect.GeneratedMethodAccessor9.invoke(Unknown Source)
	at sun.reflect.DelegatingMethodAccessorImpl.invoke(Unknown Source)
	at java.lang.reflect.Method.invoke(Unknown Source)
	at org.testng.internal.MethodInvocationHelper.invokeMethod(MethodInvocationHelper.java:108)
	at org.testng.internal.Invoker.invokeMethod(Invoker.java:661)
	at org.testng.internal.Invoker.invokeTestMethod(Invoker.java:869)
	at org.testng.internal.Invoker.invokeTestMethods(Invoker.java:1193)
	at org.testng.internal.TestMethodWorker.invokeTestMethods(TestMethodWorker.java:126)
	at org.testng.internal.TestMethodWorker.run(TestMethodWorker.java:109)
	at java.util.concurrent.ThreadPoolExecutor.runWorker(Unknown Source)
	at java.util.concurrent.ThreadPoolExecutor$Worker.run(Unknown Source)
	at java.lang.Thread.run(Unknown Source)
]]>
    </failure>
  </testcase> <!-- testMethod1 -->
  <testcase name="testMethod1" time="45.561" classname="rebill.testngRebillFast"/>
  <testcase name="testMethod1" time="47.928" classname="rebill.testngRebillFast"/>
  <testcase name="testMethod1" time="88.765" classname="rebill.testngRebillFast">
    <failure type="java.lang.AssertionError" message="Faled At Last Rebill Screen: Did not reach override errors or failed here">
      <![CDATA[java.lang.AssertionError: Faled At Last Rebill Screen: Did not reach override errors or failed here
	at org.testng.Assert.fail(Assert.java:93)
	at rebill.testngRebillFast.doRebill(testngRebillFast.java:1748)
	at rebill.testngRebillFast.testMethod1(testngRebillFast.java:634)
	at sun.reflect.GeneratedMethodAccessor9.invoke(Unknown Source)
	at sun.reflect.DelegatingMethodAccessorImpl.invoke(Unknown Source)
	at java.lang.reflect.Method.invoke(Unknown Source)
	at org.testng.internal.MethodInvocationHelper.invokeMethod(MethodInvocationHelper.java:108)
	at org.testng.internal.Invoker.invokeMethod(Invoker.java:661)
	at org.testng.internal.Invoker.invokeTestMethod(Invoker.java:869)
	at org.testng.internal.Invoker.invokeTestMethods(Invoker.java:1193)
	at org.testng.internal.TestMethodWorker.invokeTestMethods(TestMethodWorker.java:126)
	at org.testng.internal.TestMethodWorker.run(TestMethodWorker.java:109)
	at java.util.concurrent.ThreadPoolExecutor.runWorker(Unknown Source)
	at java.util.concurrent.ThreadPoolExecutor$Worker.run(Unknown Source)
	at java.lang.Thread.run(Unknown Source)
]]>
    </failure>
  </testcase> <!-- testMethod1 -->
  <testcase name="testMethod1" time="48.186" classname="rebill.testngRebillFast">
    <failure type="java.lang.AssertionError" message="Faled At Last Rebill Screen: Did not reach override errors or failed here">
      <![CDATA[java.lang.AssertionError: Faled At Last Rebill Screen: Did not reach override errors or failed here
	at org.testng.Assert.fail(Assert.java:93)
	at rebill.testngRebillFast.doRebill(testngRebillFast.java:1748)
	at rebill.testngRebillFast.testMethod1(testngRebillFast.java:634)
	at sun.reflect.GeneratedMethodAccessor9.invoke(Unknown Source)
	at sun.reflect.DelegatingMethodAccessorImpl.invoke(Unknown Source)
	at java.lang.reflect.Method.invoke(Unknown Source)
	at org.testng.internal.MethodInvocationHelper.invokeMethod(MethodInvocationHelper.java:108)
	at org.testng.internal.Invoker.invokeMethod(Invoker.java:661)
	at org.testng.internal.Invoker.retryFailed(Invoker.java:1014)
	at org.testng.internal.Invoker.invokeTestMethods(Invoker.java:1215)
	at org.testng.internal.TestMethodWorker.invokeTestMethods(TestMethodWorker.java:126)
	at org.testng.internal.TestMethodWorker.run(TestMethodWorker.java:109)
	at java.util.concurrent.ThreadPoolExecutor.runWorker(Unknown Source)
	at java.util.concurrent.ThreadPoolExecutor$Worker.run(Unknown Source)
	at java.lang.Thread.run(Unknown Source)
]]>
    </failure>
  </testcase> <!-- testMethod1 -->
  <testcase name="testMethod1" time="92.159" classname="rebill.testngRebillFast">
    <failure type="java.lang.AssertionError" message="Faled At Last Rebill Screen: Did not reach override errors or failed here">
      <![CDATA[java.lang.AssertionError: Faled At Last Rebill Screen: Did not reach override errors or failed here
	at org.testng.Assert.fail(Assert.java:93)
	at rebill.testngRebillFast.doRebill(testngRebillFast.java:1748)
	at rebill.testngRebillFast.testMethod1(testngRebillFast.java:634)
	at sun.reflect.GeneratedMethodAccessor9.invoke(Unknown Source)
	at sun.reflect.DelegatingMethodAccessorImpl.invoke(Unknown Source)
	at java.lang.reflect.Method.invoke(Unknown Source)
	at org.testng.internal.MethodInvocationHelper.invokeMethod(MethodInvocationHelper.java:108)
	at org.testng.internal.Invoker.invokeMethod(Invoker.java:661)
	at org.testng.internal.Invoker.invokeTestMethod(Invoker.java:869)
	at org.testng.internal.Invoker.invokeTestMethods(Invoker.java:1193)
	at org.testng.internal.TestMethodWorker.invokeTestMethods(TestMethodWorker.java:126)
	at org.testng.internal.TestMethodWorker.run(TestMethodWorker.java:109)
	at java.util.concurrent.ThreadPoolExecutor.runWorker(Unknown Source)
	at java.util.concurrent.ThreadPoolExecutor$Worker.run(Unknown Source)
	at java.lang.Thread.run(Unknown Source)
]]>
    </failure>
  </testcase> <!-- testMethod1 -->
  <testcase name="testMethod1" time="91.297" classname="rebill.testngRebillFast">
    <failure type="java.lang.AssertionError" message="Faled At Last Rebill Screen: Did not reach override errors or failed here">
      <![CDATA[java.lang.AssertionError: Faled At Last Rebill Screen: Did not reach override errors or failed here
	at org.testng.Assert.fail(Assert.java:93)
	at rebill.testngRebillFast.doRebill(testngRebillFast.java:1748)
	at rebill.testngRebillFast.testMethod1(testngRebillFast.java:634)
	at sun.reflect.GeneratedMethodAccessor9.invoke(Unknown Source)
	at sun.reflect.DelegatingMethodAccessorImpl.invoke(Unknown Source)
	at java.lang.reflect.Method.invoke(Unknown Source)
	at org.testng.internal.MethodInvocationHelper.invokeMethod(MethodInvocationHelper.java:108)
	at org.testng.internal.Invoker.invokeMethod(Invoker.java:661)
	at org.testng.internal.Invoker.retryFailed(Invoker.java:1014)
	at org.testng.internal.Invoker.invokeTestMethods(Invoker.java:1215)
	at org.testng.internal.TestMethodWorker.invokeTestMethods(TestMethodWorker.java:126)
	at org.testng.internal.TestMethodWorker.run(TestMethodWorker.java:109)
	at java.util.concurrent.ThreadPoolExecutor.runWorker(Unknown Source)
	at java.util.concurrent.ThreadPoolExecutor$Worker.run(Unknown Source)
	at java.lang.Thread.run(Unknown Source)
]]>
    </failure>
  </testcase> <!-- testMethod1 -->
  <testcase name="testMethod1" time="51.183" classname="rebill.testngRebillFast">
    <error type="java.lang.NullPointerException">
      <![CDATA[java.lang.NullPointerException
	at rebill.testngRebillFast.validateResults(testngRebillFast.java:1894)
	at rebill.testngRebillFast.doRebill(testngRebillFast.java:1690)
	at rebill.testngRebillFast.testMethod1(testngRebillFast.java:634)
	at sun.reflect.GeneratedMethodAccessor9.invoke(Unknown Source)
	at sun.reflect.DelegatingMethodAccessorImpl.invoke(Unknown Source)
	at java.lang.reflect.Method.invoke(Unknown Source)
	at org.testng.internal.MethodInvocationHelper.invokeMethod(MethodInvocationHelper.java:108)
	at org.testng.internal.Invoker.invokeMethod(Invoker.java:661)
	at org.testng.internal.Invoker.invokeTestMethod(Invoker.java:869)
	at org.testng.internal.Invoker.invokeTestMethods(Invoker.java:1193)
	at org.testng.internal.TestMethodWorker.invokeTestMethods(TestMethodWorker.java:126)
	at org.testng.internal.TestMethodWorker.run(TestMethodWorker.java:109)
	at java.util.concurrent.ThreadPoolExecutor.runWorker(Unknown Source)
	at java.util.concurrent.ThreadPoolExecutor$Worker.run(Unknown Source)
	at java.lang.Thread.run(Unknown Source)
]]>
    </error>
  </testcase> <!-- testMethod1 -->
  <testcase name="testMethod1" time="48.797" classname="rebill.testngRebillFast"/>
  <testcase name="testMethod1" time="89.608" classname="rebill.testngRebillFast">
    <failure type="java.lang.AssertionError" message="Faled At Last Rebill Screen: Did not reach override errors or failed here">
      <![CDATA[java.lang.AssertionError: Faled At Last Rebill Screen: Did not reach override errors or failed here
	at org.testng.Assert.fail(Assert.java:93)
	at rebill.testngRebillFast.doRebill(testngRebillFast.java:1748)
	at rebill.testngRebillFast.testMethod1(testngRebillFast.java:634)
	at sun.reflect.GeneratedMethodAccessor9.invoke(Unknown Source)
	at sun.reflect.DelegatingMethodAccessorImpl.invoke(Unknown Source)
	at java.lang.reflect.Method.invoke(Unknown Source)
	at org.testng.internal.MethodInvocationHelper.invokeMethod(MethodInvocationHelper.java:108)
	at org.testng.internal.Invoker.invokeMethod(Invoker.java:661)
	at org.testng.internal.Invoker.retryFailed(Invoker.java:1014)
	at org.testng.internal.Invoker.invokeTestMethods(Invoker.java:1215)
	at org.testng.internal.TestMethodWorker.invokeTestMethods(TestMethodWorker.java:126)
	at org.testng.internal.TestMethodWorker.run(TestMethodWorker.java:109)
	at java.util.concurrent.ThreadPoolExecutor.runWorker(Unknown Source)
	at java.util.concurrent.ThreadPoolExecutor$Worker.run(Unknown Source)
	at java.lang.Thread.run(Unknown Source)
]]>
    </failure>
  </testcase> <!-- testMethod1 -->
  <testcase name="testMethod1" time="45.306" classname="rebill.testngRebillFast"/>
  <testcase name="testMethod1" time="91.054" classname="rebill.testngRebillFast">
    <failure type="java.lang.AssertionError" message="Faled At Last Rebill Screen: Did not reach override errors or failed here">
      <![CDATA[java.lang.AssertionError: Faled At Last Rebill Screen: Did not reach override errors or failed here
	at org.testng.Assert.fail(Assert.java:93)
	at rebill.testngRebillFast.doRebill(testngRebillFast.java:1748)
	at rebill.testngRebillFast.testMethod1(testngRebillFast.java:634)
	at sun.reflect.GeneratedMethodAccessor9.invoke(Unknown Source)
	at sun.reflect.DelegatingMethodAccessorImpl.invoke(Unknown Source)
	at java.lang.reflect.Method.invoke(Unknown Source)
	at org.testng.internal.MethodInvocationHelper.invokeMethod(MethodInvocationHelper.java:108)
	at org.testng.internal.Invoker.invokeMethod(Invoker.java:661)
	at org.testng.internal.Invoker.invokeTestMethod(Invoker.java:869)
	at org.testng.internal.Invoker.invokeTestMethods(Invoker.java:1193)
	at org.testng.internal.TestMethodWorker.invokeTestMethods(TestMethodWorker.java:126)
	at org.testng.internal.TestMethodWorker.run(TestMethodWorker.java:109)
	at java.util.concurrent.ThreadPoolExecutor.runWorker(Unknown Source)
	at java.util.concurrent.ThreadPoolExecutor$Worker.run(Unknown Source)
	at java.lang.Thread.run(Unknown Source)
]]>
    </failure>
  </testcase> <!-- testMethod1 -->
  <testcase name="testMethod1" time="48.890" classname="rebill.testngRebillFast"/>
  <testcase name="testMethod1" time="91.825" classname="rebill.testngRebillFast">
    <failure type="java.lang.AssertionError" message="Faled At Last Rebill Screen: Did not reach override errors or failed here">
      <![CDATA[java.lang.AssertionError: Faled At Last Rebill Screen: Did not reach override errors or failed here
	at org.testng.Assert.fail(Assert.java:93)
	at rebill.testngRebillFast.doRebill(testngRebillFast.java:1748)
	at rebill.testngRebillFast.testMethod1(testngRebillFast.java:634)
	at sun.reflect.GeneratedMethodAccessor9.invoke(Unknown Source)
	at sun.reflect.DelegatingMethodAccessorImpl.invoke(Unknown Source)
	at java.lang.reflect.Method.invoke(Unknown Source)
	at org.testng.internal.MethodInvocationHelper.invokeMethod(MethodInvocationHelper.java:108)
	at org.testng.internal.Invoker.invokeMethod(Invoker.java:661)
	at org.testng.internal.Invoker.invokeTestMethod(Invoker.java:869)
	at org.testng.internal.Invoker.invokeTestMethods(Invoker.java:1193)
	at org.testng.internal.TestMethodWorker.invokeTestMethods(TestMethodWorker.java:126)
	at org.testng.internal.TestMethodWorker.run(TestMethodWorker.java:109)
	at java.util.concurrent.ThreadPoolExecutor.runWorker(Unknown Source)
	at java.util.concurrent.ThreadPoolExecutor$Worker.run(Unknown Source)
	at java.lang.Thread.run(Unknown Source)
]]>
    </failure>
  </testcase> <!-- testMethod1 -->
  <testcase name="testMethod1" time="90.753" classname="rebill.testngRebillFast">
    <failure type="java.lang.AssertionError" message="Faled At Last Rebill Screen: Did not reach override errors or failed here">
      <![CDATA[java.lang.AssertionError: Faled At Last Rebill Screen: Did not reach override errors or failed here
	at org.testng.Assert.fail(Assert.java:93)
	at rebill.testngRebillFast.doRebill(testngRebillFast.java:1748)
	at rebill.testngRebillFast.testMethod1(testngRebillFast.java:634)
	at sun.reflect.GeneratedMethodAccessor9.invoke(Unknown Source)
	at sun.reflect.DelegatingMethodAccessorImpl.invoke(Unknown Source)
	at java.lang.reflect.Method.invoke(Unknown Source)
	at org.testng.internal.MethodInvocationHelper.invokeMethod(MethodInvocationHelper.java:108)
	at org.testng.internal.Invoker.invokeMethod(Invoker.java:661)
	at org.testng.internal.Invoker.invokeTestMethod(Invoker.java:869)
	at org.testng.internal.Invoker.invokeTestMethods(Invoker.java:1193)
	at org.testng.internal.TestMethodWorker.invokeTestMethods(TestMethodWorker.java:126)
	at org.testng.internal.TestMethodWorker.run(TestMethodWorker.java:109)
	at java.util.concurrent.ThreadPoolExecutor.runWorker(Unknown Source)
	at java.util.concurrent.ThreadPoolExecutor$Worker.run(Unknown Source)
	at java.lang.Thread.run(Unknown Source)
]]>
    </failure>
  </testcase> <!-- testMethod1 -->
  <testcase name="testMethod1" time="91.421" classname="rebill.testngRebillFast">
    <failure type="java.lang.AssertionError" message="Faled At Last Rebill Screen: Did not reach override errors or failed here">
      <![CDATA[java.lang.AssertionError: Faled At Last Rebill Screen: Did not reach override errors or failed here
	at org.testng.Assert.fail(Assert.java:93)
	at rebill.testngRebillFast.doRebill(testngRebillFast.java:1748)
	at rebill.testngRebillFast.testMethod1(testngRebillFast.java:634)
	at sun.reflect.GeneratedMethodAccessor9.invoke(Unknown Source)
	at sun.reflect.DelegatingMethodAccessorImpl.invoke(Unknown Source)
	at java.lang.reflect.Method.invoke(Unknown Source)
	at org.testng.internal.MethodInvocationHelper.invokeMethod(MethodInvocationHelper.java:108)
	at org.testng.internal.Invoker.invokeMethod(Invoker.java:661)
	at org.testng.internal.Invoker.invokeTestMethod(Invoker.java:869)
	at org.testng.internal.Invoker.invokeTestMethods(Invoker.java:1193)
	at org.testng.internal.TestMethodWorker.invokeTestMethods(TestMethodWorker.java:126)
	at org.testng.internal.TestMethodWorker.run(TestMethodWorker.java:109)
	at java.util.concurrent.ThreadPoolExecutor.runWorker(Unknown Source)
	at java.util.concurrent.ThreadPoolExecutor$Worker.run(Unknown Source)
	at java.lang.Thread.run(Unknown Source)
]]>
    </failure>
  </testcase> <!-- testMethod1 -->
  <testcase name="testMethod1" time="91.283" classname="rebill.testngRebillFast">
    <failure type="java.lang.AssertionError" message="Faled At Last Rebill Screen: Did not reach override errors or failed here">
      <![CDATA[java.lang.AssertionError: Faled At Last Rebill Screen: Did not reach override errors or failed here
	at org.testng.Assert.fail(Assert.java:93)
	at rebill.testngRebillFast.doRebill(testngRebillFast.java:1748)
	at rebill.testngRebillFast.testMethod1(testngRebillFast.java:634)
	at sun.reflect.GeneratedMethodAccessor9.invoke(Unknown Source)
	at sun.reflect.DelegatingMethodAccessorImpl.invoke(Unknown Source)
	at java.lang.reflect.Method.invoke(Unknown Source)
	at org.testng.internal.MethodInvocationHelper.invokeMethod(MethodInvocationHelper.java:108)
	at org.testng.internal.Invoker.invokeMethod(Invoker.java:661)
	at org.testng.internal.Invoker.invokeTestMethod(Invoker.java:869)
	at org.testng.internal.Invoker.invokeTestMethods(Invoker.java:1193)
	at org.testng.internal.TestMethodWorker.invokeTestMethods(TestMethodWorker.java:126)
	at org.testng.internal.TestMethodWorker.run(TestMethodWorker.java:109)
	at java.util.concurrent.ThreadPoolExecutor.runWorker(Unknown Source)
	at java.util.concurrent.ThreadPoolExecutor$Worker.run(Unknown Source)
	at java.lang.Thread.run(Unknown Source)
]]>
    </failure>
  </testcase> <!-- testMethod1 -->
  <testcase name="testMethod1" time="91.816" classname="rebill.testngRebillFast">
    <failure type="java.lang.AssertionError" message="Faled At Last Rebill Screen: Did not reach override errors or failed here">
      <![CDATA[java.lang.AssertionError: Faled At Last Rebill Screen: Did not reach override errors or failed here
	at org.testng.Assert.fail(Assert.java:93)
	at rebill.testngRebillFast.doRebill(testngRebillFast.java:1748)
	at rebill.testngRebillFast.testMethod1(testngRebillFast.java:634)
	at sun.reflect.GeneratedMethodAccessor9.invoke(Unknown Source)
	at sun.reflect.DelegatingMethodAccessorImpl.invoke(Unknown Source)
	at java.lang.reflect.Method.invoke(Unknown Source)
	at org.testng.internal.MethodInvocationHelper.invokeMethod(MethodInvocationHelper.java:108)
	at org.testng.internal.Invoker.invokeMethod(Invoker.java:661)
	at org.testng.internal.Invoker.retryFailed(Invoker.java:1014)
	at org.testng.internal.Invoker.invokeTestMethods(Invoker.java:1215)
	at org.testng.internal.TestMethodWorker.invokeTestMethods(TestMethodWorker.java:126)
	at org.testng.internal.TestMethodWorker.run(TestMethodWorker.java:109)
	at java.util.concurrent.ThreadPoolExecutor.runWorker(Unknown Source)
	at java.util.concurrent.ThreadPoolExecutor$Worker.run(Unknown Source)
	at java.lang.Thread.run(Unknown Source)
]]>
    </failure>
  </testcase> <!-- testMethod1 -->
  <testcase name="testMethod1" time="53.530" classname="rebill.testngRebillFast"/>
  <testcase name="testMethod1" time="51.393" classname="rebill.testngRebillFast"/>
  <testcase name="testMethod1" time="89.882" classname="rebill.testngRebillFast">
    <failure type="java.lang.AssertionError" message="Faled At Last Rebill Screen: Did not reach override errors or failed here">
      <![CDATA[java.lang.AssertionError: Faled At Last Rebill Screen: Did not reach override errors or failed here
	at org.testng.Assert.fail(Assert.java:93)
	at rebill.testngRebillFast.doRebill(testngRebillFast.java:1748)
	at rebill.testngRebillFast.testMethod1(testngRebillFast.java:634)
	at sun.reflect.GeneratedMethodAccessor9.invoke(Unknown Source)
	at sun.reflect.DelegatingMethodAccessorImpl.invoke(Unknown Source)
	at java.lang.reflect.Method.invoke(Unknown Source)
	at org.testng.internal.MethodInvocationHelper.invokeMethod(MethodInvocationHelper.java:108)
	at org.testng.internal.Invoker.invokeMethod(Invoker.java:661)
	at org.testng.internal.Invoker.retryFailed(Invoker.java:1014)
	at org.testng.internal.Invoker.invokeTestMethods(Invoker.java:1215)
	at org.testng.internal.TestMethodWorker.invokeTestMethods(TestMethodWorker.java:126)
	at org.testng.internal.TestMethodWorker.run(TestMethodWorker.java:109)
	at java.util.concurrent.ThreadPoolExecutor.runWorker(Unknown Source)
	at java.util.concurrent.ThreadPoolExecutor$Worker.run(Unknown Source)
	at java.lang.Thread.run(Unknown Source)
]]>
    </failure>
  </testcase> <!-- testMethod1 -->
  <testcase name="testMethod1" time="89.173" classname="rebill.testngRebillFast">
    <failure type="java.lang.AssertionError" message="Faled At Last Rebill Screen: Did not reach override errors or failed here">
      <![CDATA[java.lang.AssertionError: Faled At Last Rebill Screen: Did not reach override errors or failed here
	at org.testng.Assert.fail(Assert.java:93)
	at rebill.testngRebillFast.doRebill(testngRebillFast.java:1748)
	at rebill.testngRebillFast.testMethod1(testngRebillFast.java:634)
	at sun.reflect.GeneratedMethodAccessor9.invoke(Unknown Source)
	at sun.reflect.DelegatingMethodAccessorImpl.invoke(Unknown Source)
	at java.lang.reflect.Method.invoke(Unknown Source)
	at org.testng.internal.MethodInvocationHelper.invokeMethod(MethodInvocationHelper.java:108)
	at org.testng.internal.Invoker.invokeMethod(Invoker.java:661)
	at org.testng.internal.Invoker.invokeTestMethod(Invoker.java:869)
	at org.testng.internal.Invoker.invokeTestMethods(Invoker.java:1193)
	at org.testng.internal.TestMethodWorker.invokeTestMethods(TestMethodWorker.java:126)
	at org.testng.internal.TestMethodWorker.run(TestMethodWorker.java:109)
	at java.util.concurrent.ThreadPoolExecutor.runWorker(Unknown Source)
	at java.util.concurrent.ThreadPoolExecutor$Worker.run(Unknown Source)
	at java.lang.Thread.run(Unknown Source)
]]>
    </failure>
  </testcase> <!-- testMethod1 -->
  <testcase name="testMethod1" time="45.411" classname="rebill.testngRebillFast"/>
  <testcase name="testMethod1" time="91.089" classname="rebill.testngRebillFast">
    <failure type="java.lang.AssertionError" message="Faled At Last Rebill Screen: Did not reach override errors or failed here">
      <![CDATA[java.lang.AssertionError: Faled At Last Rebill Screen: Did not reach override errors or failed here
	at org.testng.Assert.fail(Assert.java:93)
	at rebill.testngRebillFast.doRebill(testngRebillFast.java:1748)
	at rebill.testngRebillFast.testMethod1(testngRebillFast.java:634)
	at sun.reflect.GeneratedMethodAccessor9.invoke(Unknown Source)
	at sun.reflect.DelegatingMethodAccessorImpl.invoke(Unknown Source)
	at java.lang.reflect.Method.invoke(Unknown Source)
	at org.testng.internal.MethodInvocationHelper.invokeMethod(MethodInvocationHelper.java:108)
	at org.testng.internal.Invoker.invokeMethod(Invoker.java:661)
	at org.testng.internal.Invoker.retryFailed(Invoker.java:1014)
	at org.testng.internal.Invoker.invokeTestMethods(Invoker.java:1215)
	at org.testng.internal.TestMethodWorker.invokeTestMethods(TestMethodWorker.java:126)
	at org.testng.internal.TestMethodWorker.run(TestMethodWorker.java:109)
	at java.util.concurrent.ThreadPoolExecutor.runWorker(Unknown Source)
	at java.util.concurrent.ThreadPoolExecutor$Worker.run(Unknown Source)
	at java.lang.Thread.run(Unknown Source)
]]>
    </failure>
  </testcase> <!-- testMethod1 -->
  <testcase name="testMethod1" time="48.254" classname="rebill.testngRebillFast"/>
  <testcase name="testMethod1" time="87.948" classname="rebill.testngRebillFast">
    <failure type="java.lang.AssertionError" message="Faled At Last Rebill Screen: Did not reach override errors or failed here">
      <![CDATA[java.lang.AssertionError: Faled At Last Rebill Screen: Did not reach override errors or failed here
	at org.testng.Assert.fail(Assert.java:93)
	at rebill.testngRebillFast.doRebill(testngRebillFast.java:1748)
	at rebill.testngRebillFast.testMethod1(testngRebillFast.java:634)
	at sun.reflect.GeneratedMethodAccessor9.invoke(Unknown Source)
	at sun.reflect.DelegatingMethodAccessorImpl.invoke(Unknown Source)
	at java.lang.reflect.Method.invoke(Unknown Source)
	at org.testng.internal.MethodInvocationHelper.invokeMethod(MethodInvocationHelper.java:108)
	at org.testng.internal.Invoker.invokeMethod(Invoker.java:661)
	at org.testng.internal.Invoker.invokeTestMethod(Invoker.java:869)
	at org.testng.internal.Invoker.invokeTestMethods(Invoker.java:1193)
	at org.testng.internal.TestMethodWorker.invokeTestMethods(TestMethodWorker.java:126)
	at org.testng.internal.TestMethodWorker.run(TestMethodWorker.java:109)
	at java.util.concurrent.ThreadPoolExecutor.runWorker(Unknown Source)
	at java.util.concurrent.ThreadPoolExecutor$Worker.run(Unknown Source)
	at java.lang.Thread.run(Unknown Source)
]]>
    </failure>
  </testcase> <!-- testMethod1 -->
  <testcase name="testMethod1" time="50.227" classname="rebill.testngRebillFast">
    <failure type="java.lang.AssertionError" message="Faled At Last Rebill Screen: Did not reach override errors or failed here">
      <![CDATA[java.lang.AssertionError: Faled At Last Rebill Screen: Did not reach override errors or failed here
	at org.testng.Assert.fail(Assert.java:93)
	at rebill.testngRebillFast.doRebill(testngRebillFast.java:1748)
	at rebill.testngRebillFast.testMethod1(testngRebillFast.java:634)
	at sun.reflect.GeneratedMethodAccessor9.invoke(Unknown Source)
	at sun.reflect.DelegatingMethodAccessorImpl.invoke(Unknown Source)
	at java.lang.reflect.Method.invoke(Unknown Source)
	at org.testng.internal.MethodInvocationHelper.invokeMethod(MethodInvocationHelper.java:108)
	at org.testng.internal.Invoker.invokeMethod(Invoker.java:661)
	at org.testng.internal.Invoker.invokeTestMethod(Invoker.java:869)
	at org.testng.internal.Invoker.invokeTestMethods(Invoker.java:1193)
	at org.testng.internal.TestMethodWorker.invokeTestMethods(TestMethodWorker.java:126)
	at org.testng.internal.TestMethodWorker.run(TestMethodWorker.java:109)
	at java.util.concurrent.ThreadPoolExecutor.runWorker(Unknown Source)
	at java.util.concurrent.ThreadPoolExecutor$Worker.run(Unknown Source)
	at java.lang.Thread.run(Unknown Source)
]]>
    </failure>
  </testcase> <!-- testMethod1 -->
  <testcase name="testMethod1" time="52.160" classname="rebill.testngRebillFast">
    <failure type="java.lang.AssertionError" message="Faled At Last Rebill Screen: Did not reach override errors or failed here">
      <![CDATA[java.lang.AssertionError: Faled At Last Rebill Screen: Did not reach override errors or failed here
	at org.testng.Assert.fail(Assert.java:93)
	at rebill.testngRebillFast.doRebill(testngRebillFast.java:1748)
	at rebill.testngRebillFast.testMethod1(testngRebillFast.java:634)
	at sun.reflect.GeneratedMethodAccessor9.invoke(Unknown Source)
	at sun.reflect.DelegatingMethodAccessorImpl.invoke(Unknown Source)
	at java.lang.reflect.Method.invoke(Unknown Source)
	at org.testng.internal.MethodInvocationHelper.invokeMethod(MethodInvocationHelper.java:108)
	at org.testng.internal.Invoker.invokeMethod(Invoker.java:661)
	at org.testng.internal.Invoker.retryFailed(Invoker.java:1014)
	at org.testng.internal.Invoker.invokeTestMethods(Invoker.java:1215)
	at org.testng.internal.TestMethodWorker.invokeTestMethods(TestMethodWorker.java:126)
	at org.testng.internal.TestMethodWorker.run(TestMethodWorker.java:109)
	at java.util.concurrent.ThreadPoolExecutor.runWorker(Unknown Source)
	at java.util.concurrent.ThreadPoolExecutor$Worker.run(Unknown Source)
	at java.lang.Thread.run(Unknown Source)
]]>
    </failure>
  </testcase> <!-- testMethod1 -->
  <testcase name="testMethod1" time="48.121" classname="rebill.testngRebillFast">
    <failure type="java.lang.AssertionError" message="Faled At Last Rebill Screen: Did not reach override errors or failed here">
      <![CDATA[java.lang.AssertionError: Faled At Last Rebill Screen: Did not reach override errors or failed here
	at org.testng.Assert.fail(Assert.java:93)
	at rebill.testngRebillFast.doRebill(testngRebillFast.java:1748)
	at rebill.testngRebillFast.testMethod1(testngRebillFast.java:634)
	at sun.reflect.GeneratedMethodAccessor9.invoke(Unknown Source)
	at sun.reflect.DelegatingMethodAccessorImpl.invoke(Unknown Source)
	at java.lang.reflect.Method.invoke(Unknown Source)
	at org.testng.internal.MethodInvocationHelper.invokeMethod(MethodInvocationHelper.java:108)
	at org.testng.internal.Invoker.invokeMethod(Invoker.java:661)
	at org.testng.internal.Invoker.invokeTestMethod(Invoker.java:869)
	at org.testng.internal.Invoker.invokeTestMethods(Invoker.java:1193)
	at org.testng.internal.TestMethodWorker.invokeTestMethods(TestMethodWorker.java:126)
	at org.testng.internal.TestMethodWorker.run(TestMethodWorker.java:109)
	at java.util.concurrent.ThreadPoolExecutor.runWorker(Unknown Source)
	at java.util.concurrent.ThreadPoolExecutor$Worker.run(Unknown Source)
	at java.lang.Thread.run(Unknown Source)
]]>
    </failure>
  </testcase> <!-- testMethod1 -->
  <testcase name="testMethod1" time="87.464" classname="rebill.testngRebillFast">
    <failure type="java.lang.AssertionError" message="Faled At Last Rebill Screen: Did not reach override errors or failed here">
      <![CDATA[java.lang.AssertionError: Faled At Last Rebill Screen: Did not reach override errors or failed here
	at org.testng.Assert.fail(Assert.java:93)
	at rebill.testngRebillFast.doRebill(testngRebillFast.java:1748)
	at rebill.testngRebillFast.testMethod1(testngRebillFast.java:634)
	at sun.reflect.GeneratedMethodAccessor9.invoke(Unknown Source)
	at sun.reflect.DelegatingMethodAccessorImpl.invoke(Unknown Source)
	at java.lang.reflect.Method.invoke(Unknown Source)
	at org.testng.internal.MethodInvocationHelper.invokeMethod(MethodInvocationHelper.java:108)
	at org.testng.internal.Invoker.invokeMethod(Invoker.java:661)
	at org.testng.internal.Invoker.invokeTestMethod(Invoker.java:869)
	at org.testng.internal.Invoker.invokeTestMethods(Invoker.java:1193)
	at org.testng.internal.TestMethodWorker.invokeTestMethods(TestMethodWorker.java:126)
	at org.testng.internal.TestMethodWorker.run(TestMethodWorker.java:109)
	at java.util.concurrent.ThreadPoolExecutor.runWorker(Unknown Source)
	at java.util.concurrent.ThreadPoolExecutor$Worker.run(Unknown Source)
	at java.lang.Thread.run(Unknown Source)
]]>
    </failure>
  </testcase> <!-- testMethod1 -->
  <testcase name="testMethod1" time="0.262" classname="rebill.testngRebillFast"/>
  <testcase name="testMethod1" time="50.659" classname="rebill.testngRebillFast"/>
  <testcase name="testMethod1" time="47.615" classname="rebill.testngRebillFast"/>
  <testcase name="testMethod1" time="49.532" classname="rebill.testngRebillFast"/>
  <testcase name="testMethod1" time="46.612" classname="rebill.testngRebillFast"/>
  <testcase name="testMethod1" time="49.639" classname="rebill.testngRebillFast">
    <failure type="java.lang.AssertionError" message="Faled At Last Rebill Screen: Did not reach override errors or failed here">
      <![CDATA[java.lang.AssertionError: Faled At Last Rebill Screen: Did not reach override errors or failed here
	at org.testng.Assert.fail(Assert.java:93)
	at rebill.testngRebillFast.doRebill(testngRebillFast.java:1748)
	at rebill.testngRebillFast.testMethod1(testngRebillFast.java:634)
	at sun.reflect.GeneratedMethodAccessor9.invoke(Unknown Source)
	at sun.reflect.DelegatingMethodAccessorImpl.invoke(Unknown Source)
	at java.lang.reflect.Method.invoke(Unknown Source)
	at org.testng.internal.MethodInvocationHelper.invokeMethod(MethodInvocationHelper.java:108)
	at org.testng.internal.Invoker.invokeMethod(Invoker.java:661)
	at org.testng.internal.Invoker.retryFailed(Invoker.java:1014)
	at org.testng.internal.Invoker.invokeTestMethods(Invoker.java:1215)
	at org.testng.internal.TestMethodWorker.invokeTestMethods(TestMethodWorker.java:126)
	at org.testng.internal.TestMethodWorker.run(TestMethodWorker.java:109)
	at java.util.concurrent.ThreadPoolExecutor.runWorker(Unknown Source)
	at java.util.concurrent.ThreadPoolExecutor$Worker.run(Unknown Source)
	at java.lang.Thread.run(Unknown Source)
]]>
    </failure>
  </testcase> <!-- testMethod1 -->
  <testcase name="testMethod1" time="88.580" classname="rebill.testngRebillFast">
    <failure type="java.lang.AssertionError" message="Faled At Last Rebill Screen: Did not reach override errors or failed here">
      <![CDATA[java.lang.AssertionError: Faled At Last Rebill Screen: Did not reach override errors or failed here
	at org.testng.Assert.fail(Assert.java:93)
	at rebill.testngRebillFast.doRebill(testngRebillFast.java:1748)
	at rebill.testngRebillFast.testMethod1(testngRebillFast.java:634)
	at sun.reflect.GeneratedMethodAccessor9.invoke(Unknown Source)
	at sun.reflect.DelegatingMethodAccessorImpl.invoke(Unknown Source)
	at java.lang.reflect.Method.invoke(Unknown Source)
	at org.testng.internal.MethodInvocationHelper.invokeMethod(MethodInvocationHelper.java:108)
	at org.testng.internal.Invoker.invokeMethod(Invoker.java:661)
	at org.testng.internal.Invoker.retryFailed(Invoker.java:1014)
	at org.testng.internal.Invoker.invokeTestMethods(Invoker.java:1215)
	at org.testng.internal.TestMethodWorker.invokeTestMethods(TestMethodWorker.java:126)
	at org.testng.internal.TestMethodWorker.run(TestMethodWorker.java:109)
	at java.util.concurrent.ThreadPoolExecutor.runWorker(Unknown Source)
	at java.util.concurrent.ThreadPoolExecutor$Worker.run(Unknown Source)
	at java.lang.Thread.run(Unknown Source)
]]>
    </failure>
  </testcase> <!-- testMethod1 -->
  <testcase name="testMethod1" time="93.665" classname="rebill.testngRebillFast">
    <failure type="java.lang.AssertionError" message="Faled At Last Rebill Screen: Did not reach override errors or failed here">
      <![CDATA[java.lang.AssertionError: Faled At Last Rebill Screen: Did not reach override errors or failed here
	at org.testng.Assert.fail(Assert.java:93)
	at rebill.testngRebillFast.doRebill(testngRebillFast.java:1748)
	at rebill.testngRebillFast.testMethod1(testngRebillFast.java:634)
	at sun.reflect.GeneratedMethodAccessor9.invoke(Unknown Source)
	at sun.reflect.DelegatingMethodAccessorImpl.invoke(Unknown Source)
	at java.lang.reflect.Method.invoke(Unknown Source)
	at org.testng.internal.MethodInvocationHelper.invokeMethod(MethodInvocationHelper.java:108)
	at org.testng.internal.Invoker.invokeMethod(Invoker.java:661)
	at org.testng.internal.Invoker.retryFailed(Invoker.java:1014)
	at org.testng.internal.Invoker.invokeTestMethods(Invoker.java:1215)
	at org.testng.internal.TestMethodWorker.invokeTestMethods(TestMethodWorker.java:126)
	at org.testng.internal.TestMethodWorker.run(TestMethodWorker.java:109)
	at java.util.concurrent.ThreadPoolExecutor.runWorker(Unknown Source)
	at java.util.concurrent.ThreadPoolExecutor$Worker.run(Unknown Source)
	at java.lang.Thread.run(Unknown Source)
]]>
    </failure>
  </testcase> <!-- testMethod1 -->
  <testcase name="testMethod1" time="91.240" classname="rebill.testngRebillFast">
    <failure type="java.lang.AssertionError" message="Faled At Last Rebill Screen: Did not reach override errors or failed here">
      <![CDATA[java.lang.AssertionError: Faled At Last Rebill Screen: Did not reach override errors or failed here
	at org.testng.Assert.fail(Assert.java:93)
	at rebill.testngRebillFast.doRebill(testngRebillFast.java:1748)
	at rebill.testngRebillFast.testMethod1(testngRebillFast.java:634)
	at sun.reflect.GeneratedMethodAccessor9.invoke(Unknown Source)
	at sun.reflect.DelegatingMethodAccessorImpl.invoke(Unknown Source)
	at java.lang.reflect.Method.invoke(Unknown Source)
	at org.testng.internal.MethodInvocationHelper.invokeMethod(MethodInvocationHelper.java:108)
	at org.testng.internal.Invoker.invokeMethod(Invoker.java:661)
	at org.testng.internal.Invoker.retryFailed(Invoker.java:1014)
	at org.testng.internal.Invoker.invokeTestMethods(Invoker.java:1215)
	at org.testng.internal.TestMethodWorker.invokeTestMethods(TestMethodWorker.java:126)
	at org.testng.internal.TestMethodWorker.run(TestMethodWorker.java:109)
	at java.util.concurrent.ThreadPoolExecutor.runWorker(Unknown Source)
	at java.util.concurrent.ThreadPoolExecutor$Worker.run(Unknown Source)
	at java.lang.Thread.run(Unknown Source)
]]>
    </failure>
  </testcase> <!-- testMethod1 -->
  <testcase name="testMethod1" time="89.768" classname="rebill.testngRebillFast">
    <skipped/>
  </testcase> <!-- testMethod1 -->
  <testcase name="testMethod1" time="49.447" classname="rebill.testngRebillFast"/>
  <testcase name="testMethod1" time="47.080" classname="rebill.testngRebillFast"/>
  <testcase name="testMethod1" time="94.673" classname="rebill.testngRebillFast">
    <failure type="java.lang.AssertionError" message="Faled At Last Rebill Screen: Did not reach override errors or failed here">
      <![CDATA[java.lang.AssertionError: Faled At Last Rebill Screen: Did not reach override errors or failed here
	at org.testng.Assert.fail(Assert.java:93)
	at rebill.testngRebillFast.doRebill(testngRebillFast.java:1748)
	at rebill.testngRebillFast.testMethod1(testngRebillFast.java:634)
	at sun.reflect.GeneratedMethodAccessor9.invoke(Unknown Source)
	at sun.reflect.DelegatingMethodAccessorImpl.invoke(Unknown Source)
	at java.lang.reflect.Method.invoke(Unknown Source)
	at org.testng.internal.MethodInvocationHelper.invokeMethod(MethodInvocationHelper.java:108)
	at org.testng.internal.Invoker.invokeMethod(Invoker.java:661)
	at org.testng.internal.Invoker.invokeTestMethod(Invoker.java:869)
	at org.testng.internal.Invoker.invokeTestMethods(Invoker.java:1193)
	at org.testng.internal.TestMethodWorker.invokeTestMethods(TestMethodWorker.java:126)
	at org.testng.internal.TestMethodWorker.run(TestMethodWorker.java:109)
	at java.util.concurrent.ThreadPoolExecutor.runWorker(Unknown Source)
	at java.util.concurrent.ThreadPoolExecutor$Worker.run(Unknown Source)
	at java.lang.Thread.run(Unknown Source)
]]>
    </failure>
  </testcase> <!-- testMethod1 -->
  <testcase name="testMethod1" time="50.296" classname="rebill.testngRebillFast">
    <failure type="java.lang.AssertionError" message="Faled At Last Rebill Screen: Did not reach override errors or failed here">
      <![CDATA[java.lang.AssertionError: Faled At Last Rebill Screen: Did not reach override errors or failed here
	at org.testng.Assert.fail(Assert.java:93)
	at rebill.testngRebillFast.doRebill(testngRebillFast.java:1748)
	at rebill.testngRebillFast.testMethod1(testngRebillFast.java:634)
	at sun.reflect.GeneratedMethodAccessor9.invoke(Unknown Source)
	at sun.reflect.DelegatingMethodAccessorImpl.invoke(Unknown Source)
	at java.lang.reflect.Method.invoke(Unknown Source)
	at org.testng.internal.MethodInvocationHelper.invokeMethod(MethodInvocationHelper.java:108)
	at org.testng.internal.Invoker.invokeMethod(Invoker.java:661)
	at org.testng.internal.Invoker.retryFailed(Invoker.java:1014)
	at org.testng.internal.Invoker.invokeTestMethods(Invoker.java:1215)
	at org.testng.internal.TestMethodWorker.invokeTestMethods(TestMethodWorker.java:126)
	at org.testng.internal.TestMethodWorker.run(TestMethodWorker.java:109)
	at java.util.concurrent.ThreadPoolExecutor.runWorker(Unknown Source)
	at java.util.concurrent.ThreadPoolExecutor$Worker.run(Unknown Source)
	at java.lang.Thread.run(Unknown Source)
]]>
    </failure>
  </testcase> <!-- testMethod1 -->
  <testcase name="testMethod1" time="88.345" classname="rebill.testngRebillFast">
    <failure type="java.lang.AssertionError" message="Faled At Last Rebill Screen: Did not reach override errors or failed here">
      <![CDATA[java.lang.AssertionError: Faled At Last Rebill Screen: Did not reach override errors or failed here
	at org.testng.Assert.fail(Assert.java:93)
	at rebill.testngRebillFast.doRebill(testngRebillFast.java:1748)
	at rebill.testngRebillFast.testMethod1(testngRebillFast.java:634)
	at sun.reflect.GeneratedMethodAccessor9.invoke(Unknown Source)
	at sun.reflect.DelegatingMethodAccessorImpl.invoke(Unknown Source)
	at java.lang.reflect.Method.invoke(Unknown Source)
	at org.testng.internal.MethodInvocationHelper.invokeMethod(MethodInvocationHelper.java:108)
	at org.testng.internal.Invoker.invokeMethod(Invoker.java:661)
	at org.testng.internal.Invoker.retryFailed(Invoker.java:1014)
	at org.testng.internal.Invoker.invokeTestMethods(Invoker.java:1215)
	at org.testng.internal.TestMethodWorker.invokeTestMethods(TestMethodWorker.java:126)
	at org.testng.internal.TestMethodWorker.run(TestMethodWorker.java:109)
	at java.util.concurrent.ThreadPoolExecutor.runWorker(Unknown Source)
	at java.util.concurrent.ThreadPoolExecutor$Worker.run(Unknown Source)
	at java.lang.Thread.run(Unknown Source)
]]>
    </failure>
  </testcase> <!-- testMethod1 -->
  <testcase name="testMethod1" time="18.467" classname="rebill.testngRebillFast">
    <failure type="java.lang.AssertionError" message="Failed on Entering Tracking Number">
      <![CDATA[java.lang.AssertionError: Failed on Entering Tracking Number
	at org.testng.Assert.fail(Assert.java:93)
	at rebill.testngRebillFast.doRebill(testngRebillFast.java:1034)
	at rebill.testngRebillFast.testMethod1(testngRebillFast.java:634)
	at sun.reflect.GeneratedMethodAccessor9.invoke(Unknown Source)
	at sun.reflect.DelegatingMethodAccessorImpl.invoke(Unknown Source)
	at java.lang.reflect.Method.invoke(Unknown Source)
	at org.testng.internal.MethodInvocationHelper.invokeMethod(MethodInvocationHelper.java:108)
	at org.testng.internal.Invoker.invokeMethod(Invoker.java:661)
	at org.testng.internal.Invoker.retryFailed(Invoker.java:1014)
	at org.testng.internal.Invoker.invokeTestMethods(Invoker.java:1215)
	at org.testng.internal.TestMethodWorker.invokeTestMethods(TestMethodWorker.java:126)
	at org.testng.internal.TestMethodWorker.run(TestMethodWorker.java:109)
	at java.util.concurrent.ThreadPoolExecutor.runWorker(Unknown Source)
	at java.util.concurrent.ThreadPoolExecutor$Worker.run(Unknown Source)
	at java.lang.Thread.run(Unknown Source)
]]>
    </failure>
  </testcase> <!-- testMethod1 -->
  <testcase name="testMethod1" time="0.504" classname="rebill.testngRebillFast"/>
  <testcase name="testMethod1" time="90.132" classname="rebill.testngRebillFast">
    <failure type="java.lang.AssertionError" message="Faled At Last Rebill Screen: Did not reach override errors or failed here">
      <![CDATA[java.lang.AssertionError: Faled At Last Rebill Screen: Did not reach override errors or failed here
	at org.testng.Assert.fail(Assert.java:93)
	at rebill.testngRebillFast.doRebill(testngRebillFast.java:1748)
	at rebill.testngRebillFast.testMethod1(testngRebillFast.java:634)
	at sun.reflect.GeneratedMethodAccessor9.invoke(Unknown Source)
	at sun.reflect.DelegatingMethodAccessorImpl.invoke(Unknown Source)
	at java.lang.reflect.Method.invoke(Unknown Source)
	at org.testng.internal.MethodInvocationHelper.invokeMethod(MethodInvocationHelper.java:108)
	at org.testng.internal.Invoker.invokeMethod(Invoker.java:661)
	at org.testng.internal.Invoker.retryFailed(Invoker.java:1014)
	at org.testng.internal.Invoker.invokeTestMethods(Invoker.java:1215)
	at org.testng.internal.TestMethodWorker.invokeTestMethods(TestMethodWorker.java:126)
	at org.testng.internal.TestMethodWorker.run(TestMethodWorker.java:109)
	at java.util.concurrent.ThreadPoolExecutor.runWorker(Unknown Source)
	at java.util.concurrent.ThreadPoolExecutor$Worker.run(Unknown Source)
	at java.lang.Thread.run(Unknown Source)
]]>
    </failure>
  </testcase> <!-- testMethod1 -->
  <testcase name="testMethod1" time="89.401" classname="rebill.testngRebillFast">
    <failure type="java.lang.AssertionError" message="Faled At Last Rebill Screen: Did not reach override errors or failed here">
      <![CDATA[java.lang.AssertionError: Faled At Last Rebill Screen: Did not reach override errors or failed here
	at org.testng.Assert.fail(Assert.java:93)
	at rebill.testngRebillFast.doRebill(testngRebillFast.java:1748)
	at rebill.testngRebillFast.testMethod1(testngRebillFast.java:634)
	at sun.reflect.GeneratedMethodAccessor9.invoke(Unknown Source)
	at sun.reflect.DelegatingMethodAccessorImpl.invoke(Unknown Source)
	at java.lang.reflect.Method.invoke(Unknown Source)
	at org.testng.internal.MethodInvocationHelper.invokeMethod(MethodInvocationHelper.java:108)
	at org.testng.internal.Invoker.invokeMethod(Invoker.java:661)
	at org.testng.internal.Invoker.retryFailed(Invoker.java:1014)
	at org.testng.internal.Invoker.invokeTestMethods(Invoker.java:1215)
	at org.testng.internal.TestMethodWorker.invokeTestMethods(TestMethodWorker.java:126)
	at org.testng.internal.TestMethodWorker.run(TestMethodWorker.java:109)
	at java.util.concurrent.ThreadPoolExecutor.runWorker(Unknown Source)
	at java.util.concurrent.ThreadPoolExecutor$Worker.run(Unknown Source)
	at java.lang.Thread.run(Unknown Source)
]]>
    </failure>
  </testcase> <!-- testMethod1 -->
  <testcase name="testMethod1" time="49.349" classname="rebill.testngRebillFast">
    <error type="java.lang.NullPointerException">
      <![CDATA[java.lang.NullPointerException
	at rebill.testngRebillFast.validateResults(testngRebillFast.java:1894)
	at rebill.testngRebillFast.doRebill(testngRebillFast.java:1690)
	at rebill.testngRebillFast.testMethod1(testngRebillFast.java:634)
	at sun.reflect.GeneratedMethodAccessor9.invoke(Unknown Source)
	at sun.reflect.DelegatingMethodAccessorImpl.invoke(Unknown Source)
	at java.lang.reflect.Method.invoke(Unknown Source)
	at org.testng.internal.MethodInvocationHelper.invokeMethod(MethodInvocationHelper.java:108)
	at org.testng.internal.Invoker.invokeMethod(Invoker.java:661)
	at org.testng.internal.Invoker.invokeTestMethod(Invoker.java:869)
	at org.testng.internal.Invoker.invokeTestMethods(Invoker.java:1193)
	at org.testng.internal.TestMethodWorker.invokeTestMethods(TestMethodWorker.java:126)
	at org.testng.internal.TestMethodWorker.run(TestMethodWorker.java:109)
	at java.util.concurrent.ThreadPoolExecutor.runWorker(Unknown Source)
	at java.util.concurrent.ThreadPoolExecutor$Worker.run(Unknown Source)
	at java.lang.Thread.run(Unknown Source)
]]>
    </error>
  </testcase> <!-- testMethod1 -->
  <testcase name="testMethod1" time="17.719" classname="rebill.testngRebillFast">
    <failure type="java.lang.AssertionError" message="Failed on Entering Tracking Number">
      <![CDATA[java.lang.AssertionError: Failed on Entering Tracking Number
	at org.testng.Assert.fail(Assert.java:93)
	at rebill.testngRebillFast.doRebill(testngRebillFast.java:1034)
	at rebill.testngRebillFast.testMethod1(testngRebillFast.java:634)
	at sun.reflect.GeneratedMethodAccessor9.invoke(Unknown Source)
	at sun.reflect.DelegatingMethodAccessorImpl.invoke(Unknown Source)
	at java.lang.reflect.Method.invoke(Unknown Source)
	at org.testng.internal.MethodInvocationHelper.invokeMethod(MethodInvocationHelper.java:108)
	at org.testng.internal.Invoker.invokeMethod(Invoker.java:661)
	at org.testng.internal.Invoker.invokeTestMethod(Invoker.java:869)
	at org.testng.internal.Invoker.invokeTestMethods(Invoker.java:1193)
	at org.testng.internal.TestMethodWorker.invokeTestMethods(TestMethodWorker.java:126)
	at org.testng.internal.TestMethodWorker.run(TestMethodWorker.java:109)
	at java.util.concurrent.ThreadPoolExecutor.runWorker(Unknown Source)
	at java.util.concurrent.ThreadPoolExecutor$Worker.run(Unknown Source)
	at java.lang.Thread.run(Unknown Source)
]]>
    </failure>
  </testcase> <!-- testMethod1 -->
  <testcase name="testMethod1" time="87.946" classname="rebill.testngRebillFast">
    <failure type="java.lang.AssertionError" message="Faled At Last Rebill Screen: Did not reach override errors or failed here">
      <![CDATA[java.lang.AssertionError: Faled At Last Rebill Screen: Did not reach override errors or failed here
	at org.testng.Assert.fail(Assert.java:93)
	at rebill.testngRebillFast.doRebill(testngRebillFast.java:1748)
	at rebill.testngRebillFast.testMethod1(testngRebillFast.java:634)
	at sun.reflect.GeneratedMethodAccessor9.invoke(Unknown Source)
	at sun.reflect.DelegatingMethodAccessorImpl.invoke(Unknown Source)
	at java.lang.reflect.Method.invoke(Unknown Source)
	at org.testng.internal.MethodInvocationHelper.invokeMethod(MethodInvocationHelper.java:108)
	at org.testng.internal.Invoker.invokeMethod(Invoker.java:661)
	at org.testng.internal.Invoker.retryFailed(Invoker.java:1014)
	at org.testng.internal.Invoker.invokeTestMethods(Invoker.java:1215)
	at org.testng.internal.TestMethodWorker.invokeTestMethods(TestMethodWorker.java:126)
	at org.testng.internal.TestMethodWorker.run(TestMethodWorker.java:109)
	at java.util.concurrent.ThreadPoolExecutor.runWorker(Unknown Source)
	at java.util.concurrent.ThreadPoolExecutor$Worker.run(Unknown Source)
	at java.lang.Thread.run(Unknown Source)
]]>
    </failure>
  </testcase> <!-- testMethod1 -->
  <testcase name="testMethod1" time="90.382" classname="rebill.testngRebillFast">
    <failure type="java.lang.AssertionError" message="Faled At Last Rebill Screen: Did not reach override errors or failed here">
      <![CDATA[java.lang.AssertionError: Faled At Last Rebill Screen: Did not reach override errors or failed here
	at org.testng.Assert.fail(Assert.java:93)
	at rebill.testngRebillFast.doRebill(testngRebillFast.java:1748)
	at rebill.testngRebillFast.testMethod1(testngRebillFast.java:634)
	at sun.reflect.GeneratedMethodAccessor9.invoke(Unknown Source)
	at sun.reflect.DelegatingMethodAccessorImpl.invoke(Unknown Source)
	at java.lang.reflect.Method.invoke(Unknown Source)
	at org.testng.internal.MethodInvocationHelper.invokeMethod(MethodInvocationHelper.java:108)
	at org.testng.internal.Invoker.invokeMethod(Invoker.java:661)
	at org.testng.internal.Invoker.invokeTestMethod(Invoker.java:869)
	at org.testng.internal.Invoker.invokeTestMethods(Invoker.java:1193)
	at org.testng.internal.TestMethodWorker.invokeTestMethods(TestMethodWorker.java:126)
	at org.testng.internal.TestMethodWorker.run(TestMethodWorker.java:109)
	at java.util.concurrent.ThreadPoolExecutor.runWorker(Unknown Source)
	at java.util.concurrent.ThreadPoolExecutor$Worker.run(Unknown Source)
	at java.lang.Thread.run(Unknown Source)
]]>
    </failure>
  </testcase> <!-- testMethod1 -->
  <testcase name="testMethod1" time="48.900" classname="rebill.testngRebillFast"/>
  <testcase name="testMethod1" time="91.003" classname="rebill.testngRebillFast">
    <failure type="java.lang.AssertionError" message="Faled At Last Rebill Screen: Did not reach override errors or failed here">
      <![CDATA[java.lang.AssertionError: Faled At Last Rebill Screen: Did not reach override errors or failed here
	at org.testng.Assert.fail(Assert.java:93)
	at rebill.testngRebillFast.doRebill(testngRebillFast.java:1748)
	at rebill.testngRebillFast.testMethod1(testngRebillFast.java:634)
	at sun.reflect.GeneratedMethodAccessor9.invoke(Unknown Source)
	at sun.reflect.DelegatingMethodAccessorImpl.invoke(Unknown Source)
	at java.lang.reflect.Method.invoke(Unknown Source)
	at org.testng.internal.MethodInvocationHelper.invokeMethod(MethodInvocationHelper.java:108)
	at org.testng.internal.Invoker.invokeMethod(Invoker.java:661)
	at org.testng.internal.Invoker.invokeTestMethod(Invoker.java:869)
	at org.testng.internal.Invoker.invokeTestMethods(Invoker.java:1193)
	at org.testng.internal.TestMethodWorker.invokeTestMethods(TestMethodWorker.java:126)
	at org.testng.internal.TestMethodWorker.run(TestMethodWorker.java:109)
	at java.util.concurrent.ThreadPoolExecutor.runWorker(Unknown Source)
	at java.util.concurrent.ThreadPoolExecutor$Worker.run(Unknown Source)
	at java.lang.Thread.run(Unknown Source)
]]>
    </failure>
  </testcase> <!-- testMethod1 -->
  <testcase name="testMethod1" time="49.232" classname="rebill.testngRebillFast"/>
  <testcase name="testMethod1" time="51.088" classname="rebill.testngRebillFast">
    <error type="java.lang.NullPointerException">
      <![CDATA[java.lang.NullPointerException
	at rebill.testngRebillFast.validateResults(testngRebillFast.java:1894)
	at rebill.testngRebillFast.doRebill(testngRebillFast.java:1690)
	at rebill.testngRebillFast.testMethod1(testngRebillFast.java:634)
	at sun.reflect.GeneratedMethodAccessor9.invoke(Unknown Source)
	at sun.reflect.DelegatingMethodAccessorImpl.invoke(Unknown Source)
	at java.lang.reflect.Method.invoke(Unknown Source)
	at org.testng.internal.MethodInvocationHelper.invokeMethod(MethodInvocationHelper.java:108)
	at org.testng.internal.Invoker.invokeMethod(Invoker.java:661)
	at org.testng.internal.Invoker.invokeTestMethod(Invoker.java:869)
	at org.testng.internal.Invoker.invokeTestMethods(Invoker.java:1193)
	at org.testng.internal.TestMethodWorker.invokeTestMethods(TestMethodWorker.java:126)
	at org.testng.internal.TestMethodWorker.run(TestMethodWorker.java:109)
	at java.util.concurrent.ThreadPoolExecutor.runWorker(Unknown Source)
	at java.util.concurrent.ThreadPoolExecutor$Worker.run(Unknown Source)
	at java.lang.Thread.run(Unknown Source)
]]>
    </error>
  </testcase> <!-- testMethod1 -->
  <testcase name="testMethod1" time="51.029" classname="rebill.testngRebillFast"/>
  <testcase name="testMethod1" time="49.983" classname="rebill.testngRebillFast">
    <error type="java.lang.NullPointerException">
      <![CDATA[java.lang.NullPointerException
	at rebill.testngRebillFast.validateResults(testngRebillFast.java:1894)
	at rebill.testngRebillFast.doRebill(testngRebillFast.java:1690)
	at rebill.testngRebillFast.testMethod1(testngRebillFast.java:634)
	at sun.reflect.GeneratedMethodAccessor9.invoke(Unknown Source)
	at sun.reflect.DelegatingMethodAccessorImpl.invoke(Unknown Source)
	at java.lang.reflect.Method.invoke(Unknown Source)
	at org.testng.internal.MethodInvocationHelper.invokeMethod(MethodInvocationHelper.java:108)
	at org.testng.internal.Invoker.invokeMethod(Invoker.java:661)
	at org.testng.internal.Invoker.invokeTestMethod(Invoker.java:869)
	at org.testng.internal.Invoker.invokeTestMethods(Invoker.java:1193)
	at org.testng.internal.TestMethodWorker.invokeTestMethods(TestMethodWorker.java:126)
	at org.testng.internal.TestMethodWorker.run(TestMethodWorker.java:109)
	at java.util.concurrent.ThreadPoolExecutor.runWorker(Unknown Source)
	at java.util.concurrent.ThreadPoolExecutor$Worker.run(Unknown Source)
	at java.lang.Thread.run(Unknown Source)
]]>
    </error>
  </testcase> <!-- testMethod1 -->
  <testcase name="testMethod1" time="50.147" classname="rebill.testngRebillFast"/>
  <testcase name="testMethod1" time="91.747" classname="rebill.testngRebillFast">
    <failure type="java.lang.AssertionError" message="Faled At Last Rebill Screen: Did not reach override errors or failed here">
      <![CDATA[java.lang.AssertionError: Faled At Last Rebill Screen: Did not reach override errors or failed here
	at org.testng.Assert.fail(Assert.java:93)
	at rebill.testngRebillFast.doRebill(testngRebillFast.java:1748)
	at rebill.testngRebillFast.testMethod1(testngRebillFast.java:634)
	at sun.reflect.GeneratedMethodAccessor9.invoke(Unknown Source)
	at sun.reflect.DelegatingMethodAccessorImpl.invoke(Unknown Source)
	at java.lang.reflect.Method.invoke(Unknown Source)
	at org.testng.internal.MethodInvocationHelper.invokeMethod(MethodInvocationHelper.java:108)
	at org.testng.internal.Invoker.invokeMethod(Invoker.java:661)
	at org.testng.internal.Invoker.invokeTestMethod(Invoker.java:869)
	at org.testng.internal.Invoker.invokeTestMethods(Invoker.java:1193)
	at org.testng.internal.TestMethodWorker.invokeTestMethods(TestMethodWorker.java:126)
	at org.testng.internal.TestMethodWorker.run(TestMethodWorker.java:109)
	at java.util.concurrent.ThreadPoolExecutor.runWorker(Unknown Source)
	at java.util.concurrent.ThreadPoolExecutor$Worker.run(Unknown Source)
	at java.lang.Thread.run(Unknown Source)
]]>
    </failure>
  </testcase> <!-- testMethod1 -->
  <testcase name="testMethod1" time="47.256" classname="rebill.testngRebillFast">
    <error type="java.lang.NullPointerException">
      <![CDATA[java.lang.NullPointerException
	at rebill.testngRebillFast.validateResults(testngRebillFast.java:1894)
	at rebill.testngRebillFast.doRebill(testngRebillFast.java:1690)
	at rebill.testngRebillFast.testMethod1(testngRebillFast.java:634)
	at sun.reflect.GeneratedMethodAccessor9.invoke(Unknown Source)
	at sun.reflect.DelegatingMethodAccessorImpl.invoke(Unknown Source)
	at java.lang.reflect.Method.invoke(Unknown Source)
	at org.testng.internal.MethodInvocationHelper.invokeMethod(MethodInvocationHelper.java:108)
	at org.testng.internal.Invoker.invokeMethod(Invoker.java:661)
	at org.testng.internal.Invoker.invokeTestMethod(Invoker.java:869)
	at org.testng.internal.Invoker.invokeTestMethods(Invoker.java:1193)
	at org.testng.internal.TestMethodWorker.invokeTestMethods(TestMethodWorker.java:126)
	at org.testng.internal.TestMethodWorker.run(TestMethodWorker.java:109)
	at java.util.concurrent.ThreadPoolExecutor.runWorker(Unknown Source)
	at java.util.concurrent.ThreadPoolExecutor$Worker.run(Unknown Source)
	at java.lang.Thread.run(Unknown Source)
]]>
    </error>
  </testcase> <!-- testMethod1 -->
  <testcase name="testMethod1" time="48.042" classname="rebill.testngRebillFast"/>
  <testcase name="testMethod1" time="86.768" classname="rebill.testngRebillFast">
    <failure type="java.lang.AssertionError" message="Faled At Last Rebill Screen: Did not reach override errors or failed here">
      <![CDATA[java.lang.AssertionError: Faled At Last Rebill Screen: Did not reach override errors or failed here
	at org.testng.Assert.fail(Assert.java:93)
	at rebill.testngRebillFast.doRebill(testngRebillFast.java:1748)
	at rebill.testngRebillFast.testMethod1(testngRebillFast.java:634)
	at sun.reflect.GeneratedMethodAccessor9.invoke(Unknown Source)
	at sun.reflect.DelegatingMethodAccessorImpl.invoke(Unknown Source)
	at java.lang.reflect.Method.invoke(Unknown Source)
	at org.testng.internal.MethodInvocationHelper.invokeMethod(MethodInvocationHelper.java:108)
	at org.testng.internal.Invoker.invokeMethod(Invoker.java:661)
	at org.testng.internal.Invoker.retryFailed(Invoker.java:1014)
	at org.testng.internal.Invoker.invokeTestMethods(Invoker.java:1215)
	at org.testng.internal.TestMethodWorker.invokeTestMethods(TestMethodWorker.java:126)
	at org.testng.internal.TestMethodWorker.run(TestMethodWorker.java:109)
	at java.util.concurrent.ThreadPoolExecutor.runWorker(Unknown Source)
	at java.util.concurrent.ThreadPoolExecutor$Worker.run(Unknown Source)
	at java.lang.Thread.run(Unknown Source)
]]>
    </failure>
  </testcase> <!-- testMethod1 -->
  <testcase name="testMethod1" time="51.532" classname="rebill.testngRebillFast"/>
  <testcase name="testMethod1" time="48.770" classname="rebill.testngRebillFast"/>
  <testcase name="testMethod1" time="46.199" classname="rebill.testngRebillFast">
    <failure type="java.lang.AssertionError" message="Faled At Last Rebill Screen: Did not reach override errors or failed here">
      <![CDATA[java.lang.AssertionError: Faled At Last Rebill Screen: Did not reach override errors or failed here
	at org.testng.Assert.fail(Assert.java:93)
	at rebill.testngRebillFast.doRebill(testngRebillFast.java:1748)
	at rebill.testngRebillFast.testMethod1(testngRebillFast.java:634)
	at sun.reflect.NativeMethodAccessorImpl.invoke0(Native Method)
	at sun.reflect.NativeMethodAccessorImpl.invoke(Unknown Source)
	at sun.reflect.DelegatingMethodAccessorImpl.invoke(Unknown Source)
	at java.lang.reflect.Method.invoke(Unknown Source)
	at org.testng.internal.MethodInvocationHelper.invokeMethod(MethodInvocationHelper.java:108)
	at org.testng.internal.Invoker.invokeMethod(Invoker.java:661)
	at org.testng.internal.Invoker.retryFailed(Invoker.java:1014)
	at org.testng.internal.Invoker.invokeTestMethods(Invoker.java:1215)
	at org.testng.internal.TestMethodWorker.invokeTestMethods(TestMethodWorker.java:126)
	at org.testng.internal.TestMethodWorker.run(TestMethodWorker.java:109)
	at java.util.concurrent.ThreadPoolExecutor.runWorker(Unknown Source)
	at java.util.concurrent.ThreadPoolExecutor$Worker.run(Unknown Source)
	at java.lang.Thread.run(Unknown Source)
]]>
    </failure>
  </testcase> <!-- testMethod1 -->
  <testcase name="testMethod1" time="45.417" classname="rebill.testngRebillFast"/>
  <testcase name="testMethod1" time="89.696" classname="rebill.testngRebillFast">
    <failure type="java.lang.AssertionError" message="Faled At Last Rebill Screen: Did not reach override errors or failed here">
      <![CDATA[java.lang.AssertionError: Faled At Last Rebill Screen: Did not reach override errors or failed here
	at org.testng.Assert.fail(Assert.java:93)
	at rebill.testngRebillFast.doRebill(testngRebillFast.java:1748)
	at rebill.testngRebillFast.testMethod1(testngRebillFast.java:634)
	at sun.reflect.GeneratedMethodAccessor9.invoke(Unknown Source)
	at sun.reflect.DelegatingMethodAccessorImpl.invoke(Unknown Source)
	at java.lang.reflect.Method.invoke(Unknown Source)
	at org.testng.internal.MethodInvocationHelper.invokeMethod(MethodInvocationHelper.java:108)
	at org.testng.internal.Invoker.invokeMethod(Invoker.java:661)
	at org.testng.internal.Invoker.invokeTestMethod(Invoker.java:869)
	at org.testng.internal.Invoker.invokeTestMethods(Invoker.java:1193)
	at org.testng.internal.TestMethodWorker.invokeTestMethods(TestMethodWorker.java:126)
	at org.testng.internal.TestMethodWorker.run(TestMethodWorker.java:109)
	at java.util.concurrent.ThreadPoolExecutor.runWorker(Unknown Source)
	at java.util.concurrent.ThreadPoolExecutor$Worker.run(Unknown Source)
	at java.lang.Thread.run(Unknown Source)
]]>
    </failure>
  </testcase> <!-- testMethod1 -->
  <testcase name="testMethod1" time="45.496" classname="rebill.testngRebillFast"/>
  <testcase name="testMethod1" time="87.030" classname="rebill.testngRebillFast">
    <failure type="java.lang.AssertionError" message="Faled At Last Rebill Screen: Did not reach override errors or failed here">
      <![CDATA[java.lang.AssertionError: Faled At Last Rebill Screen: Did not reach override errors or failed here
	at org.testng.Assert.fail(Assert.java:93)
	at rebill.testngRebillFast.doRebill(testngRebillFast.java:1748)
	at rebill.testngRebillFast.testMethod1(testngRebillFast.java:634)
	at sun.reflect.NativeMethodAccessorImpl.invoke0(Native Method)
	at sun.reflect.NativeMethodAccessorImpl.invoke(Unknown Source)
	at sun.reflect.DelegatingMethodAccessorImpl.invoke(Unknown Source)
	at java.lang.reflect.Method.invoke(Unknown Source)
	at org.testng.internal.MethodInvocationHelper.invokeMethod(MethodInvocationHelper.java:108)
	at org.testng.internal.Invoker.invokeMethod(Invoker.java:661)
	at org.testng.internal.Invoker.retryFailed(Invoker.java:1014)
	at org.testng.internal.Invoker.invokeTestMethods(Invoker.java:1215)
	at org.testng.internal.TestMethodWorker.invokeTestMethods(TestMethodWorker.java:126)
	at org.testng.internal.TestMethodWorker.run(TestMethodWorker.java:109)
	at java.util.concurrent.ThreadPoolExecutor.runWorker(Unknown Source)
	at java.util.concurrent.ThreadPoolExecutor$Worker.run(Unknown Source)
	at java.lang.Thread.run(Unknown Source)
]]>
    </failure>
  </testcase> <!-- testMethod1 -->
  <testcase name="testMethod1" time="51.082" classname="rebill.testngRebillFast">
    <failure type="java.lang.AssertionError" message="Faled At Last Rebill Screen: Did not reach override errors or failed here">
      <![CDATA[java.lang.AssertionError: Faled At Last Rebill Screen: Did not reach override errors or failed here
	at org.testng.Assert.fail(Assert.java:93)
	at rebill.testngRebillFast.doRebill(testngRebillFast.java:1748)
	at rebill.testngRebillFast.testMethod1(testngRebillFast.java:634)
	at sun.reflect.GeneratedMethodAccessor9.invoke(Unknown Source)
	at sun.reflect.DelegatingMethodAccessorImpl.invoke(Unknown Source)
	at java.lang.reflect.Method.invoke(Unknown Source)
	at org.testng.internal.MethodInvocationHelper.invokeMethod(MethodInvocationHelper.java:108)
	at org.testng.internal.Invoker.invokeMethod(Invoker.java:661)
	at org.testng.internal.Invoker.invokeTestMethod(Invoker.java:869)
	at org.testng.internal.Invoker.invokeTestMethods(Invoker.java:1193)
	at org.testng.internal.TestMethodWorker.invokeTestMethods(TestMethodWorker.java:126)
	at org.testng.internal.TestMethodWorker.run(TestMethodWorker.java:109)
	at java.util.concurrent.ThreadPoolExecutor.runWorker(Unknown Source)
	at java.util.concurrent.ThreadPoolExecutor$Worker.run(Unknown Source)
	at java.lang.Thread.run(Unknown Source)
]]>
    </failure>
  </testcase> <!-- testMethod1 -->
  <testcase name="testMethod1" time="47.213" classname="rebill.testngRebillFast"/>
  <testcase name="testMethod1" time="47.455" classname="rebill.testngRebillFast"/>
  <testcase name="testMethod1" time="46.305" classname="rebill.testngRebillFast"/>
  <testcase name="testMethod1" time="87.958" classname="rebill.testngRebillFast">
    <failure type="java.lang.AssertionError" message="Faled At Last Rebill Screen: Did not reach override errors or failed here">
      <![CDATA[java.lang.AssertionError: Faled At Last Rebill Screen: Did not reach override errors or failed here
	at org.testng.Assert.fail(Assert.java:93)
	at rebill.testngRebillFast.doRebill(testngRebillFast.java:1748)
	at rebill.testngRebillFast.testMethod1(testngRebillFast.java:634)
	at sun.reflect.GeneratedMethodAccessor9.invoke(Unknown Source)
	at sun.reflect.DelegatingMethodAccessorImpl.invoke(Unknown Source)
	at java.lang.reflect.Method.invoke(Unknown Source)
	at org.testng.internal.MethodInvocationHelper.invokeMethod(MethodInvocationHelper.java:108)
	at org.testng.internal.Invoker.invokeMethod(Invoker.java:661)
	at org.testng.internal.Invoker.invokeTestMethod(Invoker.java:869)
	at org.testng.internal.Invoker.invokeTestMethods(Invoker.java:1193)
	at org.testng.internal.TestMethodWorker.invokeTestMethods(TestMethodWorker.java:126)
	at org.testng.internal.TestMethodWorker.run(TestMethodWorker.java:109)
	at java.util.concurrent.ThreadPoolExecutor.runWorker(Unknown Source)
	at java.util.concurrent.ThreadPoolExecutor$Worker.run(Unknown Source)
	at java.lang.Thread.run(Unknown Source)
]]>
    </failure>
  </testcase> <!-- testMethod1 -->
  <testcase name="testMethod1" time="50.653" classname="rebill.testngRebillFast"/>
  <testcase name="testMethod1" time="45.485" classname="rebill.testngRebillFast">
    <failure type="java.lang.AssertionError" message="Faled At Last Rebill Screen: Did not reach override errors or failed here">
      <![CDATA[java.lang.AssertionError: Faled At Last Rebill Screen: Did not reach override errors or failed here
	at org.testng.Assert.fail(Assert.java:93)
	at rebill.testngRebillFast.doRebill(testngRebillFast.java:1748)
	at rebill.testngRebillFast.testMethod1(testngRebillFast.java:634)
	at sun.reflect.GeneratedMethodAccessor9.invoke(Unknown Source)
	at sun.reflect.DelegatingMethodAccessorImpl.invoke(Unknown Source)
	at java.lang.reflect.Method.invoke(Unknown Source)
	at org.testng.internal.MethodInvocationHelper.invokeMethod(MethodInvocationHelper.java:108)
	at org.testng.internal.Invoker.invokeMethod(Invoker.java:661)
	at org.testng.internal.Invoker.invokeTestMethod(Invoker.java:869)
	at org.testng.internal.Invoker.invokeTestMethods(Invoker.java:1193)
	at org.testng.internal.TestMethodWorker.invokeTestMethods(TestMethodWorker.java:126)
	at org.testng.internal.TestMethodWorker.run(TestMethodWorker.java:109)
	at java.util.concurrent.ThreadPoolExecutor.runWorker(Unknown Source)
	at java.util.concurrent.ThreadPoolExecutor$Worker.run(Unknown Source)
	at java.lang.Thread.run(Unknown Source)
]]>
    </failure>
  </testcase> <!-- testMethod1 -->
  <testcase name="testMethod1" time="88.005" classname="rebill.testngRebillFast">
    <failure type="java.lang.AssertionError" message="Faled At Last Rebill Screen: Did not reach override errors or failed here">
      <![CDATA[java.lang.AssertionError: Faled At Last Rebill Screen: Did not reach override errors or failed here
	at org.testng.Assert.fail(Assert.java:93)
	at rebill.testngRebillFast.doRebill(testngRebillFast.java:1748)
	at rebill.testngRebillFast.testMethod1(testngRebillFast.java:634)
	at sun.reflect.GeneratedMethodAccessor9.invoke(Unknown Source)
	at sun.reflect.DelegatingMethodAccessorImpl.invoke(Unknown Source)
	at java.lang.reflect.Method.invoke(Unknown Source)
	at org.testng.internal.MethodInvocationHelper.invokeMethod(MethodInvocationHelper.java:108)
	at org.testng.internal.Invoker.invokeMethod(Invoker.java:661)
	at org.testng.internal.Invoker.invokeTestMethod(Invoker.java:869)
	at org.testng.internal.Invoker.invokeTestMethods(Invoker.java:1193)
	at org.testng.internal.TestMethodWorker.invokeTestMethods(TestMethodWorker.java:126)
	at org.testng.internal.TestMethodWorker.run(TestMethodWorker.java:109)
	at java.util.concurrent.ThreadPoolExecutor.runWorker(Unknown Source)
	at java.util.concurrent.ThreadPoolExecutor$Worker.run(Unknown Source)
	at java.lang.Thread.run(Unknown Source)
]]>
    </failure>
  </testcase> <!-- testMethod1 -->
  <testcase name="testMethod1" time="49.173" classname="rebill.testngRebillFast"/>
  <testcase name="testMethod1" time="91.955" classname="rebill.testngRebillFast">
    <failure type="java.lang.AssertionError" message="Faled At Last Rebill Screen: Did not reach override errors or failed here">
      <![CDATA[java.lang.AssertionError: Faled At Last Rebill Screen: Did not reach override errors or failed here
	at org.testng.Assert.fail(Assert.java:93)
	at rebill.testngRebillFast.doRebill(testngRebillFast.java:1748)
	at rebill.testngRebillFast.testMethod1(testngRebillFast.java:634)
	at sun.reflect.NativeMethodAccessorImpl.invoke0(Native Method)
	at sun.reflect.NativeMethodAccessorImpl.invoke(Unknown Source)
	at sun.reflect.DelegatingMethodAccessorImpl.invoke(Unknown Source)
	at java.lang.reflect.Method.invoke(Unknown Source)
	at org.testng.internal.MethodInvocationHelper.invokeMethod(MethodInvocationHelper.java:108)
	at org.testng.internal.Invoker.invokeMethod(Invoker.java:661)
	at org.testng.internal.Invoker.retryFailed(Invoker.java:1014)
	at org.testng.internal.Invoker.invokeTestMethods(Invoker.java:1215)
	at org.testng.internal.TestMethodWorker.invokeTestMethods(TestMethodWorker.java:126)
	at org.testng.internal.TestMethodWorker.run(TestMethodWorker.java:109)
	at java.util.concurrent.ThreadPoolExecutor.runWorker(Unknown Source)
	at java.util.concurrent.ThreadPoolExecutor$Worker.run(Unknown Source)
	at java.lang.Thread.run(Unknown Source)
]]>
    </failure>
  </testcase> <!-- testMethod1 -->
  <testcase name="testMethod1" time="49.136" classname="rebill.testngRebillFast">
    <failure type="java.lang.AssertionError" message="Faled At Last Rebill Screen: Did not reach override errors or failed here">
      <![CDATA[java.lang.AssertionError: Faled At Last Rebill Screen: Did not reach override errors or failed here
	at org.testng.Assert.fail(Assert.java:93)
	at rebill.testngRebillFast.doRebill(testngRebillFast.java:1748)
	at rebill.testngRebillFast.testMethod1(testngRebillFast.java:634)
	at sun.reflect.GeneratedMethodAccessor9.invoke(Unknown Source)
	at sun.reflect.DelegatingMethodAccessorImpl.invoke(Unknown Source)
	at java.lang.reflect.Method.invoke(Unknown Source)
	at org.testng.internal.MethodInvocationHelper.invokeMethod(MethodInvocationHelper.java:108)
	at org.testng.internal.Invoker.invokeMethod(Invoker.java:661)
	at org.testng.internal.Invoker.retryFailed(Invoker.java:1014)
	at org.testng.internal.Invoker.invokeTestMethods(Invoker.java:1215)
	at org.testng.internal.TestMethodWorker.invokeTestMethods(TestMethodWorker.java:126)
	at org.testng.internal.TestMethodWorker.run(TestMethodWorker.java:109)
	at java.util.concurrent.ThreadPoolExecutor.runWorker(Unknown Source)
	at java.util.concurrent.ThreadPoolExecutor$Worker.run(Unknown Source)
	at java.lang.Thread.run(Unknown Source)
]]>
    </failure>
  </testcase> <!-- testMethod1 -->
  <testcase name="testMethod1" time="90.134" classname="rebill.testngRebillFast">
    <failure type="java.lang.AssertionError" message="Faled At Last Rebill Screen: Did not reach override errors or failed here">
      <![CDATA[java.lang.AssertionError: Faled At Last Rebill Screen: Did not reach override errors or failed here
	at org.testng.Assert.fail(Assert.java:93)
	at rebill.testngRebillFast.doRebill(testngRebillFast.java:1748)
	at rebill.testngRebillFast.testMethod1(testngRebillFast.java:634)
	at sun.reflect.GeneratedMethodAccessor9.invoke(Unknown Source)
	at sun.reflect.DelegatingMethodAccessorImpl.invoke(Unknown Source)
	at java.lang.reflect.Method.invoke(Unknown Source)
	at org.testng.internal.MethodInvocationHelper.invokeMethod(MethodInvocationHelper.java:108)
	at org.testng.internal.Invoker.invokeMethod(Invoker.java:661)
	at org.testng.internal.Invoker.invokeTestMethod(Invoker.java:869)
	at org.testng.internal.Invoker.invokeTestMethods(Invoker.java:1193)
	at org.testng.internal.TestMethodWorker.invokeTestMethods(TestMethodWorker.java:126)
	at org.testng.internal.TestMethodWorker.run(TestMethodWorker.java:109)
	at java.util.concurrent.ThreadPoolExecutor.runWorker(Unknown Source)
	at java.util.concurrent.ThreadPoolExecutor$Worker.run(Unknown Source)
	at java.lang.Thread.run(Unknown Source)
]]>
    </failure>
  </testcase> <!-- testMethod1 -->
  <testcase name="testMethod1" time="91.637" classname="rebill.testngRebillFast">
    <failure type="java.lang.AssertionError" message="Faled At Last Rebill Screen: Did not reach override errors or failed here">
      <![CDATA[java.lang.AssertionError: Faled At Last Rebill Screen: Did not reach override errors or failed here
	at org.testng.Assert.fail(Assert.java:93)
	at rebill.testngRebillFast.doRebill(testngRebillFast.java:1748)
	at rebill.testngRebillFast.testMethod1(testngRebillFast.java:634)
	at sun.reflect.GeneratedMethodAccessor9.invoke(Unknown Source)
	at sun.reflect.DelegatingMethodAccessorImpl.invoke(Unknown Source)
	at java.lang.reflect.Method.invoke(Unknown Source)
	at org.testng.internal.MethodInvocationHelper.invokeMethod(MethodInvocationHelper.java:108)
	at org.testng.internal.Invoker.invokeMethod(Invoker.java:661)
	at org.testng.internal.Invoker.retryFailed(Invoker.java:1014)
	at org.testng.internal.Invoker.invokeTestMethods(Invoker.java:1215)
	at org.testng.internal.TestMethodWorker.invokeTestMethods(TestMethodWorker.java:126)
	at org.testng.internal.TestMethodWorker.run(TestMethodWorker.java:109)
	at java.util.concurrent.ThreadPoolExecutor.runWorker(Unknown Source)
	at java.util.concurrent.ThreadPoolExecutor$Worker.run(Unknown Source)
	at java.lang.Thread.run(Unknown Source)
]]>
    </failure>
  </testcase> <!-- testMethod1 -->
  <testcase name="testMethod1" time="49.062" classname="rebill.testngRebillFast">
    <error type="java.lang.NullPointerException">
      <![CDATA[java.lang.NullPointerException
	at rebill.testngRebillFast.validateResults(testngRebillFast.java:1894)
	at rebill.testngRebillFast.doRebill(testngRebillFast.java:1690)
	at rebill.testngRebillFast.testMethod1(testngRebillFast.java:634)
	at sun.reflect.GeneratedMethodAccessor9.invoke(Unknown Source)
	at sun.reflect.DelegatingMethodAccessorImpl.invoke(Unknown Source)
	at java.lang.reflect.Method.invoke(Unknown Source)
	at org.testng.internal.MethodInvocationHelper.invokeMethod(MethodInvocationHelper.java:108)
	at org.testng.internal.Invoker.invokeMethod(Invoker.java:661)
	at org.testng.internal.Invoker.invokeTestMethod(Invoker.java:869)
	at org.testng.internal.Invoker.invokeTestMethods(Invoker.java:1193)
	at org.testng.internal.TestMethodWorker.invokeTestMethods(TestMethodWorker.java:126)
	at org.testng.internal.TestMethodWorker.run(TestMethodWorker.java:109)
	at java.util.concurrent.ThreadPoolExecutor.runWorker(Unknown Source)
	at java.util.concurrent.ThreadPoolExecutor$Worker.run(Unknown Source)
	at java.lang.Thread.run(Unknown Source)
]]>
    </error>
  </testcase> <!-- testMethod1 -->
  <testcase name="testMethod1" time="87.715" classname="rebill.testngRebillFast">
    <failure type="java.lang.AssertionError" message="Faled At Last Rebill Screen: Did not reach override errors or failed here">
      <![CDATA[java.lang.AssertionError: Faled At Last Rebill Screen: Did not reach override errors or failed here
	at org.testng.Assert.fail(Assert.java:93)
	at rebill.testngRebillFast.doRebill(testngRebillFast.java:1748)
	at rebill.testngRebillFast.testMethod1(testngRebillFast.java:634)
	at sun.reflect.GeneratedMethodAccessor9.invoke(Unknown Source)
	at sun.reflect.DelegatingMethodAccessorImpl.invoke(Unknown Source)
	at java.lang.reflect.Method.invoke(Unknown Source)
	at org.testng.internal.MethodInvocationHelper.invokeMethod(MethodInvocationHelper.java:108)
	at org.testng.internal.Invoker.invokeMethod(Invoker.java:661)
	at org.testng.internal.Invoker.invokeTestMethod(Invoker.java:869)
	at org.testng.internal.Invoker.invokeTestMethods(Invoker.java:1193)
	at org.testng.internal.TestMethodWorker.invokeTestMethods(TestMethodWorker.java:126)
	at org.testng.internal.TestMethodWorker.run(TestMethodWorker.java:109)
	at java.util.concurrent.ThreadPoolExecutor.runWorker(Unknown Source)
	at java.util.concurrent.ThreadPoolExecutor$Worker.run(Unknown Source)
	at java.lang.Thread.run(Unknown Source)
]]>
    </failure>
  </testcase> <!-- testMethod1 -->
  <testcase name="testMethod1" time="92.927" classname="rebill.testngRebillFast">
    <failure type="java.lang.AssertionError" message="Faled At Last Rebill Screen: Did not reach override errors or failed here">
      <![CDATA[java.lang.AssertionError: Faled At Last Rebill Screen: Did not reach override errors or failed here
	at org.testng.Assert.fail(Assert.java:93)
	at rebill.testngRebillFast.doRebill(testngRebillFast.java:1748)
	at rebill.testngRebillFast.testMethod1(testngRebillFast.java:634)
	at sun.reflect.GeneratedMethodAccessor9.invoke(Unknown Source)
	at sun.reflect.DelegatingMethodAccessorImpl.invoke(Unknown Source)
	at java.lang.reflect.Method.invoke(Unknown Source)
	at org.testng.internal.MethodInvocationHelper.invokeMethod(MethodInvocationHelper.java:108)
	at org.testng.internal.Invoker.invokeMethod(Invoker.java:661)
	at org.testng.internal.Invoker.invokeTestMethod(Invoker.java:869)
	at org.testng.internal.Invoker.invokeTestMethods(Invoker.java:1193)
	at org.testng.internal.TestMethodWorker.invokeTestMethods(TestMethodWorker.java:126)
	at org.testng.internal.TestMethodWorker.run(TestMethodWorker.java:109)
	at java.util.concurrent.ThreadPoolExecutor.runWorker(Unknown Source)
	at java.util.concurrent.ThreadPoolExecutor$Worker.run(Unknown Source)
	at java.lang.Thread.run(Unknown Source)
]]>
    </failure>
  </testcase> <!-- testMethod1 -->
  <testcase name="testMethod1" time="90.743" classname="rebill.testngRebillFast">
    <failure type="java.lang.AssertionError" message="Faled At Last Rebill Screen: Did not reach override errors or failed here">
      <![CDATA[java.lang.AssertionError: Faled At Last Rebill Screen: Did not reach override errors or failed here
	at org.testng.Assert.fail(Assert.java:93)
	at rebill.testngRebillFast.doRebill(testngRebillFast.java:1748)
	at rebill.testngRebillFast.testMethod1(testngRebillFast.java:634)
	at sun.reflect.GeneratedMethodAccessor9.invoke(Unknown Source)
	at sun.reflect.DelegatingMethodAccessorImpl.invoke(Unknown Source)
	at java.lang.reflect.Method.invoke(Unknown Source)
	at org.testng.internal.MethodInvocationHelper.invokeMethod(MethodInvocationHelper.java:108)
	at org.testng.internal.Invoker.invokeMethod(Invoker.java:661)
	at org.testng.internal.Invoker.retryFailed(Invoker.java:1014)
	at org.testng.internal.Invoker.invokeTestMethods(Invoker.java:1215)
	at org.testng.internal.TestMethodWorker.invokeTestMethods(TestMethodWorker.java:126)
	at org.testng.internal.TestMethodWorker.run(TestMethodWorker.java:109)
	at java.util.concurrent.ThreadPoolExecutor.runWorker(Unknown Source)
	at java.util.concurrent.ThreadPoolExecutor$Worker.run(Unknown Source)
	at java.lang.Thread.run(Unknown Source)
]]>
    </failure>
  </testcase> <!-- testMethod1 -->
  <testcase name="testMethod1" time="89.645" classname="rebill.testngRebillFast">
    <failure type="java.lang.AssertionError" message="Faled At Last Rebill Screen: Did not reach override errors or failed here">
      <![CDATA[java.lang.AssertionError: Faled At Last Rebill Screen: Did not reach override errors or failed here
	at org.testng.Assert.fail(Assert.java:93)
	at rebill.testngRebillFast.doRebill(testngRebillFast.java:1748)
	at rebill.testngRebillFast.testMethod1(testngRebillFast.java:634)
	at sun.reflect.GeneratedMethodAccessor9.invoke(Unknown Source)
	at sun.reflect.DelegatingMethodAccessorImpl.invoke(Unknown Source)
	at java.lang.reflect.Method.invoke(Unknown Source)
	at org.testng.internal.MethodInvocationHelper.invokeMethod(MethodInvocationHelper.java:108)
	at org.testng.internal.Invoker.invokeMethod(Invoker.java:661)
	at org.testng.internal.Invoker.invokeTestMethod(Invoker.java:869)
	at org.testng.internal.Invoker.invokeTestMethods(Invoker.java:1193)
	at org.testng.internal.TestMethodWorker.invokeTestMethods(TestMethodWorker.java:126)
	at org.testng.internal.TestMethodWorker.run(TestMethodWorker.java:109)
	at java.util.concurrent.ThreadPoolExecutor.runWorker(Unknown Source)
	at java.util.concurrent.ThreadPoolExecutor$Worker.run(Unknown Source)
	at java.lang.Thread.run(Unknown Source)
]]>
    </failure>
  </testcase> <!-- testMethod1 -->
  <testcase name="testMethod1" time="87.337" classname="rebill.testngRebillFast">
    <failure type="java.lang.AssertionError" message="Faled At Last Rebill Screen: Did not reach override errors or failed here">
      <![CDATA[java.lang.AssertionError: Faled At Last Rebill Screen: Did not reach override errors or failed here
	at org.testng.Assert.fail(Assert.java:93)
	at rebill.testngRebillFast.doRebill(testngRebillFast.java:1748)
	at rebill.testngRebillFast.testMethod1(testngRebillFast.java:634)
	at sun.reflect.GeneratedMethodAccessor9.invoke(Unknown Source)
	at sun.reflect.DelegatingMethodAccessorImpl.invoke(Unknown Source)
	at java.lang.reflect.Method.invoke(Unknown Source)
	at org.testng.internal.MethodInvocationHelper.invokeMethod(MethodInvocationHelper.java:108)
	at org.testng.internal.Invoker.invokeMethod(Invoker.java:661)
	at org.testng.internal.Invoker.retryFailed(Invoker.java:1014)
	at org.testng.internal.Invoker.invokeTestMethods(Invoker.java:1215)
	at org.testng.internal.TestMethodWorker.invokeTestMethods(TestMethodWorker.java:126)
	at org.testng.internal.TestMethodWorker.run(TestMethodWorker.java:109)
	at java.util.concurrent.ThreadPoolExecutor.runWorker(Unknown Source)
	at java.util.concurrent.ThreadPoolExecutor$Worker.run(Unknown Source)
	at java.lang.Thread.run(Unknown Source)
]]>
    </failure>
  </testcase> <!-- testMethod1 -->
  <testcase name="testMethod1" time="88.548" classname="rebill.testngRebillFast">
    <failure type="java.lang.AssertionError" message="Faled At Last Rebill Screen: Did not reach override errors or failed here">
      <![CDATA[java.lang.AssertionError: Faled At Last Rebill Screen: Did not reach override errors or failed here
	at org.testng.Assert.fail(Assert.java:93)
	at rebill.testngRebillFast.doRebill(testngRebillFast.java:1748)
	at rebill.testngRebillFast.testMethod1(testngRebillFast.java:634)
	at sun.reflect.GeneratedMethodAccessor9.invoke(Unknown Source)
	at sun.reflect.DelegatingMethodAccessorImpl.invoke(Unknown Source)
	at java.lang.reflect.Method.invoke(Unknown Source)
	at org.testng.internal.MethodInvocationHelper.invokeMethod(MethodInvocationHelper.java:108)
	at org.testng.internal.Invoker.invokeMethod(Invoker.java:661)
	at org.testng.internal.Invoker.invokeTestMethod(Invoker.java:869)
	at org.testng.internal.Invoker.invokeTestMethods(Invoker.java:1193)
	at org.testng.internal.TestMethodWorker.invokeTestMethods(TestMethodWorker.java:126)
	at org.testng.internal.TestMethodWorker.run(TestMethodWorker.java:109)
	at java.util.concurrent.ThreadPoolExecutor.runWorker(Unknown Source)
	at java.util.concurrent.ThreadPoolExecutor$Worker.run(Unknown Source)
	at java.lang.Thread.run(Unknown Source)
]]>
    </failure>
  </testcase> <!-- testMethod1 -->
  <testcase name="testMethod1" time="95.735" classname="rebill.testngRebillFast">
    <failure type="java.lang.AssertionError" message="Faled At Last Rebill Screen: Did not reach override errors or failed here">
      <![CDATA[java.lang.AssertionError: Faled At Last Rebill Screen: Did not reach override errors or failed here
	at org.testng.Assert.fail(Assert.java:93)
	at rebill.testngRebillFast.doRebill(testngRebillFast.java:1748)
	at rebill.testngRebillFast.testMethod1(testngRebillFast.java:634)
	at sun.reflect.GeneratedMethodAccessor9.invoke(Unknown Source)
	at sun.reflect.DelegatingMethodAccessorImpl.invoke(Unknown Source)
	at java.lang.reflect.Method.invoke(Unknown Source)
	at org.testng.internal.MethodInvocationHelper.invokeMethod(MethodInvocationHelper.java:108)
	at org.testng.internal.Invoker.invokeMethod(Invoker.java:661)
	at org.testng.internal.Invoker.invokeTestMethod(Invoker.java:869)
	at org.testng.internal.Invoker.invokeTestMethods(Invoker.java:1193)
	at org.testng.internal.TestMethodWorker.invokeTestMethods(TestMethodWorker.java:126)
	at org.testng.internal.TestMethodWorker.run(TestMethodWorker.java:109)
	at java.util.concurrent.ThreadPoolExecutor.runWorker(Unknown Source)
	at java.util.concurrent.ThreadPoolExecutor$Worker.run(Unknown Source)
	at java.lang.Thread.run(Unknown Source)
]]>
    </failure>
  </testcase> <!-- testMethod1 -->
  <testcase name="testMethod1" time="48.800" classname="rebill.testngRebillFast"/>
  <testcase name="testMethod1" time="90.848" classname="rebill.testngRebillFast">
    <failure type="java.lang.AssertionError" message="Faled At Last Rebill Screen: Did not reach override errors or failed here">
      <![CDATA[java.lang.AssertionError: Faled At Last Rebill Screen: Did not reach override errors or failed here
	at org.testng.Assert.fail(Assert.java:93)
	at rebill.testngRebillFast.doRebill(testngRebillFast.java:1748)
	at rebill.testngRebillFast.testMethod1(testngRebillFast.java:634)
	at sun.reflect.GeneratedMethodAccessor9.invoke(Unknown Source)
	at sun.reflect.DelegatingMethodAccessorImpl.invoke(Unknown Source)
	at java.lang.reflect.Method.invoke(Unknown Source)
	at org.testng.internal.MethodInvocationHelper.invokeMethod(MethodInvocationHelper.java:108)
	at org.testng.internal.Invoker.invokeMethod(Invoker.java:661)
	at org.testng.internal.Invoker.retryFailed(Invoker.java:1014)
	at org.testng.internal.Invoker.invokeTestMethods(Invoker.java:1215)
	at org.testng.internal.TestMethodWorker.invokeTestMethods(TestMethodWorker.java:126)
	at org.testng.internal.TestMethodWorker.run(TestMethodWorker.java:109)
	at java.util.concurrent.ThreadPoolExecutor.runWorker(Unknown Source)
	at java.util.concurrent.ThreadPoolExecutor$Worker.run(Unknown Source)
	at java.lang.Thread.run(Unknown Source)
]]>
    </failure>
  </testcase> <!-- testMethod1 -->
  <testcase name="testMethod1" time="60.721" classname="rebill.testngRebillFast"/>
  <testcase name="testMethod1" time="87.853" classname="rebill.testngRebillFast">
    <failure type="java.lang.AssertionError" message="Faled At Last Rebill Screen: Did not reach override errors or failed here">
      <![CDATA[java.lang.AssertionError: Faled At Last Rebill Screen: Did not reach override errors or failed here
	at org.testng.Assert.fail(Assert.java:93)
	at rebill.testngRebillFast.doRebill(testngRebillFast.java:1748)
	at rebill.testngRebillFast.testMethod1(testngRebillFast.java:634)
	at sun.reflect.GeneratedMethodAccessor9.invoke(Unknown Source)
	at sun.reflect.DelegatingMethodAccessorImpl.invoke(Unknown Source)
	at java.lang.reflect.Method.invoke(Unknown Source)
	at org.testng.internal.MethodInvocationHelper.invokeMethod(MethodInvocationHelper.java:108)
	at org.testng.internal.Invoker.invokeMethod(Invoker.java:661)
	at org.testng.internal.Invoker.retryFailed(Invoker.java:1014)
	at org.testng.internal.Invoker.invokeTestMethods(Invoker.java:1215)
	at org.testng.internal.TestMethodWorker.invokeTestMethods(TestMethodWorker.java:126)
	at org.testng.internal.TestMethodWorker.run(TestMethodWorker.java:109)
	at java.util.concurrent.ThreadPoolExecutor.runWorker(Unknown Source)
	at java.util.concurrent.ThreadPoolExecutor$Worker.run(Unknown Source)
	at java.lang.Thread.run(Unknown Source)
]]>
    </failure>
  </testcase> <!-- testMethod1 -->
  <testcase name="testMethod1" time="47.816" classname="rebill.testngRebillFast">
    <failure type="java.lang.AssertionError" message="Faled At Last Rebill Screen: Did not reach override errors or failed here">
      <![CDATA[java.lang.AssertionError: Faled At Last Rebill Screen: Did not reach override errors or failed here
	at org.testng.Assert.fail(Assert.java:93)
	at rebill.testngRebillFast.doRebill(testngRebillFast.java:1748)
	at rebill.testngRebillFast.testMethod1(testngRebillFast.java:634)
	at sun.reflect.NativeMethodAccessorImpl.invoke0(Native Method)
	at sun.reflect.NativeMethodAccessorImpl.invoke(Unknown Source)
	at sun.reflect.DelegatingMethodAccessorImpl.invoke(Unknown Source)
	at java.lang.reflect.Method.invoke(Unknown Source)
	at org.testng.internal.MethodInvocationHelper.invokeMethod(MethodInvocationHelper.java:108)
	at org.testng.internal.Invoker.invokeMethod(Invoker.java:661)
	at org.testng.internal.Invoker.invokeTestMethod(Invoker.java:869)
	at org.testng.internal.Invoker.invokeTestMethods(Invoker.java:1193)
	at org.testng.internal.TestMethodWorker.invokeTestMethods(TestMethodWorker.java:126)
	at org.testng.internal.TestMethodWorker.run(TestMethodWorker.java:109)
	at java.util.concurrent.ThreadPoolExecutor.runWorker(Unknown Source)
	at java.util.concurrent.ThreadPoolExecutor$Worker.run(Unknown Source)
	at java.lang.Thread.run(Unknown Source)
]]>
    </failure>
  </testcase> <!-- testMethod1 -->
  <testcase name="testMethod1" time="59.198" classname="rebill.testngRebillFast">
    <error type="java.lang.NullPointerException">
      <![CDATA[java.lang.NullPointerException
	at rebill.testngRebillFast.validateResults(testngRebillFast.java:1894)
	at rebill.testngRebillFast.doRebill(testngRebillFast.java:1690)
	at rebill.testngRebillFast.testMethod1(testngRebillFast.java:634)
	at sun.reflect.GeneratedMethodAccessor9.invoke(Unknown Source)
	at sun.reflect.DelegatingMethodAccessorImpl.invoke(Unknown Source)
	at java.lang.reflect.Method.invoke(Unknown Source)
	at org.testng.internal.MethodInvocationHelper.invokeMethod(MethodInvocationHelper.java:108)
	at org.testng.internal.Invoker.invokeMethod(Invoker.java:661)
	at org.testng.internal.Invoker.retryFailed(Invoker.java:1014)
	at org.testng.internal.Invoker.invokeTestMethods(Invoker.java:1215)
	at org.testng.internal.TestMethodWorker.invokeTestMethods(TestMethodWorker.java:126)
	at org.testng.internal.TestMethodWorker.run(TestMethodWorker.java:109)
	at java.util.concurrent.ThreadPoolExecutor.runWorker(Unknown Source)
	at java.util.concurrent.ThreadPoolExecutor$Worker.run(Unknown Source)
	at java.lang.Thread.run(Unknown Source)
]]>
    </error>
  </testcase> <!-- testMethod1 -->
  <testcase name="testMethod1" time="89.661" classname="rebill.testngRebillFast">
    <failure type="java.lang.AssertionError" message="Faled At Last Rebill Screen: Did not reach override errors or failed here">
      <![CDATA[java.lang.AssertionError: Faled At Last Rebill Screen: Did not reach override errors or failed here
	at org.testng.Assert.fail(Assert.java:93)
	at rebill.testngRebillFast.doRebill(testngRebillFast.java:1748)
	at rebill.testngRebillFast.testMethod1(testngRebillFast.java:634)
	at sun.reflect.GeneratedMethodAccessor9.invoke(Unknown Source)
	at sun.reflect.DelegatingMethodAccessorImpl.invoke(Unknown Source)
	at java.lang.reflect.Method.invoke(Unknown Source)
	at org.testng.internal.MethodInvocationHelper.invokeMethod(MethodInvocationHelper.java:108)
	at org.testng.internal.Invoker.invokeMethod(Invoker.java:661)
	at org.testng.internal.Invoker.invokeTestMethod(Invoker.java:869)
	at org.testng.internal.Invoker.invokeTestMethods(Invoker.java:1193)
	at org.testng.internal.TestMethodWorker.invokeTestMethods(TestMethodWorker.java:126)
	at org.testng.internal.TestMethodWorker.run(TestMethodWorker.java:109)
	at java.util.concurrent.ThreadPoolExecutor.runWorker(Unknown Source)
	at java.util.concurrent.ThreadPoolExecutor$Worker.run(Unknown Source)
	at java.lang.Thread.run(Unknown Source)
]]>
    </failure>
  </testcase> <!-- testMethod1 -->
  <testcase name="testMethod1" time="49.299" classname="rebill.testngRebillFast"/>
  <testcase name="testMethod1" time="19.819" classname="rebill.testngRebillFast">
    <failure type="java.lang.AssertionError" message="Failed on Entering Tracking Number">
      <![CDATA[java.lang.AssertionError: Failed on Entering Tracking Number
	at org.testng.Assert.fail(Assert.java:93)
	at rebill.testngRebillFast.doRebill(testngRebillFast.java:1034)
	at rebill.testngRebillFast.testMethod1(testngRebillFast.java:634)
	at sun.reflect.GeneratedMethodAccessor9.invoke(Unknown Source)
	at sun.reflect.DelegatingMethodAccessorImpl.invoke(Unknown Source)
	at java.lang.reflect.Method.invoke(Unknown Source)
	at org.testng.internal.MethodInvocationHelper.invokeMethod(MethodInvocationHelper.java:108)
	at org.testng.internal.Invoker.invokeMethod(Invoker.java:661)
	at org.testng.internal.Invoker.invokeTestMethod(Invoker.java:869)
	at org.testng.internal.Invoker.invokeTestMethods(Invoker.java:1193)
	at org.testng.internal.TestMethodWorker.invokeTestMethods(TestMethodWorker.java:126)
	at org.testng.internal.TestMethodWorker.run(TestMethodWorker.java:109)
	at java.util.concurrent.ThreadPoolExecutor.runWorker(Unknown Source)
	at java.util.concurrent.ThreadPoolExecutor$Worker.run(Unknown Source)
	at java.lang.Thread.run(Unknown Source)
]]>
    </failure>
  </testcase> <!-- testMethod1 -->
  <testcase name="testMethod1" time="93.705" classname="rebill.testngRebillFast">
    <skipped/>
  </testcase> <!-- testMethod1 -->
  <testcase name="testMethod1" time="48.521" classname="rebill.testngRebillFast"/>
  <testcase name="testMethod1" time="44.814" classname="rebill.testngRebillFast">
    <failure type="java.lang.AssertionError" message="Faled At Last Rebill Screen: Did not reach override errors or failed here">
      <![CDATA[java.lang.AssertionError: Faled At Last Rebill Screen: Did not reach override errors or failed here
	at org.testng.Assert.fail(Assert.java:93)
	at rebill.testngRebillFast.doRebill(testngRebillFast.java:1748)
	at rebill.testngRebillFast.testMethod1(testngRebillFast.java:634)
	at sun.reflect.GeneratedMethodAccessor9.invoke(Unknown Source)
	at sun.reflect.DelegatingMethodAccessorImpl.invoke(Unknown Source)
	at java.lang.reflect.Method.invoke(Unknown Source)
	at org.testng.internal.MethodInvocationHelper.invokeMethod(MethodInvocationHelper.java:108)
	at org.testng.internal.Invoker.invokeMethod(Invoker.java:661)
	at org.testng.internal.Invoker.invokeTestMethod(Invoker.java:869)
	at org.testng.internal.Invoker.invokeTestMethods(Invoker.java:1193)
	at org.testng.internal.TestMethodWorker.invokeTestMethods(TestMethodWorker.java:126)
	at org.testng.internal.TestMethodWorker.run(TestMethodWorker.java:109)
	at java.util.concurrent.ThreadPoolExecutor.runWorker(Unknown Source)
	at java.util.concurrent.ThreadPoolExecutor$Worker.run(Unknown Source)
	at java.lang.Thread.run(Unknown Source)
]]>
    </failure>
  </testcase> <!-- testMethod1 -->
  <testcase name="testMethod1" time="94.142" classname="rebill.testngRebillFast">
    <failure type="java.lang.AssertionError" message="Faled At Last Rebill Screen: Did not reach override errors or failed here">
      <![CDATA[java.lang.AssertionError: Faled At Last Rebill Screen: Did not reach override errors or failed here
	at org.testng.Assert.fail(Assert.java:93)
	at rebill.testngRebillFast.doRebill(testngRebillFast.java:1748)
	at rebill.testngRebillFast.testMethod1(testngRebillFast.java:634)
	at sun.reflect.GeneratedMethodAccessor9.invoke(Unknown Source)
	at sun.reflect.DelegatingMethodAccessorImpl.invoke(Unknown Source)
	at java.lang.reflect.Method.invoke(Unknown Source)
	at org.testng.internal.MethodInvocationHelper.invokeMethod(MethodInvocationHelper.java:108)
	at org.testng.internal.Invoker.invokeMethod(Invoker.java:661)
	at org.testng.internal.Invoker.invokeTestMethod(Invoker.java:869)
	at org.testng.internal.Invoker.invokeTestMethods(Invoker.java:1193)
	at org.testng.internal.TestMethodWorker.invokeTestMethods(TestMethodWorker.java:126)
	at org.testng.internal.TestMethodWorker.run(TestMethodWorker.java:109)
	at java.util.concurrent.ThreadPoolExecutor.runWorker(Unknown Source)
	at java.util.concurrent.ThreadPoolExecutor$Worker.run(Unknown Source)
	at java.lang.Thread.run(Unknown Source)
]]>
    </failure>
  </testcase> <!-- testMethod1 -->
  <testcase name="testMethod1" time="89.054" classname="rebill.testngRebillFast">
    <failure type="java.lang.AssertionError" message="Faled At Last Rebill Screen: Did not reach override errors or failed here">
      <![CDATA[java.lang.AssertionError: Faled At Last Rebill Screen: Did not reach override errors or failed here
	at org.testng.Assert.fail(Assert.java:93)
	at rebill.testngRebillFast.doRebill(testngRebillFast.java:1748)
	at rebill.testngRebillFast.testMethod1(testngRebillFast.java:634)
	at sun.reflect.GeneratedMethodAccessor9.invoke(Unknown Source)
	at sun.reflect.DelegatingMethodAccessorImpl.invoke(Unknown Source)
	at java.lang.reflect.Method.invoke(Unknown Source)
	at org.testng.internal.MethodInvocationHelper.invokeMethod(MethodInvocationHelper.java:108)
	at org.testng.internal.Invoker.invokeMethod(Invoker.java:661)
	at org.testng.internal.Invoker.retryFailed(Invoker.java:1014)
	at org.testng.internal.Invoker.invokeTestMethods(Invoker.java:1215)
	at org.testng.internal.TestMethodWorker.invokeTestMethods(TestMethodWorker.java:126)
	at org.testng.internal.TestMethodWorker.run(TestMethodWorker.java:109)
	at java.util.concurrent.ThreadPoolExecutor.runWorker(Unknown Source)
	at java.util.concurrent.ThreadPoolExecutor$Worker.run(Unknown Source)
	at java.lang.Thread.run(Unknown Source)
]]>
    </failure>
  </testcase> <!-- testMethod1 -->
  <testcase name="testMethod1" time="50.125" classname="rebill.testngRebillFast">
    <error type="java.lang.NullPointerException">
      <![CDATA[java.lang.NullPointerException
	at rebill.testngRebillFast.validateResults(testngRebillFast.java:1894)
	at rebill.testngRebillFast.doRebill(testngRebillFast.java:1690)
	at rebill.testngRebillFast.testMethod1(testngRebillFast.java:634)
	at sun.reflect.GeneratedMethodAccessor9.invoke(Unknown Source)
	at sun.reflect.DelegatingMethodAccessorImpl.invoke(Unknown Source)
	at java.lang.reflect.Method.invoke(Unknown Source)
	at org.testng.internal.MethodInvocationHelper.invokeMethod(MethodInvocationHelper.java:108)
	at org.testng.internal.Invoker.invokeMethod(Invoker.java:661)
	at org.testng.internal.Invoker.retryFailed(Invoker.java:1014)
	at org.testng.internal.Invoker.invokeTestMethods(Invoker.java:1215)
	at org.testng.internal.TestMethodWorker.invokeTestMethods(TestMethodWorker.java:126)
	at org.testng.internal.TestMethodWorker.run(TestMethodWorker.java:109)
	at java.util.concurrent.ThreadPoolExecutor.runWorker(Unknown Source)
	at java.util.concurrent.ThreadPoolExecutor$Worker.run(Unknown Source)
	at java.lang.Thread.run(Unknown Source)
]]>
    </error>
  </testcase> <!-- testMethod1 -->
  <testcase name="testMethod1" time="88.963" classname="rebill.testngRebillFast">
    <failure type="java.lang.AssertionError" message="Faled At Last Rebill Screen: Did not reach override errors or failed here">
      <![CDATA[java.lang.AssertionError: Faled At Last Rebill Screen: Did not reach override errors or failed here
	at org.testng.Assert.fail(Assert.java:93)
	at rebill.testngRebillFast.doRebill(testngRebillFast.java:1748)
	at rebill.testngRebillFast.testMethod1(testngRebillFast.java:634)
	at sun.reflect.GeneratedMethodAccessor9.invoke(Unknown Source)
	at sun.reflect.DelegatingMethodAccessorImpl.invoke(Unknown Source)
	at java.lang.reflect.Method.invoke(Unknown Source)
	at org.testng.internal.MethodInvocationHelper.invokeMethod(MethodInvocationHelper.java:108)
	at org.testng.internal.Invoker.invokeMethod(Invoker.java:661)
	at org.testng.internal.Invoker.invokeTestMethod(Invoker.java:869)
	at org.testng.internal.Invoker.invokeTestMethods(Invoker.java:1193)
	at org.testng.internal.TestMethodWorker.invokeTestMethods(TestMethodWorker.java:126)
	at org.testng.internal.TestMethodWorker.run(TestMethodWorker.java:109)
	at java.util.concurrent.ThreadPoolExecutor.runWorker(Unknown Source)
	at java.util.concurrent.ThreadPoolExecutor$Worker.run(Unknown Source)
	at java.lang.Thread.run(Unknown Source)
]]>
    </failure>
  </testcase> <!-- testMethod1 -->
  <testcase name="testMethod1" time="48.640" classname="rebill.testngRebillFast"/>
  <testcase name="testMethod1" time="52.296" classname="rebill.testngRebillFast">
    <failure type="java.lang.AssertionError" message="Faled At Last Rebill Screen: Did not reach override errors or failed here">
      <![CDATA[java.lang.AssertionError: Faled At Last Rebill Screen: Did not reach override errors or failed here
	at org.testng.Assert.fail(Assert.java:93)
	at rebill.testngRebillFast.doRebill(testngRebillFast.java:1748)
	at rebill.testngRebillFast.testMethod1(testngRebillFast.java:634)
	at sun.reflect.GeneratedMethodAccessor9.invoke(Unknown Source)
	at sun.reflect.DelegatingMethodAccessorImpl.invoke(Unknown Source)
	at java.lang.reflect.Method.invoke(Unknown Source)
	at org.testng.internal.MethodInvocationHelper.invokeMethod(MethodInvocationHelper.java:108)
	at org.testng.internal.Invoker.invokeMethod(Invoker.java:661)
	at org.testng.internal.Invoker.invokeTestMethod(Invoker.java:869)
	at org.testng.internal.Invoker.invokeTestMethods(Invoker.java:1193)
	at org.testng.internal.TestMethodWorker.invokeTestMethods(TestMethodWorker.java:126)
	at org.testng.internal.TestMethodWorker.run(TestMethodWorker.java:109)
	at java.util.concurrent.ThreadPoolExecutor.runWorker(Unknown Source)
	at java.util.concurrent.ThreadPoolExecutor$Worker.run(Unknown Source)
	at java.lang.Thread.run(Unknown Source)
]]>
    </failure>
  </testcase> <!-- testMethod1 -->
  <testcase name="testMethod1" time="91.136" classname="rebill.testngRebillFast">
    <failure type="java.lang.AssertionError" message="Faled At Last Rebill Screen: Did not reach override errors or failed here">
      <![CDATA[java.lang.AssertionError: Faled At Last Rebill Screen: Did not reach override errors or failed here
	at org.testng.Assert.fail(Assert.java:93)
	at rebill.testngRebillFast.doRebill(testngRebillFast.java:1748)
	at rebill.testngRebillFast.testMethod1(testngRebillFast.java:634)
	at sun.reflect.GeneratedMethodAccessor9.invoke(Unknown Source)
	at sun.reflect.DelegatingMethodAccessorImpl.invoke(Unknown Source)
	at java.lang.reflect.Method.invoke(Unknown Source)
	at org.testng.internal.MethodInvocationHelper.invokeMethod(MethodInvocationHelper.java:108)
	at org.testng.internal.Invoker.invokeMethod(Invoker.java:661)
	at org.testng.internal.Invoker.invokeTestMethod(Invoker.java:869)
	at org.testng.internal.Invoker.invokeTestMethods(Invoker.java:1193)
	at org.testng.internal.TestMethodWorker.invokeTestMethods(TestMethodWorker.java:126)
	at org.testng.internal.TestMethodWorker.run(TestMethodWorker.java:109)
	at java.util.concurrent.ThreadPoolExecutor.runWorker(Unknown Source)
	at java.util.concurrent.ThreadPoolExecutor$Worker.run(Unknown Source)
	at java.lang.Thread.run(Unknown Source)
]]>
    </failure>
  </testcase> <!-- testMethod1 -->
  <testcase name="testMethod1" time="64.448" classname="rebill.testngRebillFast"/>
  <testcase name="testMethod1" time="49.135" classname="rebill.testngRebillFast"/>
  <testcase name="testMethod1" time="88.803" classname="rebill.testngRebillFast">
    <failure type="java.lang.AssertionError" message="Faled At Last Rebill Screen: Did not reach override errors or failed here">
      <![CDATA[java.lang.AssertionError: Faled At Last Rebill Screen: Did not reach override errors or failed here
	at org.testng.Assert.fail(Assert.java:93)
	at rebill.testngRebillFast.doRebill(testngRebillFast.java:1748)
	at rebill.testngRebillFast.testMethod1(testngRebillFast.java:634)
	at sun.reflect.GeneratedMethodAccessor9.invoke(Unknown Source)
	at sun.reflect.DelegatingMethodAccessorImpl.invoke(Unknown Source)
	at java.lang.reflect.Method.invoke(Unknown Source)
	at org.testng.internal.MethodInvocationHelper.invokeMethod(MethodInvocationHelper.java:108)
	at org.testng.internal.Invoker.invokeMethod(Invoker.java:661)
	at org.testng.internal.Invoker.invokeTestMethod(Invoker.java:869)
	at org.testng.internal.Invoker.invokeTestMethods(Invoker.java:1193)
	at org.testng.internal.TestMethodWorker.invokeTestMethods(TestMethodWorker.java:126)
	at org.testng.internal.TestMethodWorker.run(TestMethodWorker.java:109)
	at java.util.concurrent.ThreadPoolExecutor.runWorker(Unknown Source)
	at java.util.concurrent.ThreadPoolExecutor$Worker.run(Unknown Source)
	at java.lang.Thread.run(Unknown Source)
]]>
    </failure>
  </testcase> <!-- testMethod1 -->
  <testcase name="testMethod1" time="52.700" classname="rebill.testngRebillFast"/>
  <testcase name="testMethod1" time="90.975" classname="rebill.testngRebillFast">
    <failure type="java.lang.AssertionError" message="Faled At Last Rebill Screen: Did not reach override errors or failed here">
      <![CDATA[java.lang.AssertionError: Faled At Last Rebill Screen: Did not reach override errors or failed here
	at org.testng.Assert.fail(Assert.java:93)
	at rebill.testngRebillFast.doRebill(testngRebillFast.java:1748)
	at rebill.testngRebillFast.testMethod1(testngRebillFast.java:634)
	at sun.reflect.GeneratedMethodAccessor9.invoke(Unknown Source)
	at sun.reflect.DelegatingMethodAccessorImpl.invoke(Unknown Source)
	at java.lang.reflect.Method.invoke(Unknown Source)
	at org.testng.internal.MethodInvocationHelper.invokeMethod(MethodInvocationHelper.java:108)
	at org.testng.internal.Invoker.invokeMethod(Invoker.java:661)
	at org.testng.internal.Invoker.retryFailed(Invoker.java:1014)
	at org.testng.internal.Invoker.invokeTestMethods(Invoker.java:1215)
	at org.testng.internal.TestMethodWorker.invokeTestMethods(TestMethodWorker.java:126)
	at org.testng.internal.TestMethodWorker.run(TestMethodWorker.java:109)
	at java.util.concurrent.ThreadPoolExecutor.runWorker(Unknown Source)
	at java.util.concurrent.ThreadPoolExecutor$Worker.run(Unknown Source)
	at java.lang.Thread.run(Unknown Source)
]]>
    </failure>
  </testcase> <!-- testMethod1 -->
  <testcase name="testMethod1" time="59.225" classname="rebill.testngRebillFast"/>
  <testcase name="testMethod1" time="88.118" classname="rebill.testngRebillFast">
    <failure type="java.lang.AssertionError" message="Faled At Last Rebill Screen: Did not reach override errors or failed here">
      <![CDATA[java.lang.AssertionError: Faled At Last Rebill Screen: Did not reach override errors or failed here
	at org.testng.Assert.fail(Assert.java:93)
	at rebill.testngRebillFast.doRebill(testngRebillFast.java:1748)
	at rebill.testngRebillFast.testMethod1(testngRebillFast.java:634)
	at sun.reflect.GeneratedMethodAccessor9.invoke(Unknown Source)
	at sun.reflect.DelegatingMethodAccessorImpl.invoke(Unknown Source)
	at java.lang.reflect.Method.invoke(Unknown Source)
	at org.testng.internal.MethodInvocationHelper.invokeMethod(MethodInvocationHelper.java:108)
	at org.testng.internal.Invoker.invokeMethod(Invoker.java:661)
	at org.testng.internal.Invoker.invokeTestMethod(Invoker.java:869)
	at org.testng.internal.Invoker.invokeTestMethods(Invoker.java:1193)
	at org.testng.internal.TestMethodWorker.invokeTestMethods(TestMethodWorker.java:126)
	at org.testng.internal.TestMethodWorker.run(TestMethodWorker.java:109)
	at java.util.concurrent.ThreadPoolExecutor.runWorker(Unknown Source)
	at java.util.concurrent.ThreadPoolExecutor$Worker.run(Unknown Source)
	at java.lang.Thread.run(Unknown Source)
]]>
    </failure>
  </testcase> <!-- testMethod1 -->
  <testcase name="testMethod1" time="49.769" classname="rebill.testngRebillFast"/>
  <testcase name="testMethod1" time="46.102" classname="rebill.testngRebillFast"/>
  <testcase name="testMethod4" time="0.000" classname="rebill.testngRebillFast">
    <error type="org.testng.TestNGException" message="
Data Provider public synchronized java.lang.Object[][] rebill.testngRebillFast.dataProviderMethod4() must return either Object[][] or Iterator&lt;Object&gt;[], not class [[Ljava.lang.Object;">
      <![CDATA[org.testng.TestNGException: 
Data Provider public synchronized java.lang.Object[][] rebill.testngRebillFast.dataProviderMethod4() must return either Object[][] or Iterator<Object>[], not class [[Ljava.lang.Object;
	at org.testng.internal.MethodInvocationHelper.invokeDataProvider(MethodInvocationHelper.java:137)
	at org.testng.internal.Parameters.handleParameters(Parameters.java:509)
	at org.testng.internal.Invoker.handleParameters(Invoker.java:1308)
	at org.testng.internal.Invoker.createParameters(Invoker.java:1036)
	at org.testng.internal.Invoker.invokeTestMethods(Invoker.java:1126)
	at org.testng.internal.TestMethodWorker.invokeTestMethods(TestMethodWorker.java:126)
	at org.testng.internal.TestMethodWorker.run(TestMethodWorker.java:109)
	at java.util.concurrent.ThreadPoolExecutor.runWorker(Unknown Source)
	at java.util.concurrent.ThreadPoolExecutor$Worker.run(Unknown Source)
	at java.lang.Thread.run(Unknown Source)
]]>
    </error>
  </testcase> <!-- testMethod4 -->
  <testcase name="testMethod1" time="51.068" classname="rebill.testngRebillFast"/>
  <testcase name="testMethod1" time="0.235" classname="rebill.testngRebillFast"/>
  <testcase name="testMethod1" time="19.290" classname="rebill.testngRebillFast">
    <failure type="java.lang.AssertionError" message="Failed on Entering Tracking Number">
      <![CDATA[java.lang.AssertionError: Failed on Entering Tracking Number
	at org.testng.Assert.fail(Assert.java:93)
	at rebill.testngRebillFast.doRebill(testngRebillFast.java:1034)
	at rebill.testngRebillFast.testMethod1(testngRebillFast.java:634)
	at sun.reflect.GeneratedMethodAccessor9.invoke(Unknown Source)
	at sun.reflect.DelegatingMethodAccessorImpl.invoke(Unknown Source)
	at java.lang.reflect.Method.invoke(Unknown Source)
	at org.testng.internal.MethodInvocationHelper.invokeMethod(MethodInvocationHelper.java:108)
	at org.testng.internal.Invoker.invokeMethod(Invoker.java:661)
	at org.testng.internal.Invoker.invokeTestMethod(Invoker.java:869)
	at org.testng.internal.Invoker.invokeTestMethods(Invoker.java:1193)
	at org.testng.internal.TestMethodWorker.invokeTestMethods(TestMethodWorker.java:126)
	at org.testng.internal.TestMethodWorker.run(TestMethodWorker.java:109)
	at java.util.concurrent.ThreadPoolExecutor.runWorker(Unknown Source)
	at java.util.concurrent.ThreadPoolExecutor$Worker.run(Unknown Source)
	at java.lang.Thread.run(Unknown Source)
]]>
    </failure>
  </testcase> <!-- testMethod1 -->
  <testcase name="testMethod1" time="90.735" classname="rebill.testngRebillFast">
    <failure type="java.lang.AssertionError" message="Faled At Last Rebill Screen: Did not reach override errors or failed here">
      <![CDATA[java.lang.AssertionError: Faled At Last Rebill Screen: Did not reach override errors or failed here
	at org.testng.Assert.fail(Assert.java:93)
	at rebill.testngRebillFast.doRebill(testngRebillFast.java:1748)
	at rebill.testngRebillFast.testMethod1(testngRebillFast.java:634)
	at sun.reflect.GeneratedMethodAccessor9.invoke(Unknown Source)
	at sun.reflect.DelegatingMethodAccessorImpl.invoke(Unknown Source)
	at java.lang.reflect.Method.invoke(Unknown Source)
	at org.testng.internal.MethodInvocationHelper.invokeMethod(MethodInvocationHelper.java:108)
	at org.testng.internal.Invoker.invokeMethod(Invoker.java:661)
	at org.testng.internal.Invoker.retryFailed(Invoker.java:1014)
	at org.testng.internal.Invoker.invokeTestMethods(Invoker.java:1215)
	at org.testng.internal.TestMethodWorker.invokeTestMethods(TestMethodWorker.java:126)
	at org.testng.internal.TestMethodWorker.run(TestMethodWorker.java:109)
	at java.util.concurrent.ThreadPoolExecutor.runWorker(Unknown Source)
	at java.util.concurrent.ThreadPoolExecutor$Worker.run(Unknown Source)
	at java.lang.Thread.run(Unknown Source)
]]>
    </failure>
  </testcase> <!-- testMethod1 -->
  <testcase name="testMethod1" time="88.161" classname="rebill.testngRebillFast">
    <failure type="java.lang.AssertionError" message="Faled At Last Rebill Screen: Did not reach override errors or failed here">
      <![CDATA[java.lang.AssertionError: Faled At Last Rebill Screen: Did not reach override errors or failed here
	at org.testng.Assert.fail(Assert.java:93)
	at rebill.testngRebillFast.doRebill(testngRebillFast.java:1748)
	at rebill.testngRebillFast.testMethod1(testngRebillFast.java:634)
	at sun.reflect.GeneratedMethodAccessor9.invoke(Unknown Source)
	at sun.reflect.DelegatingMethodAccessorImpl.invoke(Unknown Source)
	at java.lang.reflect.Method.invoke(Unknown Source)
	at org.testng.internal.MethodInvocationHelper.invokeMethod(MethodInvocationHelper.java:108)
	at org.testng.internal.Invoker.invokeMethod(Invoker.java:661)
	at org.testng.internal.Invoker.retryFailed(Invoker.java:1014)
	at org.testng.internal.Invoker.invokeTestMethods(Invoker.java:1215)
	at org.testng.internal.TestMethodWorker.invokeTestMethods(TestMethodWorker.java:126)
	at org.testng.internal.TestMethodWorker.run(TestMethodWorker.java:109)
	at java.util.concurrent.ThreadPoolExecutor.runWorker(Unknown Source)
	at java.util.concurrent.ThreadPoolExecutor$Worker.run(Unknown Source)
	at java.lang.Thread.run(Unknown Source)
]]>
    </failure>
  </testcase> <!-- testMethod1 -->
  <testcase name="testMethod1" time="17.853" classname="rebill.testngRebillFast">
    <failure type="java.lang.AssertionError" message="Failed on Entering Tracking Number">
      <![CDATA[java.lang.AssertionError: Failed on Entering Tracking Number
	at org.testng.Assert.fail(Assert.java:93)
	at rebill.testngRebillFast.doRebill(testngRebillFast.java:1034)
	at rebill.testngRebillFast.testMethod1(testngRebillFast.java:634)
	at sun.reflect.GeneratedMethodAccessor9.invoke(Unknown Source)
	at sun.reflect.DelegatingMethodAccessorImpl.invoke(Unknown Source)
	at java.lang.reflect.Method.invoke(Unknown Source)
	at org.testng.internal.MethodInvocationHelper.invokeMethod(MethodInvocationHelper.java:108)
	at org.testng.internal.Invoker.invokeMethod(Invoker.java:661)
	at org.testng.internal.Invoker.retryFailed(Invoker.java:1014)
	at org.testng.internal.Invoker.invokeTestMethods(Invoker.java:1215)
	at org.testng.internal.TestMethodWorker.invokeTestMethods(TestMethodWorker.java:126)
	at org.testng.internal.TestMethodWorker.run(TestMethodWorker.java:109)
	at java.util.concurrent.ThreadPoolExecutor.runWorker(Unknown Source)
	at java.util.concurrent.ThreadPoolExecutor$Worker.run(Unknown Source)
	at java.lang.Thread.run(Unknown Source)
]]>
    </failure>
  </testcase> <!-- testMethod1 -->
  <testcase name="testMethod1" time="89.862" classname="rebill.testngRebillFast">
    <failure type="java.lang.AssertionError" message="Faled At Last Rebill Screen: Did not reach override errors or failed here">
      <![CDATA[java.lang.AssertionError: Faled At Last Rebill Screen: Did not reach override errors or failed here
	at org.testng.Assert.fail(Assert.java:93)
	at rebill.testngRebillFast.doRebill(testngRebillFast.java:1748)
	at rebill.testngRebillFast.testMethod1(testngRebillFast.java:634)
	at sun.reflect.GeneratedMethodAccessor9.invoke(Unknown Source)
	at sun.reflect.DelegatingMethodAccessorImpl.invoke(Unknown Source)
	at java.lang.reflect.Method.invoke(Unknown Source)
	at org.testng.internal.MethodInvocationHelper.invokeMethod(MethodInvocationHelper.java:108)
	at org.testng.internal.Invoker.invokeMethod(Invoker.java:661)
	at org.testng.internal.Invoker.retryFailed(Invoker.java:1014)
	at org.testng.internal.Invoker.invokeTestMethods(Invoker.java:1215)
	at org.testng.internal.TestMethodWorker.invokeTestMethods(TestMethodWorker.java:126)
	at org.testng.internal.TestMethodWorker.run(TestMethodWorker.java:109)
	at java.util.concurrent.ThreadPoolExecutor.runWorker(Unknown Source)
	at java.util.concurrent.ThreadPoolExecutor$Worker.run(Unknown Source)
	at java.lang.Thread.run(Unknown Source)
]]>
    </failure>
  </testcase> <!-- testMethod1 -->
  <testcase name="testMethod1" time="47.516" classname="rebill.testngRebillFast"/>
  <testcase name="testMethod1" time="89.005" classname="rebill.testngRebillFast">
    <failure type="java.lang.AssertionError" message="Faled At Last Rebill Screen: Did not reach override errors or failed here">
      <![CDATA[java.lang.AssertionError: Faled At Last Rebill Screen: Did not reach override errors or failed here
	at org.testng.Assert.fail(Assert.java:93)
	at rebill.testngRebillFast.doRebill(testngRebillFast.java:1748)
	at rebill.testngRebillFast.testMethod1(testngRebillFast.java:634)
	at sun.reflect.GeneratedMethodAccessor9.invoke(Unknown Source)
	at sun.reflect.DelegatingMethodAccessorImpl.invoke(Unknown Source)
	at java.lang.reflect.Method.invoke(Unknown Source)
	at org.testng.internal.MethodInvocationHelper.invokeMethod(MethodInvocationHelper.java:108)
	at org.testng.internal.Invoker.invokeMethod(Invoker.java:661)
	at org.testng.internal.Invoker.retryFailed(Invoker.java:1014)
	at org.testng.internal.Invoker.invokeTestMethods(Invoker.java:1215)
	at org.testng.internal.TestMethodWorker.invokeTestMethods(TestMethodWorker.java:126)
	at org.testng.internal.TestMethodWorker.run(TestMethodWorker.java:109)
	at java.util.concurrent.ThreadPoolExecutor.runWorker(Unknown Source)
	at java.util.concurrent.ThreadPoolExecutor$Worker.run(Unknown Source)
	at java.lang.Thread.run(Unknown Source)
]]>
    </failure>
  </testcase> <!-- testMethod1 -->
  <testcase name="testMethod1" time="87.982" classname="rebill.testngRebillFast">
    <failure type="java.lang.AssertionError" message="Faled At Last Rebill Screen: Did not reach override errors or failed here">
      <![CDATA[java.lang.AssertionError: Faled At Last Rebill Screen: Did not reach override errors or failed here
	at org.testng.Assert.fail(Assert.java:93)
	at rebill.testngRebillFast.doRebill(testngRebillFast.java:1748)
	at rebill.testngRebillFast.testMethod1(testngRebillFast.java:634)
	at sun.reflect.GeneratedMethodAccessor9.invoke(Unknown Source)
	at sun.reflect.DelegatingMethodAccessorImpl.invoke(Unknown Source)
	at java.lang.reflect.Method.invoke(Unknown Source)
	at org.testng.internal.MethodInvocationHelper.invokeMethod(MethodInvocationHelper.java:108)
	at org.testng.internal.Invoker.invokeMethod(Invoker.java:661)
	at org.testng.internal.Invoker.retryFailed(Invoker.java:1014)
	at org.testng.internal.Invoker.invokeTestMethods(Invoker.java:1215)
	at org.testng.internal.TestMethodWorker.invokeTestMethods(TestMethodWorker.java:126)
	at org.testng.internal.TestMethodWorker.run(TestMethodWorker.java:109)
	at java.util.concurrent.ThreadPoolExecutor.runWorker(Unknown Source)
	at java.util.concurrent.ThreadPoolExecutor$Worker.run(Unknown Source)
	at java.lang.Thread.run(Unknown Source)
]]>
    </failure>
  </testcase> <!-- testMethod1 -->
  <testcase name="testMethod1" time="46.423" classname="rebill.testngRebillFast"/>
  <testcase name="testMethod1" time="49.338" classname="rebill.testngRebillFast"/>
  <testcase name="testMethod1" time="92.023" classname="rebill.testngRebillFast">
    <failure type="java.lang.AssertionError" message="Faled At Last Rebill Screen: Did not reach override errors or failed here">
      <![CDATA[java.lang.AssertionError: Faled At Last Rebill Screen: Did not reach override errors or failed here
	at org.testng.Assert.fail(Assert.java:93)
	at rebill.testngRebillFast.doRebill(testngRebillFast.java:1748)
	at rebill.testngRebillFast.testMethod1(testngRebillFast.java:634)
	at sun.reflect.GeneratedMethodAccessor9.invoke(Unknown Source)
	at sun.reflect.DelegatingMethodAccessorImpl.invoke(Unknown Source)
	at java.lang.reflect.Method.invoke(Unknown Source)
	at org.testng.internal.MethodInvocationHelper.invokeMethod(MethodInvocationHelper.java:108)
	at org.testng.internal.Invoker.invokeMethod(Invoker.java:661)
	at org.testng.internal.Invoker.retryFailed(Invoker.java:1014)
	at org.testng.internal.Invoker.invokeTestMethods(Invoker.java:1215)
	at org.testng.internal.TestMethodWorker.invokeTestMethods(TestMethodWorker.java:126)
	at org.testng.internal.TestMethodWorker.run(TestMethodWorker.java:109)
	at java.util.concurrent.ThreadPoolExecutor.runWorker(Unknown Source)
	at java.util.concurrent.ThreadPoolExecutor$Worker.run(Unknown Source)
	at java.lang.Thread.run(Unknown Source)
]]>
    </failure>
  </testcase> <!-- testMethod1 -->
  <testcase name="testMethod1" time="46.083" classname="rebill.testngRebillFast"/>
  <testcase name="testMethod1" time="50.782" classname="rebill.testngRebillFast"/>
  <testcase name="testMethod1" time="57.665" classname="rebill.testngRebillFast"/>
  <testcase name="testMethod1" time="58.144" classname="rebill.testngRebillFast"/>
  <testcase name="testMethod1" time="92.452" classname="rebill.testngRebillFast">
    <failure type="java.lang.AssertionError" message="Faled At Last Rebill Screen: Did not reach override errors or failed here">
      <![CDATA[java.lang.AssertionError: Faled At Last Rebill Screen: Did not reach override errors or failed here
	at org.testng.Assert.fail(Assert.java:93)
	at rebill.testngRebillFast.doRebill(testngRebillFast.java:1748)
	at rebill.testngRebillFast.testMethod1(testngRebillFast.java:634)
	at sun.reflect.NativeMethodAccessorImpl.invoke0(Native Method)
	at sun.reflect.NativeMethodAccessorImpl.invoke(Unknown Source)
	at sun.reflect.DelegatingMethodAccessorImpl.invoke(Unknown Source)
	at java.lang.reflect.Method.invoke(Unknown Source)
	at org.testng.internal.MethodInvocationHelper.invokeMethod(MethodInvocationHelper.java:108)
	at org.testng.internal.Invoker.invokeMethod(Invoker.java:661)
	at org.testng.internal.Invoker.retryFailed(Invoker.java:1014)
	at org.testng.internal.Invoker.invokeTestMethods(Invoker.java:1215)
	at org.testng.internal.TestMethodWorker.invokeTestMethods(TestMethodWorker.java:126)
	at org.testng.internal.TestMethodWorker.run(TestMethodWorker.java:109)
	at java.util.concurrent.ThreadPoolExecutor.runWorker(Unknown Source)
	at java.util.concurrent.ThreadPoolExecutor$Worker.run(Unknown Source)
	at java.lang.Thread.run(Unknown Source)
]]>
    </failure>
  </testcase> <!-- testMethod1 -->
  <testcase name="testMethod1" time="18.106" classname="rebill.testngRebillFast">
    <failure type="java.lang.AssertionError" message="Failed on Entering Tracking Number">
      <![CDATA[java.lang.AssertionError: Failed on Entering Tracking Number
	at org.testng.Assert.fail(Assert.java:93)
	at rebill.testngRebillFast.doRebill(testngRebillFast.java:1034)
	at rebill.testngRebillFast.testMethod1(testngRebillFast.java:634)
	at sun.reflect.GeneratedMethodAccessor9.invoke(Unknown Source)
	at sun.reflect.DelegatingMethodAccessorImpl.invoke(Unknown Source)
	at java.lang.reflect.Method.invoke(Unknown Source)
	at org.testng.internal.MethodInvocationHelper.invokeMethod(MethodInvocationHelper.java:108)
	at org.testng.internal.Invoker.invokeMethod(Invoker.java:661)
	at org.testng.internal.Invoker.invokeTestMethod(Invoker.java:869)
	at org.testng.internal.Invoker.invokeTestMethods(Invoker.java:1193)
	at org.testng.internal.TestMethodWorker.invokeTestMethods(TestMethodWorker.java:126)
	at org.testng.internal.TestMethodWorker.run(TestMethodWorker.java:109)
	at java.util.concurrent.ThreadPoolExecutor.runWorker(Unknown Source)
	at java.util.concurrent.ThreadPoolExecutor$Worker.run(Unknown Source)
	at java.lang.Thread.run(Unknown Source)
]]>
    </failure>
  </testcase> <!-- testMethod1 -->
  <testcase name="testMethod1" time="92.626" classname="rebill.testngRebillFast">
    <failure type="java.lang.AssertionError" message="Faled At Last Rebill Screen: Did not reach override errors or failed here">
      <![CDATA[java.lang.AssertionError: Faled At Last Rebill Screen: Did not reach override errors or failed here
	at org.testng.Assert.fail(Assert.java:93)
	at rebill.testngRebillFast.doRebill(testngRebillFast.java:1748)
	at rebill.testngRebillFast.testMethod1(testngRebillFast.java:634)
	at sun.reflect.GeneratedMethodAccessor9.invoke(Unknown Source)
	at sun.reflect.DelegatingMethodAccessorImpl.invoke(Unknown Source)
	at java.lang.reflect.Method.invoke(Unknown Source)
	at org.testng.internal.MethodInvocationHelper.invokeMethod(MethodInvocationHelper.java:108)
	at org.testng.internal.Invoker.invokeMethod(Invoker.java:661)
	at org.testng.internal.Invoker.retryFailed(Invoker.java:1014)
	at org.testng.internal.Invoker.invokeTestMethods(Invoker.java:1215)
	at org.testng.internal.TestMethodWorker.invokeTestMethods(TestMethodWorker.java:126)
	at org.testng.internal.TestMethodWorker.run(TestMethodWorker.java:109)
	at java.util.concurrent.ThreadPoolExecutor.runWorker(Unknown Source)
	at java.util.concurrent.ThreadPoolExecutor$Worker.run(Unknown Source)
	at java.lang.Thread.run(Unknown Source)
]]>
    </failure>
  </testcase> <!-- testMethod1 -->
  <testcase name="testMethod1" time="47.506" classname="rebill.testngRebillFast"/>
  <testcase name="testMethod1" time="92.716" classname="rebill.testngRebillFast">
    <failure type="java.lang.AssertionError" message="Faled At Last Rebill Screen: Did not reach override errors or failed here">
      <![CDATA[java.lang.AssertionError: Faled At Last Rebill Screen: Did not reach override errors or failed here
	at org.testng.Assert.fail(Assert.java:93)
	at rebill.testngRebillFast.doRebill(testngRebillFast.java:1748)
	at rebill.testngRebillFast.testMethod1(testngRebillFast.java:634)
	at sun.reflect.GeneratedMethodAccessor9.invoke(Unknown Source)
	at sun.reflect.DelegatingMethodAccessorImpl.invoke(Unknown Source)
	at java.lang.reflect.Method.invoke(Unknown Source)
	at org.testng.internal.MethodInvocationHelper.invokeMethod(MethodInvocationHelper.java:108)
	at org.testng.internal.Invoker.invokeMethod(Invoker.java:661)
	at org.testng.internal.Invoker.invokeTestMethod(Invoker.java:869)
	at org.testng.internal.Invoker.invokeTestMethods(Invoker.java:1193)
	at org.testng.internal.TestMethodWorker.invokeTestMethods(TestMethodWorker.java:126)
	at org.testng.internal.TestMethodWorker.run(TestMethodWorker.java:109)
	at java.util.concurrent.ThreadPoolExecutor.runWorker(Unknown Source)
	at java.util.concurrent.ThreadPoolExecutor$Worker.run(Unknown Source)
	at java.lang.Thread.run(Unknown Source)
]]>
    </failure>
  </testcase> <!-- testMethod1 -->
  <testcase name="testMethod1" time="49.283" classname="rebill.testngRebillFast">
    <error type="java.lang.NullPointerException">
      <![CDATA[java.lang.NullPointerException
	at rebill.testngRebillFast.validateResults(testngRebillFast.java:1894)
	at rebill.testngRebillFast.doRebill(testngRebillFast.java:1690)
	at rebill.testngRebillFast.testMethod1(testngRebillFast.java:634)
	at sun.reflect.GeneratedMethodAccessor9.invoke(Unknown Source)
	at sun.reflect.DelegatingMethodAccessorImpl.invoke(Unknown Source)
	at java.lang.reflect.Method.invoke(Unknown Source)
	at org.testng.internal.MethodInvocationHelper.invokeMethod(MethodInvocationHelper.java:108)
	at org.testng.internal.Invoker.invokeMethod(Invoker.java:661)
	at org.testng.internal.Invoker.invokeTestMethod(Invoker.java:869)
	at org.testng.internal.Invoker.invokeTestMethods(Invoker.java:1193)
	at org.testng.internal.TestMethodWorker.invokeTestMethods(TestMethodWorker.java:126)
	at org.testng.internal.TestMethodWorker.run(TestMethodWorker.java:109)
	at java.util.concurrent.ThreadPoolExecutor.runWorker(Unknown Source)
	at java.util.concurrent.ThreadPoolExecutor$Worker.run(Unknown Source)
	at java.lang.Thread.run(Unknown Source)
]]>
    </error>
  </testcase> <!-- testMethod1 -->
  <testcase name="testMethod1" time="45.621" classname="rebill.testngRebillFast"/>
  <testcase name="testMethod1" time="52.771" classname="rebill.testngRebillFast"/>
  <testcase name="testMethod1" time="48.772" classname="rebill.testngRebillFast">
    <failure type="java.lang.AssertionError" message="Faled At Last Rebill Screen: Did not reach override errors or failed here">
      <![CDATA[java.lang.AssertionError: Faled At Last Rebill Screen: Did not reach override errors or failed here
	at org.testng.Assert.fail(Assert.java:93)
	at rebill.testngRebillFast.doRebill(testngRebillFast.java:1748)
	at rebill.testngRebillFast.testMethod1(testngRebillFast.java:634)
	at sun.reflect.GeneratedMethodAccessor9.invoke(Unknown Source)
	at sun.reflect.DelegatingMethodAccessorImpl.invoke(Unknown Source)
	at java.lang.reflect.Method.invoke(Unknown Source)
	at org.testng.internal.MethodInvocationHelper.invokeMethod(MethodInvocationHelper.java:108)
	at org.testng.internal.Invoker.invokeMethod(Invoker.java:661)
	at org.testng.internal.Invoker.invokeTestMethod(Invoker.java:869)
	at org.testng.internal.Invoker.invokeTestMethods(Invoker.java:1193)
	at org.testng.internal.TestMethodWorker.invokeTestMethods(TestMethodWorker.java:126)
	at org.testng.internal.TestMethodWorker.run(TestMethodWorker.java:109)
	at java.util.concurrent.ThreadPoolExecutor.runWorker(Unknown Source)
	at java.util.concurrent.ThreadPoolExecutor$Worker.run(Unknown Source)
	at java.lang.Thread.run(Unknown Source)
]]>
    </failure>
  </testcase> <!-- testMethod1 -->
  <testcase name="testMethod1" time="19.587" classname="rebill.testngRebillFast">
    <failure type="java.lang.AssertionError" message="Failed on Entering Tracking Number">
      <![CDATA[java.lang.AssertionError: Failed on Entering Tracking Number
	at org.testng.Assert.fail(Assert.java:93)
	at rebill.testngRebillFast.doRebill(testngRebillFast.java:1034)
	at rebill.testngRebillFast.testMethod1(testngRebillFast.java:634)
	at sun.reflect.GeneratedMethodAccessor9.invoke(Unknown Source)
	at sun.reflect.DelegatingMethodAccessorImpl.invoke(Unknown Source)
	at java.lang.reflect.Method.invoke(Unknown Source)
	at org.testng.internal.MethodInvocationHelper.invokeMethod(MethodInvocationHelper.java:108)
	at org.testng.internal.Invoker.invokeMethod(Invoker.java:661)
	at org.testng.internal.Invoker.retryFailed(Invoker.java:1014)
	at org.testng.internal.Invoker.invokeTestMethods(Invoker.java:1215)
	at org.testng.internal.TestMethodWorker.invokeTestMethods(TestMethodWorker.java:126)
	at org.testng.internal.TestMethodWorker.run(TestMethodWorker.java:109)
	at java.util.concurrent.ThreadPoolExecutor.runWorker(Unknown Source)
	at java.util.concurrent.ThreadPoolExecutor$Worker.run(Unknown Source)
	at java.lang.Thread.run(Unknown Source)
]]>
    </failure>
  </testcase> <!-- testMethod1 -->
  <testcase name="testMethod1" time="46.698" classname="rebill.testngRebillFast"/>
  <testcase name="testMethod1" time="91.621" classname="rebill.testngRebillFast">
    <failure type="java.lang.AssertionError" message="Faled At Last Rebill Screen: Did not reach override errors or failed here">
      <![CDATA[java.lang.AssertionError: Faled At Last Rebill Screen: Did not reach override errors or failed here
	at org.testng.Assert.fail(Assert.java:93)
	at rebill.testngRebillFast.doRebill(testngRebillFast.java:1748)
	at rebill.testngRebillFast.testMethod1(testngRebillFast.java:634)
	at sun.reflect.GeneratedMethodAccessor9.invoke(Unknown Source)
	at sun.reflect.DelegatingMethodAccessorImpl.invoke(Unknown Source)
	at java.lang.reflect.Method.invoke(Unknown Source)
	at org.testng.internal.MethodInvocationHelper.invokeMethod(MethodInvocationHelper.java:108)
	at org.testng.internal.Invoker.invokeMethod(Invoker.java:661)
	at org.testng.internal.Invoker.retryFailed(Invoker.java:1014)
	at org.testng.internal.Invoker.invokeTestMethods(Invoker.java:1215)
	at org.testng.internal.TestMethodWorker.invokeTestMethods(TestMethodWorker.java:126)
	at org.testng.internal.TestMethodWorker.run(TestMethodWorker.java:109)
	at java.util.concurrent.ThreadPoolExecutor.runWorker(Unknown Source)
	at java.util.concurrent.ThreadPoolExecutor$Worker.run(Unknown Source)
	at java.lang.Thread.run(Unknown Source)
]]>
    </failure>
  </testcase> <!-- testMethod1 -->
  <testcase name="testMethod1" time="50.038" classname="rebill.testngRebillFast">
    <failure type="java.lang.AssertionError" message="Faled At Last Rebill Screen: Did not reach override errors or failed here">
      <![CDATA[java.lang.AssertionError: Faled At Last Rebill Screen: Did not reach override errors or failed here
	at org.testng.Assert.fail(Assert.java:93)
	at rebill.testngRebillFast.doRebill(testngRebillFast.java:1748)
	at rebill.testngRebillFast.testMethod1(testngRebillFast.java:634)
	at sun.reflect.GeneratedMethodAccessor9.invoke(Unknown Source)
	at sun.reflect.DelegatingMethodAccessorImpl.invoke(Unknown Source)
	at java.lang.reflect.Method.invoke(Unknown Source)
	at org.testng.internal.MethodInvocationHelper.invokeMethod(MethodInvocationHelper.java:108)
	at org.testng.internal.Invoker.invokeMethod(Invoker.java:661)
	at org.testng.internal.Invoker.invokeTestMethod(Invoker.java:869)
	at org.testng.internal.Invoker.invokeTestMethods(Invoker.java:1193)
	at org.testng.internal.TestMethodWorker.invokeTestMethods(TestMethodWorker.java:126)
	at org.testng.internal.TestMethodWorker.run(TestMethodWorker.java:109)
	at java.util.concurrent.ThreadPoolExecutor.runWorker(Unknown Source)
	at java.util.concurrent.ThreadPoolExecutor$Worker.run(Unknown Source)
	at java.lang.Thread.run(Unknown Source)
]]>
    </failure>
  </testcase> <!-- testMethod1 -->
  <testcase name="testMethod1" time="51.921" classname="rebill.testngRebillFast"/>
  <testcase name="testMethod2" time="0.000" classname="rebill.testngRebillFast">
    <error type="org.testng.TestNGException" message="
Data Provider public synchronized java.lang.Object[][] rebill.testngRebillFast.dataProviderMethod2() must return either Object[][] or Iterator&lt;Object&gt;[], not class [[Ljava.lang.Object;">
      <![CDATA[org.testng.TestNGException: 
Data Provider public synchronized java.lang.Object[][] rebill.testngRebillFast.dataProviderMethod2() must return either Object[][] or Iterator<Object>[], not class [[Ljava.lang.Object;
	at org.testng.internal.MethodInvocationHelper.invokeDataProvider(MethodInvocationHelper.java:137)
	at org.testng.internal.Parameters.handleParameters(Parameters.java:509)
	at org.testng.internal.Invoker.handleParameters(Invoker.java:1308)
	at org.testng.internal.Invoker.createParameters(Invoker.java:1036)
	at org.testng.internal.Invoker.invokeTestMethods(Invoker.java:1126)
	at org.testng.internal.TestMethodWorker.invokeTestMethods(TestMethodWorker.java:126)
	at org.testng.internal.TestMethodWorker.run(TestMethodWorker.java:109)
	at java.util.concurrent.ThreadPoolExecutor.runWorker(Unknown Source)
	at java.util.concurrent.ThreadPoolExecutor$Worker.run(Unknown Source)
	at java.lang.Thread.run(Unknown Source)
]]>
    </error>
  </testcase> <!-- testMethod2 -->
  <testcase name="testMethod1" time="45.609" classname="rebill.testngRebillFast"/>
  <testcase name="testMethod1" time="88.582" classname="rebill.testngRebillFast">
    <failure type="java.lang.AssertionError" message="Faled At Last Rebill Screen: Did not reach override errors or failed here">
      <![CDATA[java.lang.AssertionError: Faled At Last Rebill Screen: Did not reach override errors or failed here
	at org.testng.Assert.fail(Assert.java:93)
	at rebill.testngRebillFast.doRebill(testngRebillFast.java:1748)
	at rebill.testngRebillFast.testMethod1(testngRebillFast.java:634)
	at sun.reflect.GeneratedMethodAccessor9.invoke(Unknown Source)
	at sun.reflect.DelegatingMethodAccessorImpl.invoke(Unknown Source)
	at java.lang.reflect.Method.invoke(Unknown Source)
	at org.testng.internal.MethodInvocationHelper.invokeMethod(MethodInvocationHelper.java:108)
	at org.testng.internal.Invoker.invokeMethod(Invoker.java:661)
	at org.testng.internal.Invoker.retryFailed(Invoker.java:1014)
	at org.testng.internal.Invoker.invokeTestMethods(Invoker.java:1215)
	at org.testng.internal.TestMethodWorker.invokeTestMethods(TestMethodWorker.java:126)
	at org.testng.internal.TestMethodWorker.run(TestMethodWorker.java:109)
	at java.util.concurrent.ThreadPoolExecutor.runWorker(Unknown Source)
	at java.util.concurrent.ThreadPoolExecutor$Worker.run(Unknown Source)
	at java.lang.Thread.run(Unknown Source)
]]>
    </failure>
  </testcase> <!-- testMethod1 -->
  <testcase name="testMethod1" time="44.645" classname="rebill.testngRebillFast"/>
  <testcase name="testMethod1" time="44.926" classname="rebill.testngRebillFast"/>
  <testcase name="testMethod1" time="46.722" classname="rebill.testngRebillFast"/>
  <testcase name="testMethod1" time="87.237" classname="rebill.testngRebillFast">
    <skipped/>
  </testcase> <!-- testMethod1 -->
  <testcase name="testMethod1" time="50.717" classname="rebill.testngRebillFast"/>
  <testcase name="testMethod1" time="86.925" classname="rebill.testngRebillFast">
    <failure type="java.lang.AssertionError" message="Faled At Last Rebill Screen: Did not reach override errors or failed here">
      <![CDATA[java.lang.AssertionError: Faled At Last Rebill Screen: Did not reach override errors or failed here
	at org.testng.Assert.fail(Assert.java:93)
	at rebill.testngRebillFast.doRebill(testngRebillFast.java:1748)
	at rebill.testngRebillFast.testMethod1(testngRebillFast.java:634)
	at sun.reflect.GeneratedMethodAccessor9.invoke(Unknown Source)
	at sun.reflect.DelegatingMethodAccessorImpl.invoke(Unknown Source)
	at java.lang.reflect.Method.invoke(Unknown Source)
	at org.testng.internal.MethodInvocationHelper.invokeMethod(MethodInvocationHelper.java:108)
	at org.testng.internal.Invoker.invokeMethod(Invoker.java:661)
	at org.testng.internal.Invoker.invokeTestMethod(Invoker.java:869)
	at org.testng.internal.Invoker.invokeTestMethods(Invoker.java:1193)
	at org.testng.internal.TestMethodWorker.invokeTestMethods(TestMethodWorker.java:126)
	at org.testng.internal.TestMethodWorker.run(TestMethodWorker.java:109)
	at java.util.concurrent.ThreadPoolExecutor.runWorker(Unknown Source)
	at java.util.concurrent.ThreadPoolExecutor$Worker.run(Unknown Source)
	at java.lang.Thread.run(Unknown Source)
]]>
    </failure>
  </testcase> <!-- testMethod1 -->
  <testcase name="testMethod1" time="89.182" classname="rebill.testngRebillFast">
    <failure type="java.lang.AssertionError" message="Faled At Last Rebill Screen: Did not reach override errors or failed here">
      <![CDATA[java.lang.AssertionError: Faled At Last Rebill Screen: Did not reach override errors or failed here
	at org.testng.Assert.fail(Assert.java:93)
	at rebill.testngRebillFast.doRebill(testngRebillFast.java:1748)
	at rebill.testngRebillFast.testMethod1(testngRebillFast.java:634)
	at sun.reflect.GeneratedMethodAccessor9.invoke(Unknown Source)
	at sun.reflect.DelegatingMethodAccessorImpl.invoke(Unknown Source)
	at java.lang.reflect.Method.invoke(Unknown Source)
	at org.testng.internal.MethodInvocationHelper.invokeMethod(MethodInvocationHelper.java:108)
	at org.testng.internal.Invoker.invokeMethod(Invoker.java:661)
	at org.testng.internal.Invoker.invokeTestMethod(Invoker.java:869)
	at org.testng.internal.Invoker.invokeTestMethods(Invoker.java:1193)
	at org.testng.internal.TestMethodWorker.invokeTestMethods(TestMethodWorker.java:126)
	at org.testng.internal.TestMethodWorker.run(TestMethodWorker.java:109)
	at java.util.concurrent.ThreadPoolExecutor.runWorker(Unknown Source)
	at java.util.concurrent.ThreadPoolExecutor$Worker.run(Unknown Source)
	at java.lang.Thread.run(Unknown Source)
]]>
    </failure>
  </testcase> <!-- testMethod1 -->
  <testcase name="testMethod1" time="49.024" classname="rebill.testngRebillFast"/>
  <testcase name="testMethod1" time="47.547" classname="rebill.testngRebillFast"/>
  <testcase name="testMethod1" time="50.902" classname="rebill.testngRebillFast"/>
  <testcase name="testMethod1" time="89.249" classname="rebill.testngRebillFast">
    <failure type="java.lang.AssertionError" message="Faled At Last Rebill Screen: Did not reach override errors or failed here">
      <![CDATA[java.lang.AssertionError: Faled At Last Rebill Screen: Did not reach override errors or failed here
	at org.testng.Assert.fail(Assert.java:93)
	at rebill.testngRebillFast.doRebill(testngRebillFast.java:1748)
	at rebill.testngRebillFast.testMethod1(testngRebillFast.java:634)
	at sun.reflect.GeneratedMethodAccessor9.invoke(Unknown Source)
	at sun.reflect.DelegatingMethodAccessorImpl.invoke(Unknown Source)
	at java.lang.reflect.Method.invoke(Unknown Source)
	at org.testng.internal.MethodInvocationHelper.invokeMethod(MethodInvocationHelper.java:108)
	at org.testng.internal.Invoker.invokeMethod(Invoker.java:661)
	at org.testng.internal.Invoker.invokeTestMethod(Invoker.java:869)
	at org.testng.internal.Invoker.invokeTestMethods(Invoker.java:1193)
	at org.testng.internal.TestMethodWorker.invokeTestMethods(TestMethodWorker.java:126)
	at org.testng.internal.TestMethodWorker.run(TestMethodWorker.java:109)
	at java.util.concurrent.ThreadPoolExecutor.runWorker(Unknown Source)
	at java.util.concurrent.ThreadPoolExecutor$Worker.run(Unknown Source)
	at java.lang.Thread.run(Unknown Source)
]]>
    </failure>
  </testcase> <!-- testMethod1 -->
  <testcase name="testMethod1" time="90.898" classname="rebill.testngRebillFast">
    <failure type="java.lang.AssertionError" message="Faled At Last Rebill Screen: Did not reach override errors or failed here">
      <![CDATA[java.lang.AssertionError: Faled At Last Rebill Screen: Did not reach override errors or failed here
	at org.testng.Assert.fail(Assert.java:93)
	at rebill.testngRebillFast.doRebill(testngRebillFast.java:1748)
	at rebill.testngRebillFast.testMethod1(testngRebillFast.java:634)
	at sun.reflect.GeneratedMethodAccessor9.invoke(Unknown Source)
	at sun.reflect.DelegatingMethodAccessorImpl.invoke(Unknown Source)
	at java.lang.reflect.Method.invoke(Unknown Source)
	at org.testng.internal.MethodInvocationHelper.invokeMethod(MethodInvocationHelper.java:108)
	at org.testng.internal.Invoker.invokeMethod(Invoker.java:661)
	at org.testng.internal.Invoker.retryFailed(Invoker.java:1014)
	at org.testng.internal.Invoker.invokeTestMethods(Invoker.java:1215)
	at org.testng.internal.TestMethodWorker.invokeTestMethods(TestMethodWorker.java:126)
	at org.testng.internal.TestMethodWorker.run(TestMethodWorker.java:109)
	at java.util.concurrent.ThreadPoolExecutor.runWorker(Unknown Source)
	at java.util.concurrent.ThreadPoolExecutor$Worker.run(Unknown Source)
	at java.lang.Thread.run(Unknown Source)
]]>
    </failure>
  </testcase> <!-- testMethod1 -->
  <testcase name="testMethod1" time="88.706" classname="rebill.testngRebillFast">
    <failure type="java.lang.AssertionError" message="Faled At Last Rebill Screen: Did not reach override errors or failed here">
      <![CDATA[java.lang.AssertionError: Faled At Last Rebill Screen: Did not reach override errors or failed here
	at org.testng.Assert.fail(Assert.java:93)
	at rebill.testngRebillFast.doRebill(testngRebillFast.java:1748)
	at rebill.testngRebillFast.testMethod1(testngRebillFast.java:634)
	at sun.reflect.GeneratedMethodAccessor9.invoke(Unknown Source)
	at sun.reflect.DelegatingMethodAccessorImpl.invoke(Unknown Source)
	at java.lang.reflect.Method.invoke(Unknown Source)
	at org.testng.internal.MethodInvocationHelper.invokeMethod(MethodInvocationHelper.java:108)
	at org.testng.internal.Invoker.invokeMethod(Invoker.java:661)
	at org.testng.internal.Invoker.retryFailed(Invoker.java:1014)
	at org.testng.internal.Invoker.invokeTestMethods(Invoker.java:1215)
	at org.testng.internal.TestMethodWorker.invokeTestMethods(TestMethodWorker.java:126)
	at org.testng.internal.TestMethodWorker.run(TestMethodWorker.java:109)
	at java.util.concurrent.ThreadPoolExecutor.runWorker(Unknown Source)
	at java.util.concurrent.ThreadPoolExecutor$Worker.run(Unknown Source)
	at java.lang.Thread.run(Unknown Source)
]]>
    </failure>
  </testcase> <!-- testMethod1 -->
  <testcase name="testMethod1" time="91.416" classname="rebill.testngRebillFast">
    <failure type="java.lang.AssertionError" message="Faled At Last Rebill Screen: Did not reach override errors or failed here">
      <![CDATA[java.lang.AssertionError: Faled At Last Rebill Screen: Did not reach override errors or failed here
	at org.testng.Assert.fail(Assert.java:93)
	at rebill.testngRebillFast.doRebill(testngRebillFast.java:1748)
	at rebill.testngRebillFast.testMethod1(testngRebillFast.java:634)
	at sun.reflect.GeneratedMethodAccessor9.invoke(Unknown Source)
	at sun.reflect.DelegatingMethodAccessorImpl.invoke(Unknown Source)
	at java.lang.reflect.Method.invoke(Unknown Source)
	at org.testng.internal.MethodInvocationHelper.invokeMethod(MethodInvocationHelper.java:108)
	at org.testng.internal.Invoker.invokeMethod(Invoker.java:661)
	at org.testng.internal.Invoker.invokeTestMethod(Invoker.java:869)
	at org.testng.internal.Invoker.invokeTestMethods(Invoker.java:1193)
	at org.testng.internal.TestMethodWorker.invokeTestMethods(TestMethodWorker.java:126)
	at org.testng.internal.TestMethodWorker.run(TestMethodWorker.java:109)
	at java.util.concurrent.ThreadPoolExecutor.runWorker(Unknown Source)
	at java.util.concurrent.ThreadPoolExecutor$Worker.run(Unknown Source)
	at java.lang.Thread.run(Unknown Source)
]]>
    </failure>
  </testcase> <!-- testMethod1 -->
  <testcase name="testMethod1" time="52.200" classname="rebill.testngRebillFast"/>
  <testcase name="testMethod1" time="90.827" classname="rebill.testngRebillFast">
    <failure type="java.lang.AssertionError" message="Faled At Last Rebill Screen: Did not reach override errors or failed here">
      <![CDATA[java.lang.AssertionError: Faled At Last Rebill Screen: Did not reach override errors or failed here
	at org.testng.Assert.fail(Assert.java:93)
	at rebill.testngRebillFast.doRebill(testngRebillFast.java:1748)
	at rebill.testngRebillFast.testMethod1(testngRebillFast.java:634)
	at sun.reflect.GeneratedMethodAccessor9.invoke(Unknown Source)
	at sun.reflect.DelegatingMethodAccessorImpl.invoke(Unknown Source)
	at java.lang.reflect.Method.invoke(Unknown Source)
	at org.testng.internal.MethodInvocationHelper.invokeMethod(MethodInvocationHelper.java:108)
	at org.testng.internal.Invoker.invokeMethod(Invoker.java:661)
	at org.testng.internal.Invoker.retryFailed(Invoker.java:1014)
	at org.testng.internal.Invoker.invokeTestMethods(Invoker.java:1215)
	at org.testng.internal.TestMethodWorker.invokeTestMethods(TestMethodWorker.java:126)
	at org.testng.internal.TestMethodWorker.run(TestMethodWorker.java:109)
	at java.util.concurrent.ThreadPoolExecutor.runWorker(Unknown Source)
	at java.util.concurrent.ThreadPoolExecutor$Worker.run(Unknown Source)
	at java.lang.Thread.run(Unknown Source)
]]>
    </failure>
  </testcase> <!-- testMethod1 -->
  <testcase name="testMethod1" time="53.994" classname="rebill.testngRebillFast">
    <failure type="java.lang.AssertionError" message="Faled At Last Rebill Screen: Did not reach override errors or failed here">
      <![CDATA[java.lang.AssertionError: Faled At Last Rebill Screen: Did not reach override errors or failed here
	at org.testng.Assert.fail(Assert.java:93)
	at rebill.testngRebillFast.doRebill(testngRebillFast.java:1748)
	at rebill.testngRebillFast.testMethod1(testngRebillFast.java:634)
	at sun.reflect.GeneratedMethodAccessor9.invoke(Unknown Source)
	at sun.reflect.DelegatingMethodAccessorImpl.invoke(Unknown Source)
	at java.lang.reflect.Method.invoke(Unknown Source)
	at org.testng.internal.MethodInvocationHelper.invokeMethod(MethodInvocationHelper.java:108)
	at org.testng.internal.Invoker.invokeMethod(Invoker.java:661)
	at org.testng.internal.Invoker.invokeTestMethod(Invoker.java:869)
	at org.testng.internal.Invoker.invokeTestMethods(Invoker.java:1193)
	at org.testng.internal.TestMethodWorker.invokeTestMethods(TestMethodWorker.java:126)
	at org.testng.internal.TestMethodWorker.run(TestMethodWorker.java:109)
	at java.util.concurrent.ThreadPoolExecutor.runWorker(Unknown Source)
	at java.util.concurrent.ThreadPoolExecutor$Worker.run(Unknown Source)
	at java.lang.Thread.run(Unknown Source)
]]>
    </failure>
  </testcase> <!-- testMethod1 -->
  <testcase name="testMethod1" time="46.748" classname="rebill.testngRebillFast"/>
  <testcase name="testMethod1" time="48.794" classname="rebill.testngRebillFast">
    <error type="java.lang.NullPointerException">
      <![CDATA[java.lang.NullPointerException
	at rebill.testngRebillFast.validateResults(testngRebillFast.java:1894)
	at rebill.testngRebillFast.doRebill(testngRebillFast.java:1690)
	at rebill.testngRebillFast.testMethod1(testngRebillFast.java:634)
	at sun.reflect.GeneratedMethodAccessor9.invoke(Unknown Source)
	at sun.reflect.DelegatingMethodAccessorImpl.invoke(Unknown Source)
	at java.lang.reflect.Method.invoke(Unknown Source)
	at org.testng.internal.MethodInvocationHelper.invokeMethod(MethodInvocationHelper.java:108)
	at org.testng.internal.Invoker.invokeMethod(Invoker.java:661)
	at org.testng.internal.Invoker.retryFailed(Invoker.java:1014)
	at org.testng.internal.Invoker.invokeTestMethods(Invoker.java:1215)
	at org.testng.internal.TestMethodWorker.invokeTestMethods(TestMethodWorker.java:126)
	at org.testng.internal.TestMethodWorker.run(TestMethodWorker.java:109)
	at java.util.concurrent.ThreadPoolExecutor.runWorker(Unknown Source)
	at java.util.concurrent.ThreadPoolExecutor$Worker.run(Unknown Source)
	at java.lang.Thread.run(Unknown Source)
]]>
    </error>
  </testcase> <!-- testMethod1 -->
  <testcase name="testMethod1" time="50.381" classname="rebill.testngRebillFast">
    <error type="java.lang.NullPointerException">
      <![CDATA[java.lang.NullPointerException
	at rebill.testngRebillFast.validateResults(testngRebillFast.java:1894)
	at rebill.testngRebillFast.doRebill(testngRebillFast.java:1690)
	at rebill.testngRebillFast.testMethod1(testngRebillFast.java:634)
	at sun.reflect.GeneratedMethodAccessor9.invoke(Unknown Source)
	at sun.reflect.DelegatingMethodAccessorImpl.invoke(Unknown Source)
	at java.lang.reflect.Method.invoke(Unknown Source)
	at org.testng.internal.MethodInvocationHelper.invokeMethod(MethodInvocationHelper.java:108)
	at org.testng.internal.Invoker.invokeMethod(Invoker.java:661)
	at org.testng.internal.Invoker.retryFailed(Invoker.java:1014)
	at org.testng.internal.Invoker.invokeTestMethods(Invoker.java:1215)
	at org.testng.internal.TestMethodWorker.invokeTestMethods(TestMethodWorker.java:126)
	at org.testng.internal.TestMethodWorker.run(TestMethodWorker.java:109)
	at java.util.concurrent.ThreadPoolExecutor.runWorker(Unknown Source)
	at java.util.concurrent.ThreadPoolExecutor$Worker.run(Unknown Source)
	at java.lang.Thread.run(Unknown Source)
]]>
    </error>
  </testcase> <!-- testMethod1 -->
  <testcase name="testMethod1" time="45.644" classname="rebill.testngRebillFast"/>
  <testcase name="testMethod1" time="91.349" classname="rebill.testngRebillFast">
    <failure type="java.lang.AssertionError" message="Faled At Last Rebill Screen: Did not reach override errors or failed here">
      <![CDATA[java.lang.AssertionError: Faled At Last Rebill Screen: Did not reach override errors or failed here
	at org.testng.Assert.fail(Assert.java:93)
	at rebill.testngRebillFast.doRebill(testngRebillFast.java:1748)
	at rebill.testngRebillFast.testMethod1(testngRebillFast.java:634)
	at sun.reflect.GeneratedMethodAccessor9.invoke(Unknown Source)
	at sun.reflect.DelegatingMethodAccessorImpl.invoke(Unknown Source)
	at java.lang.reflect.Method.invoke(Unknown Source)
	at org.testng.internal.MethodInvocationHelper.invokeMethod(MethodInvocationHelper.java:108)
	at org.testng.internal.Invoker.invokeMethod(Invoker.java:661)
	at org.testng.internal.Invoker.retryFailed(Invoker.java:1014)
	at org.testng.internal.Invoker.invokeTestMethods(Invoker.java:1215)
	at org.testng.internal.TestMethodWorker.invokeTestMethods(TestMethodWorker.java:126)
	at org.testng.internal.TestMethodWorker.run(TestMethodWorker.java:109)
	at java.util.concurrent.ThreadPoolExecutor.runWorker(Unknown Source)
	at java.util.concurrent.ThreadPoolExecutor$Worker.run(Unknown Source)
	at java.lang.Thread.run(Unknown Source)
]]>
    </failure>
  </testcase> <!-- testMethod1 -->
  <testcase name="testMethod1" time="60.027" classname="rebill.testngRebillFast"/>
  <testcase name="testMethod1" time="89.587" classname="rebill.testngRebillFast">
    <failure type="java.lang.AssertionError" message="Faled At Last Rebill Screen: Did not reach override errors or failed here">
      <![CDATA[java.lang.AssertionError: Faled At Last Rebill Screen: Did not reach override errors or failed here
	at org.testng.Assert.fail(Assert.java:93)
	at rebill.testngRebillFast.doRebill(testngRebillFast.java:1748)
	at rebill.testngRebillFast.testMethod1(testngRebillFast.java:634)
	at sun.reflect.GeneratedMethodAccessor9.invoke(Unknown Source)
	at sun.reflect.DelegatingMethodAccessorImpl.invoke(Unknown Source)
	at java.lang.reflect.Method.invoke(Unknown Source)
	at org.testng.internal.MethodInvocationHelper.invokeMethod(MethodInvocationHelper.java:108)
	at org.testng.internal.Invoker.invokeMethod(Invoker.java:661)
	at org.testng.internal.Invoker.retryFailed(Invoker.java:1014)
	at org.testng.internal.Invoker.invokeTestMethods(Invoker.java:1215)
	at org.testng.internal.TestMethodWorker.invokeTestMethods(TestMethodWorker.java:126)
	at org.testng.internal.TestMethodWorker.run(TestMethodWorker.java:109)
	at java.util.concurrent.ThreadPoolExecutor.runWorker(Unknown Source)
	at java.util.concurrent.ThreadPoolExecutor$Worker.run(Unknown Source)
	at java.lang.Thread.run(Unknown Source)
]]>
    </failure>
  </testcase> <!-- testMethod1 -->
  <testcase name="testMethod1" time="49.189" classname="rebill.testngRebillFast"/>
  <testcase name="testMethod1" time="88.552" classname="rebill.testngRebillFast">
    <failure type="java.lang.AssertionError" message="Faled At Last Rebill Screen: Did not reach override errors or failed here">
      <![CDATA[java.lang.AssertionError: Faled At Last Rebill Screen: Did not reach override errors or failed here
	at org.testng.Assert.fail(Assert.java:93)
	at rebill.testngRebillFast.doRebill(testngRebillFast.java:1748)
	at rebill.testngRebillFast.testMethod1(testngRebillFast.java:634)
	at sun.reflect.GeneratedMethodAccessor9.invoke(Unknown Source)
	at sun.reflect.DelegatingMethodAccessorImpl.invoke(Unknown Source)
	at java.lang.reflect.Method.invoke(Unknown Source)
	at org.testng.internal.MethodInvocationHelper.invokeMethod(MethodInvocationHelper.java:108)
	at org.testng.internal.Invoker.invokeMethod(Invoker.java:661)
	at org.testng.internal.Invoker.invokeTestMethod(Invoker.java:869)
	at org.testng.internal.Invoker.invokeTestMethods(Invoker.java:1193)
	at org.testng.internal.TestMethodWorker.invokeTestMethods(TestMethodWorker.java:126)
	at org.testng.internal.TestMethodWorker.run(TestMethodWorker.java:109)
	at java.util.concurrent.ThreadPoolExecutor.runWorker(Unknown Source)
	at java.util.concurrent.ThreadPoolExecutor$Worker.run(Unknown Source)
	at java.lang.Thread.run(Unknown Source)
]]>
    </failure>
  </testcase> <!-- testMethod1 -->
  <testcase name="testMethod1" time="53.961" classname="rebill.testngRebillFast">
    <failure type="java.lang.AssertionError" message="Faled At Last Rebill Screen: Did not reach override errors or failed here">
      <![CDATA[java.lang.AssertionError: Faled At Last Rebill Screen: Did not reach override errors or failed here
	at org.testng.Assert.fail(Assert.java:93)
	at rebill.testngRebillFast.doRebill(testngRebillFast.java:1748)
	at rebill.testngRebillFast.testMethod1(testngRebillFast.java:634)
	at sun.reflect.GeneratedMethodAccessor9.invoke(Unknown Source)
	at sun.reflect.DelegatingMethodAccessorImpl.invoke(Unknown Source)
	at java.lang.reflect.Method.invoke(Unknown Source)
	at org.testng.internal.MethodInvocationHelper.invokeMethod(MethodInvocationHelper.java:108)
	at org.testng.internal.Invoker.invokeMethod(Invoker.java:661)
	at org.testng.internal.Invoker.invokeTestMethod(Invoker.java:869)
	at org.testng.internal.Invoker.invokeTestMethods(Invoker.java:1193)
	at org.testng.internal.TestMethodWorker.invokeTestMethods(TestMethodWorker.java:126)
	at org.testng.internal.TestMethodWorker.run(TestMethodWorker.java:109)
	at java.util.concurrent.ThreadPoolExecutor.runWorker(Unknown Source)
	at java.util.concurrent.ThreadPoolExecutor$Worker.run(Unknown Source)
	at java.lang.Thread.run(Unknown Source)
]]>
    </failure>
  </testcase> <!-- testMethod1 -->
  <testcase name="testMethod1" time="87.544" classname="rebill.testngRebillFast">
    <failure type="java.lang.AssertionError" message="Faled At Last Rebill Screen: Did not reach override errors or failed here">
      <![CDATA[java.lang.AssertionError: Faled At Last Rebill Screen: Did not reach override errors or failed here
	at org.testng.Assert.fail(Assert.java:93)
	at rebill.testngRebillFast.doRebill(testngRebillFast.java:1748)
	at rebill.testngRebillFast.testMethod1(testngRebillFast.java:634)
	at sun.reflect.GeneratedMethodAccessor9.invoke(Unknown Source)
	at sun.reflect.DelegatingMethodAccessorImpl.invoke(Unknown Source)
	at java.lang.reflect.Method.invoke(Unknown Source)
	at org.testng.internal.MethodInvocationHelper.invokeMethod(MethodInvocationHelper.java:108)
	at org.testng.internal.Invoker.invokeMethod(Invoker.java:661)
	at org.testng.internal.Invoker.invokeTestMethod(Invoker.java:869)
	at org.testng.internal.Invoker.invokeTestMethods(Invoker.java:1193)
	at org.testng.internal.TestMethodWorker.invokeTestMethods(TestMethodWorker.java:126)
	at org.testng.internal.TestMethodWorker.run(TestMethodWorker.java:109)
	at java.util.concurrent.ThreadPoolExecutor.runWorker(Unknown Source)
	at java.util.concurrent.ThreadPoolExecutor$Worker.run(Unknown Source)
	at java.lang.Thread.run(Unknown Source)
]]>
    </failure>
  </testcase> <!-- testMethod1 -->
  <testcase name="testMethod1" time="90.126" classname="rebill.testngRebillFast">
    <failure type="java.lang.AssertionError" message="Faled At Last Rebill Screen: Did not reach override errors or failed here">
      <![CDATA[java.lang.AssertionError: Faled At Last Rebill Screen: Did not reach override errors or failed here
	at org.testng.Assert.fail(Assert.java:93)
	at rebill.testngRebillFast.doRebill(testngRebillFast.java:1748)
	at rebill.testngRebillFast.testMethod1(testngRebillFast.java:634)
	at sun.reflect.GeneratedMethodAccessor9.invoke(Unknown Source)
	at sun.reflect.DelegatingMethodAccessorImpl.invoke(Unknown Source)
	at java.lang.reflect.Method.invoke(Unknown Source)
	at org.testng.internal.MethodInvocationHelper.invokeMethod(MethodInvocationHelper.java:108)
	at org.testng.internal.Invoker.invokeMethod(Invoker.java:661)
	at org.testng.internal.Invoker.invokeTestMethod(Invoker.java:869)
	at org.testng.internal.Invoker.invokeTestMethods(Invoker.java:1193)
	at org.testng.internal.TestMethodWorker.invokeTestMethods(TestMethodWorker.java:126)
	at org.testng.internal.TestMethodWorker.run(TestMethodWorker.java:109)
	at java.util.concurrent.ThreadPoolExecutor.runWorker(Unknown Source)
	at java.util.concurrent.ThreadPoolExecutor$Worker.run(Unknown Source)
	at java.lang.Thread.run(Unknown Source)
]]>
    </failure>
  </testcase> <!-- testMethod1 -->
  <testcase name="testMethod1" time="48.722" classname="rebill.testngRebillFast"/>
  <testcase name="testMethod1" time="90.199" classname="rebill.testngRebillFast">
    <failure type="java.lang.AssertionError" message="Faled At Last Rebill Screen: Did not reach override errors or failed here">
      <![CDATA[java.lang.AssertionError: Faled At Last Rebill Screen: Did not reach override errors or failed here
	at org.testng.Assert.fail(Assert.java:93)
	at rebill.testngRebillFast.doRebill(testngRebillFast.java:1748)
	at rebill.testngRebillFast.testMethod1(testngRebillFast.java:634)
	at sun.reflect.GeneratedMethodAccessor9.invoke(Unknown Source)
	at sun.reflect.DelegatingMethodAccessorImpl.invoke(Unknown Source)
	at java.lang.reflect.Method.invoke(Unknown Source)
	at org.testng.internal.MethodInvocationHelper.invokeMethod(MethodInvocationHelper.java:108)
	at org.testng.internal.Invoker.invokeMethod(Invoker.java:661)
	at org.testng.internal.Invoker.invokeTestMethod(Invoker.java:869)
	at org.testng.internal.Invoker.invokeTestMethods(Invoker.java:1193)
	at org.testng.internal.TestMethodWorker.invokeTestMethods(TestMethodWorker.java:126)
	at org.testng.internal.TestMethodWorker.run(TestMethodWorker.java:109)
	at java.util.concurrent.ThreadPoolExecutor.runWorker(Unknown Source)
	at java.util.concurrent.ThreadPoolExecutor$Worker.run(Unknown Source)
	at java.lang.Thread.run(Unknown Source)
]]>
    </failure>
  </testcase> <!-- testMethod1 -->
  <testcase name="testMethod1" time="47.399" classname="rebill.testngRebillFast"/>
  <testcase name="testMethod1" time="52.891" classname="rebill.testngRebillFast"/>
  <testcase name="testMethod3" time="0.000" classname="rebill.testngRebillFast">
    <error type="org.testng.TestNGException" message="
Data Provider public synchronized java.lang.Object[][] rebill.testngRebillFast.dataProviderMethod3() must return either Object[][] or Iterator&lt;Object&gt;[], not class [[Ljava.lang.Object;">
      <![CDATA[org.testng.TestNGException: 
Data Provider public synchronized java.lang.Object[][] rebill.testngRebillFast.dataProviderMethod3() must return either Object[][] or Iterator<Object>[], not class [[Ljava.lang.Object;
	at org.testng.internal.MethodInvocationHelper.invokeDataProvider(MethodInvocationHelper.java:137)
	at org.testng.internal.Parameters.handleParameters(Parameters.java:509)
	at org.testng.internal.Invoker.handleParameters(Invoker.java:1308)
	at org.testng.internal.Invoker.createParameters(Invoker.java:1036)
	at org.testng.internal.Invoker.invokeTestMethods(Invoker.java:1126)
	at org.testng.internal.TestMethodWorker.invokeTestMethods(TestMethodWorker.java:126)
	at org.testng.internal.TestMethodWorker.run(TestMethodWorker.java:109)
	at java.util.concurrent.ThreadPoolExecutor.runWorker(Unknown Source)
	at java.util.concurrent.ThreadPoolExecutor$Worker.run(Unknown Source)
	at java.lang.Thread.run(Unknown Source)
]]>
    </error>
  </testcase> <!-- testMethod3 -->
  <testcase name="testMethod1" time="89.354" classname="rebill.testngRebillFast">
    <failure type="java.lang.AssertionError" message="Faled At Last Rebill Screen: Did not reach override errors or failed here">
      <![CDATA[java.lang.AssertionError: Faled At Last Rebill Screen: Did not reach override errors or failed here
	at org.testng.Assert.fail(Assert.java:93)
	at rebill.testngRebillFast.doRebill(testngRebillFast.java:1748)
	at rebill.testngRebillFast.testMethod1(testngRebillFast.java:634)
	at sun.reflect.GeneratedMethodAccessor9.invoke(Unknown Source)
	at sun.reflect.DelegatingMethodAccessorImpl.invoke(Unknown Source)
	at java.lang.reflect.Method.invoke(Unknown Source)
	at org.testng.internal.MethodInvocationHelper.invokeMethod(MethodInvocationHelper.java:108)
	at org.testng.internal.Invoker.invokeMethod(Invoker.java:661)
	at org.testng.internal.Invoker.retryFailed(Invoker.java:1014)
	at org.testng.internal.Invoker.invokeTestMethods(Invoker.java:1215)
	at org.testng.internal.TestMethodWorker.invokeTestMethods(TestMethodWorker.java:126)
	at org.testng.internal.TestMethodWorker.run(TestMethodWorker.java:109)
	at java.util.concurrent.ThreadPoolExecutor.runWorker(Unknown Source)
	at java.util.concurrent.ThreadPoolExecutor$Worker.run(Unknown Source)
	at java.lang.Thread.run(Unknown Source)
]]>
    </failure>
  </testcase> <!-- testMethod1 -->
  <testcase name="testMethod1" time="49.949" classname="rebill.testngRebillFast"/>
  <testcase name="testMethod1" time="89.948" classname="rebill.testngRebillFast">
    <failure type="java.lang.AssertionError" message="Faled At Last Rebill Screen: Did not reach override errors or failed here">
      <![CDATA[java.lang.AssertionError: Faled At Last Rebill Screen: Did not reach override errors or failed here
	at org.testng.Assert.fail(Assert.java:93)
	at rebill.testngRebillFast.doRebill(testngRebillFast.java:1748)
	at rebill.testngRebillFast.testMethod1(testngRebillFast.java:634)
	at sun.reflect.GeneratedMethodAccessor9.invoke(Unknown Source)
	at sun.reflect.DelegatingMethodAccessorImpl.invoke(Unknown Source)
	at java.lang.reflect.Method.invoke(Unknown Source)
	at org.testng.internal.MethodInvocationHelper.invokeMethod(MethodInvocationHelper.java:108)
	at org.testng.internal.Invoker.invokeMethod(Invoker.java:661)
	at org.testng.internal.Invoker.retryFailed(Invoker.java:1014)
	at org.testng.internal.Invoker.invokeTestMethods(Invoker.java:1215)
	at org.testng.internal.TestMethodWorker.invokeTestMethods(TestMethodWorker.java:126)
	at org.testng.internal.TestMethodWorker.run(TestMethodWorker.java:109)
	at java.util.concurrent.ThreadPoolExecutor.runWorker(Unknown Source)
	at java.util.concurrent.ThreadPoolExecutor$Worker.run(Unknown Source)
	at java.lang.Thread.run(Unknown Source)
]]>
    </failure>
  </testcase> <!-- testMethod1 -->
  <testcase name="testMethod1" time="90.576" classname="rebill.testngRebillFast">
    <failure type="java.lang.AssertionError" message="Faled At Last Rebill Screen: Did not reach override errors or failed here">
      <![CDATA[java.lang.AssertionError: Faled At Last Rebill Screen: Did not reach override errors or failed here
	at org.testng.Assert.fail(Assert.java:93)
	at rebill.testngRebillFast.doRebill(testngRebillFast.java:1748)
	at rebill.testngRebillFast.testMethod1(testngRebillFast.java:634)
	at sun.reflect.GeneratedMethodAccessor9.invoke(Unknown Source)
	at sun.reflect.DelegatingMethodAccessorImpl.invoke(Unknown Source)
	at java.lang.reflect.Method.invoke(Unknown Source)
	at org.testng.internal.MethodInvocationHelper.invokeMethod(MethodInvocationHelper.java:108)
	at org.testng.internal.Invoker.invokeMethod(Invoker.java:661)
	at org.testng.internal.Invoker.retryFailed(Invoker.java:1014)
	at org.testng.internal.Invoker.invokeTestMethods(Invoker.java:1215)
	at org.testng.internal.TestMethodWorker.invokeTestMethods(TestMethodWorker.java:126)
	at org.testng.internal.TestMethodWorker.run(TestMethodWorker.java:109)
	at java.util.concurrent.ThreadPoolExecutor.runWorker(Unknown Source)
	at java.util.concurrent.ThreadPoolExecutor$Worker.run(Unknown Source)
	at java.lang.Thread.run(Unknown Source)
]]>
    </failure>
  </testcase> <!-- testMethod1 -->
  <testcase name="testMethod1" time="56.126" classname="rebill.testngRebillFast"/>
  <testcase name="testMethod1" time="91.124" classname="rebill.testngRebillFast">
    <failure type="java.lang.AssertionError" message="Faled At Last Rebill Screen: Did not reach override errors or failed here">
      <![CDATA[java.lang.AssertionError: Faled At Last Rebill Screen: Did not reach override errors or failed here
	at org.testng.Assert.fail(Assert.java:93)
	at rebill.testngRebillFast.doRebill(testngRebillFast.java:1748)
	at rebill.testngRebillFast.testMethod1(testngRebillFast.java:634)
	at sun.reflect.GeneratedMethodAccessor9.invoke(Unknown Source)
	at sun.reflect.DelegatingMethodAccessorImpl.invoke(Unknown Source)
	at java.lang.reflect.Method.invoke(Unknown Source)
	at org.testng.internal.MethodInvocationHelper.invokeMethod(MethodInvocationHelper.java:108)
	at org.testng.internal.Invoker.invokeMethod(Invoker.java:661)
	at org.testng.internal.Invoker.invokeTestMethod(Invoker.java:869)
	at org.testng.internal.Invoker.invokeTestMethods(Invoker.java:1193)
	at org.testng.internal.TestMethodWorker.invokeTestMethods(TestMethodWorker.java:126)
	at org.testng.internal.TestMethodWorker.run(TestMethodWorker.java:109)
	at java.util.concurrent.ThreadPoolExecutor.runWorker(Unknown Source)
	at java.util.concurrent.ThreadPoolExecutor$Worker.run(Unknown Source)
	at java.lang.Thread.run(Unknown Source)
]]>
    </failure>
  </testcase> <!-- testMethod1 -->
  <testcase name="testMethod1" time="50.430" classname="rebill.testngRebillFast"/>
  <testcase name="testMethod1" time="89.713" classname="rebill.testngRebillFast">
    <failure type="java.lang.AssertionError" message="Faled At Last Rebill Screen: Did not reach override errors or failed here">
      <![CDATA[java.lang.AssertionError: Faled At Last Rebill Screen: Did not reach override errors or failed here
	at org.testng.Assert.fail(Assert.java:93)
	at rebill.testngRebillFast.doRebill(testngRebillFast.java:1748)
	at rebill.testngRebillFast.testMethod1(testngRebillFast.java:634)
	at sun.reflect.GeneratedMethodAccessor9.invoke(Unknown Source)
	at sun.reflect.DelegatingMethodAccessorImpl.invoke(Unknown Source)
	at java.lang.reflect.Method.invoke(Unknown Source)
	at org.testng.internal.MethodInvocationHelper.invokeMethod(MethodInvocationHelper.java:108)
	at org.testng.internal.Invoker.invokeMethod(Invoker.java:661)
	at org.testng.internal.Invoker.invokeTestMethod(Invoker.java:869)
	at org.testng.internal.Invoker.invokeTestMethods(Invoker.java:1193)
	at org.testng.internal.TestMethodWorker.invokeTestMethods(TestMethodWorker.java:126)
	at org.testng.internal.TestMethodWorker.run(TestMethodWorker.java:109)
	at java.util.concurrent.ThreadPoolExecutor.runWorker(Unknown Source)
	at java.util.concurrent.ThreadPoolExecutor$Worker.run(Unknown Source)
	at java.lang.Thread.run(Unknown Source)
]]>
    </failure>
  </testcase> <!-- testMethod1 -->
  <testcase name="testMethod1" time="47.903" classname="rebill.testngRebillFast">
    <failure type="java.lang.AssertionError" message="Faled At Last Rebill Screen: Did not reach override errors or failed here">
      <![CDATA[java.lang.AssertionError: Faled At Last Rebill Screen: Did not reach override errors or failed here
	at org.testng.Assert.fail(Assert.java:93)
	at rebill.testngRebillFast.doRebill(testngRebillFast.java:1748)
	at rebill.testngRebillFast.testMethod1(testngRebillFast.java:634)
	at sun.reflect.GeneratedMethodAccessor9.invoke(Unknown Source)
	at sun.reflect.DelegatingMethodAccessorImpl.invoke(Unknown Source)
	at java.lang.reflect.Method.invoke(Unknown Source)
	at org.testng.internal.MethodInvocationHelper.invokeMethod(MethodInvocationHelper.java:108)
	at org.testng.internal.Invoker.invokeMethod(Invoker.java:661)
	at org.testng.internal.Invoker.retryFailed(Invoker.java:1014)
	at org.testng.internal.Invoker.invokeTestMethods(Invoker.java:1215)
	at org.testng.internal.TestMethodWorker.invokeTestMethods(TestMethodWorker.java:126)
	at org.testng.internal.TestMethodWorker.run(TestMethodWorker.java:109)
	at java.util.concurrent.ThreadPoolExecutor.runWorker(Unknown Source)
	at java.util.concurrent.ThreadPoolExecutor$Worker.run(Unknown Source)
	at java.lang.Thread.run(Unknown Source)
]]>
    </failure>
  </testcase> <!-- testMethod1 -->
  <testcase name="testMethod1" time="90.739" classname="rebill.testngRebillFast">
    <failure type="java.lang.AssertionError" message="Faled At Last Rebill Screen: Did not reach override errors or failed here">
      <![CDATA[java.lang.AssertionError: Faled At Last Rebill Screen: Did not reach override errors or failed here
	at org.testng.Assert.fail(Assert.java:93)
	at rebill.testngRebillFast.doRebill(testngRebillFast.java:1748)
	at rebill.testngRebillFast.testMethod1(testngRebillFast.java:634)
	at sun.reflect.GeneratedMethodAccessor9.invoke(Unknown Source)
	at sun.reflect.DelegatingMethodAccessorImpl.invoke(Unknown Source)
	at java.lang.reflect.Method.invoke(Unknown Source)
	at org.testng.internal.MethodInvocationHelper.invokeMethod(MethodInvocationHelper.java:108)
	at org.testng.internal.Invoker.invokeMethod(Invoker.java:661)
	at org.testng.internal.Invoker.retryFailed(Invoker.java:1014)
	at org.testng.internal.Invoker.invokeTestMethods(Invoker.java:1215)
	at org.testng.internal.TestMethodWorker.invokeTestMethods(TestMethodWorker.java:126)
	at org.testng.internal.TestMethodWorker.run(TestMethodWorker.java:109)
	at java.util.concurrent.ThreadPoolExecutor.runWorker(Unknown Source)
	at java.util.concurrent.ThreadPoolExecutor$Worker.run(Unknown Source)
	at java.lang.Thread.run(Unknown Source)
]]>
    </failure>
  </testcase> <!-- testMethod1 -->
  <testcase name="testMethod1" time="45.815" classname="rebill.testngRebillFast"/>
  <testcase name="testMethod1" time="90.454" classname="rebill.testngRebillFast">
    <failure type="java.lang.AssertionError" message="Faled At Last Rebill Screen: Did not reach override errors or failed here">
      <![CDATA[java.lang.AssertionError: Faled At Last Rebill Screen: Did not reach override errors or failed here
	at org.testng.Assert.fail(Assert.java:93)
	at rebill.testngRebillFast.doRebill(testngRebillFast.java:1748)
	at rebill.testngRebillFast.testMethod1(testngRebillFast.java:634)
	at sun.reflect.NativeMethodAccessorImpl.invoke0(Native Method)
	at sun.reflect.NativeMethodAccessorImpl.invoke(Unknown Source)
	at sun.reflect.DelegatingMethodAccessorImpl.invoke(Unknown Source)
	at java.lang.reflect.Method.invoke(Unknown Source)
	at org.testng.internal.MethodInvocationHelper.invokeMethod(MethodInvocationHelper.java:108)
	at org.testng.internal.Invoker.invokeMethod(Invoker.java:661)
	at org.testng.internal.Invoker.invokeTestMethod(Invoker.java:869)
	at org.testng.internal.Invoker.invokeTestMethods(Invoker.java:1193)
	at org.testng.internal.TestMethodWorker.invokeTestMethods(TestMethodWorker.java:126)
	at org.testng.internal.TestMethodWorker.run(TestMethodWorker.java:109)
	at java.util.concurrent.ThreadPoolExecutor.runWorker(Unknown Source)
	at java.util.concurrent.ThreadPoolExecutor$Worker.run(Unknown Source)
	at java.lang.Thread.run(Unknown Source)
]]>
    </failure>
  </testcase> <!-- testMethod1 -->
  <testcase name="testMethod1" time="51.154" classname="rebill.testngRebillFast"/>
  <testcase name="testMethod1" time="48.802" classname="rebill.testngRebillFast">
    <error type="java.lang.NullPointerException">
      <![CDATA[java.lang.NullPointerException
	at rebill.testngRebillFast.validateResults(testngRebillFast.java:1894)
	at rebill.testngRebillFast.doRebill(testngRebillFast.java:1690)
	at rebill.testngRebillFast.testMethod1(testngRebillFast.java:634)
	at sun.reflect.GeneratedMethodAccessor9.invoke(Unknown Source)
	at sun.reflect.DelegatingMethodAccessorImpl.invoke(Unknown Source)
	at java.lang.reflect.Method.invoke(Unknown Source)
	at org.testng.internal.MethodInvocationHelper.invokeMethod(MethodInvocationHelper.java:108)
	at org.testng.internal.Invoker.invokeMethod(Invoker.java:661)
	at org.testng.internal.Invoker.invokeTestMethod(Invoker.java:869)
	at org.testng.internal.Invoker.invokeTestMethods(Invoker.java:1193)
	at org.testng.internal.TestMethodWorker.invokeTestMethods(TestMethodWorker.java:126)
	at org.testng.internal.TestMethodWorker.run(TestMethodWorker.java:109)
	at java.util.concurrent.ThreadPoolExecutor.runWorker(Unknown Source)
	at java.util.concurrent.ThreadPoolExecutor$Worker.run(Unknown Source)
	at java.lang.Thread.run(Unknown Source)
]]>
    </error>
  </testcase> <!-- testMethod1 -->
  <testcase name="testMethod1" time="48.734" classname="rebill.testngRebillFast">
    <error type="java.lang.NullPointerException">
      <![CDATA[java.lang.NullPointerException
	at rebill.testngRebillFast.validateResults(testngRebillFast.java:1894)
	at rebill.testngRebillFast.doRebill(testngRebillFast.java:1690)
	at rebill.testngRebillFast.testMethod1(testngRebillFast.java:634)
	at sun.reflect.GeneratedMethodAccessor9.invoke(Unknown Source)
	at sun.reflect.DelegatingMethodAccessorImpl.invoke(Unknown Source)
	at java.lang.reflect.Method.invoke(Unknown Source)
	at org.testng.internal.MethodInvocationHelper.invokeMethod(MethodInvocationHelper.java:108)
	at org.testng.internal.Invoker.invokeMethod(Invoker.java:661)
	at org.testng.internal.Invoker.invokeTestMethod(Invoker.java:869)
	at org.testng.internal.Invoker.invokeTestMethods(Invoker.java:1193)
	at org.testng.internal.TestMethodWorker.invokeTestMethods(TestMethodWorker.java:126)
	at org.testng.internal.TestMethodWorker.run(TestMethodWorker.java:109)
	at java.util.concurrent.ThreadPoolExecutor.runWorker(Unknown Source)
	at java.util.concurrent.ThreadPoolExecutor$Worker.run(Unknown Source)
	at java.lang.Thread.run(Unknown Source)
]]>
    </error>
  </testcase> <!-- testMethod1 -->
  <testcase name="testMethod1" time="88.217" classname="rebill.testngRebillFast">
    <failure type="java.lang.AssertionError" message="Faled At Last Rebill Screen: Did not reach override errors or failed here">
      <![CDATA[java.lang.AssertionError: Faled At Last Rebill Screen: Did not reach override errors or failed here
	at org.testng.Assert.fail(Assert.java:93)
	at rebill.testngRebillFast.doRebill(testngRebillFast.java:1748)
	at rebill.testngRebillFast.testMethod1(testngRebillFast.java:634)
	at sun.reflect.GeneratedMethodAccessor9.invoke(Unknown Source)
	at sun.reflect.DelegatingMethodAccessorImpl.invoke(Unknown Source)
	at java.lang.reflect.Method.invoke(Unknown Source)
	at org.testng.internal.MethodInvocationHelper.invokeMethod(MethodInvocationHelper.java:108)
	at org.testng.internal.Invoker.invokeMethod(Invoker.java:661)
	at org.testng.internal.Invoker.invokeTestMethod(Invoker.java:869)
	at org.testng.internal.Invoker.invokeTestMethods(Invoker.java:1193)
	at org.testng.internal.TestMethodWorker.invokeTestMethods(TestMethodWorker.java:126)
	at org.testng.internal.TestMethodWorker.run(TestMethodWorker.java:109)
	at java.util.concurrent.ThreadPoolExecutor.runWorker(Unknown Source)
	at java.util.concurrent.ThreadPoolExecutor$Worker.run(Unknown Source)
	at java.lang.Thread.run(Unknown Source)
]]>
    </failure>
  </testcase> <!-- testMethod1 -->
  <testcase name="testMethod1" time="87.367" classname="rebill.testngRebillFast">
    <failure type="java.lang.AssertionError" message="Faled At Last Rebill Screen: Did not reach override errors or failed here">
      <![CDATA[java.lang.AssertionError: Faled At Last Rebill Screen: Did not reach override errors or failed here
	at org.testng.Assert.fail(Assert.java:93)
	at rebill.testngRebillFast.doRebill(testngRebillFast.java:1748)
	at rebill.testngRebillFast.testMethod1(testngRebillFast.java:634)
	at sun.reflect.GeneratedMethodAccessor9.invoke(Unknown Source)
	at sun.reflect.DelegatingMethodAccessorImpl.invoke(Unknown Source)
	at java.lang.reflect.Method.invoke(Unknown Source)
	at org.testng.internal.MethodInvocationHelper.invokeMethod(MethodInvocationHelper.java:108)
	at org.testng.internal.Invoker.invokeMethod(Invoker.java:661)
	at org.testng.internal.Invoker.retryFailed(Invoker.java:1014)
	at org.testng.internal.Invoker.invokeTestMethods(Invoker.java:1215)
	at org.testng.internal.TestMethodWorker.invokeTestMethods(TestMethodWorker.java:126)
	at org.testng.internal.TestMethodWorker.run(TestMethodWorker.java:109)
	at java.util.concurrent.ThreadPoolExecutor.runWorker(Unknown Source)
	at java.util.concurrent.ThreadPoolExecutor$Worker.run(Unknown Source)
	at java.lang.Thread.run(Unknown Source)
]]>
    </failure>
  </testcase> <!-- testMethod1 -->
  <testcase name="testMethod1" time="47.571" classname="rebill.testngRebillFast">
    <failure type="java.lang.AssertionError" message="Faled At Last Rebill Screen: Did not reach override errors or failed here">
      <![CDATA[java.lang.AssertionError: Faled At Last Rebill Screen: Did not reach override errors or failed here
	at org.testng.Assert.fail(Assert.java:93)
	at rebill.testngRebillFast.doRebill(testngRebillFast.java:1748)
	at rebill.testngRebillFast.testMethod1(testngRebillFast.java:634)
	at sun.reflect.GeneratedMethodAccessor9.invoke(Unknown Source)
	at sun.reflect.DelegatingMethodAccessorImpl.invoke(Unknown Source)
	at java.lang.reflect.Method.invoke(Unknown Source)
	at org.testng.internal.MethodInvocationHelper.invokeMethod(MethodInvocationHelper.java:108)
	at org.testng.internal.Invoker.invokeMethod(Invoker.java:661)
	at org.testng.internal.Invoker.retryFailed(Invoker.java:1014)
	at org.testng.internal.Invoker.invokeTestMethods(Invoker.java:1215)
	at org.testng.internal.TestMethodWorker.invokeTestMethods(TestMethodWorker.java:126)
	at org.testng.internal.TestMethodWorker.run(TestMethodWorker.java:109)
	at java.util.concurrent.ThreadPoolExecutor.runWorker(Unknown Source)
	at java.util.concurrent.ThreadPoolExecutor$Worker.run(Unknown Source)
	at java.lang.Thread.run(Unknown Source)
]]>
    </failure>
  </testcase> <!-- testMethod1 -->
  <testcase name="testMethod1" time="91.659" classname="rebill.testngRebillFast">
    <failure type="java.lang.AssertionError" message="Faled At Last Rebill Screen: Did not reach override errors or failed here">
      <![CDATA[java.lang.AssertionError: Faled At Last Rebill Screen: Did not reach override errors or failed here
	at org.testng.Assert.fail(Assert.java:93)
	at rebill.testngRebillFast.doRebill(testngRebillFast.java:1748)
	at rebill.testngRebillFast.testMethod1(testngRebillFast.java:634)
	at sun.reflect.GeneratedMethodAccessor9.invoke(Unknown Source)
	at sun.reflect.DelegatingMethodAccessorImpl.invoke(Unknown Source)
	at java.lang.reflect.Method.invoke(Unknown Source)
	at org.testng.internal.MethodInvocationHelper.invokeMethod(MethodInvocationHelper.java:108)
	at org.testng.internal.Invoker.invokeMethod(Invoker.java:661)
	at org.testng.internal.Invoker.retryFailed(Invoker.java:1014)
	at org.testng.internal.Invoker.invokeTestMethods(Invoker.java:1215)
	at org.testng.internal.TestMethodWorker.invokeTestMethods(TestMethodWorker.java:126)
	at org.testng.internal.TestMethodWorker.run(TestMethodWorker.java:109)
	at java.util.concurrent.ThreadPoolExecutor.runWorker(Unknown Source)
	at java.util.concurrent.ThreadPoolExecutor$Worker.run(Unknown Source)
	at java.lang.Thread.run(Unknown Source)
]]>
    </failure>
  </testcase> <!-- testMethod1 -->
  <testcase name="testMethod1" time="88.991" classname="rebill.testngRebillFast">
    <failure type="java.lang.AssertionError" message="Faled At Last Rebill Screen: Did not reach override errors or failed here">
      <![CDATA[java.lang.AssertionError: Faled At Last Rebill Screen: Did not reach override errors or failed here
	at org.testng.Assert.fail(Assert.java:93)
	at rebill.testngRebillFast.doRebill(testngRebillFast.java:1748)
	at rebill.testngRebillFast.testMethod1(testngRebillFast.java:634)
	at sun.reflect.GeneratedMethodAccessor9.invoke(Unknown Source)
	at sun.reflect.DelegatingMethodAccessorImpl.invoke(Unknown Source)
	at java.lang.reflect.Method.invoke(Unknown Source)
	at org.testng.internal.MethodInvocationHelper.invokeMethod(MethodInvocationHelper.java:108)
	at org.testng.internal.Invoker.invokeMethod(Invoker.java:661)
	at org.testng.internal.Invoker.invokeTestMethod(Invoker.java:869)
	at org.testng.internal.Invoker.invokeTestMethods(Invoker.java:1193)
	at org.testng.internal.TestMethodWorker.invokeTestMethods(TestMethodWorker.java:126)
	at org.testng.internal.TestMethodWorker.run(TestMethodWorker.java:109)
	at java.util.concurrent.ThreadPoolExecutor.runWorker(Unknown Source)
	at java.util.concurrent.ThreadPoolExecutor$Worker.run(Unknown Source)
	at java.lang.Thread.run(Unknown Source)
]]>
    </failure>
  </testcase> <!-- testMethod1 -->
  <testcase name="testMethod1" time="49.369" classname="rebill.testngRebillFast"/>
  <testcase name="testMethod1" time="89.031" classname="rebill.testngRebillFast">
    <failure type="java.lang.AssertionError" message="Faled At Last Rebill Screen: Did not reach override errors or failed here">
      <![CDATA[java.lang.AssertionError: Faled At Last Rebill Screen: Did not reach override errors or failed here
	at org.testng.Assert.fail(Assert.java:93)
	at rebill.testngRebillFast.doRebill(testngRebillFast.java:1748)
	at rebill.testngRebillFast.testMethod1(testngRebillFast.java:634)
	at sun.reflect.GeneratedMethodAccessor9.invoke(Unknown Source)
	at sun.reflect.DelegatingMethodAccessorImpl.invoke(Unknown Source)
	at java.lang.reflect.Method.invoke(Unknown Source)
	at org.testng.internal.MethodInvocationHelper.invokeMethod(MethodInvocationHelper.java:108)
	at org.testng.internal.Invoker.invokeMethod(Invoker.java:661)
	at org.testng.internal.Invoker.invokeTestMethod(Invoker.java:869)
	at org.testng.internal.Invoker.invokeTestMethods(Invoker.java:1193)
	at org.testng.internal.TestMethodWorker.invokeTestMethods(TestMethodWorker.java:126)
	at org.testng.internal.TestMethodWorker.run(TestMethodWorker.java:109)
	at java.util.concurrent.ThreadPoolExecutor.runWorker(Unknown Source)
	at java.util.concurrent.ThreadPoolExecutor$Worker.run(Unknown Source)
	at java.lang.Thread.run(Unknown Source)
]]>
    </failure>
  </testcase> <!-- testMethod1 -->
  <testcase name="testMethod1" time="94.933" classname="rebill.testngRebillFast">
    <failure type="java.lang.AssertionError" message="Faled At Last Rebill Screen: Did not reach override errors or failed here">
      <![CDATA[java.lang.AssertionError: Faled At Last Rebill Screen: Did not reach override errors or failed here
	at org.testng.Assert.fail(Assert.java:93)
	at rebill.testngRebillFast.doRebill(testngRebillFast.java:1748)
	at rebill.testngRebillFast.testMethod1(testngRebillFast.java:634)
	at sun.reflect.GeneratedMethodAccessor9.invoke(Unknown Source)
	at sun.reflect.DelegatingMethodAccessorImpl.invoke(Unknown Source)
	at java.lang.reflect.Method.invoke(Unknown Source)
	at org.testng.internal.MethodInvocationHelper.invokeMethod(MethodInvocationHelper.java:108)
	at org.testng.internal.Invoker.invokeMethod(Invoker.java:661)
	at org.testng.internal.Invoker.retryFailed(Invoker.java:1014)
	at org.testng.internal.Invoker.invokeTestMethods(Invoker.java:1215)
	at org.testng.internal.TestMethodWorker.invokeTestMethods(TestMethodWorker.java:126)
	at org.testng.internal.TestMethodWorker.run(TestMethodWorker.java:109)
	at java.util.concurrent.ThreadPoolExecutor.runWorker(Unknown Source)
	at java.util.concurrent.ThreadPoolExecutor$Worker.run(Unknown Source)
	at java.lang.Thread.run(Unknown Source)
]]>
    </failure>
  </testcase> <!-- testMethod1 -->
  <testcase name="testMethod1" time="88.744" classname="rebill.testngRebillFast">
    <failure type="java.lang.AssertionError" message="Faled At Last Rebill Screen: Did not reach override errors or failed here">
      <![CDATA[java.lang.AssertionError: Faled At Last Rebill Screen: Did not reach override errors or failed here
	at org.testng.Assert.fail(Assert.java:93)
	at rebill.testngRebillFast.doRebill(testngRebillFast.java:1748)
	at rebill.testngRebillFast.testMethod1(testngRebillFast.java:634)
	at sun.reflect.GeneratedMethodAccessor9.invoke(Unknown Source)
	at sun.reflect.DelegatingMethodAccessorImpl.invoke(Unknown Source)
	at java.lang.reflect.Method.invoke(Unknown Source)
	at org.testng.internal.MethodInvocationHelper.invokeMethod(MethodInvocationHelper.java:108)
	at org.testng.internal.Invoker.invokeMethod(Invoker.java:661)
	at org.testng.internal.Invoker.invokeTestMethod(Invoker.java:869)
	at org.testng.internal.Invoker.invokeTestMethods(Invoker.java:1193)
	at org.testng.internal.TestMethodWorker.invokeTestMethods(TestMethodWorker.java:126)
	at org.testng.internal.TestMethodWorker.run(TestMethodWorker.java:109)
	at java.util.concurrent.ThreadPoolExecutor.runWorker(Unknown Source)
	at java.util.concurrent.ThreadPoolExecutor$Worker.run(Unknown Source)
	at java.lang.Thread.run(Unknown Source)
]]>
    </failure>
  </testcase> <!-- testMethod1 -->
  <testcase name="testMethod1" time="87.371" classname="rebill.testngRebillFast">
    <failure type="java.lang.AssertionError" message="Faled At Last Rebill Screen: Did not reach override errors or failed here">
      <![CDATA[java.lang.AssertionError: Faled At Last Rebill Screen: Did not reach override errors or failed here
	at org.testng.Assert.fail(Assert.java:93)
	at rebill.testngRebillFast.doRebill(testngRebillFast.java:1748)
	at rebill.testngRebillFast.testMethod1(testngRebillFast.java:634)
	at sun.reflect.GeneratedMethodAccessor9.invoke(Unknown Source)
	at sun.reflect.DelegatingMethodAccessorImpl.invoke(Unknown Source)
	at java.lang.reflect.Method.invoke(Unknown Source)
	at org.testng.internal.MethodInvocationHelper.invokeMethod(MethodInvocationHelper.java:108)
	at org.testng.internal.Invoker.invokeMethod(Invoker.java:661)
	at org.testng.internal.Invoker.retryFailed(Invoker.java:1014)
	at org.testng.internal.Invoker.invokeTestMethods(Invoker.java:1215)
	at org.testng.internal.TestMethodWorker.invokeTestMethods(TestMethodWorker.java:126)
	at org.testng.internal.TestMethodWorker.run(TestMethodWorker.java:109)
	at java.util.concurrent.ThreadPoolExecutor.runWorker(Unknown Source)
	at java.util.concurrent.ThreadPoolExecutor$Worker.run(Unknown Source)
	at java.lang.Thread.run(Unknown Source)
]]>
    </failure>
  </testcase> <!-- testMethod1 -->
  <testcase name="testMethod1" time="48.185" classname="rebill.testngRebillFast">
    <failure type="java.lang.AssertionError" message="Faled At Last Rebill Screen: Did not reach override errors or failed here">
      <![CDATA[java.lang.AssertionError: Faled At Last Rebill Screen: Did not reach override errors or failed here
	at org.testng.Assert.fail(Assert.java:93)
	at rebill.testngRebillFast.doRebill(testngRebillFast.java:1748)
	at rebill.testngRebillFast.testMethod1(testngRebillFast.java:634)
	at sun.reflect.GeneratedMethodAccessor9.invoke(Unknown Source)
	at sun.reflect.DelegatingMethodAccessorImpl.invoke(Unknown Source)
	at java.lang.reflect.Method.invoke(Unknown Source)
	at org.testng.internal.MethodInvocationHelper.invokeMethod(MethodInvocationHelper.java:108)
	at org.testng.internal.Invoker.invokeMethod(Invoker.java:661)
	at org.testng.internal.Invoker.retryFailed(Invoker.java:1014)
	at org.testng.internal.Invoker.invokeTestMethods(Invoker.java:1215)
	at org.testng.internal.TestMethodWorker.invokeTestMethods(TestMethodWorker.java:126)
	at org.testng.internal.TestMethodWorker.run(TestMethodWorker.java:109)
	at java.util.concurrent.ThreadPoolExecutor.runWorker(Unknown Source)
	at java.util.concurrent.ThreadPoolExecutor$Worker.run(Unknown Source)
	at java.lang.Thread.run(Unknown Source)
]]>
    </failure>
  </testcase> <!-- testMethod1 -->
  <testcase name="testMethod1" time="88.893" classname="rebill.testngRebillFast">
    <failure type="java.lang.AssertionError" message="Faled At Last Rebill Screen: Did not reach override errors or failed here">
      <![CDATA[java.lang.AssertionError: Faled At Last Rebill Screen: Did not reach override errors or failed here
	at org.testng.Assert.fail(Assert.java:93)
	at rebill.testngRebillFast.doRebill(testngRebillFast.java:1748)
	at rebill.testngRebillFast.testMethod1(testngRebillFast.java:634)
	at sun.reflect.GeneratedMethodAccessor9.invoke(Unknown Source)
	at sun.reflect.DelegatingMethodAccessorImpl.invoke(Unknown Source)
	at java.lang.reflect.Method.invoke(Unknown Source)
	at org.testng.internal.MethodInvocationHelper.invokeMethod(MethodInvocationHelper.java:108)
	at org.testng.internal.Invoker.invokeMethod(Invoker.java:661)
	at org.testng.internal.Invoker.retryFailed(Invoker.java:1014)
	at org.testng.internal.Invoker.invokeTestMethods(Invoker.java:1215)
	at org.testng.internal.TestMethodWorker.invokeTestMethods(TestMethodWorker.java:126)
	at org.testng.internal.TestMethodWorker.run(TestMethodWorker.java:109)
	at java.util.concurrent.ThreadPoolExecutor.runWorker(Unknown Source)
	at java.util.concurrent.ThreadPoolExecutor$Worker.run(Unknown Source)
	at java.lang.Thread.run(Unknown Source)
]]>
    </failure>
  </testcase> <!-- testMethod1 -->
  <testcase name="testMethod1" time="48.473" classname="rebill.testngRebillFast"/>
  <testcase name="testMethod1" time="52.437" classname="rebill.testngRebillFast">
    <failure type="java.lang.AssertionError" message="Faled At Last Rebill Screen: Did not reach override errors or failed here">
      <![CDATA[java.lang.AssertionError: Faled At Last Rebill Screen: Did not reach override errors or failed here
	at org.testng.Assert.fail(Assert.java:93)
	at rebill.testngRebillFast.doRebill(testngRebillFast.java:1748)
	at rebill.testngRebillFast.testMethod1(testngRebillFast.java:634)
	at sun.reflect.GeneratedMethodAccessor9.invoke(Unknown Source)
	at sun.reflect.DelegatingMethodAccessorImpl.invoke(Unknown Source)
	at java.lang.reflect.Method.invoke(Unknown Source)
	at org.testng.internal.MethodInvocationHelper.invokeMethod(MethodInvocationHelper.java:108)
	at org.testng.internal.Invoker.invokeMethod(Invoker.java:661)
	at org.testng.internal.Invoker.retryFailed(Invoker.java:1014)
	at org.testng.internal.Invoker.invokeTestMethods(Invoker.java:1215)
	at org.testng.internal.TestMethodWorker.invokeTestMethods(TestMethodWorker.java:126)
	at org.testng.internal.TestMethodWorker.run(TestMethodWorker.java:109)
	at java.util.concurrent.ThreadPoolExecutor.runWorker(Unknown Source)
	at java.util.concurrent.ThreadPoolExecutor$Worker.run(Unknown Source)
	at java.lang.Thread.run(Unknown Source)
]]>
    </failure>
  </testcase> <!-- testMethod1 -->
  <testcase name="testMethod1" time="9.297" classname="rebill.testngRebillFast"/>
  <testcase name="testMethod1" time="49.408" classname="rebill.testngRebillFast">
    <failure type="java.lang.AssertionError" message="Faled At Last Rebill Screen: Did not reach override errors or failed here">
      <![CDATA[java.lang.AssertionError: Faled At Last Rebill Screen: Did not reach override errors or failed here
	at org.testng.Assert.fail(Assert.java:93)
	at rebill.testngRebillFast.doRebill(testngRebillFast.java:1748)
	at rebill.testngRebillFast.testMethod1(testngRebillFast.java:634)
	at sun.reflect.GeneratedMethodAccessor9.invoke(Unknown Source)
	at sun.reflect.DelegatingMethodAccessorImpl.invoke(Unknown Source)
	at java.lang.reflect.Method.invoke(Unknown Source)
	at org.testng.internal.MethodInvocationHelper.invokeMethod(MethodInvocationHelper.java:108)
	at org.testng.internal.Invoker.invokeMethod(Invoker.java:661)
	at org.testng.internal.Invoker.invokeTestMethod(Invoker.java:869)
	at org.testng.internal.Invoker.invokeTestMethods(Invoker.java:1193)
	at org.testng.internal.TestMethodWorker.invokeTestMethods(TestMethodWorker.java:126)
	at org.testng.internal.TestMethodWorker.run(TestMethodWorker.java:109)
	at java.util.concurrent.ThreadPoolExecutor.runWorker(Unknown Source)
	at java.util.concurrent.ThreadPoolExecutor$Worker.run(Unknown Source)
	at java.lang.Thread.run(Unknown Source)
]]>
    </failure>
  </testcase> <!-- testMethod1 -->
  <testcase name="testMethod1" time="18.222" classname="rebill.testngRebillFast">
    <failure type="java.lang.AssertionError" message="Failed on Entering Tracking Number">
      <![CDATA[java.lang.AssertionError: Failed on Entering Tracking Number
	at org.testng.Assert.fail(Assert.java:93)
	at rebill.testngRebillFast.doRebill(testngRebillFast.java:1034)
	at rebill.testngRebillFast.testMethod1(testngRebillFast.java:634)
	at sun.reflect.GeneratedMethodAccessor9.invoke(Unknown Source)
	at sun.reflect.DelegatingMethodAccessorImpl.invoke(Unknown Source)
	at java.lang.reflect.Method.invoke(Unknown Source)
	at org.testng.internal.MethodInvocationHelper.invokeMethod(MethodInvocationHelper.java:108)
	at org.testng.internal.Invoker.invokeMethod(Invoker.java:661)
	at org.testng.internal.Invoker.retryFailed(Invoker.java:1014)
	at org.testng.internal.Invoker.invokeTestMethods(Invoker.java:1215)
	at org.testng.internal.TestMethodWorker.invokeTestMethods(TestMethodWorker.java:126)
	at org.testng.internal.TestMethodWorker.run(TestMethodWorker.java:109)
	at java.util.concurrent.ThreadPoolExecutor.runWorker(Unknown Source)
	at java.util.concurrent.ThreadPoolExecutor$Worker.run(Unknown Source)
	at java.lang.Thread.run(Unknown Source)
]]>
    </failure>
  </testcase> <!-- testMethod1 -->
  <testcase name="testMethod1" time="46.789" classname="rebill.testngRebillFast"/>
  <testcase name="testMethod1" time="19.660" classname="rebill.testngRebillFast">
    <failure type="java.lang.AssertionError" message="Failed on Entering Tracking Number">
      <![CDATA[java.lang.AssertionError: Failed on Entering Tracking Number
	at org.testng.Assert.fail(Assert.java:93)
	at rebill.testngRebillFast.doRebill(testngRebillFast.java:1034)
	at rebill.testngRebillFast.testMethod1(testngRebillFast.java:634)
	at sun.reflect.GeneratedMethodAccessor9.invoke(Unknown Source)
	at sun.reflect.DelegatingMethodAccessorImpl.invoke(Unknown Source)
	at java.lang.reflect.Method.invoke(Unknown Source)
	at org.testng.internal.MethodInvocationHelper.invokeMethod(MethodInvocationHelper.java:108)
	at org.testng.internal.Invoker.invokeMethod(Invoker.java:661)
	at org.testng.internal.Invoker.invokeTestMethod(Invoker.java:869)
	at org.testng.internal.Invoker.invokeTestMethods(Invoker.java:1193)
	at org.testng.internal.TestMethodWorker.invokeTestMethods(TestMethodWorker.java:126)
	at org.testng.internal.TestMethodWorker.run(TestMethodWorker.java:109)
	at java.util.concurrent.ThreadPoolExecutor.runWorker(Unknown Source)
	at java.util.concurrent.ThreadPoolExecutor$Worker.run(Unknown Source)
	at java.lang.Thread.run(Unknown Source)
]]>
    </failure>
  </testcase> <!-- testMethod1 -->
  <testcase name="testMethod1" time="47.430" classname="rebill.testngRebillFast"/>
  <testcase name="testMethod1" time="90.094" classname="rebill.testngRebillFast">
    <failure type="java.lang.AssertionError" message="Faled At Last Rebill Screen: Did not reach override errors or failed here">
      <![CDATA[java.lang.AssertionError: Faled At Last Rebill Screen: Did not reach override errors or failed here
	at org.testng.Assert.fail(Assert.java:93)
	at rebill.testngRebillFast.doRebill(testngRebillFast.java:1748)
	at rebill.testngRebillFast.testMethod1(testngRebillFast.java:634)
	at sun.reflect.GeneratedMethodAccessor9.invoke(Unknown Source)
	at sun.reflect.DelegatingMethodAccessorImpl.invoke(Unknown Source)
	at java.lang.reflect.Method.invoke(Unknown Source)
	at org.testng.internal.MethodInvocationHelper.invokeMethod(MethodInvocationHelper.java:108)
	at org.testng.internal.Invoker.invokeMethod(Invoker.java:661)
	at org.testng.internal.Invoker.retryFailed(Invoker.java:1014)
	at org.testng.internal.Invoker.invokeTestMethods(Invoker.java:1215)
	at org.testng.internal.TestMethodWorker.invokeTestMethods(TestMethodWorker.java:126)
	at org.testng.internal.TestMethodWorker.run(TestMethodWorker.java:109)
	at java.util.concurrent.ThreadPoolExecutor.runWorker(Unknown Source)
	at java.util.concurrent.ThreadPoolExecutor$Worker.run(Unknown Source)
	at java.lang.Thread.run(Unknown Source)
]]>
    </failure>
  </testcase> <!-- testMethod1 -->
  <testcase name="testMethod1" time="91.550" classname="rebill.testngRebillFast">
    <failure type="java.lang.AssertionError" message="Faled At Last Rebill Screen: Did not reach override errors or failed here">
      <![CDATA[java.lang.AssertionError: Faled At Last Rebill Screen: Did not reach override errors or failed here
	at org.testng.Assert.fail(Assert.java:93)
	at rebill.testngRebillFast.doRebill(testngRebillFast.java:1748)
	at rebill.testngRebillFast.testMethod1(testngRebillFast.java:634)
	at sun.reflect.GeneratedMethodAccessor9.invoke(Unknown Source)
	at sun.reflect.DelegatingMethodAccessorImpl.invoke(Unknown Source)
	at java.lang.reflect.Method.invoke(Unknown Source)
	at org.testng.internal.MethodInvocationHelper.invokeMethod(MethodInvocationHelper.java:108)
	at org.testng.internal.Invoker.invokeMethod(Invoker.java:661)
	at org.testng.internal.Invoker.retryFailed(Invoker.java:1014)
	at org.testng.internal.Invoker.invokeTestMethods(Invoker.java:1215)
	at org.testng.internal.TestMethodWorker.invokeTestMethods(TestMethodWorker.java:126)
	at org.testng.internal.TestMethodWorker.run(TestMethodWorker.java:109)
	at java.util.concurrent.ThreadPoolExecutor.runWorker(Unknown Source)
	at java.util.concurrent.ThreadPoolExecutor$Worker.run(Unknown Source)
	at java.lang.Thread.run(Unknown Source)
]]>
    </failure>
  </testcase> <!-- testMethod1 -->
  <testcase name="testMethod1" time="89.165" classname="rebill.testngRebillFast">
    <failure type="java.lang.AssertionError" message="Faled At Last Rebill Screen: Did not reach override errors or failed here">
      <![CDATA[java.lang.AssertionError: Faled At Last Rebill Screen: Did not reach override errors or failed here
	at org.testng.Assert.fail(Assert.java:93)
	at rebill.testngRebillFast.doRebill(testngRebillFast.java:1748)
	at rebill.testngRebillFast.testMethod1(testngRebillFast.java:634)
	at sun.reflect.GeneratedMethodAccessor9.invoke(Unknown Source)
	at sun.reflect.DelegatingMethodAccessorImpl.invoke(Unknown Source)
	at java.lang.reflect.Method.invoke(Unknown Source)
	at org.testng.internal.MethodInvocationHelper.invokeMethod(MethodInvocationHelper.java:108)
	at org.testng.internal.Invoker.invokeMethod(Invoker.java:661)
	at org.testng.internal.Invoker.invokeTestMethod(Invoker.java:869)
	at org.testng.internal.Invoker.invokeTestMethods(Invoker.java:1193)
	at org.testng.internal.TestMethodWorker.invokeTestMethods(TestMethodWorker.java:126)
	at org.testng.internal.TestMethodWorker.run(TestMethodWorker.java:109)
	at java.util.concurrent.ThreadPoolExecutor.runWorker(Unknown Source)
	at java.util.concurrent.ThreadPoolExecutor$Worker.run(Unknown Source)
	at java.lang.Thread.run(Unknown Source)
]]>
    </failure>
  </testcase> <!-- testMethod1 -->
  <testcase name="testMethod1" time="49.434" classname="rebill.testngRebillFast">
    <error type="java.lang.NullPointerException">
      <![CDATA[java.lang.NullPointerException
	at rebill.testngRebillFast.validateResults(testngRebillFast.java:1894)
	at rebill.testngRebillFast.doRebill(testngRebillFast.java:1690)
	at rebill.testngRebillFast.testMethod1(testngRebillFast.java:634)
	at sun.reflect.GeneratedMethodAccessor9.invoke(Unknown Source)
	at sun.reflect.DelegatingMethodAccessorImpl.invoke(Unknown Source)
	at java.lang.reflect.Method.invoke(Unknown Source)
	at org.testng.internal.MethodInvocationHelper.invokeMethod(MethodInvocationHelper.java:108)
	at org.testng.internal.Invoker.invokeMethod(Invoker.java:661)
	at org.testng.internal.Invoker.invokeTestMethod(Invoker.java:869)
	at org.testng.internal.Invoker.invokeTestMethods(Invoker.java:1193)
	at org.testng.internal.TestMethodWorker.invokeTestMethods(TestMethodWorker.java:126)
	at org.testng.internal.TestMethodWorker.run(TestMethodWorker.java:109)
	at java.util.concurrent.ThreadPoolExecutor.runWorker(Unknown Source)
	at java.util.concurrent.ThreadPoolExecutor$Worker.run(Unknown Source)
	at java.lang.Thread.run(Unknown Source)
]]>
    </error>
  </testcase> <!-- testMethod1 -->
  <testcase name="testMethod1" time="47.789" classname="rebill.testngRebillFast"/>
  <testcase name="testMethod1" time="49.195" classname="rebill.testngRebillFast">
    <failure type="java.lang.AssertionError" message="Faled At Last Rebill Screen: Did not reach override errors or failed here">
      <![CDATA[java.lang.AssertionError: Faled At Last Rebill Screen: Did not reach override errors or failed here
	at org.testng.Assert.fail(Assert.java:93)
	at rebill.testngRebillFast.doRebill(testngRebillFast.java:1748)
	at rebill.testngRebillFast.testMethod1(testngRebillFast.java:634)
	at sun.reflect.GeneratedMethodAccessor9.invoke(Unknown Source)
	at sun.reflect.DelegatingMethodAccessorImpl.invoke(Unknown Source)
	at java.lang.reflect.Method.invoke(Unknown Source)
	at org.testng.internal.MethodInvocationHelper.invokeMethod(MethodInvocationHelper.java:108)
	at org.testng.internal.Invoker.invokeMethod(Invoker.java:661)
	at org.testng.internal.Invoker.retryFailed(Invoker.java:1014)
	at org.testng.internal.Invoker.invokeTestMethods(Invoker.java:1215)
	at org.testng.internal.TestMethodWorker.invokeTestMethods(TestMethodWorker.java:126)
	at org.testng.internal.TestMethodWorker.run(TestMethodWorker.java:109)
	at java.util.concurrent.ThreadPoolExecutor.runWorker(Unknown Source)
	at java.util.concurrent.ThreadPoolExecutor$Worker.run(Unknown Source)
	at java.lang.Thread.run(Unknown Source)
]]>
    </failure>
  </testcase> <!-- testMethod1 -->
  <testcase name="testMethod1" time="91.395" classname="rebill.testngRebillFast">
    <failure type="java.lang.AssertionError" message="Faled At Last Rebill Screen: Did not reach override errors or failed here">
      <![CDATA[java.lang.AssertionError: Faled At Last Rebill Screen: Did not reach override errors or failed here
	at org.testng.Assert.fail(Assert.java:93)
	at rebill.testngRebillFast.doRebill(testngRebillFast.java:1748)
	at rebill.testngRebillFast.testMethod1(testngRebillFast.java:634)
	at sun.reflect.GeneratedMethodAccessor9.invoke(Unknown Source)
	at sun.reflect.DelegatingMethodAccessorImpl.invoke(Unknown Source)
	at java.lang.reflect.Method.invoke(Unknown Source)
	at org.testng.internal.MethodInvocationHelper.invokeMethod(MethodInvocationHelper.java:108)
	at org.testng.internal.Invoker.invokeMethod(Invoker.java:661)
	at org.testng.internal.Invoker.retryFailed(Invoker.java:1014)
	at org.testng.internal.Invoker.invokeTestMethods(Invoker.java:1215)
	at org.testng.internal.TestMethodWorker.invokeTestMethods(TestMethodWorker.java:126)
	at org.testng.internal.TestMethodWorker.run(TestMethodWorker.java:109)
	at java.util.concurrent.ThreadPoolExecutor.runWorker(Unknown Source)
	at java.util.concurrent.ThreadPoolExecutor$Worker.run(Unknown Source)
	at java.lang.Thread.run(Unknown Source)
]]>
    </failure>
  </testcase> <!-- testMethod1 -->
  <testcase name="testMethod1" time="47.551" classname="rebill.testngRebillFast"/>
  <testcase name="testMethod1" time="48.144" classname="rebill.testngRebillFast"/>
  <testcase name="testMethod1" time="87.140" classname="rebill.testngRebillFast">
    <failure type="java.lang.AssertionError" message="Faled At Last Rebill Screen: Did not reach override errors or failed here">
      <![CDATA[java.lang.AssertionError: Faled At Last Rebill Screen: Did not reach override errors or failed here
	at org.testng.Assert.fail(Assert.java:93)
	at rebill.testngRebillFast.doRebill(testngRebillFast.java:1748)
	at rebill.testngRebillFast.testMethod1(testngRebillFast.java:634)
	at sun.reflect.GeneratedMethodAccessor9.invoke(Unknown Source)
	at sun.reflect.DelegatingMethodAccessorImpl.invoke(Unknown Source)
	at java.lang.reflect.Method.invoke(Unknown Source)
	at org.testng.internal.MethodInvocationHelper.invokeMethod(MethodInvocationHelper.java:108)
	at org.testng.internal.Invoker.invokeMethod(Invoker.java:661)
	at org.testng.internal.Invoker.invokeTestMethod(Invoker.java:869)
	at org.testng.internal.Invoker.invokeTestMethods(Invoker.java:1193)
	at org.testng.internal.TestMethodWorker.invokeTestMethods(TestMethodWorker.java:126)
	at org.testng.internal.TestMethodWorker.run(TestMethodWorker.java:109)
	at java.util.concurrent.ThreadPoolExecutor.runWorker(Unknown Source)
	at java.util.concurrent.ThreadPoolExecutor$Worker.run(Unknown Source)
	at java.lang.Thread.run(Unknown Source)
]]>
    </failure>
  </testcase> <!-- testMethod1 -->
  <testcase name="testMethod1" time="19.447" classname="rebill.testngRebillFast">
    <failure type="java.lang.AssertionError" message="Failed on Entering Tracking Number">
      <![CDATA[java.lang.AssertionError: Failed on Entering Tracking Number
	at org.testng.Assert.fail(Assert.java:93)
	at rebill.testngRebillFast.doRebill(testngRebillFast.java:1034)
	at rebill.testngRebillFast.testMethod1(testngRebillFast.java:634)
	at sun.reflect.GeneratedMethodAccessor9.invoke(Unknown Source)
	at sun.reflect.DelegatingMethodAccessorImpl.invoke(Unknown Source)
	at java.lang.reflect.Method.invoke(Unknown Source)
	at org.testng.internal.MethodInvocationHelper.invokeMethod(MethodInvocationHelper.java:108)
	at org.testng.internal.Invoker.invokeMethod(Invoker.java:661)
	at org.testng.internal.Invoker.invokeTestMethod(Invoker.java:869)
	at org.testng.internal.Invoker.invokeTestMethods(Invoker.java:1193)
	at org.testng.internal.TestMethodWorker.invokeTestMethods(TestMethodWorker.java:126)
	at org.testng.internal.TestMethodWorker.run(TestMethodWorker.java:109)
	at java.util.concurrent.ThreadPoolExecutor.runWorker(Unknown Source)
	at java.util.concurrent.ThreadPoolExecutor$Worker.run(Unknown Source)
	at java.lang.Thread.run(Unknown Source)
]]>
    </failure>
  </testcase> <!-- testMethod1 -->
  <testcase name="testMethod1" time="87.274" classname="rebill.testngRebillFast">
    <failure type="java.lang.AssertionError" message="Faled At Last Rebill Screen: Did not reach override errors or failed here">
      <![CDATA[java.lang.AssertionError: Faled At Last Rebill Screen: Did not reach override errors or failed here
	at org.testng.Assert.fail(Assert.java:93)
	at rebill.testngRebillFast.doRebill(testngRebillFast.java:1748)
	at rebill.testngRebillFast.testMethod1(testngRebillFast.java:634)
	at sun.reflect.GeneratedMethodAccessor9.invoke(Unknown Source)
	at sun.reflect.DelegatingMethodAccessorImpl.invoke(Unknown Source)
	at java.lang.reflect.Method.invoke(Unknown Source)
	at org.testng.internal.MethodInvocationHelper.invokeMethod(MethodInvocationHelper.java:108)
	at org.testng.internal.Invoker.invokeMethod(Invoker.java:661)
	at org.testng.internal.Invoker.invokeTestMethod(Invoker.java:869)
	at org.testng.internal.Invoker.invokeTestMethods(Invoker.java:1193)
	at org.testng.internal.TestMethodWorker.invokeTestMethods(TestMethodWorker.java:126)
	at org.testng.internal.TestMethodWorker.run(TestMethodWorker.java:109)
	at java.util.concurrent.ThreadPoolExecutor.runWorker(Unknown Source)
	at java.util.concurrent.ThreadPoolExecutor$Worker.run(Unknown Source)
	at java.lang.Thread.run(Unknown Source)
]]>
    </failure>
  </testcase> <!-- testMethod1 -->
  <testcase name="testMethod1" time="89.791" classname="rebill.testngRebillFast">
    <failure type="java.lang.AssertionError" message="Faled At Last Rebill Screen: Did not reach override errors or failed here">
      <![CDATA[java.lang.AssertionError: Faled At Last Rebill Screen: Did not reach override errors or failed here
	at org.testng.Assert.fail(Assert.java:93)
	at rebill.testngRebillFast.doRebill(testngRebillFast.java:1748)
	at rebill.testngRebillFast.testMethod1(testngRebillFast.java:634)
	at sun.reflect.GeneratedMethodAccessor9.invoke(Unknown Source)
	at sun.reflect.DelegatingMethodAccessorImpl.invoke(Unknown Source)
	at java.lang.reflect.Method.invoke(Unknown Source)
	at org.testng.internal.MethodInvocationHelper.invokeMethod(MethodInvocationHelper.java:108)
	at org.testng.internal.Invoker.invokeMethod(Invoker.java:661)
	at org.testng.internal.Invoker.retryFailed(Invoker.java:1014)
	at org.testng.internal.Invoker.invokeTestMethods(Invoker.java:1215)
	at org.testng.internal.TestMethodWorker.invokeTestMethods(TestMethodWorker.java:126)
	at org.testng.internal.TestMethodWorker.run(TestMethodWorker.java:109)
	at java.util.concurrent.ThreadPoolExecutor.runWorker(Unknown Source)
	at java.util.concurrent.ThreadPoolExecutor$Worker.run(Unknown Source)
	at java.lang.Thread.run(Unknown Source)
]]>
    </failure>
  </testcase> <!-- testMethod1 -->
  <testcase name="testMethod1" time="46.295" classname="rebill.testngRebillFast"/>
  <testcase name="testMethod1" time="57.867" classname="rebill.testngRebillFast"/>
  <testcase name="testMethod1" time="90.462" classname="rebill.testngRebillFast">
    <failure type="java.lang.AssertionError" message="Faled At Last Rebill Screen: Did not reach override errors or failed here">
      <![CDATA[java.lang.AssertionError: Faled At Last Rebill Screen: Did not reach override errors or failed here
	at org.testng.Assert.fail(Assert.java:93)
	at rebill.testngRebillFast.doRebill(testngRebillFast.java:1748)
	at rebill.testngRebillFast.testMethod1(testngRebillFast.java:634)
	at sun.reflect.GeneratedMethodAccessor9.invoke(Unknown Source)
	at sun.reflect.DelegatingMethodAccessorImpl.invoke(Unknown Source)
	at java.lang.reflect.Method.invoke(Unknown Source)
	at org.testng.internal.MethodInvocationHelper.invokeMethod(MethodInvocationHelper.java:108)
	at org.testng.internal.Invoker.invokeMethod(Invoker.java:661)
	at org.testng.internal.Invoker.retryFailed(Invoker.java:1014)
	at org.testng.internal.Invoker.invokeTestMethods(Invoker.java:1215)
	at org.testng.internal.TestMethodWorker.invokeTestMethods(TestMethodWorker.java:126)
	at org.testng.internal.TestMethodWorker.run(TestMethodWorker.java:109)
	at java.util.concurrent.ThreadPoolExecutor.runWorker(Unknown Source)
	at java.util.concurrent.ThreadPoolExecutor$Worker.run(Unknown Source)
	at java.lang.Thread.run(Unknown Source)
]]>
    </failure>
  </testcase> <!-- testMethod1 -->
  <testcase name="testMethod1" time="50.669" classname="rebill.testngRebillFast">
    <failure type="java.lang.AssertionError" message="Faled At Last Rebill Screen: Did not reach override errors or failed here">
      <![CDATA[java.lang.AssertionError: Faled At Last Rebill Screen: Did not reach override errors or failed here
	at org.testng.Assert.fail(Assert.java:93)
	at rebill.testngRebillFast.doRebill(testngRebillFast.java:1748)
	at rebill.testngRebillFast.testMethod1(testngRebillFast.java:634)
	at sun.reflect.GeneratedMethodAccessor9.invoke(Unknown Source)
	at sun.reflect.DelegatingMethodAccessorImpl.invoke(Unknown Source)
	at java.lang.reflect.Method.invoke(Unknown Source)
	at org.testng.internal.MethodInvocationHelper.invokeMethod(MethodInvocationHelper.java:108)
	at org.testng.internal.Invoker.invokeMethod(Invoker.java:661)
	at org.testng.internal.Invoker.invokeTestMethod(Invoker.java:869)
	at org.testng.internal.Invoker.invokeTestMethods(Invoker.java:1193)
	at org.testng.internal.TestMethodWorker.invokeTestMethods(TestMethodWorker.java:126)
	at org.testng.internal.TestMethodWorker.run(TestMethodWorker.java:109)
	at java.util.concurrent.ThreadPoolExecutor.runWorker(Unknown Source)
	at java.util.concurrent.ThreadPoolExecutor$Worker.run(Unknown Source)
	at java.lang.Thread.run(Unknown Source)
]]>
    </failure>
  </testcase> <!-- testMethod1 -->
  <testcase name="testMethod1" time="53.542" classname="rebill.testngRebillFast">
    <error type="java.lang.NullPointerException">
      <![CDATA[java.lang.NullPointerException
	at rebill.testngRebillFast.validateResults(testngRebillFast.java:1894)
	at rebill.testngRebillFast.doRebill(testngRebillFast.java:1690)
	at rebill.testngRebillFast.testMethod1(testngRebillFast.java:634)
	at sun.reflect.GeneratedMethodAccessor9.invoke(Unknown Source)
	at sun.reflect.DelegatingMethodAccessorImpl.invoke(Unknown Source)
	at java.lang.reflect.Method.invoke(Unknown Source)
	at org.testng.internal.MethodInvocationHelper.invokeMethod(MethodInvocationHelper.java:108)
	at org.testng.internal.Invoker.invokeMethod(Invoker.java:661)
	at org.testng.internal.Invoker.invokeTestMethod(Invoker.java:869)
	at org.testng.internal.Invoker.invokeTestMethods(Invoker.java:1193)
	at org.testng.internal.TestMethodWorker.invokeTestMethods(TestMethodWorker.java:126)
	at org.testng.internal.TestMethodWorker.run(TestMethodWorker.java:109)
	at java.util.concurrent.ThreadPoolExecutor.runWorker(Unknown Source)
	at java.util.concurrent.ThreadPoolExecutor$Worker.run(Unknown Source)
	at java.lang.Thread.run(Unknown Source)
]]>
    </error>
  </testcase> <!-- testMethod1 -->
  <testcase name="testMethod1" time="89.147" classname="rebill.testngRebillFast">
    <failure type="java.lang.AssertionError" message="Faled At Last Rebill Screen: Did not reach override errors or failed here">
      <![CDATA[java.lang.AssertionError: Faled At Last Rebill Screen: Did not reach override errors or failed here
	at org.testng.Assert.fail(Assert.java:93)
	at rebill.testngRebillFast.doRebill(testngRebillFast.java:1748)
	at rebill.testngRebillFast.testMethod1(testngRebillFast.java:634)
	at sun.reflect.GeneratedMethodAccessor9.invoke(Unknown Source)
	at sun.reflect.DelegatingMethodAccessorImpl.invoke(Unknown Source)
	at java.lang.reflect.Method.invoke(Unknown Source)
	at org.testng.internal.MethodInvocationHelper.invokeMethod(MethodInvocationHelper.java:108)
	at org.testng.internal.Invoker.invokeMethod(Invoker.java:661)
	at org.testng.internal.Invoker.invokeTestMethod(Invoker.java:869)
	at org.testng.internal.Invoker.invokeTestMethods(Invoker.java:1193)
	at org.testng.internal.TestMethodWorker.invokeTestMethods(TestMethodWorker.java:126)
	at org.testng.internal.TestMethodWorker.run(TestMethodWorker.java:109)
	at java.util.concurrent.ThreadPoolExecutor.runWorker(Unknown Source)
	at java.util.concurrent.ThreadPoolExecutor$Worker.run(Unknown Source)
	at java.lang.Thread.run(Unknown Source)
]]>
    </failure>
  </testcase> <!-- testMethod1 -->
  <testcase name="testMethod1" time="19.447" classname="rebill.testngRebillFast">
    <failure type="java.lang.AssertionError" message="Failed on Entering Tracking Number">
      <![CDATA[java.lang.AssertionError: Failed on Entering Tracking Number
	at org.testng.Assert.fail(Assert.java:93)
	at rebill.testngRebillFast.doRebill(testngRebillFast.java:1034)
	at rebill.testngRebillFast.testMethod1(testngRebillFast.java:634)
	at sun.reflect.GeneratedMethodAccessor9.invoke(Unknown Source)
	at sun.reflect.DelegatingMethodAccessorImpl.invoke(Unknown Source)
	at java.lang.reflect.Method.invoke(Unknown Source)
	at org.testng.internal.MethodInvocationHelper.invokeMethod(MethodInvocationHelper.java:108)
	at org.testng.internal.Invoker.invokeMethod(Invoker.java:661)
	at org.testng.internal.Invoker.invokeTestMethod(Invoker.java:869)
	at org.testng.internal.Invoker.invokeTestMethods(Invoker.java:1193)
	at org.testng.internal.TestMethodWorker.invokeTestMethods(TestMethodWorker.java:126)
	at org.testng.internal.TestMethodWorker.run(TestMethodWorker.java:109)
	at java.util.concurrent.ThreadPoolExecutor.runWorker(Unknown Source)
	at java.util.concurrent.ThreadPoolExecutor$Worker.run(Unknown Source)
	at java.lang.Thread.run(Unknown Source)
]]>
    </failure>
  </testcase> <!-- testMethod1 -->
  <testcase name="testMethod1" time="49.202" classname="rebill.testngRebillFast">
    <failure type="java.lang.AssertionError" message="Faled At Last Rebill Screen: Did not reach override errors or failed here">
      <![CDATA[java.lang.AssertionError: Faled At Last Rebill Screen: Did not reach override errors or failed here
	at org.testng.Assert.fail(Assert.java:93)
	at rebill.testngRebillFast.doRebill(testngRebillFast.java:1748)
	at rebill.testngRebillFast.testMethod1(testngRebillFast.java:634)
	at sun.reflect.GeneratedMethodAccessor9.invoke(Unknown Source)
	at sun.reflect.DelegatingMethodAccessorImpl.invoke(Unknown Source)
	at java.lang.reflect.Method.invoke(Unknown Source)
	at org.testng.internal.MethodInvocationHelper.invokeMethod(MethodInvocationHelper.java:108)
	at org.testng.internal.Invoker.invokeMethod(Invoker.java:661)
	at org.testng.internal.Invoker.retryFailed(Invoker.java:1014)
	at org.testng.internal.Invoker.invokeTestMethods(Invoker.java:1215)
	at org.testng.internal.TestMethodWorker.invokeTestMethods(TestMethodWorker.java:126)
	at org.testng.internal.TestMethodWorker.run(TestMethodWorker.java:109)
	at java.util.concurrent.ThreadPoolExecutor.runWorker(Unknown Source)
	at java.util.concurrent.ThreadPoolExecutor$Worker.run(Unknown Source)
	at java.lang.Thread.run(Unknown Source)
]]>
    </failure>
  </testcase> <!-- testMethod1 -->
  <testcase name="testMethod1" time="49.944" classname="rebill.testngRebillFast"/>
</testsuite> <!-- rebill.testngRebillFast -->
