<?xml version="1.0" encoding="UTF-8"?>
<!-- Generated by org.testng.reporters.JUnitReportReporter -->
<testsuite skipped="0" hostname="DESKTOP-OKDV62E" name="testng.playAround" tests="2" failures="0" timestamp="2020-02-20T15:45:54 EST" time="0.005" errors="0">
  <testcase name="test1" time="0.001" classname="testng.playAround"/>
  <testcase name="hi" time="0.004" classname="testng.playAround"/>
</testsuite> <!-- testng.playAround -->
