<?xml version="1.0" encoding="UTF-8"?>
<!-- Generated by org.testng.reporters.JUnitReportReporter -->
<testsuite hostname="c0016390" failures="0" tests="57" name="eraRerate.eraMassRerateTestNGSlow" time="1699.052" errors="0" timestamp="2021-02-02T16:21:42 UTC" skipped="6">
  <testcase classname="eraRerate.eraMassRerateTestNGSlow" name="testMethod1" time="29.117"/>
  <system-out/>
  <testcase classname="eraRerate.eraMassRerateTestNGSlow" name="testMethod1" time="30.642"/>
  <system-out/>
  <testcase classname="eraRerate.eraMassRerateTestNGSlow" name="testMethod1" time="0.000"/>
  <system-out/>
  <testcase classname="eraRerate.eraMassRerateTestNGSlow" name="testMethod1" time="18.467">
    <skipped/>
  </testcase> <!-- testMethod1 -->
  <system-out/>
  <testcase classname="eraRerate.eraMassRerateTestNGSlow" name="testMethod1" time="18.255">
    <skipped/>
  </testcase> <!-- testMethod1 -->
  <system-out/>
  <testcase classname="eraRerate.eraMassRerateTestNGSlow" name="testMethod1" time="33.364"/>
  <system-out/>
  <testcase classname="eraRerate.eraMassRerateTestNGSlow" name="testMethod1" time="0.001"/>
  <system-out/>
  <testcase classname="eraRerate.eraMassRerateTestNGSlow" name="testMethod1" time="0.000"/>
  <system-out/>
  <testcase classname="eraRerate.eraMassRerateTestNGSlow" name="testMethod1" time="32.118"/>
  <system-out/>
  <testcase classname="eraRerate.eraMassRerateTestNGSlow" name="testMethod1" time="30.198"/>
  <system-out/>
  <testcase classname="eraRerate.eraMassRerateTestNGSlow" name="testMethod1" time="0.000"/>
  <system-out/>
  <testcase classname="eraRerate.eraMassRerateTestNGSlow" name="testMethod1" time="446.797">
    <skipped/>
  </testcase> <!-- testMethod1 -->
  <system-out/>
  <testcase classname="eraRerate.eraMassRerateTestNGSlow" name="testMethod1" time="29.865"/>
  <system-out/>
  <testcase classname="eraRerate.eraMassRerateTestNGSlow" name="testMethod1" time="30.136"/>
  <system-out/>
  <testcase classname="eraRerate.eraMassRerateTestNGSlow" name="testMethod1" time="72.233"/>
  <system-out/>
  <testcase classname="eraRerate.eraMassRerateTestNGSlow" name="testMethod1" time="0.001"/>
  <system-out/>
  <testcase classname="eraRerate.eraMassRerateTestNGSlow" name="testMethod1" time="32.090"/>
  <system-out/>
  <testcase classname="eraRerate.eraMassRerateTestNGSlow" name="testMethod1" time="55.671"/>
  <system-out/>
  <testcase classname="eraRerate.eraMassRerateTestNGSlow" name="testMethod1" time="32.695"/>
  <system-out/>
  <testcase classname="eraRerate.eraMassRerateTestNGSlow" name="testMethod1" time="32.859"/>
  <system-out/>
  <testcase classname="eraRerate.eraMassRerateTestNGSlow" name="testMethod1" time="33.149"/>
  <system-out/>
  <testcase classname="eraRerate.eraMassRerateTestNGSlow" name="testMethod1" time="31.026"/>
  <system-out/>
  <testcase classname="eraRerate.eraMassRerateTestNGSlow" name="testMethod1" time="29.251"/>
  <system-out/>
  <testcase classname="eraRerate.eraMassRerateTestNGSlow" name="testMethod1" time="37.723"/>
  <system-out/>
  <testcase classname="eraRerate.eraMassRerateTestNGSlow" name="testMethod1" time="0.000"/>
  <system-out/>
  <testcase classname="eraRerate.eraMassRerateTestNGSlow" name="testMethod1" time="6.230"/>
  <system-out/>
  <testcase classname="eraRerate.eraMassRerateTestNGSlow" name="testMethod1" time="31.454"/>
  <system-out/>
  <testcase classname="eraRerate.eraMassRerateTestNGSlow" name="testMethod1" time="19.088">
    <skipped/>
  </testcase> <!-- testMethod1 -->
  <system-out/>
  <testcase classname="eraRerate.eraMassRerateTestNGSlow" name="testMethod1" time="0.000"/>
  <system-out/>
  <testcase classname="eraRerate.eraMassRerateTestNGSlow" name="testMethod1" time="28.944">
    <skipped/>
  </testcase> <!-- testMethod1 -->
  <system-out/>
  <testcase classname="eraRerate.eraMassRerateTestNGSlow" name="testMethod1" time="19.033">
    <skipped/>
  </testcase> <!-- testMethod1 -->
  <system-out/>
  <testcase classname="eraRerate.eraMassRerateTestNGSlow" name="testMethod1" time="0.000"/>
  <system-out/>
  <testcase classname="eraRerate.eraMassRerateTestNGSlow" name="testMethod1" time="66.399"/>
  <system-out/>
  <testcase classname="eraRerate.eraMassRerateTestNGSlow" name="testMethod1" time="0.000"/>
  <system-out/>
  <testcase classname="eraRerate.eraMassRerateTestNGSlow" name="testMethod1" time="0.001"/>
  <system-out/>
  <testcase classname="eraRerate.eraMassRerateTestNGSlow" name="testMethod1" time="0.000"/>
  <system-out/>
  <testcase classname="eraRerate.eraMassRerateTestNGSlow" name="testMethod1" time="0.000"/>
  <system-out/>
  <testcase classname="eraRerate.eraMassRerateTestNGSlow" name="testMethod1" time="28.714"/>
  <system-out/>
  <testcase classname="eraRerate.eraMassRerateTestNGSlow" name="testMethod1" time="29.048"/>
  <system-out/>
  <testcase classname="eraRerate.eraMassRerateTestNGSlow" name="testMethod1" time="28.969"/>
  <system-out/>
  <testcase classname="eraRerate.eraMassRerateTestNGSlow" name="testMethod1" time="0.000"/>
  <system-out/>
  <testcase classname="eraRerate.eraMassRerateTestNGSlow" name="testMethod1" time="29.875"/>
  <system-out/>
  <testcase classname="eraRerate.eraMassRerateTestNGSlow" name="testMethod1" time="49.258"/>
  <system-out/>
  <testcase classname="eraRerate.eraMassRerateTestNGSlow" name="testMethod1" time="30.505"/>
  <system-out/>
  <testcase classname="eraRerate.eraMassRerateTestNGSlow" name="testMethod1" time="0.000"/>
  <system-out/>
  <testcase classname="eraRerate.eraMassRerateTestNGSlow" name="testMethod1" time="0.000"/>
  <system-out/>
  <testcase classname="eraRerate.eraMassRerateTestNGSlow" name="testMethod1" time="29.706"/>
  <system-out/>
  <testcase classname="eraRerate.eraMassRerateTestNGSlow" name="testMethod1" time="29.431"/>
  <system-out/>
  <testcase classname="eraRerate.eraMassRerateTestNGSlow" name="testMethod1" time="0.001"/>
  <system-out/>
  <testcase classname="eraRerate.eraMassRerateTestNGSlow" name="testMethod1" time="33.223"/>
  <system-out/>
  <testcase classname="eraRerate.eraMassRerateTestNGSlow" name="testMethod1" time="29.130"/>
  <system-out/>
  <testcase classname="eraRerate.eraMassRerateTestNGSlow" name="testMethod1" time="31.151"/>
  <system-out/>
  <testcase classname="eraRerate.eraMassRerateTestNGSlow" name="testMethod1" time="0.000"/>
  <system-out/>
  <testcase classname="eraRerate.eraMassRerateTestNGSlow" name="testMethod1" time="29.758"/>
  <system-out/>
  <testcase classname="eraRerate.eraMassRerateTestNGSlow" name="testMethod1" time="30.289"/>
  <system-out/>
  <testcase classname="eraRerate.eraMassRerateTestNGSlow" name="testMethod1" time="29.597"/>
  <system-out/>
  <testcase classname="eraRerate.eraMassRerateTestNGSlow" name="testMethod1" time="33.590"/>
  <system-out/>
</testsuite> <!-- eraRerate.eraMassRerateTestNGSlow -->
