<?xml version="1.0" encoding="UTF-8"?>
<!-- Generated by org.testng.reporters.JUnitReportReporter -->
<testsuite skipped="0" hostname="DESKTOP-OKDV62E" name="testng.testingonly" tests="19" failures="0" timestamp="2020-02-21T16:23:13 EST" time="2337.450" errors="1">
  <testcase name="testMethod" time="109.237" classname="testng.testingonly">
    <error type="java.lang.IndexOutOfBoundsException" message="Index: 15, Size: 15">
      <![CDATA[java.lang.IndexOutOfBoundsException: Index: 15, Size: 15
at java.util.ArrayList.rangeCheck(Unknown Source)
at java.util.ArrayList.get(Unknown Source)
at testng.testingonly.doWork(testingonly.java:907)
at testng.testingonly.testMethod(testingonly.java:297)
at sun.reflect.NativeMethodAccessorImpl.invoke0(Native Method)
at sun.reflect.NativeMethodAccessorImpl.invoke(Unknown Source)
at sun.reflect.DelegatingMethodAccessorImpl.invoke(Unknown Source)
at java.lang.reflect.Method.invoke(Unknown Source)
at org.testng.internal.MethodInvocationHelper.invokeMethod(MethodInvocationHelper.java:133)
at org.testng.internal.TestInvoker.invokeMethod(TestInvoker.java:584)
at org.testng.internal.TestInvoker.invokeTestMethod(TestInvoker.java:172)
at org.testng.internal.MethodRunner.runInSequence(MethodRunner.java:46)
at org.testng.internal.TestInvoker$MethodInvocationAgent.invoke(TestInvoker.java:804)
at org.testng.internal.TestInvoker.invokeTestMethods(TestInvoker.java:145)
at org.testng.internal.TestMethodWorker.invokeTestMethods(TestMethodWorker.java:146)
at org.testng.internal.TestMethodWorker.run(TestMethodWorker.java:128)
at java.util.concurrent.ThreadPoolExecutor.runWorker(Unknown Source)
at java.util.concurrent.ThreadPoolExecutor$Worker.run(Unknown Source)
at java.lang.Thread.run(Unknown Source)
]]>
    </error>
  </testcase> <!-- testMethod -->
  <testcase name="testMethod" time="116.233" classname="testng.testingonly"/>
  <testcase name="testMethod3" time="131.747" classname="testng.testingonly"/>
  <testcase name="testMethod" time="119.412" classname="testng.testingonly"/>
  <testcase name="testMethod2" time="130.345" classname="testng.testingonly"/>
  <testcase name="testMethod4" time="124.732" classname="testng.testingonly"/>
  <testcase name="testMethod2" time="136.681" classname="testng.testingonly"/>
  <testcase name="testMethod3" time="135.346" classname="testng.testingonly"/>
  <testcase name="testMethod3" time="130.010" classname="testng.testingonly"/>
  <testcase name="testMethod" time="45.497" classname="testng.testingonly"/>
  <testcase name="testMethod3" time="127.797" classname="testng.testingonly"/>
  <testcase name="testMethod" time="127.079" classname="testng.testingonly"/>
  <testcase name="testMethod2" time="126.484" classname="testng.testingonly"/>
  <testcase name="testMethod2" time="133.165" classname="testng.testingonly"/>
  <testcase name="testMethod4" time="132.029" classname="testng.testingonly"/>
  <testcase name="testMethod2" time="128.663" classname="testng.testingonly"/>
  <testcase name="testMethod4" time="126.582" classname="testng.testingonly"/>
  <testcase name="testMethod4" time="130.194" classname="testng.testingonly"/>
  <testcase name="testMethod3" time="126.217" classname="testng.testingonly"/>
</testsuite> <!-- testng.testingonly -->
