<?xml version="1.0" encoding="UTF-8"?>
<!-- Generated by org.testng.reporters.JUnitReportReporter -->
<<<<<<< HEAD
<testsuite skipped="0" hostname="DESKTOP-BVCOH3L" name="prerate.prerateTestNGSlow" tests="1" failures="0" timestamp="27 Apr 2020 20:19:44 GMT" time="0.000" errors="1">
  <testcase name="setupExcel" time="0.000" classname="prerate.prerateTestNGSlow">
    <error type="org.testng.TestNGException" message="
Parameter &#039;filepathExcelParameter&#039; is required by BeforeClass on method setupExcel but has not been marked @Optional or defined
in C:\Users\theth\AppData\Local\Temp\testng-eclipse-2118952030\testng-customsuite.xml">
      <![CDATA[org.testng.TestNGException: 
Parameter 'filepathExcelParameter' is required by BeforeClass on method setupExcel but has not been marked @Optional or defined
in C:\Users\theth\AppData\Local\Temp\testng-eclipse-2118952030\testng-customsuite.xml
	at org.testng.internal.Parameters.createParameters(Parameters.java:199)
	at org.testng.internal.Parameters.createParameters(Parameters.java:443)
	at org.testng.internal.Parameters.createConfigurationParameters(Parameters.java:118)
	at org.testng.internal.Invoker.invokeConfigurations(Invoker.java:206)
	at org.testng.internal.Invoker.invokeConfigurations(Invoker.java:146)
	at org.testng.internal.TestMethodWorker.invokeBeforeClassMethods(TestMethodWorker.java:166)
	at org.testng.internal.TestMethodWorker.run(TestMethodWorker.java:105)
	at org.testng.TestRunner.privateRun(TestRunner.java:744)
	at org.testng.TestRunner.run(TestRunner.java:602)
	at org.testng.SuiteRunner.runTest(SuiteRunner.java:380)
	at org.testng.SuiteRunner.runSequentially(SuiteRunner.java:375)
	at org.testng.SuiteRunner.privateRun(SuiteRunner.java:340)
	at org.testng.SuiteRunner.run(SuiteRunner.java:289)
	at org.testng.SuiteRunnerWorker.runSuite(SuiteRunnerWorker.java:52)
	at org.testng.SuiteRunnerWorker.run(SuiteRunnerWorker.java:86)
	at org.testng.TestNG.runSuitesSequentially(TestNG.java:1301)
	at org.testng.TestNG.runSuitesLocally(TestNG.java:1226)
	at org.testng.TestNG.runSuites(TestNG.java:1144)
	at org.testng.TestNG.run(TestNG.java:1115)
	at org.testng.remote.AbstractRemoteTestNG.run(AbstractRemoteTestNG.java:132)
	at org.testng.remote.RemoteTestNG.initAndRun(RemoteTestNG.java:230)
	at org.testng.remote.RemoteTestNG.main(RemoteTestNG.java:76)
=======
<testsuite skipped="0" hostname="SQA-CRS-021" name="prerate.prerateTestNGSlow" tests="7" failures="1" timestamp="29 Apr 2020 18:35:06 GMT" time="619.724" errors="6">
  <testcase name="testMethod1" time="1.374" classname="prerate.prerateTestNGSlow">
    <error type="org.openqa.selenium.WebDriverException" message="unknown error: failed to write prefs file
  (Driver info: chromedriver=2.41.578737 (49da6702b16031c40d63e5618de03a32ff6c197e),platform=Windows NT 6.1.7601 SP1 x86) (WARNING: The server did not provide any stacktrace information)
Command duration or timeout: 41 milliseconds
Build info: version: &#039;3.141.59&#039;, revision: &#039;e82be7d358&#039;, time: &#039;2018-11-14T08:25:48&#039;
System info: host: &#039;SQA-CRS-021&#039;, ip: &#039;10.255.251.244&#039;, os.name: &#039;Windows 7&#039;, os.arch: &#039;x86&#039;, os.version: &#039;6.1&#039;, java.version: &#039;1.8.0_212&#039;
Driver info: driver.version: ChromeDriver">
      <![CDATA[org.openqa.selenium.WebDriverException: unknown error: failed to write prefs file
  (Driver info: chromedriver=2.41.578737 (49da6702b16031c40d63e5618de03a32ff6c197e),platform=Windows NT 6.1.7601 SP1 x86) (WARNING: The server did not provide any stacktrace information)
Command duration or timeout: 41 milliseconds
Build info: version: '3.141.59', revision: 'e82be7d358', time: '2018-11-14T08:25:48'
System info: host: 'SQA-CRS-021', ip: '10.255.251.244', os.name: 'Windows 7', os.arch: 'x86', os.version: '6.1', java.version: '1.8.0_212'
Driver info: driver.version: ChromeDriver
	at sun.reflect.NativeConstructorAccessorImpl.newInstance0(Native Method)
	at sun.reflect.NativeConstructorAccessorImpl.newInstance(Unknown Source)
	at sun.reflect.DelegatingConstructorAccessorImpl.newInstance(Unknown Source)
	at java.lang.reflect.Constructor.newInstance(Unknown Source)
	at org.openqa.selenium.remote.ErrorHandler.createThrowable(ErrorHandler.java:214)
	at org.openqa.selenium.remote.ErrorHandler.throwIfResponseFailed(ErrorHandler.java:166)
	at org.openqa.selenium.remote.JsonWireProtocolResponse.lambda$errorHandler$0(JsonWireProtocolResponse.java:54)
	at org.openqa.selenium.remote.HandshakeResponse.lambda$getResponseFunction$0(HandshakeResponse.java:30)
	at org.openqa.selenium.remote.ProtocolHandshake.lambda$createSession$0(ProtocolHandshake.java:126)
	at java.util.stream.ReferencePipeline$3$1.accept(Unknown Source)
	at java.util.Spliterators$ArraySpliterator.tryAdvance(Unknown Source)
	at java.util.stream.ReferencePipeline.forEachWithCancel(Unknown Source)
	at java.util.stream.AbstractPipeline.copyIntoWithCancel(Unknown Source)
	at java.util.stream.AbstractPipeline.copyInto(Unknown Source)
	at java.util.stream.AbstractPipeline.wrapAndCopyInto(Unknown Source)
	at java.util.stream.FindOps$FindOp.evaluateSequential(Unknown Source)
	at java.util.stream.AbstractPipeline.evaluate(Unknown Source)
	at java.util.stream.ReferencePipeline.findFirst(Unknown Source)
	at org.openqa.selenium.remote.ProtocolHandshake.createSession(ProtocolHandshake.java:128)
	at org.openqa.selenium.remote.ProtocolHandshake.createSession(ProtocolHandshake.java:74)
	at org.openqa.selenium.remote.HttpCommandExecutor.execute(HttpCommandExecutor.java:136)
	at org.openqa.selenium.remote.service.DriverCommandExecutor.execute(DriverCommandExecutor.java:83)
	at org.openqa.selenium.remote.RemoteWebDriver.execute(RemoteWebDriver.java:552)
	at org.openqa.selenium.remote.RemoteWebDriver.startSession(RemoteWebDriver.java:213)
	at org.openqa.selenium.remote.RemoteWebDriver.<init>(RemoteWebDriver.java:131)
	at org.openqa.selenium.chrome.ChromeDriver.<init>(ChromeDriver.java:181)
	at org.openqa.selenium.chrome.ChromeDriver.<init>(ChromeDriver.java:168)
	at org.openqa.selenium.chrome.ChromeDriver.<init>(ChromeDriver.java:123)
	at prerate.prerateTestNGSlow.testMethod1(prerateTestNGSlow.java:328)
	at sun.reflect.NativeMethodAccessorImpl.invoke0(Native Method)
	at sun.reflect.NativeMethodAccessorImpl.invoke(Unknown Source)
	at sun.reflect.DelegatingMethodAccessorImpl.invoke(Unknown Source)
	at java.lang.reflect.Method.invoke(Unknown Source)
	at org.testng.internal.MethodInvocationHelper.invokeMethod(MethodInvocationHelper.java:108)
	at org.testng.internal.Invoker.invokeMethod(Invoker.java:661)
	at org.testng.internal.Invoker.invokeTestMethod(Invoker.java:869)
	at org.testng.internal.Invoker.invokeTestMethods(Invoker.java:1193)
	at org.testng.internal.TestMethodWorker.invokeTestMethods(TestMethodWorker.java:126)
	at org.testng.internal.TestMethodWorker.run(TestMethodWorker.java:109)
	at java.util.concurrent.ThreadPoolExecutor.runWorker(Unknown Source)
	at java.util.concurrent.ThreadPoolExecutor$Worker.run(Unknown Source)
	at java.lang.Thread.run(Unknown Source)
>>>>>>> branch 'master' of https://github.com/5194105/Master-GUI.git
]]>
    </error>
<<<<<<< HEAD
  </testcase> <!-- setupExcel -->
=======
  </testcase> <!-- testMethod1 -->
  <testcase name="testMethod3" time="70.815" classname="prerate.prerateTestNGSlow">
    <error type="org.apache.poi.openxml4j.exceptions.OpenXML4JRuntimeException" message="Fail to save: an error occurs while saving the package : The part /docProps/app.xml fail to be saved in the stream with marshaller org.apache.poi.openxml4j.opc.internal.marshallers.DefaultMarshaller@f14f3">
      <![CDATA[org.apache.poi.openxml4j.exceptions.OpenXML4JRuntimeException: Fail to save: an error occurs while saving the package : The part /docProps/app.xml fail to be saved in the stream with marshaller org.apache.poi.openxml4j.opc.internal.marshallers.DefaultMarshaller@f14f3
	at org.apache.poi.openxml4j.opc.ZipPackage.saveImpl(ZipPackage.java:602)
	at org.apache.poi.openxml4j.opc.OPCPackage.save(OPCPackage.java:1557)
	at org.apache.poi.POIXMLDocument.write(POIXMLDocument.java:248)
	at configuration.excel.writeCellData(excel.java:174)
	at prerate.prerateTestNGSlow.writeToExcel(prerateTestNGSlow.java:828)
	at prerate.prerateTestNGSlow.doPrerate(prerateTestNGSlow.java:813)
	at prerate.prerateTestNGSlow.testMethod3(prerateTestNGSlow.java:415)
	at sun.reflect.NativeMethodAccessorImpl.invoke0(Native Method)
	at sun.reflect.NativeMethodAccessorImpl.invoke(Unknown Source)
	at sun.reflect.DelegatingMethodAccessorImpl.invoke(Unknown Source)
	at java.lang.reflect.Method.invoke(Unknown Source)
	at org.testng.internal.MethodInvocationHelper.invokeMethod(MethodInvocationHelper.java:108)
	at org.testng.internal.Invoker.invokeMethod(Invoker.java:661)
	at org.testng.internal.Invoker.invokeTestMethod(Invoker.java:869)
	at org.testng.internal.Invoker.invokeTestMethods(Invoker.java:1193)
	at org.testng.internal.TestMethodWorker.invokeTestMethods(TestMethodWorker.java:126)
	at org.testng.internal.TestMethodWorker.run(TestMethodWorker.java:109)
	at java.util.concurrent.ThreadPoolExecutor.runWorker(Unknown Source)
	at java.util.concurrent.ThreadPoolExecutor$Worker.run(Unknown Source)
	at java.lang.Thread.run(Unknown Source)
Caused by: org.apache.poi.openxml4j.exceptions.OpenXML4JException: The part /docProps/app.xml fail to be saved in the stream with marshaller org.apache.poi.openxml4j.opc.internal.marshallers.DefaultMarshaller@f14f3
	at org.apache.poi.openxml4j.opc.ZipPackage.saveImpl(ZipPackage.java:590)
	... 19 more
]]>
    </error>
  </testcase> <!-- testMethod3 -->
  <testcase name="testMethod2" time="74.068" classname="prerate.prerateTestNGSlow">
    <failure type="java.lang.AssertionError" message="No Error Found, but still failed">
      <![CDATA[java.lang.AssertionError: No Error Found, but still failed
	at org.testng.Assert.fail(Assert.java:93)
	at prerate.prerateTestNGSlow.doPrerate(prerateTestNGSlow.java:814)
	at prerate.prerateTestNGSlow.testMethod2(prerateTestNGSlow.java:374)
	at sun.reflect.NativeMethodAccessorImpl.invoke0(Native Method)
	at sun.reflect.NativeMethodAccessorImpl.invoke(Unknown Source)
	at sun.reflect.DelegatingMethodAccessorImpl.invoke(Unknown Source)
	at java.lang.reflect.Method.invoke(Unknown Source)
	at org.testng.internal.MethodInvocationHelper.invokeMethod(MethodInvocationHelper.java:108)
	at org.testng.internal.Invoker.invokeMethod(Invoker.java:661)
	at org.testng.internal.Invoker.invokeTestMethod(Invoker.java:869)
	at org.testng.internal.Invoker.invokeTestMethods(Invoker.java:1193)
	at org.testng.internal.TestMethodWorker.invokeTestMethods(TestMethodWorker.java:126)
	at org.testng.internal.TestMethodWorker.run(TestMethodWorker.java:109)
	at java.util.concurrent.ThreadPoolExecutor.runWorker(Unknown Source)
	at java.util.concurrent.ThreadPoolExecutor$Worker.run(Unknown Source)
	at java.lang.Thread.run(Unknown Source)
]]>
    </failure>
  </testcase> <!-- testMethod2 -->
  <testcase name="testMethod3" time="92.817" classname="prerate.prerateTestNGSlow">
    <error type="org.apache.poi.openxml4j.exceptions.OpenXML4JRuntimeException" message="Fail to save: an error occurs while saving the package : The part /docProps/app.xml fail to be saved in the stream with marshaller org.apache.poi.openxml4j.opc.internal.marshallers.DefaultMarshaller@f14f3">
      <![CDATA[org.apache.poi.openxml4j.exceptions.OpenXML4JRuntimeException: Fail to save: an error occurs while saving the package : The part /docProps/app.xml fail to be saved in the stream with marshaller org.apache.poi.openxml4j.opc.internal.marshallers.DefaultMarshaller@f14f3
	at org.apache.poi.openxml4j.opc.ZipPackage.saveImpl(ZipPackage.java:602)
	at org.apache.poi.openxml4j.opc.OPCPackage.save(OPCPackage.java:1557)
	at org.apache.poi.POIXMLDocument.write(POIXMLDocument.java:248)
	at configuration.excel.writeCellData(excel.java:174)
	at prerate.prerateTestNGSlow.writeToExcel(prerateTestNGSlow.java:828)
	at prerate.prerateTestNGSlow.doPrerate(prerateTestNGSlow.java:813)
	at prerate.prerateTestNGSlow.testMethod3(prerateTestNGSlow.java:415)
	at sun.reflect.NativeMethodAccessorImpl.invoke0(Native Method)
	at sun.reflect.NativeMethodAccessorImpl.invoke(Unknown Source)
	at sun.reflect.DelegatingMethodAccessorImpl.invoke(Unknown Source)
	at java.lang.reflect.Method.invoke(Unknown Source)
	at org.testng.internal.MethodInvocationHelper.invokeMethod(MethodInvocationHelper.java:108)
	at org.testng.internal.Invoker.invokeMethod(Invoker.java:661)
	at org.testng.internal.Invoker.invokeTestMethod(Invoker.java:869)
	at org.testng.internal.Invoker.invokeTestMethods(Invoker.java:1193)
	at org.testng.internal.TestMethodWorker.invokeTestMethods(TestMethodWorker.java:126)
	at org.testng.internal.TestMethodWorker.run(TestMethodWorker.java:109)
	at java.util.concurrent.ThreadPoolExecutor.runWorker(Unknown Source)
	at java.util.concurrent.ThreadPoolExecutor$Worker.run(Unknown Source)
	at java.lang.Thread.run(Unknown Source)
Caused by: org.apache.poi.openxml4j.exceptions.OpenXML4JException: The part /docProps/app.xml fail to be saved in the stream with marshaller org.apache.poi.openxml4j.opc.internal.marshallers.DefaultMarshaller@f14f3
	at org.apache.poi.openxml4j.opc.ZipPackage.saveImpl(ZipPackage.java:590)
	... 19 more
]]>
    </error>
  </testcase> <!-- testMethod3 -->
  <testcase name="testMethod4" time="144.433" classname="prerate.prerateTestNGSlow">
    <error type="org.apache.poi.openxml4j.exceptions.OpenXML4JRuntimeException" message="Fail to save: an error occurs while saving the package : The part /docProps/app.xml fail to be saved in the stream with marshaller org.apache.poi.openxml4j.opc.internal.marshallers.DefaultMarshaller@f14f3">
      <![CDATA[org.apache.poi.openxml4j.exceptions.OpenXML4JRuntimeException: Fail to save: an error occurs while saving the package : The part /docProps/app.xml fail to be saved in the stream with marshaller org.apache.poi.openxml4j.opc.internal.marshallers.DefaultMarshaller@f14f3
	at org.apache.poi.openxml4j.opc.ZipPackage.saveImpl(ZipPackage.java:602)
	at org.apache.poi.openxml4j.opc.OPCPackage.save(OPCPackage.java:1557)
	at org.apache.poi.POIXMLDocument.write(POIXMLDocument.java:248)
	at configuration.excel.writeCellData(excel.java:174)
	at prerate.prerateTestNGSlow.writeToExcel(prerateTestNGSlow.java:828)
	at prerate.prerateTestNGSlow.doPrerate(prerateTestNGSlow.java:813)
	at prerate.prerateTestNGSlow.testMethod4(prerateTestNGSlow.java:460)
	at sun.reflect.NativeMethodAccessorImpl.invoke0(Native Method)
	at sun.reflect.NativeMethodAccessorImpl.invoke(Unknown Source)
	at sun.reflect.DelegatingMethodAccessorImpl.invoke(Unknown Source)
	at java.lang.reflect.Method.invoke(Unknown Source)
	at org.testng.internal.MethodInvocationHelper.invokeMethod(MethodInvocationHelper.java:108)
	at org.testng.internal.Invoker.invokeMethod(Invoker.java:661)
	at org.testng.internal.Invoker.invokeTestMethod(Invoker.java:869)
	at org.testng.internal.Invoker.invokeTestMethods(Invoker.java:1193)
	at org.testng.internal.TestMethodWorker.invokeTestMethods(TestMethodWorker.java:126)
	at org.testng.internal.TestMethodWorker.run(TestMethodWorker.java:109)
	at java.util.concurrent.ThreadPoolExecutor.runWorker(Unknown Source)
	at java.util.concurrent.ThreadPoolExecutor$Worker.run(Unknown Source)
	at java.lang.Thread.run(Unknown Source)
Caused by: org.apache.poi.openxml4j.exceptions.OpenXML4JException: The part /docProps/app.xml fail to be saved in the stream with marshaller org.apache.poi.openxml4j.opc.internal.marshallers.DefaultMarshaller@f14f3
	at org.apache.poi.openxml4j.opc.ZipPackage.saveImpl(ZipPackage.java:590)
	... 19 more
]]>
    </error>
  </testcase> <!-- testMethod4 -->
  <testcase name="testMethod2" time="147.700" classname="prerate.prerateTestNGSlow">
    <error type="org.apache.poi.openxml4j.exceptions.OpenXML4JRuntimeException" message="Fail to save: an error occurs while saving the package : The part /docProps/app.xml fail to be saved in the stream with marshaller org.apache.poi.openxml4j.opc.internal.marshallers.DefaultMarshaller@f14f3">
      <![CDATA[org.apache.poi.openxml4j.exceptions.OpenXML4JRuntimeException: Fail to save: an error occurs while saving the package : The part /docProps/app.xml fail to be saved in the stream with marshaller org.apache.poi.openxml4j.opc.internal.marshallers.DefaultMarshaller@f14f3
	at org.apache.poi.openxml4j.opc.ZipPackage.saveImpl(ZipPackage.java:602)
	at org.apache.poi.openxml4j.opc.OPCPackage.save(OPCPackage.java:1557)
	at org.apache.poi.POIXMLDocument.write(POIXMLDocument.java:248)
	at configuration.excel.writeCellData(excel.java:174)
	at prerate.prerateTestNGSlow.writeToExcel(prerateTestNGSlow.java:828)
	at prerate.prerateTestNGSlow.doPrerate(prerateTestNGSlow.java:813)
	at prerate.prerateTestNGSlow.testMethod2(prerateTestNGSlow.java:374)
	at sun.reflect.NativeMethodAccessorImpl.invoke0(Native Method)
	at sun.reflect.NativeMethodAccessorImpl.invoke(Unknown Source)
	at sun.reflect.DelegatingMethodAccessorImpl.invoke(Unknown Source)
	at java.lang.reflect.Method.invoke(Unknown Source)
	at org.testng.internal.MethodInvocationHelper.invokeMethod(MethodInvocationHelper.java:108)
	at org.testng.internal.Invoker.invokeMethod(Invoker.java:661)
	at org.testng.internal.Invoker.invokeTestMethod(Invoker.java:869)
	at org.testng.internal.Invoker.invokeTestMethods(Invoker.java:1193)
	at org.testng.internal.TestMethodWorker.invokeTestMethods(TestMethodWorker.java:126)
	at org.testng.internal.TestMethodWorker.run(TestMethodWorker.java:109)
	at java.util.concurrent.ThreadPoolExecutor.runWorker(Unknown Source)
	at java.util.concurrent.ThreadPoolExecutor$Worker.run(Unknown Source)
	at java.lang.Thread.run(Unknown Source)
Caused by: org.apache.poi.openxml4j.exceptions.OpenXML4JException: The part /docProps/app.xml fail to be saved in the stream with marshaller org.apache.poi.openxml4j.opc.internal.marshallers.DefaultMarshaller@f14f3
	at org.apache.poi.openxml4j.opc.ZipPackage.saveImpl(ZipPackage.java:590)
	... 19 more
]]>
    </error>
  </testcase> <!-- testMethod2 -->
  <testcase name="testMethod1" time="88.517" classname="prerate.prerateTestNGSlow">
    <error type="org.apache.poi.openxml4j.exceptions.OpenXML4JRuntimeException" message="Fail to save: an error occurs while saving the package : The part /docProps/app.xml fail to be saved in the stream with marshaller org.apache.poi.openxml4j.opc.internal.marshallers.DefaultMarshaller@f14f3">
      <![CDATA[org.apache.poi.openxml4j.exceptions.OpenXML4JRuntimeException: Fail to save: an error occurs while saving the package : The part /docProps/app.xml fail to be saved in the stream with marshaller org.apache.poi.openxml4j.opc.internal.marshallers.DefaultMarshaller@f14f3
	at org.apache.poi.openxml4j.opc.ZipPackage.saveImpl(ZipPackage.java:602)
	at org.apache.poi.openxml4j.opc.OPCPackage.save(OPCPackage.java:1557)
	at org.apache.poi.POIXMLDocument.write(POIXMLDocument.java:248)
	at configuration.excel.writeCellData(excel.java:174)
	at prerate.prerateTestNGSlow.writeToExcel(prerateTestNGSlow.java:828)
	at prerate.prerateTestNGSlow.doPrerate(prerateTestNGSlow.java:813)
	at prerate.prerateTestNGSlow.testMethod1(prerateTestNGSlow.java:334)
	at sun.reflect.NativeMethodAccessorImpl.invoke0(Native Method)
	at sun.reflect.NativeMethodAccessorImpl.invoke(Unknown Source)
	at sun.reflect.DelegatingMethodAccessorImpl.invoke(Unknown Source)
	at java.lang.reflect.Method.invoke(Unknown Source)
	at org.testng.internal.MethodInvocationHelper.invokeMethod(MethodInvocationHelper.java:108)
	at org.testng.internal.Invoker.invokeMethod(Invoker.java:661)
	at org.testng.internal.Invoker.invokeTestMethod(Invoker.java:869)
	at org.testng.internal.Invoker.invokeTestMethods(Invoker.java:1193)
	at org.testng.internal.TestMethodWorker.invokeTestMethods(TestMethodWorker.java:126)
	at org.testng.internal.TestMethodWorker.run(TestMethodWorker.java:109)
	at java.util.concurrent.ThreadPoolExecutor.runWorker(Unknown Source)
	at java.util.concurrent.ThreadPoolExecutor$Worker.run(Unknown Source)
	at java.lang.Thread.run(Unknown Source)
Caused by: org.apache.poi.openxml4j.exceptions.OpenXML4JException: The part /docProps/app.xml fail to be saved in the stream with marshaller org.apache.poi.openxml4j.opc.internal.marshallers.DefaultMarshaller@f14f3
	at org.apache.poi.openxml4j.opc.ZipPackage.saveImpl(ZipPackage.java:590)
	... 19 more
]]>
    </error>
  </testcase> <!-- testMethod1 -->
>>>>>>> branch 'master' of https://github.com/5194105/Master-GUI.git
</testsuite> <!-- prerate.prerateTestNGSlow -->
