<?xml version="1.0" encoding="UTF-8"?>
<<<<<<< HEAD
<!-- Generated by org.testng.reporters.JUnitReportReporter -->
<testsuite skipped="0" hostname="SQA-CRS-025" name="prerate.prerateTestNGSlow" tests="142" failures="14" timestamp="2020-06-26T15:35:19 CDT" time="6328.742" errors="3">
  <testcase name="testMethod1" time="26.367" classname="prerate.prerateTestNGSlow"/>
  <system-out/>
  <testcase name="testMethod1" time="58.249" classname="prerate.prerateTestNGSlow">
    <failure type="java.lang.AssertionError" message="Technical Error Occurred in Edits; Try again ,6713,7169">
      <![CDATA[java.lang.AssertionError: Technical Error Occurred in Edits; Try again ,6713,7169
at org.testng.Assert.fail(Assert.java:97)
at prerate.prerateTestNGSlow.doPrerate(prerateTestNGSlow.java:1204)
at prerate.prerateTestNGSlow.testMethod1(prerateTestNGSlow.java:540)
at sun.reflect.GeneratedMethodAccessor8.invoke(Unknown Source)
at sun.reflect.DelegatingMethodAccessorImpl.invoke(Unknown Source)
at java.lang.reflect.Method.invoke(Unknown Source)
at org.testng.internal.MethodInvocationHelper.invokeMethod(MethodInvocationHelper.java:135)
at org.testng.internal.TestInvoker.invokeMethod(TestInvoker.java:598)
at org.testng.internal.TestInvoker.invokeTestMethod(TestInvoker.java:174)
at org.testng.internal.MethodRunner.runInSequence(MethodRunner.java:46)
at org.testng.internal.TestInvoker$MethodInvocationAgent.invoke(TestInvoker.java:821)
at org.testng.internal.TestInvoker.invokeTestMethods(TestInvoker.java:147)
at org.testng.internal.TestMethodWorker.invokeTestMethods(TestMethodWorker.java:146)
at org.testng.internal.TestMethodWorker.run(TestMethodWorker.java:128)
at java.util.concurrent.ThreadPoolExecutor.runWorker(Unknown Source)
at java.util.concurrent.ThreadPoolExecutor$Worker.run(Unknown Source)
at java.lang.Thread.run(Unknown Source)
]]>
    </failure>
  </testcase> <!-- testMethod1 -->
  <system-out/>
  <testcase name="testMethod1" time="51.400" classname="prerate.prerateTestNGSlow"/>
  <system-out/>
  <testcase name="testMethod1" time="49.498" classname="prerate.prerateTestNGSlow"/>
  <system-out/>
  <testcase name="testMethod1" time="53.776" classname="prerate.prerateTestNGSlow"/>
  <system-out/>
  <testcase name="testMethod1" time="53.909" classname="prerate.prerateTestNGSlow"/>
  <system-out/>
  <testcase name="testMethod1" time="25.629" classname="prerate.prerateTestNGSlow"/>
  <system-out/>
  <testcase name="testMethod1" time="48.052" classname="prerate.prerateTestNGSlow"/>
  <system-out/>
  <testcase name="testMethod1" time="35.889" classname="prerate.prerateTestNGSlow">
=======
<!-- Generated by org.testng.reporters.JUnitReportReporter -->
<<<<<<< HEAD
<testsuite skipped="0" hostname="SQA-CRS-025" name="prerate.prerateTestNGSlow" tests="27" failures="13" timestamp="2020-06-10T09:51:20 CDT" time="910.798" errors="3">
  <testcase name="testMethod1" time="43.341" classname="prerate.prerateTestNGSlow">
=======
<<<<<<< HEAD
<testsuite skipped="0" hostname="SQA-CRS-025" name="prerate.prerateTestNGSlow" tests="45" failures="35" timestamp="2020-06-17T13:55:25 CDT" time="2124.668" errors="3">
  <testcase name="testMethod1" time="34.051" classname="prerate.prerateTestNGSlow">
>>>>>>> branch 'master' of https://github.com/5194105/Master-GUI.git
    <failure type="java.lang.AssertionError" message="Failed selecting dropdown menu...">
      <![CDATA[java.lang.AssertionError: Failed selecting dropdown menu...
at org.testng.Assert.fail(Assert.java:97)
at prerate.prerateTestNGSlow.doPrerate(prerateTestNGSlow.java:1012)
at prerate.prerateTestNGSlow.testMethod1(prerateTestNGSlow.java:540)
at sun.reflect.NativeMethodAccessorImpl.invoke0(Native Method)
at sun.reflect.NativeMethodAccessorImpl.invoke(Unknown Source)
at sun.reflect.DelegatingMethodAccessorImpl.invoke(Unknown Source)
at java.lang.reflect.Method.invoke(Unknown Source)
at org.testng.internal.MethodInvocationHelper.invokeMethod(MethodInvocationHelper.java:135)
at org.testng.internal.TestInvoker.invokeMethod(TestInvoker.java:598)
at org.testng.internal.TestInvoker.invokeTestMethod(TestInvoker.java:174)
at org.testng.internal.MethodRunner.runInSequence(MethodRunner.java:46)
at org.testng.internal.TestInvoker$MethodInvocationAgent.invoke(TestInvoker.java:821)
at org.testng.internal.TestInvoker.invokeTestMethods(TestInvoker.java:147)
at org.testng.internal.TestMethodWorker.invokeTestMethods(TestMethodWorker.java:146)
at org.testng.internal.TestMethodWorker.run(TestMethodWorker.java:128)
at java.util.concurrent.ThreadPoolExecutor.runWorker(Unknown Source)
at java.util.concurrent.ThreadPoolExecutor$Worker.run(Unknown Source)
at java.lang.Thread.run(Unknown Source)
]]>
    </failure>
  </testcase> <!-- testMethod1 -->
  <system-out/>
  <testcase name="testMethod1" time="50.408" classname="prerate.prerateTestNGSlow"/>
  <system-out/>
  <testcase name="testMethod1" time="54.550" classname="prerate.prerateTestNGSlow"/>
  <system-out/>
  <testcase name="testMethod1" time="52.391" classname="prerate.prerateTestNGSlow"/>
  <system-out/>
  <testcase name="testMethod1" time="71.234" classname="prerate.prerateTestNGSlow"/>
  <system-out/>
  <testcase name="testMethod1" time="53.394" classname="prerate.prerateTestNGSlow"/>
  <system-out/>
  <testcase name="testMethod1" time="50.784" classname="prerate.prerateTestNGSlow"/>
  <system-out/>
  <testcase name="testMethod1" time="49.177" classname="prerate.prerateTestNGSlow"/>
  <system-out/>
  <testcase name="testMethod1" time="47.977" classname="prerate.prerateTestNGSlow"/>
  <system-out/>
  <testcase name="testMethod1" time="49.997" classname="prerate.prerateTestNGSlow"/>
  <system-out/>
  <testcase name="testMethod1" time="52.780" classname="prerate.prerateTestNGSlow"/>
  <system-out/>
  <testcase name="testMethod1" time="50.330" classname="prerate.prerateTestNGSlow"/>
  <system-out/>
  <testcase name="testMethod1" time="27.860" classname="prerate.prerateTestNGSlow"/>
  <system-out/>
  <testcase name="testMethod1" time="52.840" classname="prerate.prerateTestNGSlow"/>
  <system-out/>
  <testcase name="testMethod1" time="26.245" classname="prerate.prerateTestNGSlow"/>
  <system-out/>
  <testcase name="testMethod1" time="55.327" classname="prerate.prerateTestNGSlow"/>
  <system-out/>
  <testcase name="testMethod1" time="49.891" classname="prerate.prerateTestNGSlow"/>
  <system-out/>
  <testcase name="testMethod1" time="48.519" classname="prerate.prerateTestNGSlow"/>
  <system-out/>
  <testcase name="testMethod1" time="48.656" classname="prerate.prerateTestNGSlow"/>
  <system-out/>
  <testcase name="testMethod1" time="26.424" classname="prerate.prerateTestNGSlow"/>
  <system-out/>
  <testcase name="testMethod1" time="25.705" classname="prerate.prerateTestNGSlow"/>
  <system-out/>
  <testcase name="testMethod1" time="25.737" classname="prerate.prerateTestNGSlow"/>
  <system-out/>
  <testcase name="testMethod1" time="47.160" classname="prerate.prerateTestNGSlow"/>
  <system-out/>
  <testcase name="testMethod1" time="48.443" classname="prerate.prerateTestNGSlow"/>
  <system-out/>
  <testcase name="testMethod1" time="0.952" classname="prerate.prerateTestNGSlow"/>
  <system-out/>
  <testcase name="testMethod1" time="25.681" classname="prerate.prerateTestNGSlow"/>
  <system-out/>
  <testcase name="testMethod1" time="25.175" classname="prerate.prerateTestNGSlow"/>
  <system-out/>
  <testcase name="testMethod4" time="0.000" classname="prerate.prerateTestNGSlow">
<<<<<<< HEAD
    <error type="org.testng.TestNGException" message="
=======
=======
<testsuite skipped="0" hostname="SQA-CRS-021" name="prerate.prerateTestNGSlow" tests="27" failures="16" timestamp="18 Jun 2020 17:07:27 GMT" time="917.546" errors="3">
  <testcase name="testMethod1" time="34.306" classname="prerate.prerateTestNGSlow">
    <failure type="java.lang.AssertionError" message="Failed selecting dropdown menu...">
      <![CDATA[java.lang.AssertionError: Failed selecting dropdown menu...
	at org.testng.Assert.fail(Assert.java:93)
	at prerate.prerateTestNGSlow.doPrerate(prerateTestNGSlow.java:1012)
	at prerate.prerateTestNGSlow.testMethod1(prerateTestNGSlow.java:540)
	at sun.reflect.GeneratedMethodAccessor8.invoke(Unknown Source)
	at sun.reflect.DelegatingMethodAccessorImpl.invoke(Unknown Source)
	at java.lang.reflect.Method.invoke(Unknown Source)
	at org.testng.internal.MethodInvocationHelper.invokeMethod(MethodInvocationHelper.java:108)
	at org.testng.internal.Invoker.invokeMethod(Invoker.java:661)
	at org.testng.internal.Invoker.invokeTestMethod(Invoker.java:869)
	at org.testng.internal.Invoker.invokeTestMethods(Invoker.java:1193)
	at org.testng.internal.TestMethodWorker.invokeTestMethods(TestMethodWorker.java:126)
	at org.testng.internal.TestMethodWorker.run(TestMethodWorker.java:109)
	at java.util.concurrent.ThreadPoolExecutor.runWorker(Unknown Source)
	at java.util.concurrent.ThreadPoolExecutor$Worker.run(Unknown Source)
	at java.lang.Thread.run(Unknown Source)
]]>
    </failure>
  </testcase> <!-- testMethod1 -->
  <testcase name="testMethod1" time="43.096" classname="prerate.prerateTestNGSlow">
    <failure type="java.lang.AssertionError" message="Override Disabled.">
      <![CDATA[java.lang.AssertionError: Override Disabled.
	at org.testng.Assert.fail(Assert.java:93)
	at prerate.prerateTestNGSlow.doPrerate(prerateTestNGSlow.java:1135)
	at prerate.prerateTestNGSlow.testMethod1(prerateTestNGSlow.java:540)
	at sun.reflect.NativeMethodAccessorImpl.invoke0(Native Method)
	at sun.reflect.NativeMethodAccessorImpl.invoke(Unknown Source)
	at sun.reflect.DelegatingMethodAccessorImpl.invoke(Unknown Source)
	at java.lang.reflect.Method.invoke(Unknown Source)
	at org.testng.internal.MethodInvocationHelper.invokeMethod(MethodInvocationHelper.java:108)
	at org.testng.internal.Invoker.invokeMethod(Invoker.java:661)
	at org.testng.internal.Invoker.invokeTestMethod(Invoker.java:869)
	at org.testng.internal.Invoker.invokeTestMethods(Invoker.java:1193)
	at org.testng.internal.TestMethodWorker.invokeTestMethods(TestMethodWorker.java:126)
	at org.testng.internal.TestMethodWorker.run(TestMethodWorker.java:109)
	at java.util.concurrent.ThreadPoolExecutor.runWorker(Unknown Source)
	at java.util.concurrent.ThreadPoolExecutor$Worker.run(Unknown Source)
	at java.lang.Thread.run(Unknown Source)
]]>
    </failure>
  </testcase> <!-- testMethod1 -->
  <testcase name="testMethod1" time="32.692" classname="prerate.prerateTestNGSlow">
    <failure type="java.lang.AssertionError" message="Failed selecting dropdown menu...">
      <![CDATA[java.lang.AssertionError: Failed selecting dropdown menu...
	at org.testng.Assert.fail(Assert.java:93)
	at prerate.prerateTestNGSlow.doPrerate(prerateTestNGSlow.java:1012)
	at prerate.prerateTestNGSlow.testMethod1(prerateTestNGSlow.java:540)
	at sun.reflect.GeneratedMethodAccessor8.invoke(Unknown Source)
	at sun.reflect.DelegatingMethodAccessorImpl.invoke(Unknown Source)
	at java.lang.reflect.Method.invoke(Unknown Source)
	at org.testng.internal.MethodInvocationHelper.invokeMethod(MethodInvocationHelper.java:108)
	at org.testng.internal.Invoker.invokeMethod(Invoker.java:661)
	at org.testng.internal.Invoker.invokeTestMethod(Invoker.java:869)
	at org.testng.internal.Invoker.invokeTestMethods(Invoker.java:1193)
	at org.testng.internal.TestMethodWorker.invokeTestMethods(TestMethodWorker.java:126)
	at org.testng.internal.TestMethodWorker.run(TestMethodWorker.java:109)
	at java.util.concurrent.ThreadPoolExecutor.runWorker(Unknown Source)
	at java.util.concurrent.ThreadPoolExecutor$Worker.run(Unknown Source)
	at java.lang.Thread.run(Unknown Source)
]]>
    </failure>
  </testcase> <!-- testMethod1 -->
  <testcase name="testMethod1" time="54.417" classname="prerate.prerateTestNGSlow"/>
  <testcase name="testMethod1" time="45.475" classname="prerate.prerateTestNGSlow">
    <failure type="java.lang.AssertionError" message="Override Disabled.">
      <![CDATA[java.lang.AssertionError: Override Disabled.
	at org.testng.Assert.fail(Assert.java:93)
	at prerate.prerateTestNGSlow.doPrerate(prerateTestNGSlow.java:1135)
	at prerate.prerateTestNGSlow.testMethod1(prerateTestNGSlow.java:540)
	at sun.reflect.NativeMethodAccessorImpl.invoke0(Native Method)
	at sun.reflect.NativeMethodAccessorImpl.invoke(Unknown Source)
	at sun.reflect.DelegatingMethodAccessorImpl.invoke(Unknown Source)
	at java.lang.reflect.Method.invoke(Unknown Source)
	at org.testng.internal.MethodInvocationHelper.invokeMethod(MethodInvocationHelper.java:108)
	at org.testng.internal.Invoker.invokeMethod(Invoker.java:661)
	at org.testng.internal.Invoker.invokeTestMethod(Invoker.java:869)
	at org.testng.internal.Invoker.invokeTestMethods(Invoker.java:1193)
	at org.testng.internal.TestMethodWorker.invokeTestMethods(TestMethodWorker.java:126)
	at org.testng.internal.TestMethodWorker.run(TestMethodWorker.java:109)
	at java.util.concurrent.ThreadPoolExecutor.runWorker(Unknown Source)
	at java.util.concurrent.ThreadPoolExecutor$Worker.run(Unknown Source)
	at java.lang.Thread.run(Unknown Source)
]]>
    </failure>
  </testcase> <!-- testMethod1 -->
  <testcase name="testMethod1" time="52.089" classname="prerate.prerateTestNGSlow"/>
  <testcase name="testMethod1" time="33.389" classname="prerate.prerateTestNGSlow">
    <failure type="java.lang.AssertionError" message="Failed selecting dropdown menu...">
      <![CDATA[java.lang.AssertionError: Failed selecting dropdown menu...
	at org.testng.Assert.fail(Assert.java:93)
	at prerate.prerateTestNGSlow.doPrerate(prerateTestNGSlow.java:1012)
	at prerate.prerateTestNGSlow.testMethod1(prerateTestNGSlow.java:540)
	at sun.reflect.GeneratedMethodAccessor8.invoke(Unknown Source)
	at sun.reflect.DelegatingMethodAccessorImpl.invoke(Unknown Source)
	at java.lang.reflect.Method.invoke(Unknown Source)
	at org.testng.internal.MethodInvocationHelper.invokeMethod(MethodInvocationHelper.java:108)
	at org.testng.internal.Invoker.invokeMethod(Invoker.java:661)
	at org.testng.internal.Invoker.invokeTestMethod(Invoker.java:869)
	at org.testng.internal.Invoker.invokeTestMethods(Invoker.java:1193)
	at org.testng.internal.TestMethodWorker.invokeTestMethods(TestMethodWorker.java:126)
	at org.testng.internal.TestMethodWorker.run(TestMethodWorker.java:109)
	at java.util.concurrent.ThreadPoolExecutor.runWorker(Unknown Source)
	at java.util.concurrent.ThreadPoolExecutor$Worker.run(Unknown Source)
	at java.lang.Thread.run(Unknown Source)
]]>
    </failure>
  </testcase> <!-- testMethod1 -->
  <testcase name="testMethod1" time="32.541" classname="prerate.prerateTestNGSlow">
    <failure type="java.lang.AssertionError" message="Failed selecting dropdown menu...">
      <![CDATA[java.lang.AssertionError: Failed selecting dropdown menu...
	at org.testng.Assert.fail(Assert.java:93)
	at prerate.prerateTestNGSlow.doPrerate(prerateTestNGSlow.java:1012)
	at prerate.prerateTestNGSlow.testMethod1(prerateTestNGSlow.java:540)
	at sun.reflect.NativeMethodAccessorImpl.invoke0(Native Method)
	at sun.reflect.NativeMethodAccessorImpl.invoke(Unknown Source)
	at sun.reflect.DelegatingMethodAccessorImpl.invoke(Unknown Source)
	at java.lang.reflect.Method.invoke(Unknown Source)
	at org.testng.internal.MethodInvocationHelper.invokeMethod(MethodInvocationHelper.java:108)
	at org.testng.internal.Invoker.invokeMethod(Invoker.java:661)
	at org.testng.internal.Invoker.invokeTestMethod(Invoker.java:869)
	at org.testng.internal.Invoker.invokeTestMethods(Invoker.java:1193)
	at org.testng.internal.TestMethodWorker.invokeTestMethods(TestMethodWorker.java:126)
	at org.testng.internal.TestMethodWorker.run(TestMethodWorker.java:109)
	at java.util.concurrent.ThreadPoolExecutor.runWorker(Unknown Source)
	at java.util.concurrent.ThreadPoolExecutor$Worker.run(Unknown Source)
	at java.lang.Thread.run(Unknown Source)
]]>
    </failure>
  </testcase> <!-- testMethod1 -->
  <testcase name="testMethod1" time="1.374" classname="prerate.prerateTestNGSlow"/>
  <testcase name="testMethod1" time="33.196" classname="prerate.prerateTestNGSlow">
    <failure type="java.lang.AssertionError" message="Failed selecting dropdown menu...">
      <![CDATA[java.lang.AssertionError: Failed selecting dropdown menu...
	at org.testng.Assert.fail(Assert.java:93)
	at prerate.prerateTestNGSlow.doPrerate(prerateTestNGSlow.java:1012)
	at prerate.prerateTestNGSlow.testMethod1(prerateTestNGSlow.java:540)
	at sun.reflect.GeneratedMethodAccessor8.invoke(Unknown Source)
	at sun.reflect.DelegatingMethodAccessorImpl.invoke(Unknown Source)
	at java.lang.reflect.Method.invoke(Unknown Source)
	at org.testng.internal.MethodInvocationHelper.invokeMethod(MethodInvocationHelper.java:108)
	at org.testng.internal.Invoker.invokeMethod(Invoker.java:661)
	at org.testng.internal.Invoker.invokeTestMethod(Invoker.java:869)
	at org.testng.internal.Invoker.invokeTestMethods(Invoker.java:1193)
	at org.testng.internal.TestMethodWorker.invokeTestMethods(TestMethodWorker.java:126)
	at org.testng.internal.TestMethodWorker.run(TestMethodWorker.java:109)
	at java.util.concurrent.ThreadPoolExecutor.runWorker(Unknown Source)
	at java.util.concurrent.ThreadPoolExecutor$Worker.run(Unknown Source)
	at java.lang.Thread.run(Unknown Source)
]]>
    </failure>
  </testcase> <!-- testMethod1 -->
  <testcase name="testMethod1" time="41.209" classname="prerate.prerateTestNGSlow">
    <failure type="java.lang.AssertionError" message="Override Disabled.">
      <![CDATA[java.lang.AssertionError: Override Disabled.
	at org.testng.Assert.fail(Assert.java:93)
	at prerate.prerateTestNGSlow.doPrerate(prerateTestNGSlow.java:1135)
	at prerate.prerateTestNGSlow.testMethod1(prerateTestNGSlow.java:540)
	at sun.reflect.NativeMethodAccessorImpl.invoke0(Native Method)
	at sun.reflect.NativeMethodAccessorImpl.invoke(Unknown Source)
	at sun.reflect.DelegatingMethodAccessorImpl.invoke(Unknown Source)
	at java.lang.reflect.Method.invoke(Unknown Source)
	at org.testng.internal.MethodInvocationHelper.invokeMethod(MethodInvocationHelper.java:108)
	at org.testng.internal.Invoker.invokeMethod(Invoker.java:661)
	at org.testng.internal.Invoker.invokeTestMethod(Invoker.java:869)
	at org.testng.internal.Invoker.invokeTestMethods(Invoker.java:1193)
	at org.testng.internal.TestMethodWorker.invokeTestMethods(TestMethodWorker.java:126)
	at org.testng.internal.TestMethodWorker.run(TestMethodWorker.java:109)
	at java.util.concurrent.ThreadPoolExecutor.runWorker(Unknown Source)
	at java.util.concurrent.ThreadPoolExecutor$Worker.run(Unknown Source)
	at java.lang.Thread.run(Unknown Source)
]]>
    </failure>
  </testcase> <!-- testMethod1 -->
  <testcase name="testMethod1" time="34.142" classname="prerate.prerateTestNGSlow">
    <failure type="java.lang.AssertionError" message="Failed selecting dropdown menu...">
      <![CDATA[java.lang.AssertionError: Failed selecting dropdown menu...
	at org.testng.Assert.fail(Assert.java:93)
	at prerate.prerateTestNGSlow.doPrerate(prerateTestNGSlow.java:1012)
	at prerate.prerateTestNGSlow.testMethod1(prerateTestNGSlow.java:540)
	at sun.reflect.GeneratedMethodAccessor8.invoke(Unknown Source)
	at sun.reflect.DelegatingMethodAccessorImpl.invoke(Unknown Source)
	at java.lang.reflect.Method.invoke(Unknown Source)
	at org.testng.internal.MethodInvocationHelper.invokeMethod(MethodInvocationHelper.java:108)
	at org.testng.internal.Invoker.invokeMethod(Invoker.java:661)
	at org.testng.internal.Invoker.invokeTestMethod(Invoker.java:869)
	at org.testng.internal.Invoker.invokeTestMethods(Invoker.java:1193)
	at org.testng.internal.TestMethodWorker.invokeTestMethods(TestMethodWorker.java:126)
	at org.testng.internal.TestMethodWorker.run(TestMethodWorker.java:109)
	at java.util.concurrent.ThreadPoolExecutor.runWorker(Unknown Source)
	at java.util.concurrent.ThreadPoolExecutor$Worker.run(Unknown Source)
	at java.lang.Thread.run(Unknown Source)
]]>
    </failure>
  </testcase> <!-- testMethod1 -->
  <testcase name="testMethod1" time="1.233" classname="prerate.prerateTestNGSlow"/>
  <testcase name="testMethod1" time="34.378" classname="prerate.prerateTestNGSlow">
    <failure type="java.lang.AssertionError" message="Failed selecting dropdown menu...">
      <![CDATA[java.lang.AssertionError: Failed selecting dropdown menu...
	at org.testng.Assert.fail(Assert.java:93)
	at prerate.prerateTestNGSlow.doPrerate(prerateTestNGSlow.java:1012)
	at prerate.prerateTestNGSlow.testMethod1(prerateTestNGSlow.java:540)
	at sun.reflect.NativeMethodAccessorImpl.invoke0(Native Method)
	at sun.reflect.NativeMethodAccessorImpl.invoke(Unknown Source)
	at sun.reflect.DelegatingMethodAccessorImpl.invoke(Unknown Source)
	at java.lang.reflect.Method.invoke(Unknown Source)
	at org.testng.internal.MethodInvocationHelper.invokeMethod(MethodInvocationHelper.java:108)
	at org.testng.internal.Invoker.invokeMethod(Invoker.java:661)
	at org.testng.internal.Invoker.invokeTestMethod(Invoker.java:869)
	at org.testng.internal.Invoker.invokeTestMethods(Invoker.java:1193)
	at org.testng.internal.TestMethodWorker.invokeTestMethods(TestMethodWorker.java:126)
	at org.testng.internal.TestMethodWorker.run(TestMethodWorker.java:109)
	at java.util.concurrent.ThreadPoolExecutor.runWorker(Unknown Source)
	at java.util.concurrent.ThreadPoolExecutor$Worker.run(Unknown Source)
	at java.lang.Thread.run(Unknown Source)
]]>
    </failure>
  </testcase> <!-- testMethod1 -->
  <testcase name="testMethod1" time="28.966" classname="prerate.prerateTestNGSlow"/>
  <testcase name="testMethod2" time="0.000" classname="prerate.prerateTestNGSlow">
>>>>>>> branch 'master' of https://github.com/5194105/Master-GUI.git
    <error type="org.testng.TestNGException" message="
<<<<<<< HEAD
>>>>>>> branch 'master' of https://github.com/5194105/Master-GUI.git
Data Provider public synchronized java.lang.Object[][] prerate.prerateTestNGSlow.dataProviderMethod4() returned a null value">
<<<<<<< HEAD
      <![CDATA[org.testng.TestNGException: 
=======
=======
Data Provider public synchronized java.lang.Object[][] prerate.prerateTestNGSlow.dataProviderMethod2() must return either Object[][] or Iterator&lt;Object&gt;[], not class [[Ljava.lang.Object;">
>>>>>>> branch 'master' of https://github.com/5194105/Master-GUI.git
      <![CDATA[org.testng.TestNGException: 
<<<<<<< HEAD
>>>>>>> branch 'master' of https://github.com/5194105/Master-GUI.git
Data Provider public synchronized java.lang.Object[][] prerate.prerateTestNGSlow.dataProviderMethod4() returned a null value
at org.testng.internal.MethodInvocationHelper.invokeDataProvider(MethodInvocationHelper.java:150)
at org.testng.internal.Parameters.handleParameters(Parameters.java:797)
at org.testng.internal.Parameters.handleParameters(Parameters.java:740)
at org.testng.internal.ParameterHandler.handleParameters(ParameterHandler.java:59)
at org.testng.internal.ParameterHandler.createParameters(ParameterHandler.java:38)
at org.testng.internal.TestInvoker$MethodInvocationAgent.invoke(TestInvoker.java:788)
at org.testng.internal.TestInvoker.invokeTestMethods(TestInvoker.java:147)
at org.testng.internal.TestMethodWorker.invokeTestMethods(TestMethodWorker.java:146)
at org.testng.internal.TestMethodWorker.run(TestMethodWorker.java:128)
at java.util.concurrent.ThreadPoolExecutor.runWorker(Unknown Source)
at java.util.concurrent.ThreadPoolExecutor$Worker.run(Unknown Source)
at java.lang.Thread.run(Unknown Source)
]]>
    </error>
  </testcase> <!-- testMethod4 -->
  <system-out/>
  <testcase name="testMethod1" time="50.147" classname="prerate.prerateTestNGSlow"/>
  <system-out/>
  <testcase name="testMethod1" time="48.270" classname="prerate.prerateTestNGSlow"/>
  <system-out/>
  <testcase name="testMethod1" time="52.190" classname="prerate.prerateTestNGSlow"/>
  <system-out/>
<<<<<<< HEAD
  <testcase name="testMethod1" time="26.464" classname="prerate.prerateTestNGSlow"/>
=======
  <testcase name="testMethod1" time="44.732" classname="prerate.prerateTestNGSlow">
>>>>>>> branch 'master' of https://github.com/5194105/Master-GUI.git
    <failure type="java.lang.AssertionError" message="Override Disabled.">
      <![CDATA[java.lang.AssertionError: Override Disabled.
at org.testng.Assert.fail(Assert.java:97)
at prerate.prerateTestNGSlow.doPrerate(prerateTestNGSlow.java:1026)
at prerate.prerateTestNGSlow.testMethod1(prerateTestNGSlow.java:536)
<<<<<<< HEAD
at sun.reflect.GeneratedMethodAccessor8.invoke(Unknown Source)
at sun.reflect.DelegatingMethodAccessorImpl.invoke(Unknown Source)
at java.lang.reflect.Method.invoke(Unknown Source)
=======
at sun.reflect.NativeMethodAccessorImpl.invoke0(Native Method)
at sun.reflect.NativeMethodAccessorImpl.invoke(NativeMethodAccessorImpl.java:62)
at sun.reflect.DelegatingMethodAccessorImpl.invoke(DelegatingMethodAccessorImpl.java:43)
at java.lang.reflect.Method.invoke(Method.java:498)
>>>>>>> branch 'master' of https://github.com/5194105/Master-GUI.git
at org.testng.internal.MethodInvocationHelper.invokeMethod(MethodInvocationHelper.java:135)
at org.testng.internal.TestInvoker.invokeMethod(TestInvoker.java:598)
at org.testng.internal.TestInvoker.invokeTestMethod(TestInvoker.java:174)
at org.testng.internal.MethodRunner.runInSequence(MethodRunner.java:46)
at org.testng.internal.TestInvoker$MethodInvocationAgent.invoke(TestInvoker.java:821)
at org.testng.internal.TestInvoker.invokeTestMethods(TestInvoker.java:147)
at org.testng.internal.TestMethodWorker.invokeTestMethods(TestMethodWorker.java:146)
at org.testng.internal.TestMethodWorker.run(TestMethodWorker.java:128)
at java.util.concurrent.ThreadPoolExecutor.runWorker(ThreadPoolExecutor.java:1149)
at java.util.concurrent.ThreadPoolExecutor$Worker.run(ThreadPoolExecutor.java:624)
at java.lang.Thread.run(Thread.java:748)
]]>
    </failure>
  </testcase> <!-- testMethod1 -->
>>>>>>> branch 'master' of https://github.com/5194105/Master-GUI.git
  <system-out/>
<<<<<<< HEAD
=======
<<<<<<< HEAD
  <testcase name="testMethod1" time="33.350" classname="prerate.prerateTestNGSlow"/>
=======
  <testcase name="testMethod1" time="63.985" classname="prerate.prerateTestNGSlow">
    <failure type="java.lang.AssertionError" message="Technical Error Occurred in Edits; Try again ,3334">
      <![CDATA[java.lang.AssertionError: Technical Error Occurred in Edits; Try again ,3334
at org.testng.Assert.fail(Assert.java:97)
at prerate.prerateTestNGSlow.doPrerate(prerateTestNGSlow.java:1093)
at prerate.prerateTestNGSlow.testMethod1(prerateTestNGSlow.java:536)
at sun.reflect.GeneratedMethodAccessor2.invoke(Unknown Source)
at sun.reflect.DelegatingMethodAccessorImpl.invoke(DelegatingMethodAccessorImpl.java:43)
at java.lang.reflect.Method.invoke(Method.java:498)
at org.testng.internal.MethodInvocationHelper.invokeMethod(MethodInvocationHelper.java:135)
at org.testng.internal.TestInvoker.invokeMethod(TestInvoker.java:598)
at org.testng.internal.TestInvoker.invokeTestMethod(TestInvoker.java:174)
at org.testng.internal.MethodRunner.runInSequence(MethodRunner.java:46)
at org.testng.internal.TestInvoker$MethodInvocationAgent.invoke(TestInvoker.java:821)
at org.testng.internal.TestInvoker.invokeTestMethods(TestInvoker.java:147)
at org.testng.internal.TestMethodWorker.invokeTestMethods(TestMethodWorker.java:146)
at org.testng.internal.TestMethodWorker.run(TestMethodWorker.java:128)
at java.util.concurrent.ThreadPoolExecutor.runWorker(ThreadPoolExecutor.java:1149)
at java.util.concurrent.ThreadPoolExecutor$Worker.run(ThreadPoolExecutor.java:624)
at java.lang.Thread.run(Thread.java:748)
]]>
    </failure>
  </testcase> <!-- testMethod1 -->
  <system-out/>
  <testcase name="testMethod1" time="34.957" classname="prerate.prerateTestNGSlow">
    <failure type="java.lang.AssertionError" message="Failed selecting dropdown menu...">
      <![CDATA[java.lang.AssertionError: Failed selecting dropdown menu...
at org.testng.Assert.fail(Assert.java:97)
at prerate.prerateTestNGSlow.doPrerate(prerateTestNGSlow.java:909)
at prerate.prerateTestNGSlow.testMethod1(prerateTestNGSlow.java:536)
at sun.reflect.GeneratedMethodAccessor2.invoke(Unknown Source)
at sun.reflect.DelegatingMethodAccessorImpl.invoke(DelegatingMethodAccessorImpl.java:43)
at java.lang.reflect.Method.invoke(Method.java:498)
at org.testng.internal.MethodInvocationHelper.invokeMethod(MethodInvocationHelper.java:135)
at org.testng.internal.TestInvoker.invokeMethod(TestInvoker.java:598)
at org.testng.internal.TestInvoker.invokeTestMethod(TestInvoker.java:174)
at org.testng.internal.MethodRunner.runInSequence(MethodRunner.java:46)
at org.testng.internal.TestInvoker$MethodInvocationAgent.invoke(TestInvoker.java:821)
at org.testng.internal.TestInvoker.invokeTestMethods(TestInvoker.java:147)
at org.testng.internal.TestMethodWorker.invokeTestMethods(TestMethodWorker.java:146)
at org.testng.internal.TestMethodWorker.run(TestMethodWorker.java:128)
at java.util.concurrent.ThreadPoolExecutor.runWorker(ThreadPoolExecutor.java:1149)
at java.util.concurrent.ThreadPoolExecutor$Worker.run(ThreadPoolExecutor.java:624)
at java.lang.Thread.run(Thread.java:748)
]]>
    </failure>
  </testcase> <!-- testMethod1 -->
  <system-out/>
  <testcase name="testMethod1" time="62.244" classname="prerate.prerateTestNGSlow">
    <failure type="java.lang.AssertionError" message="Technical Error Occurred in Edits; Try again ,6713,7169">
      <![CDATA[java.lang.AssertionError: Technical Error Occurred in Edits; Try again ,6713,7169
at org.testng.Assert.fail(Assert.java:97)
at prerate.prerateTestNGSlow.doPrerate(prerateTestNGSlow.java:1093)
at prerate.prerateTestNGSlow.testMethod1(prerateTestNGSlow.java:536)
at sun.reflect.GeneratedMethodAccessor2.invoke(Unknown Source)
at sun.reflect.DelegatingMethodAccessorImpl.invoke(DelegatingMethodAccessorImpl.java:43)
at java.lang.reflect.Method.invoke(Method.java:498)
at org.testng.internal.MethodInvocationHelper.invokeMethod(MethodInvocationHelper.java:135)
at org.testng.internal.TestInvoker.invokeMethod(TestInvoker.java:598)
at org.testng.internal.TestInvoker.invokeTestMethod(TestInvoker.java:174)
at org.testng.internal.MethodRunner.runInSequence(MethodRunner.java:46)
at org.testng.internal.TestInvoker$MethodInvocationAgent.invoke(TestInvoker.java:821)
at org.testng.internal.TestInvoker.invokeTestMethods(TestInvoker.java:147)
at org.testng.internal.TestMethodWorker.invokeTestMethods(TestMethodWorker.java:146)
at org.testng.internal.TestMethodWorker.run(TestMethodWorker.java:128)
at java.util.concurrent.ThreadPoolExecutor.runWorker(ThreadPoolExecutor.java:1149)
at java.util.concurrent.ThreadPoolExecutor$Worker.run(ThreadPoolExecutor.java:624)
at java.lang.Thread.run(Thread.java:748)
]]>
    </failure>
  </testcase> <!-- testMethod1 -->
  <system-out/>
  <testcase name="testMethod1" time="33.063" classname="prerate.prerateTestNGSlow">
    <failure type="java.lang.AssertionError" message="Failed selecting dropdown menu...">
      <![CDATA[java.lang.AssertionError: Failed selecting dropdown menu...
at org.testng.Assert.fail(Assert.java:97)
at prerate.prerateTestNGSlow.doPrerate(prerateTestNGSlow.java:909)
at prerate.prerateTestNGSlow.testMethod1(prerateTestNGSlow.java:536)
at sun.reflect.GeneratedMethodAccessor2.invoke(Unknown Source)
at sun.reflect.DelegatingMethodAccessorImpl.invoke(DelegatingMethodAccessorImpl.java:43)
at java.lang.reflect.Method.invoke(Method.java:498)
at org.testng.internal.MethodInvocationHelper.invokeMethod(MethodInvocationHelper.java:135)
at org.testng.internal.TestInvoker.invokeMethod(TestInvoker.java:598)
at org.testng.internal.TestInvoker.invokeTestMethod(TestInvoker.java:174)
at org.testng.internal.MethodRunner.runInSequence(MethodRunner.java:46)
at org.testng.internal.TestInvoker$MethodInvocationAgent.invoke(TestInvoker.java:821)
at org.testng.internal.TestInvoker.invokeTestMethods(TestInvoker.java:147)
at org.testng.internal.TestMethodWorker.invokeTestMethods(TestMethodWorker.java:146)
at org.testng.internal.TestMethodWorker.run(TestMethodWorker.java:128)
at java.util.concurrent.ThreadPoolExecutor.runWorker(ThreadPoolExecutor.java:1149)
at java.util.concurrent.ThreadPoolExecutor$Worker.run(ThreadPoolExecutor.java:624)
at java.lang.Thread.run(Thread.java:748)
]]>
    </failure>
  </testcase> <!-- testMethod1 -->
  <system-out/>
  <testcase name="testMethod1" time="63.585" classname="prerate.prerateTestNGSlow">
    <failure type="java.lang.AssertionError" message="Technical Error Occurred in Edits; Try again ,6713,7169">
      <![CDATA[java.lang.AssertionError: Technical Error Occurred in Edits; Try again ,6713,7169
at org.testng.Assert.fail(Assert.java:97)
at prerate.prerateTestNGSlow.doPrerate(prerateTestNGSlow.java:1093)
at prerate.prerateTestNGSlow.testMethod1(prerateTestNGSlow.java:536)
at sun.reflect.GeneratedMethodAccessor2.invoke(Unknown Source)
at sun.reflect.DelegatingMethodAccessorImpl.invoke(DelegatingMethodAccessorImpl.java:43)
at java.lang.reflect.Method.invoke(Method.java:498)
at org.testng.internal.MethodInvocationHelper.invokeMethod(MethodInvocationHelper.java:135)
at org.testng.internal.TestInvoker.invokeMethod(TestInvoker.java:598)
at org.testng.internal.TestInvoker.invokeTestMethod(TestInvoker.java:174)
at org.testng.internal.MethodRunner.runInSequence(MethodRunner.java:46)
at org.testng.internal.TestInvoker$MethodInvocationAgent.invoke(TestInvoker.java:821)
at org.testng.internal.TestInvoker.invokeTestMethods(TestInvoker.java:147)
at org.testng.internal.TestMethodWorker.invokeTestMethods(TestMethodWorker.java:146)
at org.testng.internal.TestMethodWorker.run(TestMethodWorker.java:128)
at java.util.concurrent.ThreadPoolExecutor.runWorker(ThreadPoolExecutor.java:1149)
at java.util.concurrent.ThreadPoolExecutor$Worker.run(ThreadPoolExecutor.java:624)
at java.lang.Thread.run(Thread.java:748)
]]>
    </failure>
  </testcase> <!-- testMethod1 -->
  <system-out/>
  <testcase name="testMethod1" time="67.310" classname="prerate.prerateTestNGSlow">
    <failure type="java.lang.AssertionError" message="Technical Error Occurred in Edits; Try again ,6713">
      <![CDATA[java.lang.AssertionError: Technical Error Occurred in Edits; Try again ,6713
at org.testng.Assert.fail(Assert.java:97)
at prerate.prerateTestNGSlow.doPrerate(prerateTestNGSlow.java:1093)
at prerate.prerateTestNGSlow.testMethod1(prerateTestNGSlow.java:536)
at sun.reflect.NativeMethodAccessorImpl.invoke0(Native Method)
at sun.reflect.NativeMethodAccessorImpl.invoke(NativeMethodAccessorImpl.java:62)
at sun.reflect.DelegatingMethodAccessorImpl.invoke(DelegatingMethodAccessorImpl.java:43)
at java.lang.reflect.Method.invoke(Method.java:498)
at org.testng.internal.MethodInvocationHelper.invokeMethod(MethodInvocationHelper.java:135)
at org.testng.internal.TestInvoker.invokeMethod(TestInvoker.java:598)
at org.testng.internal.TestInvoker.invokeTestMethod(TestInvoker.java:174)
at org.testng.internal.MethodRunner.runInSequence(MethodRunner.java:46)
at org.testng.internal.TestInvoker$MethodInvocationAgent.invoke(TestInvoker.java:821)
at org.testng.internal.TestInvoker.invokeTestMethods(TestInvoker.java:147)
at org.testng.internal.TestMethodWorker.invokeTestMethods(TestMethodWorker.java:146)
at org.testng.internal.TestMethodWorker.run(TestMethodWorker.java:128)
at java.util.concurrent.ThreadPoolExecutor.runWorker(ThreadPoolExecutor.java:1149)
at java.util.concurrent.ThreadPoolExecutor$Worker.run(ThreadPoolExecutor.java:624)
at java.lang.Thread.run(Thread.java:748)
]]>
    </failure>
  </testcase> <!-- testMethod1 -->
>>>>>>> branch 'master' of https://github.com/5194105/Master-GUI.git
  <system-out/>
<<<<<<< HEAD
>>>>>>> branch 'master' of https://github.com/5194105/Master-GUI.git
  <testcase name="testMethod2" time="0.000" classname="prerate.prerateTestNGSlow">
    <error type="org.testng.TestNGException" message="
Data Provider public synchronized java.lang.Object[][] prerate.prerateTestNGSlow.dataProviderMethod2() returned a null value">
      <![CDATA[org.testng.TestNGException: 
Data Provider public synchronized java.lang.Object[][] prerate.prerateTestNGSlow.dataProviderMethod2() returned a null value
at org.testng.internal.MethodInvocationHelper.invokeDataProvider(MethodInvocationHelper.java:150)
at org.testng.internal.Parameters.handleParameters(Parameters.java:797)
at org.testng.internal.Parameters.handleParameters(Parameters.java:740)
at org.testng.internal.ParameterHandler.handleParameters(ParameterHandler.java:59)
at org.testng.internal.ParameterHandler.createParameters(ParameterHandler.java:38)
at org.testng.internal.TestInvoker$MethodInvocationAgent.invoke(TestInvoker.java:788)
at org.testng.internal.TestInvoker.invokeTestMethods(TestInvoker.java:147)
at org.testng.internal.TestMethodWorker.invokeTestMethods(TestMethodWorker.java:146)
at org.testng.internal.TestMethodWorker.run(TestMethodWorker.java:128)
at java.util.concurrent.ThreadPoolExecutor.runWorker(Unknown Source)
at java.util.concurrent.ThreadPoolExecutor$Worker.run(Unknown Source)
at java.lang.Thread.run(Unknown Source)
]]>
    </error>
  </testcase> <!-- testMethod2 -->
  <system-out/>
  <testcase name="testMethod1" time="48.132" classname="prerate.prerateTestNGSlow"/>
  <system-out/>
  <testcase name="testMethod1" time="51.143" classname="prerate.prerateTestNGSlow"/>
  <system-out/>
  <testcase name="testMethod1" time="25.635" classname="prerate.prerateTestNGSlow"/>
  <system-out/>
  <testcase name="testMethod1" time="38.789" classname="prerate.prerateTestNGSlow">
    <failure type="java.lang.AssertionError" message="Override Disabled.">
      <![CDATA[java.lang.AssertionError: Override Disabled.
at org.testng.Assert.fail(Assert.java:97)
at prerate.prerateTestNGSlow.doPrerate(prerateTestNGSlow.java:1135)
at prerate.prerateTestNGSlow.testMethod1(prerateTestNGSlow.java:540)
at sun.reflect.GeneratedMethodAccessor8.invoke(Unknown Source)
at sun.reflect.DelegatingMethodAccessorImpl.invoke(Unknown Source)
at java.lang.reflect.Method.invoke(Unknown Source)
at org.testng.internal.MethodInvocationHelper.invokeMethod(MethodInvocationHelper.java:135)
at org.testng.internal.TestInvoker.invokeMethod(TestInvoker.java:598)
at org.testng.internal.TestInvoker.invokeTestMethod(TestInvoker.java:174)
at org.testng.internal.MethodRunner.runInSequence(MethodRunner.java:46)
at org.testng.internal.TestInvoker$MethodInvocationAgent.invoke(TestInvoker.java:821)
at org.testng.internal.TestInvoker.invokeTestMethods(TestInvoker.java:147)
at org.testng.internal.TestMethodWorker.invokeTestMethods(TestMethodWorker.java:146)
at org.testng.internal.TestMethodWorker.run(TestMethodWorker.java:128)
at java.util.concurrent.ThreadPoolExecutor.runWorker(Unknown Source)
at java.util.concurrent.ThreadPoolExecutor$Worker.run(Unknown Source)
at java.lang.Thread.run(Unknown Source)
]]>
    </failure>
  </testcase> <!-- testMethod1 -->
  <system-out/>
  <testcase name="testMethod1" time="48.331" classname="prerate.prerateTestNGSlow"/>
  <system-out/>
  <testcase name="testMethod1" time="50.534" classname="prerate.prerateTestNGSlow"/>
  <system-out/>
  <testcase name="testMethod1" time="48.642" classname="prerate.prerateTestNGSlow"/>
  <system-out/>
  <testcase name="testMethod1" time="48.309" classname="prerate.prerateTestNGSlow"/>
  <system-out/>
  <testcase name="testMethod1" time="51.728" classname="prerate.prerateTestNGSlow"/>
  <system-out/>
  <testcase name="testMethod1" time="50.360" classname="prerate.prerateTestNGSlow"/>
  <system-out/>
  <testcase name="testMethod1" time="39.317" classname="prerate.prerateTestNGSlow">
    <failure type="java.lang.AssertionError" message="Override Disabled.">
      <![CDATA[java.lang.AssertionError: Override Disabled.
at org.testng.Assert.fail(Assert.java:97)
at prerate.prerateTestNGSlow.doPrerate(prerateTestNGSlow.java:1135)
at prerate.prerateTestNGSlow.testMethod1(prerateTestNGSlow.java:540)
at sun.reflect.GeneratedMethodAccessor8.invoke(Unknown Source)
at sun.reflect.DelegatingMethodAccessorImpl.invoke(Unknown Source)
at java.lang.reflect.Method.invoke(Unknown Source)
at org.testng.internal.MethodInvocationHelper.invokeMethod(MethodInvocationHelper.java:135)
at org.testng.internal.TestInvoker.invokeMethod(TestInvoker.java:598)
at org.testng.internal.TestInvoker.invokeTestMethod(TestInvoker.java:174)
at org.testng.internal.MethodRunner.runInSequence(MethodRunner.java:46)
at org.testng.internal.TestInvoker$MethodInvocationAgent.invoke(TestInvoker.java:821)
at org.testng.internal.TestInvoker.invokeTestMethods(TestInvoker.java:147)
at org.testng.internal.TestMethodWorker.invokeTestMethods(TestMethodWorker.java:146)
at org.testng.internal.TestMethodWorker.run(TestMethodWorker.java:128)
at java.util.concurrent.ThreadPoolExecutor.runWorker(Unknown Source)
at java.util.concurrent.ThreadPoolExecutor$Worker.run(Unknown Source)
at java.lang.Thread.run(Unknown Source)
]]>
    </failure>
  </testcase> <!-- testMethod1 -->
  <system-out/>
  <testcase name="testMethod1" time="52.942" classname="prerate.prerateTestNGSlow"/>
  <system-out/>
<<<<<<< HEAD
  <testcase name="testMethod1" time="51.765" classname="prerate.prerateTestNGSlow"/>
=======
  <testcase name="testMethod4" time="0.000" classname="prerate.prerateTestNGSlow">
    <error type="org.testng.TestNGException" message="
Data Provider public synchronized java.lang.Object[][] prerate.prerateTestNGSlow.dataProviderMethod4() returned a null value">
      <![CDATA[org.testng.TestNGException: 
Data Provider public synchronized java.lang.Object[][] prerate.prerateTestNGSlow.dataProviderMethod4() returned a null value
at org.testng.internal.MethodInvocationHelper.invokeDataProvider(MethodInvocationHelper.java:150)
at org.testng.internal.Parameters.handleParameters(Parameters.java:797)
at org.testng.internal.Parameters.handleParameters(Parameters.java:740)
at org.testng.internal.ParameterHandler.handleParameters(ParameterHandler.java:59)
at org.testng.internal.ParameterHandler.createParameters(ParameterHandler.java:38)
at org.testng.internal.TestInvoker$MethodInvocationAgent.invoke(TestInvoker.java:788)
at org.testng.internal.TestInvoker.invokeTestMethods(TestInvoker.java:147)
at org.testng.internal.TestMethodWorker.invokeTestMethods(TestMethodWorker.java:146)
at org.testng.internal.TestMethodWorker.run(TestMethodWorker.java:128)
at java.util.concurrent.ThreadPoolExecutor.runWorker(Unknown Source)
at java.util.concurrent.ThreadPoolExecutor$Worker.run(Unknown Source)
at java.lang.Thread.run(Unknown Source)
]]>
    </error>
  </testcase> <!-- testMethod4 -->
>>>>>>> branch 'master' of https://github.com/5194105/Master-GUI.git
  <system-out/>
  <testcase name="testMethod1" time="49.942" classname="prerate.prerateTestNGSlow"/>
  <system-out/>
  <testcase name="testMethod1" time="48.891" classname="prerate.prerateTestNGSlow"/>
  <system-out/>
  <testcase name="testMethod1" time="26.086" classname="prerate.prerateTestNGSlow"/>
  <system-out/>
  <testcase name="testMethod1" time="50.855" classname="prerate.prerateTestNGSlow"/>
  <system-out/>
<<<<<<< HEAD
  <testcase name="testMethod1" time="49.154" classname="prerate.prerateTestNGSlow"/>
=======
  <testcase name="testMethod1" time="35.117" classname="prerate.prerateTestNGSlow">
=======
  <testcase name="testMethod1" time="36.168" classname="prerate.prerateTestNGSlow">
>>>>>>> branch 'master' of https://github.com/5194105/Master-GUI.git
    <failure type="java.lang.AssertionError" message="Failed selecting dropdown menu...">
      <![CDATA[java.lang.AssertionError: Failed selecting dropdown menu...
at org.testng.Assert.fail(Assert.java:97)
at prerate.prerateTestNGSlow.doPrerate(prerateTestNGSlow.java:909)
at prerate.prerateTestNGSlow.testMethod1(prerateTestNGSlow.java:536)
<<<<<<< HEAD
at sun.reflect.GeneratedMethodAccessor8.invoke(Unknown Source)
at sun.reflect.DelegatingMethodAccessorImpl.invoke(Unknown Source)
at java.lang.reflect.Method.invoke(Unknown Source)
=======
at sun.reflect.GeneratedMethodAccessor2.invoke(Unknown Source)
at sun.reflect.DelegatingMethodAccessorImpl.invoke(DelegatingMethodAccessorImpl.java:43)
at java.lang.reflect.Method.invoke(Method.java:498)
>>>>>>> branch 'master' of https://github.com/5194105/Master-GUI.git
at org.testng.internal.MethodInvocationHelper.invokeMethod(MethodInvocationHelper.java:135)
at org.testng.internal.TestInvoker.invokeMethod(TestInvoker.java:598)
at org.testng.internal.TestInvoker.invokeTestMethod(TestInvoker.java:174)
at org.testng.internal.MethodRunner.runInSequence(MethodRunner.java:46)
at org.testng.internal.TestInvoker$MethodInvocationAgent.invoke(TestInvoker.java:821)
at org.testng.internal.TestInvoker.invokeTestMethods(TestInvoker.java:147)
at org.testng.internal.TestMethodWorker.invokeTestMethods(TestMethodWorker.java:146)
at org.testng.internal.TestMethodWorker.run(TestMethodWorker.java:128)
<<<<<<< HEAD
at java.util.concurrent.ThreadPoolExecutor.runWorker(Unknown Source)
at java.util.concurrent.ThreadPoolExecutor$Worker.run(Unknown Source)
at java.lang.Thread.run(Unknown Source)
]]>
    </failure>
  </testcase> <!-- testMethod1 -->
>>>>>>> branch 'master' of https://github.com/5194105/Master-GUI.git
  <system-out/>
<<<<<<< HEAD
  <testcase name="testMethod1" time="50.959" classname="prerate.prerateTestNGSlow"/>
  <system-out/>
  <testcase name="testMethod1" time="48.258" classname="prerate.prerateTestNGSlow"/>
  <system-out/>
  <testcase name="testMethod1" time="48.007" classname="prerate.prerateTestNGSlow"/>
  <system-out/>
  <testcase name="testMethod1" time="48.843" classname="prerate.prerateTestNGSlow"/>
  <system-out/>
  <testcase name="testMethod1" time="29.211" classname="prerate.prerateTestNGSlow"/>
  <system-out/>
  <testcase name="testMethod1" time="50.481" classname="prerate.prerateTestNGSlow"/>
  <system-out/>
  <testcase name="testMethod1" time="49.682" classname="prerate.prerateTestNGSlow"/>
  <system-out/>
  <testcase name="testMethod1" time="48.859" classname="prerate.prerateTestNGSlow"/>
  <system-out/>
  <testcase name="testMethod1" time="25.052" classname="prerate.prerateTestNGSlow"/>
  <system-out/>
  <testcase name="testMethod1" time="49.920" classname="prerate.prerateTestNGSlow"/>
=======
  <testcase name="testMethod1" time="33.884" classname="prerate.prerateTestNGSlow">
    <failure type="java.lang.AssertionError" message="Failed selecting dropdown menu...">
      <![CDATA[java.lang.AssertionError: Failed selecting dropdown menu...
at org.testng.Assert.fail(Assert.java:97)
at prerate.prerateTestNGSlow.doPrerate(prerateTestNGSlow.java:909)
at prerate.prerateTestNGSlow.testMethod1(prerateTestNGSlow.java:536)
at sun.reflect.GeneratedMethodAccessor8.invoke(Unknown Source)
at sun.reflect.DelegatingMethodAccessorImpl.invoke(Unknown Source)
at java.lang.reflect.Method.invoke(Unknown Source)
at org.testng.internal.MethodInvocationHelper.invokeMethod(MethodInvocationHelper.java:135)
at org.testng.internal.TestInvoker.invokeMethod(TestInvoker.java:598)
at org.testng.internal.TestInvoker.invokeTestMethod(TestInvoker.java:174)
at org.testng.internal.MethodRunner.runInSequence(MethodRunner.java:46)
at org.testng.internal.TestInvoker$MethodInvocationAgent.invoke(TestInvoker.java:821)
at org.testng.internal.TestInvoker.invokeTestMethods(TestInvoker.java:147)
at org.testng.internal.TestMethodWorker.invokeTestMethods(TestMethodWorker.java:146)
at org.testng.internal.TestMethodWorker.run(TestMethodWorker.java:128)
at java.util.concurrent.ThreadPoolExecutor.runWorker(Unknown Source)
at java.util.concurrent.ThreadPoolExecutor$Worker.run(Unknown Source)
at java.lang.Thread.run(Unknown Source)
=======
at java.util.concurrent.ThreadPoolExecutor.runWorker(ThreadPoolExecutor.java:1149)
at java.util.concurrent.ThreadPoolExecutor$Worker.run(ThreadPoolExecutor.java:624)
at java.lang.Thread.run(Thread.java:748)
>>>>>>> branch 'master' of https://github.com/5194105/Master-GUI.git
]]>
    </failure>
  </testcase> <!-- testMethod1 -->
>>>>>>> branch 'master' of https://github.com/5194105/Master-GUI.git
  <system-out/>
  <testcase name="testMethod3" time="0.000" classname="prerate.prerateTestNGSlow">
<<<<<<< HEAD
    <error type="org.testng.TestNGException" message="
=======
=======
Data Provider public synchronized java.lang.Object[][] prerate.prerateTestNGSlow.dataProviderMethod2() must return either Object[][] or Iterator<Object>[], not class [[Ljava.lang.Object;
	at org.testng.internal.MethodInvocationHelper.invokeDataProvider(MethodInvocationHelper.java:137)
	at org.testng.internal.Parameters.handleParameters(Parameters.java:509)
	at org.testng.internal.Invoker.handleParameters(Invoker.java:1308)
	at org.testng.internal.Invoker.createParameters(Invoker.java:1036)
	at org.testng.internal.Invoker.invokeTestMethods(Invoker.java:1126)
	at org.testng.internal.TestMethodWorker.invokeTestMethods(TestMethodWorker.java:126)
	at org.testng.internal.TestMethodWorker.run(TestMethodWorker.java:109)
	at java.util.concurrent.ThreadPoolExecutor.runWorker(Unknown Source)
	at java.util.concurrent.ThreadPoolExecutor$Worker.run(Unknown Source)
	at java.lang.Thread.run(Unknown Source)
]]>
    </error>
  </testcase> <!-- testMethod2 -->
  <testcase name="testMethod1" time="41.495" classname="prerate.prerateTestNGSlow">
    <failure type="java.lang.AssertionError" message="Override Disabled.">
      <![CDATA[java.lang.AssertionError: Override Disabled.
	at org.testng.Assert.fail(Assert.java:93)
	at prerate.prerateTestNGSlow.doPrerate(prerateTestNGSlow.java:1135)
	at prerate.prerateTestNGSlow.testMethod1(prerateTestNGSlow.java:540)
	at sun.reflect.NativeMethodAccessorImpl.invoke0(Native Method)
	at sun.reflect.NativeMethodAccessorImpl.invoke(Unknown Source)
	at sun.reflect.DelegatingMethodAccessorImpl.invoke(Unknown Source)
	at java.lang.reflect.Method.invoke(Unknown Source)
	at org.testng.internal.MethodInvocationHelper.invokeMethod(MethodInvocationHelper.java:108)
	at org.testng.internal.Invoker.invokeMethod(Invoker.java:661)
	at org.testng.internal.Invoker.invokeTestMethod(Invoker.java:869)
	at org.testng.internal.Invoker.invokeTestMethods(Invoker.java:1193)
	at org.testng.internal.TestMethodWorker.invokeTestMethods(TestMethodWorker.java:126)
	at org.testng.internal.TestMethodWorker.run(TestMethodWorker.java:109)
	at java.util.concurrent.ThreadPoolExecutor.runWorker(Unknown Source)
	at java.util.concurrent.ThreadPoolExecutor$Worker.run(Unknown Source)
	at java.lang.Thread.run(Unknown Source)
]]>
    </failure>
  </testcase> <!-- testMethod1 -->
  <testcase name="testMethod1" time="32.697" classname="prerate.prerateTestNGSlow">
    <failure type="java.lang.AssertionError" message="Failed selecting dropdown menu...">
      <![CDATA[java.lang.AssertionError: Failed selecting dropdown menu...
	at org.testng.Assert.fail(Assert.java:93)
	at prerate.prerateTestNGSlow.doPrerate(prerateTestNGSlow.java:1012)
	at prerate.prerateTestNGSlow.testMethod1(prerateTestNGSlow.java:540)
	at sun.reflect.NativeMethodAccessorImpl.invoke0(Native Method)
	at sun.reflect.NativeMethodAccessorImpl.invoke(Unknown Source)
	at sun.reflect.DelegatingMethodAccessorImpl.invoke(Unknown Source)
	at java.lang.reflect.Method.invoke(Unknown Source)
	at org.testng.internal.MethodInvocationHelper.invokeMethod(MethodInvocationHelper.java:108)
	at org.testng.internal.Invoker.invokeMethod(Invoker.java:661)
	at org.testng.internal.Invoker.invokeTestMethod(Invoker.java:869)
	at org.testng.internal.Invoker.invokeTestMethods(Invoker.java:1193)
	at org.testng.internal.TestMethodWorker.invokeTestMethods(TestMethodWorker.java:126)
	at org.testng.internal.TestMethodWorker.run(TestMethodWorker.java:109)
	at java.util.concurrent.ThreadPoolExecutor.runWorker(Unknown Source)
	at java.util.concurrent.ThreadPoolExecutor$Worker.run(Unknown Source)
	at java.lang.Thread.run(Unknown Source)
]]>
    </failure>
  </testcase> <!-- testMethod1 -->
  <testcase name="testMethod1" time="63.407" classname="prerate.prerateTestNGSlow">
    <failure type="java.lang.AssertionError" message="Technical Error Occurred in Edits; Try again ,6713,7169">
      <![CDATA[java.lang.AssertionError: Technical Error Occurred in Edits; Try again ,6713,7169
	at org.testng.Assert.fail(Assert.java:93)
	at prerate.prerateTestNGSlow.doPrerate(prerateTestNGSlow.java:1204)
	at prerate.prerateTestNGSlow.testMethod1(prerateTestNGSlow.java:540)
	at sun.reflect.NativeMethodAccessorImpl.invoke0(Native Method)
	at sun.reflect.NativeMethodAccessorImpl.invoke(Unknown Source)
	at sun.reflect.DelegatingMethodAccessorImpl.invoke(Unknown Source)
	at java.lang.reflect.Method.invoke(Unknown Source)
	at org.testng.internal.MethodInvocationHelper.invokeMethod(MethodInvocationHelper.java:108)
	at org.testng.internal.Invoker.invokeMethod(Invoker.java:661)
	at org.testng.internal.Invoker.invokeTestMethod(Invoker.java:869)
	at org.testng.internal.Invoker.invokeTestMethods(Invoker.java:1193)
	at org.testng.internal.TestMethodWorker.invokeTestMethods(TestMethodWorker.java:126)
	at org.testng.internal.TestMethodWorker.run(TestMethodWorker.java:109)
	at java.util.concurrent.ThreadPoolExecutor.runWorker(Unknown Source)
	at java.util.concurrent.ThreadPoolExecutor$Worker.run(Unknown Source)
	at java.lang.Thread.run(Unknown Source)
]]>
    </failure>
  </testcase> <!-- testMethod1 -->
  <testcase name="testMethod1" time="32.220" classname="prerate.prerateTestNGSlow">
    <failure type="java.lang.AssertionError" message="Failed selecting dropdown menu...">
      <![CDATA[java.lang.AssertionError: Failed selecting dropdown menu...
	at org.testng.Assert.fail(Assert.java:93)
	at prerate.prerateTestNGSlow.doPrerate(prerateTestNGSlow.java:1012)
	at prerate.prerateTestNGSlow.testMethod1(prerateTestNGSlow.java:540)
	at sun.reflect.GeneratedMethodAccessor8.invoke(Unknown Source)
	at sun.reflect.DelegatingMethodAccessorImpl.invoke(Unknown Source)
	at java.lang.reflect.Method.invoke(Unknown Source)
	at org.testng.internal.MethodInvocationHelper.invokeMethod(MethodInvocationHelper.java:108)
	at org.testng.internal.Invoker.invokeMethod(Invoker.java:661)
	at org.testng.internal.Invoker.invokeTestMethod(Invoker.java:869)
	at org.testng.internal.Invoker.invokeTestMethods(Invoker.java:1193)
	at org.testng.internal.TestMethodWorker.invokeTestMethods(TestMethodWorker.java:126)
	at org.testng.internal.TestMethodWorker.run(TestMethodWorker.java:109)
	at java.util.concurrent.ThreadPoolExecutor.runWorker(Unknown Source)
	at java.util.concurrent.ThreadPoolExecutor$Worker.run(Unknown Source)
	at java.lang.Thread.run(Unknown Source)
]]>
    </failure>
  </testcase> <!-- testMethod1 -->
  <testcase name="testMethod1" time="29.045" classname="prerate.prerateTestNGSlow"/>
  <testcase name="testMethod1" time="72.697" classname="prerate.prerateTestNGSlow">
    <failure type="java.lang.AssertionError" message="Sum of Charge Details does not equal Payment Total Amount">
      <![CDATA[java.lang.AssertionError: Sum of Charge Details does not equal Payment Total Amount
	at org.testng.Assert.fail(Assert.java:93)
	at prerate.prerateTestNGSlow.doPrerate(prerateTestNGSlow.java:1240)
	at prerate.prerateTestNGSlow.testMethod1(prerateTestNGSlow.java:540)
	at sun.reflect.NativeMethodAccessorImpl.invoke0(Native Method)
	at sun.reflect.NativeMethodAccessorImpl.invoke(Unknown Source)
	at sun.reflect.DelegatingMethodAccessorImpl.invoke(Unknown Source)
	at java.lang.reflect.Method.invoke(Unknown Source)
	at org.testng.internal.MethodInvocationHelper.invokeMethod(MethodInvocationHelper.java:108)
	at org.testng.internal.Invoker.invokeMethod(Invoker.java:661)
	at org.testng.internal.Invoker.invokeTestMethod(Invoker.java:869)
	at org.testng.internal.Invoker.invokeTestMethods(Invoker.java:1193)
	at org.testng.internal.TestMethodWorker.invokeTestMethods(TestMethodWorker.java:126)
	at org.testng.internal.TestMethodWorker.run(TestMethodWorker.java:109)
	at java.util.concurrent.ThreadPoolExecutor.runWorker(Unknown Source)
	at java.util.concurrent.ThreadPoolExecutor$Worker.run(Unknown Source)
	at java.lang.Thread.run(Unknown Source)
]]>
    </failure>
  </testcase> <!-- testMethod1 -->
  <testcase name="testMethod1" time="72.021" classname="prerate.prerateTestNGSlow"/>
  <testcase name="testMethod4" time="0.000" classname="prerate.prerateTestNGSlow">
>>>>>>> branch 'master' of https://github.com/5194105/Master-GUI.git
    <error type="org.testng.TestNGException" message="
<<<<<<< HEAD
>>>>>>> branch 'master' of https://github.com/5194105/Master-GUI.git
Data Provider public synchronized java.lang.Object[][] prerate.prerateTestNGSlow.dataProviderMethod3() returned a null value">
<<<<<<< HEAD
      <![CDATA[org.testng.TestNGException: 
=======
=======
Data Provider public synchronized java.lang.Object[][] prerate.prerateTestNGSlow.dataProviderMethod4() must return either Object[][] or Iterator&lt;Object&gt;[], not class [[Ljava.lang.Object;">
>>>>>>> branch 'master' of https://github.com/5194105/Master-GUI.git
      <![CDATA[org.testng.TestNGException: 
<<<<<<< HEAD
>>>>>>> branch 'master' of https://github.com/5194105/Master-GUI.git
Data Provider public synchronized java.lang.Object[][] prerate.prerateTestNGSlow.dataProviderMethod3() returned a null value
at org.testng.internal.MethodInvocationHelper.invokeDataProvider(MethodInvocationHelper.java:150)
at org.testng.internal.Parameters.handleParameters(Parameters.java:797)
at org.testng.internal.Parameters.handleParameters(Parameters.java:740)
at org.testng.internal.ParameterHandler.handleParameters(ParameterHandler.java:59)
at org.testng.internal.ParameterHandler.createParameters(ParameterHandler.java:38)
at org.testng.internal.TestInvoker$MethodInvocationAgent.invoke(TestInvoker.java:788)
at org.testng.internal.TestInvoker.invokeTestMethods(TestInvoker.java:147)
at org.testng.internal.TestMethodWorker.invokeTestMethods(TestMethodWorker.java:146)
at org.testng.internal.TestMethodWorker.run(TestMethodWorker.java:128)
at java.util.concurrent.ThreadPoolExecutor.runWorker(Unknown Source)
at java.util.concurrent.ThreadPoolExecutor$Worker.run(Unknown Source)
at java.lang.Thread.run(Unknown Source)
]]>
    </error>
  </testcase> <!-- testMethod3 -->
  <system-out/>
<<<<<<< HEAD
  <testcase name="testMethod1" time="1.327" classname="prerate.prerateTestNGSlow"/>
=======
<<<<<<< HEAD
  <testcase name="testMethod1" time="42.678" classname="prerate.prerateTestNGSlow">
    <failure type="java.lang.AssertionError" message="Override Disabled.">
      <![CDATA[java.lang.AssertionError: Override Disabled.
=======
  <testcase name="testMethod1" time="0.796" classname="prerate.prerateTestNGSlow"/>
>>>>>>> branch 'master' of https://github.com/5194105/Master-GUI.git
  <system-out/>
<<<<<<< HEAD
  <testcase name="testMethod1" time="52.966" classname="prerate.prerateTestNGSlow"/>
=======
  <testcase name="testMethod1" time="66.234" classname="prerate.prerateTestNGSlow">
    <failure type="java.lang.AssertionError" message="Technical Error Occurred in Edits; Try again ,3334">
      <![CDATA[java.lang.AssertionError: Technical Error Occurred in Edits; Try again ,3334
>>>>>>> branch 'master' of https://github.com/5194105/Master-GUI.git
at org.testng.Assert.fail(Assert.java:97)
<<<<<<< HEAD
at prerate.prerateTestNGSlow.doPrerate(prerateTestNGSlow.java:1026)
=======
at prerate.prerateTestNGSlow.doPrerate(prerateTestNGSlow.java:1093)
at prerate.prerateTestNGSlow.testMethod1(prerateTestNGSlow.java:536)
at sun.reflect.GeneratedMethodAccessor2.invoke(Unknown Source)
at sun.reflect.DelegatingMethodAccessorImpl.invoke(DelegatingMethodAccessorImpl.java:43)
at java.lang.reflect.Method.invoke(Method.java:498)
at org.testng.internal.MethodInvocationHelper.invokeMethod(MethodInvocationHelper.java:135)
at org.testng.internal.TestInvoker.invokeMethod(TestInvoker.java:598)
at org.testng.internal.TestInvoker.invokeTestMethod(TestInvoker.java:174)
at org.testng.internal.MethodRunner.runInSequence(MethodRunner.java:46)
at org.testng.internal.TestInvoker$MethodInvocationAgent.invoke(TestInvoker.java:821)
at org.testng.internal.TestInvoker.invokeTestMethods(TestInvoker.java:147)
at org.testng.internal.TestMethodWorker.invokeTestMethods(TestMethodWorker.java:146)
at org.testng.internal.TestMethodWorker.run(TestMethodWorker.java:128)
at java.util.concurrent.ThreadPoolExecutor.runWorker(ThreadPoolExecutor.java:1149)
at java.util.concurrent.ThreadPoolExecutor$Worker.run(ThreadPoolExecutor.java:624)
at java.lang.Thread.run(Thread.java:748)
]]>
    </failure>
  </testcase> <!-- testMethod1 -->
>>>>>>> branch 'master' of https://github.com/5194105/Master-GUI.git
  <system-out/>
  <testcase name="testMethod1" time="52.436" classname="prerate.prerateTestNGSlow"/>
  <system-out/>
  <testcase name="testMethod1" time="49.777" classname="prerate.prerateTestNGSlow"/>
  <system-out/>
  <testcase name="testMethod1" time="48.887" classname="prerate.prerateTestNGSlow"/>
  <system-out/>
  <testcase name="testMethod1" time="47.336" classname="prerate.prerateTestNGSlow"/>
  <system-out/>
  <testcase name="testMethod1" time="50.224" classname="prerate.prerateTestNGSlow"/>
  <system-out/>
  <testcase name="testMethod1" time="49.788" classname="prerate.prerateTestNGSlow"/>
  <system-out/>
  <testcase name="testMethod1" time="51.170" classname="prerate.prerateTestNGSlow"/>
  <system-out/>
  <testcase name="testMethod1" time="1.109" classname="prerate.prerateTestNGSlow"/>
  <system-out/>
  <testcase name="testMethod1" time="59.421" classname="prerate.prerateTestNGSlow">
    <failure type="java.lang.AssertionError" message="Technical Error Occurred in Edits; Try again ,6715">
      <![CDATA[java.lang.AssertionError: Technical Error Occurred in Edits; Try again ,6715
at org.testng.Assert.fail(Assert.java:97)
<<<<<<< HEAD
at prerate.prerateTestNGSlow.doPrerate(prerateTestNGSlow.java:1204)
at prerate.prerateTestNGSlow.testMethod1(prerateTestNGSlow.java:540)
=======
at prerate.prerateTestNGSlow.doPrerate(prerateTestNGSlow.java:1093)
>>>>>>> branch 'master' of https://github.com/5194105/Master-GUI.git
at prerate.prerateTestNGSlow.testMethod1(prerateTestNGSlow.java:536)
<<<<<<< HEAD
>>>>>>> branch 'master' of https://github.com/5194105/Master-GUI.git
at sun.reflect.GeneratedMethodAccessor8.invoke(Unknown Source)
at sun.reflect.DelegatingMethodAccessorImpl.invoke(Unknown Source)
at java.lang.reflect.Method.invoke(Unknown Source)
<<<<<<< HEAD
=======
=======
at sun.reflect.NativeMethodAccessorImpl.invoke0(Native Method)
at sun.reflect.NativeMethodAccessorImpl.invoke(NativeMethodAccessorImpl.java:62)
at sun.reflect.DelegatingMethodAccessorImpl.invoke(DelegatingMethodAccessorImpl.java:43)
at java.lang.reflect.Method.invoke(Method.java:498)
>>>>>>> branch 'master' of https://github.com/5194105/Master-GUI.git
>>>>>>> branch 'master' of https://github.com/5194105/Master-GUI.git
at org.testng.internal.MethodInvocationHelper.invokeMethod(MethodInvocationHelper.java:135)
at org.testng.internal.TestInvoker.invokeMethod(TestInvoker.java:598)
at org.testng.internal.TestInvoker.invokeTestMethod(TestInvoker.java:174)
at org.testng.internal.MethodRunner.runInSequence(MethodRunner.java:46)
at org.testng.internal.TestInvoker$MethodInvocationAgent.invoke(TestInvoker.java:821)
at org.testng.internal.TestInvoker.invokeTestMethods(TestInvoker.java:147)
at org.testng.internal.TestMethodWorker.invokeTestMethods(TestMethodWorker.java:146)
at org.testng.internal.TestMethodWorker.run(TestMethodWorker.java:128)
at java.util.concurrent.ThreadPoolExecutor.runWorker(Unknown Source)
at java.util.concurrent.ThreadPoolExecutor$Worker.run(Unknown Source)
at java.lang.Thread.run(Unknown Source)
]]>
    </failure>
  </testcase> <!-- testMethod1 -->
  <system-out/>
<<<<<<< HEAD
  <testcase name="testMethod1" time="53.472" classname="prerate.prerateTestNGSlow"/>
=======
<<<<<<< HEAD
  <testcase name="testMethod1" time="1.946" classname="prerate.prerateTestNGSlow"/>
>>>>>>> branch 'master' of https://github.com/5194105/Master-GUI.git
  <system-out/>
<<<<<<< HEAD
  <testcase name="testMethod1" time="52.969" classname="prerate.prerateTestNGSlow"/>
=======
  <testcase name="testMethod1" time="45.175" classname="prerate.prerateTestNGSlow">
    <failure type="java.lang.AssertionError" message="Override Disabled.">
      <![CDATA[java.lang.AssertionError: Override Disabled.
=======
  <testcase name="testMethod1" time="0.812" classname="prerate.prerateTestNGSlow"/>
>>>>>>> branch 'master' of https://github.com/5194105/Master-GUI.git
  <system-out/>
  <testcase name="testMethod1" time="34.121" classname="prerate.prerateTestNGSlow">
    <failure type="java.lang.AssertionError" message="Failed selecting dropdown menu...">
      <![CDATA[java.lang.AssertionError: Failed selecting dropdown menu...
<<<<<<< HEAD
=======
>>>>>>> branch 'master' of https://github.com/5194105/Master-GUI.git
>>>>>>> branch 'master' of https://github.com/5194105/Master-GUI.git
at org.testng.Assert.fail(Assert.java:97)
<<<<<<< HEAD
at prerate.prerateTestNGSlow.doPrerate(prerateTestNGSlow.java:1012)
at prerate.prerateTestNGSlow.testMethod1(prerateTestNGSlow.java:540)
=======
at prerate.prerateTestNGSlow.doPrerate(prerateTestNGSlow.java:1026)
at prerate.prerateTestNGSlow.testMethod1(prerateTestNGSlow.java:536)
<<<<<<< HEAD
>>>>>>> branch 'master' of https://github.com/5194105/Master-GUI.git
at sun.reflect.GeneratedMethodAccessor8.invoke(Unknown Source)
at sun.reflect.DelegatingMethodAccessorImpl.invoke(Unknown Source)
at java.lang.reflect.Method.invoke(Unknown Source)
<<<<<<< HEAD
=======
=======
at sun.reflect.GeneratedMethodAccessor2.invoke(Unknown Source)
at sun.reflect.DelegatingMethodAccessorImpl.invoke(DelegatingMethodAccessorImpl.java:43)
at java.lang.reflect.Method.invoke(Method.java:498)
>>>>>>> branch 'master' of https://github.com/5194105/Master-GUI.git
at org.testng.internal.MethodInvocationHelper.invokeMethod(MethodInvocationHelper.java:135)
at org.testng.internal.TestInvoker.invokeMethod(TestInvoker.java:598)
at org.testng.internal.TestInvoker.invokeTestMethod(TestInvoker.java:174)
at org.testng.internal.MethodRunner.runInSequence(MethodRunner.java:46)
at org.testng.internal.TestInvoker$MethodInvocationAgent.invoke(TestInvoker.java:821)
at org.testng.internal.TestInvoker.invokeTestMethods(TestInvoker.java:147)
at org.testng.internal.TestMethodWorker.invokeTestMethods(TestMethodWorker.java:146)
at org.testng.internal.TestMethodWorker.run(TestMethodWorker.java:128)
at java.util.concurrent.ThreadPoolExecutor.runWorker(Unknown Source)
at java.util.concurrent.ThreadPoolExecutor$Worker.run(Unknown Source)
at java.lang.Thread.run(Unknown Source)
]]>
    </failure>
  </testcase> <!-- testMethod1 -->
  <system-out/>
<<<<<<< HEAD
  <testcase name="testMethod1" time="48.803" classname="prerate.prerateTestNGSlow"/>
=======
  <testcase name="testMethod1" time="48.021" classname="prerate.prerateTestNGSlow">
    <failure type="java.lang.AssertionError" message="Override Disabled.">
      <![CDATA[java.lang.AssertionError: Override Disabled.
at org.testng.Assert.fail(Assert.java:97)
at prerate.prerateTestNGSlow.doPrerate(prerateTestNGSlow.java:1026)
at prerate.prerateTestNGSlow.testMethod1(prerateTestNGSlow.java:536)
at sun.reflect.NativeMethodAccessorImpl.invoke0(Native Method)
at sun.reflect.NativeMethodAccessorImpl.invoke(NativeMethodAccessorImpl.java:62)
at sun.reflect.DelegatingMethodAccessorImpl.invoke(DelegatingMethodAccessorImpl.java:43)
at java.lang.reflect.Method.invoke(Method.java:498)
>>>>>>> branch 'master' of https://github.com/5194105/Master-GUI.git
at org.testng.internal.MethodInvocationHelper.invokeMethod(MethodInvocationHelper.java:135)
at org.testng.internal.TestInvoker.invokeMethod(TestInvoker.java:598)
at org.testng.internal.TestInvoker.invokeTestMethod(TestInvoker.java:174)
at org.testng.internal.MethodRunner.runInSequence(MethodRunner.java:46)
at org.testng.internal.TestInvoker$MethodInvocationAgent.invoke(TestInvoker.java:821)
at org.testng.internal.TestInvoker.invokeTestMethods(TestInvoker.java:147)
at org.testng.internal.TestMethodWorker.invokeTestMethods(TestMethodWorker.java:146)
at org.testng.internal.TestMethodWorker.run(TestMethodWorker.java:128)
at java.util.concurrent.ThreadPoolExecutor.runWorker(ThreadPoolExecutor.java:1149)
at java.util.concurrent.ThreadPoolExecutor$Worker.run(ThreadPoolExecutor.java:624)
at java.lang.Thread.run(Thread.java:748)
]]>
    </failure>
  </testcase> <!-- testMethod1 -->
>>>>>>> branch 'master' of https://github.com/5194105/Master-GUI.git
  <system-out/>
<<<<<<< HEAD
  <testcase name="testMethod1" time="1.218" classname="prerate.prerateTestNGSlow"/>
=======
<<<<<<< HEAD
  <testcase name="testMethod1" time="52.123" classname="prerate.prerateTestNGSlow"/>
>>>>>>> branch 'master' of https://github.com/5194105/Master-GUI.git
  <system-out/>
<<<<<<< HEAD
  <testcase name="testMethod1" time="26.160" classname="prerate.prerateTestNGSlow"/>
  <system-out/>
  <testcase name="testMethod1" time="49.345" classname="prerate.prerateTestNGSlow"/>
  <system-out/>
  <testcase name="testMethod1" time="48.991" classname="prerate.prerateTestNGSlow"/>
  <system-out/>
  <testcase name="testMethod1" time="25.056" classname="prerate.prerateTestNGSlow"/>
  <system-out/>
  <testcase name="testMethod1" time="49.296" classname="prerate.prerateTestNGSlow"/>
  <system-out/>
  <testcase name="testMethod1" time="34.428" classname="prerate.prerateTestNGSlow">
=======
  <testcase name="testMethod1" time="35.544" classname="prerate.prerateTestNGSlow">
=======
  <testcase name="testMethod1" time="32.803" classname="prerate.prerateTestNGSlow">
>>>>>>> branch 'master' of https://github.com/5194105/Master-GUI.git
>>>>>>> branch 'master' of https://github.com/5194105/Master-GUI.git
    <failure type="java.lang.AssertionError" message="Failed selecting dropdown menu...">
      <![CDATA[java.lang.AssertionError: Failed selecting dropdown menu...
at org.testng.Assert.fail(Assert.java:97)
<<<<<<< HEAD
at prerate.prerateTestNGSlow.doPrerate(prerateTestNGSlow.java:1012)
at prerate.prerateTestNGSlow.testMethod1(prerateTestNGSlow.java:540)
=======
at prerate.prerateTestNGSlow.doPrerate(prerateTestNGSlow.java:909)
at prerate.prerateTestNGSlow.testMethod1(prerateTestNGSlow.java:536)
<<<<<<< HEAD
>>>>>>> branch 'master' of https://github.com/5194105/Master-GUI.git
at sun.reflect.GeneratedMethodAccessor8.invoke(Unknown Source)
at sun.reflect.DelegatingMethodAccessorImpl.invoke(Unknown Source)
at java.lang.reflect.Method.invoke(Unknown Source)
<<<<<<< HEAD
=======
=======
at sun.reflect.GeneratedMethodAccessor2.invoke(Unknown Source)
at sun.reflect.DelegatingMethodAccessorImpl.invoke(DelegatingMethodAccessorImpl.java:43)
at java.lang.reflect.Method.invoke(Method.java:498)
>>>>>>> branch 'master' of https://github.com/5194105/Master-GUI.git
at org.testng.internal.MethodInvocationHelper.invokeMethod(MethodInvocationHelper.java:135)
at org.testng.internal.TestInvoker.invokeMethod(TestInvoker.java:598)
at org.testng.internal.TestInvoker.invokeTestMethod(TestInvoker.java:174)
at org.testng.internal.MethodRunner.runInSequence(MethodRunner.java:46)
at org.testng.internal.TestInvoker$MethodInvocationAgent.invoke(TestInvoker.java:821)
at org.testng.internal.TestInvoker.invokeTestMethods(TestInvoker.java:147)
at org.testng.internal.TestMethodWorker.invokeTestMethods(TestMethodWorker.java:146)
at org.testng.internal.TestMethodWorker.run(TestMethodWorker.java:128)
at java.util.concurrent.ThreadPoolExecutor.runWorker(Unknown Source)
at java.util.concurrent.ThreadPoolExecutor$Worker.run(Unknown Source)
at java.lang.Thread.run(Unknown Source)
]]>
    </failure>
  </testcase> <!-- testMethod1 -->
  <system-out/>
  <testcase name="testMethod1" time="51.560" classname="prerate.prerateTestNGSlow"/>
  <system-out/>
  <testcase name="testMethod1" time="27.473" classname="prerate.prerateTestNGSlow"/>
  <system-out/>
  <testcase name="testMethod1" time="48.163" classname="prerate.prerateTestNGSlow"/>
  <system-out/>
<<<<<<< HEAD
  <testcase name="testMethod1" time="49.726" classname="prerate.prerateTestNGSlow"/>
=======
  <testcase name="testMethod1" time="32.111" classname="prerate.prerateTestNGSlow">
    <failure type="java.lang.AssertionError" message="Failed selecting dropdown menu...">
      <![CDATA[java.lang.AssertionError: Failed selecting dropdown menu...
at org.testng.Assert.fail(Assert.java:97)
at prerate.prerateTestNGSlow.doPrerate(prerateTestNGSlow.java:909)
at prerate.prerateTestNGSlow.testMethod1(prerateTestNGSlow.java:536)
at sun.reflect.GeneratedMethodAccessor2.invoke(Unknown Source)
at sun.reflect.DelegatingMethodAccessorImpl.invoke(DelegatingMethodAccessorImpl.java:43)
at java.lang.reflect.Method.invoke(Method.java:498)
>>>>>>> branch 'master' of https://github.com/5194105/Master-GUI.git
at org.testng.internal.MethodInvocationHelper.invokeMethod(MethodInvocationHelper.java:135)
at org.testng.internal.TestInvoker.invokeMethod(TestInvoker.java:598)
at org.testng.internal.TestInvoker.invokeTestMethod(TestInvoker.java:174)
at org.testng.internal.MethodRunner.runInSequence(MethodRunner.java:46)
at org.testng.internal.TestInvoker$MethodInvocationAgent.invoke(TestInvoker.java:821)
at org.testng.internal.TestInvoker.invokeTestMethods(TestInvoker.java:147)
at org.testng.internal.TestMethodWorker.invokeTestMethods(TestMethodWorker.java:146)
at org.testng.internal.TestMethodWorker.run(TestMethodWorker.java:128)
at java.util.concurrent.ThreadPoolExecutor.runWorker(ThreadPoolExecutor.java:1149)
at java.util.concurrent.ThreadPoolExecutor$Worker.run(ThreadPoolExecutor.java:624)
at java.lang.Thread.run(Thread.java:748)
]]>
    </failure>
  </testcase> <!-- testMethod1 -->
>>>>>>> branch 'master' of https://github.com/5194105/Master-GUI.git
  <system-out/>
  <testcase name="testMethod1" time="48.568" classname="prerate.prerateTestNGSlow"/>
  <system-out/>
  <testcase name="testMethod1" time="48.772" classname="prerate.prerateTestNGSlow"/>
  <system-out/>
  <testcase name="testMethod1" time="28.351" classname="prerate.prerateTestNGSlow"/>
  <system-out/>
  <testcase name="testMethod1" time="50.416" classname="prerate.prerateTestNGSlow"/>
  <system-out/>
  <testcase name="testMethod1" time="25.545" classname="prerate.prerateTestNGSlow"/>
  <system-out/>
  <testcase name="testMethod1" time="25.193" classname="prerate.prerateTestNGSlow"/>
  <system-out/>
  <testcase name="testMethod1" time="73.354" classname="prerate.prerateTestNGSlow">
    <failure type="java.lang.AssertionError" message="Sum of Charge Details does not equal Payment Total Amount">
      <![CDATA[java.lang.AssertionError: Sum of Charge Details does not equal Payment Total Amount
at org.testng.Assert.fail(Assert.java:97)
at prerate.prerateTestNGSlow.doPrerate(prerateTestNGSlow.java:1240)
at prerate.prerateTestNGSlow.testMethod1(prerateTestNGSlow.java:540)
at sun.reflect.NativeMethodAccessorImpl.invoke0(Native Method)
at sun.reflect.NativeMethodAccessorImpl.invoke(Unknown Source)
at sun.reflect.DelegatingMethodAccessorImpl.invoke(Unknown Source)
at java.lang.reflect.Method.invoke(Unknown Source)
at org.testng.internal.MethodInvocationHelper.invokeMethod(MethodInvocationHelper.java:135)
at org.testng.internal.TestInvoker.invokeMethod(TestInvoker.java:598)
at org.testng.internal.TestInvoker.invokeTestMethod(TestInvoker.java:174)
at org.testng.internal.MethodRunner.runInSequence(MethodRunner.java:46)
at org.testng.internal.TestInvoker$MethodInvocationAgent.invoke(TestInvoker.java:821)
at org.testng.internal.TestInvoker.invokeTestMethods(TestInvoker.java:147)
at org.testng.internal.TestMethodWorker.invokeTestMethods(TestMethodWorker.java:146)
at org.testng.internal.TestMethodWorker.run(TestMethodWorker.java:128)
at java.util.concurrent.ThreadPoolExecutor.runWorker(Unknown Source)
at java.util.concurrent.ThreadPoolExecutor$Worker.run(Unknown Source)
at java.lang.Thread.run(Unknown Source)
]]>
    </failure>
  </testcase> <!-- testMethod1 -->
  <system-out/>
  <testcase name="testMethod1" time="52.477" classname="prerate.prerateTestNGSlow"/>
  <system-out/>
<<<<<<< HEAD
  <testcase name="testMethod1" time="31.146" classname="prerate.prerateTestNGSlow">
=======
  <testcase name="testMethod1" time="61.938" classname="prerate.prerateTestNGSlow">
    <failure type="java.lang.AssertionError" message="Technical Error Occurred in Edits; Try again ,3334">
      <![CDATA[java.lang.AssertionError: Technical Error Occurred in Edits; Try again ,3334
at org.testng.Assert.fail(Assert.java:97)
at prerate.prerateTestNGSlow.doPrerate(prerateTestNGSlow.java:1093)
at prerate.prerateTestNGSlow.testMethod1(prerateTestNGSlow.java:536)
at sun.reflect.GeneratedMethodAccessor2.invoke(Unknown Source)
at sun.reflect.DelegatingMethodAccessorImpl.invoke(DelegatingMethodAccessorImpl.java:43)
at java.lang.reflect.Method.invoke(Method.java:498)
at org.testng.internal.MethodInvocationHelper.invokeMethod(MethodInvocationHelper.java:135)
at org.testng.internal.TestInvoker.invokeMethod(TestInvoker.java:598)
at org.testng.internal.TestInvoker.invokeTestMethod(TestInvoker.java:174)
at org.testng.internal.MethodRunner.runInSequence(MethodRunner.java:46)
at org.testng.internal.TestInvoker$MethodInvocationAgent.invoke(TestInvoker.java:821)
at org.testng.internal.TestInvoker.invokeTestMethods(TestInvoker.java:147)
at org.testng.internal.TestMethodWorker.invokeTestMethods(TestMethodWorker.java:146)
at org.testng.internal.TestMethodWorker.run(TestMethodWorker.java:128)
at java.util.concurrent.ThreadPoolExecutor.runWorker(ThreadPoolExecutor.java:1149)
at java.util.concurrent.ThreadPoolExecutor$Worker.run(ThreadPoolExecutor.java:624)
at java.lang.Thread.run(Thread.java:748)
]]>
    </failure>
  </testcase> <!-- testMethod1 -->
  <system-out/>
  <testcase name="testMethod1" time="52.318" classname="prerate.prerateTestNGSlow"/>
  <system-out/>
  <testcase name="testMethod2" time="0.000" classname="prerate.prerateTestNGSlow">
=======
Data Provider public synchronized java.lang.Object[][] prerate.prerateTestNGSlow.dataProviderMethod4() must return either Object[][] or Iterator<Object>[], not class [[Ljava.lang.Object;
	at org.testng.internal.MethodInvocationHelper.invokeDataProvider(MethodInvocationHelper.java:137)
	at org.testng.internal.Parameters.handleParameters(Parameters.java:509)
	at org.testng.internal.Invoker.handleParameters(Invoker.java:1308)
	at org.testng.internal.Invoker.createParameters(Invoker.java:1036)
	at org.testng.internal.Invoker.invokeTestMethods(Invoker.java:1126)
	at org.testng.internal.TestMethodWorker.invokeTestMethods(TestMethodWorker.java:126)
	at org.testng.internal.TestMethodWorker.run(TestMethodWorker.java:109)
	at java.util.concurrent.ThreadPoolExecutor.runWorker(Unknown Source)
	at java.util.concurrent.ThreadPoolExecutor$Worker.run(Unknown Source)
	at java.lang.Thread.run(Unknown Source)
]]>
    </error>
  </testcase> <!-- testMethod4 -->
  <testcase name="testMethod1" time="27.784" classname="prerate.prerateTestNGSlow"/>
  <testcase name="testMethod3" time="0.000" classname="prerate.prerateTestNGSlow">
>>>>>>> branch 'master' of https://github.com/5194105/Master-GUI.git
    <error type="org.testng.TestNGException" message="
<<<<<<< HEAD
Data Provider public synchronized java.lang.Object[][] prerate.prerateTestNGSlow.dataProviderMethod2() returned a null value">
=======
Data Provider public synchronized java.lang.Object[][] prerate.prerateTestNGSlow.dataProviderMethod3() must return either Object[][] or Iterator&lt;Object&gt;[], not class [[Ljava.lang.Object;">
>>>>>>> branch 'master' of https://github.com/5194105/Master-GUI.git
      <![CDATA[org.testng.TestNGException: 
<<<<<<< HEAD
Data Provider public synchronized java.lang.Object[][] prerate.prerateTestNGSlow.dataProviderMethod2() returned a null value
at org.testng.internal.MethodInvocationHelper.invokeDataProvider(MethodInvocationHelper.java:150)
at org.testng.internal.Parameters.handleParameters(Parameters.java:797)
at org.testng.internal.Parameters.handleParameters(Parameters.java:740)
at org.testng.internal.ParameterHandler.handleParameters(ParameterHandler.java:59)
at org.testng.internal.ParameterHandler.createParameters(ParameterHandler.java:38)
at org.testng.internal.TestInvoker$MethodInvocationAgent.invoke(TestInvoker.java:788)
at org.testng.internal.TestInvoker.invokeTestMethods(TestInvoker.java:147)
at org.testng.internal.TestMethodWorker.invokeTestMethods(TestMethodWorker.java:146)
at org.testng.internal.TestMethodWorker.run(TestMethodWorker.java:128)
at java.util.concurrent.ThreadPoolExecutor.runWorker(ThreadPoolExecutor.java:1149)
at java.util.concurrent.ThreadPoolExecutor$Worker.run(ThreadPoolExecutor.java:624)
at java.lang.Thread.run(Thread.java:748)
]]>
    </error>
  </testcase> <!-- testMethod2 -->
  <system-out/>
  <testcase name="testMethod1" time="44.186" classname="prerate.prerateTestNGSlow">
    <failure type="java.lang.AssertionError" message="Override Disabled.">
      <![CDATA[java.lang.AssertionError: Override Disabled.
at org.testng.Assert.fail(Assert.java:97)
at prerate.prerateTestNGSlow.doPrerate(prerateTestNGSlow.java:1026)
at prerate.prerateTestNGSlow.testMethod1(prerateTestNGSlow.java:536)
at sun.reflect.NativeMethodAccessorImpl.invoke0(Native Method)
at sun.reflect.NativeMethodAccessorImpl.invoke(NativeMethodAccessorImpl.java:62)
at sun.reflect.DelegatingMethodAccessorImpl.invoke(DelegatingMethodAccessorImpl.java:43)
at java.lang.reflect.Method.invoke(Method.java:498)
at org.testng.internal.MethodInvocationHelper.invokeMethod(MethodInvocationHelper.java:135)
at org.testng.internal.TestInvoker.invokeMethod(TestInvoker.java:598)
at org.testng.internal.TestInvoker.invokeTestMethod(TestInvoker.java:174)
at org.testng.internal.MethodRunner.runInSequence(MethodRunner.java:46)
at org.testng.internal.TestInvoker$MethodInvocationAgent.invoke(TestInvoker.java:821)
at org.testng.internal.TestInvoker.invokeTestMethods(TestInvoker.java:147)
at org.testng.internal.TestMethodWorker.invokeTestMethods(TestMethodWorker.java:146)
at org.testng.internal.TestMethodWorker.run(TestMethodWorker.java:128)
at java.util.concurrent.ThreadPoolExecutor.runWorker(ThreadPoolExecutor.java:1149)
at java.util.concurrent.ThreadPoolExecutor$Worker.run(ThreadPoolExecutor.java:624)
at java.lang.Thread.run(Thread.java:748)
]]>
    </failure>
  </testcase> <!-- testMethod1 -->
  <system-out/>
  <testcase name="testMethod1" time="64.843" classname="prerate.prerateTestNGSlow">
    <failure type="java.lang.AssertionError" message="Technical Error Occurred in Edits; Try again ,6713">
      <![CDATA[java.lang.AssertionError: Technical Error Occurred in Edits; Try again ,6713
at org.testng.Assert.fail(Assert.java:97)
at prerate.prerateTestNGSlow.doPrerate(prerateTestNGSlow.java:1093)
at prerate.prerateTestNGSlow.testMethod1(prerateTestNGSlow.java:536)
at sun.reflect.NativeMethodAccessorImpl.invoke0(Native Method)
at sun.reflect.NativeMethodAccessorImpl.invoke(NativeMethodAccessorImpl.java:62)
at sun.reflect.DelegatingMethodAccessorImpl.invoke(DelegatingMethodAccessorImpl.java:43)
at java.lang.reflect.Method.invoke(Method.java:498)
at org.testng.internal.MethodInvocationHelper.invokeMethod(MethodInvocationHelper.java:135)
at org.testng.internal.TestInvoker.invokeMethod(TestInvoker.java:598)
at org.testng.internal.TestInvoker.invokeTestMethod(TestInvoker.java:174)
at org.testng.internal.MethodRunner.runInSequence(MethodRunner.java:46)
at org.testng.internal.TestInvoker$MethodInvocationAgent.invoke(TestInvoker.java:821)
at org.testng.internal.TestInvoker.invokeTestMethods(TestInvoker.java:147)
at org.testng.internal.TestMethodWorker.invokeTestMethods(TestMethodWorker.java:146)
at org.testng.internal.TestMethodWorker.run(TestMethodWorker.java:128)
at java.util.concurrent.ThreadPoolExecutor.runWorker(ThreadPoolExecutor.java:1149)
at java.util.concurrent.ThreadPoolExecutor$Worker.run(ThreadPoolExecutor.java:624)
at java.lang.Thread.run(Thread.java:748)
]]>
    </failure>
  </testcase> <!-- testMethod1 -->
  <system-out/>
  <testcase name="testMethod1" time="65.151" classname="prerate.prerateTestNGSlow">
    <failure type="java.lang.AssertionError" message="Technical Error Occurred in Edits; Try again ,3334">
      <![CDATA[java.lang.AssertionError: Technical Error Occurred in Edits; Try again ,3334
at org.testng.Assert.fail(Assert.java:97)
at prerate.prerateTestNGSlow.doPrerate(prerateTestNGSlow.java:1093)
at prerate.prerateTestNGSlow.testMethod1(prerateTestNGSlow.java:536)
at sun.reflect.GeneratedMethodAccessor2.invoke(Unknown Source)
at sun.reflect.DelegatingMethodAccessorImpl.invoke(DelegatingMethodAccessorImpl.java:43)
at java.lang.reflect.Method.invoke(Method.java:498)
at org.testng.internal.MethodInvocationHelper.invokeMethod(MethodInvocationHelper.java:135)
at org.testng.internal.TestInvoker.invokeMethod(TestInvoker.java:598)
at org.testng.internal.TestInvoker.invokeTestMethod(TestInvoker.java:174)
at org.testng.internal.MethodRunner.runInSequence(MethodRunner.java:46)
at org.testng.internal.TestInvoker$MethodInvocationAgent.invoke(TestInvoker.java:821)
at org.testng.internal.TestInvoker.invokeTestMethods(TestInvoker.java:147)
at org.testng.internal.TestMethodWorker.invokeTestMethods(TestMethodWorker.java:146)
at org.testng.internal.TestMethodWorker.run(TestMethodWorker.java:128)
at java.util.concurrent.ThreadPoolExecutor.runWorker(ThreadPoolExecutor.java:1149)
at java.util.concurrent.ThreadPoolExecutor$Worker.run(ThreadPoolExecutor.java:624)
at java.lang.Thread.run(Thread.java:748)
]]>
    </failure>
  </testcase> <!-- testMethod1 -->
  <system-out/>
  <testcase name="testMethod1" time="63.481" classname="prerate.prerateTestNGSlow">
    <failure type="java.lang.AssertionError" message="Technical Error Occurred in Edits; Try again ,6713,7169">
      <![CDATA[java.lang.AssertionError: Technical Error Occurred in Edits; Try again ,6713,7169
at org.testng.Assert.fail(Assert.java:97)
at prerate.prerateTestNGSlow.doPrerate(prerateTestNGSlow.java:1093)
at prerate.prerateTestNGSlow.testMethod1(prerateTestNGSlow.java:536)
at sun.reflect.NativeMethodAccessorImpl.invoke0(Native Method)
at sun.reflect.NativeMethodAccessorImpl.invoke(NativeMethodAccessorImpl.java:62)
at sun.reflect.DelegatingMethodAccessorImpl.invoke(DelegatingMethodAccessorImpl.java:43)
at java.lang.reflect.Method.invoke(Method.java:498)
at org.testng.internal.MethodInvocationHelper.invokeMethod(MethodInvocationHelper.java:135)
at org.testng.internal.TestInvoker.invokeMethod(TestInvoker.java:598)
at org.testng.internal.TestInvoker.invokeTestMethod(TestInvoker.java:174)
at org.testng.internal.MethodRunner.runInSequence(MethodRunner.java:46)
at org.testng.internal.TestInvoker$MethodInvocationAgent.invoke(TestInvoker.java:821)
at org.testng.internal.TestInvoker.invokeTestMethods(TestInvoker.java:147)
at org.testng.internal.TestMethodWorker.invokeTestMethods(TestMethodWorker.java:146)
at org.testng.internal.TestMethodWorker.run(TestMethodWorker.java:128)
at java.util.concurrent.ThreadPoolExecutor.runWorker(ThreadPoolExecutor.java:1149)
at java.util.concurrent.ThreadPoolExecutor$Worker.run(ThreadPoolExecutor.java:624)
at java.lang.Thread.run(Thread.java:748)
]]>
    </failure>
  </testcase> <!-- testMethod1 -->
  <system-out/>
  <testcase name="testMethod1" time="32.991" classname="prerate.prerateTestNGSlow">
>>>>>>> branch 'master' of https://github.com/5194105/Master-GUI.git
    <failure type="java.lang.AssertionError" message="Failed selecting dropdown menu...">
      <![CDATA[java.lang.AssertionError: Failed selecting dropdown menu...
at org.testng.Assert.fail(Assert.java:97)
at prerate.prerateTestNGSlow.doPrerate(prerateTestNGSlow.java:1012)
at prerate.prerateTestNGSlow.testMethod1(prerateTestNGSlow.java:540)
at sun.reflect.GeneratedMethodAccessor8.invoke(Unknown Source)
at sun.reflect.DelegatingMethodAccessorImpl.invoke(Unknown Source)
at java.lang.reflect.Method.invoke(Unknown Source)
at org.testng.internal.MethodInvocationHelper.invokeMethod(MethodInvocationHelper.java:135)
at org.testng.internal.TestInvoker.invokeMethod(TestInvoker.java:598)
at org.testng.internal.TestInvoker.invokeTestMethod(TestInvoker.java:174)
at org.testng.internal.MethodRunner.runInSequence(MethodRunner.java:46)
at org.testng.internal.TestInvoker$MethodInvocationAgent.invoke(TestInvoker.java:821)
at org.testng.internal.TestInvoker.invokeTestMethods(TestInvoker.java:147)
at org.testng.internal.TestMethodWorker.invokeTestMethods(TestMethodWorker.java:146)
at org.testng.internal.TestMethodWorker.run(TestMethodWorker.java:128)
at java.util.concurrent.ThreadPoolExecutor.runWorker(Unknown Source)
at java.util.concurrent.ThreadPoolExecutor$Worker.run(Unknown Source)
at java.lang.Thread.run(Unknown Source)
]]>
    </failure>
  </testcase> <!-- testMethod1 -->
  <system-out/>
  <testcase name="testMethod1" time="48.414" classname="prerate.prerateTestNGSlow"/>
  <system-out/>
  <testcase name="testMethod1" time="25.749" classname="prerate.prerateTestNGSlow"/>
  <system-out/>
  <testcase name="testMethod1" time="147.574" classname="prerate.prerateTestNGSlow"/>
  <system-out/>
  <testcase name="testMethod1" time="30.906" classname="prerate.prerateTestNGSlow"/>
  <system-out/>
  <testcase name="testMethod1" time="50.206" classname="prerate.prerateTestNGSlow"/>
  <system-out/>
  <testcase name="testMethod1" time="53.557" classname="prerate.prerateTestNGSlow"/>
  <system-out/>
  <testcase name="testMethod1" time="49.927" classname="prerate.prerateTestNGSlow"/>
  <system-out/>
  <testcase name="testMethod1" time="49.808" classname="prerate.prerateTestNGSlow"/>
  <system-out/>
  <testcase name="testMethod1" time="48.473" classname="prerate.prerateTestNGSlow"/>
  <system-out/>
  <testcase name="testMethod1" time="27.971" classname="prerate.prerateTestNGSlow"/>
  <system-out/>
  <testcase name="testMethod1" time="50.581" classname="prerate.prerateTestNGSlow"/>
  <system-out/>
  <testcase name="testMethod1" time="49.103" classname="prerate.prerateTestNGSlow"/>
  <system-out/>
  <testcase name="testMethod1" time="51.990" classname="prerate.prerateTestNGSlow"/>
  <system-out/>
  <testcase name="testMethod1" time="33.611" classname="prerate.prerateTestNGSlow">
    <failure type="java.lang.AssertionError" message="Failed selecting dropdown menu...">
      <![CDATA[java.lang.AssertionError: Failed selecting dropdown menu...
at org.testng.Assert.fail(Assert.java:97)
at prerate.prerateTestNGSlow.doPrerate(prerateTestNGSlow.java:1012)
at prerate.prerateTestNGSlow.testMethod1(prerateTestNGSlow.java:540)
at sun.reflect.GeneratedMethodAccessor8.invoke(Unknown Source)
at sun.reflect.DelegatingMethodAccessorImpl.invoke(Unknown Source)
at java.lang.reflect.Method.invoke(Unknown Source)
at org.testng.internal.MethodInvocationHelper.invokeMethod(MethodInvocationHelper.java:135)
at org.testng.internal.TestInvoker.invokeMethod(TestInvoker.java:598)
at org.testng.internal.TestInvoker.invokeTestMethod(TestInvoker.java:174)
at org.testng.internal.MethodRunner.runInSequence(MethodRunner.java:46)
at org.testng.internal.TestInvoker$MethodInvocationAgent.invoke(TestInvoker.java:821)
at org.testng.internal.TestInvoker.invokeTestMethods(TestInvoker.java:147)
at org.testng.internal.TestMethodWorker.invokeTestMethods(TestMethodWorker.java:146)
at org.testng.internal.TestMethodWorker.run(TestMethodWorker.java:128)
at java.util.concurrent.ThreadPoolExecutor.runWorker(Unknown Source)
at java.util.concurrent.ThreadPoolExecutor$Worker.run(Unknown Source)
at java.lang.Thread.run(Unknown Source)
]]>
    </failure>
  </testcase> <!-- testMethod1 -->
  <system-out/>
  <testcase name="testMethod1" time="53.663" classname="prerate.prerateTestNGSlow"/>
  <system-out/>
  <testcase name="testMethod1" time="51.976" classname="prerate.prerateTestNGSlow"/>
  <system-out/>
  <testcase name="testMethod1" time="38.018" classname="prerate.prerateTestNGSlow">
    <failure type="java.lang.AssertionError" message="Override Disabled.">
      <![CDATA[java.lang.AssertionError: Override Disabled.
at org.testng.Assert.fail(Assert.java:97)
at prerate.prerateTestNGSlow.doPrerate(prerateTestNGSlow.java:1135)
at prerate.prerateTestNGSlow.testMethod1(prerateTestNGSlow.java:540)
at sun.reflect.GeneratedMethodAccessor8.invoke(Unknown Source)
at sun.reflect.DelegatingMethodAccessorImpl.invoke(Unknown Source)
at java.lang.reflect.Method.invoke(Unknown Source)
at org.testng.internal.MethodInvocationHelper.invokeMethod(MethodInvocationHelper.java:135)
at org.testng.internal.TestInvoker.invokeMethod(TestInvoker.java:598)
at org.testng.internal.TestInvoker.invokeTestMethod(TestInvoker.java:174)
at org.testng.internal.MethodRunner.runInSequence(MethodRunner.java:46)
at org.testng.internal.TestInvoker$MethodInvocationAgent.invoke(TestInvoker.java:821)
at org.testng.internal.TestInvoker.invokeTestMethods(TestInvoker.java:147)
at org.testng.internal.TestMethodWorker.invokeTestMethods(TestMethodWorker.java:146)
at org.testng.internal.TestMethodWorker.run(TestMethodWorker.java:128)
at java.util.concurrent.ThreadPoolExecutor.runWorker(Unknown Source)
at java.util.concurrent.ThreadPoolExecutor$Worker.run(Unknown Source)
at java.lang.Thread.run(Unknown Source)
]]>
    </failure>
  </testcase> <!-- testMethod1 -->
  <system-out/>
  <testcase name="testMethod1" time="48.899" classname="prerate.prerateTestNGSlow"/>
  <system-out/>
  <testcase name="testMethod1" time="55.743" classname="prerate.prerateTestNGSlow"/>
  <system-out/>
  <testcase name="testMethod1" time="49.819" classname="prerate.prerateTestNGSlow"/>
  <system-out/>
  <testcase name="testMethod1" time="48.637" classname="prerate.prerateTestNGSlow"/>
  <system-out/>
  <testcase name="testMethod1" time="49.893" classname="prerate.prerateTestNGSlow"/>
  <system-out/>
  <testcase name="testMethod1" time="48.595" classname="prerate.prerateTestNGSlow"/>
  <system-out/>
  <testcase name="testMethod1" time="49.108" classname="prerate.prerateTestNGSlow"/>
  <system-out/>
  <testcase name="testMethod1" time="43.048" classname="prerate.prerateTestNGSlow">
    <failure type="java.lang.AssertionError" message="Override Disabled.">
      <![CDATA[java.lang.AssertionError: Override Disabled.
at org.testng.Assert.fail(Assert.java:97)
at prerate.prerateTestNGSlow.doPrerate(prerateTestNGSlow.java:1135)
at prerate.prerateTestNGSlow.testMethod1(prerateTestNGSlow.java:540)
at sun.reflect.GeneratedMethodAccessor8.invoke(Unknown Source)
at sun.reflect.DelegatingMethodAccessorImpl.invoke(Unknown Source)
at java.lang.reflect.Method.invoke(Unknown Source)
at org.testng.internal.MethodInvocationHelper.invokeMethod(MethodInvocationHelper.java:135)
at org.testng.internal.TestInvoker.invokeMethod(TestInvoker.java:598)
at org.testng.internal.TestInvoker.invokeTestMethod(TestInvoker.java:174)
at org.testng.internal.MethodRunner.runInSequence(MethodRunner.java:46)
at org.testng.internal.TestInvoker$MethodInvocationAgent.invoke(TestInvoker.java:821)
at org.testng.internal.TestInvoker.invokeTestMethods(TestInvoker.java:147)
at org.testng.internal.TestMethodWorker.invokeTestMethods(TestMethodWorker.java:146)
at org.testng.internal.TestMethodWorker.run(TestMethodWorker.java:128)
at java.util.concurrent.ThreadPoolExecutor.runWorker(Unknown Source)
at java.util.concurrent.ThreadPoolExecutor$Worker.run(Unknown Source)
at java.lang.Thread.run(Unknown Source)
]]>
    </failure>
  </testcase> <!-- testMethod1 -->
  <system-out/>
  <testcase name="testMethod1" time="31.083" classname="prerate.prerateTestNGSlow">
    <failure type="java.lang.AssertionError" message="Failed selecting dropdown menu...">
      <![CDATA[java.lang.AssertionError: Failed selecting dropdown menu...
at org.testng.Assert.fail(Assert.java:97)
at prerate.prerateTestNGSlow.doPrerate(prerateTestNGSlow.java:1012)
at prerate.prerateTestNGSlow.testMethod1(prerateTestNGSlow.java:540)
at sun.reflect.NativeMethodAccessorImpl.invoke0(Native Method)
at sun.reflect.NativeMethodAccessorImpl.invoke(Unknown Source)
at sun.reflect.DelegatingMethodAccessorImpl.invoke(Unknown Source)
at java.lang.reflect.Method.invoke(Unknown Source)
at org.testng.internal.MethodInvocationHelper.invokeMethod(MethodInvocationHelper.java:135)
at org.testng.internal.TestInvoker.invokeMethod(TestInvoker.java:598)
at org.testng.internal.TestInvoker.invokeTestMethod(TestInvoker.java:174)
at org.testng.internal.MethodRunner.runInSequence(MethodRunner.java:46)
at org.testng.internal.TestInvoker$MethodInvocationAgent.invoke(TestInvoker.java:821)
at org.testng.internal.TestInvoker.invokeTestMethods(TestInvoker.java:147)
at org.testng.internal.TestMethodWorker.invokeTestMethods(TestMethodWorker.java:146)
at org.testng.internal.TestMethodWorker.run(TestMethodWorker.java:128)
at java.util.concurrent.ThreadPoolExecutor.runWorker(Unknown Source)
at java.util.concurrent.ThreadPoolExecutor$Worker.run(Unknown Source)
at java.lang.Thread.run(Unknown Source)
]]>
    </failure>
  </testcase> <!-- testMethod1 -->
  <system-out/>
  <testcase name="testMethod1" time="28.911" classname="prerate.prerateTestNGSlow"/>
  <system-out/>
  <testcase name="testMethod1" time="172.137" classname="prerate.prerateTestNGSlow"/>
  <system-out/>
  <testcase name="testMethod1" time="52.878" classname="prerate.prerateTestNGSlow"/>
  <system-out/>
  <testcase name="testMethod1" time="48.045" classname="prerate.prerateTestNGSlow"/>
  <system-out/>
  <testcase name="testMethod1" time="49.251" classname="prerate.prerateTestNGSlow"/>
  <system-out/>
  <testcase name="testMethod1" time="59.916" classname="prerate.prerateTestNGSlow">
    <failure type="java.lang.AssertionError" message="Technical Error Occurred in Edits; Try again ,6713">
      <![CDATA[java.lang.AssertionError: Technical Error Occurred in Edits; Try again ,6713
at org.testng.Assert.fail(Assert.java:97)
at prerate.prerateTestNGSlow.doPrerate(prerateTestNGSlow.java:1204)
at prerate.prerateTestNGSlow.testMethod1(prerateTestNGSlow.java:540)
at sun.reflect.GeneratedMethodAccessor8.invoke(Unknown Source)
at sun.reflect.DelegatingMethodAccessorImpl.invoke(Unknown Source)
at java.lang.reflect.Method.invoke(Unknown Source)
at org.testng.internal.MethodInvocationHelper.invokeMethod(MethodInvocationHelper.java:135)
at org.testng.internal.TestInvoker.invokeMethod(TestInvoker.java:598)
at org.testng.internal.TestInvoker.invokeTestMethod(TestInvoker.java:174)
at org.testng.internal.MethodRunner.runInSequence(MethodRunner.java:46)
at org.testng.internal.TestInvoker$MethodInvocationAgent.invoke(TestInvoker.java:821)
at org.testng.internal.TestInvoker.invokeTestMethods(TestInvoker.java:147)
at org.testng.internal.TestMethodWorker.invokeTestMethods(TestMethodWorker.java:146)
at org.testng.internal.TestMethodWorker.run(TestMethodWorker.java:128)
at java.util.concurrent.ThreadPoolExecutor.runWorker(Unknown Source)
at java.util.concurrent.ThreadPoolExecutor$Worker.run(Unknown Source)
at java.lang.Thread.run(Unknown Source)
]]>
    </failure>
  </testcase> <!-- testMethod1 -->
  <system-out/>
<<<<<<< HEAD
  <testcase name="testMethod1" time="27.044" classname="prerate.prerateTestNGSlow"/>
  <system-out/>
  <testcase name="testMethod1" time="26.196" classname="prerate.prerateTestNGSlow"/>
  <system-out/>
  <testcase name="testMethod1" time="49.518" classname="prerate.prerateTestNGSlow"/>
  <system-out/>
  <testcase name="testMethod1" time="49.028" classname="prerate.prerateTestNGSlow"/>
  <system-out/>
  <testcase name="testMethod1" time="53.118" classname="prerate.prerateTestNGSlow"/>
  <system-out/>
=======
=======
Data Provider public synchronized java.lang.Object[][] prerate.prerateTestNGSlow.dataProviderMethod3() must return either Object[][] or Iterator<Object>[], not class [[Ljava.lang.Object;
	at org.testng.internal.MethodInvocationHelper.invokeDataProvider(MethodInvocationHelper.java:137)
	at org.testng.internal.Parameters.handleParameters(Parameters.java:509)
	at org.testng.internal.Invoker.handleParameters(Invoker.java:1308)
	at org.testng.internal.Invoker.createParameters(Invoker.java:1036)
	at org.testng.internal.Invoker.invokeTestMethods(Invoker.java:1126)
	at org.testng.internal.TestMethodWorker.invokeTestMethods(TestMethodWorker.java:126)
	at org.testng.internal.TestMethodWorker.run(TestMethodWorker.java:109)
	at java.util.concurrent.ThreadPoolExecutor.runWorker(Unknown Source)
	at java.util.concurrent.ThreadPoolExecutor$Worker.run(Unknown Source)
	at java.lang.Thread.run(Unknown Source)
]]>
    </error>
  </testcase> <!-- testMethod3 -->
  <testcase name="testMethod1" time="43.677" classname="prerate.prerateTestNGSlow">
    <failure type="java.lang.AssertionError" message="Override Disabled.">
      <![CDATA[java.lang.AssertionError: Override Disabled.
	at org.testng.Assert.fail(Assert.java:93)
	at prerate.prerateTestNGSlow.doPrerate(prerateTestNGSlow.java:1135)
	at prerate.prerateTestNGSlow.testMethod1(prerateTestNGSlow.java:540)
	at sun.reflect.NativeMethodAccessorImpl.invoke0(Native Method)
	at sun.reflect.NativeMethodAccessorImpl.invoke(Unknown Source)
	at sun.reflect.DelegatingMethodAccessorImpl.invoke(Unknown Source)
	at java.lang.reflect.Method.invoke(Unknown Source)
	at org.testng.internal.MethodInvocationHelper.invokeMethod(MethodInvocationHelper.java:108)
	at org.testng.internal.Invoker.invokeMethod(Invoker.java:661)
	at org.testng.internal.Invoker.invokeTestMethod(Invoker.java:869)
	at org.testng.internal.Invoker.invokeTestMethods(Invoker.java:1193)
	at org.testng.internal.TestMethodWorker.invokeTestMethods(TestMethodWorker.java:126)
	at org.testng.internal.TestMethodWorker.run(TestMethodWorker.java:109)
	at java.util.concurrent.ThreadPoolExecutor.runWorker(Unknown Source)
	at java.util.concurrent.ThreadPoolExecutor$Worker.run(Unknown Source)
	at java.lang.Thread.run(Unknown Source)
]]>
    </failure>
  </testcase> <!-- testMethod1 -->
>>>>>>> branch 'master' of https://github.com/5194105/Master-GUI.git
>>>>>>> branch 'master' of https://github.com/5194105/Master-GUI.git
</testsuite> <!-- prerate.prerateTestNGSlow -->
