<?xml version="1.0" encoding="UTF-8"?>
<!-- Generated by org.testng.reporters.JUnitReportReporter -->
<testsuite skipped="3" hostname="SQA-CRS-021" name="rebill.testngRebillSlowMfRetire" tests="16" failures="1" timestamp="26 May 2020 17:15:25 GMT" time="673.168" errors="3">
  <testcase name="testMethod1" time="74.052" classname="rebill.testngRebillSlowMfRetire"/>
  <testcase name="testMethod1" time="43.103" classname="rebill.testngRebillSlowMfRetire">
    <skipped/>
  </testcase> <!-- testMethod1 -->
  <testcase name="testMethod2" time="0.000" classname="rebill.testngRebillSlowMfRetire">
    <error type="org.testng.TestNGException" message="
Data Provider public synchronized java.lang.Object[][] rebill.testngRebillSlowMfRetire.dataProviderMethod2() must return either Object[][] or Iterator&lt;Object&gt;[], not class [[Ljava.lang.Object;">
      <![CDATA[org.testng.TestNGException: 
Data Provider public synchronized java.lang.Object[][] rebill.testngRebillSlowMfRetire.dataProviderMethod2() must return either Object[][] or Iterator<Object>[], not class [[Ljava.lang.Object;
	at org.testng.internal.MethodInvocationHelper.invokeDataProvider(MethodInvocationHelper.java:137)
	at org.testng.internal.Parameters.handleParameters(Parameters.java:509)
	at org.testng.internal.Invoker.handleParameters(Invoker.java:1308)
	at org.testng.internal.Invoker.createParameters(Invoker.java:1036)
	at org.testng.internal.Invoker.invokeTestMethods(Invoker.java:1126)
	at org.testng.internal.TestMethodWorker.invokeTestMethods(TestMethodWorker.java:126)
	at org.testng.internal.TestMethodWorker.run(TestMethodWorker.java:109)
	at java.util.concurrent.ThreadPoolExecutor.runWorker(Unknown Source)
	at java.util.concurrent.ThreadPoolExecutor$Worker.run(Unknown Source)
	at java.lang.Thread.run(Unknown Source)
]]>
    </error>
  </testcase> <!-- testMethod2 -->
  <testcase name="testMethod1" time="44.937" classname="rebill.testngRebillSlowMfRetire">
    <failure type="java.lang.AssertionError" message="Failed at Drop Down">
      <![CDATA[java.lang.AssertionError: Failed at Drop Down
	at org.testng.Assert.fail(Assert.java:93)
	at rebill.testngRebillSlowMfRetire.doRebill(testngRebillSlowMfRetire.java:1083)
	at rebill.testngRebillSlowMfRetire.testMethod1(testngRebillSlowMfRetire.java:610)
	at sun.reflect.NativeMethodAccessorImpl.invoke0(Native Method)
	at sun.reflect.NativeMethodAccessorImpl.invoke(Unknown Source)
	at sun.reflect.DelegatingMethodAccessorImpl.invoke(Unknown Source)
	at java.lang.reflect.Method.invoke(Unknown Source)
	at org.testng.internal.MethodInvocationHelper.invokeMethod(MethodInvocationHelper.java:108)
	at org.testng.internal.Invoker.invokeMethod(Invoker.java:661)
	at org.testng.internal.Invoker.retryFailed(Invoker.java:1014)
	at org.testng.internal.Invoker.invokeTestMethods(Invoker.java:1215)
	at org.testng.internal.TestMethodWorker.invokeTestMethods(TestMethodWorker.java:126)
	at org.testng.internal.TestMethodWorker.run(TestMethodWorker.java:109)
	at java.util.concurrent.ThreadPoolExecutor.runWorker(Unknown Source)
	at java.util.concurrent.ThreadPoolExecutor$Worker.run(Unknown Source)
	at java.lang.Thread.run(Unknown Source)
]]>
    </failure>
  </testcase> <!-- testMethod1 -->
  <testcase name="testMethod1" time="48.916" classname="rebill.testngRebillSlowMfRetire"/>
  <testcase name="testMethod1" time="48.878" classname="rebill.testngRebillSlowMfRetire"/>
  <testcase name="testMethod1" time="60.195" classname="rebill.testngRebillSlowMfRetire"/>
  <testcase name="testMethod1" time="54.465" classname="rebill.testngRebillSlowMfRetire"/>
  <testcase name="testMethod1" time="44.700" classname="rebill.testngRebillSlowMfRetire">
    <skipped/>
  </testcase> <!-- testMethod1 -->
  <testcase name="testMethod4" time="0.000" classname="rebill.testngRebillSlowMfRetire">
    <error type="org.testng.TestNGException" message="
Data Provider public synchronized java.lang.Object[][] rebill.testngRebillSlowMfRetire.dataProviderMethod4() must return either Object[][] or Iterator&lt;Object&gt;[], not class [[Ljava.lang.Object;">
      <![CDATA[org.testng.TestNGException: 
Data Provider public synchronized java.lang.Object[][] rebill.testngRebillSlowMfRetire.dataProviderMethod4() must return either Object[][] or Iterator<Object>[], not class [[Ljava.lang.Object;
	at org.testng.internal.MethodInvocationHelper.invokeDataProvider(MethodInvocationHelper.java:137)
	at org.testng.internal.Parameters.handleParameters(Parameters.java:509)
	at org.testng.internal.Invoker.handleParameters(Invoker.java:1308)
	at org.testng.internal.Invoker.createParameters(Invoker.java:1036)
	at org.testng.internal.Invoker.invokeTestMethods(Invoker.java:1126)
	at org.testng.internal.TestMethodWorker.invokeTestMethods(TestMethodWorker.java:126)
	at org.testng.internal.TestMethodWorker.run(TestMethodWorker.java:109)
	at java.util.concurrent.ThreadPoolExecutor.runWorker(Unknown Source)
	at java.util.concurrent.ThreadPoolExecutor$Worker.run(Unknown Source)
	at java.lang.Thread.run(Unknown Source)
]]>
    </error>
  </testcase> <!-- testMethod4 -->
  <testcase name="testMethod3" time="0.000" classname="rebill.testngRebillSlowMfRetire">
    <error type="org.testng.TestNGException" message="
Data Provider public synchronized java.lang.Object[][] rebill.testngRebillSlowMfRetire.dataProviderMethod3() must return either Object[][] or Iterator&lt;Object&gt;[], not class [[Ljava.lang.Object;">
      <![CDATA[org.testng.TestNGException: 
Data Provider public synchronized java.lang.Object[][] rebill.testngRebillSlowMfRetire.dataProviderMethod3() must return either Object[][] or Iterator<Object>[], not class [[Ljava.lang.Object;
	at org.testng.internal.MethodInvocationHelper.invokeDataProvider(MethodInvocationHelper.java:137)
	at org.testng.internal.Parameters.handleParameters(Parameters.java:509)
	at org.testng.internal.Invoker.handleParameters(Invoker.java:1308)
	at org.testng.internal.Invoker.createParameters(Invoker.java:1036)
	at org.testng.internal.Invoker.invokeTestMethods(Invoker.java:1126)
	at org.testng.internal.TestMethodWorker.invokeTestMethods(TestMethodWorker.java:126)
	at org.testng.internal.TestMethodWorker.run(TestMethodWorker.java:109)
	at java.util.concurrent.ThreadPoolExecutor.runWorker(Unknown Source)
	at java.util.concurrent.ThreadPoolExecutor$Worker.run(Unknown Source)
	at java.lang.Thread.run(Unknown Source)
]]>
    </error>
  </testcase> <!-- testMethod3 -->
  <testcase name="testMethod1" time="54.040" classname="rebill.testngRebillSlowMfRetire"/>
  <testcase name="testMethod1" time="51.357" classname="rebill.testngRebillSlowMfRetire"/>
  <testcase name="testMethod1" time="53.092" classname="rebill.testngRebillSlowMfRetire"/>
  <testcase name="testMethod1" time="45.499" classname="rebill.testngRebillSlowMfRetire">
    <skipped/>
  </testcase> <!-- testMethod1 -->
  <testcase name="testMethod1" time="49.934" classname="rebill.testngRebillSlowMfRetire"/>
</testsuite> <!-- rebill.testngRebillSlowMfRetire -->
