<?xml version="1.0" encoding="UTF-8"?>
<!-- Generated by org.testng.reporters.JUnitReportReporter -->
<testsuite skipped="97" hostname="SQA-CRS-025" name="rebill.testngRebillSlowMfRetire" tests="262" failures="7" timestamp="2020-06-03T18:35:34 CDT" time="14815.817" errors="3">
  <testcase name="testMethod1" time="48.685" classname="rebill.testngRebillSlowMfRetire">
    <skipped/>
  </testcase> <!-- testMethod1 -->
  <system-out/>
  <testcase name="testMethod1" time="73.188" classname="rebill.testngRebillSlowMfRetire"/>
  <system-out/>
  <testcase name="testMethod1" time="49.856" classname="rebill.testngRebillSlowMfRetire"/>
  <system-out/>
  <testcase name="testMethod1" time="50.605" classname="rebill.testngRebillSlowMfRetire"/>
  <system-out/>
  <testcase name="testMethod1" time="47.953" classname="rebill.testngRebillSlowMfRetire"/>
  <system-out/>
  <testcase name="testMethod1" time="51.073" classname="rebill.testngRebillSlowMfRetire"/>
  <system-out/>
  <testcase name="testMethod1" time="53.463" classname="rebill.testngRebillSlowMfRetire"/>
  <system-out/>
  <testcase name="testMethod1" time="49.465" classname="rebill.testngRebillSlowMfRetire">
    <skipped/>
  </testcase> <!-- testMethod1 -->
  <system-out/>
  <testcase name="testMethod1" time="50.758" classname="rebill.testngRebillSlowMfRetire"/>
  <system-out/>
  <testcase name="testMethod1" time="48.942" classname="rebill.testngRebillSlowMfRetire"/>
  <system-out/>
  <testcase name="testMethod1" time="112.757" classname="rebill.testngRebillSlowMfRetire">
    <skipped/>
  </testcase> <!-- testMethod1 -->
  <system-out/>
  <testcase name="testMethod1" time="50.022" classname="rebill.testngRebillSlowMfRetire"/>
  <system-out/>
  <testcase name="testMethod1" time="45.817" classname="rebill.testngRebillSlowMfRetire">
    <failure type="java.lang.AssertionError" message="Failed at Drop Down">
      <![CDATA[java.lang.AssertionError: Failed at Drop Down
at org.testng.Assert.fail(Assert.java:97)
at rebill.testngRebillSlowMfRetire.doRebill(testngRebillSlowMfRetire.java:1083)
at rebill.testngRebillSlowMfRetire.testMethod1(testngRebillSlowMfRetire.java:610)
at sun.reflect.GeneratedMethodAccessor2.invoke(Unknown Source)
at sun.reflect.DelegatingMethodAccessorImpl.invoke(Unknown Source)
at java.lang.reflect.Method.invoke(Unknown Source)
at org.testng.internal.MethodInvocationHelper.invokeMethod(MethodInvocationHelper.java:135)
at org.testng.internal.TestInvoker.invokeMethod(TestInvoker.java:598)
at org.testng.internal.TestInvoker.retryFailed(TestInvoker.java:214)
at org.testng.internal.MethodRunner.runInSequence(MethodRunner.java:58)
at org.testng.internal.TestInvoker$MethodInvocationAgent.invoke(TestInvoker.java:821)
at org.testng.internal.TestInvoker.invokeTestMethods(TestInvoker.java:147)
at org.testng.internal.TestMethodWorker.invokeTestMethods(TestMethodWorker.java:146)
at org.testng.internal.TestMethodWorker.run(TestMethodWorker.java:128)
at java.util.concurrent.ThreadPoolExecutor.runWorker(Unknown Source)
at java.util.concurrent.ThreadPoolExecutor$Worker.run(Unknown Source)
at java.lang.Thread.run(Unknown Source)
]]>
    </failure>
  </testcase> <!-- testMethod1 -->
  <system-out/>
  <testcase name="testMethod1" time="49.523" classname="rebill.testngRebillSlowMfRetire"/>
  <system-out/>
  <testcase name="testMethod1" time="49.765" classname="rebill.testngRebillSlowMfRetire"/>
  <system-out/>
  <testcase name="testMethod1" time="48.114" classname="rebill.testngRebillSlowMfRetire"/>
  <system-out/>
  <testcase name="testMethod1" time="43.017" classname="rebill.testngRebillSlowMfRetire">
    <skipped/>
  </testcase> <!-- testMethod1 -->
  <system-out/>
  <testcase name="testMethod1" time="49.267" classname="rebill.testngRebillSlowMfRetire"/>
  <system-out/>
  <testcase name="testMethod1" time="47.844" classname="rebill.testngRebillSlowMfRetire"/>
  <system-out/>
  <testcase name="testMethod1" time="69.966" classname="rebill.testngRebillSlowMfRetire"/>
  <system-out/>
  <testcase name="testMethod1" time="71.091" classname="rebill.testngRebillSlowMfRetire"/>
  <system-out/>
  <testcase name="testMethod1" time="49.127" classname="rebill.testngRebillSlowMfRetire">
    <skipped/>
  </testcase> <!-- testMethod1 -->
  <system-out/>
  <testcase name="testMethod1" time="49.217" classname="rebill.testngRebillSlowMfRetire">
    <skipped/>
  </testcase> <!-- testMethod1 -->
  <system-out/>
  <testcase name="testMethod1" time="49.249" classname="rebill.testngRebillSlowMfRetire">
    <skipped/>
  </testcase> <!-- testMethod1 -->
  <system-out/>
  <testcase name="testMethod1" time="47.688" classname="rebill.testngRebillSlowMfRetire"/>
  <system-out/>
  <testcase name="testMethod1" time="48.645" classname="rebill.testngRebillSlowMfRetire"/>
  <system-out/>
  <testcase name="testMethod1" time="48.749" classname="rebill.testngRebillSlowMfRetire">
    <skipped/>
  </testcase> <!-- testMethod1 -->
  <system-out/>
  <testcase name="testMethod1" time="46.599" classname="rebill.testngRebillSlowMfRetire"/>
  <system-out/>
  <testcase name="testMethod1" time="47.709" classname="rebill.testngRebillSlowMfRetire"/>
  <system-out/>
  <testcase name="testMethod1" time="44.859" classname="rebill.testngRebillSlowMfRetire">
    <skipped/>
  </testcase> <!-- testMethod1 -->
  <system-out/>
  <testcase name="testMethod1" time="74.237" classname="rebill.testngRebillSlowMfRetire">
    <skipped/>
  </testcase> <!-- testMethod1 -->
  <system-out/>
  <testcase name="testMethod1" time="117.033" classname="rebill.testngRebillSlowMfRetire"/>
  <system-out/>
  <testcase name="testMethod1" time="51.620" classname="rebill.testngRebillSlowMfRetire"/>
  <system-out/>
  <testcase name="testMethod1" time="49.260" classname="rebill.testngRebillSlowMfRetire"/>
  <system-out/>
  <testcase name="testMethod1" time="40.389" classname="rebill.testngRebillSlowMfRetire">
    <skipped/>
  </testcase> <!-- testMethod1 -->
  <system-out/>
  <testcase name="testMethod1" time="49.681" classname="rebill.testngRebillSlowMfRetire"/>
  <system-out/>
  <testcase name="testMethod1" time="49.053" classname="rebill.testngRebillSlowMfRetire">
    <skipped/>
  </testcase> <!-- testMethod1 -->
  <system-out/>
  <testcase name="testMethod1" time="42.271" classname="rebill.testngRebillSlowMfRetire">
    <skipped/>
  </testcase> <!-- testMethod1 -->
  <system-out/>
  <testcase name="testMethod1" time="50.486" classname="rebill.testngRebillSlowMfRetire"/>
  <system-out/>
  <testcase name="testMethod1" time="49.898" classname="rebill.testngRebillSlowMfRetire"/>
  <system-out/>
  <testcase name="testMethod1" time="53.443" classname="rebill.testngRebillSlowMfRetire">
    <skipped/>
  </testcase> <!-- testMethod1 -->
  <system-out/>
  <testcase name="testMethod1" time="40.818" classname="rebill.testngRebillSlowMfRetire">
    <skipped/>
  </testcase> <!-- testMethod1 -->
  <system-out/>
  <testcase name="testMethod1" time="72.325" classname="rebill.testngRebillSlowMfRetire"/>
  <system-out/>
  <testcase name="testMethod1" time="53.400" classname="rebill.testngRebillSlowMfRetire">
    <skipped/>
  </testcase> <!-- testMethod1 -->
  <system-out/>
  <testcase name="testMethod1" time="72.486" classname="rebill.testngRebillSlowMfRetire"/>
  <system-out/>
  <testcase name="testMethod1" time="57.330" classname="rebill.testngRebillSlowMfRetire"/>
  <system-out/>
  <testcase name="testMethod1" time="62.734" classname="rebill.testngRebillSlowMfRetire"/>
  <system-out/>
  <testcase name="testMethod1" time="49.439" classname="rebill.testngRebillSlowMfRetire">
    <skipped/>
  </testcase> <!-- testMethod1 -->
  <system-out/>
  <testcase name="testMethod1" time="49.382" classname="rebill.testngRebillSlowMfRetire"/>
  <system-out/>
  <testcase name="testMethod1" time="50.179" classname="rebill.testngRebillSlowMfRetire"/>
  <system-out/>
  <testcase name="testMethod1" time="47.763" classname="rebill.testngRebillSlowMfRetire"/>
  <system-out/>
  <testcase name="testMethod1" time="50.332" classname="rebill.testngRebillSlowMfRetire"/>
  <system-out/>
  <testcase name="testMethod1" time="54.964" classname="rebill.testngRebillSlowMfRetire"/>
  <system-out/>
  <testcase name="testMethod1" time="68.367" classname="rebill.testngRebillSlowMfRetire"/>
  <system-out/>
  <testcase name="testMethod1" time="41.394" classname="rebill.testngRebillSlowMfRetire">
    <skipped/>
  </testcase> <!-- testMethod1 -->
  <system-out/>
  <testcase name="testMethod1" time="69.862" classname="rebill.testngRebillSlowMfRetire"/>
  <system-out/>
  <testcase name="testMethod1" time="49.638" classname="rebill.testngRebillSlowMfRetire">
    <skipped/>
  </testcase> <!-- testMethod1 -->
  <system-out/>
  <testcase name="testMethod1" time="71.746" classname="rebill.testngRebillSlowMfRetire">
    <skipped/>
  </testcase> <!-- testMethod1 -->
  <system-out/>
  <testcase name="testMethod1" time="74.510" classname="rebill.testngRebillSlowMfRetire">
    <skipped/>
  </testcase> <!-- testMethod1 -->
  <system-out/>
  <testcase name="testMethod1" time="49.442" classname="rebill.testngRebillSlowMfRetire">
    <skipped/>
  </testcase> <!-- testMethod1 -->
  <system-out/>
  <testcase name="testMethod1" time="73.969" classname="rebill.testngRebillSlowMfRetire"/>
  <system-out/>
  <testcase name="testMethod1" time="71.798" classname="rebill.testngRebillSlowMfRetire"/>
  <system-out/>
  <testcase name="testMethod1" time="69.251" classname="rebill.testngRebillSlowMfRetire"/>
  <system-out/>
  <testcase name="testMethod1" time="111.184" classname="rebill.testngRebillSlowMfRetire"/>
  <system-out/>
  <testcase name="testMethod1" time="96.565" classname="rebill.testngRebillSlowMfRetire">
    <skipped/>
  </testcase> <!-- testMethod1 -->
  <system-out/>
  <testcase name="testMethod1" time="48.203" classname="rebill.testngRebillSlowMfRetire">
    <skipped/>
  </testcase> <!-- testMethod1 -->
  <system-out/>
  <testcase name="testMethod1" time="46.631" classname="rebill.testngRebillSlowMfRetire"/>
  <system-out/>
  <testcase name="testMethod1" time="48.508" classname="rebill.testngRebillSlowMfRetire"/>
  <system-out/>
  <testcase name="testMethod1" time="74.434" classname="rebill.testngRebillSlowMfRetire">
    <skipped/>
  </testcase> <!-- testMethod1 -->
  <system-out/>
  <testcase name="testMethod1" time="46.995" classname="rebill.testngRebillSlowMfRetire"/>
  <system-out/>
  <testcase name="testMethod1" time="69.851" classname="rebill.testngRebillSlowMfRetire"/>
  <system-out/>
  <testcase name="testMethod1" time="69.487" classname="rebill.testngRebillSlowMfRetire"/>
  <system-out/>
  <testcase name="testMethod1" time="49.204" classname="rebill.testngRebillSlowMfRetire">
    <skipped/>
  </testcase> <!-- testMethod1 -->
  <system-out/>
  <testcase name="testMethod1" time="77.398" classname="rebill.testngRebillSlowMfRetire">
    <skipped/>
  </testcase> <!-- testMethod1 -->
  <system-out/>
  <testcase name="testMethod1" time="49.184" classname="rebill.testngRebillSlowMfRetire"/>
  <system-out/>
  <testcase name="testMethod1" time="48.684" classname="rebill.testngRebillSlowMfRetire">
    <failure type="java.lang.AssertionError" message="org.openqa.selenium.NoSuchElementException: no such element: Unable to locate element: {&quot;method&quot;:&quot;xpath&quot;,&quot;selector&quot;:&quot;/html/body/div[6]/div/div/div[1]/div[1]/h4&quot;}
  (Session info: chrome=83.0.4103.61)
  (Driver info: chromedriver=2.41.578737 (49da6702b16031c40d63e5618de03a32ff6c197e),platform=Windows NT 6.1.7601 SP1 x86) (WARNING: The server did not provide any stacktrace information)
Command duration or timeout: 0 milliseconds
For documentation on this error, please visit: https://www.seleniumhq.org/exceptions/no_such_element.html
Build info: version: &#039;3.141.59&#039;, revision: &#039;e82be7d358&#039;, time: &#039;2018-11-14T08:25:48&#039;
System info: host: &#039;SQA-CRS-025&#039;, ip: &#039;10.255.250.86&#039;, os.name: &#039;Windows 7&#039;, os.arch: &#039;x86&#039;, os.version: &#039;6.1&#039;, java.version: &#039;1.8.0_181&#039;
Driver info: org.openqa.selenium.chrome.ChromeDriver
Capabilities {acceptInsecureCerts: false, acceptSslCerts: false, applicationCacheEnabled: false, browserConnectionEnabled: false, browserName: chrome, chrome: {chromedriverVersion: 2.41.578737 (49da6702b16031..., userDataDir: C:\Users\FEDEXU~1\AppData\L...}, cssSelectorsEnabled: true, databaseEnabled: false, goog:chromeOptions: {debuggerAddress: localhost:60951}, handlesAlerts: true, hasTouchScreen: false, javascriptEnabled: true, locationContextEnabled: true, mobileEmulationEnabled: false, nativeEvents: true, networkConnectionEnabled: false, pageLoadStrategy: normal, platform: XP, platformName: XP, rotatable: false, setWindowRect: true, takesHeapSnapshot: true, takesScreenshot: true, unexpectedAlertBehaviour: , unhandledPromptBehavior: , version: 83.0.4103.61, webStorageEnabled: true}
Session ID: 65abbbec50faf64b6e1fb5e1d785f77a
*** Element info: {Using=xpath, value=/html/body/div[6]/div/div/div[1]/div[1]/h4} Could Not Get to Rebill Screen">
      <![CDATA[java.lang.AssertionError: org.openqa.selenium.NoSuchElementException: no such element: Unable to locate element: {"method":"xpath","selector":"/html/body/div[6]/div/div/div[1]/div[1]/h4"}
  (Session info: chrome=83.0.4103.61)
  (Driver info: chromedriver=2.41.578737 (49da6702b16031c40d63e5618de03a32ff6c197e),platform=Windows NT 6.1.7601 SP1 x86) (WARNING: The server did not provide any stacktrace information)
Command duration or timeout: 0 milliseconds
For documentation on this error, please visit: https://www.seleniumhq.org/exceptions/no_such_element.html
Build info: version: '3.141.59', revision: 'e82be7d358', time: '2018-11-14T08:25:48'
System info: host: 'SQA-CRS-025', ip: '10.255.250.86', os.name: 'Windows 7', os.arch: 'x86', os.version: '6.1', java.version: '1.8.0_181'
Driver info: org.openqa.selenium.chrome.ChromeDriver
Capabilities {acceptInsecureCerts: false, acceptSslCerts: false, applicationCacheEnabled: false, browserConnectionEnabled: false, browserName: chrome, chrome: {chromedriverVersion: 2.41.578737 (49da6702b16031..., userDataDir: C:\Users\FEDEXU~1\AppData\L...}, cssSelectorsEnabled: true, databaseEnabled: false, goog:chromeOptions: {debuggerAddress: localhost:60951}, handlesAlerts: true, hasTouchScreen: false, javascriptEnabled: true, locationContextEnabled: true, mobileEmulationEnabled: false, nativeEvents: true, networkConnectionEnabled: false, pageLoadStrategy: normal, platform: XP, platformName: XP, rotatable: false, setWindowRect: true, takesHeapSnapshot: true, takesScreenshot: true, unexpectedAlertBehaviour: , unhandledPromptBehavior: , version: 83.0.4103.61, webStorageEnabled: true}
Session ID: 65abbbec50faf64b6e1fb5e1d785f77a
*** Element info: {Using=xpath, value=/html/body/div[6]/div/div/div[1]/div[1]/h4} Could Not Get to Rebill Screen
at org.testng.Assert.fail(Assert.java:97)
at rebill.testngRebillSlowMfRetire.doRebill(testngRebillSlowMfRetire.java:1225)
at rebill.testngRebillSlowMfRetire.testMethod1(testngRebillSlowMfRetire.java:610)
at sun.reflect.GeneratedMethodAccessor2.invoke(Unknown Source)
at sun.reflect.DelegatingMethodAccessorImpl.invoke(Unknown Source)
at java.lang.reflect.Method.invoke(Unknown Source)
at org.testng.internal.MethodInvocationHelper.invokeMethod(MethodInvocationHelper.java:135)
at org.testng.internal.TestInvoker.invokeMethod(TestInvoker.java:598)
at org.testng.internal.TestInvoker.retryFailed(TestInvoker.java:214)
at org.testng.internal.MethodRunner.runInSequence(MethodRunner.java:58)
at org.testng.internal.TestInvoker$MethodInvocationAgent.invoke(TestInvoker.java:821)
at org.testng.internal.TestInvoker.invokeTestMethods(TestInvoker.java:147)
at org.testng.internal.TestMethodWorker.invokeTestMethods(TestMethodWorker.java:146)
at org.testng.internal.TestMethodWorker.run(TestMethodWorker.java:128)
at java.util.concurrent.ThreadPoolExecutor.runWorker(Unknown Source)
at java.util.concurrent.ThreadPoolExecutor$Worker.run(Unknown Source)
at java.lang.Thread.run(Unknown Source)
]]>
    </failure>
  </testcase> <!-- testMethod1 -->
  <system-out/>
  <testcase name="testMethod1" time="51.578" classname="rebill.testngRebillSlowMfRetire"/>
  <system-out/>
  <testcase name="testMethod1" time="49.045" classname="rebill.testngRebillSlowMfRetire"/>
  <system-out/>
  <testcase name="testMethod1" time="46.042" classname="rebill.testngRebillSlowMfRetire">
    <skipped/>
  </testcase> <!-- testMethod1 -->
  <system-out/>
  <testcase name="testMethod1" time="52.532" classname="rebill.testngRebillSlowMfRetire"/>
  <system-out/>
  <testcase name="testMethod1" time="50.523" classname="rebill.testngRebillSlowMfRetire"/>
  <system-out/>
  <testcase name="testMethod1" time="42.155" classname="rebill.testngRebillSlowMfRetire">
    <skipped/>
  </testcase> <!-- testMethod1 -->
  <system-out/>
  <testcase name="testMethod1" time="47.439" classname="rebill.testngRebillSlowMfRetire"/>
  <system-out/>
  <testcase name="testMethod1" time="48.512" classname="rebill.testngRebillSlowMfRetire">
    <skipped/>
  </testcase> <!-- testMethod1 -->
  <system-out/>
  <testcase name="testMethod1" time="47.258" classname="rebill.testngRebillSlowMfRetire"/>
  <system-out/>
  <testcase name="testMethod1" time="60.943" classname="rebill.testngRebillSlowMfRetire">
    <skipped/>
  </testcase> <!-- testMethod1 -->
  <system-out/>
  <testcase name="testMethod1" time="49.252" classname="rebill.testngRebillSlowMfRetire">
    <skipped/>
  </testcase> <!-- testMethod1 -->
  <system-out/>
  <testcase name="testMethod1" time="74.665" classname="rebill.testngRebillSlowMfRetire">
    <skipped/>
  </testcase> <!-- testMethod1 -->
  <system-out/>
  <testcase name="testMethod1" time="48.429" classname="rebill.testngRebillSlowMfRetire"/>
  <system-out/>
  <testcase name="testMethod1" time="80.087" classname="rebill.testngRebillSlowMfRetire"/>
  <system-out/>
  <testcase name="testMethod1" time="48.023" classname="rebill.testngRebillSlowMfRetire"/>
  <system-out/>
  <testcase name="testMethod1" time="47.819" classname="rebill.testngRebillSlowMfRetire"/>
  <system-out/>
  <testcase name="testMethod1" time="49.159" classname="rebill.testngRebillSlowMfRetire">
    <skipped/>
  </testcase> <!-- testMethod1 -->
  <system-out/>
  <testcase name="testMethod1" time="53.241" classname="rebill.testngRebillSlowMfRetire">
    <skipped/>
  </testcase> <!-- testMethod1 -->
  <system-out/>
  <testcase name="testMethod1" time="48.181" classname="rebill.testngRebillSlowMfRetire">
    <skipped/>
  </testcase> <!-- testMethod1 -->
  <system-out/>
  <testcase name="testMethod1" time="49.289" classname="rebill.testngRebillSlowMfRetire">
    <skipped/>
  </testcase> <!-- testMethod1 -->
  <system-out/>
  <testcase name="testMethod1" time="48.163" classname="rebill.testngRebillSlowMfRetire"/>
  <system-out/>
  <testcase name="testMethod1" time="48.707" classname="rebill.testngRebillSlowMfRetire">
    <skipped/>
  </testcase> <!-- testMethod1 -->
  <system-out/>
  <testcase name="testMethod1" time="71.775" classname="rebill.testngRebillSlowMfRetire">
    <skipped/>
  </testcase> <!-- testMethod1 -->
  <system-out/>
  <testcase name="testMethod1" time="70.849" classname="rebill.testngRebillSlowMfRetire"/>
  <system-out/>
  <testcase name="testMethod1" time="51.578" classname="rebill.testngRebillSlowMfRetire">
    <skipped/>
  </testcase> <!-- testMethod1 -->
  <system-out/>
  <testcase name="testMethod1" time="74.040" classname="rebill.testngRebillSlowMfRetire">
    <skipped/>
  </testcase> <!-- testMethod1 -->
  <system-out/>
  <testcase name="testMethod1" time="51.398" classname="rebill.testngRebillSlowMfRetire"/>
  <system-out/>
  <testcase name="testMethod1" time="49.838" classname="rebill.testngRebillSlowMfRetire">
    <skipped/>
  </testcase> <!-- testMethod1 -->
  <system-out/>
  <testcase name="testMethod1" time="49.730" classname="rebill.testngRebillSlowMfRetire"/>
  <system-out/>
  <testcase name="testMethod1" time="111.991" classname="rebill.testngRebillSlowMfRetire"/>
  <system-out/>
  <testcase name="testMethod1" time="49.850" classname="rebill.testngRebillSlowMfRetire"/>
  <system-out/>
  <testcase name="testMethod1" time="73.458" classname="rebill.testngRebillSlowMfRetire"/>
  <system-out/>
  <testcase name="testMethod1" time="74.415" classname="rebill.testngRebillSlowMfRetire"/>
  <system-out/>
  <testcase name="testMethod1" time="76.013" classname="rebill.testngRebillSlowMfRetire"/>
  <system-out/>
  <testcase name="testMethod1" time="70.782" classname="rebill.testngRebillSlowMfRetire"/>
  <system-out/>
  <testcase name="testMethod1" time="69.880" classname="rebill.testngRebillSlowMfRetire"/>
  <system-out/>
  <testcase name="testMethod1" time="50.884" classname="rebill.testngRebillSlowMfRetire"/>
  <system-out/>
  <testcase name="testMethod1" time="69.155" classname="rebill.testngRebillSlowMfRetire"/>
  <system-out/>
  <testcase name="testMethod1" time="70.341" classname="rebill.testngRebillSlowMfRetire"/>
  <system-out/>
  <testcase name="testMethod1" time="47.852" classname="rebill.testngRebillSlowMfRetire"/>
  <system-out/>
  <testcase name="testMethod1" time="49.541" classname="rebill.testngRebillSlowMfRetire"/>
  <system-out/>
  <testcase name="testMethod1" time="47.845" classname="rebill.testngRebillSlowMfRetire"/>
  <system-out/>
  <testcase name="testMethod1" time="53.060" classname="rebill.testngRebillSlowMfRetire"/>
  <system-out/>
  <testcase name="testMethod1" time="48.876" classname="rebill.testngRebillSlowMfRetire">
    <failure type="java.lang.AssertionError" message="org.openqa.selenium.NoSuchElementException: no such element: Unable to locate element: {&quot;method&quot;:&quot;xpath&quot;,&quot;selector&quot;:&quot;/html/body/div[6]/div/div/div[1]/div[1]/h4&quot;}
  (Session info: chrome=83.0.4103.61)
  (Driver info: chromedriver=2.41.578737 (49da6702b16031c40d63e5618de03a32ff6c197e),platform=Windows NT 6.1.7601 SP1 x86) (WARNING: The server did not provide any stacktrace information)
Command duration or timeout: 0 milliseconds
For documentation on this error, please visit: https://www.seleniumhq.org/exceptions/no_such_element.html
Build info: version: &#039;3.141.59&#039;, revision: &#039;e82be7d358&#039;, time: &#039;2018-11-14T08:25:48&#039;
System info: host: &#039;SQA-CRS-025&#039;, ip: &#039;10.255.250.86&#039;, os.name: &#039;Windows 7&#039;, os.arch: &#039;x86&#039;, os.version: &#039;6.1&#039;, java.version: &#039;1.8.0_181&#039;
Driver info: org.openqa.selenium.chrome.ChromeDriver
Capabilities {acceptInsecureCerts: false, acceptSslCerts: false, applicationCacheEnabled: false, browserConnectionEnabled: false, browserName: chrome, chrome: {chromedriverVersion: 2.41.578737 (49da6702b16031..., userDataDir: C:\Users\FEDEXU~1\AppData\L...}, cssSelectorsEnabled: true, databaseEnabled: false, goog:chromeOptions: {debuggerAddress: localhost:60311}, handlesAlerts: true, hasTouchScreen: false, javascriptEnabled: true, locationContextEnabled: true, mobileEmulationEnabled: false, nativeEvents: true, networkConnectionEnabled: false, pageLoadStrategy: normal, platform: XP, platformName: XP, rotatable: false, setWindowRect: true, takesHeapSnapshot: true, takesScreenshot: true, unexpectedAlertBehaviour: , unhandledPromptBehavior: , version: 83.0.4103.61, webStorageEnabled: true}
Session ID: 8400d403edfa6a7feaf359c5d0adfdb5
*** Element info: {Using=xpath, value=/html/body/div[6]/div/div/div[1]/div[1]/h4} Could Not Get to Rebill Screen">
      <![CDATA[java.lang.AssertionError: org.openqa.selenium.NoSuchElementException: no such element: Unable to locate element: {"method":"xpath","selector":"/html/body/div[6]/div/div/div[1]/div[1]/h4"}
  (Session info: chrome=83.0.4103.61)
  (Driver info: chromedriver=2.41.578737 (49da6702b16031c40d63e5618de03a32ff6c197e),platform=Windows NT 6.1.7601 SP1 x86) (WARNING: The server did not provide any stacktrace information)
Command duration or timeout: 0 milliseconds
For documentation on this error, please visit: https://www.seleniumhq.org/exceptions/no_such_element.html
Build info: version: '3.141.59', revision: 'e82be7d358', time: '2018-11-14T08:25:48'
System info: host: 'SQA-CRS-025', ip: '10.255.250.86', os.name: 'Windows 7', os.arch: 'x86', os.version: '6.1', java.version: '1.8.0_181'
Driver info: org.openqa.selenium.chrome.ChromeDriver
Capabilities {acceptInsecureCerts: false, acceptSslCerts: false, applicationCacheEnabled: false, browserConnectionEnabled: false, browserName: chrome, chrome: {chromedriverVersion: 2.41.578737 (49da6702b16031..., userDataDir: C:\Users\FEDEXU~1\AppData\L...}, cssSelectorsEnabled: true, databaseEnabled: false, goog:chromeOptions: {debuggerAddress: localhost:60311}, handlesAlerts: true, hasTouchScreen: false, javascriptEnabled: true, locationContextEnabled: true, mobileEmulationEnabled: false, nativeEvents: true, networkConnectionEnabled: false, pageLoadStrategy: normal, platform: XP, platformName: XP, rotatable: false, setWindowRect: true, takesHeapSnapshot: true, takesScreenshot: true, unexpectedAlertBehaviour: , unhandledPromptBehavior: , version: 83.0.4103.61, webStorageEnabled: true}
Session ID: 8400d403edfa6a7feaf359c5d0adfdb5
*** Element info: {Using=xpath, value=/html/body/div[6]/div/div/div[1]/div[1]/h4} Could Not Get to Rebill Screen
at org.testng.Assert.fail(Assert.java:97)
at rebill.testngRebillSlowMfRetire.doRebill(testngRebillSlowMfRetire.java:1225)
at rebill.testngRebillSlowMfRetire.testMethod1(testngRebillSlowMfRetire.java:610)
at sun.reflect.GeneratedMethodAccessor2.invoke(Unknown Source)
at sun.reflect.DelegatingMethodAccessorImpl.invoke(Unknown Source)
at java.lang.reflect.Method.invoke(Unknown Source)
at org.testng.internal.MethodInvocationHelper.invokeMethod(MethodInvocationHelper.java:135)
at org.testng.internal.TestInvoker.invokeMethod(TestInvoker.java:598)
at org.testng.internal.TestInvoker.retryFailed(TestInvoker.java:214)
at org.testng.internal.MethodRunner.runInSequence(MethodRunner.java:58)
at org.testng.internal.TestInvoker$MethodInvocationAgent.invoke(TestInvoker.java:821)
at org.testng.internal.TestInvoker.invokeTestMethods(TestInvoker.java:147)
at org.testng.internal.TestMethodWorker.invokeTestMethods(TestMethodWorker.java:146)
at org.testng.internal.TestMethodWorker.run(TestMethodWorker.java:128)
at java.util.concurrent.ThreadPoolExecutor.runWorker(Unknown Source)
at java.util.concurrent.ThreadPoolExecutor$Worker.run(Unknown Source)
at java.lang.Thread.run(Unknown Source)
]]>
    </failure>
  </testcase> <!-- testMethod1 -->
  <system-out/>
  <testcase name="testMethod1" time="48.831" classname="rebill.testngRebillSlowMfRetire">
    <skipped/>
  </testcase> <!-- testMethod1 -->
  <system-out/>
  <testcase name="testMethod1" time="70.441" classname="rebill.testngRebillSlowMfRetire"/>
  <system-out/>
  <testcase name="testMethod1" time="49.670" classname="rebill.testngRebillSlowMfRetire">
    <skipped/>
  </testcase> <!-- testMethod1 -->
  <system-out/>
  <testcase name="testMethod1" time="49.213" classname="rebill.testngRebillSlowMfRetire">
    <skipped/>
  </testcase> <!-- testMethod1 -->
  <system-out/>
  <testcase name="testMethod1" time="49.533" classname="rebill.testngRebillSlowMfRetire"/>
  <system-out/>
  <testcase name="testMethod1" time="48.921" classname="rebill.testngRebillSlowMfRetire">
    <skipped/>
  </testcase> <!-- testMethod1 -->
  <system-out/>
  <testcase name="testMethod1" time="10.611" classname="rebill.testngRebillSlowMfRetire"/>
  <system-out/>
  <testcase name="testMethod1" time="72.979" classname="rebill.testngRebillSlowMfRetire">
    <skipped/>
  </testcase> <!-- testMethod1 -->
  <system-out/>
  <testcase name="testMethod1" time="49.248" classname="rebill.testngRebillSlowMfRetire"/>
  <system-out/>
  <testcase name="testMethod1" time="47.396" classname="rebill.testngRebillSlowMfRetire"/>
  <system-out/>
  <testcase name="testMethod1" time="42.042" classname="rebill.testngRebillSlowMfRetire">
    <failure type="java.lang.AssertionError" message="Failed at Drop Down">
      <![CDATA[java.lang.AssertionError: Failed at Drop Down
at org.testng.Assert.fail(Assert.java:97)
at rebill.testngRebillSlowMfRetire.doRebill(testngRebillSlowMfRetire.java:1083)
at rebill.testngRebillSlowMfRetire.testMethod1(testngRebillSlowMfRetire.java:610)
at sun.reflect.NativeMethodAccessorImpl.invoke0(Native Method)
at sun.reflect.NativeMethodAccessorImpl.invoke(Unknown Source)
at sun.reflect.DelegatingMethodAccessorImpl.invoke(Unknown Source)
at java.lang.reflect.Method.invoke(Unknown Source)
at org.testng.internal.MethodInvocationHelper.invokeMethod(MethodInvocationHelper.java:135)
at org.testng.internal.TestInvoker.invokeMethod(TestInvoker.java:598)
at org.testng.internal.TestInvoker.retryFailed(TestInvoker.java:214)
at org.testng.internal.MethodRunner.runInSequence(MethodRunner.java:58)
at org.testng.internal.TestInvoker$MethodInvocationAgent.invoke(TestInvoker.java:821)
at org.testng.internal.TestInvoker.invokeTestMethods(TestInvoker.java:147)
at org.testng.internal.TestMethodWorker.invokeTestMethods(TestMethodWorker.java:146)
at org.testng.internal.TestMethodWorker.run(TestMethodWorker.java:128)
at java.util.concurrent.ThreadPoolExecutor.runWorker(Unknown Source)
at java.util.concurrent.ThreadPoolExecutor$Worker.run(Unknown Source)
at java.lang.Thread.run(Unknown Source)
]]>
    </failure>
  </testcase> <!-- testMethod1 -->
  <system-out/>
  <testcase name="testMethod1" time="48.563" classname="rebill.testngRebillSlowMfRetire"/>
  <system-out/>
  <testcase name="testMethod1" time="47.058" classname="rebill.testngRebillSlowMfRetire"/>
  <system-out/>
  <testcase name="testMethod1" time="46.622" classname="rebill.testngRebillSlowMfRetire"/>
  <system-out/>
  <testcase name="testMethod1" time="49.099" classname="rebill.testngRebillSlowMfRetire">
    <skipped/>
  </testcase> <!-- testMethod1 -->
  <system-out/>
  <testcase name="testMethod1" time="48.431" classname="rebill.testngRebillSlowMfRetire"/>
  <system-out/>
  <testcase name="testMethod1" time="41.917" classname="rebill.testngRebillSlowMfRetire">
    <skipped/>
  </testcase> <!-- testMethod1 -->
  <system-out/>
  <testcase name="testMethod1" time="50.874" classname="rebill.testngRebillSlowMfRetire"/>
  <system-out/>
  <testcase name="testMethod1" time="78.769" classname="rebill.testngRebillSlowMfRetire">
    <skipped/>
  </testcase> <!-- testMethod1 -->
  <system-out/>
  <testcase name="testMethod1" time="47.813" classname="rebill.testngRebillSlowMfRetire"/>
  <system-out/>
  <testcase name="testMethod1" time="49.482" classname="rebill.testngRebillSlowMfRetire"/>
  <system-out/>
  <testcase name="testMethod1" time="40.873" classname="rebill.testngRebillSlowMfRetire">
    <failure type="java.lang.AssertionError" message="Failed at Drop Down">
      <![CDATA[java.lang.AssertionError: Failed at Drop Down
at org.testng.Assert.fail(Assert.java:97)
at rebill.testngRebillSlowMfRetire.doRebill(testngRebillSlowMfRetire.java:1083)
at rebill.testngRebillSlowMfRetire.testMethod1(testngRebillSlowMfRetire.java:610)
at sun.reflect.GeneratedMethodAccessor2.invoke(Unknown Source)
at sun.reflect.DelegatingMethodAccessorImpl.invoke(Unknown Source)
at java.lang.reflect.Method.invoke(Unknown Source)
at org.testng.internal.MethodInvocationHelper.invokeMethod(MethodInvocationHelper.java:135)
at org.testng.internal.TestInvoker.invokeMethod(TestInvoker.java:598)
at org.testng.internal.TestInvoker.retryFailed(TestInvoker.java:214)
at org.testng.internal.MethodRunner.runInSequence(MethodRunner.java:58)
at org.testng.internal.TestInvoker$MethodInvocationAgent.invoke(TestInvoker.java:821)
at org.testng.internal.TestInvoker.invokeTestMethods(TestInvoker.java:147)
at org.testng.internal.TestMethodWorker.invokeTestMethods(TestMethodWorker.java:146)
at org.testng.internal.TestMethodWorker.run(TestMethodWorker.java:128)
at java.util.concurrent.ThreadPoolExecutor.runWorker(Unknown Source)
at java.util.concurrent.ThreadPoolExecutor$Worker.run(Unknown Source)
at java.lang.Thread.run(Unknown Source)
]]>
    </failure>
  </testcase> <!-- testMethod1 -->
  <system-out/>
  <testcase name="testMethod1" time="47.701" classname="rebill.testngRebillSlowMfRetire"/>
  <system-out/>
  <testcase name="testMethod1" time="48.466" classname="rebill.testngRebillSlowMfRetire"/>
  <system-out/>
  <testcase name="testMethod1" time="94.670" classname="rebill.testngRebillSlowMfRetire"/>
  <system-out/>
  <testcase name="testMethod1" time="49.968" classname="rebill.testngRebillSlowMfRetire"/>
  <system-out/>
  <testcase name="testMethod1" time="52.325" classname="rebill.testngRebillSlowMfRetire">
    <skipped/>
  </testcase> <!-- testMethod1 -->
  <system-out/>
  <testcase name="testMethod1" time="49.889" classname="rebill.testngRebillSlowMfRetire">
    <skipped/>
  </testcase> <!-- testMethod1 -->
  <system-out/>
  <testcase name="testMethod1" time="45.269" classname="rebill.testngRebillSlowMfRetire"/>
  <system-out/>
  <testcase name="testMethod1" time="49.504" classname="rebill.testngRebillSlowMfRetire">
    <skipped/>
  </testcase> <!-- testMethod1 -->
  <system-out/>
  <testcase name="testMethod1" time="46.598" classname="rebill.testngRebillSlowMfRetire"/>
  <system-out/>
  <testcase name="testMethod1" time="45.946" classname="rebill.testngRebillSlowMfRetire">
    <failure type="java.lang.AssertionError" message="Failed at Drop Down">
      <![CDATA[java.lang.AssertionError: Failed at Drop Down
at org.testng.Assert.fail(Assert.java:97)
at rebill.testngRebillSlowMfRetire.doRebill(testngRebillSlowMfRetire.java:1083)
at rebill.testngRebillSlowMfRetire.testMethod1(testngRebillSlowMfRetire.java:610)
at sun.reflect.GeneratedMethodAccessor2.invoke(Unknown Source)
at sun.reflect.DelegatingMethodAccessorImpl.invoke(Unknown Source)
at java.lang.reflect.Method.invoke(Unknown Source)
at org.testng.internal.MethodInvocationHelper.invokeMethod(MethodInvocationHelper.java:135)
at org.testng.internal.TestInvoker.invokeMethod(TestInvoker.java:598)
at org.testng.internal.TestInvoker.retryFailed(TestInvoker.java:214)
at org.testng.internal.MethodRunner.runInSequence(MethodRunner.java:58)
at org.testng.internal.TestInvoker$MethodInvocationAgent.invoke(TestInvoker.java:821)
at org.testng.internal.TestInvoker.invokeTestMethods(TestInvoker.java:147)
at org.testng.internal.TestMethodWorker.invokeTestMethods(TestMethodWorker.java:146)
at org.testng.internal.TestMethodWorker.run(TestMethodWorker.java:128)
at java.util.concurrent.ThreadPoolExecutor.runWorker(Unknown Source)
at java.util.concurrent.ThreadPoolExecutor$Worker.run(Unknown Source)
at java.lang.Thread.run(Unknown Source)
]]>
    </failure>
  </testcase> <!-- testMethod1 -->
  <system-out/>
  <testcase name="testMethod1" time="49.024" classname="rebill.testngRebillSlowMfRetire">
    <skipped/>
  </testcase> <!-- testMethod1 -->
  <system-out/>
  <testcase name="testMethod1" time="71.296" classname="rebill.testngRebillSlowMfRetire">
    <skipped/>
  </testcase> <!-- testMethod1 -->
  <system-out/>
  <testcase name="testMethod1" time="48.481" classname="rebill.testngRebillSlowMfRetire">
    <skipped/>
  </testcase> <!-- testMethod1 -->
  <system-out/>
  <testcase name="testMethod1" time="49.450" classname="rebill.testngRebillSlowMfRetire">
    <skipped/>
  </testcase> <!-- testMethod1 -->
  <system-out/>
  <testcase name="testMethod1" time="53.323" classname="rebill.testngRebillSlowMfRetire">
    <skipped/>
  </testcase> <!-- testMethod1 -->
  <system-out/>
  <testcase name="testMethod1" time="74.844" classname="rebill.testngRebillSlowMfRetire"/>
  <system-out/>
  <testcase name="testMethod3" time="0.000" classname="rebill.testngRebillSlowMfRetire">
    <error type="org.testng.TestNGException" message="
Data Provider public synchronized java.lang.Object[][] rebill.testngRebillSlowMfRetire.dataProviderMethod3() returned a null value">
      <![CDATA[org.testng.TestNGException: 
Data Provider public synchronized java.lang.Object[][] rebill.testngRebillSlowMfRetire.dataProviderMethod3() returned a null value
at org.testng.internal.MethodInvocationHelper.invokeDataProvider(MethodInvocationHelper.java:150)
at org.testng.internal.Parameters.handleParameters(Parameters.java:797)
at org.testng.internal.Parameters.handleParameters(Parameters.java:740)
at org.testng.internal.ParameterHandler.handleParameters(ParameterHandler.java:59)
at org.testng.internal.ParameterHandler.createParameters(ParameterHandler.java:38)
at org.testng.internal.TestInvoker$MethodInvocationAgent.invoke(TestInvoker.java:788)
at org.testng.internal.TestInvoker.invokeTestMethods(TestInvoker.java:147)
at org.testng.internal.TestMethodWorker.invokeTestMethods(TestMethodWorker.java:146)
at org.testng.internal.TestMethodWorker.run(TestMethodWorker.java:128)
at java.util.concurrent.ThreadPoolExecutor.runWorker(Unknown Source)
at java.util.concurrent.ThreadPoolExecutor$Worker.run(Unknown Source)
at java.lang.Thread.run(Unknown Source)
]]>
    </error>
  </testcase> <!-- testMethod3 -->
  <system-out/>
  <testcase name="testMethod1" time="47.702" classname="rebill.testngRebillSlowMfRetire"/>
  <system-out/>
  <testcase name="testMethod1" time="78.046" classname="rebill.testngRebillSlowMfRetire"/>
  <system-out/>
  <testcase name="testMethod1" time="72.732" classname="rebill.testngRebillSlowMfRetire">
    <skipped/>
  </testcase> <!-- testMethod1 -->
  <system-out/>
  <testcase name="testMethod1" time="73.707" classname="rebill.testngRebillSlowMfRetire">
    <skipped/>
  </testcase> <!-- testMethod1 -->
  <system-out/>
  <testcase name="testMethod1" time="69.066" classname="rebill.testngRebillSlowMfRetire"/>
  <system-out/>
  <testcase name="testMethod1" time="49.748" classname="rebill.testngRebillSlowMfRetire">
    <failure type="java.lang.AssertionError" message="org.openqa.selenium.NoSuchElementException: no such element: Unable to locate element: {&quot;method&quot;:&quot;xpath&quot;,&quot;selector&quot;:&quot;/html/body/div[6]/div/div/div[1]/div[1]/h4&quot;}
  (Session info: chrome=83.0.4103.61)
  (Driver info: chromedriver=2.41.578737 (49da6702b16031c40d63e5618de03a32ff6c197e),platform=Windows NT 6.1.7601 SP1 x86) (WARNING: The server did not provide any stacktrace information)
Command duration or timeout: 0 milliseconds
For documentation on this error, please visit: https://www.seleniumhq.org/exceptions/no_such_element.html
Build info: version: &#039;3.141.59&#039;, revision: &#039;e82be7d358&#039;, time: &#039;2018-11-14T08:25:48&#039;
System info: host: &#039;SQA-CRS-025&#039;, ip: &#039;10.255.250.86&#039;, os.name: &#039;Windows 7&#039;, os.arch: &#039;x86&#039;, os.version: &#039;6.1&#039;, java.version: &#039;1.8.0_181&#039;
Driver info: org.openqa.selenium.chrome.ChromeDriver
Capabilities {acceptInsecureCerts: false, acceptSslCerts: false, applicationCacheEnabled: false, browserConnectionEnabled: false, browserName: chrome, chrome: {chromedriverVersion: 2.41.578737 (49da6702b16031..., userDataDir: C:\Users\FEDEXU~1\AppData\L...}, cssSelectorsEnabled: true, databaseEnabled: false, goog:chromeOptions: {debuggerAddress: localhost:52479}, handlesAlerts: true, hasTouchScreen: false, javascriptEnabled: true, locationContextEnabled: true, mobileEmulationEnabled: false, nativeEvents: true, networkConnectionEnabled: false, pageLoadStrategy: normal, platform: XP, platformName: XP, rotatable: false, setWindowRect: true, takesHeapSnapshot: true, takesScreenshot: true, unexpectedAlertBehaviour: , unhandledPromptBehavior: , version: 83.0.4103.61, webStorageEnabled: true}
Session ID: fdd0533d51499a0b12c658ce3341a735
*** Element info: {Using=xpath, value=/html/body/div[6]/div/div/div[1]/div[1]/h4} Could Not Get to Rebill Screen">
      <![CDATA[java.lang.AssertionError: org.openqa.selenium.NoSuchElementException: no such element: Unable to locate element: {"method":"xpath","selector":"/html/body/div[6]/div/div/div[1]/div[1]/h4"}
  (Session info: chrome=83.0.4103.61)
  (Driver info: chromedriver=2.41.578737 (49da6702b16031c40d63e5618de03a32ff6c197e),platform=Windows NT 6.1.7601 SP1 x86) (WARNING: The server did not provide any stacktrace information)
Command duration or timeout: 0 milliseconds
For documentation on this error, please visit: https://www.seleniumhq.org/exceptions/no_such_element.html
Build info: version: '3.141.59', revision: 'e82be7d358', time: '2018-11-14T08:25:48'
System info: host: 'SQA-CRS-025', ip: '10.255.250.86', os.name: 'Windows 7', os.arch: 'x86', os.version: '6.1', java.version: '1.8.0_181'
Driver info: org.openqa.selenium.chrome.ChromeDriver
Capabilities {acceptInsecureCerts: false, acceptSslCerts: false, applicationCacheEnabled: false, browserConnectionEnabled: false, browserName: chrome, chrome: {chromedriverVersion: 2.41.578737 (49da6702b16031..., userDataDir: C:\Users\FEDEXU~1\AppData\L...}, cssSelectorsEnabled: true, databaseEnabled: false, goog:chromeOptions: {debuggerAddress: localhost:52479}, handlesAlerts: true, hasTouchScreen: false, javascriptEnabled: true, locationContextEnabled: true, mobileEmulationEnabled: false, nativeEvents: true, networkConnectionEnabled: false, pageLoadStrategy: normal, platform: XP, platformName: XP, rotatable: false, setWindowRect: true, takesHeapSnapshot: true, takesScreenshot: true, unexpectedAlertBehaviour: , unhandledPromptBehavior: , version: 83.0.4103.61, webStorageEnabled: true}
Session ID: fdd0533d51499a0b12c658ce3341a735
*** Element info: {Using=xpath, value=/html/body/div[6]/div/div/div[1]/div[1]/h4} Could Not Get to Rebill Screen
at org.testng.Assert.fail(Assert.java:97)
at rebill.testngRebillSlowMfRetire.doRebill(testngRebillSlowMfRetire.java:1225)
at rebill.testngRebillSlowMfRetire.testMethod1(testngRebillSlowMfRetire.java:610)
at sun.reflect.GeneratedMethodAccessor2.invoke(Unknown Source)
at sun.reflect.DelegatingMethodAccessorImpl.invoke(Unknown Source)
at java.lang.reflect.Method.invoke(Unknown Source)
at org.testng.internal.MethodInvocationHelper.invokeMethod(MethodInvocationHelper.java:135)
at org.testng.internal.TestInvoker.invokeMethod(TestInvoker.java:598)
at org.testng.internal.TestInvoker.retryFailed(TestInvoker.java:214)
at org.testng.internal.MethodRunner.runInSequence(MethodRunner.java:58)
at org.testng.internal.TestInvoker$MethodInvocationAgent.invoke(TestInvoker.java:821)
at org.testng.internal.TestInvoker.invokeTestMethods(TestInvoker.java:147)
at org.testng.internal.TestMethodWorker.invokeTestMethods(TestMethodWorker.java:146)
at org.testng.internal.TestMethodWorker.run(TestMethodWorker.java:128)
at java.util.concurrent.ThreadPoolExecutor.runWorker(Unknown Source)
at java.util.concurrent.ThreadPoolExecutor$Worker.run(Unknown Source)
at java.lang.Thread.run(Unknown Source)
]]>
    </failure>
  </testcase> <!-- testMethod1 -->
  <system-out/>
  <testcase name="testMethod1" time="31.451" classname="rebill.testngRebillSlowMfRetire">
    <skipped/>
  </testcase> <!-- testMethod1 -->
  <system-out/>
  <testcase name="testMethod1" time="48.633" classname="rebill.testngRebillSlowMfRetire">
    <skipped/>
  </testcase> <!-- testMethod1 -->
  <system-out/>
  <testcase name="testMethod1" time="50.019" classname="rebill.testngRebillSlowMfRetire"/>
  <system-out/>
  <testcase name="testMethod1" time="71.782" classname="rebill.testngRebillSlowMfRetire">
    <skipped/>
  </testcase> <!-- testMethod1 -->
  <system-out/>
  <testcase name="testMethod1" time="69.940" classname="rebill.testngRebillSlowMfRetire"/>
  <system-out/>
  <testcase name="testMethod1" time="47.944" classname="rebill.testngRebillSlowMfRetire"/>
  <system-out/>
  <testcase name="testMethod1" time="69.187" classname="rebill.testngRebillSlowMfRetire"/>
  <system-out/>
  <testcase name="testMethod1" time="52.550" classname="rebill.testngRebillSlowMfRetire"/>
  <system-out/>
  <testcase name="testMethod1" time="69.727" classname="rebill.testngRebillSlowMfRetire"/>
  <system-out/>
  <testcase name="testMethod1" time="9.989" classname="rebill.testngRebillSlowMfRetire"/>
  <system-out/>
  <testcase name="testMethod1" time="70.615" classname="rebill.testngRebillSlowMfRetire">
    <skipped/>
  </testcase> <!-- testMethod1 -->
  <system-out/>
  <testcase name="testMethod1" time="69.980" classname="rebill.testngRebillSlowMfRetire"/>
  <system-out/>
  <testcase name="testMethod1" time="49.324" classname="rebill.testngRebillSlowMfRetire">
    <skipped/>
  </testcase> <!-- testMethod1 -->
  <system-out/>
  <testcase name="testMethod1" time="49.307" classname="rebill.testngRebillSlowMfRetire"/>
  <system-out/>
  <testcase name="testMethod2" time="0.000" classname="rebill.testngRebillSlowMfRetire">
    <error type="org.testng.TestNGException" message="
Data Provider public synchronized java.lang.Object[][] rebill.testngRebillSlowMfRetire.dataProviderMethod2() returned a null value">
      <![CDATA[org.testng.TestNGException: 
Data Provider public synchronized java.lang.Object[][] rebill.testngRebillSlowMfRetire.dataProviderMethod2() returned a null value
at org.testng.internal.MethodInvocationHelper.invokeDataProvider(MethodInvocationHelper.java:150)
at org.testng.internal.Parameters.handleParameters(Parameters.java:797)
at org.testng.internal.Parameters.handleParameters(Parameters.java:740)
at org.testng.internal.ParameterHandler.handleParameters(ParameterHandler.java:59)
at org.testng.internal.ParameterHandler.createParameters(ParameterHandler.java:38)
at org.testng.internal.TestInvoker$MethodInvocationAgent.invoke(TestInvoker.java:788)
at org.testng.internal.TestInvoker.invokeTestMethods(TestInvoker.java:147)
at org.testng.internal.TestMethodWorker.invokeTestMethods(TestMethodWorker.java:146)
at org.testng.internal.TestMethodWorker.run(TestMethodWorker.java:128)
at java.util.concurrent.ThreadPoolExecutor.runWorker(Unknown Source)
at java.util.concurrent.ThreadPoolExecutor$Worker.run(Unknown Source)
at java.lang.Thread.run(Unknown Source)
]]>
    </error>
  </testcase> <!-- testMethod2 -->
  <system-out/>
  <testcase name="testMethod1" time="49.346" classname="rebill.testngRebillSlowMfRetire"/>
  <system-out/>
  <testcase name="testMethod1" time="49.397" classname="rebill.testngRebillSlowMfRetire">
    <skipped/>
  </testcase> <!-- testMethod1 -->
  <system-out/>
  <testcase name="testMethod1" time="75.499" classname="rebill.testngRebillSlowMfRetire"/>
  <system-out/>
  <testcase name="testMethod1" time="48.046" classname="rebill.testngRebillSlowMfRetire"/>
  <system-out/>
  <testcase name="testMethod1" time="48.590" classname="rebill.testngRebillSlowMfRetire"/>
  <system-out/>
  <testcase name="testMethod1" time="51.878" classname="rebill.testngRebillSlowMfRetire"/>
  <system-out/>
  <testcase name="testMethod1" time="50.753" classname="rebill.testngRebillSlowMfRetire"/>
  <system-out/>
  <testcase name="testMethod1" time="30.163" classname="rebill.testngRebillSlowMfRetire">
    <skipped/>
  </testcase> <!-- testMethod1 -->
  <system-out/>
  <testcase name="testMethod1" time="49.602" classname="rebill.testngRebillSlowMfRetire">
    <skipped/>
  </testcase> <!-- testMethod1 -->
  <system-out/>
  <testcase name="testMethod1" time="53.151" classname="rebill.testngRebillSlowMfRetire">
    <skipped/>
  </testcase> <!-- testMethod1 -->
  <system-out/>
  <testcase name="testMethod1" time="47.585" classname="rebill.testngRebillSlowMfRetire"/>
  <system-out/>
  <testcase name="testMethod1" time="40.830" classname="rebill.testngRebillSlowMfRetire">
    <skipped/>
  </testcase> <!-- testMethod1 -->
  <system-out/>
  <testcase name="testMethod1" time="48.525" classname="rebill.testngRebillSlowMfRetire"/>
  <system-out/>
  <testcase name="testMethod1" time="147.458" classname="rebill.testngRebillSlowMfRetire">
    <skipped/>
  </testcase> <!-- testMethod1 -->
  <system-out/>
  <testcase name="testMethod1" time="41.775" classname="rebill.testngRebillSlowMfRetire">
    <skipped/>
  </testcase> <!-- testMethod1 -->
  <system-out/>
  <testcase name="testMethod1" time="154.490" classname="rebill.testngRebillSlowMfRetire">
    <skipped/>
  </testcase> <!-- testMethod1 -->
  <system-out/>
  <testcase name="testMethod1" time="69.072" classname="rebill.testngRebillSlowMfRetire"/>
  <system-out/>
  <testcase name="testMethod1" time="47.961" classname="rebill.testngRebillSlowMfRetire">
    <skipped/>
  </testcase> <!-- testMethod1 -->
  <system-out/>
  <testcase name="testMethod1" time="74.841" classname="rebill.testngRebillSlowMfRetire"/>
  <system-out/>
  <testcase name="testMethod1" time="41.814" classname="rebill.testngRebillSlowMfRetire">
    <skipped/>
  </testcase> <!-- testMethod1 -->
  <system-out/>
  <testcase name="testMethod1" time="69.223" classname="rebill.testngRebillSlowMfRetire"/>
  <system-out/>
  <testcase name="testMethod1" time="74.221" classname="rebill.testngRebillSlowMfRetire">
    <skipped/>
  </testcase> <!-- testMethod1 -->
  <system-out/>
  <testcase name="testMethod1" time="72.011" classname="rebill.testngRebillSlowMfRetire">
    <skipped/>
  </testcase> <!-- testMethod1 -->
  <system-out/>
  <testcase name="testMethod1" time="48.851" classname="rebill.testngRebillSlowMfRetire"/>
  <system-out/>
  <testcase name="testMethod1" time="71.075" classname="rebill.testngRebillSlowMfRetire"/>
  <system-out/>
  <testcase name="testMethod1" time="49.130" classname="rebill.testngRebillSlowMfRetire"/>
  <system-out/>
  <testcase name="testMethod1" time="110.598" classname="rebill.testngRebillSlowMfRetire"/>
  <system-out/>
  <testcase name="testMethod1" time="73.108" classname="rebill.testngRebillSlowMfRetire">
    <skipped/>
  </testcase> <!-- testMethod1 -->
  <system-out/>
  <testcase name="testMethod1" time="49.231" classname="rebill.testngRebillSlowMfRetire"/>
  <system-out/>
  <testcase name="testMethod1" time="47.727" classname="rebill.testngRebillSlowMfRetire"/>
  <system-out/>
  <testcase name="testMethod1" time="68.874" classname="rebill.testngRebillSlowMfRetire"/>
  <system-out/>
  <testcase name="testMethod1" time="46.674" classname="rebill.testngRebillSlowMfRetire"/>
  <system-out/>
  <testcase name="testMethod1" time="49.123" classname="rebill.testngRebillSlowMfRetire">
    <skipped/>
  </testcase> <!-- testMethod1 -->
  <system-out/>
  <testcase name="testMethod1" time="50.952" classname="rebill.testngRebillSlowMfRetire"/>
  <system-out/>
  <testcase name="testMethod1" time="49.150" classname="rebill.testngRebillSlowMfRetire">
    <skipped/>
  </testcase> <!-- testMethod1 -->
  <system-out/>
  <testcase name="testMethod1" time="48.585" classname="rebill.testngRebillSlowMfRetire">
    <skipped/>
  </testcase> <!-- testMethod1 -->
  <system-out/>
  <testcase name="testMethod1" time="75.077" classname="rebill.testngRebillSlowMfRetire">
    <skipped/>
  </testcase> <!-- testMethod1 -->
  <system-out/>
  <testcase name="testMethod1" time="48.125" classname="rebill.testngRebillSlowMfRetire"/>
  <system-out/>
  <testcase name="testMethod1" time="47.537" classname="rebill.testngRebillSlowMfRetire"/>
  <system-out/>
  <testcase name="testMethod1" time="52.451" classname="rebill.testngRebillSlowMfRetire"/>
  <system-out/>
  <testcase name="testMethod1" time="78.349" classname="rebill.testngRebillSlowMfRetire">
    <skipped/>
  </testcase> <!-- testMethod1 -->
  <system-out/>
  <testcase name="testMethod1" time="48.883" classname="rebill.testngRebillSlowMfRetire">
    <skipped/>
  </testcase> <!-- testMethod1 -->
  <system-out/>
  <testcase name="testMethod1" time="48.768" classname="rebill.testngRebillSlowMfRetire"/>
  <system-out/>
  <testcase name="testMethod1" time="46.940" classname="rebill.testngRebillSlowMfRetire"/>
  <system-out/>
  <testcase name="testMethod1" time="48.513" classname="rebill.testngRebillSlowMfRetire">
    <skipped/>
  </testcase> <!-- testMethod1 -->
  <system-out/>
  <testcase name="testMethod1" time="49.852" classname="rebill.testngRebillSlowMfRetire">
    <skipped/>
  </testcase> <!-- testMethod1 -->
  <system-out/>
  <testcase name="testMethod1" time="48.565" classname="rebill.testngRebillSlowMfRetire"/>
  <system-out/>
  <testcase name="testMethod1" time="49.670" classname="rebill.testngRebillSlowMfRetire"/>
  <system-out/>
  <testcase name="testMethod1" time="49.352" classname="rebill.testngRebillSlowMfRetire"/>
  <system-out/>
  <testcase name="testMethod1" time="47.155" classname="rebill.testngRebillSlowMfRetire"/>
  <system-out/>
  <testcase name="testMethod1" time="112.680" classname="rebill.testngRebillSlowMfRetire"/>
  <system-out/>
  <testcase name="testMethod1" time="50.345" classname="rebill.testngRebillSlowMfRetire">
    <skipped/>
  </testcase> <!-- testMethod1 -->
  <system-out/>
  <testcase name="testMethod1" time="46.435" classname="rebill.testngRebillSlowMfRetire"/>
  <system-out/>
  <testcase name="testMethod1" time="51.117" classname="rebill.testngRebillSlowMfRetire"/>
  <system-out/>
  <testcase name="testMethod1" time="71.095" classname="rebill.testngRebillSlowMfRetire">
    <skipped/>
  </testcase> <!-- testMethod1 -->
  <system-out/>
  <testcase name="testMethod1" time="50.271" classname="rebill.testngRebillSlowMfRetire"/>
  <system-out/>
  <testcase name="testMethod1" time="59.070" classname="rebill.testngRebillSlowMfRetire">
    <skipped/>
  </testcase> <!-- testMethod1 -->
  <system-out/>
  <testcase name="testMethod1" time="112.223" classname="rebill.testngRebillSlowMfRetire">
    <skipped/>
  </testcase> <!-- testMethod1 -->
  <system-out/>
  <testcase name="testMethod1" time="49.161" classname="rebill.testngRebillSlowMfRetire">
    <skipped/>
  </testcase> <!-- testMethod1 -->
  <system-out/>
  <testcase name="testMethod1" time="50.250" classname="rebill.testngRebillSlowMfRetire"/>
  <system-out/>
  <testcase name="testMethod1" time="113.710" classname="rebill.testngRebillSlowMfRetire"/>
  <system-out/>
  <testcase name="testMethod1" time="51.041" classname="rebill.testngRebillSlowMfRetire"/>
  <system-out/>
  <testcase name="testMethod1" time="49.521" classname="rebill.testngRebillSlowMfRetire">
    <skipped/>
  </testcase> <!-- testMethod1 -->
  <system-out/>
  <testcase name="testMethod1" time="51.318" classname="rebill.testngRebillSlowMfRetire"/>
  <system-out/>
  <testcase name="testMethod1" time="72.424" classname="rebill.testngRebillSlowMfRetire"/>
  <system-out/>
  <testcase name="testMethod1" time="48.884" classname="rebill.testngRebillSlowMfRetire"/>
  <system-out/>
  <testcase name="testMethod1" time="49.682" classname="rebill.testngRebillSlowMfRetire">
    <skipped/>
  </testcase> <!-- testMethod1 -->
  <system-out/>
  <testcase name="testMethod1" time="41.004" classname="rebill.testngRebillSlowMfRetire">
    <skipped/>
  </testcase> <!-- testMethod1 -->
  <system-out/>
  <testcase name="testMethod1" time="47.833" classname="rebill.testngRebillSlowMfRetire"/>
  <system-out/>
  <testcase name="testMethod1" time="50.006" classname="rebill.testngRebillSlowMfRetire"/>
  <system-out/>
  <testcase name="testMethod1" time="48.062" classname="rebill.testngRebillSlowMfRetire"/>
  <system-out/>
  <testcase name="testMethod1" time="52.460" classname="rebill.testngRebillSlowMfRetire"/>
  <system-out/>
  <testcase name="testMethod1" time="49.969" classname="rebill.testngRebillSlowMfRetire"/>
  <system-out/>
  <testcase name="testMethod4" time="0.000" classname="rebill.testngRebillSlowMfRetire">
    <error type="org.testng.TestNGException" message="
Data Provider public synchronized java.lang.Object[][] rebill.testngRebillSlowMfRetire.dataProviderMethod4() returned a null value">
      <![CDATA[org.testng.TestNGException: 
Data Provider public synchronized java.lang.Object[][] rebill.testngRebillSlowMfRetire.dataProviderMethod4() returned a null value
at org.testng.internal.MethodInvocationHelper.invokeDataProvider(MethodInvocationHelper.java:150)
at org.testng.internal.Parameters.handleParameters(Parameters.java:797)
at org.testng.internal.Parameters.handleParameters(Parameters.java:740)
at org.testng.internal.ParameterHandler.handleParameters(ParameterHandler.java:59)
at org.testng.internal.ParameterHandler.createParameters(ParameterHandler.java:38)
at org.testng.internal.TestInvoker$MethodInvocationAgent.invoke(TestInvoker.java:788)
at org.testng.internal.TestInvoker.invokeTestMethods(TestInvoker.java:147)
at org.testng.internal.TestMethodWorker.invokeTestMethods(TestMethodWorker.java:146)
at org.testng.internal.TestMethodWorker.run(TestMethodWorker.java:128)
at java.util.concurrent.ThreadPoolExecutor.runWorker(Unknown Source)
at java.util.concurrent.ThreadPoolExecutor$Worker.run(Unknown Source)
at java.lang.Thread.run(Unknown Source)
]]>
    </error>
  </testcase> <!-- testMethod4 -->
  <system-out/>
  <testcase name="testMethod1" time="70.282" classname="rebill.testngRebillSlowMfRetire"/>
  <system-out/>
  <testcase name="testMethod1" time="105.875" classname="rebill.testngRebillSlowMfRetire"/>
  <system-out/>
  <testcase name="testMethod1" time="51.929" classname="rebill.testngRebillSlowMfRetire">
    <skipped/>
  </testcase> <!-- testMethod1 -->
  <system-out/>
  <testcase name="testMethod1" time="51.441" classname="rebill.testngRebillSlowMfRetire"/>
  <system-out/>
  <testcase name="testMethod1" time="72.375" classname="rebill.testngRebillSlowMfRetire">
    <skipped/>
  </testcase> <!-- testMethod1 -->
  <system-out/>
  <testcase name="testMethod1" time="52.528" classname="rebill.testngRebillSlowMfRetire">
    <skipped/>
  </testcase> <!-- testMethod1 -->
  <system-out/>
  <testcase name="testMethod1" time="45.378" classname="rebill.testngRebillSlowMfRetire"/>
  <system-out/>
  <testcase name="testMethod1" time="50.279" classname="rebill.testngRebillSlowMfRetire"/>
  <system-out/>
</testsuite> <!-- rebill.testngRebillSlowMfRetire -->
