<?xml version="1.0" encoding="UTF-8"?>
<!-- Generated by org.testng.reporters.JUnitReportReporter -->
<testsuite skipped="0" hostname="DESKTOP-OKDV62E" name="testng.testingonly" tests="7" failures="0" timestamp="2020-04-02T11:29:23 EDT" time="952.635" errors="0">
  <testcase name="testMethod2" time="128.800" classname="testng.testingonly"/>
  <testcase name="testMethod3" time="123.678" classname="testng.testingonly"/>
  <testcase name="testMethod2" time="144.048" classname="testng.testingonly"/>
  <testcase name="testMethod" time="144.017" classname="testng.testingonly"/>
  <testcase name="testMethod4" time="144.160" classname="testng.testingonly"/>
  <testcase name="testMethod" time="123.712" classname="testng.testingonly"/>
  <testcase name="testMethod3" time="144.220" classname="testng.testingonly"/>
</testsuite> <!-- testng.testingonly -->
