<?xml version="1.0" encoding="UTF-8"?>
<!-- Generated by org.testng.reporters.JUnitReportReporter -->
<testsuite hostname="c0016391" failures="0" tests="33" name="eraRerate.eraMassRerateTestNGSlow" time="808.642" errors="3" timestamp="2020-12-24T21:43:18 UTC" skipped="0">
  <testcase classname="eraRerate.eraMassRerateTestNGSlow" name="testMethod1" time="6.249"/>
  <system-out/>
  <testcase classname="eraRerate.eraMassRerateTestNGSlow" name="testMethod1" time="33.078"/>
  <system-out/>
  <testcase classname="eraRerate.eraMassRerateTestNGSlow" name="testMethod1" time="33.816"/>
  <system-out/>
  <testcase classname="eraRerate.eraMassRerateTestNGSlow" name="testMethod2" time="0.000">
    <error message="
Data Provider public synchronized java.lang.Object[][] eraRerate.eraMassRerateTestNGSlow.dataProviderMethod2() returned a null value" type="org.testng.TestNGException">
      <![CDATA[org.testng.TestNGException: 
Data Provider public synchronized java.lang.Object[][] eraRerate.eraMassRerateTestNGSlow.dataProviderMethod2() returned a null value
at org.testng.internal.MethodInvocationHelper.invokeDataProvider(MethodInvocationHelper.java:147)
at org.testng.internal.Parameters.handleParameters(Parameters.java:797)
at org.testng.internal.Parameters.handleParameters(Parameters.java:740)
at org.testng.internal.ParameterHandler.handleParameters(ParameterHandler.java:59)
at org.testng.internal.ParameterHandler.createParameters(ParameterHandler.java:38)
at org.testng.internal.TestInvoker$MethodInvocationAgent.invoke(TestInvoker.java:789)
at org.testng.internal.TestInvoker.invokeTestMethods(TestInvoker.java:147)
at org.testng.internal.TestMethodWorker.invokeTestMethods(TestMethodWorker.java:146)
at org.testng.internal.TestMethodWorker.run(TestMethodWorker.java:128)
at java.base/java.util.concurrent.ThreadPoolExecutor.runWorker(ThreadPoolExecutor.java:1128)
at java.base/java.util.concurrent.ThreadPoolExecutor$Worker.run(ThreadPoolExecutor.java:628)
at java.base/java.lang.Thread.run(Thread.java:834)
]]>
    </error>
  </testcase> <!-- testMethod2 -->
  <system-out/>
  <testcase classname="eraRerate.eraMassRerateTestNGSlow" name="testMethod1" time="5.863"/>
  <system-out/>
  <testcase classname="eraRerate.eraMassRerateTestNGSlow" name="testMethod1" time="33.380"/>
  <system-out/>
  <testcase classname="eraRerate.eraMassRerateTestNGSlow" name="testMethod1" time="34.119"/>
  <system-out/>
  <testcase classname="eraRerate.eraMassRerateTestNGSlow" name="testMethod1" time="32.153"/>
  <system-out/>
  <testcase classname="eraRerate.eraMassRerateTestNGSlow" name="testMethod1" time="33.656"/>
  <system-out/>
  <testcase classname="eraRerate.eraMassRerateTestNGSlow" name="testMethod1" time="6.323"/>
  <system-out/>
  <testcase classname="eraRerate.eraMassRerateTestNGSlow" name="testMethod1" time="31.763"/>
  <system-out/>
  <testcase classname="eraRerate.eraMassRerateTestNGSlow" name="testMethod4" time="0.000">
    <error message="
Data Provider public synchronized java.lang.Object[][] eraRerate.eraMassRerateTestNGSlow.dataProviderMethod4() returned a null value" type="org.testng.TestNGException">
      <![CDATA[org.testng.TestNGException: 
Data Provider public synchronized java.lang.Object[][] eraRerate.eraMassRerateTestNGSlow.dataProviderMethod4() returned a null value
at org.testng.internal.MethodInvocationHelper.invokeDataProvider(MethodInvocationHelper.java:147)
at org.testng.internal.Parameters.handleParameters(Parameters.java:797)
at org.testng.internal.Parameters.handleParameters(Parameters.java:740)
at org.testng.internal.ParameterHandler.handleParameters(ParameterHandler.java:59)
at org.testng.internal.ParameterHandler.createParameters(ParameterHandler.java:38)
at org.testng.internal.TestInvoker$MethodInvocationAgent.invoke(TestInvoker.java:789)
at org.testng.internal.TestInvoker.invokeTestMethods(TestInvoker.java:147)
at org.testng.internal.TestMethodWorker.invokeTestMethods(TestMethodWorker.java:146)
at org.testng.internal.TestMethodWorker.run(TestMethodWorker.java:128)
at java.base/java.util.concurrent.ThreadPoolExecutor.runWorker(ThreadPoolExecutor.java:1128)
at java.base/java.util.concurrent.ThreadPoolExecutor$Worker.run(ThreadPoolExecutor.java:628)
at java.base/java.lang.Thread.run(Thread.java:834)
]]>
    </error>
  </testcase> <!-- testMethod4 -->
  <system-out/>
  <testcase classname="eraRerate.eraMassRerateTestNGSlow" name="testMethod3" time="0.000">
    <error message="
Data Provider public synchronized java.lang.Object[][] eraRerate.eraMassRerateTestNGSlow.dataProviderMethod3() returned a null value" type="org.testng.TestNGException">
      <![CDATA[org.testng.TestNGException: 
Data Provider public synchronized java.lang.Object[][] eraRerate.eraMassRerateTestNGSlow.dataProviderMethod3() returned a null value
at org.testng.internal.MethodInvocationHelper.invokeDataProvider(MethodInvocationHelper.java:147)
at org.testng.internal.Parameters.handleParameters(Parameters.java:797)
at org.testng.internal.Parameters.handleParameters(Parameters.java:740)
at org.testng.internal.ParameterHandler.handleParameters(ParameterHandler.java:59)
at org.testng.internal.ParameterHandler.createParameters(ParameterHandler.java:38)
at org.testng.internal.TestInvoker$MethodInvocationAgent.invoke(TestInvoker.java:789)
at org.testng.internal.TestInvoker.invokeTestMethods(TestInvoker.java:147)
at org.testng.internal.TestMethodWorker.invokeTestMethods(TestMethodWorker.java:146)
at org.testng.internal.TestMethodWorker.run(TestMethodWorker.java:128)
at java.base/java.util.concurrent.ThreadPoolExecutor.runWorker(ThreadPoolExecutor.java:1128)
at java.base/java.util.concurrent.ThreadPoolExecutor$Worker.run(ThreadPoolExecutor.java:628)
at java.base/java.lang.Thread.run(Thread.java:834)
]]>
    </error>
  </testcase> <!-- testMethod3 -->
  <system-out/>
  <testcase classname="eraRerate.eraMassRerateTestNGSlow" name="testMethod1" time="33.205"/>
  <system-out/>
  <testcase classname="eraRerate.eraMassRerateTestNGSlow" name="testMethod1" time="34.867"/>
  <system-out/>
  <testcase classname="eraRerate.eraMassRerateTestNGSlow" name="testMethod1" time="32.832"/>
  <system-out/>
  <testcase classname="eraRerate.eraMassRerateTestNGSlow" name="testMethod1" time="32.865"/>
  <system-out/>
  <testcase classname="eraRerate.eraMassRerateTestNGSlow" name="testMethod1" time="31.862"/>
  <system-out/>
  <testcase classname="eraRerate.eraMassRerateTestNGSlow" name="testMethod1" time="35.149"/>
  <system-out/>
  <testcase classname="eraRerate.eraMassRerateTestNGSlow" name="testMethod1" time="7.725"/>
  <system-out/>
  <testcase classname="eraRerate.eraMassRerateTestNGSlow" name="testMethod1" time="5.695"/>
  <system-out/>
  <testcase classname="eraRerate.eraMassRerateTestNGSlow" name="testMethod1" time="6.255"/>
  <system-out/>
  <testcase classname="eraRerate.eraMassRerateTestNGSlow" name="testMethod1" time="32.965"/>
  <system-out/>
  <testcase classname="eraRerate.eraMassRerateTestNGSlow" name="testMethod1" time="32.710"/>
  <system-out/>
  <testcase classname="eraRerate.eraMassRerateTestNGSlow" name="testMethod1" time="35.073"/>
  <system-out/>
  <testcase classname="eraRerate.eraMassRerateTestNGSlow" name="testMethod1" time="32.904"/>
  <system-out/>
  <testcase classname="eraRerate.eraMassRerateTestNGSlow" name="testMethod1" time="5.620"/>
  <system-out/>
  <testcase classname="eraRerate.eraMassRerateTestNGSlow" name="testMethod1" time="33.404"/>
  <system-out/>
  <testcase classname="eraRerate.eraMassRerateTestNGSlow" name="testMethod1" time="32.399"/>
  <system-out/>
  <testcase classname="eraRerate.eraMassRerateTestNGSlow" name="testMethod1" time="32.850"/>
  <system-out/>
  <testcase classname="eraRerate.eraMassRerateTestNGSlow" name="testMethod1" time="33.214"/>
  <system-out/>
  <testcase classname="eraRerate.eraMassRerateTestNGSlow" name="testMethod1" time="33.184"/>
  <system-out/>
  <testcase classname="eraRerate.eraMassRerateTestNGSlow" name="testMethod1" time="33.464"/>
  <system-out/>
</testsuite> <!-- eraRerate.eraMassRerateTestNGSlow -->
