<?xml version="1.0" encoding="UTF-8"?>
<!-- Generated by org.testng.reporters.JUnitReportReporter -->
<testsuite skipped="44" hostname="SQA-CRS-025" name="rebill.testngRebillSlow" tests="133" failures="9" timestamp="2020-06-28T22:27:41 CDT" time="9043.231" errors="4">
  <testcase name="testMethod1" time="43.854" classname="rebill.testngRebillSlow">
    <skipped/>
  </testcase> <!-- testMethod1 -->
  <system-out/>
  <testcase name="testMethod1" time="134.015" classname="rebill.testngRebillSlow">
    <skipped/>
  </testcase> <!-- testMethod1 -->
  <system-out/>
  <testcase name="testMethod1" time="77.930" classname="rebill.testngRebillSlow"/>
  <system-out/>
  <testcase name="testMethod1" time="57.379" classname="rebill.testngRebillSlow"/>
  <system-out/>
  <testcase name="testMethod1" time="57.584" classname="rebill.testngRebillSlow">
    <skipped/>
  </testcase> <!-- testMethod1 -->
  <system-out/>
  <testcase name="testMethod1" time="47.542" classname="rebill.testngRebillSlow">
    <skipped/>
  </testcase> <!-- testMethod1 -->
  <system-out/>
  <testcase name="testMethod1" time="56.975" classname="rebill.testngRebillSlow"/>
  <system-out/>
  <testcase name="testMethod1" time="54.538" classname="rebill.testngRebillSlow"/>
  <system-out/>
  <testcase name="testMethod1" time="51.794" classname="rebill.testngRebillSlow"/>
  <system-out/>
  <testcase name="testMethod1" time="58.837" classname="rebill.testngRebillSlow">
    <skipped/>
  </testcase> <!-- testMethod1 -->
  <system-out/>
  <testcase name="testMethod1" time="59.859" classname="rebill.testngRebillSlow"/>
  <system-out/>
  <testcase name="testMethod1" time="61.266" classname="rebill.testngRebillSlow"/>
  <system-out/>
  <testcase name="testMethod1" time="72.653" classname="rebill.testngRebillSlow">
    <skipped/>
  </testcase> <!-- testMethod1 -->
  <system-out/>
  <testcase name="testMethod1" time="49.297" classname="rebill.testngRebillSlow"/>
  <system-out/>
  <testcase name="testMethod1" time="54.670" classname="rebill.testngRebillSlow">
    <failure type="java.lang.AssertionError" message="Could Not Find Popup Or COntinue to Package Screen">
      <![CDATA[java.lang.AssertionError: Could Not Find Popup Or COntinue to Package Screen
at org.testng.Assert.fail(Assert.java:97)
at rebill.testngRebillSlow.doRebill(testngRebillSlow.java:951)
at rebill.testngRebillSlow.testMethod1(testngRebillSlow.java:639)
at sun.reflect.GeneratedMethodAccessor2.invoke(Unknown Source)
at sun.reflect.DelegatingMethodAccessorImpl.invoke(Unknown Source)
at java.lang.reflect.Method.invoke(Unknown Source)
at org.testng.internal.MethodInvocationHelper.invokeMethod(MethodInvocationHelper.java:135)
at org.testng.internal.TestInvoker.invokeMethod(TestInvoker.java:598)
at org.testng.internal.TestInvoker.retryFailed(TestInvoker.java:214)
at org.testng.internal.MethodRunner.runInSequence(MethodRunner.java:58)
at org.testng.internal.TestInvoker$MethodInvocationAgent.invoke(TestInvoker.java:821)
at org.testng.internal.TestInvoker.invokeTestMethods(TestInvoker.java:147)
at org.testng.internal.TestMethodWorker.invokeTestMethods(TestMethodWorker.java:146)
at org.testng.internal.TestMethodWorker.run(TestMethodWorker.java:128)
at java.util.concurrent.ThreadPoolExecutor.runWorker(Unknown Source)
at java.util.concurrent.ThreadPoolExecutor$Worker.run(Unknown Source)
at java.lang.Thread.run(Unknown Source)
]]>
    </failure>
  </testcase> <!-- testMethod1 -->
  <system-out/>
  <testcase name="testMethod1" time="115.397" classname="rebill.testngRebillSlow">
    <skipped/>
  </testcase> <!-- testMethod1 -->
  <system-out/>
  <testcase name="testMethod1" time="50.689" classname="rebill.testngRebillSlow"/>
  <system-out/>
  <testcase name="testMethod1" time="51.304" classname="rebill.testngRebillSlow"/>
  <system-out/>
  <testcase name="testMethod1" time="138.880" classname="rebill.testngRebillSlow">
    <skipped/>
  </testcase> <!-- testMethod1 -->
  <system-out/>
  <testcase name="testMethod1" time="139.664" classname="rebill.testngRebillSlow">
    <skipped/>
  </testcase> <!-- testMethod1 -->
  <system-out/>
  <testcase name="testMethod1" time="72.464" classname="rebill.testngRebillSlow">
    <skipped/>
  </testcase> <!-- testMethod1 -->
  <system-out/>
  <testcase name="testMethod1" time="100.904" classname="rebill.testngRebillSlow">
    <failure type="java.lang.AssertionError" message="org.openqa.selenium.NoSuchElementException: no such element: Unable to locate element: {&quot;method&quot;:&quot;xpath&quot;,&quot;selector&quot;:&quot; /html/body/div[6]/div/div/div[1]/h4&quot;}
  (Session info: chrome=83.0.4103.116)
  (Driver info: chromedriver=2.41.578737 (49da6702b16031c40d63e5618de03a32ff6c197e),platform=Windows NT 6.1.7601 SP1 x86) (WARNING: The server did not provide any stacktrace information)
Command duration or timeout: 0 milliseconds
For documentation on this error, please visit: https://www.seleniumhq.org/exceptions/no_such_element.html
Build info: version: &#039;3.141.59&#039;, revision: &#039;e82be7d358&#039;, time: &#039;2018-11-14T08:25:48&#039;
System info: host: &#039;SQA-CRS-025&#039;, ip: &#039;10.255.250.86&#039;, os.name: &#039;Windows 7&#039;, os.arch: &#039;x86&#039;, os.version: &#039;6.1&#039;, java.version: &#039;1.8.0_181&#039;
Driver info: org.openqa.selenium.chrome.ChromeDriver
Capabilities {acceptInsecureCerts: false, acceptSslCerts: false, applicationCacheEnabled: false, browserConnectionEnabled: false, browserName: chrome, chrome: {chromedriverVersion: 2.41.578737 (49da6702b16031..., userDataDir: C:\Users\FEDEXU~1\AppData\L...}, cssSelectorsEnabled: true, databaseEnabled: false, goog:chromeOptions: {debuggerAddress: localhost:51108}, handlesAlerts: true, hasTouchScreen: false, javascriptEnabled: true, locationContextEnabled: true, mobileEmulationEnabled: false, nativeEvents: true, networkConnectionEnabled: false, pageLoadStrategy: normal, platform: XP, platformName: XP, rotatable: false, setWindowRect: true, takesHeapSnapshot: true, takesScreenshot: true, unexpectedAlertBehaviour: , unhandledPromptBehavior: , version: 83.0.4103.116, webStorageEnabled: true}
Session ID: b87bffce57e1d0408f408f439a332f3f
*** Element info: {Using=xpath, value= /html/body/div[6]/div/div/div[1]/h4} Could Not find Popup">
      <![CDATA[java.lang.AssertionError: org.openqa.selenium.NoSuchElementException: no such element: Unable to locate element: {"method":"xpath","selector":" /html/body/div[6]/div/div/div[1]/h4"}
  (Session info: chrome=83.0.4103.116)
  (Driver info: chromedriver=2.41.578737 (49da6702b16031c40d63e5618de03a32ff6c197e),platform=Windows NT 6.1.7601 SP1 x86) (WARNING: The server did not provide any stacktrace information)
Command duration or timeout: 0 milliseconds
For documentation on this error, please visit: https://www.seleniumhq.org/exceptions/no_such_element.html
Build info: version: '3.141.59', revision: 'e82be7d358', time: '2018-11-14T08:25:48'
System info: host: 'SQA-CRS-025', ip: '10.255.250.86', os.name: 'Windows 7', os.arch: 'x86', os.version: '6.1', java.version: '1.8.0_181'
Driver info: org.openqa.selenium.chrome.ChromeDriver
Capabilities {acceptInsecureCerts: false, acceptSslCerts: false, applicationCacheEnabled: false, browserConnectionEnabled: false, browserName: chrome, chrome: {chromedriverVersion: 2.41.578737 (49da6702b16031..., userDataDir: C:\Users\FEDEXU~1\AppData\L...}, cssSelectorsEnabled: true, databaseEnabled: false, goog:chromeOptions: {debuggerAddress: localhost:51108}, handlesAlerts: true, hasTouchScreen: false, javascriptEnabled: true, locationContextEnabled: true, mobileEmulationEnabled: false, nativeEvents: true, networkConnectionEnabled: false, pageLoadStrategy: normal, platform: XP, platformName: XP, rotatable: false, setWindowRect: true, takesHeapSnapshot: true, takesScreenshot: true, unexpectedAlertBehaviour: , unhandledPromptBehavior: , version: 83.0.4103.116, webStorageEnabled: true}
Session ID: b87bffce57e1d0408f408f439a332f3f
*** Element info: {Using=xpath, value= /html/body/div[6]/div/div/div[1]/h4} Could Not find Popup
at org.testng.Assert.fail(Assert.java:97)
at rebill.testngRebillSlow.doRebill(testngRebillSlow.java:1191)
at rebill.testngRebillSlow.testMethod1(testngRebillSlow.java:639)
at sun.reflect.NativeMethodAccessorImpl.invoke0(Native Method)
at sun.reflect.NativeMethodAccessorImpl.invoke(Unknown Source)
at sun.reflect.DelegatingMethodAccessorImpl.invoke(Unknown Source)
at java.lang.reflect.Method.invoke(Unknown Source)
at org.testng.internal.MethodInvocationHelper.invokeMethod(MethodInvocationHelper.java:135)
at org.testng.internal.TestInvoker.invokeMethod(TestInvoker.java:598)
at org.testng.internal.TestInvoker.retryFailed(TestInvoker.java:214)
at org.testng.internal.MethodRunner.runInSequence(MethodRunner.java:58)
at org.testng.internal.TestInvoker$MethodInvocationAgent.invoke(TestInvoker.java:821)
at org.testng.internal.TestInvoker.invokeTestMethods(TestInvoker.java:147)
at org.testng.internal.TestMethodWorker.invokeTestMethods(TestMethodWorker.java:146)
at org.testng.internal.TestMethodWorker.run(TestMethodWorker.java:128)
at java.util.concurrent.ThreadPoolExecutor.runWorker(Unknown Source)
at java.util.concurrent.ThreadPoolExecutor$Worker.run(Unknown Source)
at java.lang.Thread.run(Unknown Source)
]]>
    </failure>
  </testcase> <!-- testMethod1 -->
  <system-out/>
  <testcase name="testMethod1" time="52.021" classname="rebill.testngRebillSlow"/>
  <system-out/>
  <testcase name="testMethod1" time="54.639" classname="rebill.testngRebillSlow"/>
  <system-out/>
  <testcase name="testMethod1" time="60.853" classname="rebill.testngRebillSlow"/>
  <system-out/>
  <testcase name="testMethod1" time="48.166" classname="rebill.testngRebillSlow"/>
  <system-out/>
  <testcase name="testMethod1" time="57.102" classname="rebill.testngRebillSlow">
    <skipped/>
  </testcase> <!-- testMethod1 -->
  <system-out/>
  <testcase name="testMethod1" time="152.544" classname="rebill.testngRebillSlow"/>
  <system-out/>
  <testcase name="testMethod1" time="137.731" classname="rebill.testngRebillSlow">
    <skipped/>
  </testcase> <!-- testMethod1 -->
  <system-out/>
  <testcase name="testMethod1" time="112.399" classname="rebill.testngRebillSlow">
    <skipped/>
  </testcase> <!-- testMethod1 -->
  <system-out/>
  <testcase name="testMethod1" time="50.432" classname="rebill.testngRebillSlow">
    <failure type="java.lang.AssertionError" message="Failed at Drop Down">
      <![CDATA[java.lang.AssertionError: Failed at Drop Down
at org.testng.Assert.fail(Assert.java:97)
at rebill.testngRebillSlow.doRebill(testngRebillSlow.java:1112)
at rebill.testngRebillSlow.testMethod1(testngRebillSlow.java:639)
at sun.reflect.GeneratedMethodAccessor2.invoke(Unknown Source)
at sun.reflect.DelegatingMethodAccessorImpl.invoke(Unknown Source)
at java.lang.reflect.Method.invoke(Unknown Source)
at org.testng.internal.MethodInvocationHelper.invokeMethod(MethodInvocationHelper.java:135)
at org.testng.internal.TestInvoker.invokeMethod(TestInvoker.java:598)
at org.testng.internal.TestInvoker.retryFailed(TestInvoker.java:214)
at org.testng.internal.MethodRunner.runInSequence(MethodRunner.java:58)
at org.testng.internal.TestInvoker$MethodInvocationAgent.invoke(TestInvoker.java:821)
at org.testng.internal.TestInvoker.invokeTestMethods(TestInvoker.java:147)
at org.testng.internal.TestMethodWorker.invokeTestMethods(TestMethodWorker.java:146)
at org.testng.internal.TestMethodWorker.run(TestMethodWorker.java:128)
at java.util.concurrent.ThreadPoolExecutor.runWorker(Unknown Source)
at java.util.concurrent.ThreadPoolExecutor$Worker.run(Unknown Source)
at java.lang.Thread.run(Unknown Source)
]]>
    </failure>
  </testcase> <!-- testMethod1 -->
  <system-out/>
  <testcase name="testMethod1" time="72.500" classname="rebill.testngRebillSlow">
    <skipped/>
  </testcase> <!-- testMethod1 -->
  <system-out/>
  <testcase name="testMethod1" time="53.873" classname="rebill.testngRebillSlow"/>
  <system-out/>
  <testcase name="testMethod1" time="52.628" classname="rebill.testngRebillSlow"/>
  <system-out/>
  <testcase name="testMethod1" time="89.877" classname="rebill.testngRebillSlow">
    <skipped/>
  </testcase> <!-- testMethod1 -->
  <system-out/>
  <testcase name="testMethod1" time="117.991" classname="rebill.testngRebillSlow"/>
  <system-out/>
  <testcase name="testMethod1" time="50.011" classname="rebill.testngRebillSlow"/>
  <system-out/>
  <testcase name="testMethod1" time="50.618" classname="rebill.testngRebillSlow"/>
  <system-out/>
  <testcase name="testMethod1" time="53.509" classname="rebill.testngRebillSlow"/>
  <system-out/>
  <testcase name="testMethod1" time="135.289" classname="rebill.testngRebillSlow">
    <skipped/>
  </testcase> <!-- testMethod1 -->
  <system-out/>
  <testcase name="testMethod1" time="49.323" classname="rebill.testngRebillSlow">
    <skipped/>
  </testcase> <!-- testMethod1 -->
  <system-out/>
  <testcase name="testMethod1" time="52.524" classname="rebill.testngRebillSlow"/>
  <system-out/>
  <testcase name="testMethod1" time="54.490" classname="rebill.testngRebillSlow"/>
  <system-out/>
  <testcase name="testMethod1" time="58.256" classname="rebill.testngRebillSlow"/>
  <system-out/>
  <testcase name="testMethod1" time="116.852" classname="rebill.testngRebillSlow"/>
  <system-out/>
  <testcase name="testMethod1" time="30.191" classname="rebill.testngRebillSlow">
    <skipped/>
  </testcase> <!-- testMethod1 -->
  <system-out/>
  <testcase name="testMethod1" time="57.400" classname="rebill.testngRebillSlow"/>
  <system-out/>
  <testcase name="testMethod1" time="50.565" classname="rebill.testngRebillSlow"/>
  <system-out/>
  <testcase name="testMethod1" time="137.438" classname="rebill.testngRebillSlow">
    <failure type="java.lang.AssertionError" message="org.openqa.selenium.NoSuchElementException: no such element: Unable to locate element: {&quot;method&quot;:&quot;xpath&quot;,&quot;selector&quot;:&quot;/html/body/div[6]/div/div/div[1]/div[1]/h4&quot;}
  (Session info: chrome=83.0.4103.116)
  (Driver info: chromedriver=2.41.578737 (49da6702b16031c40d63e5618de03a32ff6c197e),platform=Windows NT 6.1.7601 SP1 x86) (WARNING: The server did not provide any stacktrace information)
Command duration or timeout: 0 milliseconds
For documentation on this error, please visit: https://www.seleniumhq.org/exceptions/no_such_element.html
Build info: version: &#039;3.141.59&#039;, revision: &#039;e82be7d358&#039;, time: &#039;2018-11-14T08:25:48&#039;
System info: host: &#039;SQA-CRS-025&#039;, ip: &#039;10.255.250.86&#039;, os.name: &#039;Windows 7&#039;, os.arch: &#039;x86&#039;, os.version: &#039;6.1&#039;, java.version: &#039;1.8.0_181&#039;
Driver info: org.openqa.selenium.chrome.ChromeDriver
Capabilities {acceptInsecureCerts: false, acceptSslCerts: false, applicationCacheEnabled: false, browserConnectionEnabled: false, browserName: chrome, chrome: {chromedriverVersion: 2.41.578737 (49da6702b16031..., userDataDir: C:\Users\FEDEXU~1\AppData\L...}, cssSelectorsEnabled: true, databaseEnabled: false, goog:chromeOptions: {debuggerAddress: localhost:56704}, handlesAlerts: true, hasTouchScreen: false, javascriptEnabled: true, locationContextEnabled: true, mobileEmulationEnabled: false, nativeEvents: true, networkConnectionEnabled: false, pageLoadStrategy: normal, platform: XP, platformName: XP, rotatable: false, setWindowRect: true, takesHeapSnapshot: true, takesScreenshot: true, unexpectedAlertBehaviour: , unhandledPromptBehavior: , version: 83.0.4103.116, webStorageEnabled: true}
Session ID: 524c652b716ee1f527497108f29bf9c5
*** Element info: {Using=xpath, value=/html/body/div[6]/div/div/div[1]/div[1]/h4} Could Not Get to Rebill Screen">
      <![CDATA[java.lang.AssertionError: org.openqa.selenium.NoSuchElementException: no such element: Unable to locate element: {"method":"xpath","selector":"/html/body/div[6]/div/div/div[1]/div[1]/h4"}
  (Session info: chrome=83.0.4103.116)
  (Driver info: chromedriver=2.41.578737 (49da6702b16031c40d63e5618de03a32ff6c197e),platform=Windows NT 6.1.7601 SP1 x86) (WARNING: The server did not provide any stacktrace information)
Command duration or timeout: 0 milliseconds
For documentation on this error, please visit: https://www.seleniumhq.org/exceptions/no_such_element.html
Build info: version: '3.141.59', revision: 'e82be7d358', time: '2018-11-14T08:25:48'
System info: host: 'SQA-CRS-025', ip: '10.255.250.86', os.name: 'Windows 7', os.arch: 'x86', os.version: '6.1', java.version: '1.8.0_181'
Driver info: org.openqa.selenium.chrome.ChromeDriver
Capabilities {acceptInsecureCerts: false, acceptSslCerts: false, applicationCacheEnabled: false, browserConnectionEnabled: false, browserName: chrome, chrome: {chromedriverVersion: 2.41.578737 (49da6702b16031..., userDataDir: C:\Users\FEDEXU~1\AppData\L...}, cssSelectorsEnabled: true, databaseEnabled: false, goog:chromeOptions: {debuggerAddress: localhost:56704}, handlesAlerts: true, hasTouchScreen: false, javascriptEnabled: true, locationContextEnabled: true, mobileEmulationEnabled: false, nativeEvents: true, networkConnectionEnabled: false, pageLoadStrategy: normal, platform: XP, platformName: XP, rotatable: false, setWindowRect: true, takesHeapSnapshot: true, takesScreenshot: true, unexpectedAlertBehaviour: , unhandledPromptBehavior: , version: 83.0.4103.116, webStorageEnabled: true}
Session ID: 524c652b716ee1f527497108f29bf9c5
*** Element info: {Using=xpath, value=/html/body/div[6]/div/div/div[1]/div[1]/h4} Could Not Get to Rebill Screen
at org.testng.Assert.fail(Assert.java:97)
at rebill.testngRebillSlow.doRebill(testngRebillSlow.java:1254)
at rebill.testngRebillSlow.testMethod1(testngRebillSlow.java:639)
at sun.reflect.GeneratedMethodAccessor2.invoke(Unknown Source)
at sun.reflect.DelegatingMethodAccessorImpl.invoke(Unknown Source)
at java.lang.reflect.Method.invoke(Unknown Source)
at org.testng.internal.MethodInvocationHelper.invokeMethod(MethodInvocationHelper.java:135)
at org.testng.internal.TestInvoker.invokeMethod(TestInvoker.java:598)
at org.testng.internal.TestInvoker.retryFailed(TestInvoker.java:214)
at org.testng.internal.MethodRunner.runInSequence(MethodRunner.java:58)
at org.testng.internal.TestInvoker$MethodInvocationAgent.invoke(TestInvoker.java:821)
at org.testng.internal.TestInvoker.invokeTestMethods(TestInvoker.java:147)
at org.testng.internal.TestMethodWorker.invokeTestMethods(TestMethodWorker.java:146)
at org.testng.internal.TestMethodWorker.run(TestMethodWorker.java:128)
at java.util.concurrent.ThreadPoolExecutor.runWorker(Unknown Source)
at java.util.concurrent.ThreadPoolExecutor$Worker.run(Unknown Source)
at java.lang.Thread.run(Unknown Source)
]]>
    </failure>
  </testcase> <!-- testMethod1 -->
  <system-out/>
  <testcase name="testMethod1" time="47.719" classname="rebill.testngRebillSlow">
    <skipped/>
  </testcase> <!-- testMethod1 -->
  <system-out/>
  <testcase name="testMethod1" time="138.348" classname="rebill.testngRebillSlow">
    <skipped/>
  </testcase> <!-- testMethod1 -->
  <system-out/>
  <testcase name="testMethod1" time="47.295" classname="rebill.testngRebillSlow">
    <skipped/>
  </testcase> <!-- testMethod1 -->
  <system-out/>
  <testcase name="testMethod1" time="74.154" classname="rebill.testngRebillSlow"/>
  <system-out/>
  <testcase name="testMethod1" time="55.055" classname="rebill.testngRebillSlow">
    <failure type="java.lang.AssertionError" message="Could Not Find Popup Or COntinue to Package Screen">
      <![CDATA[java.lang.AssertionError: Could Not Find Popup Or COntinue to Package Screen
at org.testng.Assert.fail(Assert.java:97)
at rebill.testngRebillSlow.doRebill(testngRebillSlow.java:951)
at rebill.testngRebillSlow.testMethod1(testngRebillSlow.java:639)
at sun.reflect.GeneratedMethodAccessor2.invoke(Unknown Source)
at sun.reflect.DelegatingMethodAccessorImpl.invoke(Unknown Source)
at java.lang.reflect.Method.invoke(Unknown Source)
at org.testng.internal.MethodInvocationHelper.invokeMethod(MethodInvocationHelper.java:135)
at org.testng.internal.TestInvoker.invokeMethod(TestInvoker.java:598)
at org.testng.internal.TestInvoker.retryFailed(TestInvoker.java:214)
at org.testng.internal.MethodRunner.runInSequence(MethodRunner.java:58)
at org.testng.internal.TestInvoker$MethodInvocationAgent.invoke(TestInvoker.java:821)
at org.testng.internal.TestInvoker.invokeTestMethods(TestInvoker.java:147)
at org.testng.internal.TestMethodWorker.invokeTestMethods(TestMethodWorker.java:146)
at org.testng.internal.TestMethodWorker.run(TestMethodWorker.java:128)
at java.util.concurrent.ThreadPoolExecutor.runWorker(Unknown Source)
at java.util.concurrent.ThreadPoolExecutor$Worker.run(Unknown Source)
at java.lang.Thread.run(Unknown Source)
]]>
    </failure>
  </testcase> <!-- testMethod1 -->
  <system-out/>
  <testcase name="testMethod1" time="74.439" classname="rebill.testngRebillSlow">
    <failure type="java.lang.AssertionError" message="org.openqa.selenium.NoSuchElementException: no such element: Unable to locate element: {&quot;method&quot;:&quot;xpath&quot;,&quot;selector&quot;:&quot; /html/body/div[6]/div/div/div[1]/h4&quot;}
  (Session info: chrome=83.0.4103.116)
  (Driver info: chromedriver=2.41.578737 (49da6702b16031c40d63e5618de03a32ff6c197e),platform=Windows NT 6.1.7601 SP1 x86) (WARNING: The server did not provide any stacktrace information)
Command duration or timeout: 0 milliseconds
For documentation on this error, please visit: https://www.seleniumhq.org/exceptions/no_such_element.html
Build info: version: &#039;3.141.59&#039;, revision: &#039;e82be7d358&#039;, time: &#039;2018-11-14T08:25:48&#039;
System info: host: &#039;SQA-CRS-025&#039;, ip: &#039;10.255.250.86&#039;, os.name: &#039;Windows 7&#039;, os.arch: &#039;x86&#039;, os.version: &#039;6.1&#039;, java.version: &#039;1.8.0_181&#039;
Driver info: org.openqa.selenium.chrome.ChromeDriver
Capabilities {acceptInsecureCerts: false, acceptSslCerts: false, applicationCacheEnabled: false, browserConnectionEnabled: false, browserName: chrome, chrome: {chromedriverVersion: 2.41.578737 (49da6702b16031..., userDataDir: C:\Users\FEDEXU~1\AppData\L...}, cssSelectorsEnabled: true, databaseEnabled: false, goog:chromeOptions: {debuggerAddress: localhost:62190}, handlesAlerts: true, hasTouchScreen: false, javascriptEnabled: true, locationContextEnabled: true, mobileEmulationEnabled: false, nativeEvents: true, networkConnectionEnabled: false, pageLoadStrategy: normal, platform: XP, platformName: XP, rotatable: false, setWindowRect: true, takesHeapSnapshot: true, takesScreenshot: true, unexpectedAlertBehaviour: , unhandledPromptBehavior: , version: 83.0.4103.116, webStorageEnabled: true}
Session ID: 4c3e585041b703534f91031951fdfd52
*** Element info: {Using=xpath, value= /html/body/div[6]/div/div/div[1]/h4} Could Not find Popup">
      <![CDATA[java.lang.AssertionError: org.openqa.selenium.NoSuchElementException: no such element: Unable to locate element: {"method":"xpath","selector":" /html/body/div[6]/div/div/div[1]/h4"}
  (Session info: chrome=83.0.4103.116)
  (Driver info: chromedriver=2.41.578737 (49da6702b16031c40d63e5618de03a32ff6c197e),platform=Windows NT 6.1.7601 SP1 x86) (WARNING: The server did not provide any stacktrace information)
Command duration or timeout: 0 milliseconds
For documentation on this error, please visit: https://www.seleniumhq.org/exceptions/no_such_element.html
Build info: version: '3.141.59', revision: 'e82be7d358', time: '2018-11-14T08:25:48'
System info: host: 'SQA-CRS-025', ip: '10.255.250.86', os.name: 'Windows 7', os.arch: 'x86', os.version: '6.1', java.version: '1.8.0_181'
Driver info: org.openqa.selenium.chrome.ChromeDriver
Capabilities {acceptInsecureCerts: false, acceptSslCerts: false, applicationCacheEnabled: false, browserConnectionEnabled: false, browserName: chrome, chrome: {chromedriverVersion: 2.41.578737 (49da6702b16031..., userDataDir: C:\Users\FEDEXU~1\AppData\L...}, cssSelectorsEnabled: true, databaseEnabled: false, goog:chromeOptions: {debuggerAddress: localhost:62190}, handlesAlerts: true, hasTouchScreen: false, javascriptEnabled: true, locationContextEnabled: true, mobileEmulationEnabled: false, nativeEvents: true, networkConnectionEnabled: false, pageLoadStrategy: normal, platform: XP, platformName: XP, rotatable: false, setWindowRect: true, takesHeapSnapshot: true, takesScreenshot: true, unexpectedAlertBehaviour: , unhandledPromptBehavior: , version: 83.0.4103.116, webStorageEnabled: true}
Session ID: 4c3e585041b703534f91031951fdfd52
*** Element info: {Using=xpath, value= /html/body/div[6]/div/div/div[1]/h4} Could Not find Popup
at org.testng.Assert.fail(Assert.java:97)
at rebill.testngRebillSlow.doRebill(testngRebillSlow.java:1191)
at rebill.testngRebillSlow.testMethod1(testngRebillSlow.java:639)
at sun.reflect.GeneratedMethodAccessor2.invoke(Unknown Source)
at sun.reflect.DelegatingMethodAccessorImpl.invoke(Unknown Source)
at java.lang.reflect.Method.invoke(Unknown Source)
at org.testng.internal.MethodInvocationHelper.invokeMethod(MethodInvocationHelper.java:135)
at org.testng.internal.TestInvoker.invokeMethod(TestInvoker.java:598)
at org.testng.internal.TestInvoker.retryFailed(TestInvoker.java:214)
at org.testng.internal.MethodRunner.runInSequence(MethodRunner.java:58)
at org.testng.internal.TestInvoker$MethodInvocationAgent.invoke(TestInvoker.java:821)
at org.testng.internal.TestInvoker.invokeTestMethods(TestInvoker.java:147)
at org.testng.internal.TestMethodWorker.invokeTestMethods(TestMethodWorker.java:146)
at org.testng.internal.TestMethodWorker.run(TestMethodWorker.java:128)
at java.util.concurrent.ThreadPoolExecutor.runWorker(Unknown Source)
at java.util.concurrent.ThreadPoolExecutor$Worker.run(Unknown Source)
at java.lang.Thread.run(Unknown Source)
]]>
    </failure>
  </testcase> <!-- testMethod1 -->
  <system-out/>
  <testcase name="testMethod1" time="137.189" classname="rebill.testngRebillSlow">
    <skipped/>
  </testcase> <!-- testMethod1 -->
  <system-out/>
  <testcase name="testMethod1" time="104.941" classname="rebill.testngRebillSlow">
    <skipped/>
  </testcase> <!-- testMethod1 -->
  <system-out/>
  <testcase name="testMethod1" time="69.509" classname="rebill.testngRebillSlow">
    <failure type="java.lang.AssertionError" message="Failed at Drop Down">
      <![CDATA[java.lang.AssertionError: Failed at Drop Down
at org.testng.Assert.fail(Assert.java:97)
at rebill.testngRebillSlow.doRebill(testngRebillSlow.java:1112)
at rebill.testngRebillSlow.testMethod1(testngRebillSlow.java:639)
at sun.reflect.GeneratedMethodAccessor2.invoke(Unknown Source)
at sun.reflect.DelegatingMethodAccessorImpl.invoke(Unknown Source)
at java.lang.reflect.Method.invoke(Unknown Source)
at org.testng.internal.MethodInvocationHelper.invokeMethod(MethodInvocationHelper.java:135)
at org.testng.internal.TestInvoker.invokeMethod(TestInvoker.java:598)
at org.testng.internal.TestInvoker.retryFailed(TestInvoker.java:214)
at org.testng.internal.MethodRunner.runInSequence(MethodRunner.java:58)
at org.testng.internal.TestInvoker$MethodInvocationAgent.invoke(TestInvoker.java:821)
at org.testng.internal.TestInvoker.invokeTestMethods(TestInvoker.java:147)
at org.testng.internal.TestMethodWorker.invokeTestMethods(TestMethodWorker.java:146)
at org.testng.internal.TestMethodWorker.run(TestMethodWorker.java:128)
at java.util.concurrent.ThreadPoolExecutor.runWorker(Unknown Source)
at java.util.concurrent.ThreadPoolExecutor$Worker.run(Unknown Source)
at java.lang.Thread.run(Unknown Source)
]]>
    </failure>
  </testcase> <!-- testMethod1 -->
  <system-out/>
  <testcase name="testMethod1" time="79.105" classname="rebill.testngRebillSlow">
    <skipped/>
  </testcase> <!-- testMethod1 -->
  <system-out/>
  <testcase name="testMethod1" time="51.666" classname="rebill.testngRebillSlow">
    <skipped/>
  </testcase> <!-- testMethod1 -->
  <system-out/>
  <testcase name="testMethod1" time="113.596" classname="rebill.testngRebillSlow">
    <skipped/>
  </testcase> <!-- testMethod1 -->
  <system-out/>
  <testcase name="testMethod1" time="50.057" classname="rebill.testngRebillSlow"/>
  <system-out/>
  <testcase name="testMethod1" time="55.410" classname="rebill.testngRebillSlow"/>
  <system-out/>
  <testcase name="testMethod1" time="9.588" classname="rebill.testngRebillSlow"/>
  <system-out/>
  <testcase name="testMethod1" time="58.233" classname="rebill.testngRebillSlow"/>
  <system-out/>
  <testcase name="testMethod1" time="83.503" classname="rebill.testngRebillSlow"/>
  <system-out/>
  <testcase name="testMethod1" time="11.260" classname="rebill.testngRebillSlow"/>
  <system-out/>
  <testcase name="testMethod1" time="140.448" classname="rebill.testngRebillSlow">
    <skipped/>
  </testcase> <!-- testMethod1 -->
  <system-out/>
  <testcase name="testMethod1" time="51.410" classname="rebill.testngRebillSlow"/>
  <system-out/>
  <testcase name="testMethod1" time="52.182" classname="rebill.testngRebillSlow"/>
  <system-out/>
  <testcase name="testMethod1" time="28.353" classname="rebill.testngRebillSlow">
    <failure type="java.lang.AssertionError" message="Failed Trying to Rebill..">
      <![CDATA[java.lang.AssertionError: Failed Trying to Rebill..
at org.testng.Assert.fail(Assert.java:97)
at rebill.testngRebillSlow.doRebill(testngRebillSlow.java:1382)
at rebill.testngRebillSlow.testMethod1(testngRebillSlow.java:639)
at sun.reflect.GeneratedMethodAccessor2.invoke(Unknown Source)
at sun.reflect.DelegatingMethodAccessorImpl.invoke(Unknown Source)
at java.lang.reflect.Method.invoke(Unknown Source)
at org.testng.internal.MethodInvocationHelper.invokeMethod(MethodInvocationHelper.java:135)
at org.testng.internal.TestInvoker.invokeMethod(TestInvoker.java:598)
at org.testng.internal.TestInvoker.retryFailed(TestInvoker.java:214)
at org.testng.internal.MethodRunner.runInSequence(MethodRunner.java:58)
at org.testng.internal.TestInvoker$MethodInvocationAgent.invoke(TestInvoker.java:821)
at org.testng.internal.TestInvoker.invokeTestMethods(TestInvoker.java:147)
at org.testng.internal.TestMethodWorker.invokeTestMethods(TestMethodWorker.java:146)
at org.testng.internal.TestMethodWorker.run(TestMethodWorker.java:128)
at java.util.concurrent.ThreadPoolExecutor.runWorker(Unknown Source)
at java.util.concurrent.ThreadPoolExecutor$Worker.run(Unknown Source)
at java.lang.Thread.run(Unknown Source)
]]>
    </failure>
  </testcase> <!-- testMethod1 -->
  <system-out/>
  <testcase name="testMethod1" time="51.008" classname="rebill.testngRebillSlow"/>
  <system-out/>
  <testcase name="testMethod1" time="81.056" classname="rebill.testngRebillSlow">
    <skipped/>
  </testcase> <!-- testMethod1 -->
  <system-out/>
  <testcase name="testMethod1" time="61.105" classname="rebill.testngRebillSlow"/>
  <system-out/>
  <testcase name="testMethod1" time="52.836" classname="rebill.testngRebillSlow">
    <skipped/>
  </testcase> <!-- testMethod1 -->
  <system-out/>
  <testcase name="testMethod1" time="12.151" classname="rebill.testngRebillSlow"/>
  <system-out/>
  <testcase name="testMethod1" time="53.999" classname="rebill.testngRebillSlow"/>
  <system-out/>
  <testcase name="testMethod1" time="62.205" classname="rebill.testngRebillSlow"/>
  <system-out/>
  <testcase name="testMethod1" time="50.386" classname="rebill.testngRebillSlow"/>
  <system-out/>
  <testcase name="testMethod1" time="116.630" classname="rebill.testngRebillSlow"/>
  <system-out/>
  <testcase name="testMethod1" time="55.906" classname="rebill.testngRebillSlow"/>
  <system-out/>
  <testcase name="testMethod1" time="47.629" classname="rebill.testngRebillSlow">
    <error type="java.lang.NullPointerException">
      <![CDATA[java.lang.NullPointerException
at rebill.testngRebillSlow.validateResults(testngRebillSlow.java:1596)
at rebill.testngRebillSlow.doRebill(testngRebillSlow.java:1397)
at rebill.testngRebillSlow.testMethod1(testngRebillSlow.java:639)
at sun.reflect.GeneratedMethodAccessor2.invoke(Unknown Source)
at sun.reflect.DelegatingMethodAccessorImpl.invoke(Unknown Source)
at java.lang.reflect.Method.invoke(Unknown Source)
at org.testng.internal.MethodInvocationHelper.invokeMethod(MethodInvocationHelper.java:135)
at org.testng.internal.TestInvoker.invokeMethod(TestInvoker.java:598)
at org.testng.internal.TestInvoker.retryFailed(TestInvoker.java:214)
at org.testng.internal.MethodRunner.runInSequence(MethodRunner.java:58)
at org.testng.internal.TestInvoker$MethodInvocationAgent.invoke(TestInvoker.java:821)
at org.testng.internal.TestInvoker.invokeTestMethods(TestInvoker.java:147)
at org.testng.internal.TestMethodWorker.invokeTestMethods(TestMethodWorker.java:146)
at org.testng.internal.TestMethodWorker.run(TestMethodWorker.java:128)
at java.util.concurrent.ThreadPoolExecutor.runWorker(Unknown Source)
at java.util.concurrent.ThreadPoolExecutor$Worker.run(Unknown Source)
at java.lang.Thread.run(Unknown Source)
]]>
    </error>
  </testcase> <!-- testMethod1 -->
  <system-out/>
  <testcase name="testMethod1" time="61.682" classname="rebill.testngRebillSlow"/>
  <system-out/>
  <testcase name="testMethod1" time="51.230" classname="rebill.testngRebillSlow"/>
  <system-out/>
  <testcase name="testMethod1" time="83.215" classname="rebill.testngRebillSlow">
    <skipped/>
  </testcase> <!-- testMethod1 -->
  <system-out/>
  <testcase name="testMethod4" time="0.000" classname="rebill.testngRebillSlow">
    <error type="org.testng.TestNGException" message="
Data Provider public synchronized java.lang.Object[][] rebill.testngRebillSlow.dataProviderMethod4() returned a null value">
      <![CDATA[org.testng.TestNGException: 
Data Provider public synchronized java.lang.Object[][] rebill.testngRebillSlow.dataProviderMethod4() returned a null value
at org.testng.internal.MethodInvocationHelper.invokeDataProvider(MethodInvocationHelper.java:150)
at org.testng.internal.Parameters.handleParameters(Parameters.java:797)
at org.testng.internal.Parameters.handleParameters(Parameters.java:740)
at org.testng.internal.ParameterHandler.handleParameters(ParameterHandler.java:59)
at org.testng.internal.ParameterHandler.createParameters(ParameterHandler.java:38)
at org.testng.internal.TestInvoker$MethodInvocationAgent.invoke(TestInvoker.java:788)
at org.testng.internal.TestInvoker.invokeTestMethods(TestInvoker.java:147)
at org.testng.internal.TestMethodWorker.invokeTestMethods(TestMethodWorker.java:146)
at org.testng.internal.TestMethodWorker.run(TestMethodWorker.java:128)
at java.util.concurrent.ThreadPoolExecutor.runWorker(Unknown Source)
at java.util.concurrent.ThreadPoolExecutor$Worker.run(Unknown Source)
at java.lang.Thread.run(Unknown Source)
]]>
    </error>
  </testcase> <!-- testMethod4 -->
  <system-out/>
  <testcase name="testMethod1" time="54.433" classname="rebill.testngRebillSlow">
    <skipped/>
  </testcase> <!-- testMethod1 -->
  <system-out/>
  <testcase name="testMethod1" time="174.797" classname="rebill.testngRebillSlow">
    <skipped/>
  </testcase> <!-- testMethod1 -->
  <system-out/>
  <testcase name="testMethod1" time="58.440" classname="rebill.testngRebillSlow"/>
  <system-out/>
  <testcase name="testMethod1" time="34.340" classname="rebill.testngRebillSlow">
    <skipped/>
  </testcase> <!-- testMethod1 -->
  <system-out/>
  <testcase name="testMethod1" time="50.495" classname="rebill.testngRebillSlow">
    <skipped/>
  </testcase> <!-- testMethod1 -->
  <system-out/>
  <testcase name="testMethod1" time="48.608" classname="rebill.testngRebillSlow"/>
  <system-out/>
  <testcase name="testMethod1" time="49.914" classname="rebill.testngRebillSlow"/>
  <system-out/>
  <testcase name="testMethod1" time="50.066" classname="rebill.testngRebillSlow"/>
  <system-out/>
  <testcase name="testMethod1" time="55.186" classname="rebill.testngRebillSlow"/>
  <system-out/>
  <testcase name="testMethod1" time="114.450" classname="rebill.testngRebillSlow">
    <failure type="java.lang.AssertionError" message="org.openqa.selenium.NoSuchElementException: no such element: Unable to locate element: {&quot;method&quot;:&quot;xpath&quot;,&quot;selector&quot;:&quot; /html/body/div[6]/div/div/div[1]/h4&quot;}
  (Session info: chrome=83.0.4103.116)
  (Driver info: chromedriver=2.41.578737 (49da6702b16031c40d63e5618de03a32ff6c197e),platform=Windows NT 6.1.7601 SP1 x86) (WARNING: The server did not provide any stacktrace information)
Command duration or timeout: 0 milliseconds
For documentation on this error, please visit: https://www.seleniumhq.org/exceptions/no_such_element.html
Build info: version: &#039;3.141.59&#039;, revision: &#039;e82be7d358&#039;, time: &#039;2018-11-14T08:25:48&#039;
System info: host: &#039;SQA-CRS-025&#039;, ip: &#039;10.255.250.86&#039;, os.name: &#039;Windows 7&#039;, os.arch: &#039;x86&#039;, os.version: &#039;6.1&#039;, java.version: &#039;1.8.0_181&#039;
Driver info: org.openqa.selenium.chrome.ChromeDriver
Capabilities {acceptInsecureCerts: false, acceptSslCerts: false, applicationCacheEnabled: false, browserConnectionEnabled: false, browserName: chrome, chrome: {chromedriverVersion: 2.41.578737 (49da6702b16031..., userDataDir: C:\Users\FEDEXU~1\AppData\L...}, cssSelectorsEnabled: true, databaseEnabled: false, goog:chromeOptions: {debuggerAddress: localhost:54594}, handlesAlerts: true, hasTouchScreen: false, javascriptEnabled: true, locationContextEnabled: true, mobileEmulationEnabled: false, nativeEvents: true, networkConnectionEnabled: false, pageLoadStrategy: normal, platform: XP, platformName: XP, rotatable: false, setWindowRect: true, takesHeapSnapshot: true, takesScreenshot: true, unexpectedAlertBehaviour: , unhandledPromptBehavior: , version: 83.0.4103.116, webStorageEnabled: true}
Session ID: 9359fe423a6f23cc69b091185a5e6bb6
*** Element info: {Using=xpath, value= /html/body/div[6]/div/div/div[1]/h4} Could Not find Popup">
      <![CDATA[java.lang.AssertionError: org.openqa.selenium.NoSuchElementException: no such element: Unable to locate element: {"method":"xpath","selector":" /html/body/div[6]/div/div/div[1]/h4"}
  (Session info: chrome=83.0.4103.116)
  (Driver info: chromedriver=2.41.578737 (49da6702b16031c40d63e5618de03a32ff6c197e),platform=Windows NT 6.1.7601 SP1 x86) (WARNING: The server did not provide any stacktrace information)
Command duration or timeout: 0 milliseconds
For documentation on this error, please visit: https://www.seleniumhq.org/exceptions/no_such_element.html
Build info: version: '3.141.59', revision: 'e82be7d358', time: '2018-11-14T08:25:48'
System info: host: 'SQA-CRS-025', ip: '10.255.250.86', os.name: 'Windows 7', os.arch: 'x86', os.version: '6.1', java.version: '1.8.0_181'
Driver info: org.openqa.selenium.chrome.ChromeDriver
Capabilities {acceptInsecureCerts: false, acceptSslCerts: false, applicationCacheEnabled: false, browserConnectionEnabled: false, browserName: chrome, chrome: {chromedriverVersion: 2.41.578737 (49da6702b16031..., userDataDir: C:\Users\FEDEXU~1\AppData\L...}, cssSelectorsEnabled: true, databaseEnabled: false, goog:chromeOptions: {debuggerAddress: localhost:54594}, handlesAlerts: true, hasTouchScreen: false, javascriptEnabled: true, locationContextEnabled: true, mobileEmulationEnabled: false, nativeEvents: true, networkConnectionEnabled: false, pageLoadStrategy: normal, platform: XP, platformName: XP, rotatable: false, setWindowRect: true, takesHeapSnapshot: true, takesScreenshot: true, unexpectedAlertBehaviour: , unhandledPromptBehavior: , version: 83.0.4103.116, webStorageEnabled: true}
Session ID: 9359fe423a6f23cc69b091185a5e6bb6
*** Element info: {Using=xpath, value= /html/body/div[6]/div/div/div[1]/h4} Could Not find Popup
at org.testng.Assert.fail(Assert.java:97)
at rebill.testngRebillSlow.doRebill(testngRebillSlow.java:1191)
at rebill.testngRebillSlow.testMethod1(testngRebillSlow.java:639)
at sun.reflect.GeneratedMethodAccessor2.invoke(Unknown Source)
at sun.reflect.DelegatingMethodAccessorImpl.invoke(Unknown Source)
at java.lang.reflect.Method.invoke(Unknown Source)
at org.testng.internal.MethodInvocationHelper.invokeMethod(MethodInvocationHelper.java:135)
at org.testng.internal.TestInvoker.invokeMethod(TestInvoker.java:598)
at org.testng.internal.TestInvoker.retryFailed(TestInvoker.java:214)
at org.testng.internal.MethodRunner.runInSequence(MethodRunner.java:58)
at org.testng.internal.TestInvoker$MethodInvocationAgent.invoke(TestInvoker.java:821)
at org.testng.internal.TestInvoker.invokeTestMethods(TestInvoker.java:147)
at org.testng.internal.TestMethodWorker.invokeTestMethods(TestMethodWorker.java:146)
at org.testng.internal.TestMethodWorker.run(TestMethodWorker.java:128)
at java.util.concurrent.ThreadPoolExecutor.runWorker(Unknown Source)
at java.util.concurrent.ThreadPoolExecutor$Worker.run(Unknown Source)
at java.lang.Thread.run(Unknown Source)
]]>
    </failure>
  </testcase> <!-- testMethod1 -->
  <system-out/>
  <testcase name="testMethod1" time="50.058" classname="rebill.testngRebillSlow"/>
  <system-out/>
  <testcase name="testMethod1" time="200.382" classname="rebill.testngRebillSlow">
    <skipped/>
  </testcase> <!-- testMethod1 -->
  <system-out/>
  <testcase name="testMethod1" time="77.549" classname="rebill.testngRebillSlow">
    <skipped/>
  </testcase> <!-- testMethod1 -->
  <system-out/>
  <testcase name="testMethod1" time="49.635" classname="rebill.testngRebillSlow"/>
  <system-out/>
  <testcase name="testMethod1" time="77.139" classname="rebill.testngRebillSlow"/>
  <system-out/>
  <testcase name="testMethod1" time="52.781" classname="rebill.testngRebillSlow">
    <skipped/>
  </testcase> <!-- testMethod1 -->
  <system-out/>
  <testcase name="testMethod1" time="30.336" classname="rebill.testngRebillSlow">
    <skipped/>
  </testcase> <!-- testMethod1 -->
  <system-out/>
  <testcase name="testMethod1" time="48.670" classname="rebill.testngRebillSlow"/>
  <system-out/>
  <testcase name="testMethod2" time="0.000" classname="rebill.testngRebillSlow">
    <error type="org.testng.TestNGException" message="
Data Provider public synchronized java.lang.Object[][] rebill.testngRebillSlow.dataProviderMethod2() returned a null value">
      <![CDATA[org.testng.TestNGException: 
Data Provider public synchronized java.lang.Object[][] rebill.testngRebillSlow.dataProviderMethod2() returned a null value
at org.testng.internal.MethodInvocationHelper.invokeDataProvider(MethodInvocationHelper.java:150)
at org.testng.internal.Parameters.handleParameters(Parameters.java:797)
at org.testng.internal.Parameters.handleParameters(Parameters.java:740)
at org.testng.internal.ParameterHandler.handleParameters(ParameterHandler.java:59)
at org.testng.internal.ParameterHandler.createParameters(ParameterHandler.java:38)
at org.testng.internal.TestInvoker$MethodInvocationAgent.invoke(TestInvoker.java:788)
at org.testng.internal.TestInvoker.invokeTestMethods(TestInvoker.java:147)
at org.testng.internal.TestMethodWorker.invokeTestMethods(TestMethodWorker.java:146)
at org.testng.internal.TestMethodWorker.run(TestMethodWorker.java:128)
at java.util.concurrent.ThreadPoolExecutor.runWorker(Unknown Source)
at java.util.concurrent.ThreadPoolExecutor$Worker.run(Unknown Source)
at java.lang.Thread.run(Unknown Source)
]]>
    </error>
  </testcase> <!-- testMethod2 -->
  <system-out/>
  <testcase name="testMethod1" time="58.845" classname="rebill.testngRebillSlow"/>
  <system-out/>
  <testcase name="testMethod1" time="50.307" classname="rebill.testngRebillSlow"/>
  <system-out/>
  <testcase name="testMethod1" time="128.142" classname="rebill.testngRebillSlow"/>
  <system-out/>
  <testcase name="testMethod1" time="53.376" classname="rebill.testngRebillSlow"/>
  <system-out/>
  <testcase name="testMethod1" time="126.747" classname="rebill.testngRebillSlow"/>
  <system-out/>
  <testcase name="testMethod1" time="55.375" classname="rebill.testngRebillSlow">
    <skipped/>
  </testcase> <!-- testMethod1 -->
  <system-out/>
  <testcase name="testMethod1" time="136.703" classname="rebill.testngRebillSlow">
    <skipped/>
  </testcase> <!-- testMethod1 -->
  <system-out/>
  <testcase name="testMethod1" time="52.557" classname="rebill.testngRebillSlow"/>
  <system-out/>
  <testcase name="testMethod1" time="43.282" classname="rebill.testngRebillSlow">
    <skipped/>
  </testcase> <!-- testMethod1 -->
  <system-out/>
  <testcase name="testMethod1" time="55.181" classname="rebill.testngRebillSlow"/>
  <system-out/>
  <testcase name="testMethod1" time="51.934" classname="rebill.testngRebillSlow"/>
  <system-out/>
  <testcase name="testMethod1" time="52.289" classname="rebill.testngRebillSlow"/>
  <system-out/>
  <testcase name="testMethod1" time="136.483" classname="rebill.testngRebillSlow">
    <skipped/>
  </testcase> <!-- testMethod1 -->
  <system-out/>
  <testcase name="testMethod1" time="54.655" classname="rebill.testngRebillSlow"/>
  <system-out/>
  <testcase name="testMethod1" time="53.095" classname="rebill.testngRebillSlow"/>
  <system-out/>
  <testcase name="testMethod1" time="49.957" classname="rebill.testngRebillSlow"/>
  <system-out/>
  <testcase name="testMethod1" time="52.944" classname="rebill.testngRebillSlow"/>
  <system-out/>
  <testcase name="testMethod1" time="54.547" classname="rebill.testngRebillSlow">
    <skipped/>
  </testcase> <!-- testMethod1 -->
  <system-out/>
  <testcase name="testMethod1" time="50.499" classname="rebill.testngRebillSlow"/>
  <system-out/>
  <testcase name="testMethod1" time="54.520" classname="rebill.testngRebillSlow"/>
  <system-out/>
  <testcase name="testMethod1" time="54.950" classname="rebill.testngRebillSlow"/>
  <system-out/>
  <testcase name="testMethod3" time="0.000" classname="rebill.testngRebillSlow">
    <error type="org.testng.TestNGException" message="
Data Provider public synchronized java.lang.Object[][] rebill.testngRebillSlow.dataProviderMethod3() returned a null value">
      <![CDATA[org.testng.TestNGException: 
Data Provider public synchronized java.lang.Object[][] rebill.testngRebillSlow.dataProviderMethod3() returned a null value
at org.testng.internal.MethodInvocationHelper.invokeDataProvider(MethodInvocationHelper.java:150)
at org.testng.internal.Parameters.handleParameters(Parameters.java:797)
at org.testng.internal.Parameters.handleParameters(Parameters.java:740)
at org.testng.internal.ParameterHandler.handleParameters(ParameterHandler.java:59)
at org.testng.internal.ParameterHandler.createParameters(ParameterHandler.java:38)
at org.testng.internal.TestInvoker$MethodInvocationAgent.invoke(TestInvoker.java:788)
at org.testng.internal.TestInvoker.invokeTestMethods(TestInvoker.java:147)
at org.testng.internal.TestMethodWorker.invokeTestMethods(TestMethodWorker.java:146)
at org.testng.internal.TestMethodWorker.run(TestMethodWorker.java:128)
at java.util.concurrent.ThreadPoolExecutor.runWorker(Unknown Source)
at java.util.concurrent.ThreadPoolExecutor$Worker.run(Unknown Source)
at java.lang.Thread.run(Unknown Source)
]]>
    </error>
  </testcase> <!-- testMethod3 -->
  <system-out/>
  <testcase name="testMethod1" time="138.330" classname="rebill.testngRebillSlow">
    <skipped/>
  </testcase> <!-- testMethod1 -->
  <system-out/>
  <testcase name="testMethod1" time="51.542" classname="rebill.testngRebillSlow"/>
  <system-out/>
  <testcase name="testMethod1" time="1.329" classname="rebill.testngRebillSlow"/>
  <system-out/>
  <testcase name="testMethod1" time="50.589" classname="rebill.testngRebillSlow"/>
  <system-out/>
  <testcase name="testMethod1" time="54.314" classname="rebill.testngRebillSlow"/>
  <system-out/>
  <testcase name="testMethod1" time="52.245" classname="rebill.testngRebillSlow"/>
  <system-out/>
</testsuite> <!-- rebill.testngRebillSlow -->
