<?xml version="1.0" encoding="UTF-8"?>
<!-- Generated by org.testng.reporters.JUnitReportReporter -->
<testsuite skipped="0" hostname="SQA-CRS-025" name="prerate.prerateTestNGSlow" tests="27" failures="2" timestamp="2020-05-18T10:22:01 CDT" time="1070.445" errors="3">
  <testcase name="testMethod1" time="52.642" classname="prerate.prerateTestNGSlow"/>
  <system-out/>
  <testcase name="testMethod1" time="51.591" classname="prerate.prerateTestNGSlow"/>
  <system-out/>
  <testcase name="testMethod1" time="52.395" classname="prerate.prerateTestNGSlow"/>
  <system-out/>
  <testcase name="testMethod1" time="51.310" classname="prerate.prerateTestNGSlow"/>
  <system-out/>
  <testcase name="testMethod1" time="0.837" classname="prerate.prerateTestNGSlow"/>
  <system-out/>
  <testcase name="testMethod3" time="0.000" classname="prerate.prerateTestNGSlow">
    <error type="org.testng.TestNGException" message="
Data Provider public synchronized java.lang.Object[][] prerate.prerateTestNGSlow.dataProviderMethod3() returned a null value">
      <![CDATA[org.testng.TestNGException: 
Data Provider public synchronized java.lang.Object[][] prerate.prerateTestNGSlow.dataProviderMethod3() returned a null value
at org.testng.internal.MethodInvocationHelper.invokeDataProvider(MethodInvocationHelper.java:150)
at org.testng.internal.Parameters.handleParameters(Parameters.java:797)
at org.testng.internal.Parameters.handleParameters(Parameters.java:740)
at org.testng.internal.ParameterHandler.handleParameters(ParameterHandler.java:59)
at org.testng.internal.ParameterHandler.createParameters(ParameterHandler.java:38)
at org.testng.internal.TestInvoker$MethodInvocationAgent.invoke(TestInvoker.java:788)
at org.testng.internal.TestInvoker.invokeTestMethods(TestInvoker.java:147)
at org.testng.internal.TestMethodWorker.invokeTestMethods(TestMethodWorker.java:146)
at org.testng.internal.TestMethodWorker.run(TestMethodWorker.java:128)
at java.util.concurrent.ThreadPoolExecutor.runWorker(ThreadPoolExecutor.java:1149)
at java.util.concurrent.ThreadPoolExecutor$Worker.run(ThreadPoolExecutor.java:624)
at java.lang.Thread.run(Thread.java:748)
]]>
    </error>
  </testcase> <!-- testMethod3 -->
  <system-out/>
  <testcase name="testMethod1" time="57.181" classname="prerate.prerateTestNGSlow"/>
  <system-out/>
  <testcase name="testMethod1" time="27.972" classname="prerate.prerateTestNGSlow"/>
  <system-out/>
  <testcase name="testMethod1" time="42.134" classname="prerate.prerateTestNGSlow">
    <failure type="java.lang.AssertionError" message="Override Disabled.">
      <![CDATA[java.lang.AssertionError: Override Disabled.
at org.testng.Assert.fail(Assert.java:97)
at prerate.prerateTestNGSlow.doPrerate(prerateTestNGSlow.java:1020)
at prerate.prerateTestNGSlow.testMethod1(prerateTestNGSlow.java:530)
at sun.reflect.NativeMethodAccessorImpl.invoke0(Native Method)
at sun.reflect.NativeMethodAccessorImpl.invoke(NativeMethodAccessorImpl.java:62)
at sun.reflect.DelegatingMethodAccessorImpl.invoke(DelegatingMethodAccessorImpl.java:43)
at java.lang.reflect.Method.invoke(Method.java:498)
at org.testng.internal.MethodInvocationHelper.invokeMethod(MethodInvocationHelper.java:135)
at org.testng.internal.TestInvoker.invokeMethod(TestInvoker.java:598)
at org.testng.internal.TestInvoker.invokeTestMethod(TestInvoker.java:174)
at org.testng.internal.MethodRunner.runInSequence(MethodRunner.java:46)
at org.testng.internal.TestInvoker$MethodInvocationAgent.invoke(TestInvoker.java:821)
at org.testng.internal.TestInvoker.invokeTestMethods(TestInvoker.java:147)
at org.testng.internal.TestMethodWorker.invokeTestMethods(TestMethodWorker.java:146)
at org.testng.internal.TestMethodWorker.run(TestMethodWorker.java:128)
at java.util.concurrent.ThreadPoolExecutor.runWorker(ThreadPoolExecutor.java:1149)
at java.util.concurrent.ThreadPoolExecutor$Worker.run(ThreadPoolExecutor.java:624)
at java.lang.Thread.run(Thread.java:748)
]]>
    </failure>
  </testcase> <!-- testMethod1 -->
  <system-out/>
  <testcase name="testMethod4" time="0.000" classname="prerate.prerateTestNGSlow">
    <error type="org.testng.TestNGException" message="
Data Provider public synchronized java.lang.Object[][] prerate.prerateTestNGSlow.dataProviderMethod4() returned a null value">
      <![CDATA[org.testng.TestNGException: 
Data Provider public synchronized java.lang.Object[][] prerate.prerateTestNGSlow.dataProviderMethod4() returned a null value
at org.testng.internal.MethodInvocationHelper.invokeDataProvider(MethodInvocationHelper.java:150)
at org.testng.internal.Parameters.handleParameters(Parameters.java:797)
at org.testng.internal.Parameters.handleParameters(Parameters.java:740)
at org.testng.internal.ParameterHandler.handleParameters(ParameterHandler.java:59)
at org.testng.internal.ParameterHandler.createParameters(ParameterHandler.java:38)
at org.testng.internal.TestInvoker$MethodInvocationAgent.invoke(TestInvoker.java:788)
at org.testng.internal.TestInvoker.invokeTestMethods(TestInvoker.java:147)
at org.testng.internal.TestMethodWorker.invokeTestMethods(TestMethodWorker.java:146)
at org.testng.internal.TestMethodWorker.run(TestMethodWorker.java:128)
at java.util.concurrent.ThreadPoolExecutor.runWorker(ThreadPoolExecutor.java:1149)
at java.util.concurrent.ThreadPoolExecutor$Worker.run(ThreadPoolExecutor.java:624)
at java.lang.Thread.run(Thread.java:748)
]]>
    </error>
  </testcase> <!-- testMethod4 -->
  <system-out/>
  <testcase name="testMethod1" time="53.664" classname="prerate.prerateTestNGSlow"/>
  <system-out/>
  <testcase name="testMethod1" time="55.404" classname="prerate.prerateTestNGSlow"/>
  <system-out/>
  <testcase name="testMethod1" time="27.863" classname="prerate.prerateTestNGSlow"/>
  <system-out/>
  <testcase name="testMethod1" time="56.175" classname="prerate.prerateTestNGSlow"/>
  <system-out/>
  <testcase name="testMethod1" time="49.092" classname="prerate.prerateTestNGSlow"/>
  <system-out/>
  <testcase name="testMethod1" time="57.243" classname="prerate.prerateTestNGSlow"/>
  <system-out/>
  <testcase name="testMethod1" time="51.230" classname="prerate.prerateTestNGSlow"/>
  <system-out/>
  <testcase name="testMethod1" time="28.438" classname="prerate.prerateTestNGSlow"/>
  <system-out/>
  <testcase name="testMethod1" time="53.135" classname="prerate.prerateTestNGSlow"/>
  <system-out/>
  <testcase name="testMethod1" time="28.157" classname="prerate.prerateTestNGSlow"/>
  <system-out/>
  <testcase name="testMethod1" time="53.993" classname="prerate.prerateTestNGSlow"/>
  <system-out/>
  <testcase name="testMethod1" time="54.919" classname="prerate.prerateTestNGSlow"/>
  <system-out/>
  <testcase name="testMethod2" time="0.000" classname="prerate.prerateTestNGSlow">
    <error type="org.testng.TestNGException" message="
Data Provider public synchronized java.lang.Object[][] prerate.prerateTestNGSlow.dataProviderMethod2() returned a null value">
      <![CDATA[org.testng.TestNGException: 
Data Provider public synchronized java.lang.Object[][] prerate.prerateTestNGSlow.dataProviderMethod2() returned a null value
at org.testng.internal.MethodInvocationHelper.invokeDataProvider(MethodInvocationHelper.java:150)
at org.testng.internal.Parameters.handleParameters(Parameters.java:797)
at org.testng.internal.Parameters.handleParameters(Parameters.java:740)
at org.testng.internal.ParameterHandler.handleParameters(ParameterHandler.java:59)
at org.testng.internal.ParameterHandler.createParameters(ParameterHandler.java:38)
at org.testng.internal.TestInvoker$MethodInvocationAgent.invoke(TestInvoker.java:788)
at org.testng.internal.TestInvoker.invokeTestMethods(TestInvoker.java:147)
at org.testng.internal.TestMethodWorker.invokeTestMethods(TestMethodWorker.java:146)
at org.testng.internal.TestMethodWorker.run(TestMethodWorker.java:128)
at java.util.concurrent.ThreadPoolExecutor.runWorker(ThreadPoolExecutor.java:1149)
at java.util.concurrent.ThreadPoolExecutor$Worker.run(ThreadPoolExecutor.java:624)
at java.lang.Thread.run(Thread.java:748)
]]>
    </error>
  </testcase> <!-- testMethod2 -->
  <system-out/>
  <testcase name="testMethod1" time="39.920" classname="prerate.prerateTestNGSlow"/>
  <system-out/>
  <testcase name="testMethod1" time="42.981" classname="prerate.prerateTestNGSlow">
    <failure type="java.lang.AssertionError" message="Override Disabled.">
      <![CDATA[java.lang.AssertionError: Override Disabled.
at org.testng.Assert.fail(Assert.java:97)
at prerate.prerateTestNGSlow.doPrerate(prerateTestNGSlow.java:1020)
at prerate.prerateTestNGSlow.testMethod1(prerateTestNGSlow.java:530)
at sun.reflect.NativeMethodAccessorImpl.invoke0(Native Method)
at sun.reflect.NativeMethodAccessorImpl.invoke(NativeMethodAccessorImpl.java:62)
at sun.reflect.DelegatingMethodAccessorImpl.invoke(DelegatingMethodAccessorImpl.java:43)
at java.lang.reflect.Method.invoke(Method.java:498)
at org.testng.internal.MethodInvocationHelper.invokeMethod(MethodInvocationHelper.java:135)
at org.testng.internal.TestInvoker.invokeMethod(TestInvoker.java:598)
at org.testng.internal.TestInvoker.invokeTestMethod(TestInvoker.java:174)
at org.testng.internal.MethodRunner.runInSequence(MethodRunner.java:46)
at org.testng.internal.TestInvoker$MethodInvocationAgent.invoke(TestInvoker.java:821)
at org.testng.internal.TestInvoker.invokeTestMethods(TestInvoker.java:147)
at org.testng.internal.TestMethodWorker.invokeTestMethods(TestMethodWorker.java:146)
at org.testng.internal.TestMethodWorker.run(TestMethodWorker.java:128)
at java.util.concurrent.ThreadPoolExecutor.runWorker(ThreadPoolExecutor.java:1149)
at java.util.concurrent.ThreadPoolExecutor$Worker.run(ThreadPoolExecutor.java:624)
at java.lang.Thread.run(Thread.java:748)
]]>
    </failure>
  </testcase> <!-- testMethod1 -->
  <system-out/>
  <testcase name="testMethod1" time="31.590" classname="prerate.prerateTestNGSlow"/>
  <system-out/>
  <testcase name="testMethod1" time="50.579" classname="prerate.prerateTestNGSlow"/>
  <system-out/>
</testsuite> <!-- prerate.prerateTestNGSlow -->
