<?xml version="1.0" encoding="UTF-8"?>
<!-- Generated by org.testng.reporters.JUnitReportReporter -->
<testsuite skipped="3" hostname="SQA-CRS-021" name="rebill.testngRebillSlowMfRetire" tests="88" failures="9" timestamp="27 May 2020 18:53:04 GMT" time="5347.228" errors="3">
  <testcase name="testMethod1" time="51.031" classname="rebill.testngRebillSlowMfRetire"/>
  <testcase name="testMethod1" time="49.239" classname="rebill.testngRebillSlowMfRetire"/>
  <testcase name="testMethod1" time="72.981" classname="rebill.testngRebillSlowMfRetire"/>
  <testcase name="testMethod1" time="54.278" classname="rebill.testngRebillSlowMfRetire"/>
  <testcase name="testMethod1" time="117.396" classname="rebill.testngRebillSlowMfRetire"/>
  <testcase name="testMethod1" time="118.928" classname="rebill.testngRebillSlowMfRetire"/>
  <testcase name="testMethod1" time="49.614" classname="rebill.testngRebillSlowMfRetire">
    <failure type="java.lang.AssertionError" message="org.openqa.selenium.NoSuchElementException: no such element: Unable to locate element: {&quot;method&quot;:&quot;xpath&quot;,&quot;selector&quot;:&quot;/html/body/div[6]/div/div/div[1]/div[1]/h4&quot;}
  (Session info: chrome=81.0.4044.138)
  (Driver info: chromedriver=2.41.578737 (49da6702b16031c40d63e5618de03a32ff6c197e),platform=Windows NT 6.1.7601 SP1 x86) (WARNING: The server did not provide any stacktrace information)
Command duration or timeout: 0 milliseconds
For documentation on this error, please visit: https://www.seleniumhq.org/exceptions/no_such_element.html
Build info: version: &#039;3.141.59&#039;, revision: &#039;e82be7d358&#039;, time: &#039;2018-11-14T08:25:48&#039;
System info: host: &#039;SQA-CRS-021&#039;, ip: &#039;10.255.251.244&#039;, os.name: &#039;Windows 7&#039;, os.arch: &#039;x86&#039;, os.version: &#039;6.1&#039;, java.version: &#039;1.8.0_212&#039;
Driver info: org.openqa.selenium.chrome.ChromeDriver
Capabilities {acceptInsecureCerts: false, acceptSslCerts: false, applicationCacheEnabled: false, browserConnectionEnabled: false, browserName: chrome, chrome: {chromedriverVersion: 2.41.578737 (49da6702b16031..., userDataDir: C:\Users\FEDEXU~1\AppData\L...}, cssSelectorsEnabled: true, databaseEnabled: false, goog:chromeOptions: {debuggerAddress: localhost:52095}, handlesAlerts: true, hasTouchScreen: false, javascriptEnabled: true, locationContextEnabled: true, mobileEmulationEnabled: false, nativeEvents: true, networkConnectionEnabled: false, pageLoadStrategy: normal, platform: XP, platformName: XP, rotatable: false, setWindowRect: true, takesHeapSnapshot: true, takesScreenshot: true, unexpectedAlertBehaviour: , unhandledPromptBehavior: , version: 81.0.4044.138, webStorageEnabled: true}
Session ID: d8fbb696de48f5639227897473f302e4
*** Element info: {Using=xpath, value=/html/body/div[6]/div/div/div[1]/div[1]/h4} Could Not Get to Rebill Screen">
      <![CDATA[java.lang.AssertionError: org.openqa.selenium.NoSuchElementException: no such element: Unable to locate element: {"method":"xpath","selector":"/html/body/div[6]/div/div/div[1]/div[1]/h4"}
  (Session info: chrome=81.0.4044.138)
  (Driver info: chromedriver=2.41.578737 (49da6702b16031c40d63e5618de03a32ff6c197e),platform=Windows NT 6.1.7601 SP1 x86) (WARNING: The server did not provide any stacktrace information)
Command duration or timeout: 0 milliseconds
For documentation on this error, please visit: https://www.seleniumhq.org/exceptions/no_such_element.html
Build info: version: '3.141.59', revision: 'e82be7d358', time: '2018-11-14T08:25:48'
System info: host: 'SQA-CRS-021', ip: '10.255.251.244', os.name: 'Windows 7', os.arch: 'x86', os.version: '6.1', java.version: '1.8.0_212'
Driver info: org.openqa.selenium.chrome.ChromeDriver
Capabilities {acceptInsecureCerts: false, acceptSslCerts: false, applicationCacheEnabled: false, browserConnectionEnabled: false, browserName: chrome, chrome: {chromedriverVersion: 2.41.578737 (49da6702b16031..., userDataDir: C:\Users\FEDEXU~1\AppData\L...}, cssSelectorsEnabled: true, databaseEnabled: false, goog:chromeOptions: {debuggerAddress: localhost:52095}, handlesAlerts: true, hasTouchScreen: false, javascriptEnabled: true, locationContextEnabled: true, mobileEmulationEnabled: false, nativeEvents: true, networkConnectionEnabled: false, pageLoadStrategy: normal, platform: XP, platformName: XP, rotatable: false, setWindowRect: true, takesHeapSnapshot: true, takesScreenshot: true, unexpectedAlertBehaviour: , unhandledPromptBehavior: , version: 81.0.4044.138, webStorageEnabled: true}
Session ID: d8fbb696de48f5639227897473f302e4
*** Element info: {Using=xpath, value=/html/body/div[6]/div/div/div[1]/div[1]/h4} Could Not Get to Rebill Screen
	at org.testng.Assert.fail(Assert.java:93)
	at rebill.testngRebillSlowMfRetire.doRebill(testngRebillSlowMfRetire.java:1225)
	at rebill.testngRebillSlowMfRetire.testMethod1(testngRebillSlowMfRetire.java:610)
	at sun.reflect.GeneratedMethodAccessor2.invoke(Unknown Source)
	at sun.reflect.DelegatingMethodAccessorImpl.invoke(Unknown Source)
	at java.lang.reflect.Method.invoke(Unknown Source)
	at org.testng.internal.MethodInvocationHelper.invokeMethod(MethodInvocationHelper.java:108)
	at org.testng.internal.Invoker.invokeMethod(Invoker.java:661)
	at org.testng.internal.Invoker.retryFailed(Invoker.java:1014)
	at org.testng.internal.Invoker.invokeTestMethods(Invoker.java:1215)
	at org.testng.internal.TestMethodWorker.invokeTestMethods(TestMethodWorker.java:126)
	at org.testng.internal.TestMethodWorker.run(TestMethodWorker.java:109)
	at java.util.concurrent.ThreadPoolExecutor.runWorker(Unknown Source)
	at java.util.concurrent.ThreadPoolExecutor$Worker.run(Unknown Source)
	at java.lang.Thread.run(Unknown Source)
]]>
    </failure>
  </testcase> <!-- testMethod1 -->
  <testcase name="testMethod1" time="54.604" classname="rebill.testngRebillSlowMfRetire"/>
  <testcase name="testMethod1" time="27.620" classname="rebill.testngRebillSlowMfRetire">
    <failure type="java.lang.AssertionError" message="Failed on Entering Tracking Number">
      <![CDATA[java.lang.AssertionError: Failed on Entering Tracking Number
	at org.testng.Assert.fail(Assert.java:93)
	at rebill.testngRebillSlowMfRetire.doRebill(testngRebillSlowMfRetire.java:888)
	at rebill.testngRebillSlowMfRetire.testMethod1(testngRebillSlowMfRetire.java:610)
	at sun.reflect.GeneratedMethodAccessor2.invoke(Unknown Source)
	at sun.reflect.DelegatingMethodAccessorImpl.invoke(Unknown Source)
	at java.lang.reflect.Method.invoke(Unknown Source)
	at org.testng.internal.MethodInvocationHelper.invokeMethod(MethodInvocationHelper.java:108)
	at org.testng.internal.Invoker.invokeMethod(Invoker.java:661)
	at org.testng.internal.Invoker.invokeTestMethod(Invoker.java:869)
	at org.testng.internal.Invoker.invokeTestMethods(Invoker.java:1193)
	at org.testng.internal.TestMethodWorker.invokeTestMethods(TestMethodWorker.java:126)
	at org.testng.internal.TestMethodWorker.run(TestMethodWorker.java:109)
	at java.util.concurrent.ThreadPoolExecutor.runWorker(Unknown Source)
	at java.util.concurrent.ThreadPoolExecutor$Worker.run(Unknown Source)
	at java.lang.Thread.run(Unknown Source)
]]>
    </failure>
  </testcase> <!-- testMethod1 -->
  <testcase name="testMethod1" time="74.849" classname="rebill.testngRebillSlowMfRetire"/>
  <testcase name="testMethod1" time="49.945" classname="rebill.testngRebillSlowMfRetire"/>
  <testcase name="testMethod1" time="52.013" classname="rebill.testngRebillSlowMfRetire"/>
  <testcase name="testMethod1" time="53.311" classname="rebill.testngRebillSlowMfRetire"/>
  <testcase name="testMethod1" time="54.624" classname="rebill.testngRebillSlowMfRetire"/>
  <testcase name="testMethod1" time="52.800" classname="rebill.testngRebillSlowMfRetire"/>
  <testcase name="testMethod1" time="137.384" classname="rebill.testngRebillSlowMfRetire">
    <failure type="java.lang.AssertionError" message="org.openqa.selenium.NoSuchElementException: no such element: Unable to locate element: {&quot;method&quot;:&quot;xpath&quot;,&quot;selector&quot;:&quot;/html/body/div[6]/div/div/div[1]/div[1]/h4&quot;}
  (Session info: chrome=81.0.4044.138)
  (Driver info: chromedriver=2.41.578737 (49da6702b16031c40d63e5618de03a32ff6c197e),platform=Windows NT 6.1.7601 SP1 x86) (WARNING: The server did not provide any stacktrace information)
Command duration or timeout: 0 milliseconds
For documentation on this error, please visit: https://www.seleniumhq.org/exceptions/no_such_element.html
Build info: version: &#039;3.141.59&#039;, revision: &#039;e82be7d358&#039;, time: &#039;2018-11-14T08:25:48&#039;
System info: host: &#039;SQA-CRS-021&#039;, ip: &#039;10.255.251.244&#039;, os.name: &#039;Windows 7&#039;, os.arch: &#039;x86&#039;, os.version: &#039;6.1&#039;, java.version: &#039;1.8.0_212&#039;
Driver info: org.openqa.selenium.chrome.ChromeDriver
Capabilities {acceptInsecureCerts: false, acceptSslCerts: false, applicationCacheEnabled: false, browserConnectionEnabled: false, browserName: chrome, chrome: {chromedriverVersion: 2.41.578737 (49da6702b16031..., userDataDir: C:\Users\FEDEXU~1\AppData\L...}, cssSelectorsEnabled: true, databaseEnabled: false, goog:chromeOptions: {debuggerAddress: localhost:59397}, handlesAlerts: true, hasTouchScreen: false, javascriptEnabled: true, locationContextEnabled: true, mobileEmulationEnabled: false, nativeEvents: true, networkConnectionEnabled: false, pageLoadStrategy: normal, platform: XP, platformName: XP, rotatable: false, setWindowRect: true, takesHeapSnapshot: true, takesScreenshot: true, unexpectedAlertBehaviour: , unhandledPromptBehavior: , version: 81.0.4044.138, webStorageEnabled: true}
Session ID: d127fd6ed133a6278095094daac9d522
*** Element info: {Using=xpath, value=/html/body/div[6]/div/div/div[1]/div[1]/h4} Could Not Get to Rebill Screen">
      <![CDATA[java.lang.AssertionError: org.openqa.selenium.NoSuchElementException: no such element: Unable to locate element: {"method":"xpath","selector":"/html/body/div[6]/div/div/div[1]/div[1]/h4"}
  (Session info: chrome=81.0.4044.138)
  (Driver info: chromedriver=2.41.578737 (49da6702b16031c40d63e5618de03a32ff6c197e),platform=Windows NT 6.1.7601 SP1 x86) (WARNING: The server did not provide any stacktrace information)
Command duration or timeout: 0 milliseconds
For documentation on this error, please visit: https://www.seleniumhq.org/exceptions/no_such_element.html
Build info: version: '3.141.59', revision: 'e82be7d358', time: '2018-11-14T08:25:48'
System info: host: 'SQA-CRS-021', ip: '10.255.251.244', os.name: 'Windows 7', os.arch: 'x86', os.version: '6.1', java.version: '1.8.0_212'
Driver info: org.openqa.selenium.chrome.ChromeDriver
Capabilities {acceptInsecureCerts: false, acceptSslCerts: false, applicationCacheEnabled: false, browserConnectionEnabled: false, browserName: chrome, chrome: {chromedriverVersion: 2.41.578737 (49da6702b16031..., userDataDir: C:\Users\FEDEXU~1\AppData\L...}, cssSelectorsEnabled: true, databaseEnabled: false, goog:chromeOptions: {debuggerAddress: localhost:59397}, handlesAlerts: true, hasTouchScreen: false, javascriptEnabled: true, locationContextEnabled: true, mobileEmulationEnabled: false, nativeEvents: true, networkConnectionEnabled: false, pageLoadStrategy: normal, platform: XP, platformName: XP, rotatable: false, setWindowRect: true, takesHeapSnapshot: true, takesScreenshot: true, unexpectedAlertBehaviour: , unhandledPromptBehavior: , version: 81.0.4044.138, webStorageEnabled: true}
Session ID: d127fd6ed133a6278095094daac9d522
*** Element info: {Using=xpath, value=/html/body/div[6]/div/div/div[1]/div[1]/h4} Could Not Get to Rebill Screen
	at org.testng.Assert.fail(Assert.java:93)
	at rebill.testngRebillSlowMfRetire.doRebill(testngRebillSlowMfRetire.java:1225)
	at rebill.testngRebillSlowMfRetire.testMethod1(testngRebillSlowMfRetire.java:610)
	at sun.reflect.NativeMethodAccessorImpl.invoke0(Native Method)
	at sun.reflect.NativeMethodAccessorImpl.invoke(Unknown Source)
	at sun.reflect.DelegatingMethodAccessorImpl.invoke(Unknown Source)
	at java.lang.reflect.Method.invoke(Unknown Source)
	at org.testng.internal.MethodInvocationHelper.invokeMethod(MethodInvocationHelper.java:108)
	at org.testng.internal.Invoker.invokeMethod(Invoker.java:661)
	at org.testng.internal.Invoker.invokeTestMethod(Invoker.java:869)
	at org.testng.internal.Invoker.invokeTestMethods(Invoker.java:1193)
	at org.testng.internal.TestMethodWorker.invokeTestMethods(TestMethodWorker.java:126)
	at org.testng.internal.TestMethodWorker.run(TestMethodWorker.java:109)
	at java.util.concurrent.ThreadPoolExecutor.runWorker(Unknown Source)
	at java.util.concurrent.ThreadPoolExecutor$Worker.run(Unknown Source)
	at java.lang.Thread.run(Unknown Source)
]]>
    </failure>
  </testcase> <!-- testMethod1 -->
  <testcase name="testMethod1" time="54.339" classname="rebill.testngRebillSlowMfRetire"/>
  <testcase name="testMethod1" time="74.731" classname="rebill.testngRebillSlowMfRetire"/>
  <testcase name="testMethod1" time="51.032" classname="rebill.testngRebillSlowMfRetire"/>
  <testcase name="testMethod1" time="55.140" classname="rebill.testngRebillSlowMfRetire"/>
  <testcase name="testMethod1" time="11.576" classname="rebill.testngRebillSlowMfRetire"/>
  <testcase name="testMethod1" time="52.173" classname="rebill.testngRebillSlowMfRetire"/>
  <testcase name="testMethod1" time="134.135" classname="rebill.testngRebillSlowMfRetire">
    <skipped/>
  </testcase> <!-- testMethod1 -->
  <testcase name="testMethod1" time="53.469" classname="rebill.testngRebillSlowMfRetire"/>
  <testcase name="testMethod1" time="53.621" classname="rebill.testngRebillSlowMfRetire"/>
  <testcase name="testMethod1" time="53.160" classname="rebill.testngRebillSlowMfRetire"/>
  <testcase name="testMethod1" time="53.040" classname="rebill.testngRebillSlowMfRetire"/>
  <testcase name="testMethod1" time="54.239" classname="rebill.testngRebillSlowMfRetire"/>
  <testcase name="testMethod1" time="54.689" classname="rebill.testngRebillSlowMfRetire"/>
  <testcase name="testMethod1" time="51.711" classname="rebill.testngRebillSlowMfRetire"/>
  <testcase name="testMethod1" time="50.162" classname="rebill.testngRebillSlowMfRetire"/>
  <testcase name="testMethod1" time="51.137" classname="rebill.testngRebillSlowMfRetire"/>
  <testcase name="testMethod1" time="133.892" classname="rebill.testngRebillSlowMfRetire">
    <skipped/>
  </testcase> <!-- testMethod1 -->
  <testcase name="testMethod1" time="49.120" classname="rebill.testngRebillSlowMfRetire"/>
  <testcase name="testMethod1" time="45.008" classname="rebill.testngRebillSlowMfRetire">
    <failure type="java.lang.AssertionError" message="Failed at Drop Down">
      <![CDATA[java.lang.AssertionError: Failed at Drop Down
	at org.testng.Assert.fail(Assert.java:93)
	at rebill.testngRebillSlowMfRetire.doRebill(testngRebillSlowMfRetire.java:1083)
	at rebill.testngRebillSlowMfRetire.testMethod1(testngRebillSlowMfRetire.java:610)
	at sun.reflect.GeneratedMethodAccessor2.invoke(Unknown Source)
	at sun.reflect.DelegatingMethodAccessorImpl.invoke(Unknown Source)
	at java.lang.reflect.Method.invoke(Unknown Source)
	at org.testng.internal.MethodInvocationHelper.invokeMethod(MethodInvocationHelper.java:108)
	at org.testng.internal.Invoker.invokeMethod(Invoker.java:661)
	at org.testng.internal.Invoker.invokeTestMethod(Invoker.java:869)
	at org.testng.internal.Invoker.invokeTestMethods(Invoker.java:1193)
	at org.testng.internal.TestMethodWorker.invokeTestMethods(TestMethodWorker.java:126)
	at org.testng.internal.TestMethodWorker.run(TestMethodWorker.java:109)
	at java.util.concurrent.ThreadPoolExecutor.runWorker(Unknown Source)
	at java.util.concurrent.ThreadPoolExecutor$Worker.run(Unknown Source)
	at java.lang.Thread.run(Unknown Source)
]]>
    </failure>
  </testcase> <!-- testMethod1 -->
  <testcase name="testMethod1" time="52.684" classname="rebill.testngRebillSlowMfRetire"/>
  <testcase name="testMethod1" time="53.470" classname="rebill.testngRebillSlowMfRetire"/>
  <testcase name="testMethod1" time="27.321" classname="rebill.testngRebillSlowMfRetire">
    <failure type="java.lang.AssertionError" message="Failed on Entering Tracking Number">
      <![CDATA[java.lang.AssertionError: Failed on Entering Tracking Number
	at org.testng.Assert.fail(Assert.java:93)
	at rebill.testngRebillSlowMfRetire.doRebill(testngRebillSlowMfRetire.java:888)
	at rebill.testngRebillSlowMfRetire.testMethod1(testngRebillSlowMfRetire.java:610)
	at sun.reflect.GeneratedMethodAccessor2.invoke(Unknown Source)
	at sun.reflect.DelegatingMethodAccessorImpl.invoke(Unknown Source)
	at java.lang.reflect.Method.invoke(Unknown Source)
	at org.testng.internal.MethodInvocationHelper.invokeMethod(MethodInvocationHelper.java:108)
	at org.testng.internal.Invoker.invokeMethod(Invoker.java:661)
	at org.testng.internal.Invoker.retryFailed(Invoker.java:1014)
	at org.testng.internal.Invoker.invokeTestMethods(Invoker.java:1215)
	at org.testng.internal.TestMethodWorker.invokeTestMethods(TestMethodWorker.java:126)
	at org.testng.internal.TestMethodWorker.run(TestMethodWorker.java:109)
	at java.util.concurrent.ThreadPoolExecutor.runWorker(Unknown Source)
	at java.util.concurrent.ThreadPoolExecutor$Worker.run(Unknown Source)
	at java.lang.Thread.run(Unknown Source)
]]>
    </failure>
  </testcase> <!-- testMethod1 -->
  <testcase name="testMethod1" time="74.859" classname="rebill.testngRebillSlowMfRetire"/>
  <testcase name="testMethod1" time="52.354" classname="rebill.testngRebillSlowMfRetire"/>
  <testcase name="testMethod1" time="44.559" classname="rebill.testngRebillSlowMfRetire">
    <failure type="java.lang.AssertionError" message="Failed at Drop Down">
      <![CDATA[java.lang.AssertionError: Failed at Drop Down
	at org.testng.Assert.fail(Assert.java:93)
	at rebill.testngRebillSlowMfRetire.doRebill(testngRebillSlowMfRetire.java:1083)
	at rebill.testngRebillSlowMfRetire.testMethod1(testngRebillSlowMfRetire.java:610)
	at sun.reflect.GeneratedMethodAccessor2.invoke(Unknown Source)
	at sun.reflect.DelegatingMethodAccessorImpl.invoke(Unknown Source)
	at java.lang.reflect.Method.invoke(Unknown Source)
	at org.testng.internal.MethodInvocationHelper.invokeMethod(MethodInvocationHelper.java:108)
	at org.testng.internal.Invoker.invokeMethod(Invoker.java:661)
	at org.testng.internal.Invoker.retryFailed(Invoker.java:1014)
	at org.testng.internal.Invoker.invokeTestMethods(Invoker.java:1215)
	at org.testng.internal.TestMethodWorker.invokeTestMethods(TestMethodWorker.java:126)
	at org.testng.internal.TestMethodWorker.run(TestMethodWorker.java:109)
	at java.util.concurrent.ThreadPoolExecutor.runWorker(Unknown Source)
	at java.util.concurrent.ThreadPoolExecutor$Worker.run(Unknown Source)
	at java.lang.Thread.run(Unknown Source)
]]>
    </failure>
  </testcase> <!-- testMethod1 -->
  <testcase name="testMethod1" time="53.280" classname="rebill.testngRebillSlowMfRetire"/>
  <testcase name="testMethod1" time="52.248" classname="rebill.testngRebillSlowMfRetire"/>
  <testcase name="testMethod1" time="49.522" classname="rebill.testngRebillSlowMfRetire"/>
  <testcase name="testMethod1" time="11.634" classname="rebill.testngRebillSlowMfRetire"/>
  <testcase name="testMethod1" time="77.353" classname="rebill.testngRebillSlowMfRetire"/>
  <testcase name="testMethod1" time="52.930" classname="rebill.testngRebillSlowMfRetire"/>
  <testcase name="testMethod1" time="49.209" classname="rebill.testngRebillSlowMfRetire"/>
  <testcase name="testMethod1" time="55.694" classname="rebill.testngRebillSlowMfRetire"/>
  <testcase name="testMethod1" time="53.749" classname="rebill.testngRebillSlowMfRetire"/>
  <testcase name="testMethod1" time="73.434" classname="rebill.testngRebillSlowMfRetire"/>
  <testcase name="testMethod1" time="133.390" classname="rebill.testngRebillSlowMfRetire">
    <failure type="java.lang.AssertionError" message="org.openqa.selenium.NoSuchElementException: no such element: Unable to locate element: {&quot;method&quot;:&quot;xpath&quot;,&quot;selector&quot;:&quot;/html/body/div[6]/div/div/div[1]/div[1]/h4&quot;}
  (Session info: chrome=81.0.4044.138)
  (Driver info: chromedriver=2.41.578737 (49da6702b16031c40d63e5618de03a32ff6c197e),platform=Windows NT 6.1.7601 SP1 x86) (WARNING: The server did not provide any stacktrace information)
Command duration or timeout: 0 milliseconds
For documentation on this error, please visit: https://www.seleniumhq.org/exceptions/no_such_element.html
Build info: version: &#039;3.141.59&#039;, revision: &#039;e82be7d358&#039;, time: &#039;2018-11-14T08:25:48&#039;
System info: host: &#039;SQA-CRS-021&#039;, ip: &#039;10.255.251.244&#039;, os.name: &#039;Windows 7&#039;, os.arch: &#039;x86&#039;, os.version: &#039;6.1&#039;, java.version: &#039;1.8.0_212&#039;
Driver info: org.openqa.selenium.chrome.ChromeDriver
Capabilities {acceptInsecureCerts: false, acceptSslCerts: false, applicationCacheEnabled: false, browserConnectionEnabled: false, browserName: chrome, chrome: {chromedriverVersion: 2.41.578737 (49da6702b16031..., userDataDir: C:\Users\FEDEXU~1\AppData\L...}, cssSelectorsEnabled: true, databaseEnabled: false, goog:chromeOptions: {debuggerAddress: localhost:58172}, handlesAlerts: true, hasTouchScreen: false, javascriptEnabled: true, locationContextEnabled: true, mobileEmulationEnabled: false, nativeEvents: true, networkConnectionEnabled: false, pageLoadStrategy: normal, platform: XP, platformName: XP, rotatable: false, setWindowRect: true, takesHeapSnapshot: true, takesScreenshot: true, unexpectedAlertBehaviour: , unhandledPromptBehavior: , version: 81.0.4044.138, webStorageEnabled: true}
Session ID: d4000496b1be1e8f057dd8da80bd0b9e
*** Element info: {Using=xpath, value=/html/body/div[6]/div/div/div[1]/div[1]/h4} Could Not Get to Rebill Screen">
      <![CDATA[java.lang.AssertionError: org.openqa.selenium.NoSuchElementException: no such element: Unable to locate element: {"method":"xpath","selector":"/html/body/div[6]/div/div/div[1]/div[1]/h4"}
  (Session info: chrome=81.0.4044.138)
  (Driver info: chromedriver=2.41.578737 (49da6702b16031c40d63e5618de03a32ff6c197e),platform=Windows NT 6.1.7601 SP1 x86) (WARNING: The server did not provide any stacktrace information)
Command duration or timeout: 0 milliseconds
For documentation on this error, please visit: https://www.seleniumhq.org/exceptions/no_such_element.html
Build info: version: '3.141.59', revision: 'e82be7d358', time: '2018-11-14T08:25:48'
System info: host: 'SQA-CRS-021', ip: '10.255.251.244', os.name: 'Windows 7', os.arch: 'x86', os.version: '6.1', java.version: '1.8.0_212'
Driver info: org.openqa.selenium.chrome.ChromeDriver
Capabilities {acceptInsecureCerts: false, acceptSslCerts: false, applicationCacheEnabled: false, browserConnectionEnabled: false, browserName: chrome, chrome: {chromedriverVersion: 2.41.578737 (49da6702b16031..., userDataDir: C:\Users\FEDEXU~1\AppData\L...}, cssSelectorsEnabled: true, databaseEnabled: false, goog:chromeOptions: {debuggerAddress: localhost:58172}, handlesAlerts: true, hasTouchScreen: false, javascriptEnabled: true, locationContextEnabled: true, mobileEmulationEnabled: false, nativeEvents: true, networkConnectionEnabled: false, pageLoadStrategy: normal, platform: XP, platformName: XP, rotatable: false, setWindowRect: true, takesHeapSnapshot: true, takesScreenshot: true, unexpectedAlertBehaviour: , unhandledPromptBehavior: , version: 81.0.4044.138, webStorageEnabled: true}
Session ID: d4000496b1be1e8f057dd8da80bd0b9e
*** Element info: {Using=xpath, value=/html/body/div[6]/div/div/div[1]/div[1]/h4} Could Not Get to Rebill Screen
	at org.testng.Assert.fail(Assert.java:93)
	at rebill.testngRebillSlowMfRetire.doRebill(testngRebillSlowMfRetire.java:1225)
	at rebill.testngRebillSlowMfRetire.testMethod1(testngRebillSlowMfRetire.java:610)
	at sun.reflect.NativeMethodAccessorImpl.invoke0(Native Method)
	at sun.reflect.NativeMethodAccessorImpl.invoke(Unknown Source)
	at sun.reflect.DelegatingMethodAccessorImpl.invoke(Unknown Source)
	at java.lang.reflect.Method.invoke(Unknown Source)
	at org.testng.internal.MethodInvocationHelper.invokeMethod(MethodInvocationHelper.java:108)
	at org.testng.internal.Invoker.invokeMethod(Invoker.java:661)
	at org.testng.internal.Invoker.retryFailed(Invoker.java:1014)
	at org.testng.internal.Invoker.invokeTestMethods(Invoker.java:1215)
	at org.testng.internal.TestMethodWorker.invokeTestMethods(TestMethodWorker.java:126)
	at org.testng.internal.TestMethodWorker.run(TestMethodWorker.java:109)
	at java.util.concurrent.ThreadPoolExecutor.runWorker(Unknown Source)
	at java.util.concurrent.ThreadPoolExecutor$Worker.run(Unknown Source)
	at java.lang.Thread.run(Unknown Source)
]]>
    </failure>
  </testcase> <!-- testMethod1 -->
  <testcase name="testMethod2" time="0.000" classname="rebill.testngRebillSlowMfRetire">
    <error type="org.testng.TestNGException" message="
Data Provider public synchronized java.lang.Object[][] rebill.testngRebillSlowMfRetire.dataProviderMethod2() must return either Object[][] or Iterator&lt;Object&gt;[], not class [[Ljava.lang.Object;">
      <![CDATA[org.testng.TestNGException: 
Data Provider public synchronized java.lang.Object[][] rebill.testngRebillSlowMfRetire.dataProviderMethod2() must return either Object[][] or Iterator<Object>[], not class [[Ljava.lang.Object;
	at org.testng.internal.MethodInvocationHelper.invokeDataProvider(MethodInvocationHelper.java:137)
	at org.testng.internal.Parameters.handleParameters(Parameters.java:509)
	at org.testng.internal.Invoker.handleParameters(Invoker.java:1308)
	at org.testng.internal.Invoker.createParameters(Invoker.java:1036)
	at org.testng.internal.Invoker.invokeTestMethods(Invoker.java:1126)
	at org.testng.internal.TestMethodWorker.invokeTestMethods(TestMethodWorker.java:126)
	at org.testng.internal.TestMethodWorker.run(TestMethodWorker.java:109)
	at java.util.concurrent.ThreadPoolExecutor.runWorker(Unknown Source)
	at java.util.concurrent.ThreadPoolExecutor$Worker.run(Unknown Source)
	at java.lang.Thread.run(Unknown Source)
]]>
    </error>
  </testcase> <!-- testMethod2 -->
  <testcase name="testMethod1" time="51.378" classname="rebill.testngRebillSlowMfRetire"/>
  <testcase name="testMethod1" time="79.549" classname="rebill.testngRebillSlowMfRetire"/>
  <testcase name="testMethod1" time="133.659" classname="rebill.testngRebillSlowMfRetire">
    <failure type="java.lang.AssertionError" message="org.openqa.selenium.NoSuchElementException: no such element: Unable to locate element: {&quot;method&quot;:&quot;xpath&quot;,&quot;selector&quot;:&quot;/html/body/div[6]/div/div/div[1]/div[1]/h4&quot;}
  (Session info: chrome=81.0.4044.138)
  (Driver info: chromedriver=2.41.578737 (49da6702b16031c40d63e5618de03a32ff6c197e),platform=Windows NT 6.1.7601 SP1 x86) (WARNING: The server did not provide any stacktrace information)
Command duration or timeout: 0 milliseconds
For documentation on this error, please visit: https://www.seleniumhq.org/exceptions/no_such_element.html
Build info: version: &#039;3.141.59&#039;, revision: &#039;e82be7d358&#039;, time: &#039;2018-11-14T08:25:48&#039;
System info: host: &#039;SQA-CRS-021&#039;, ip: &#039;10.255.251.244&#039;, os.name: &#039;Windows 7&#039;, os.arch: &#039;x86&#039;, os.version: &#039;6.1&#039;, java.version: &#039;1.8.0_212&#039;
Driver info: org.openqa.selenium.chrome.ChromeDriver
Capabilities {acceptInsecureCerts: false, acceptSslCerts: false, applicationCacheEnabled: false, browserConnectionEnabled: false, browserName: chrome, chrome: {chromedriverVersion: 2.41.578737 (49da6702b16031..., userDataDir: C:\Users\FEDEXU~1\AppData\L...}, cssSelectorsEnabled: true, databaseEnabled: false, goog:chromeOptions: {debuggerAddress: localhost:60464}, handlesAlerts: true, hasTouchScreen: false, javascriptEnabled: true, locationContextEnabled: true, mobileEmulationEnabled: false, nativeEvents: true, networkConnectionEnabled: false, pageLoadStrategy: normal, platform: XP, platformName: XP, rotatable: false, setWindowRect: true, takesHeapSnapshot: true, takesScreenshot: true, unexpectedAlertBehaviour: , unhandledPromptBehavior: , version: 81.0.4044.138, webStorageEnabled: true}
Session ID: 96645f5b603b37e6e1fd5b364ce64187
*** Element info: {Using=xpath, value=/html/body/div[6]/div/div/div[1]/div[1]/h4} Could Not Get to Rebill Screen">
      <![CDATA[java.lang.AssertionError: org.openqa.selenium.NoSuchElementException: no such element: Unable to locate element: {"method":"xpath","selector":"/html/body/div[6]/div/div/div[1]/div[1]/h4"}
  (Session info: chrome=81.0.4044.138)
  (Driver info: chromedriver=2.41.578737 (49da6702b16031c40d63e5618de03a32ff6c197e),platform=Windows NT 6.1.7601 SP1 x86) (WARNING: The server did not provide any stacktrace information)
Command duration or timeout: 0 milliseconds
For documentation on this error, please visit: https://www.seleniumhq.org/exceptions/no_such_element.html
Build info: version: '3.141.59', revision: 'e82be7d358', time: '2018-11-14T08:25:48'
System info: host: 'SQA-CRS-021', ip: '10.255.251.244', os.name: 'Windows 7', os.arch: 'x86', os.version: '6.1', java.version: '1.8.0_212'
Driver info: org.openqa.selenium.chrome.ChromeDriver
Capabilities {acceptInsecureCerts: false, acceptSslCerts: false, applicationCacheEnabled: false, browserConnectionEnabled: false, browserName: chrome, chrome: {chromedriverVersion: 2.41.578737 (49da6702b16031..., userDataDir: C:\Users\FEDEXU~1\AppData\L...}, cssSelectorsEnabled: true, databaseEnabled: false, goog:chromeOptions: {debuggerAddress: localhost:60464}, handlesAlerts: true, hasTouchScreen: false, javascriptEnabled: true, locationContextEnabled: true, mobileEmulationEnabled: false, nativeEvents: true, networkConnectionEnabled: false, pageLoadStrategy: normal, platform: XP, platformName: XP, rotatable: false, setWindowRect: true, takesHeapSnapshot: true, takesScreenshot: true, unexpectedAlertBehaviour: , unhandledPromptBehavior: , version: 81.0.4044.138, webStorageEnabled: true}
Session ID: 96645f5b603b37e6e1fd5b364ce64187
*** Element info: {Using=xpath, value=/html/body/div[6]/div/div/div[1]/div[1]/h4} Could Not Get to Rebill Screen
	at org.testng.Assert.fail(Assert.java:93)
	at rebill.testngRebillSlowMfRetire.doRebill(testngRebillSlowMfRetire.java:1225)
	at rebill.testngRebillSlowMfRetire.testMethod1(testngRebillSlowMfRetire.java:610)
	at sun.reflect.GeneratedMethodAccessor2.invoke(Unknown Source)
	at sun.reflect.DelegatingMethodAccessorImpl.invoke(Unknown Source)
	at java.lang.reflect.Method.invoke(Unknown Source)
	at org.testng.internal.MethodInvocationHelper.invokeMethod(MethodInvocationHelper.java:108)
	at org.testng.internal.Invoker.invokeMethod(Invoker.java:661)
	at org.testng.internal.Invoker.invokeTestMethod(Invoker.java:869)
	at org.testng.internal.Invoker.invokeTestMethods(Invoker.java:1193)
	at org.testng.internal.TestMethodWorker.invokeTestMethods(TestMethodWorker.java:126)
	at org.testng.internal.TestMethodWorker.run(TestMethodWorker.java:109)
	at java.util.concurrent.ThreadPoolExecutor.runWorker(Unknown Source)
	at java.util.concurrent.ThreadPoolExecutor$Worker.run(Unknown Source)
	at java.lang.Thread.run(Unknown Source)
]]>
    </failure>
  </testcase> <!-- testMethod1 -->
  <testcase name="testMethod1" time="52.880" classname="rebill.testngRebillSlowMfRetire"/>
  <testcase name="testMethod1" time="51.377" classname="rebill.testngRebillSlowMfRetire"/>
  <testcase name="testMethod1" time="51.420" classname="rebill.testngRebillSlowMfRetire"/>
  <testcase name="testMethod1" time="52.492" classname="rebill.testngRebillSlowMfRetire"/>
  <testcase name="testMethod1" time="73.862" classname="rebill.testngRebillSlowMfRetire"/>
  <testcase name="testMethod1" time="49.825" classname="rebill.testngRebillSlowMfRetire"/>
  <testcase name="testMethod1" time="51.338" classname="rebill.testngRebillSlowMfRetire"/>
  <testcase name="testMethod4" time="0.000" classname="rebill.testngRebillSlowMfRetire">
    <error type="org.testng.TestNGException" message="
Data Provider public synchronized java.lang.Object[][] rebill.testngRebillSlowMfRetire.dataProviderMethod4() must return either Object[][] or Iterator&lt;Object&gt;[], not class [[Ljava.lang.Object;">
      <![CDATA[org.testng.TestNGException: 
Data Provider public synchronized java.lang.Object[][] rebill.testngRebillSlowMfRetire.dataProviderMethod4() must return either Object[][] or Iterator<Object>[], not class [[Ljava.lang.Object;
	at org.testng.internal.MethodInvocationHelper.invokeDataProvider(MethodInvocationHelper.java:137)
	at org.testng.internal.Parameters.handleParameters(Parameters.java:509)
	at org.testng.internal.Invoker.handleParameters(Invoker.java:1308)
	at org.testng.internal.Invoker.createParameters(Invoker.java:1036)
	at org.testng.internal.Invoker.invokeTestMethods(Invoker.java:1126)
	at org.testng.internal.TestMethodWorker.invokeTestMethods(TestMethodWorker.java:126)
	at org.testng.internal.TestMethodWorker.run(TestMethodWorker.java:109)
	at java.util.concurrent.ThreadPoolExecutor.runWorker(Unknown Source)
	at java.util.concurrent.ThreadPoolExecutor$Worker.run(Unknown Source)
	at java.lang.Thread.run(Unknown Source)
]]>
    </error>
  </testcase> <!-- testMethod4 -->
  <testcase name="testMethod1" time="32.559" classname="rebill.testngRebillSlowMfRetire">
    <failure type="java.lang.AssertionError" message="Failed Trying to Rebill..">
      <![CDATA[java.lang.AssertionError: Failed Trying to Rebill..
	at org.testng.Assert.fail(Assert.java:93)
	at rebill.testngRebillSlowMfRetire.doRebill(testngRebillSlowMfRetire.java:1353)
	at rebill.testngRebillSlowMfRetire.testMethod1(testngRebillSlowMfRetire.java:610)
	at sun.reflect.GeneratedMethodAccessor2.invoke(Unknown Source)
	at sun.reflect.DelegatingMethodAccessorImpl.invoke(Unknown Source)
	at java.lang.reflect.Method.invoke(Unknown Source)
	at org.testng.internal.MethodInvocationHelper.invokeMethod(MethodInvocationHelper.java:108)
	at org.testng.internal.Invoker.invokeMethod(Invoker.java:661)
	at org.testng.internal.Invoker.invokeTestMethod(Invoker.java:869)
	at org.testng.internal.Invoker.invokeTestMethods(Invoker.java:1193)
	at org.testng.internal.TestMethodWorker.invokeTestMethods(TestMethodWorker.java:126)
	at org.testng.internal.TestMethodWorker.run(TestMethodWorker.java:109)
	at java.util.concurrent.ThreadPoolExecutor.runWorker(Unknown Source)
	at java.util.concurrent.ThreadPoolExecutor$Worker.run(Unknown Source)
	at java.lang.Thread.run(Unknown Source)
]]>
    </failure>
  </testcase> <!-- testMethod1 -->
  <testcase name="testMethod1" time="50.718" classname="rebill.testngRebillSlowMfRetire"/>
  <testcase name="testMethod1" time="51.839" classname="rebill.testngRebillSlowMfRetire"/>
  <testcase name="testMethod1" time="53.426" classname="rebill.testngRebillSlowMfRetire"/>
  <testcase name="testMethod1" time="52.997" classname="rebill.testngRebillSlowMfRetire"/>
  <testcase name="testMethod1" time="52.437" classname="rebill.testngRebillSlowMfRetire"/>
  <testcase name="testMethod1" time="49.729" classname="rebill.testngRebillSlowMfRetire"/>
  <testcase name="testMethod1" time="53.103" classname="rebill.testngRebillSlowMfRetire"/>
  <testcase name="testMethod1" time="52.231" classname="rebill.testngRebillSlowMfRetire"/>
  <testcase name="testMethod1" time="74.665" classname="rebill.testngRebillSlowMfRetire"/>
  <testcase name="testMethod1" time="75.959" classname="rebill.testngRebillSlowMfRetire"/>
  <testcase name="testMethod1" time="55.315" classname="rebill.testngRebillSlowMfRetire"/>
  <testcase name="testMethod1" time="50.317" classname="rebill.testngRebillSlowMfRetire"/>
  <testcase name="testMethod3" time="0.000" classname="rebill.testngRebillSlowMfRetire">
    <error type="org.testng.TestNGException" message="
Data Provider public synchronized java.lang.Object[][] rebill.testngRebillSlowMfRetire.dataProviderMethod3() must return either Object[][] or Iterator&lt;Object&gt;[], not class [[Ljava.lang.Object;">
      <![CDATA[org.testng.TestNGException: 
Data Provider public synchronized java.lang.Object[][] rebill.testngRebillSlowMfRetire.dataProviderMethod3() must return either Object[][] or Iterator<Object>[], not class [[Ljava.lang.Object;
	at org.testng.internal.MethodInvocationHelper.invokeDataProvider(MethodInvocationHelper.java:137)
	at org.testng.internal.Parameters.handleParameters(Parameters.java:509)
	at org.testng.internal.Invoker.handleParameters(Invoker.java:1308)
	at org.testng.internal.Invoker.createParameters(Invoker.java:1036)
	at org.testng.internal.Invoker.invokeTestMethods(Invoker.java:1126)
	at org.testng.internal.TestMethodWorker.invokeTestMethods(TestMethodWorker.java:126)
	at org.testng.internal.TestMethodWorker.run(TestMethodWorker.java:109)
	at java.util.concurrent.ThreadPoolExecutor.runWorker(Unknown Source)
	at java.util.concurrent.ThreadPoolExecutor$Worker.run(Unknown Source)
	at java.lang.Thread.run(Unknown Source)
]]>
    </error>
  </testcase> <!-- testMethod3 -->
  <testcase name="testMethod1" time="51.925" classname="rebill.testngRebillSlowMfRetire"/>
  <testcase name="testMethod1" time="133.589" classname="rebill.testngRebillSlowMfRetire">
    <skipped/>
  </testcase> <!-- testMethod1 -->
  <testcase name="testMethod1" time="51.014" classname="rebill.testngRebillSlowMfRetire"/>
  <testcase name="testMethod1" time="118.335" classname="rebill.testngRebillSlowMfRetire"/>
  <testcase name="testMethod1" time="53.738" classname="rebill.testngRebillSlowMfRetire"/>
  <testcase name="testMethod1" time="116.263" classname="rebill.testngRebillSlowMfRetire"/>
  <testcase name="testMethod1" time="52.909" classname="rebill.testngRebillSlowMfRetire"/>
  <testcase name="testMethod1" time="53.356" classname="rebill.testngRebillSlowMfRetire"/>
  <testcase name="testMethod1" time="72.760" classname="rebill.testngRebillSlowMfRetire"/>
  <testcase name="testMethod1" time="115.583" classname="rebill.testngRebillSlowMfRetire"/>
</testsuite> <!-- rebill.testngRebillSlowMfRetire -->
