<?xml version="1.0" encoding="UTF-8"?>
<!-- Generated by org.testng.reporters.JUnitReportReporter -->
<testsuite hostname="c0016390" failures="1" tests="25" name="rebill.testngRebillFast" time="1110.404" errors="3" timestamp="2020-12-04T15:48:34 UTC" skipped="3">
  <testcase classname="rebill.testngRebillFast" name="testMethod1" time="42.583"/>
  <system-out/>
  <testcase classname="rebill.testngRebillFast" name="testMethod1" time="53.678"/>
  <system-out/>
  <testcase classname="rebill.testngRebillFast" name="testMethod1" time="45.085">
    <skipped/>
  </testcase> <!-- testMethod1 -->
  <system-out/>
  <testcase classname="rebill.testngRebillFast" name="testMethod1" time="45.304"/>
  <system-out/>
  <testcase classname="rebill.testngRebillFast" name="testMethod1" time="51.737"/>
  <system-out/>
  <testcase classname="rebill.testngRebillFast" name="testMethod1" time="43.235"/>
  <system-out/>
  <testcase classname="rebill.testngRebillFast" name="testMethod1" time="42.087"/>
  <system-out/>
  <testcase classname="rebill.testngRebillFast" name="testMethod1" time="52.105"/>
  <system-out/>
  <testcase classname="rebill.testngRebillFast" name="testMethod1" time="51.102"/>
  <system-out/>
  <testcase classname="rebill.testngRebillFast" name="testMethod3" time="0.000">
    <error message="
Data Provider public synchronized java.lang.Object[][] rebill.testngRebillFast.dataProviderMethod3() returned a null value" type="org.testng.TestNGException">
      <![CDATA[org.testng.TestNGException: 
Data Provider public synchronized java.lang.Object[][] rebill.testngRebillFast.dataProviderMethod3() returned a null value
at org.testng.internal.MethodInvocationHelper.invokeDataProvider(MethodInvocationHelper.java:147)
at org.testng.internal.Parameters.handleParameters(Parameters.java:797)
at org.testng.internal.Parameters.handleParameters(Parameters.java:740)
at org.testng.internal.ParameterHandler.handleParameters(ParameterHandler.java:59)
at org.testng.internal.ParameterHandler.createParameters(ParameterHandler.java:38)
at org.testng.internal.TestInvoker$MethodInvocationAgent.invoke(TestInvoker.java:789)
at org.testng.internal.TestInvoker.invokeTestMethods(TestInvoker.java:147)
at org.testng.internal.TestMethodWorker.invokeTestMethods(TestMethodWorker.java:146)
at org.testng.internal.TestMethodWorker.run(TestMethodWorker.java:128)
at java.base/java.util.concurrent.ThreadPoolExecutor.runWorker(ThreadPoolExecutor.java:1128)
at java.base/java.util.concurrent.ThreadPoolExecutor$Worker.run(ThreadPoolExecutor.java:628)
at java.base/java.lang.Thread.run(Thread.java:834)
]]>
    </error>
  </testcase> <!-- testMethod3 -->
  <system-out/>
  <testcase classname="rebill.testngRebillFast" name="testMethod1" time="44.108">
    <skipped/>
  </testcase> <!-- testMethod1 -->
  <system-out/>
  <testcase classname="rebill.testngRebillFast" name="testMethod1" time="59.151"/>
  <system-out/>
  <testcase classname="rebill.testngRebillFast" name="testMethod1" time="41.297">
    <failure message="Failed at Drop Down" type="java.lang.AssertionError">
      <![CDATA[java.lang.AssertionError: Failed at Drop Down
at org.testng.Assert.fail(Assert.java:99)
at rebill.testngRebillFast.doRebill(testngRebillFast.java:1243)
at rebill.testngRebillFast.testMethod1(testngRebillFast.java:634)
at java.base/jdk.internal.reflect.NativeMethodAccessorImpl.invoke0(Native Method)
at java.base/jdk.internal.reflect.NativeMethodAccessorImpl.invoke(NativeMethodAccessorImpl.java:62)
at java.base/jdk.internal.reflect.DelegatingMethodAccessorImpl.invoke(DelegatingMethodAccessorImpl.java:43)
at java.base/java.lang.reflect.Method.invoke(Method.java:566)
at org.testng.internal.MethodInvocationHelper.invokeMethod(MethodInvocationHelper.java:132)
at org.testng.internal.TestInvoker.invokeMethod(TestInvoker.java:599)
at org.testng.internal.TestInvoker.retryFailed(TestInvoker.java:214)
at org.testng.internal.MethodRunner.runInSequence(MethodRunner.java:58)
at org.testng.internal.TestInvoker$MethodInvocationAgent.invoke(TestInvoker.java:822)
at org.testng.internal.TestInvoker.invokeTestMethods(TestInvoker.java:147)
at org.testng.internal.TestMethodWorker.invokeTestMethods(TestMethodWorker.java:146)
at org.testng.internal.TestMethodWorker.run(TestMethodWorker.java:128)
at java.base/java.util.concurrent.ThreadPoolExecutor.runWorker(ThreadPoolExecutor.java:1128)
at java.base/java.util.concurrent.ThreadPoolExecutor$Worker.run(ThreadPoolExecutor.java:628)
at java.base/java.lang.Thread.run(Thread.java:834)
]]>
    </failure>
  </testcase> <!-- testMethod1 -->
  <system-out/>
  <testcase classname="rebill.testngRebillFast" name="testMethod1" time="58.691"/>
  <system-out/>
  <testcase classname="rebill.testngRebillFast" name="testMethod1" time="50.952"/>
  <system-out/>
  <testcase classname="rebill.testngRebillFast" name="testMethod1" time="46.957"/>
  <system-out/>
  <testcase classname="rebill.testngRebillFast" name="testMethod4" time="0.000">
    <error message="
Data Provider public synchronized java.lang.Object[][] rebill.testngRebillFast.dataProviderMethod4() returned a null value" type="org.testng.TestNGException">
      <![CDATA[org.testng.TestNGException: 
Data Provider public synchronized java.lang.Object[][] rebill.testngRebillFast.dataProviderMethod4() returned a null value
at org.testng.internal.MethodInvocationHelper.invokeDataProvider(MethodInvocationHelper.java:147)
at org.testng.internal.Parameters.handleParameters(Parameters.java:797)
at org.testng.internal.Parameters.handleParameters(Parameters.java:740)
at org.testng.internal.ParameterHandler.handleParameters(ParameterHandler.java:59)
at org.testng.internal.ParameterHandler.createParameters(ParameterHandler.java:38)
at org.testng.internal.TestInvoker$MethodInvocationAgent.invoke(TestInvoker.java:789)
at org.testng.internal.TestInvoker.invokeTestMethods(TestInvoker.java:147)
at org.testng.internal.TestMethodWorker.invokeTestMethods(TestMethodWorker.java:146)
at org.testng.internal.TestMethodWorker.run(TestMethodWorker.java:128)
at java.base/java.util.concurrent.ThreadPoolExecutor.runWorker(ThreadPoolExecutor.java:1128)
at java.base/java.util.concurrent.ThreadPoolExecutor$Worker.run(ThreadPoolExecutor.java:628)
at java.base/java.lang.Thread.run(Thread.java:834)
]]>
    </error>
  </testcase> <!-- testMethod4 -->
  <system-out/>
  <testcase classname="rebill.testngRebillFast" name="testMethod2" time="0.000">
    <error message="
Data Provider public synchronized java.lang.Object[][] rebill.testngRebillFast.dataProviderMethod2() returned a null value" type="org.testng.TestNGException">
      <![CDATA[org.testng.TestNGException: 
Data Provider public synchronized java.lang.Object[][] rebill.testngRebillFast.dataProviderMethod2() returned a null value
at org.testng.internal.MethodInvocationHelper.invokeDataProvider(MethodInvocationHelper.java:147)
at org.testng.internal.Parameters.handleParameters(Parameters.java:797)
at org.testng.internal.Parameters.handleParameters(Parameters.java:740)
at org.testng.internal.ParameterHandler.handleParameters(ParameterHandler.java:59)
at org.testng.internal.ParameterHandler.createParameters(ParameterHandler.java:38)
at org.testng.internal.TestInvoker$MethodInvocationAgent.invoke(TestInvoker.java:789)
at org.testng.internal.TestInvoker.invokeTestMethods(TestInvoker.java:147)
at org.testng.internal.TestMethodWorker.invokeTestMethods(TestMethodWorker.java:146)
at org.testng.internal.TestMethodWorker.run(TestMethodWorker.java:128)
at java.base/java.util.concurrent.ThreadPoolExecutor.runWorker(ThreadPoolExecutor.java:1128)
at java.base/java.util.concurrent.ThreadPoolExecutor$Worker.run(ThreadPoolExecutor.java:628)
at java.base/java.lang.Thread.run(Thread.java:834)
]]>
    </error>
  </testcase> <!-- testMethod2 -->
  <system-out/>
  <testcase classname="rebill.testngRebillFast" name="testMethod1" time="50.857"/>
  <system-out/>
  <testcase classname="rebill.testngRebillFast" name="testMethod1" time="70.685"/>
  <system-out/>
  <testcase classname="rebill.testngRebillFast" name="testMethod1" time="54.424"/>
  <system-out/>
  <testcase classname="rebill.testngRebillFast" name="testMethod1" time="51.192"/>
  <system-out/>
  <testcase classname="rebill.testngRebillFast" name="testMethod1" time="42.299">
    <skipped/>
  </testcase> <!-- testMethod1 -->
  <system-out/>
  <testcase classname="rebill.testngRebillFast" name="testMethod1" time="56.138"/>
  <system-out/>
  <testcase classname="rebill.testngRebillFast" name="testMethod1" time="56.737"/>
  <system-out/>
</testsuite> <!-- rebill.testngRebillFast -->
