<?xml version="1.0" encoding="UTF-8"?>
<!-- Generated by org.testng.reporters.JUnitReportReporter -->
<testsuite skipped="0" hostname="SQA-CRS-021" name="prerate.prerateHoldTestNGSlow" tests="4" failures="0" timestamp="18 Jun 2020 20:44:04 GMT" time="0.968" errors="3">
  <testcase name="testMethod1" time="0.968" classname="prerate.prerateHoldTestNGSlow"/>
  <testcase name="testMethod3" time="0.000" classname="prerate.prerateHoldTestNGSlow">
    <error type="org.testng.TestNGException" message="
Data Provider public synchronized java.lang.Object[][] prerate.prerateHoldTestNGSlow.dataProviderMethod3() must return either Object[][] or Iterator&lt;Object&gt;[], not class [[Ljava.lang.Object;">
      <![CDATA[org.testng.TestNGException: 
Data Provider public synchronized java.lang.Object[][] prerate.prerateHoldTestNGSlow.dataProviderMethod3() must return either Object[][] or Iterator<Object>[], not class [[Ljava.lang.Object;
	at org.testng.internal.MethodInvocationHelper.invokeDataProvider(MethodInvocationHelper.java:137)
	at org.testng.internal.Parameters.handleParameters(Parameters.java:509)
	at org.testng.internal.Invoker.handleParameters(Invoker.java:1308)
	at org.testng.internal.Invoker.createParameters(Invoker.java:1036)
	at org.testng.internal.Invoker.invokeTestMethods(Invoker.java:1126)
	at org.testng.internal.TestMethodWorker.invokeTestMethods(TestMethodWorker.java:126)
	at org.testng.internal.TestMethodWorker.run(TestMethodWorker.java:109)
	at java.util.concurrent.ThreadPoolExecutor.runWorker(Unknown Source)
	at java.util.concurrent.ThreadPoolExecutor$Worker.run(Unknown Source)
	at java.lang.Thread.run(Unknown Source)
]]>
    </error>
  </testcase> <!-- testMethod3 -->
  <testcase name="testMethod4" time="0.000" classname="prerate.prerateHoldTestNGSlow">
    <error type="org.testng.TestNGException" message="
Data Provider public synchronized java.lang.Object[][] prerate.prerateHoldTestNGSlow.dataProviderMethod4() must return either Object[][] or Iterator&lt;Object&gt;[], not class [[Ljava.lang.Object;">
      <![CDATA[org.testng.TestNGException: 
Data Provider public synchronized java.lang.Object[][] prerate.prerateHoldTestNGSlow.dataProviderMethod4() must return either Object[][] or Iterator<Object>[], not class [[Ljava.lang.Object;
	at org.testng.internal.MethodInvocationHelper.invokeDataProvider(MethodInvocationHelper.java:137)
	at org.testng.internal.Parameters.handleParameters(Parameters.java:509)
	at org.testng.internal.Invoker.handleParameters(Invoker.java:1308)
	at org.testng.internal.Invoker.createParameters(Invoker.java:1036)
	at org.testng.internal.Invoker.invokeTestMethods(Invoker.java:1126)
	at org.testng.internal.TestMethodWorker.invokeTestMethods(TestMethodWorker.java:126)
	at org.testng.internal.TestMethodWorker.run(TestMethodWorker.java:109)
	at java.util.concurrent.ThreadPoolExecutor.runWorker(Unknown Source)
	at java.util.concurrent.ThreadPoolExecutor$Worker.run(Unknown Source)
	at java.lang.Thread.run(Unknown Source)
]]>
    </error>
  </testcase> <!-- testMethod4 -->
  <testcase name="testMethod2" time="0.000" classname="prerate.prerateHoldTestNGSlow">
    <error type="org.testng.TestNGException" message="
Data Provider public synchronized java.lang.Object[][] prerate.prerateHoldTestNGSlow.dataProviderMethod2() must return either Object[][] or Iterator&lt;Object&gt;[], not class [[Ljava.lang.Object;">
      <![CDATA[org.testng.TestNGException: 
Data Provider public synchronized java.lang.Object[][] prerate.prerateHoldTestNGSlow.dataProviderMethod2() must return either Object[][] or Iterator<Object>[], not class [[Ljava.lang.Object;
	at org.testng.internal.MethodInvocationHelper.invokeDataProvider(MethodInvocationHelper.java:137)
	at org.testng.internal.Parameters.handleParameters(Parameters.java:509)
	at org.testng.internal.Invoker.handleParameters(Invoker.java:1308)
	at org.testng.internal.Invoker.createParameters(Invoker.java:1036)
	at org.testng.internal.Invoker.invokeTestMethods(Invoker.java:1126)
	at org.testng.internal.TestMethodWorker.invokeTestMethods(TestMethodWorker.java:126)
	at org.testng.internal.TestMethodWorker.run(TestMethodWorker.java:109)
	at java.util.concurrent.ThreadPoolExecutor.runWorker(Unknown Source)
	at java.util.concurrent.ThreadPoolExecutor$Worker.run(Unknown Source)
	at java.lang.Thread.run(Unknown Source)
]]>
    </error>
  </testcase> <!-- testMethod2 -->
</testsuite> <!-- prerate.prerateHoldTestNGSlow -->
