<?xml version="1.0" encoding="UTF-8"?>
<!-- Generated by org.testng.reporters.JUnitReportReporter -->
<testsuite skipped="429" hostname="SQA-CRS-025" name="rebill.testngRebillSlowMfRetire" tests="648" failures="138" timestamp="2020-05-26T22:42:43 CDT" time="25906.623" errors="3">
  <testcase name="testMethod1" time="32.111" classname="rebill.testngRebillSlowMfRetire">
    <skipped/>
  </testcase> <!-- testMethod1 -->
  <system-out/>
  <testcase name="testMethod1" time="26.754" classname="rebill.testngRebillSlowMfRetire">
    <skipped/>
  </testcase> <!-- testMethod1 -->
  <system-out/>
  <testcase name="testMethod1" time="69.705" classname="rebill.testngRebillSlowMfRetire"/>
  <system-out/>
  <testcase name="testMethod1" time="30.397" classname="rebill.testngRebillSlowMfRetire">
    <failure type="java.lang.AssertionError" message="Could Not Clicked All Stat Codes">
      <![CDATA[java.lang.AssertionError: Could Not Clicked All Stat Codes
at org.testng.Assert.fail(Assert.java:97)
at rebill.testngRebillSlowMfRetire.doRebill(testngRebillSlowMfRetire.java:965)
at rebill.testngRebillSlowMfRetire.testMethod1(testngRebillSlowMfRetire.java:610)
at sun.reflect.GeneratedMethodAccessor2.invoke(Unknown Source)
at sun.reflect.DelegatingMethodAccessorImpl.invoke(Unknown Source)
at java.lang.reflect.Method.invoke(Unknown Source)
at org.testng.internal.MethodInvocationHelper.invokeMethod(MethodInvocationHelper.java:135)
at org.testng.internal.TestInvoker.invokeMethod(TestInvoker.java:598)
at org.testng.internal.TestInvoker.retryFailed(TestInvoker.java:214)
at org.testng.internal.MethodRunner.runInSequence(MethodRunner.java:58)
at org.testng.internal.TestInvoker$MethodInvocationAgent.invoke(TestInvoker.java:821)
at org.testng.internal.TestInvoker.invokeTestMethods(TestInvoker.java:147)
at org.testng.internal.TestMethodWorker.invokeTestMethods(TestMethodWorker.java:146)
at org.testng.internal.TestMethodWorker.run(TestMethodWorker.java:128)
at java.util.concurrent.ThreadPoolExecutor.runWorker(Unknown Source)
at java.util.concurrent.ThreadPoolExecutor$Worker.run(Unknown Source)
at java.lang.Thread.run(Unknown Source)
]]>
    </failure>
  </testcase> <!-- testMethod1 -->
  <system-out/>
  <testcase name="testMethod1" time="45.775" classname="rebill.testngRebillSlowMfRetire">
    <skipped/>
  </testcase> <!-- testMethod1 -->
  <system-out/>
  <testcase name="testMethod1" time="27.515" classname="rebill.testngRebillSlowMfRetire">
    <failure type="java.lang.AssertionError" message="Could Not Clicked All Stat Codes">
      <![CDATA[java.lang.AssertionError: Could Not Clicked All Stat Codes
at org.testng.Assert.fail(Assert.java:97)
at rebill.testngRebillSlowMfRetire.doRebill(testngRebillSlowMfRetire.java:965)
at rebill.testngRebillSlowMfRetire.testMethod1(testngRebillSlowMfRetire.java:610)
at sun.reflect.GeneratedMethodAccessor2.invoke(Unknown Source)
at sun.reflect.DelegatingMethodAccessorImpl.invoke(Unknown Source)
at java.lang.reflect.Method.invoke(Unknown Source)
at org.testng.internal.MethodInvocationHelper.invokeMethod(MethodInvocationHelper.java:135)
at org.testng.internal.TestInvoker.invokeMethod(TestInvoker.java:598)
at org.testng.internal.TestInvoker.retryFailed(TestInvoker.java:214)
at org.testng.internal.MethodRunner.runInSequence(MethodRunner.java:58)
at org.testng.internal.TestInvoker$MethodInvocationAgent.invoke(TestInvoker.java:821)
at org.testng.internal.TestInvoker.invokeTestMethods(TestInvoker.java:147)
at org.testng.internal.TestMethodWorker.invokeTestMethods(TestMethodWorker.java:146)
at org.testng.internal.TestMethodWorker.run(TestMethodWorker.java:128)
at java.util.concurrent.ThreadPoolExecutor.runWorker(Unknown Source)
at java.util.concurrent.ThreadPoolExecutor$Worker.run(Unknown Source)
at java.lang.Thread.run(Unknown Source)
]]>
    </failure>
  </testcase> <!-- testMethod1 -->
  <system-out/>
  <testcase name="testMethod1" time="33.818" classname="rebill.testngRebillSlowMfRetire">
    <skipped/>
  </testcase> <!-- testMethod1 -->
  <system-out/>
  <testcase name="testMethod1" time="67.072" classname="rebill.testngRebillSlowMfRetire"/>
  <system-out/>
  <testcase name="testMethod1" time="30.533" classname="rebill.testngRebillSlowMfRetire">
    <failure type="java.lang.AssertionError" message="Could Not Clicked All Stat Codes">
      <![CDATA[java.lang.AssertionError: Could Not Clicked All Stat Codes
at org.testng.Assert.fail(Assert.java:97)
at rebill.testngRebillSlowMfRetire.doRebill(testngRebillSlowMfRetire.java:965)
at rebill.testngRebillSlowMfRetire.testMethod1(testngRebillSlowMfRetire.java:610)
at sun.reflect.GeneratedMethodAccessor2.invoke(Unknown Source)
at sun.reflect.DelegatingMethodAccessorImpl.invoke(Unknown Source)
at java.lang.reflect.Method.invoke(Unknown Source)
at org.testng.internal.MethodInvocationHelper.invokeMethod(MethodInvocationHelper.java:135)
at org.testng.internal.TestInvoker.invokeMethod(TestInvoker.java:598)
at org.testng.internal.TestInvoker.retryFailed(TestInvoker.java:214)
at org.testng.internal.MethodRunner.runInSequence(MethodRunner.java:58)
at org.testng.internal.TestInvoker$MethodInvocationAgent.invoke(TestInvoker.java:821)
at org.testng.internal.TestInvoker.invokeTestMethods(TestInvoker.java:147)
at org.testng.internal.TestMethodWorker.invokeTestMethods(TestMethodWorker.java:146)
at org.testng.internal.TestMethodWorker.run(TestMethodWorker.java:128)
at java.util.concurrent.ThreadPoolExecutor.runWorker(Unknown Source)
at java.util.concurrent.ThreadPoolExecutor$Worker.run(Unknown Source)
at java.lang.Thread.run(Unknown Source)
]]>
    </failure>
  </testcase> <!-- testMethod1 -->
  <system-out/>
  <testcase name="testMethod1" time="33.850" classname="rebill.testngRebillSlowMfRetire">
    <skipped/>
  </testcase> <!-- testMethod1 -->
  <system-out/>
  <testcase name="testMethod1" time="60.593" classname="rebill.testngRebillSlowMfRetire"/>
  <system-out/>
  <testcase name="testMethod1" time="56.660" classname="rebill.testngRebillSlowMfRetire"/>
  <system-out/>
  <testcase name="testMethod1" time="27.338" classname="rebill.testngRebillSlowMfRetire">
    <failure type="java.lang.AssertionError" message="Could Not Clicked All Stat Codes">
      <![CDATA[java.lang.AssertionError: Could Not Clicked All Stat Codes
at org.testng.Assert.fail(Assert.java:97)
at rebill.testngRebillSlowMfRetire.doRebill(testngRebillSlowMfRetire.java:965)
at rebill.testngRebillSlowMfRetire.testMethod1(testngRebillSlowMfRetire.java:610)
at sun.reflect.GeneratedMethodAccessor2.invoke(Unknown Source)
at sun.reflect.DelegatingMethodAccessorImpl.invoke(Unknown Source)
at java.lang.reflect.Method.invoke(Unknown Source)
at org.testng.internal.MethodInvocationHelper.invokeMethod(MethodInvocationHelper.java:135)
at org.testng.internal.TestInvoker.invokeMethod(TestInvoker.java:598)
at org.testng.internal.TestInvoker.retryFailed(TestInvoker.java:214)
at org.testng.internal.MethodRunner.runInSequence(MethodRunner.java:58)
at org.testng.internal.TestInvoker$MethodInvocationAgent.invoke(TestInvoker.java:821)
at org.testng.internal.TestInvoker.invokeTestMethods(TestInvoker.java:147)
at org.testng.internal.TestMethodWorker.invokeTestMethods(TestMethodWorker.java:146)
at org.testng.internal.TestMethodWorker.run(TestMethodWorker.java:128)
at java.util.concurrent.ThreadPoolExecutor.runWorker(Unknown Source)
at java.util.concurrent.ThreadPoolExecutor$Worker.run(Unknown Source)
at java.lang.Thread.run(Unknown Source)
]]>
    </failure>
  </testcase> <!-- testMethod1 -->
  <system-out/>
  <testcase name="testMethod1" time="32.519" classname="rebill.testngRebillSlowMfRetire">
    <failure type="java.lang.AssertionError" message="Could Not Clicked All Stat Codes">
      <![CDATA[java.lang.AssertionError: Could Not Clicked All Stat Codes
at org.testng.Assert.fail(Assert.java:97)
at rebill.testngRebillSlowMfRetire.doRebill(testngRebillSlowMfRetire.java:965)
at rebill.testngRebillSlowMfRetire.testMethod1(testngRebillSlowMfRetire.java:610)
at sun.reflect.GeneratedMethodAccessor2.invoke(Unknown Source)
at sun.reflect.DelegatingMethodAccessorImpl.invoke(Unknown Source)
at java.lang.reflect.Method.invoke(Unknown Source)
at org.testng.internal.MethodInvocationHelper.invokeMethod(MethodInvocationHelper.java:135)
at org.testng.internal.TestInvoker.invokeMethod(TestInvoker.java:598)
at org.testng.internal.TestInvoker.retryFailed(TestInvoker.java:214)
at org.testng.internal.MethodRunner.runInSequence(MethodRunner.java:58)
at org.testng.internal.TestInvoker$MethodInvocationAgent.invoke(TestInvoker.java:821)
at org.testng.internal.TestInvoker.invokeTestMethods(TestInvoker.java:147)
at org.testng.internal.TestMethodWorker.invokeTestMethods(TestMethodWorker.java:146)
at org.testng.internal.TestMethodWorker.run(TestMethodWorker.java:128)
at java.util.concurrent.ThreadPoolExecutor.runWorker(Unknown Source)
at java.util.concurrent.ThreadPoolExecutor$Worker.run(Unknown Source)
at java.lang.Thread.run(Unknown Source)
]]>
    </failure>
  </testcase> <!-- testMethod1 -->
  <system-out/>
  <testcase name="testMethod1" time="32.847" classname="rebill.testngRebillSlowMfRetire">
    <failure type="java.lang.AssertionError" message="Could Not Clicked All Stat Codes">
      <![CDATA[java.lang.AssertionError: Could Not Clicked All Stat Codes
at org.testng.Assert.fail(Assert.java:97)
at rebill.testngRebillSlowMfRetire.doRebill(testngRebillSlowMfRetire.java:965)
at rebill.testngRebillSlowMfRetire.testMethod1(testngRebillSlowMfRetire.java:610)
at sun.reflect.GeneratedMethodAccessor2.invoke(Unknown Source)
at sun.reflect.DelegatingMethodAccessorImpl.invoke(Unknown Source)
at java.lang.reflect.Method.invoke(Unknown Source)
at org.testng.internal.MethodInvocationHelper.invokeMethod(MethodInvocationHelper.java:135)
at org.testng.internal.TestInvoker.invokeMethod(TestInvoker.java:598)
at org.testng.internal.TestInvoker.retryFailed(TestInvoker.java:214)
at org.testng.internal.MethodRunner.runInSequence(MethodRunner.java:58)
at org.testng.internal.TestInvoker$MethodInvocationAgent.invoke(TestInvoker.java:821)
at org.testng.internal.TestInvoker.invokeTestMethods(TestInvoker.java:147)
at org.testng.internal.TestMethodWorker.invokeTestMethods(TestMethodWorker.java:146)
at org.testng.internal.TestMethodWorker.run(TestMethodWorker.java:128)
at java.util.concurrent.ThreadPoolExecutor.runWorker(Unknown Source)
at java.util.concurrent.ThreadPoolExecutor$Worker.run(Unknown Source)
at java.lang.Thread.run(Unknown Source)
]]>
    </failure>
  </testcase> <!-- testMethod1 -->
  <system-out/>
  <testcase name="testMethod1" time="33.682" classname="rebill.testngRebillSlowMfRetire">
    <skipped/>
  </testcase> <!-- testMethod1 -->
  <system-out/>
  <testcase name="testMethod4" time="0.000" classname="rebill.testngRebillSlowMfRetire">
    <error type="org.testng.TestNGException" message="
Data Provider public synchronized java.lang.Object[][] rebill.testngRebillSlowMfRetire.dataProviderMethod4() returned a null value">
      <![CDATA[org.testng.TestNGException: 
Data Provider public synchronized java.lang.Object[][] rebill.testngRebillSlowMfRetire.dataProviderMethod4() returned a null value
at org.testng.internal.MethodInvocationHelper.invokeDataProvider(MethodInvocationHelper.java:150)
at org.testng.internal.Parameters.handleParameters(Parameters.java:797)
at org.testng.internal.Parameters.handleParameters(Parameters.java:740)
at org.testng.internal.ParameterHandler.handleParameters(ParameterHandler.java:59)
at org.testng.internal.ParameterHandler.createParameters(ParameterHandler.java:38)
at org.testng.internal.TestInvoker$MethodInvocationAgent.invoke(TestInvoker.java:788)
at org.testng.internal.TestInvoker.invokeTestMethods(TestInvoker.java:147)
at org.testng.internal.TestMethodWorker.invokeTestMethods(TestMethodWorker.java:146)
at org.testng.internal.TestMethodWorker.run(TestMethodWorker.java:128)
at java.util.concurrent.ThreadPoolExecutor.runWorker(Unknown Source)
at java.util.concurrent.ThreadPoolExecutor$Worker.run(Unknown Source)
at java.lang.Thread.run(Unknown Source)
]]>
    </error>
  </testcase> <!-- testMethod4 -->
  <system-out/>
  <testcase name="testMethod1" time="34.771" classname="rebill.testngRebillSlowMfRetire">
    <failure type="java.lang.AssertionError" message="Could Not Clicked All Stat Codes">
      <![CDATA[java.lang.AssertionError: Could Not Clicked All Stat Codes
at org.testng.Assert.fail(Assert.java:97)
at rebill.testngRebillSlowMfRetire.doRebill(testngRebillSlowMfRetire.java:965)
at rebill.testngRebillSlowMfRetire.testMethod1(testngRebillSlowMfRetire.java:610)
at sun.reflect.GeneratedMethodAccessor2.invoke(Unknown Source)
at sun.reflect.DelegatingMethodAccessorImpl.invoke(Unknown Source)
at java.lang.reflect.Method.invoke(Unknown Source)
at org.testng.internal.MethodInvocationHelper.invokeMethod(MethodInvocationHelper.java:135)
at org.testng.internal.TestInvoker.invokeMethod(TestInvoker.java:598)
at org.testng.internal.TestInvoker.retryFailed(TestInvoker.java:214)
at org.testng.internal.MethodRunner.runInSequence(MethodRunner.java:58)
at org.testng.internal.TestInvoker$MethodInvocationAgent.invoke(TestInvoker.java:821)
at org.testng.internal.TestInvoker.invokeTestMethods(TestInvoker.java:147)
at org.testng.internal.TestMethodWorker.invokeTestMethods(TestMethodWorker.java:146)
at org.testng.internal.TestMethodWorker.run(TestMethodWorker.java:128)
at java.util.concurrent.ThreadPoolExecutor.runWorker(Unknown Source)
at java.util.concurrent.ThreadPoolExecutor$Worker.run(Unknown Source)
at java.lang.Thread.run(Unknown Source)
]]>
    </failure>
  </testcase> <!-- testMethod1 -->
  <system-out/>
  <testcase name="testMethod1" time="31.596" classname="rebill.testngRebillSlowMfRetire">
    <skipped/>
  </testcase> <!-- testMethod1 -->
  <system-out/>
  <testcase name="testMethod1" time="35.488" classname="rebill.testngRebillSlowMfRetire">
    <skipped/>
  </testcase> <!-- testMethod1 -->
  <system-out/>
  <testcase name="testMethod1" time="90.801" classname="rebill.testngRebillSlowMfRetire">
    <skipped/>
  </testcase> <!-- testMethod1 -->
  <system-out/>
  <testcase name="testMethod1" time="29.061" classname="rebill.testngRebillSlowMfRetire">
    <skipped/>
  </testcase> <!-- testMethod1 -->
  <system-out/>
  <testcase name="testMethod1" time="74.136" classname="rebill.testngRebillSlowMfRetire"/>
  <system-out/>
  <testcase name="testMethod1" time="27.874" classname="rebill.testngRebillSlowMfRetire">
    <skipped/>
  </testcase> <!-- testMethod1 -->
  <system-out/>
  <testcase name="testMethod1" time="26.765" classname="rebill.testngRebillSlowMfRetire">
    <skipped/>
  </testcase> <!-- testMethod1 -->
  <system-out/>
  <testcase name="testMethod1" time="24.545" classname="rebill.testngRebillSlowMfRetire">
    <skipped/>
  </testcase> <!-- testMethod1 -->
  <system-out/>
  <testcase name="testMethod1" time="40.274" classname="rebill.testngRebillSlowMfRetire">
    <skipped/>
  </testcase> <!-- testMethod1 -->
  <system-out/>
  <testcase name="testMethod1" time="32.283" classname="rebill.testngRebillSlowMfRetire">
    <skipped/>
  </testcase> <!-- testMethod1 -->
  <system-out/>
  <testcase name="testMethod1" time="40.617" classname="rebill.testngRebillSlowMfRetire">
    <skipped/>
  </testcase> <!-- testMethod1 -->
  <system-out/>
  <testcase name="testMethod1" time="27.333" classname="rebill.testngRebillSlowMfRetire">
    <skipped/>
  </testcase> <!-- testMethod1 -->
  <system-out/>
  <testcase name="testMethod1" time="34.569" classname="rebill.testngRebillSlowMfRetire">
    <skipped/>
  </testcase> <!-- testMethod1 -->
  <system-out/>
  <testcase name="testMethod1" time="62.462" classname="rebill.testngRebillSlowMfRetire"/>
  <system-out/>
  <testcase name="testMethod1" time="31.580" classname="rebill.testngRebillSlowMfRetire">
    <skipped/>
  </testcase> <!-- testMethod1 -->
  <system-out/>
  <testcase name="testMethod1" time="25.660" classname="rebill.testngRebillSlowMfRetire">
    <skipped/>
  </testcase> <!-- testMethod1 -->
  <system-out/>
  <testcase name="testMethod1" time="50.526" classname="rebill.testngRebillSlowMfRetire">
    <failure type="java.lang.AssertionError" message="Could Not Clicked All Stat Codes">
      <![CDATA[java.lang.AssertionError: Could Not Clicked All Stat Codes
at org.testng.Assert.fail(Assert.java:97)
at rebill.testngRebillSlowMfRetire.doRebill(testngRebillSlowMfRetire.java:965)
at rebill.testngRebillSlowMfRetire.testMethod1(testngRebillSlowMfRetire.java:610)
at sun.reflect.GeneratedMethodAccessor2.invoke(Unknown Source)
at sun.reflect.DelegatingMethodAccessorImpl.invoke(Unknown Source)
at java.lang.reflect.Method.invoke(Unknown Source)
at org.testng.internal.MethodInvocationHelper.invokeMethod(MethodInvocationHelper.java:135)
at org.testng.internal.TestInvoker.invokeMethod(TestInvoker.java:598)
at org.testng.internal.TestInvoker.retryFailed(TestInvoker.java:214)
at org.testng.internal.MethodRunner.runInSequence(MethodRunner.java:58)
at org.testng.internal.TestInvoker$MethodInvocationAgent.invoke(TestInvoker.java:821)
at org.testng.internal.TestInvoker.invokeTestMethods(TestInvoker.java:147)
at org.testng.internal.TestMethodWorker.invokeTestMethods(TestMethodWorker.java:146)
at org.testng.internal.TestMethodWorker.run(TestMethodWorker.java:128)
at java.util.concurrent.ThreadPoolExecutor.runWorker(Unknown Source)
at java.util.concurrent.ThreadPoolExecutor$Worker.run(Unknown Source)
at java.lang.Thread.run(Unknown Source)
]]>
    </failure>
  </testcase> <!-- testMethod1 -->
  <system-out/>
  <testcase name="testMethod1" time="26.588" classname="rebill.testngRebillSlowMfRetire">
    <skipped/>
  </testcase> <!-- testMethod1 -->
  <system-out/>
  <testcase name="testMethod1" time="26.743" classname="rebill.testngRebillSlowMfRetire">
    <skipped/>
  </testcase> <!-- testMethod1 -->
  <system-out/>
  <testcase name="testMethod1" time="33.008" classname="rebill.testngRebillSlowMfRetire">
    <skipped/>
  </testcase> <!-- testMethod1 -->
  <system-out/>
  <testcase name="testMethod1" time="36.020" classname="rebill.testngRebillSlowMfRetire">
    <skipped/>
  </testcase> <!-- testMethod1 -->
  <system-out/>
  <testcase name="testMethod1" time="31.773" classname="rebill.testngRebillSlowMfRetire">
    <skipped/>
  </testcase> <!-- testMethod1 -->
  <system-out/>
  <testcase name="testMethod1" time="33.008" classname="rebill.testngRebillSlowMfRetire">
    <skipped/>
  </testcase> <!-- testMethod1 -->
  <system-out/>
  <testcase name="testMethod1" time="35.496" classname="rebill.testngRebillSlowMfRetire">
    <skipped/>
  </testcase> <!-- testMethod1 -->
  <system-out/>
  <testcase name="testMethod1" time="30.992" classname="rebill.testngRebillSlowMfRetire">
    <skipped/>
  </testcase> <!-- testMethod1 -->
  <system-out/>
  <testcase name="testMethod1" time="28.329" classname="rebill.testngRebillSlowMfRetire">
    <skipped/>
  </testcase> <!-- testMethod1 -->
  <system-out/>
  <testcase name="testMethod1" time="29.160" classname="rebill.testngRebillSlowMfRetire">
    <skipped/>
  </testcase> <!-- testMethod1 -->
  <system-out/>
  <testcase name="testMethod1" time="29.483" classname="rebill.testngRebillSlowMfRetire">
    <skipped/>
  </testcase> <!-- testMethod1 -->
  <system-out/>
  <testcase name="testMethod1" time="31.805" classname="rebill.testngRebillSlowMfRetire">
    <skipped/>
  </testcase> <!-- testMethod1 -->
  <system-out/>
  <testcase name="testMethod1" time="56.599" classname="rebill.testngRebillSlowMfRetire">
    <skipped/>
  </testcase> <!-- testMethod1 -->
  <system-out/>
  <testcase name="testMethod1" time="31.680" classname="rebill.testngRebillSlowMfRetire">
    <skipped/>
  </testcase> <!-- testMethod1 -->
  <system-out/>
  <testcase name="testMethod1" time="32.821" classname="rebill.testngRebillSlowMfRetire">
    <failure type="java.lang.AssertionError" message="Could Not Clicked All Stat Codes">
      <![CDATA[java.lang.AssertionError: Could Not Clicked All Stat Codes
at org.testng.Assert.fail(Assert.java:97)
at rebill.testngRebillSlowMfRetire.doRebill(testngRebillSlowMfRetire.java:965)
at rebill.testngRebillSlowMfRetire.testMethod1(testngRebillSlowMfRetire.java:610)
at sun.reflect.GeneratedMethodAccessor2.invoke(Unknown Source)
at sun.reflect.DelegatingMethodAccessorImpl.invoke(Unknown Source)
at java.lang.reflect.Method.invoke(Unknown Source)
at org.testng.internal.MethodInvocationHelper.invokeMethod(MethodInvocationHelper.java:135)
at org.testng.internal.TestInvoker.invokeMethod(TestInvoker.java:598)
at org.testng.internal.TestInvoker.retryFailed(TestInvoker.java:214)
at org.testng.internal.MethodRunner.runInSequence(MethodRunner.java:58)
at org.testng.internal.TestInvoker$MethodInvocationAgent.invoke(TestInvoker.java:821)
at org.testng.internal.TestInvoker.invokeTestMethods(TestInvoker.java:147)
at org.testng.internal.TestMethodWorker.invokeTestMethods(TestMethodWorker.java:146)
at org.testng.internal.TestMethodWorker.run(TestMethodWorker.java:128)
at java.util.concurrent.ThreadPoolExecutor.runWorker(Unknown Source)
at java.util.concurrent.ThreadPoolExecutor$Worker.run(Unknown Source)
at java.lang.Thread.run(Unknown Source)
]]>
    </failure>
  </testcase> <!-- testMethod1 -->
  <system-out/>
  <testcase name="testMethod1" time="27.551" classname="rebill.testngRebillSlowMfRetire">
    <skipped/>
  </testcase> <!-- testMethod1 -->
  <system-out/>
  <testcase name="testMethod1" time="32.923" classname="rebill.testngRebillSlowMfRetire">
    <skipped/>
  </testcase> <!-- testMethod1 -->
  <system-out/>
  <testcase name="testMethod1" time="61.345" classname="rebill.testngRebillSlowMfRetire"/>
  <system-out/>
  <testcase name="testMethod1" time="36.550" classname="rebill.testngRebillSlowMfRetire">
    <failure type="java.lang.AssertionError" message="Could Not Clicked All Stat Codes">
      <![CDATA[java.lang.AssertionError: Could Not Clicked All Stat Codes
at org.testng.Assert.fail(Assert.java:97)
at rebill.testngRebillSlowMfRetire.doRebill(testngRebillSlowMfRetire.java:965)
at rebill.testngRebillSlowMfRetire.testMethod1(testngRebillSlowMfRetire.java:610)
at sun.reflect.GeneratedMethodAccessor2.invoke(Unknown Source)
at sun.reflect.DelegatingMethodAccessorImpl.invoke(Unknown Source)
at java.lang.reflect.Method.invoke(Unknown Source)
at org.testng.internal.MethodInvocationHelper.invokeMethod(MethodInvocationHelper.java:135)
at org.testng.internal.TestInvoker.invokeMethod(TestInvoker.java:598)
at org.testng.internal.TestInvoker.retryFailed(TestInvoker.java:214)
at org.testng.internal.MethodRunner.runInSequence(MethodRunner.java:58)
at org.testng.internal.TestInvoker$MethodInvocationAgent.invoke(TestInvoker.java:821)
at org.testng.internal.TestInvoker.invokeTestMethods(TestInvoker.java:147)
at org.testng.internal.TestMethodWorker.invokeTestMethods(TestMethodWorker.java:146)
at org.testng.internal.TestMethodWorker.run(TestMethodWorker.java:128)
at java.util.concurrent.ThreadPoolExecutor.runWorker(Unknown Source)
at java.util.concurrent.ThreadPoolExecutor$Worker.run(Unknown Source)
at java.lang.Thread.run(Unknown Source)
]]>
    </failure>
  </testcase> <!-- testMethod1 -->
  <system-out/>
  <testcase name="testMethod1" time="33.935" classname="rebill.testngRebillSlowMfRetire">
    <skipped/>
  </testcase> <!-- testMethod1 -->
  <system-out/>
  <testcase name="testMethod1" time="28.270" classname="rebill.testngRebillSlowMfRetire">
    <skipped/>
  </testcase> <!-- testMethod1 -->
  <system-out/>
  <testcase name="testMethod1" time="50.011" classname="rebill.testngRebillSlowMfRetire">
    <failure type="java.lang.AssertionError" message="Could Not Clicked All Stat Codes">
      <![CDATA[java.lang.AssertionError: Could Not Clicked All Stat Codes
at org.testng.Assert.fail(Assert.java:97)
at rebill.testngRebillSlowMfRetire.doRebill(testngRebillSlowMfRetire.java:965)
at rebill.testngRebillSlowMfRetire.testMethod1(testngRebillSlowMfRetire.java:610)
at sun.reflect.GeneratedMethodAccessor2.invoke(Unknown Source)
at sun.reflect.DelegatingMethodAccessorImpl.invoke(Unknown Source)
at java.lang.reflect.Method.invoke(Unknown Source)
at org.testng.internal.MethodInvocationHelper.invokeMethod(MethodInvocationHelper.java:135)
at org.testng.internal.TestInvoker.invokeMethod(TestInvoker.java:598)
at org.testng.internal.TestInvoker.retryFailed(TestInvoker.java:214)
at org.testng.internal.MethodRunner.runInSequence(MethodRunner.java:58)
at org.testng.internal.TestInvoker$MethodInvocationAgent.invoke(TestInvoker.java:821)
at org.testng.internal.TestInvoker.invokeTestMethods(TestInvoker.java:147)
at org.testng.internal.TestMethodWorker.invokeTestMethods(TestMethodWorker.java:146)
at org.testng.internal.TestMethodWorker.run(TestMethodWorker.java:128)
at java.util.concurrent.ThreadPoolExecutor.runWorker(Unknown Source)
at java.util.concurrent.ThreadPoolExecutor$Worker.run(Unknown Source)
at java.lang.Thread.run(Unknown Source)
]]>
    </failure>
  </testcase> <!-- testMethod1 -->
  <system-out/>
  <testcase name="testMethod1" time="30.506" classname="rebill.testngRebillSlowMfRetire">
    <failure type="java.lang.AssertionError" message="Could Not Clicked All Stat Codes">
      <![CDATA[java.lang.AssertionError: Could Not Clicked All Stat Codes
at org.testng.Assert.fail(Assert.java:97)
at rebill.testngRebillSlowMfRetire.doRebill(testngRebillSlowMfRetire.java:965)
at rebill.testngRebillSlowMfRetire.testMethod1(testngRebillSlowMfRetire.java:610)
at sun.reflect.GeneratedMethodAccessor2.invoke(Unknown Source)
at sun.reflect.DelegatingMethodAccessorImpl.invoke(Unknown Source)
at java.lang.reflect.Method.invoke(Unknown Source)
at org.testng.internal.MethodInvocationHelper.invokeMethod(MethodInvocationHelper.java:135)
at org.testng.internal.TestInvoker.invokeMethod(TestInvoker.java:598)
at org.testng.internal.TestInvoker.retryFailed(TestInvoker.java:214)
at org.testng.internal.MethodRunner.runInSequence(MethodRunner.java:58)
at org.testng.internal.TestInvoker$MethodInvocationAgent.invoke(TestInvoker.java:821)
at org.testng.internal.TestInvoker.invokeTestMethods(TestInvoker.java:147)
at org.testng.internal.TestMethodWorker.invokeTestMethods(TestMethodWorker.java:146)
at org.testng.internal.TestMethodWorker.run(TestMethodWorker.java:128)
at java.util.concurrent.ThreadPoolExecutor.runWorker(Unknown Source)
at java.util.concurrent.ThreadPoolExecutor$Worker.run(Unknown Source)
at java.lang.Thread.run(Unknown Source)
]]>
    </failure>
  </testcase> <!-- testMethod1 -->
  <system-out/>
  <testcase name="testMethod1" time="31.422" classname="rebill.testngRebillSlowMfRetire">
    <skipped/>
  </testcase> <!-- testMethod1 -->
  <system-out/>
  <testcase name="testMethod1" time="26.241" classname="rebill.testngRebillSlowMfRetire">
    <skipped/>
  </testcase> <!-- testMethod1 -->
  <system-out/>
  <testcase name="testMethod1" time="28.972" classname="rebill.testngRebillSlowMfRetire">
    <skipped/>
  </testcase> <!-- testMethod1 -->
  <system-out/>
  <testcase name="testMethod1" time="32.951" classname="rebill.testngRebillSlowMfRetire">
    <skipped/>
  </testcase> <!-- testMethod1 -->
  <system-out/>
  <testcase name="testMethod1" time="32.784" classname="rebill.testngRebillSlowMfRetire">
    <skipped/>
  </testcase> <!-- testMethod1 -->
  <system-out/>
  <testcase name="testMethod1" time="34.260" classname="rebill.testngRebillSlowMfRetire">
    <skipped/>
  </testcase> <!-- testMethod1 -->
  <system-out/>
  <testcase name="testMethod1" time="29.490" classname="rebill.testngRebillSlowMfRetire">
    <skipped/>
  </testcase> <!-- testMethod1 -->
  <system-out/>
  <testcase name="testMethod1" time="32.722" classname="rebill.testngRebillSlowMfRetire">
    <failure type="java.lang.AssertionError" message="Could Not Clicked All Stat Codes">
      <![CDATA[java.lang.AssertionError: Could Not Clicked All Stat Codes
at org.testng.Assert.fail(Assert.java:97)
at rebill.testngRebillSlowMfRetire.doRebill(testngRebillSlowMfRetire.java:965)
at rebill.testngRebillSlowMfRetire.testMethod1(testngRebillSlowMfRetire.java:610)
at sun.reflect.GeneratedMethodAccessor2.invoke(Unknown Source)
at sun.reflect.DelegatingMethodAccessorImpl.invoke(Unknown Source)
at java.lang.reflect.Method.invoke(Unknown Source)
at org.testng.internal.MethodInvocationHelper.invokeMethod(MethodInvocationHelper.java:135)
at org.testng.internal.TestInvoker.invokeMethod(TestInvoker.java:598)
at org.testng.internal.TestInvoker.retryFailed(TestInvoker.java:214)
at org.testng.internal.MethodRunner.runInSequence(MethodRunner.java:58)
at org.testng.internal.TestInvoker$MethodInvocationAgent.invoke(TestInvoker.java:821)
at org.testng.internal.TestInvoker.invokeTestMethods(TestInvoker.java:147)
at org.testng.internal.TestMethodWorker.invokeTestMethods(TestMethodWorker.java:146)
at org.testng.internal.TestMethodWorker.run(TestMethodWorker.java:128)
at java.util.concurrent.ThreadPoolExecutor.runWorker(Unknown Source)
at java.util.concurrent.ThreadPoolExecutor$Worker.run(Unknown Source)
at java.lang.Thread.run(Unknown Source)
]]>
    </failure>
  </testcase> <!-- testMethod1 -->
  <system-out/>
  <testcase name="testMethod1" time="37.303" classname="rebill.testngRebillSlowMfRetire">
    <skipped/>
  </testcase> <!-- testMethod1 -->
  <system-out/>
  <testcase name="testMethod1" time="32.298" classname="rebill.testngRebillSlowMfRetire">
    <skipped/>
  </testcase> <!-- testMethod1 -->
  <system-out/>
  <testcase name="testMethod1" time="36.068" classname="rebill.testngRebillSlowMfRetire">
    <failure type="java.lang.AssertionError" message="Could Not Clicked All Stat Codes">
      <![CDATA[java.lang.AssertionError: Could Not Clicked All Stat Codes
at org.testng.Assert.fail(Assert.java:97)
at rebill.testngRebillSlowMfRetire.doRebill(testngRebillSlowMfRetire.java:965)
at rebill.testngRebillSlowMfRetire.testMethod1(testngRebillSlowMfRetire.java:610)
at sun.reflect.GeneratedMethodAccessor2.invoke(Unknown Source)
at sun.reflect.DelegatingMethodAccessorImpl.invoke(Unknown Source)
at java.lang.reflect.Method.invoke(Unknown Source)
at org.testng.internal.MethodInvocationHelper.invokeMethod(MethodInvocationHelper.java:135)
at org.testng.internal.TestInvoker.invokeMethod(TestInvoker.java:598)
at org.testng.internal.TestInvoker.retryFailed(TestInvoker.java:214)
at org.testng.internal.MethodRunner.runInSequence(MethodRunner.java:58)
at org.testng.internal.TestInvoker$MethodInvocationAgent.invoke(TestInvoker.java:821)
at org.testng.internal.TestInvoker.invokeTestMethods(TestInvoker.java:147)
at org.testng.internal.TestMethodWorker.invokeTestMethods(TestMethodWorker.java:146)
at org.testng.internal.TestMethodWorker.run(TestMethodWorker.java:128)
at java.util.concurrent.ThreadPoolExecutor.runWorker(Unknown Source)
at java.util.concurrent.ThreadPoolExecutor$Worker.run(Unknown Source)
at java.lang.Thread.run(Unknown Source)
]]>
    </failure>
  </testcase> <!-- testMethod1 -->
  <system-out/>
  <testcase name="testMethod1" time="27.276" classname="rebill.testngRebillSlowMfRetire">
    <failure type="java.lang.AssertionError" message="Could Not Clicked All Stat Codes">
      <![CDATA[java.lang.AssertionError: Could Not Clicked All Stat Codes
at org.testng.Assert.fail(Assert.java:97)
at rebill.testngRebillSlowMfRetire.doRebill(testngRebillSlowMfRetire.java:965)
at rebill.testngRebillSlowMfRetire.testMethod1(testngRebillSlowMfRetire.java:610)
at sun.reflect.GeneratedMethodAccessor2.invoke(Unknown Source)
at sun.reflect.DelegatingMethodAccessorImpl.invoke(Unknown Source)
at java.lang.reflect.Method.invoke(Unknown Source)
at org.testng.internal.MethodInvocationHelper.invokeMethod(MethodInvocationHelper.java:135)
at org.testng.internal.TestInvoker.invokeMethod(TestInvoker.java:598)
at org.testng.internal.TestInvoker.retryFailed(TestInvoker.java:214)
at org.testng.internal.MethodRunner.runInSequence(MethodRunner.java:58)
at org.testng.internal.TestInvoker$MethodInvocationAgent.invoke(TestInvoker.java:821)
at org.testng.internal.TestInvoker.invokeTestMethods(TestInvoker.java:147)
at org.testng.internal.TestMethodWorker.invokeTestMethods(TestMethodWorker.java:146)
at org.testng.internal.TestMethodWorker.run(TestMethodWorker.java:128)
at java.util.concurrent.ThreadPoolExecutor.runWorker(Unknown Source)
at java.util.concurrent.ThreadPoolExecutor$Worker.run(Unknown Source)
at java.lang.Thread.run(Unknown Source)
]]>
    </failure>
  </testcase> <!-- testMethod1 -->
  <system-out/>
  <testcase name="testMethod1" time="30.681" classname="rebill.testngRebillSlowMfRetire">
    <skipped/>
  </testcase> <!-- testMethod1 -->
  <system-out/>
  <testcase name="testMethod1" time="1.705" classname="rebill.testngRebillSlowMfRetire"/>
  <system-out/>
  <testcase name="testMethod1" time="31.852" classname="rebill.testngRebillSlowMfRetire">
    <skipped/>
  </testcase> <!-- testMethod1 -->
  <system-out/>
  <testcase name="testMethod1" time="30.521" classname="rebill.testngRebillSlowMfRetire">
    <skipped/>
  </testcase> <!-- testMethod1 -->
  <system-out/>
  <testcase name="testMethod1" time="58.651" classname="rebill.testngRebillSlowMfRetire"/>
  <system-out/>
  <testcase name="testMethod1" time="81.247" classname="rebill.testngRebillSlowMfRetire"/>
  <system-out/>
  <testcase name="testMethod1" time="68.367" classname="rebill.testngRebillSlowMfRetire"/>
  <system-out/>
  <testcase name="testMethod1" time="38.926" classname="rebill.testngRebillSlowMfRetire">
    <skipped/>
  </testcase> <!-- testMethod1 -->
  <system-out/>
  <testcase name="testMethod1" time="34.636" classname="rebill.testngRebillSlowMfRetire">
    <skipped/>
  </testcase> <!-- testMethod1 -->
  <system-out/>
  <testcase name="testMethod1" time="29.078" classname="rebill.testngRebillSlowMfRetire">
    <skipped/>
  </testcase> <!-- testMethod1 -->
  <system-out/>
  <testcase name="testMethod1" time="32.744" classname="rebill.testngRebillSlowMfRetire">
    <failure type="java.lang.AssertionError" message="Could Not Clicked All Stat Codes">
      <![CDATA[java.lang.AssertionError: Could Not Clicked All Stat Codes
at org.testng.Assert.fail(Assert.java:97)
at rebill.testngRebillSlowMfRetire.doRebill(testngRebillSlowMfRetire.java:965)
at rebill.testngRebillSlowMfRetire.testMethod1(testngRebillSlowMfRetire.java:610)
at sun.reflect.GeneratedMethodAccessor2.invoke(Unknown Source)
at sun.reflect.DelegatingMethodAccessorImpl.invoke(Unknown Source)
at java.lang.reflect.Method.invoke(Unknown Source)
at org.testng.internal.MethodInvocationHelper.invokeMethod(MethodInvocationHelper.java:135)
at org.testng.internal.TestInvoker.invokeMethod(TestInvoker.java:598)
at org.testng.internal.TestInvoker.retryFailed(TestInvoker.java:214)
at org.testng.internal.MethodRunner.runInSequence(MethodRunner.java:58)
at org.testng.internal.TestInvoker$MethodInvocationAgent.invoke(TestInvoker.java:821)
at org.testng.internal.TestInvoker.invokeTestMethods(TestInvoker.java:147)
at org.testng.internal.TestMethodWorker.invokeTestMethods(TestMethodWorker.java:146)
at org.testng.internal.TestMethodWorker.run(TestMethodWorker.java:128)
at java.util.concurrent.ThreadPoolExecutor.runWorker(Unknown Source)
at java.util.concurrent.ThreadPoolExecutor$Worker.run(Unknown Source)
at java.lang.Thread.run(Unknown Source)
]]>
    </failure>
  </testcase> <!-- testMethod1 -->
  <system-out/>
  <testcase name="testMethod1" time="104.566" classname="rebill.testngRebillSlowMfRetire"/>
  <system-out/>
  <testcase name="testMethod1" time="28.052" classname="rebill.testngRebillSlowMfRetire">
    <skipped/>
  </testcase> <!-- testMethod1 -->
  <system-out/>
  <testcase name="testMethod1" time="33.246" classname="rebill.testngRebillSlowMfRetire">
    <skipped/>
  </testcase> <!-- testMethod1 -->
  <system-out/>
  <testcase name="testMethod1" time="70.630" classname="rebill.testngRebillSlowMfRetire"/>
  <system-out/>
  <testcase name="testMethod1" time="29.644" classname="rebill.testngRebillSlowMfRetire">
    <skipped/>
  </testcase> <!-- testMethod1 -->
  <system-out/>
  <testcase name="testMethod1" time="32.991" classname="rebill.testngRebillSlowMfRetire">
    <skipped/>
  </testcase> <!-- testMethod1 -->
  <system-out/>
  <testcase name="testMethod1" time="27.701" classname="rebill.testngRebillSlowMfRetire">
    <skipped/>
  </testcase> <!-- testMethod1 -->
  <system-out/>
  <testcase name="testMethod1" time="61.838" classname="rebill.testngRebillSlowMfRetire"/>
  <system-out/>
  <testcase name="testMethod1" time="43.748" classname="rebill.testngRebillSlowMfRetire">
    <skipped/>
  </testcase> <!-- testMethod1 -->
  <system-out/>
  <testcase name="testMethod1" time="31.750" classname="rebill.testngRebillSlowMfRetire">
    <failure type="java.lang.AssertionError" message="Could Not Clicked All Stat Codes">
      <![CDATA[java.lang.AssertionError: Could Not Clicked All Stat Codes
at org.testng.Assert.fail(Assert.java:97)
at rebill.testngRebillSlowMfRetire.doRebill(testngRebillSlowMfRetire.java:965)
at rebill.testngRebillSlowMfRetire.testMethod1(testngRebillSlowMfRetire.java:610)
at sun.reflect.GeneratedMethodAccessor2.invoke(Unknown Source)
at sun.reflect.DelegatingMethodAccessorImpl.invoke(Unknown Source)
at java.lang.reflect.Method.invoke(Unknown Source)
at org.testng.internal.MethodInvocationHelper.invokeMethod(MethodInvocationHelper.java:135)
at org.testng.internal.TestInvoker.invokeMethod(TestInvoker.java:598)
at org.testng.internal.TestInvoker.retryFailed(TestInvoker.java:214)
at org.testng.internal.MethodRunner.runInSequence(MethodRunner.java:58)
at org.testng.internal.TestInvoker$MethodInvocationAgent.invoke(TestInvoker.java:821)
at org.testng.internal.TestInvoker.invokeTestMethods(TestInvoker.java:147)
at org.testng.internal.TestMethodWorker.invokeTestMethods(TestMethodWorker.java:146)
at org.testng.internal.TestMethodWorker.run(TestMethodWorker.java:128)
at java.util.concurrent.ThreadPoolExecutor.runWorker(Unknown Source)
at java.util.concurrent.ThreadPoolExecutor$Worker.run(Unknown Source)
at java.lang.Thread.run(Unknown Source)
]]>
    </failure>
  </testcase> <!-- testMethod1 -->
  <system-out/>
  <testcase name="testMethod1" time="27.485" classname="rebill.testngRebillSlowMfRetire">
    <skipped/>
  </testcase> <!-- testMethod1 -->
  <system-out/>
  <testcase name="testMethod1" time="75.933" classname="rebill.testngRebillSlowMfRetire"/>
  <system-out/>
  <testcase name="testMethod1" time="33.594" classname="rebill.testngRebillSlowMfRetire">
    <skipped/>
  </testcase> <!-- testMethod1 -->
  <system-out/>
  <testcase name="testMethod1" time="30.893" classname="rebill.testngRebillSlowMfRetire">
    <failure type="java.lang.AssertionError" message="Could Not Clicked All Stat Codes">
      <![CDATA[java.lang.AssertionError: Could Not Clicked All Stat Codes
at org.testng.Assert.fail(Assert.java:97)
at rebill.testngRebillSlowMfRetire.doRebill(testngRebillSlowMfRetire.java:965)
at rebill.testngRebillSlowMfRetire.testMethod1(testngRebillSlowMfRetire.java:610)
at sun.reflect.GeneratedMethodAccessor2.invoke(Unknown Source)
at sun.reflect.DelegatingMethodAccessorImpl.invoke(Unknown Source)
at java.lang.reflect.Method.invoke(Unknown Source)
at org.testng.internal.MethodInvocationHelper.invokeMethod(MethodInvocationHelper.java:135)
at org.testng.internal.TestInvoker.invokeMethod(TestInvoker.java:598)
at org.testng.internal.TestInvoker.retryFailed(TestInvoker.java:214)
at org.testng.internal.MethodRunner.runInSequence(MethodRunner.java:58)
at org.testng.internal.TestInvoker$MethodInvocationAgent.invoke(TestInvoker.java:821)
at org.testng.internal.TestInvoker.invokeTestMethods(TestInvoker.java:147)
at org.testng.internal.TestMethodWorker.invokeTestMethods(TestMethodWorker.java:146)
at org.testng.internal.TestMethodWorker.run(TestMethodWorker.java:128)
at java.util.concurrent.ThreadPoolExecutor.runWorker(Unknown Source)
at java.util.concurrent.ThreadPoolExecutor$Worker.run(Unknown Source)
at java.lang.Thread.run(Unknown Source)
]]>
    </failure>
  </testcase> <!-- testMethod1 -->
  <system-out/>
  <testcase name="testMethod1" time="27.773" classname="rebill.testngRebillSlowMfRetire">
    <skipped/>
  </testcase> <!-- testMethod1 -->
  <system-out/>
  <testcase name="testMethod1" time="93.556" classname="rebill.testngRebillSlowMfRetire"/>
  <system-out/>
  <testcase name="testMethod1" time="24.412" classname="rebill.testngRebillSlowMfRetire">
    <skipped/>
  </testcase> <!-- testMethod1 -->
  <system-out/>
  <testcase name="testMethod1" time="28.045" classname="rebill.testngRebillSlowMfRetire">
    <skipped/>
  </testcase> <!-- testMethod1 -->
  <system-out/>
  <testcase name="testMethod1" time="33.867" classname="rebill.testngRebillSlowMfRetire">
    <failure type="java.lang.AssertionError" message="Could Not Clicked All Stat Codes">
      <![CDATA[java.lang.AssertionError: Could Not Clicked All Stat Codes
at org.testng.Assert.fail(Assert.java:97)
at rebill.testngRebillSlowMfRetire.doRebill(testngRebillSlowMfRetire.java:965)
at rebill.testngRebillSlowMfRetire.testMethod1(testngRebillSlowMfRetire.java:610)
at sun.reflect.GeneratedMethodAccessor2.invoke(Unknown Source)
at sun.reflect.DelegatingMethodAccessorImpl.invoke(Unknown Source)
at java.lang.reflect.Method.invoke(Unknown Source)
at org.testng.internal.MethodInvocationHelper.invokeMethod(MethodInvocationHelper.java:135)
at org.testng.internal.TestInvoker.invokeMethod(TestInvoker.java:598)
at org.testng.internal.TestInvoker.retryFailed(TestInvoker.java:214)
at org.testng.internal.MethodRunner.runInSequence(MethodRunner.java:58)
at org.testng.internal.TestInvoker$MethodInvocationAgent.invoke(TestInvoker.java:821)
at org.testng.internal.TestInvoker.invokeTestMethods(TestInvoker.java:147)
at org.testng.internal.TestMethodWorker.invokeTestMethods(TestMethodWorker.java:146)
at org.testng.internal.TestMethodWorker.run(TestMethodWorker.java:128)
at java.util.concurrent.ThreadPoolExecutor.runWorker(Unknown Source)
at java.util.concurrent.ThreadPoolExecutor$Worker.run(Unknown Source)
at java.lang.Thread.run(Unknown Source)
]]>
    </failure>
  </testcase> <!-- testMethod1 -->
  <system-out/>
  <testcase name="testMethod1" time="29.763" classname="rebill.testngRebillSlowMfRetire">
    <skipped/>
  </testcase> <!-- testMethod1 -->
  <system-out/>
  <testcase name="testMethod1" time="34.802" classname="rebill.testngRebillSlowMfRetire">
    <failure type="java.lang.AssertionError" message="Could Not Clicked All Stat Codes">
      <![CDATA[java.lang.AssertionError: Could Not Clicked All Stat Codes
at org.testng.Assert.fail(Assert.java:97)
at rebill.testngRebillSlowMfRetire.doRebill(testngRebillSlowMfRetire.java:965)
at rebill.testngRebillSlowMfRetire.testMethod1(testngRebillSlowMfRetire.java:610)
at sun.reflect.GeneratedMethodAccessor2.invoke(Unknown Source)
at sun.reflect.DelegatingMethodAccessorImpl.invoke(Unknown Source)
at java.lang.reflect.Method.invoke(Unknown Source)
at org.testng.internal.MethodInvocationHelper.invokeMethod(MethodInvocationHelper.java:135)
at org.testng.internal.TestInvoker.invokeMethod(TestInvoker.java:598)
at org.testng.internal.TestInvoker.retryFailed(TestInvoker.java:214)
at org.testng.internal.MethodRunner.runInSequence(MethodRunner.java:58)
at org.testng.internal.TestInvoker$MethodInvocationAgent.invoke(TestInvoker.java:821)
at org.testng.internal.TestInvoker.invokeTestMethods(TestInvoker.java:147)
at org.testng.internal.TestMethodWorker.invokeTestMethods(TestMethodWorker.java:146)
at org.testng.internal.TestMethodWorker.run(TestMethodWorker.java:128)
at java.util.concurrent.ThreadPoolExecutor.runWorker(Unknown Source)
at java.util.concurrent.ThreadPoolExecutor$Worker.run(Unknown Source)
at java.lang.Thread.run(Unknown Source)
]]>
    </failure>
  </testcase> <!-- testMethod1 -->
  <system-out/>
  <testcase name="testMethod1" time="33.864" classname="rebill.testngRebillSlowMfRetire">
    <skipped/>
  </testcase> <!-- testMethod1 -->
  <system-out/>
  <testcase name="testMethod1" time="55.860" classname="rebill.testngRebillSlowMfRetire"/>
  <system-out/>
  <testcase name="testMethod1" time="34.011" classname="rebill.testngRebillSlowMfRetire">
    <skipped/>
  </testcase> <!-- testMethod1 -->
  <system-out/>
  <testcase name="testMethod1" time="41.498" classname="rebill.testngRebillSlowMfRetire">
    <skipped/>
  </testcase> <!-- testMethod1 -->
  <system-out/>
  <testcase name="testMethod1" time="34.270" classname="rebill.testngRebillSlowMfRetire">
    <skipped/>
  </testcase> <!-- testMethod1 -->
  <system-out/>
  <testcase name="testMethod1" time="27.131" classname="rebill.testngRebillSlowMfRetire">
    <skipped/>
  </testcase> <!-- testMethod1 -->
  <system-out/>
  <testcase name="testMethod1" time="30.877" classname="rebill.testngRebillSlowMfRetire">
    <skipped/>
  </testcase> <!-- testMethod1 -->
  <system-out/>
  <testcase name="testMethod1" time="73.406" classname="rebill.testngRebillSlowMfRetire"/>
  <system-out/>
  <testcase name="testMethod1" time="73.098" classname="rebill.testngRebillSlowMfRetire"/>
  <system-out/>
  <testcase name="testMethod1" time="149.290" classname="rebill.testngRebillSlowMfRetire">
    <skipped/>
  </testcase> <!-- testMethod1 -->
  <system-out/>
  <testcase name="testMethod1" time="27.167" classname="rebill.testngRebillSlowMfRetire">
    <skipped/>
  </testcase> <!-- testMethod1 -->
  <system-out/>
  <testcase name="testMethod1" time="65.386" classname="rebill.testngRebillSlowMfRetire">
    <skipped/>
  </testcase> <!-- testMethod1 -->
  <system-out/>
  <testcase name="testMethod1" time="29.004" classname="rebill.testngRebillSlowMfRetire">
    <skipped/>
  </testcase> <!-- testMethod1 -->
  <system-out/>
  <testcase name="testMethod1" time="24.911" classname="rebill.testngRebillSlowMfRetire">
    <skipped/>
  </testcase> <!-- testMethod1 -->
  <system-out/>
  <testcase name="testMethod1" time="41.536" classname="rebill.testngRebillSlowMfRetire">
    <skipped/>
  </testcase> <!-- testMethod1 -->
  <system-out/>
  <testcase name="testMethod1" time="25.755" classname="rebill.testngRebillSlowMfRetire">
    <skipped/>
  </testcase> <!-- testMethod1 -->
  <system-out/>
  <testcase name="testMethod1" time="67.941" classname="rebill.testngRebillSlowMfRetire"/>
  <system-out/>
  <testcase name="testMethod1" time="22.410" classname="rebill.testngRebillSlowMfRetire">
    <skipped/>
  </testcase> <!-- testMethod1 -->
  <system-out/>
  <testcase name="testMethod1" time="25.696" classname="rebill.testngRebillSlowMfRetire">
    <skipped/>
  </testcase> <!-- testMethod1 -->
  <system-out/>
  <testcase name="testMethod1" time="27.752" classname="rebill.testngRebillSlowMfRetire">
    <skipped/>
  </testcase> <!-- testMethod1 -->
  <system-out/>
  <testcase name="testMethod1" time="84.753" classname="rebill.testngRebillSlowMfRetire"/>
  <system-out/>
  <testcase name="testMethod1" time="60.432" classname="rebill.testngRebillSlowMfRetire"/>
  <system-out/>
  <testcase name="testMethod1" time="35.912" classname="rebill.testngRebillSlowMfRetire">
    <skipped/>
  </testcase> <!-- testMethod1 -->
  <system-out/>
  <testcase name="testMethod1" time="31.251" classname="rebill.testngRebillSlowMfRetire">
    <skipped/>
  </testcase> <!-- testMethod1 -->
  <system-out/>
  <testcase name="testMethod1" time="30.717" classname="rebill.testngRebillSlowMfRetire">
    <skipped/>
  </testcase> <!-- testMethod1 -->
  <system-out/>
  <testcase name="testMethod1" time="66.210" classname="rebill.testngRebillSlowMfRetire"/>
  <system-out/>
  <testcase name="testMethod1" time="30.043" classname="rebill.testngRebillSlowMfRetire">
    <failure type="java.lang.AssertionError" message="Could Not Clicked All Stat Codes">
      <![CDATA[java.lang.AssertionError: Could Not Clicked All Stat Codes
at org.testng.Assert.fail(Assert.java:97)
at rebill.testngRebillSlowMfRetire.doRebill(testngRebillSlowMfRetire.java:965)
at rebill.testngRebillSlowMfRetire.testMethod1(testngRebillSlowMfRetire.java:610)
at sun.reflect.GeneratedMethodAccessor2.invoke(Unknown Source)
at sun.reflect.DelegatingMethodAccessorImpl.invoke(Unknown Source)
at java.lang.reflect.Method.invoke(Unknown Source)
at org.testng.internal.MethodInvocationHelper.invokeMethod(MethodInvocationHelper.java:135)
at org.testng.internal.TestInvoker.invokeMethod(TestInvoker.java:598)
at org.testng.internal.TestInvoker.retryFailed(TestInvoker.java:214)
at org.testng.internal.MethodRunner.runInSequence(MethodRunner.java:58)
at org.testng.internal.TestInvoker$MethodInvocationAgent.invoke(TestInvoker.java:821)
at org.testng.internal.TestInvoker.invokeTestMethods(TestInvoker.java:147)
at org.testng.internal.TestMethodWorker.invokeTestMethods(TestMethodWorker.java:146)
at org.testng.internal.TestMethodWorker.run(TestMethodWorker.java:128)
at java.util.concurrent.ThreadPoolExecutor.runWorker(Unknown Source)
at java.util.concurrent.ThreadPoolExecutor$Worker.run(Unknown Source)
at java.lang.Thread.run(Unknown Source)
]]>
    </failure>
  </testcase> <!-- testMethod1 -->
  <system-out/>
  <testcase name="testMethod1" time="36.235" classname="rebill.testngRebillSlowMfRetire">
    <skipped/>
  </testcase> <!-- testMethod1 -->
  <system-out/>
  <testcase name="testMethod1" time="51.835" classname="rebill.testngRebillSlowMfRetire">
    <skipped/>
  </testcase> <!-- testMethod1 -->
  <system-out/>
  <testcase name="testMethod1" time="34.376" classname="rebill.testngRebillSlowMfRetire">
    <skipped/>
  </testcase> <!-- testMethod1 -->
  <system-out/>
  <testcase name="testMethod1" time="37.506" classname="rebill.testngRebillSlowMfRetire">
    <skipped/>
  </testcase> <!-- testMethod1 -->
  <system-out/>
  <testcase name="testMethod1" time="37.018" classname="rebill.testngRebillSlowMfRetire">
    <skipped/>
  </testcase> <!-- testMethod1 -->
  <system-out/>
  <testcase name="testMethod1" time="34.585" classname="rebill.testngRebillSlowMfRetire">
    <skipped/>
  </testcase> <!-- testMethod1 -->
  <system-out/>
  <testcase name="testMethod1" time="30.471" classname="rebill.testngRebillSlowMfRetire">
    <failure type="java.lang.AssertionError" message="Could Not Clicked All Stat Codes">
      <![CDATA[java.lang.AssertionError: Could Not Clicked All Stat Codes
at org.testng.Assert.fail(Assert.java:97)
at rebill.testngRebillSlowMfRetire.doRebill(testngRebillSlowMfRetire.java:965)
at rebill.testngRebillSlowMfRetire.testMethod1(testngRebillSlowMfRetire.java:610)
at sun.reflect.GeneratedMethodAccessor2.invoke(Unknown Source)
at sun.reflect.DelegatingMethodAccessorImpl.invoke(Unknown Source)
at java.lang.reflect.Method.invoke(Unknown Source)
at org.testng.internal.MethodInvocationHelper.invokeMethod(MethodInvocationHelper.java:135)
at org.testng.internal.TestInvoker.invokeMethod(TestInvoker.java:598)
at org.testng.internal.TestInvoker.retryFailed(TestInvoker.java:214)
at org.testng.internal.MethodRunner.runInSequence(MethodRunner.java:58)
at org.testng.internal.TestInvoker$MethodInvocationAgent.invoke(TestInvoker.java:821)
at org.testng.internal.TestInvoker.invokeTestMethods(TestInvoker.java:147)
at org.testng.internal.TestMethodWorker.invokeTestMethods(TestMethodWorker.java:146)
at org.testng.internal.TestMethodWorker.run(TestMethodWorker.java:128)
at java.util.concurrent.ThreadPoolExecutor.runWorker(Unknown Source)
at java.util.concurrent.ThreadPoolExecutor$Worker.run(Unknown Source)
at java.lang.Thread.run(Unknown Source)
]]>
    </failure>
  </testcase> <!-- testMethod1 -->
  <system-out/>
  <testcase name="testMethod1" time="28.465" classname="rebill.testngRebillSlowMfRetire">
    <skipped/>
  </testcase> <!-- testMethod1 -->
  <system-out/>
  <testcase name="testMethod1" time="33.640" classname="rebill.testngRebillSlowMfRetire">
    <failure type="java.lang.AssertionError" message="Could Not Clicked All Stat Codes">
      <![CDATA[java.lang.AssertionError: Could Not Clicked All Stat Codes
at org.testng.Assert.fail(Assert.java:97)
at rebill.testngRebillSlowMfRetire.doRebill(testngRebillSlowMfRetire.java:965)
at rebill.testngRebillSlowMfRetire.testMethod1(testngRebillSlowMfRetire.java:610)
at sun.reflect.GeneratedMethodAccessor2.invoke(Unknown Source)
at sun.reflect.DelegatingMethodAccessorImpl.invoke(Unknown Source)
at java.lang.reflect.Method.invoke(Unknown Source)
at org.testng.internal.MethodInvocationHelper.invokeMethod(MethodInvocationHelper.java:135)
at org.testng.internal.TestInvoker.invokeMethod(TestInvoker.java:598)
at org.testng.internal.TestInvoker.retryFailed(TestInvoker.java:214)
at org.testng.internal.MethodRunner.runInSequence(MethodRunner.java:58)
at org.testng.internal.TestInvoker$MethodInvocationAgent.invoke(TestInvoker.java:821)
at org.testng.internal.TestInvoker.invokeTestMethods(TestInvoker.java:147)
at org.testng.internal.TestMethodWorker.invokeTestMethods(TestMethodWorker.java:146)
at org.testng.internal.TestMethodWorker.run(TestMethodWorker.java:128)
at java.util.concurrent.ThreadPoolExecutor.runWorker(Unknown Source)
at java.util.concurrent.ThreadPoolExecutor$Worker.run(Unknown Source)
at java.lang.Thread.run(Unknown Source)
]]>
    </failure>
  </testcase> <!-- testMethod1 -->
  <system-out/>
  <testcase name="testMethod1" time="33.884" classname="rebill.testngRebillSlowMfRetire">
    <skipped/>
  </testcase> <!-- testMethod1 -->
  <system-out/>
  <testcase name="testMethod1" time="32.001" classname="rebill.testngRebillSlowMfRetire">
    <skipped/>
  </testcase> <!-- testMethod1 -->
  <system-out/>
  <testcase name="testMethod1" time="22.578" classname="rebill.testngRebillSlowMfRetire">
    <failure type="java.lang.AssertionError" message="Could Not Clicked All Stat Codes">
      <![CDATA[java.lang.AssertionError: Could Not Clicked All Stat Codes
at org.testng.Assert.fail(Assert.java:97)
at rebill.testngRebillSlowMfRetire.doRebill(testngRebillSlowMfRetire.java:965)
at rebill.testngRebillSlowMfRetire.testMethod1(testngRebillSlowMfRetire.java:610)
at sun.reflect.GeneratedMethodAccessor2.invoke(Unknown Source)
at sun.reflect.DelegatingMethodAccessorImpl.invoke(Unknown Source)
at java.lang.reflect.Method.invoke(Unknown Source)
at org.testng.internal.MethodInvocationHelper.invokeMethod(MethodInvocationHelper.java:135)
at org.testng.internal.TestInvoker.invokeMethod(TestInvoker.java:598)
at org.testng.internal.TestInvoker.retryFailed(TestInvoker.java:214)
at org.testng.internal.MethodRunner.runInSequence(MethodRunner.java:58)
at org.testng.internal.TestInvoker$MethodInvocationAgent.invoke(TestInvoker.java:821)
at org.testng.internal.TestInvoker.invokeTestMethods(TestInvoker.java:147)
at org.testng.internal.TestMethodWorker.invokeTestMethods(TestMethodWorker.java:146)
at org.testng.internal.TestMethodWorker.run(TestMethodWorker.java:128)
at java.util.concurrent.ThreadPoolExecutor.runWorker(Unknown Source)
at java.util.concurrent.ThreadPoolExecutor$Worker.run(Unknown Source)
at java.lang.Thread.run(Unknown Source)
]]>
    </failure>
  </testcase> <!-- testMethod1 -->
  <system-out/>
  <testcase name="testMethod1" time="44.046" classname="rebill.testngRebillSlowMfRetire">
    <failure type="java.lang.AssertionError" message="Could Not Clicked All Stat Codes">
      <![CDATA[java.lang.AssertionError: Could Not Clicked All Stat Codes
at org.testng.Assert.fail(Assert.java:97)
at rebill.testngRebillSlowMfRetire.doRebill(testngRebillSlowMfRetire.java:965)
at rebill.testngRebillSlowMfRetire.testMethod1(testngRebillSlowMfRetire.java:610)
at sun.reflect.GeneratedMethodAccessor2.invoke(Unknown Source)
at sun.reflect.DelegatingMethodAccessorImpl.invoke(Unknown Source)
at java.lang.reflect.Method.invoke(Unknown Source)
at org.testng.internal.MethodInvocationHelper.invokeMethod(MethodInvocationHelper.java:135)
at org.testng.internal.TestInvoker.invokeMethod(TestInvoker.java:598)
at org.testng.internal.TestInvoker.retryFailed(TestInvoker.java:214)
at org.testng.internal.MethodRunner.runInSequence(MethodRunner.java:58)
at org.testng.internal.TestInvoker$MethodInvocationAgent.invoke(TestInvoker.java:821)
at org.testng.internal.TestInvoker.invokeTestMethods(TestInvoker.java:147)
at org.testng.internal.TestMethodWorker.invokeTestMethods(TestMethodWorker.java:146)
at org.testng.internal.TestMethodWorker.run(TestMethodWorker.java:128)
at java.util.concurrent.ThreadPoolExecutor.runWorker(Unknown Source)
at java.util.concurrent.ThreadPoolExecutor$Worker.run(Unknown Source)
at java.lang.Thread.run(Unknown Source)
]]>
    </failure>
  </testcase> <!-- testMethod1 -->
  <system-out/>
  <testcase name="testMethod1" time="57.803" classname="rebill.testngRebillSlowMfRetire"/>
  <system-out/>
  <testcase name="testMethod1" time="30.854" classname="rebill.testngRebillSlowMfRetire">
    <skipped/>
  </testcase> <!-- testMethod1 -->
  <system-out/>
  <testcase name="testMethod1" time="32.936" classname="rebill.testngRebillSlowMfRetire">
    <skipped/>
  </testcase> <!-- testMethod1 -->
  <system-out/>
  <testcase name="testMethod1" time="30.005" classname="rebill.testngRebillSlowMfRetire">
    <failure type="java.lang.AssertionError" message="Could Not Clicked All Stat Codes">
      <![CDATA[java.lang.AssertionError: Could Not Clicked All Stat Codes
at org.testng.Assert.fail(Assert.java:97)
at rebill.testngRebillSlowMfRetire.doRebill(testngRebillSlowMfRetire.java:965)
at rebill.testngRebillSlowMfRetire.testMethod1(testngRebillSlowMfRetire.java:610)
at sun.reflect.GeneratedMethodAccessor2.invoke(Unknown Source)
at sun.reflect.DelegatingMethodAccessorImpl.invoke(Unknown Source)
at java.lang.reflect.Method.invoke(Unknown Source)
at org.testng.internal.MethodInvocationHelper.invokeMethod(MethodInvocationHelper.java:135)
at org.testng.internal.TestInvoker.invokeMethod(TestInvoker.java:598)
at org.testng.internal.TestInvoker.retryFailed(TestInvoker.java:214)
at org.testng.internal.MethodRunner.runInSequence(MethodRunner.java:58)
at org.testng.internal.TestInvoker$MethodInvocationAgent.invoke(TestInvoker.java:821)
at org.testng.internal.TestInvoker.invokeTestMethods(TestInvoker.java:147)
at org.testng.internal.TestMethodWorker.invokeTestMethods(TestMethodWorker.java:146)
at org.testng.internal.TestMethodWorker.run(TestMethodWorker.java:128)
at java.util.concurrent.ThreadPoolExecutor.runWorker(Unknown Source)
at java.util.concurrent.ThreadPoolExecutor$Worker.run(Unknown Source)
at java.lang.Thread.run(Unknown Source)
]]>
    </failure>
  </testcase> <!-- testMethod1 -->
  <system-out/>
  <testcase name="testMethod1" time="29.845" classname="rebill.testngRebillSlowMfRetire">
    <skipped/>
  </testcase> <!-- testMethod1 -->
  <system-out/>
  <testcase name="testMethod1" time="42.943" classname="rebill.testngRebillSlowMfRetire">
    <skipped/>
  </testcase> <!-- testMethod1 -->
  <system-out/>
  <testcase name="testMethod1" time="27.753" classname="rebill.testngRebillSlowMfRetire">
    <failure type="java.lang.AssertionError" message="Could Not Clicked All Stat Codes">
      <![CDATA[java.lang.AssertionError: Could Not Clicked All Stat Codes
at org.testng.Assert.fail(Assert.java:97)
at rebill.testngRebillSlowMfRetire.doRebill(testngRebillSlowMfRetire.java:965)
at rebill.testngRebillSlowMfRetire.testMethod1(testngRebillSlowMfRetire.java:610)
at sun.reflect.GeneratedMethodAccessor2.invoke(Unknown Source)
at sun.reflect.DelegatingMethodAccessorImpl.invoke(Unknown Source)
at java.lang.reflect.Method.invoke(Unknown Source)
at org.testng.internal.MethodInvocationHelper.invokeMethod(MethodInvocationHelper.java:135)
at org.testng.internal.TestInvoker.invokeMethod(TestInvoker.java:598)
at org.testng.internal.TestInvoker.retryFailed(TestInvoker.java:214)
at org.testng.internal.MethodRunner.runInSequence(MethodRunner.java:58)
at org.testng.internal.TestInvoker$MethodInvocationAgent.invoke(TestInvoker.java:821)
at org.testng.internal.TestInvoker.invokeTestMethods(TestInvoker.java:147)
at org.testng.internal.TestMethodWorker.invokeTestMethods(TestMethodWorker.java:146)
at org.testng.internal.TestMethodWorker.run(TestMethodWorker.java:128)
at java.util.concurrent.ThreadPoolExecutor.runWorker(Unknown Source)
at java.util.concurrent.ThreadPoolExecutor$Worker.run(Unknown Source)
at java.lang.Thread.run(Unknown Source)
]]>
    </failure>
  </testcase> <!-- testMethod1 -->
  <system-out/>
  <testcase name="testMethod1" time="30.147" classname="rebill.testngRebillSlowMfRetire">
    <failure type="java.lang.AssertionError" message="Could Not Clicked All Stat Codes">
      <![CDATA[java.lang.AssertionError: Could Not Clicked All Stat Codes
at org.testng.Assert.fail(Assert.java:97)
at rebill.testngRebillSlowMfRetire.doRebill(testngRebillSlowMfRetire.java:965)
at rebill.testngRebillSlowMfRetire.testMethod1(testngRebillSlowMfRetire.java:610)
at sun.reflect.GeneratedMethodAccessor2.invoke(Unknown Source)
at sun.reflect.DelegatingMethodAccessorImpl.invoke(Unknown Source)
at java.lang.reflect.Method.invoke(Unknown Source)
at org.testng.internal.MethodInvocationHelper.invokeMethod(MethodInvocationHelper.java:135)
at org.testng.internal.TestInvoker.invokeMethod(TestInvoker.java:598)
at org.testng.internal.TestInvoker.retryFailed(TestInvoker.java:214)
at org.testng.internal.MethodRunner.runInSequence(MethodRunner.java:58)
at org.testng.internal.TestInvoker$MethodInvocationAgent.invoke(TestInvoker.java:821)
at org.testng.internal.TestInvoker.invokeTestMethods(TestInvoker.java:147)
at org.testng.internal.TestMethodWorker.invokeTestMethods(TestMethodWorker.java:146)
at org.testng.internal.TestMethodWorker.run(TestMethodWorker.java:128)
at java.util.concurrent.ThreadPoolExecutor.runWorker(Unknown Source)
at java.util.concurrent.ThreadPoolExecutor$Worker.run(Unknown Source)
at java.lang.Thread.run(Unknown Source)
]]>
    </failure>
  </testcase> <!-- testMethod1 -->
  <system-out/>
  <testcase name="testMethod1" time="25.603" classname="rebill.testngRebillSlowMfRetire">
    <failure type="java.lang.AssertionError" message="Could Not Clicked All Stat Codes">
      <![CDATA[java.lang.AssertionError: Could Not Clicked All Stat Codes
at org.testng.Assert.fail(Assert.java:97)
at rebill.testngRebillSlowMfRetire.doRebill(testngRebillSlowMfRetire.java:965)
at rebill.testngRebillSlowMfRetire.testMethod1(testngRebillSlowMfRetire.java:610)
at sun.reflect.GeneratedMethodAccessor2.invoke(Unknown Source)
at sun.reflect.DelegatingMethodAccessorImpl.invoke(Unknown Source)
at java.lang.reflect.Method.invoke(Unknown Source)
at org.testng.internal.MethodInvocationHelper.invokeMethod(MethodInvocationHelper.java:135)
at org.testng.internal.TestInvoker.invokeMethod(TestInvoker.java:598)
at org.testng.internal.TestInvoker.retryFailed(TestInvoker.java:214)
at org.testng.internal.MethodRunner.runInSequence(MethodRunner.java:58)
at org.testng.internal.TestInvoker$MethodInvocationAgent.invoke(TestInvoker.java:821)
at org.testng.internal.TestInvoker.invokeTestMethods(TestInvoker.java:147)
at org.testng.internal.TestMethodWorker.invokeTestMethods(TestMethodWorker.java:146)
at org.testng.internal.TestMethodWorker.run(TestMethodWorker.java:128)
at java.util.concurrent.ThreadPoolExecutor.runWorker(Unknown Source)
at java.util.concurrent.ThreadPoolExecutor$Worker.run(Unknown Source)
at java.lang.Thread.run(Unknown Source)
]]>
    </failure>
  </testcase> <!-- testMethod1 -->
  <system-out/>
  <testcase name="testMethod1" time="32.786" classname="rebill.testngRebillSlowMfRetire">
    <skipped/>
  </testcase> <!-- testMethod1 -->
  <system-out/>
  <testcase name="testMethod1" time="27.546" classname="rebill.testngRebillSlowMfRetire">
    <skipped/>
  </testcase> <!-- testMethod1 -->
  <system-out/>
  <testcase name="testMethod1" time="38.308" classname="rebill.testngRebillSlowMfRetire">
    <skipped/>
  </testcase> <!-- testMethod1 -->
  <system-out/>
  <testcase name="testMethod1" time="90.688" classname="rebill.testngRebillSlowMfRetire"/>
  <system-out/>
  <testcase name="testMethod1" time="26.496" classname="rebill.testngRebillSlowMfRetire">
    <failure type="java.lang.AssertionError" message="Could Not Clicked All Stat Codes">
      <![CDATA[java.lang.AssertionError: Could Not Clicked All Stat Codes
at org.testng.Assert.fail(Assert.java:97)
at rebill.testngRebillSlowMfRetire.doRebill(testngRebillSlowMfRetire.java:965)
at rebill.testngRebillSlowMfRetire.testMethod1(testngRebillSlowMfRetire.java:610)
at sun.reflect.GeneratedMethodAccessor2.invoke(Unknown Source)
at sun.reflect.DelegatingMethodAccessorImpl.invoke(Unknown Source)
at java.lang.reflect.Method.invoke(Unknown Source)
at org.testng.internal.MethodInvocationHelper.invokeMethod(MethodInvocationHelper.java:135)
at org.testng.internal.TestInvoker.invokeMethod(TestInvoker.java:598)
at org.testng.internal.TestInvoker.retryFailed(TestInvoker.java:214)
at org.testng.internal.MethodRunner.runInSequence(MethodRunner.java:58)
at org.testng.internal.TestInvoker$MethodInvocationAgent.invoke(TestInvoker.java:821)
at org.testng.internal.TestInvoker.invokeTestMethods(TestInvoker.java:147)
at org.testng.internal.TestMethodWorker.invokeTestMethods(TestMethodWorker.java:146)
at org.testng.internal.TestMethodWorker.run(TestMethodWorker.java:128)
at java.util.concurrent.ThreadPoolExecutor.runWorker(Unknown Source)
at java.util.concurrent.ThreadPoolExecutor$Worker.run(Unknown Source)
at java.lang.Thread.run(Unknown Source)
]]>
    </failure>
  </testcase> <!-- testMethod1 -->
  <system-out/>
  <testcase name="testMethod1" time="23.003" classname="rebill.testngRebillSlowMfRetire">
    <skipped/>
  </testcase> <!-- testMethod1 -->
  <system-out/>
  <testcase name="testMethod1" time="25.615" classname="rebill.testngRebillSlowMfRetire">
    <skipped/>
  </testcase> <!-- testMethod1 -->
  <system-out/>
  <testcase name="testMethod1" time="44.229" classname="rebill.testngRebillSlowMfRetire">
    <skipped/>
  </testcase> <!-- testMethod1 -->
  <system-out/>
  <testcase name="testMethod1" time="27.323" classname="rebill.testngRebillSlowMfRetire">
    <skipped/>
  </testcase> <!-- testMethod1 -->
  <system-out/>
  <testcase name="testMethod1" time="27.199" classname="rebill.testngRebillSlowMfRetire">
    <skipped/>
  </testcase> <!-- testMethod1 -->
  <system-out/>
  <testcase name="testMethod1" time="61.702" classname="rebill.testngRebillSlowMfRetire"/>
  <system-out/>
  <testcase name="testMethod1" time="35.891" classname="rebill.testngRebillSlowMfRetire">
    <failure type="java.lang.AssertionError" message="Could Not Clicked All Stat Codes">
      <![CDATA[java.lang.AssertionError: Could Not Clicked All Stat Codes
at org.testng.Assert.fail(Assert.java:97)
at rebill.testngRebillSlowMfRetire.doRebill(testngRebillSlowMfRetire.java:965)
at rebill.testngRebillSlowMfRetire.testMethod1(testngRebillSlowMfRetire.java:610)
at sun.reflect.GeneratedMethodAccessor2.invoke(Unknown Source)
at sun.reflect.DelegatingMethodAccessorImpl.invoke(Unknown Source)
at java.lang.reflect.Method.invoke(Unknown Source)
at org.testng.internal.MethodInvocationHelper.invokeMethod(MethodInvocationHelper.java:135)
at org.testng.internal.TestInvoker.invokeMethod(TestInvoker.java:598)
at org.testng.internal.TestInvoker.retryFailed(TestInvoker.java:214)
at org.testng.internal.MethodRunner.runInSequence(MethodRunner.java:58)
at org.testng.internal.TestInvoker$MethodInvocationAgent.invoke(TestInvoker.java:821)
at org.testng.internal.TestInvoker.invokeTestMethods(TestInvoker.java:147)
at org.testng.internal.TestMethodWorker.invokeTestMethods(TestMethodWorker.java:146)
at org.testng.internal.TestMethodWorker.run(TestMethodWorker.java:128)
at java.util.concurrent.ThreadPoolExecutor.runWorker(Unknown Source)
at java.util.concurrent.ThreadPoolExecutor$Worker.run(Unknown Source)
at java.lang.Thread.run(Unknown Source)
]]>
    </failure>
  </testcase> <!-- testMethod1 -->
  <system-out/>
  <testcase name="testMethod1" time="22.648" classname="rebill.testngRebillSlowMfRetire">
    <skipped/>
  </testcase> <!-- testMethod1 -->
  <system-out/>
  <testcase name="testMethod1" time="62.023" classname="rebill.testngRebillSlowMfRetire">
    <skipped/>
  </testcase> <!-- testMethod1 -->
  <system-out/>
  <testcase name="testMethod1" time="30.839" classname="rebill.testngRebillSlowMfRetire">
    <skipped/>
  </testcase> <!-- testMethod1 -->
  <system-out/>
  <testcase name="testMethod1" time="32.648" classname="rebill.testngRebillSlowMfRetire">
    <skipped/>
  </testcase> <!-- testMethod1 -->
  <system-out/>
  <testcase name="testMethod1" time="31.213" classname="rebill.testngRebillSlowMfRetire">
    <skipped/>
  </testcase> <!-- testMethod1 -->
  <system-out/>
  <testcase name="testMethod1" time="32.366" classname="rebill.testngRebillSlowMfRetire">
    <skipped/>
  </testcase> <!-- testMethod1 -->
  <system-out/>
  <testcase name="testMethod1" time="32.700" classname="rebill.testngRebillSlowMfRetire">
    <skipped/>
  </testcase> <!-- testMethod1 -->
  <system-out/>
  <testcase name="testMethod1" time="72.782" classname="rebill.testngRebillSlowMfRetire"/>
  <system-out/>
  <testcase name="testMethod1" time="52.142" classname="rebill.testngRebillSlowMfRetire">
    <skipped/>
  </testcase> <!-- testMethod1 -->
  <system-out/>
  <testcase name="testMethod1" time="49.404" classname="rebill.testngRebillSlowMfRetire">
    <skipped/>
  </testcase> <!-- testMethod1 -->
  <system-out/>
  <testcase name="testMethod1" time="47.699" classname="rebill.testngRebillSlowMfRetire">
    <skipped/>
  </testcase> <!-- testMethod1 -->
  <system-out/>
  <testcase name="testMethod1" time="30.657" classname="rebill.testngRebillSlowMfRetire">
    <skipped/>
  </testcase> <!-- testMethod1 -->
  <system-out/>
  <testcase name="testMethod1" time="26.146" classname="rebill.testngRebillSlowMfRetire">
    <skipped/>
  </testcase> <!-- testMethod1 -->
  <system-out/>
  <testcase name="testMethod1" time="27.681" classname="rebill.testngRebillSlowMfRetire">
    <failure type="java.lang.AssertionError" message="Could Not Clicked All Stat Codes">
      <![CDATA[java.lang.AssertionError: Could Not Clicked All Stat Codes
at org.testng.Assert.fail(Assert.java:97)
at rebill.testngRebillSlowMfRetire.doRebill(testngRebillSlowMfRetire.java:965)
at rebill.testngRebillSlowMfRetire.testMethod1(testngRebillSlowMfRetire.java:610)
at sun.reflect.GeneratedMethodAccessor2.invoke(Unknown Source)
at sun.reflect.DelegatingMethodAccessorImpl.invoke(Unknown Source)
at java.lang.reflect.Method.invoke(Unknown Source)
at org.testng.internal.MethodInvocationHelper.invokeMethod(MethodInvocationHelper.java:135)
at org.testng.internal.TestInvoker.invokeMethod(TestInvoker.java:598)
at org.testng.internal.TestInvoker.retryFailed(TestInvoker.java:214)
at org.testng.internal.MethodRunner.runInSequence(MethodRunner.java:58)
at org.testng.internal.TestInvoker$MethodInvocationAgent.invoke(TestInvoker.java:821)
at org.testng.internal.TestInvoker.invokeTestMethods(TestInvoker.java:147)
at org.testng.internal.TestMethodWorker.invokeTestMethods(TestMethodWorker.java:146)
at org.testng.internal.TestMethodWorker.run(TestMethodWorker.java:128)
at java.util.concurrent.ThreadPoolExecutor.runWorker(Unknown Source)
at java.util.concurrent.ThreadPoolExecutor$Worker.run(Unknown Source)
at java.lang.Thread.run(Unknown Source)
]]>
    </failure>
  </testcase> <!-- testMethod1 -->
  <system-out/>
  <testcase name="testMethod1" time="34.315" classname="rebill.testngRebillSlowMfRetire">
    <skipped/>
  </testcase> <!-- testMethod1 -->
  <system-out/>
  <testcase name="testMethod1" time="28.593" classname="rebill.testngRebillSlowMfRetire">
    <skipped/>
  </testcase> <!-- testMethod1 -->
  <system-out/>
  <testcase name="testMethod1" time="31.971" classname="rebill.testngRebillSlowMfRetire">
    <skipped/>
  </testcase> <!-- testMethod1 -->
  <system-out/>
  <testcase name="testMethod1" time="31.634" classname="rebill.testngRebillSlowMfRetire">
    <failure type="java.lang.AssertionError" message="Could Not Clicked All Stat Codes">
      <![CDATA[java.lang.AssertionError: Could Not Clicked All Stat Codes
at org.testng.Assert.fail(Assert.java:97)
at rebill.testngRebillSlowMfRetire.doRebill(testngRebillSlowMfRetire.java:965)
at rebill.testngRebillSlowMfRetire.testMethod1(testngRebillSlowMfRetire.java:610)
at sun.reflect.GeneratedMethodAccessor2.invoke(Unknown Source)
at sun.reflect.DelegatingMethodAccessorImpl.invoke(Unknown Source)
at java.lang.reflect.Method.invoke(Unknown Source)
at org.testng.internal.MethodInvocationHelper.invokeMethod(MethodInvocationHelper.java:135)
at org.testng.internal.TestInvoker.invokeMethod(TestInvoker.java:598)
at org.testng.internal.TestInvoker.retryFailed(TestInvoker.java:214)
at org.testng.internal.MethodRunner.runInSequence(MethodRunner.java:58)
at org.testng.internal.TestInvoker$MethodInvocationAgent.invoke(TestInvoker.java:821)
at org.testng.internal.TestInvoker.invokeTestMethods(TestInvoker.java:147)
at org.testng.internal.TestMethodWorker.invokeTestMethods(TestMethodWorker.java:146)
at org.testng.internal.TestMethodWorker.run(TestMethodWorker.java:128)
at java.util.concurrent.ThreadPoolExecutor.runWorker(Unknown Source)
at java.util.concurrent.ThreadPoolExecutor$Worker.run(Unknown Source)
at java.lang.Thread.run(Unknown Source)
]]>
    </failure>
  </testcase> <!-- testMethod1 -->
  <system-out/>
  <testcase name="testMethod1" time="35.491" classname="rebill.testngRebillSlowMfRetire">
    <skipped/>
  </testcase> <!-- testMethod1 -->
  <system-out/>
  <testcase name="testMethod1" time="34.604" classname="rebill.testngRebillSlowMfRetire">
    <failure type="java.lang.AssertionError" message="Could Not Clicked All Stat Codes">
      <![CDATA[java.lang.AssertionError: Could Not Clicked All Stat Codes
at org.testng.Assert.fail(Assert.java:97)
at rebill.testngRebillSlowMfRetire.doRebill(testngRebillSlowMfRetire.java:965)
at rebill.testngRebillSlowMfRetire.testMethod1(testngRebillSlowMfRetire.java:610)
at sun.reflect.GeneratedMethodAccessor2.invoke(Unknown Source)
at sun.reflect.DelegatingMethodAccessorImpl.invoke(Unknown Source)
at java.lang.reflect.Method.invoke(Unknown Source)
at org.testng.internal.MethodInvocationHelper.invokeMethod(MethodInvocationHelper.java:135)
at org.testng.internal.TestInvoker.invokeMethod(TestInvoker.java:598)
at org.testng.internal.TestInvoker.retryFailed(TestInvoker.java:214)
at org.testng.internal.MethodRunner.runInSequence(MethodRunner.java:58)
at org.testng.internal.TestInvoker$MethodInvocationAgent.invoke(TestInvoker.java:821)
at org.testng.internal.TestInvoker.invokeTestMethods(TestInvoker.java:147)
at org.testng.internal.TestMethodWorker.invokeTestMethods(TestMethodWorker.java:146)
at org.testng.internal.TestMethodWorker.run(TestMethodWorker.java:128)
at java.util.concurrent.ThreadPoolExecutor.runWorker(Unknown Source)
at java.util.concurrent.ThreadPoolExecutor$Worker.run(Unknown Source)
at java.lang.Thread.run(Unknown Source)
]]>
    </failure>
  </testcase> <!-- testMethod1 -->
  <system-out/>
  <testcase name="testMethod1" time="25.576" classname="rebill.testngRebillSlowMfRetire">
    <failure type="java.lang.AssertionError" message="Could Not Clicked All Stat Codes">
      <![CDATA[java.lang.AssertionError: Could Not Clicked All Stat Codes
at org.testng.Assert.fail(Assert.java:97)
at rebill.testngRebillSlowMfRetire.doRebill(testngRebillSlowMfRetire.java:965)
at rebill.testngRebillSlowMfRetire.testMethod1(testngRebillSlowMfRetire.java:610)
at sun.reflect.GeneratedMethodAccessor2.invoke(Unknown Source)
at sun.reflect.DelegatingMethodAccessorImpl.invoke(Unknown Source)
at java.lang.reflect.Method.invoke(Unknown Source)
at org.testng.internal.MethodInvocationHelper.invokeMethod(MethodInvocationHelper.java:135)
at org.testng.internal.TestInvoker.invokeMethod(TestInvoker.java:598)
at org.testng.internal.TestInvoker.retryFailed(TestInvoker.java:214)
at org.testng.internal.MethodRunner.runInSequence(MethodRunner.java:58)
at org.testng.internal.TestInvoker$MethodInvocationAgent.invoke(TestInvoker.java:821)
at org.testng.internal.TestInvoker.invokeTestMethods(TestInvoker.java:147)
at org.testng.internal.TestMethodWorker.invokeTestMethods(TestMethodWorker.java:146)
at org.testng.internal.TestMethodWorker.run(TestMethodWorker.java:128)
at java.util.concurrent.ThreadPoolExecutor.runWorker(Unknown Source)
at java.util.concurrent.ThreadPoolExecutor$Worker.run(Unknown Source)
at java.lang.Thread.run(Unknown Source)
]]>
    </failure>
  </testcase> <!-- testMethod1 -->
  <system-out/>
  <testcase name="testMethod1" time="30.794" classname="rebill.testngRebillSlowMfRetire">
    <skipped/>
  </testcase> <!-- testMethod1 -->
  <system-out/>
  <testcase name="testMethod1" time="35.084" classname="rebill.testngRebillSlowMfRetire">
    <failure type="java.lang.AssertionError" message="Could Not Clicked All Stat Codes">
      <![CDATA[java.lang.AssertionError: Could Not Clicked All Stat Codes
at org.testng.Assert.fail(Assert.java:97)
at rebill.testngRebillSlowMfRetire.doRebill(testngRebillSlowMfRetire.java:965)
at rebill.testngRebillSlowMfRetire.testMethod1(testngRebillSlowMfRetire.java:610)
at sun.reflect.GeneratedMethodAccessor2.invoke(Unknown Source)
at sun.reflect.DelegatingMethodAccessorImpl.invoke(Unknown Source)
at java.lang.reflect.Method.invoke(Unknown Source)
at org.testng.internal.MethodInvocationHelper.invokeMethod(MethodInvocationHelper.java:135)
at org.testng.internal.TestInvoker.invokeMethod(TestInvoker.java:598)
at org.testng.internal.TestInvoker.retryFailed(TestInvoker.java:214)
at org.testng.internal.MethodRunner.runInSequence(MethodRunner.java:58)
at org.testng.internal.TestInvoker$MethodInvocationAgent.invoke(TestInvoker.java:821)
at org.testng.internal.TestInvoker.invokeTestMethods(TestInvoker.java:147)
at org.testng.internal.TestMethodWorker.invokeTestMethods(TestMethodWorker.java:146)
at org.testng.internal.TestMethodWorker.run(TestMethodWorker.java:128)
at java.util.concurrent.ThreadPoolExecutor.runWorker(Unknown Source)
at java.util.concurrent.ThreadPoolExecutor$Worker.run(Unknown Source)
at java.lang.Thread.run(Unknown Source)
]]>
    </failure>
  </testcase> <!-- testMethod1 -->
  <system-out/>
  <testcase name="testMethod1" time="31.830" classname="rebill.testngRebillSlowMfRetire">
    <skipped/>
  </testcase> <!-- testMethod1 -->
  <system-out/>
  <testcase name="testMethod1" time="32.912" classname="rebill.testngRebillSlowMfRetire">
    <failure type="java.lang.AssertionError" message="Could Not Clicked All Stat Codes">
      <![CDATA[java.lang.AssertionError: Could Not Clicked All Stat Codes
at org.testng.Assert.fail(Assert.java:97)
at rebill.testngRebillSlowMfRetire.doRebill(testngRebillSlowMfRetire.java:965)
at rebill.testngRebillSlowMfRetire.testMethod1(testngRebillSlowMfRetire.java:610)
at sun.reflect.GeneratedMethodAccessor2.invoke(Unknown Source)
at sun.reflect.DelegatingMethodAccessorImpl.invoke(Unknown Source)
at java.lang.reflect.Method.invoke(Unknown Source)
at org.testng.internal.MethodInvocationHelper.invokeMethod(MethodInvocationHelper.java:135)
at org.testng.internal.TestInvoker.invokeMethod(TestInvoker.java:598)
at org.testng.internal.TestInvoker.retryFailed(TestInvoker.java:214)
at org.testng.internal.MethodRunner.runInSequence(MethodRunner.java:58)
at org.testng.internal.TestInvoker$MethodInvocationAgent.invoke(TestInvoker.java:821)
at org.testng.internal.TestInvoker.invokeTestMethods(TestInvoker.java:147)
at org.testng.internal.TestMethodWorker.invokeTestMethods(TestMethodWorker.java:146)
at org.testng.internal.TestMethodWorker.run(TestMethodWorker.java:128)
at java.util.concurrent.ThreadPoolExecutor.runWorker(Unknown Source)
at java.util.concurrent.ThreadPoolExecutor$Worker.run(Unknown Source)
at java.lang.Thread.run(Unknown Source)
]]>
    </failure>
  </testcase> <!-- testMethod1 -->
  <system-out/>
  <testcase name="testMethod1" time="27.709" classname="rebill.testngRebillSlowMfRetire">
    <skipped/>
  </testcase> <!-- testMethod1 -->
  <system-out/>
  <testcase name="testMethod1" time="74.579" classname="rebill.testngRebillSlowMfRetire">
    <skipped/>
  </testcase> <!-- testMethod1 -->
  <system-out/>
  <testcase name="testMethod1" time="32.569" classname="rebill.testngRebillSlowMfRetire">
    <skipped/>
  </testcase> <!-- testMethod1 -->
  <system-out/>
  <testcase name="testMethod1" time="28.908" classname="rebill.testngRebillSlowMfRetire">
    <skipped/>
  </testcase> <!-- testMethod1 -->
  <system-out/>
  <testcase name="testMethod1" time="28.192" classname="rebill.testngRebillSlowMfRetire">
    <failure type="java.lang.AssertionError" message="Could Not Clicked All Stat Codes">
      <![CDATA[java.lang.AssertionError: Could Not Clicked All Stat Codes
at org.testng.Assert.fail(Assert.java:97)
at rebill.testngRebillSlowMfRetire.doRebill(testngRebillSlowMfRetire.java:965)
at rebill.testngRebillSlowMfRetire.testMethod1(testngRebillSlowMfRetire.java:610)
at sun.reflect.GeneratedMethodAccessor2.invoke(Unknown Source)
at sun.reflect.DelegatingMethodAccessorImpl.invoke(Unknown Source)
at java.lang.reflect.Method.invoke(Unknown Source)
at org.testng.internal.MethodInvocationHelper.invokeMethod(MethodInvocationHelper.java:135)
at org.testng.internal.TestInvoker.invokeMethod(TestInvoker.java:598)
at org.testng.internal.TestInvoker.retryFailed(TestInvoker.java:214)
at org.testng.internal.MethodRunner.runInSequence(MethodRunner.java:58)
at org.testng.internal.TestInvoker$MethodInvocationAgent.invoke(TestInvoker.java:821)
at org.testng.internal.TestInvoker.invokeTestMethods(TestInvoker.java:147)
at org.testng.internal.TestMethodWorker.invokeTestMethods(TestMethodWorker.java:146)
at org.testng.internal.TestMethodWorker.run(TestMethodWorker.java:128)
at java.util.concurrent.ThreadPoolExecutor.runWorker(Unknown Source)
at java.util.concurrent.ThreadPoolExecutor$Worker.run(Unknown Source)
at java.lang.Thread.run(Unknown Source)
]]>
    </failure>
  </testcase> <!-- testMethod1 -->
  <system-out/>
  <testcase name="testMethod1" time="30.665" classname="rebill.testngRebillSlowMfRetire">
    <failure type="java.lang.AssertionError" message="Could Not Clicked All Stat Codes">
      <![CDATA[java.lang.AssertionError: Could Not Clicked All Stat Codes
at org.testng.Assert.fail(Assert.java:97)
at rebill.testngRebillSlowMfRetire.doRebill(testngRebillSlowMfRetire.java:965)
at rebill.testngRebillSlowMfRetire.testMethod1(testngRebillSlowMfRetire.java:610)
at sun.reflect.GeneratedMethodAccessor2.invoke(Unknown Source)
at sun.reflect.DelegatingMethodAccessorImpl.invoke(Unknown Source)
at java.lang.reflect.Method.invoke(Unknown Source)
at org.testng.internal.MethodInvocationHelper.invokeMethod(MethodInvocationHelper.java:135)
at org.testng.internal.TestInvoker.invokeMethod(TestInvoker.java:598)
at org.testng.internal.TestInvoker.retryFailed(TestInvoker.java:214)
at org.testng.internal.MethodRunner.runInSequence(MethodRunner.java:58)
at org.testng.internal.TestInvoker$MethodInvocationAgent.invoke(TestInvoker.java:821)
at org.testng.internal.TestInvoker.invokeTestMethods(TestInvoker.java:147)
at org.testng.internal.TestMethodWorker.invokeTestMethods(TestMethodWorker.java:146)
at org.testng.internal.TestMethodWorker.run(TestMethodWorker.java:128)
at java.util.concurrent.ThreadPoolExecutor.runWorker(Unknown Source)
at java.util.concurrent.ThreadPoolExecutor$Worker.run(Unknown Source)
at java.lang.Thread.run(Unknown Source)
]]>
    </failure>
  </testcase> <!-- testMethod1 -->
  <system-out/>
  <testcase name="testMethod1" time="35.566" classname="rebill.testngRebillSlowMfRetire">
    <failure type="java.lang.AssertionError" message="Could Not Clicked All Stat Codes">
      <![CDATA[java.lang.AssertionError: Could Not Clicked All Stat Codes
at org.testng.Assert.fail(Assert.java:97)
at rebill.testngRebillSlowMfRetire.doRebill(testngRebillSlowMfRetire.java:965)
at rebill.testngRebillSlowMfRetire.testMethod1(testngRebillSlowMfRetire.java:610)
at sun.reflect.GeneratedMethodAccessor2.invoke(Unknown Source)
at sun.reflect.DelegatingMethodAccessorImpl.invoke(Unknown Source)
at java.lang.reflect.Method.invoke(Unknown Source)
at org.testng.internal.MethodInvocationHelper.invokeMethod(MethodInvocationHelper.java:135)
at org.testng.internal.TestInvoker.invokeMethod(TestInvoker.java:598)
at org.testng.internal.TestInvoker.retryFailed(TestInvoker.java:214)
at org.testng.internal.MethodRunner.runInSequence(MethodRunner.java:58)
at org.testng.internal.TestInvoker$MethodInvocationAgent.invoke(TestInvoker.java:821)
at org.testng.internal.TestInvoker.invokeTestMethods(TestInvoker.java:147)
at org.testng.internal.TestMethodWorker.invokeTestMethods(TestMethodWorker.java:146)
at org.testng.internal.TestMethodWorker.run(TestMethodWorker.java:128)
at java.util.concurrent.ThreadPoolExecutor.runWorker(Unknown Source)
at java.util.concurrent.ThreadPoolExecutor$Worker.run(Unknown Source)
at java.lang.Thread.run(Unknown Source)
]]>
    </failure>
  </testcase> <!-- testMethod1 -->
  <system-out/>
  <testcase name="testMethod1" time="27.636" classname="rebill.testngRebillSlowMfRetire">
    <skipped/>
  </testcase> <!-- testMethod1 -->
  <system-out/>
  <testcase name="testMethod1" time="47.168" classname="rebill.testngRebillSlowMfRetire">
    <skipped/>
  </testcase> <!-- testMethod1 -->
  <system-out/>
  <testcase name="testMethod1" time="31.521" classname="rebill.testngRebillSlowMfRetire">
    <failure type="java.lang.AssertionError" message="Could Not Clicked All Stat Codes">
      <![CDATA[java.lang.AssertionError: Could Not Clicked All Stat Codes
at org.testng.Assert.fail(Assert.java:97)
at rebill.testngRebillSlowMfRetire.doRebill(testngRebillSlowMfRetire.java:965)
at rebill.testngRebillSlowMfRetire.testMethod1(testngRebillSlowMfRetire.java:610)
at sun.reflect.GeneratedMethodAccessor2.invoke(Unknown Source)
at sun.reflect.DelegatingMethodAccessorImpl.invoke(Unknown Source)
at java.lang.reflect.Method.invoke(Unknown Source)
at org.testng.internal.MethodInvocationHelper.invokeMethod(MethodInvocationHelper.java:135)
at org.testng.internal.TestInvoker.invokeMethod(TestInvoker.java:598)
at org.testng.internal.TestInvoker.retryFailed(TestInvoker.java:214)
at org.testng.internal.MethodRunner.runInSequence(MethodRunner.java:58)
at org.testng.internal.TestInvoker$MethodInvocationAgent.invoke(TestInvoker.java:821)
at org.testng.internal.TestInvoker.invokeTestMethods(TestInvoker.java:147)
at org.testng.internal.TestMethodWorker.invokeTestMethods(TestMethodWorker.java:146)
at org.testng.internal.TestMethodWorker.run(TestMethodWorker.java:128)
at java.util.concurrent.ThreadPoolExecutor.runWorker(Unknown Source)
at java.util.concurrent.ThreadPoolExecutor$Worker.run(Unknown Source)
at java.lang.Thread.run(Unknown Source)
]]>
    </failure>
  </testcase> <!-- testMethod1 -->
  <system-out/>
  <testcase name="testMethod1" time="34.422" classname="rebill.testngRebillSlowMfRetire">
    <skipped/>
  </testcase> <!-- testMethod1 -->
  <system-out/>
  <testcase name="testMethod1" time="74.786" classname="rebill.testngRebillSlowMfRetire"/>
  <system-out/>
  <testcase name="testMethod1" time="31.538" classname="rebill.testngRebillSlowMfRetire">
    <failure type="java.lang.AssertionError" message="Could Not Clicked All Stat Codes">
      <![CDATA[java.lang.AssertionError: Could Not Clicked All Stat Codes
at org.testng.Assert.fail(Assert.java:97)
at rebill.testngRebillSlowMfRetire.doRebill(testngRebillSlowMfRetire.java:965)
at rebill.testngRebillSlowMfRetire.testMethod1(testngRebillSlowMfRetire.java:610)
at sun.reflect.GeneratedMethodAccessor2.invoke(Unknown Source)
at sun.reflect.DelegatingMethodAccessorImpl.invoke(Unknown Source)
at java.lang.reflect.Method.invoke(Unknown Source)
at org.testng.internal.MethodInvocationHelper.invokeMethod(MethodInvocationHelper.java:135)
at org.testng.internal.TestInvoker.invokeMethod(TestInvoker.java:598)
at org.testng.internal.TestInvoker.retryFailed(TestInvoker.java:214)
at org.testng.internal.MethodRunner.runInSequence(MethodRunner.java:58)
at org.testng.internal.TestInvoker$MethodInvocationAgent.invoke(TestInvoker.java:821)
at org.testng.internal.TestInvoker.invokeTestMethods(TestInvoker.java:147)
at org.testng.internal.TestMethodWorker.invokeTestMethods(TestMethodWorker.java:146)
at org.testng.internal.TestMethodWorker.run(TestMethodWorker.java:128)
at java.util.concurrent.ThreadPoolExecutor.runWorker(Unknown Source)
at java.util.concurrent.ThreadPoolExecutor$Worker.run(Unknown Source)
at java.lang.Thread.run(Unknown Source)
]]>
    </failure>
  </testcase> <!-- testMethod1 -->
  <system-out/>
  <testcase name="testMethod1" time="83.185" classname="rebill.testngRebillSlowMfRetire">
    <skipped/>
  </testcase> <!-- testMethod1 -->
  <system-out/>
  <testcase name="testMethod1" time="27.151" classname="rebill.testngRebillSlowMfRetire">
    <skipped/>
  </testcase> <!-- testMethod1 -->
  <system-out/>
  <testcase name="testMethod1" time="26.056" classname="rebill.testngRebillSlowMfRetire">
    <skipped/>
  </testcase> <!-- testMethod1 -->
  <system-out/>
  <testcase name="testMethod1" time="32.259" classname="rebill.testngRebillSlowMfRetire">
    <failure type="java.lang.AssertionError" message="Could Not Clicked All Stat Codes">
      <![CDATA[java.lang.AssertionError: Could Not Clicked All Stat Codes
at org.testng.Assert.fail(Assert.java:97)
at rebill.testngRebillSlowMfRetire.doRebill(testngRebillSlowMfRetire.java:965)
at rebill.testngRebillSlowMfRetire.testMethod1(testngRebillSlowMfRetire.java:610)
at sun.reflect.GeneratedMethodAccessor2.invoke(Unknown Source)
at sun.reflect.DelegatingMethodAccessorImpl.invoke(Unknown Source)
at java.lang.reflect.Method.invoke(Unknown Source)
at org.testng.internal.MethodInvocationHelper.invokeMethod(MethodInvocationHelper.java:135)
at org.testng.internal.TestInvoker.invokeMethod(TestInvoker.java:598)
at org.testng.internal.TestInvoker.retryFailed(TestInvoker.java:214)
at org.testng.internal.MethodRunner.runInSequence(MethodRunner.java:58)
at org.testng.internal.TestInvoker$MethodInvocationAgent.invoke(TestInvoker.java:821)
at org.testng.internal.TestInvoker.invokeTestMethods(TestInvoker.java:147)
at org.testng.internal.TestMethodWorker.invokeTestMethods(TestMethodWorker.java:146)
at org.testng.internal.TestMethodWorker.run(TestMethodWorker.java:128)
at java.util.concurrent.ThreadPoolExecutor.runWorker(Unknown Source)
at java.util.concurrent.ThreadPoolExecutor$Worker.run(Unknown Source)
at java.lang.Thread.run(Unknown Source)
]]>
    </failure>
  </testcase> <!-- testMethod1 -->
  <system-out/>
  <testcase name="testMethod1" time="26.586" classname="rebill.testngRebillSlowMfRetire">
    <skipped/>
  </testcase> <!-- testMethod1 -->
  <system-out/>
  <testcase name="testMethod1" time="28.542" classname="rebill.testngRebillSlowMfRetire">
    <failure type="java.lang.AssertionError" message="Could Not Clicked All Stat Codes">
      <![CDATA[java.lang.AssertionError: Could Not Clicked All Stat Codes
at org.testng.Assert.fail(Assert.java:97)
at rebill.testngRebillSlowMfRetire.doRebill(testngRebillSlowMfRetire.java:965)
at rebill.testngRebillSlowMfRetire.testMethod1(testngRebillSlowMfRetire.java:610)
at sun.reflect.GeneratedMethodAccessor2.invoke(Unknown Source)
at sun.reflect.DelegatingMethodAccessorImpl.invoke(Unknown Source)
at java.lang.reflect.Method.invoke(Unknown Source)
at org.testng.internal.MethodInvocationHelper.invokeMethod(MethodInvocationHelper.java:135)
at org.testng.internal.TestInvoker.invokeMethod(TestInvoker.java:598)
at org.testng.internal.TestInvoker.retryFailed(TestInvoker.java:214)
at org.testng.internal.MethodRunner.runInSequence(MethodRunner.java:58)
at org.testng.internal.TestInvoker$MethodInvocationAgent.invoke(TestInvoker.java:821)
at org.testng.internal.TestInvoker.invokeTestMethods(TestInvoker.java:147)
at org.testng.internal.TestMethodWorker.invokeTestMethods(TestMethodWorker.java:146)
at org.testng.internal.TestMethodWorker.run(TestMethodWorker.java:128)
at java.util.concurrent.ThreadPoolExecutor.runWorker(Unknown Source)
at java.util.concurrent.ThreadPoolExecutor$Worker.run(Unknown Source)
at java.lang.Thread.run(Unknown Source)
]]>
    </failure>
  </testcase> <!-- testMethod1 -->
  <system-out/>
  <testcase name="testMethod1" time="32.169" classname="rebill.testngRebillSlowMfRetire">
    <failure type="java.lang.AssertionError" message="Could Not Clicked All Stat Codes">
      <![CDATA[java.lang.AssertionError: Could Not Clicked All Stat Codes
at org.testng.Assert.fail(Assert.java:97)
at rebill.testngRebillSlowMfRetire.doRebill(testngRebillSlowMfRetire.java:965)
at rebill.testngRebillSlowMfRetire.testMethod1(testngRebillSlowMfRetire.java:610)
at sun.reflect.GeneratedMethodAccessor2.invoke(Unknown Source)
at sun.reflect.DelegatingMethodAccessorImpl.invoke(Unknown Source)
at java.lang.reflect.Method.invoke(Unknown Source)
at org.testng.internal.MethodInvocationHelper.invokeMethod(MethodInvocationHelper.java:135)
at org.testng.internal.TestInvoker.invokeMethod(TestInvoker.java:598)
at org.testng.internal.TestInvoker.retryFailed(TestInvoker.java:214)
at org.testng.internal.MethodRunner.runInSequence(MethodRunner.java:58)
at org.testng.internal.TestInvoker$MethodInvocationAgent.invoke(TestInvoker.java:821)
at org.testng.internal.TestInvoker.invokeTestMethods(TestInvoker.java:147)
at org.testng.internal.TestMethodWorker.invokeTestMethods(TestMethodWorker.java:146)
at org.testng.internal.TestMethodWorker.run(TestMethodWorker.java:128)
at java.util.concurrent.ThreadPoolExecutor.runWorker(Unknown Source)
at java.util.concurrent.ThreadPoolExecutor$Worker.run(Unknown Source)
at java.lang.Thread.run(Unknown Source)
]]>
    </failure>
  </testcase> <!-- testMethod1 -->
  <system-out/>
  <testcase name="testMethod1" time="27.319" classname="rebill.testngRebillSlowMfRetire">
    <skipped/>
  </testcase> <!-- testMethod1 -->
  <system-out/>
  <testcase name="testMethod1" time="36.030" classname="rebill.testngRebillSlowMfRetire">
    <skipped/>
  </testcase> <!-- testMethod1 -->
  <system-out/>
  <testcase name="testMethod1" time="68.500" classname="rebill.testngRebillSlowMfRetire"/>
  <system-out/>
  <testcase name="testMethod1" time="22.188" classname="rebill.testngRebillSlowMfRetire">
    <skipped/>
  </testcase> <!-- testMethod1 -->
  <system-out/>
  <testcase name="testMethod1" time="28.131" classname="rebill.testngRebillSlowMfRetire">
    <failure type="java.lang.AssertionError" message="Could Not Clicked All Stat Codes">
      <![CDATA[java.lang.AssertionError: Could Not Clicked All Stat Codes
at org.testng.Assert.fail(Assert.java:97)
at rebill.testngRebillSlowMfRetire.doRebill(testngRebillSlowMfRetire.java:965)
at rebill.testngRebillSlowMfRetire.testMethod1(testngRebillSlowMfRetire.java:610)
at sun.reflect.GeneratedMethodAccessor2.invoke(Unknown Source)
at sun.reflect.DelegatingMethodAccessorImpl.invoke(Unknown Source)
at java.lang.reflect.Method.invoke(Unknown Source)
at org.testng.internal.MethodInvocationHelper.invokeMethod(MethodInvocationHelper.java:135)
at org.testng.internal.TestInvoker.invokeMethod(TestInvoker.java:598)
at org.testng.internal.TestInvoker.retryFailed(TestInvoker.java:214)
at org.testng.internal.MethodRunner.runInSequence(MethodRunner.java:58)
at org.testng.internal.TestInvoker$MethodInvocationAgent.invoke(TestInvoker.java:821)
at org.testng.internal.TestInvoker.invokeTestMethods(TestInvoker.java:147)
at org.testng.internal.TestMethodWorker.invokeTestMethods(TestMethodWorker.java:146)
at org.testng.internal.TestMethodWorker.run(TestMethodWorker.java:128)
at java.util.concurrent.ThreadPoolExecutor.runWorker(Unknown Source)
at java.util.concurrent.ThreadPoolExecutor$Worker.run(Unknown Source)
at java.lang.Thread.run(Unknown Source)
]]>
    </failure>
  </testcase> <!-- testMethod1 -->
  <system-out/>
  <testcase name="testMethod1" time="36.003" classname="rebill.testngRebillSlowMfRetire">
    <skipped/>
  </testcase> <!-- testMethod1 -->
  <system-out/>
  <testcase name="testMethod1" time="29.669" classname="rebill.testngRebillSlowMfRetire">
    <skipped/>
  </testcase> <!-- testMethod1 -->
  <system-out/>
  <testcase name="testMethod1" time="29.859" classname="rebill.testngRebillSlowMfRetire">
    <failure type="java.lang.AssertionError" message="Could Not Clicked All Stat Codes">
      <![CDATA[java.lang.AssertionError: Could Not Clicked All Stat Codes
at org.testng.Assert.fail(Assert.java:97)
at rebill.testngRebillSlowMfRetire.doRebill(testngRebillSlowMfRetire.java:965)
at rebill.testngRebillSlowMfRetire.testMethod1(testngRebillSlowMfRetire.java:610)
at sun.reflect.GeneratedMethodAccessor2.invoke(Unknown Source)
at sun.reflect.DelegatingMethodAccessorImpl.invoke(Unknown Source)
at java.lang.reflect.Method.invoke(Unknown Source)
at org.testng.internal.MethodInvocationHelper.invokeMethod(MethodInvocationHelper.java:135)
at org.testng.internal.TestInvoker.invokeMethod(TestInvoker.java:598)
at org.testng.internal.TestInvoker.retryFailed(TestInvoker.java:214)
at org.testng.internal.MethodRunner.runInSequence(MethodRunner.java:58)
at org.testng.internal.TestInvoker$MethodInvocationAgent.invoke(TestInvoker.java:821)
at org.testng.internal.TestInvoker.invokeTestMethods(TestInvoker.java:147)
at org.testng.internal.TestMethodWorker.invokeTestMethods(TestMethodWorker.java:146)
at org.testng.internal.TestMethodWorker.run(TestMethodWorker.java:128)
at java.util.concurrent.ThreadPoolExecutor.runWorker(Unknown Source)
at java.util.concurrent.ThreadPoolExecutor$Worker.run(Unknown Source)
at java.lang.Thread.run(Unknown Source)
]]>
    </failure>
  </testcase> <!-- testMethod1 -->
  <system-out/>
  <testcase name="testMethod1" time="35.592" classname="rebill.testngRebillSlowMfRetire">
    <skipped/>
  </testcase> <!-- testMethod1 -->
  <system-out/>
  <testcase name="testMethod1" time="32.149" classname="rebill.testngRebillSlowMfRetire">
    <skipped/>
  </testcase> <!-- testMethod1 -->
  <system-out/>
  <testcase name="testMethod1" time="28.273" classname="rebill.testngRebillSlowMfRetire">
    <skipped/>
  </testcase> <!-- testMethod1 -->
  <system-out/>
  <testcase name="testMethod1" time="27.136" classname="rebill.testngRebillSlowMfRetire">
    <skipped/>
  </testcase> <!-- testMethod1 -->
  <system-out/>
  <testcase name="testMethod1" time="31.282" classname="rebill.testngRebillSlowMfRetire">
    <skipped/>
  </testcase> <!-- testMethod1 -->
  <system-out/>
  <testcase name="testMethod1" time="28.686" classname="rebill.testngRebillSlowMfRetire">
    <skipped/>
  </testcase> <!-- testMethod1 -->
  <system-out/>
  <testcase name="testMethod1" time="37.402" classname="rebill.testngRebillSlowMfRetire">
    <skipped/>
  </testcase> <!-- testMethod1 -->
  <system-out/>
  <testcase name="testMethod1" time="30.662" classname="rebill.testngRebillSlowMfRetire">
    <skipped/>
  </testcase> <!-- testMethod1 -->
  <system-out/>
  <testcase name="testMethod1" time="32.092" classname="rebill.testngRebillSlowMfRetire">
    <failure type="java.lang.AssertionError" message="Could Not Clicked All Stat Codes">
      <![CDATA[java.lang.AssertionError: Could Not Clicked All Stat Codes
at org.testng.Assert.fail(Assert.java:97)
at rebill.testngRebillSlowMfRetire.doRebill(testngRebillSlowMfRetire.java:965)
at rebill.testngRebillSlowMfRetire.testMethod1(testngRebillSlowMfRetire.java:610)
at sun.reflect.GeneratedMethodAccessor2.invoke(Unknown Source)
at sun.reflect.DelegatingMethodAccessorImpl.invoke(Unknown Source)
at java.lang.reflect.Method.invoke(Unknown Source)
at org.testng.internal.MethodInvocationHelper.invokeMethod(MethodInvocationHelper.java:135)
at org.testng.internal.TestInvoker.invokeMethod(TestInvoker.java:598)
at org.testng.internal.TestInvoker.retryFailed(TestInvoker.java:214)
at org.testng.internal.MethodRunner.runInSequence(MethodRunner.java:58)
at org.testng.internal.TestInvoker$MethodInvocationAgent.invoke(TestInvoker.java:821)
at org.testng.internal.TestInvoker.invokeTestMethods(TestInvoker.java:147)
at org.testng.internal.TestMethodWorker.invokeTestMethods(TestMethodWorker.java:146)
at org.testng.internal.TestMethodWorker.run(TestMethodWorker.java:128)
at java.util.concurrent.ThreadPoolExecutor.runWorker(Unknown Source)
at java.util.concurrent.ThreadPoolExecutor$Worker.run(Unknown Source)
at java.lang.Thread.run(Unknown Source)
]]>
    </failure>
  </testcase> <!-- testMethod1 -->
  <system-out/>
  <testcase name="testMethod1" time="34.166" classname="rebill.testngRebillSlowMfRetire">
    <skipped/>
  </testcase> <!-- testMethod1 -->
  <system-out/>
  <testcase name="testMethod1" time="62.203" classname="rebill.testngRebillSlowMfRetire"/>
  <system-out/>
  <testcase name="testMethod1" time="30.397" classname="rebill.testngRebillSlowMfRetire">
    <skipped/>
  </testcase> <!-- testMethod1 -->
  <system-out/>
  <testcase name="testMethod1" time="54.747" classname="rebill.testngRebillSlowMfRetire"/>
  <system-out/>
  <testcase name="testMethod1" time="25.650" classname="rebill.testngRebillSlowMfRetire">
    <skipped/>
  </testcase> <!-- testMethod1 -->
  <system-out/>
  <testcase name="testMethod1" time="29.254" classname="rebill.testngRebillSlowMfRetire">
    <skipped/>
  </testcase> <!-- testMethod1 -->
  <system-out/>
  <testcase name="testMethod1" time="31.167" classname="rebill.testngRebillSlowMfRetire">
    <skipped/>
  </testcase> <!-- testMethod1 -->
  <system-out/>
  <testcase name="testMethod1" time="33.040" classname="rebill.testngRebillSlowMfRetire">
    <failure type="java.lang.AssertionError" message="Could Not Clicked All Stat Codes">
      <![CDATA[java.lang.AssertionError: Could Not Clicked All Stat Codes
at org.testng.Assert.fail(Assert.java:97)
at rebill.testngRebillSlowMfRetire.doRebill(testngRebillSlowMfRetire.java:965)
at rebill.testngRebillSlowMfRetire.testMethod1(testngRebillSlowMfRetire.java:610)
at sun.reflect.GeneratedMethodAccessor2.invoke(Unknown Source)
at sun.reflect.DelegatingMethodAccessorImpl.invoke(Unknown Source)
at java.lang.reflect.Method.invoke(Unknown Source)
at org.testng.internal.MethodInvocationHelper.invokeMethod(MethodInvocationHelper.java:135)
at org.testng.internal.TestInvoker.invokeMethod(TestInvoker.java:598)
at org.testng.internal.TestInvoker.retryFailed(TestInvoker.java:214)
at org.testng.internal.MethodRunner.runInSequence(MethodRunner.java:58)
at org.testng.internal.TestInvoker$MethodInvocationAgent.invoke(TestInvoker.java:821)
at org.testng.internal.TestInvoker.invokeTestMethods(TestInvoker.java:147)
at org.testng.internal.TestMethodWorker.invokeTestMethods(TestMethodWorker.java:146)
at org.testng.internal.TestMethodWorker.run(TestMethodWorker.java:128)
at java.util.concurrent.ThreadPoolExecutor.runWorker(Unknown Source)
at java.util.concurrent.ThreadPoolExecutor$Worker.run(Unknown Source)
at java.lang.Thread.run(Unknown Source)
]]>
    </failure>
  </testcase> <!-- testMethod1 -->
  <system-out/>
  <testcase name="testMethod1" time="22.993" classname="rebill.testngRebillSlowMfRetire">
    <skipped/>
  </testcase> <!-- testMethod1 -->
  <system-out/>
  <testcase name="testMethod1" time="30.852" classname="rebill.testngRebillSlowMfRetire">
    <skipped/>
  </testcase> <!-- testMethod1 -->
  <system-out/>
  <testcase name="testMethod1" time="50.786" classname="rebill.testngRebillSlowMfRetire">
    <skipped/>
  </testcase> <!-- testMethod1 -->
  <system-out/>
  <testcase name="testMethod1" time="28.161" classname="rebill.testngRebillSlowMfRetire">
    <skipped/>
  </testcase> <!-- testMethod1 -->
  <system-out/>
  <testcase name="testMethod1" time="32.645" classname="rebill.testngRebillSlowMfRetire">
    <skipped/>
  </testcase> <!-- testMethod1 -->
  <system-out/>
  <testcase name="testMethod1" time="32.063" classname="rebill.testngRebillSlowMfRetire">
    <skipped/>
  </testcase> <!-- testMethod1 -->
  <system-out/>
  <testcase name="testMethod1" time="75.955" classname="rebill.testngRebillSlowMfRetire"/>
  <system-out/>
  <testcase name="testMethod1" time="32.643" classname="rebill.testngRebillSlowMfRetire">
    <failure type="java.lang.AssertionError" message="Could Not Clicked All Stat Codes">
      <![CDATA[java.lang.AssertionError: Could Not Clicked All Stat Codes
at org.testng.Assert.fail(Assert.java:97)
at rebill.testngRebillSlowMfRetire.doRebill(testngRebillSlowMfRetire.java:965)
at rebill.testngRebillSlowMfRetire.testMethod1(testngRebillSlowMfRetire.java:610)
at sun.reflect.GeneratedMethodAccessor2.invoke(Unknown Source)
at sun.reflect.DelegatingMethodAccessorImpl.invoke(Unknown Source)
at java.lang.reflect.Method.invoke(Unknown Source)
at org.testng.internal.MethodInvocationHelper.invokeMethod(MethodInvocationHelper.java:135)
at org.testng.internal.TestInvoker.invokeMethod(TestInvoker.java:598)
at org.testng.internal.TestInvoker.retryFailed(TestInvoker.java:214)
at org.testng.internal.MethodRunner.runInSequence(MethodRunner.java:58)
at org.testng.internal.TestInvoker$MethodInvocationAgent.invoke(TestInvoker.java:821)
at org.testng.internal.TestInvoker.invokeTestMethods(TestInvoker.java:147)
at org.testng.internal.TestMethodWorker.invokeTestMethods(TestMethodWorker.java:146)
at org.testng.internal.TestMethodWorker.run(TestMethodWorker.java:128)
at java.util.concurrent.ThreadPoolExecutor.runWorker(Unknown Source)
at java.util.concurrent.ThreadPoolExecutor$Worker.run(Unknown Source)
at java.lang.Thread.run(Unknown Source)
]]>
    </failure>
  </testcase> <!-- testMethod1 -->
  <system-out/>
  <testcase name="testMethod1" time="36.550" classname="rebill.testngRebillSlowMfRetire">
    <skipped/>
  </testcase> <!-- testMethod1 -->
  <system-out/>
  <testcase name="testMethod1" time="36.830" classname="rebill.testngRebillSlowMfRetire">
    <failure type="java.lang.AssertionError" message="Could Not Clicked All Stat Codes">
      <![CDATA[java.lang.AssertionError: Could Not Clicked All Stat Codes
at org.testng.Assert.fail(Assert.java:97)
at rebill.testngRebillSlowMfRetire.doRebill(testngRebillSlowMfRetire.java:965)
at rebill.testngRebillSlowMfRetire.testMethod1(testngRebillSlowMfRetire.java:610)
at sun.reflect.GeneratedMethodAccessor2.invoke(Unknown Source)
at sun.reflect.DelegatingMethodAccessorImpl.invoke(Unknown Source)
at java.lang.reflect.Method.invoke(Unknown Source)
at org.testng.internal.MethodInvocationHelper.invokeMethod(MethodInvocationHelper.java:135)
at org.testng.internal.TestInvoker.invokeMethod(TestInvoker.java:598)
at org.testng.internal.TestInvoker.retryFailed(TestInvoker.java:214)
at org.testng.internal.MethodRunner.runInSequence(MethodRunner.java:58)
at org.testng.internal.TestInvoker$MethodInvocationAgent.invoke(TestInvoker.java:821)
at org.testng.internal.TestInvoker.invokeTestMethods(TestInvoker.java:147)
at org.testng.internal.TestMethodWorker.invokeTestMethods(TestMethodWorker.java:146)
at org.testng.internal.TestMethodWorker.run(TestMethodWorker.java:128)
at java.util.concurrent.ThreadPoolExecutor.runWorker(Unknown Source)
at java.util.concurrent.ThreadPoolExecutor$Worker.run(Unknown Source)
at java.lang.Thread.run(Unknown Source)
]]>
    </failure>
  </testcase> <!-- testMethod1 -->
  <system-out/>
  <testcase name="testMethod1" time="38.885" classname="rebill.testngRebillSlowMfRetire">
    <failure type="java.lang.AssertionError" message="Could Not Clicked All Stat Codes">
      <![CDATA[java.lang.AssertionError: Could Not Clicked All Stat Codes
at org.testng.Assert.fail(Assert.java:97)
at rebill.testngRebillSlowMfRetire.doRebill(testngRebillSlowMfRetire.java:965)
at rebill.testngRebillSlowMfRetire.testMethod1(testngRebillSlowMfRetire.java:610)
at sun.reflect.GeneratedMethodAccessor2.invoke(Unknown Source)
at sun.reflect.DelegatingMethodAccessorImpl.invoke(Unknown Source)
at java.lang.reflect.Method.invoke(Unknown Source)
at org.testng.internal.MethodInvocationHelper.invokeMethod(MethodInvocationHelper.java:135)
at org.testng.internal.TestInvoker.invokeMethod(TestInvoker.java:598)
at org.testng.internal.TestInvoker.retryFailed(TestInvoker.java:214)
at org.testng.internal.MethodRunner.runInSequence(MethodRunner.java:58)
at org.testng.internal.TestInvoker$MethodInvocationAgent.invoke(TestInvoker.java:821)
at org.testng.internal.TestInvoker.invokeTestMethods(TestInvoker.java:147)
at org.testng.internal.TestMethodWorker.invokeTestMethods(TestMethodWorker.java:146)
at org.testng.internal.TestMethodWorker.run(TestMethodWorker.java:128)
at java.util.concurrent.ThreadPoolExecutor.runWorker(Unknown Source)
at java.util.concurrent.ThreadPoolExecutor$Worker.run(Unknown Source)
at java.lang.Thread.run(Unknown Source)
]]>
    </failure>
  </testcase> <!-- testMethod1 -->
  <system-out/>
  <testcase name="testMethod1" time="39.755" classname="rebill.testngRebillSlowMfRetire">
    <skipped/>
  </testcase> <!-- testMethod1 -->
  <system-out/>
  <testcase name="testMethod1" time="31.757" classname="rebill.testngRebillSlowMfRetire">
    <skipped/>
  </testcase> <!-- testMethod1 -->
  <system-out/>
  <testcase name="testMethod1" time="32.042" classname="rebill.testngRebillSlowMfRetire">
    <skipped/>
  </testcase> <!-- testMethod1 -->
  <system-out/>
  <testcase name="testMethod1" time="33.944" classname="rebill.testngRebillSlowMfRetire">
    <skipped/>
  </testcase> <!-- testMethod1 -->
  <system-out/>
  <testcase name="testMethod1" time="26.793" classname="rebill.testngRebillSlowMfRetire">
    <skipped/>
  </testcase> <!-- testMethod1 -->
  <system-out/>
  <testcase name="testMethod1" time="75.761" classname="rebill.testngRebillSlowMfRetire">
    <skipped/>
  </testcase> <!-- testMethod1 -->
  <system-out/>
  <testcase name="testMethod1" time="31.734" classname="rebill.testngRebillSlowMfRetire">
    <skipped/>
  </testcase> <!-- testMethod1 -->
  <system-out/>
  <testcase name="testMethod1" time="28.391" classname="rebill.testngRebillSlowMfRetire">
    <failure type="java.lang.AssertionError" message="Could Not Clicked All Stat Codes">
      <![CDATA[java.lang.AssertionError: Could Not Clicked All Stat Codes
at org.testng.Assert.fail(Assert.java:97)
at rebill.testngRebillSlowMfRetire.doRebill(testngRebillSlowMfRetire.java:965)
at rebill.testngRebillSlowMfRetire.testMethod1(testngRebillSlowMfRetire.java:610)
at sun.reflect.GeneratedMethodAccessor2.invoke(Unknown Source)
at sun.reflect.DelegatingMethodAccessorImpl.invoke(Unknown Source)
at java.lang.reflect.Method.invoke(Unknown Source)
at org.testng.internal.MethodInvocationHelper.invokeMethod(MethodInvocationHelper.java:135)
at org.testng.internal.TestInvoker.invokeMethod(TestInvoker.java:598)
at org.testng.internal.TestInvoker.retryFailed(TestInvoker.java:214)
at org.testng.internal.MethodRunner.runInSequence(MethodRunner.java:58)
at org.testng.internal.TestInvoker$MethodInvocationAgent.invoke(TestInvoker.java:821)
at org.testng.internal.TestInvoker.invokeTestMethods(TestInvoker.java:147)
at org.testng.internal.TestMethodWorker.invokeTestMethods(TestMethodWorker.java:146)
at org.testng.internal.TestMethodWorker.run(TestMethodWorker.java:128)
at java.util.concurrent.ThreadPoolExecutor.runWorker(Unknown Source)
at java.util.concurrent.ThreadPoolExecutor$Worker.run(Unknown Source)
at java.lang.Thread.run(Unknown Source)
]]>
    </failure>
  </testcase> <!-- testMethod1 -->
  <system-out/>
  <testcase name="testMethod1" time="30.473" classname="rebill.testngRebillSlowMfRetire">
    <skipped/>
  </testcase> <!-- testMethod1 -->
  <system-out/>
  <testcase name="testMethod1" time="91.735" classname="rebill.testngRebillSlowMfRetire"/>
  <system-out/>
  <testcase name="testMethod1" time="26.952" classname="rebill.testngRebillSlowMfRetire">
    <skipped/>
  </testcase> <!-- testMethod1 -->
  <system-out/>
  <testcase name="testMethod1" time="38.091" classname="rebill.testngRebillSlowMfRetire">
    <failure type="java.lang.AssertionError" message="Could Not Clicked All Stat Codes">
      <![CDATA[java.lang.AssertionError: Could Not Clicked All Stat Codes
at org.testng.Assert.fail(Assert.java:97)
at rebill.testngRebillSlowMfRetire.doRebill(testngRebillSlowMfRetire.java:965)
at rebill.testngRebillSlowMfRetire.testMethod1(testngRebillSlowMfRetire.java:610)
at sun.reflect.GeneratedMethodAccessor2.invoke(Unknown Source)
at sun.reflect.DelegatingMethodAccessorImpl.invoke(Unknown Source)
at java.lang.reflect.Method.invoke(Unknown Source)
at org.testng.internal.MethodInvocationHelper.invokeMethod(MethodInvocationHelper.java:135)
at org.testng.internal.TestInvoker.invokeMethod(TestInvoker.java:598)
at org.testng.internal.TestInvoker.retryFailed(TestInvoker.java:214)
at org.testng.internal.MethodRunner.runInSequence(MethodRunner.java:58)
at org.testng.internal.TestInvoker$MethodInvocationAgent.invoke(TestInvoker.java:821)
at org.testng.internal.TestInvoker.invokeTestMethods(TestInvoker.java:147)
at org.testng.internal.TestMethodWorker.invokeTestMethods(TestMethodWorker.java:146)
at org.testng.internal.TestMethodWorker.run(TestMethodWorker.java:128)
at java.util.concurrent.ThreadPoolExecutor.runWorker(Unknown Source)
at java.util.concurrent.ThreadPoolExecutor$Worker.run(Unknown Source)
at java.lang.Thread.run(Unknown Source)
]]>
    </failure>
  </testcase> <!-- testMethod1 -->
  <system-out/>
  <testcase name="testMethod1" time="27.503" classname="rebill.testngRebillSlowMfRetire">
    <skipped/>
  </testcase> <!-- testMethod1 -->
  <system-out/>
  <testcase name="testMethod1" time="34.089" classname="rebill.testngRebillSlowMfRetire">
    <failure type="java.lang.AssertionError" message="Could Not Clicked All Stat Codes">
      <![CDATA[java.lang.AssertionError: Could Not Clicked All Stat Codes
at org.testng.Assert.fail(Assert.java:97)
at rebill.testngRebillSlowMfRetire.doRebill(testngRebillSlowMfRetire.java:965)
at rebill.testngRebillSlowMfRetire.testMethod1(testngRebillSlowMfRetire.java:610)
at sun.reflect.GeneratedMethodAccessor2.invoke(Unknown Source)
at sun.reflect.DelegatingMethodAccessorImpl.invoke(Unknown Source)
at java.lang.reflect.Method.invoke(Unknown Source)
at org.testng.internal.MethodInvocationHelper.invokeMethod(MethodInvocationHelper.java:135)
at org.testng.internal.TestInvoker.invokeMethod(TestInvoker.java:598)
at org.testng.internal.TestInvoker.retryFailed(TestInvoker.java:214)
at org.testng.internal.MethodRunner.runInSequence(MethodRunner.java:58)
at org.testng.internal.TestInvoker$MethodInvocationAgent.invoke(TestInvoker.java:821)
at org.testng.internal.TestInvoker.invokeTestMethods(TestInvoker.java:147)
at org.testng.internal.TestMethodWorker.invokeTestMethods(TestMethodWorker.java:146)
at org.testng.internal.TestMethodWorker.run(TestMethodWorker.java:128)
at java.util.concurrent.ThreadPoolExecutor.runWorker(Unknown Source)
at java.util.concurrent.ThreadPoolExecutor$Worker.run(Unknown Source)
at java.lang.Thread.run(Unknown Source)
]]>
    </failure>
  </testcase> <!-- testMethod1 -->
  <system-out/>
  <testcase name="testMethod1" time="27.766" classname="rebill.testngRebillSlowMfRetire">
    <failure type="java.lang.AssertionError" message="Could Not Clicked All Stat Codes">
      <![CDATA[java.lang.AssertionError: Could Not Clicked All Stat Codes
at org.testng.Assert.fail(Assert.java:97)
at rebill.testngRebillSlowMfRetire.doRebill(testngRebillSlowMfRetire.java:965)
at rebill.testngRebillSlowMfRetire.testMethod1(testngRebillSlowMfRetire.java:610)
at sun.reflect.GeneratedMethodAccessor2.invoke(Unknown Source)
at sun.reflect.DelegatingMethodAccessorImpl.invoke(Unknown Source)
at java.lang.reflect.Method.invoke(Unknown Source)
at org.testng.internal.MethodInvocationHelper.invokeMethod(MethodInvocationHelper.java:135)
at org.testng.internal.TestInvoker.invokeMethod(TestInvoker.java:598)
at org.testng.internal.TestInvoker.retryFailed(TestInvoker.java:214)
at org.testng.internal.MethodRunner.runInSequence(MethodRunner.java:58)
at org.testng.internal.TestInvoker$MethodInvocationAgent.invoke(TestInvoker.java:821)
at org.testng.internal.TestInvoker.invokeTestMethods(TestInvoker.java:147)
at org.testng.internal.TestMethodWorker.invokeTestMethods(TestMethodWorker.java:146)
at org.testng.internal.TestMethodWorker.run(TestMethodWorker.java:128)
at java.util.concurrent.ThreadPoolExecutor.runWorker(Unknown Source)
at java.util.concurrent.ThreadPoolExecutor$Worker.run(Unknown Source)
at java.lang.Thread.run(Unknown Source)
]]>
    </failure>
  </testcase> <!-- testMethod1 -->
  <system-out/>
  <testcase name="testMethod1" time="27.039" classname="rebill.testngRebillSlowMfRetire">
    <skipped/>
  </testcase> <!-- testMethod1 -->
  <system-out/>
  <testcase name="testMethod1" time="24.057" classname="rebill.testngRebillSlowMfRetire">
    <skipped/>
  </testcase> <!-- testMethod1 -->
  <system-out/>
  <testcase name="testMethod1" time="28.071" classname="rebill.testngRebillSlowMfRetire">
    <skipped/>
  </testcase> <!-- testMethod1 -->
  <system-out/>
  <testcase name="testMethod1" time="31.797" classname="rebill.testngRebillSlowMfRetire">
    <failure type="java.lang.AssertionError" message="Could Not Clicked All Stat Codes">
      <![CDATA[java.lang.AssertionError: Could Not Clicked All Stat Codes
at org.testng.Assert.fail(Assert.java:97)
at rebill.testngRebillSlowMfRetire.doRebill(testngRebillSlowMfRetire.java:965)
at rebill.testngRebillSlowMfRetire.testMethod1(testngRebillSlowMfRetire.java:610)
at sun.reflect.GeneratedMethodAccessor2.invoke(Unknown Source)
at sun.reflect.DelegatingMethodAccessorImpl.invoke(Unknown Source)
at java.lang.reflect.Method.invoke(Unknown Source)
at org.testng.internal.MethodInvocationHelper.invokeMethod(MethodInvocationHelper.java:135)
at org.testng.internal.TestInvoker.invokeMethod(TestInvoker.java:598)
at org.testng.internal.TestInvoker.retryFailed(TestInvoker.java:214)
at org.testng.internal.MethodRunner.runInSequence(MethodRunner.java:58)
at org.testng.internal.TestInvoker$MethodInvocationAgent.invoke(TestInvoker.java:821)
at org.testng.internal.TestInvoker.invokeTestMethods(TestInvoker.java:147)
at org.testng.internal.TestMethodWorker.invokeTestMethods(TestMethodWorker.java:146)
at org.testng.internal.TestMethodWorker.run(TestMethodWorker.java:128)
at java.util.concurrent.ThreadPoolExecutor.runWorker(Unknown Source)
at java.util.concurrent.ThreadPoolExecutor$Worker.run(Unknown Source)
at java.lang.Thread.run(Unknown Source)
]]>
    </failure>
  </testcase> <!-- testMethod1 -->
  <system-out/>
  <testcase name="testMethod1" time="34.878" classname="rebill.testngRebillSlowMfRetire">
    <skipped/>
  </testcase> <!-- testMethod1 -->
  <system-out/>
  <testcase name="testMethod1" time="31.616" classname="rebill.testngRebillSlowMfRetire">
    <skipped/>
  </testcase> <!-- testMethod1 -->
  <system-out/>
  <testcase name="testMethod1" time="28.368" classname="rebill.testngRebillSlowMfRetire">
    <skipped/>
  </testcase> <!-- testMethod1 -->
  <system-out/>
  <testcase name="testMethod1" time="33.952" classname="rebill.testngRebillSlowMfRetire">
    <skipped/>
  </testcase> <!-- testMethod1 -->
  <system-out/>
  <testcase name="testMethod1" time="40.029" classname="rebill.testngRebillSlowMfRetire">
    <skipped/>
  </testcase> <!-- testMethod1 -->
  <system-out/>
  <testcase name="testMethod1" time="31.836" classname="rebill.testngRebillSlowMfRetire">
    <skipped/>
  </testcase> <!-- testMethod1 -->
  <system-out/>
  <testcase name="testMethod1" time="23.507" classname="rebill.testngRebillSlowMfRetire">
    <skipped/>
  </testcase> <!-- testMethod1 -->
  <system-out/>
  <testcase name="testMethod1" time="33.206" classname="rebill.testngRebillSlowMfRetire">
    <failure type="java.lang.AssertionError" message="Could Not Clicked All Stat Codes">
      <![CDATA[java.lang.AssertionError: Could Not Clicked All Stat Codes
at org.testng.Assert.fail(Assert.java:97)
at rebill.testngRebillSlowMfRetire.doRebill(testngRebillSlowMfRetire.java:965)
at rebill.testngRebillSlowMfRetire.testMethod1(testngRebillSlowMfRetire.java:610)
at sun.reflect.GeneratedMethodAccessor2.invoke(Unknown Source)
at sun.reflect.DelegatingMethodAccessorImpl.invoke(Unknown Source)
at java.lang.reflect.Method.invoke(Unknown Source)
at org.testng.internal.MethodInvocationHelper.invokeMethod(MethodInvocationHelper.java:135)
at org.testng.internal.TestInvoker.invokeMethod(TestInvoker.java:598)
at org.testng.internal.TestInvoker.retryFailed(TestInvoker.java:214)
at org.testng.internal.MethodRunner.runInSequence(MethodRunner.java:58)
at org.testng.internal.TestInvoker$MethodInvocationAgent.invoke(TestInvoker.java:821)
at org.testng.internal.TestInvoker.invokeTestMethods(TestInvoker.java:147)
at org.testng.internal.TestMethodWorker.invokeTestMethods(TestMethodWorker.java:146)
at org.testng.internal.TestMethodWorker.run(TestMethodWorker.java:128)
at java.util.concurrent.ThreadPoolExecutor.runWorker(Unknown Source)
at java.util.concurrent.ThreadPoolExecutor$Worker.run(Unknown Source)
at java.lang.Thread.run(Unknown Source)
]]>
    </failure>
  </testcase> <!-- testMethod1 -->
  <system-out/>
  <testcase name="testMethod1" time="25.516" classname="rebill.testngRebillSlowMfRetire">
    <skipped/>
  </testcase> <!-- testMethod1 -->
  <system-out/>
  <testcase name="testMethod1" time="33.622" classname="rebill.testngRebillSlowMfRetire">
    <failure type="java.lang.AssertionError" message="Could Not Clicked All Stat Codes">
      <![CDATA[java.lang.AssertionError: Could Not Clicked All Stat Codes
at org.testng.Assert.fail(Assert.java:97)
at rebill.testngRebillSlowMfRetire.doRebill(testngRebillSlowMfRetire.java:965)
at rebill.testngRebillSlowMfRetire.testMethod1(testngRebillSlowMfRetire.java:610)
at sun.reflect.GeneratedMethodAccessor2.invoke(Unknown Source)
at sun.reflect.DelegatingMethodAccessorImpl.invoke(Unknown Source)
at java.lang.reflect.Method.invoke(Unknown Source)
at org.testng.internal.MethodInvocationHelper.invokeMethod(MethodInvocationHelper.java:135)
at org.testng.internal.TestInvoker.invokeMethod(TestInvoker.java:598)
at org.testng.internal.TestInvoker.retryFailed(TestInvoker.java:214)
at org.testng.internal.MethodRunner.runInSequence(MethodRunner.java:58)
at org.testng.internal.TestInvoker$MethodInvocationAgent.invoke(TestInvoker.java:821)
at org.testng.internal.TestInvoker.invokeTestMethods(TestInvoker.java:147)
at org.testng.internal.TestMethodWorker.invokeTestMethods(TestMethodWorker.java:146)
at org.testng.internal.TestMethodWorker.run(TestMethodWorker.java:128)
at java.util.concurrent.ThreadPoolExecutor.runWorker(Unknown Source)
at java.util.concurrent.ThreadPoolExecutor$Worker.run(Unknown Source)
at java.lang.Thread.run(Unknown Source)
]]>
    </failure>
  </testcase> <!-- testMethod1 -->
  <system-out/>
  <testcase name="testMethod1" time="35.550" classname="rebill.testngRebillSlowMfRetire">
    <skipped/>
  </testcase> <!-- testMethod1 -->
  <system-out/>
  <testcase name="testMethod1" time="30.019" classname="rebill.testngRebillSlowMfRetire">
    <skipped/>
  </testcase> <!-- testMethod1 -->
  <system-out/>
  <testcase name="testMethod1" time="32.718" classname="rebill.testngRebillSlowMfRetire">
    <skipped/>
  </testcase> <!-- testMethod1 -->
  <system-out/>
  <testcase name="testMethod1" time="32.483" classname="rebill.testngRebillSlowMfRetire">
    <skipped/>
  </testcase> <!-- testMethod1 -->
  <system-out/>
  <testcase name="testMethod1" time="68.799" classname="rebill.testngRebillSlowMfRetire">
    <skipped/>
  </testcase> <!-- testMethod1 -->
  <system-out/>
  <testcase name="testMethod1" time="28.982" classname="rebill.testngRebillSlowMfRetire">
    <skipped/>
  </testcase> <!-- testMethod1 -->
  <system-out/>
  <testcase name="testMethod1" time="27.909" classname="rebill.testngRebillSlowMfRetire">
    <skipped/>
  </testcase> <!-- testMethod1 -->
  <system-out/>
  <testcase name="testMethod1" time="61.163" classname="rebill.testngRebillSlowMfRetire"/>
  <system-out/>
  <testcase name="testMethod1" time="71.798" classname="rebill.testngRebillSlowMfRetire"/>
  <system-out/>
  <testcase name="testMethod1" time="32.060" classname="rebill.testngRebillSlowMfRetire">
    <failure type="java.lang.AssertionError" message="Could Not Clicked All Stat Codes">
      <![CDATA[java.lang.AssertionError: Could Not Clicked All Stat Codes
at org.testng.Assert.fail(Assert.java:97)
at rebill.testngRebillSlowMfRetire.doRebill(testngRebillSlowMfRetire.java:965)
at rebill.testngRebillSlowMfRetire.testMethod1(testngRebillSlowMfRetire.java:610)
at sun.reflect.GeneratedMethodAccessor2.invoke(Unknown Source)
at sun.reflect.DelegatingMethodAccessorImpl.invoke(Unknown Source)
at java.lang.reflect.Method.invoke(Unknown Source)
at org.testng.internal.MethodInvocationHelper.invokeMethod(MethodInvocationHelper.java:135)
at org.testng.internal.TestInvoker.invokeMethod(TestInvoker.java:598)
at org.testng.internal.TestInvoker.retryFailed(TestInvoker.java:214)
at org.testng.internal.MethodRunner.runInSequence(MethodRunner.java:58)
at org.testng.internal.TestInvoker$MethodInvocationAgent.invoke(TestInvoker.java:821)
at org.testng.internal.TestInvoker.invokeTestMethods(TestInvoker.java:147)
at org.testng.internal.TestMethodWorker.invokeTestMethods(TestMethodWorker.java:146)
at org.testng.internal.TestMethodWorker.run(TestMethodWorker.java:128)
at java.util.concurrent.ThreadPoolExecutor.runWorker(Unknown Source)
at java.util.concurrent.ThreadPoolExecutor$Worker.run(Unknown Source)
at java.lang.Thread.run(Unknown Source)
]]>
    </failure>
  </testcase> <!-- testMethod1 -->
  <system-out/>
  <testcase name="testMethod1" time="35.187" classname="rebill.testngRebillSlowMfRetire">
    <skipped/>
  </testcase> <!-- testMethod1 -->
  <system-out/>
  <testcase name="testMethod1" time="71.053" classname="rebill.testngRebillSlowMfRetire"/>
  <system-out/>
  <testcase name="testMethod1" time="33.571" classname="rebill.testngRebillSlowMfRetire">
    <skipped/>
  </testcase> <!-- testMethod1 -->
  <system-out/>
  <testcase name="testMethod1" time="48.396" classname="rebill.testngRebillSlowMfRetire">
    <skipped/>
  </testcase> <!-- testMethod1 -->
  <system-out/>
  <testcase name="testMethod1" time="31.808" classname="rebill.testngRebillSlowMfRetire">
    <skipped/>
  </testcase> <!-- testMethod1 -->
  <system-out/>
  <testcase name="testMethod1" time="33.149" classname="rebill.testngRebillSlowMfRetire">
    <skipped/>
  </testcase> <!-- testMethod1 -->
  <system-out/>
  <testcase name="testMethod1" time="33.202" classname="rebill.testngRebillSlowMfRetire">
    <skipped/>
  </testcase> <!-- testMethod1 -->
  <system-out/>
  <testcase name="testMethod1" time="26.940" classname="rebill.testngRebillSlowMfRetire">
    <skipped/>
  </testcase> <!-- testMethod1 -->
  <system-out/>
  <testcase name="testMethod1" time="60.802" classname="rebill.testngRebillSlowMfRetire"/>
  <system-out/>
  <testcase name="testMethod1" time="64.268" classname="rebill.testngRebillSlowMfRetire">
    <skipped/>
  </testcase> <!-- testMethod1 -->
  <system-out/>
  <testcase name="testMethod1" time="26.897" classname="rebill.testngRebillSlowMfRetire">
    <skipped/>
  </testcase> <!-- testMethod1 -->
  <system-out/>
  <testcase name="testMethod1" time="42.599" classname="rebill.testngRebillSlowMfRetire">
    <skipped/>
  </testcase> <!-- testMethod1 -->
  <system-out/>
  <testcase name="testMethod1" time="36.435" classname="rebill.testngRebillSlowMfRetire">
    <skipped/>
  </testcase> <!-- testMethod1 -->
  <system-out/>
  <testcase name="testMethod1" time="33.134" classname="rebill.testngRebillSlowMfRetire">
    <failure type="java.lang.AssertionError" message="Could Not Clicked All Stat Codes">
      <![CDATA[java.lang.AssertionError: Could Not Clicked All Stat Codes
at org.testng.Assert.fail(Assert.java:97)
at rebill.testngRebillSlowMfRetire.doRebill(testngRebillSlowMfRetire.java:965)
at rebill.testngRebillSlowMfRetire.testMethod1(testngRebillSlowMfRetire.java:610)
at sun.reflect.GeneratedMethodAccessor2.invoke(Unknown Source)
at sun.reflect.DelegatingMethodAccessorImpl.invoke(Unknown Source)
at java.lang.reflect.Method.invoke(Unknown Source)
at org.testng.internal.MethodInvocationHelper.invokeMethod(MethodInvocationHelper.java:135)
at org.testng.internal.TestInvoker.invokeMethod(TestInvoker.java:598)
at org.testng.internal.TestInvoker.retryFailed(TestInvoker.java:214)
at org.testng.internal.MethodRunner.runInSequence(MethodRunner.java:58)
at org.testng.internal.TestInvoker$MethodInvocationAgent.invoke(TestInvoker.java:821)
at org.testng.internal.TestInvoker.invokeTestMethods(TestInvoker.java:147)
at org.testng.internal.TestMethodWorker.invokeTestMethods(TestMethodWorker.java:146)
at org.testng.internal.TestMethodWorker.run(TestMethodWorker.java:128)
at java.util.concurrent.ThreadPoolExecutor.runWorker(Unknown Source)
at java.util.concurrent.ThreadPoolExecutor$Worker.run(Unknown Source)
at java.lang.Thread.run(Unknown Source)
]]>
    </failure>
  </testcase> <!-- testMethod1 -->
  <system-out/>
  <testcase name="testMethod1" time="61.860" classname="rebill.testngRebillSlowMfRetire"/>
  <system-out/>
  <testcase name="testMethod1" time="36.683" classname="rebill.testngRebillSlowMfRetire">
    <skipped/>
  </testcase> <!-- testMethod1 -->
  <system-out/>
  <testcase name="testMethod1" time="53.307" classname="rebill.testngRebillSlowMfRetire"/>
  <system-out/>
  <testcase name="testMethod1" time="100.094" classname="rebill.testngRebillSlowMfRetire">
    <skipped/>
  </testcase> <!-- testMethod1 -->
  <system-out/>
  <testcase name="testMethod1" time="31.809" classname="rebill.testngRebillSlowMfRetire">
    <skipped/>
  </testcase> <!-- testMethod1 -->
  <system-out/>
  <testcase name="testMethod1" time="33.931" classname="rebill.testngRebillSlowMfRetire">
    <skipped/>
  </testcase> <!-- testMethod1 -->
  <system-out/>
  <testcase name="testMethod1" time="21.909" classname="rebill.testngRebillSlowMfRetire">
    <skipped/>
  </testcase> <!-- testMethod1 -->
  <system-out/>
  <testcase name="testMethod1" time="54.196" classname="rebill.testngRebillSlowMfRetire"/>
  <system-out/>
  <testcase name="testMethod1" time="26.930" classname="rebill.testngRebillSlowMfRetire">
    <failure type="java.lang.AssertionError" message="Could Not Clicked All Stat Codes">
      <![CDATA[java.lang.AssertionError: Could Not Clicked All Stat Codes
at org.testng.Assert.fail(Assert.java:97)
at rebill.testngRebillSlowMfRetire.doRebill(testngRebillSlowMfRetire.java:965)
at rebill.testngRebillSlowMfRetire.testMethod1(testngRebillSlowMfRetire.java:610)
at sun.reflect.GeneratedMethodAccessor2.invoke(Unknown Source)
at sun.reflect.DelegatingMethodAccessorImpl.invoke(Unknown Source)
at java.lang.reflect.Method.invoke(Unknown Source)
at org.testng.internal.MethodInvocationHelper.invokeMethod(MethodInvocationHelper.java:135)
at org.testng.internal.TestInvoker.invokeMethod(TestInvoker.java:598)
at org.testng.internal.TestInvoker.retryFailed(TestInvoker.java:214)
at org.testng.internal.MethodRunner.runInSequence(MethodRunner.java:58)
at org.testng.internal.TestInvoker$MethodInvocationAgent.invoke(TestInvoker.java:821)
at org.testng.internal.TestInvoker.invokeTestMethods(TestInvoker.java:147)
at org.testng.internal.TestMethodWorker.invokeTestMethods(TestMethodWorker.java:146)
at org.testng.internal.TestMethodWorker.run(TestMethodWorker.java:128)
at java.util.concurrent.ThreadPoolExecutor.runWorker(Unknown Source)
at java.util.concurrent.ThreadPoolExecutor$Worker.run(Unknown Source)
at java.lang.Thread.run(Unknown Source)
]]>
    </failure>
  </testcase> <!-- testMethod1 -->
  <system-out/>
  <testcase name="testMethod1" time="34.036" classname="rebill.testngRebillSlowMfRetire">
    <skipped/>
  </testcase> <!-- testMethod1 -->
  <system-out/>
  <testcase name="testMethod1" time="27.365" classname="rebill.testngRebillSlowMfRetire">
    <failure type="java.lang.AssertionError" message="Could Not Clicked All Stat Codes">
      <![CDATA[java.lang.AssertionError: Could Not Clicked All Stat Codes
at org.testng.Assert.fail(Assert.java:97)
at rebill.testngRebillSlowMfRetire.doRebill(testngRebillSlowMfRetire.java:965)
at rebill.testngRebillSlowMfRetire.testMethod1(testngRebillSlowMfRetire.java:610)
at sun.reflect.GeneratedMethodAccessor2.invoke(Unknown Source)
at sun.reflect.DelegatingMethodAccessorImpl.invoke(Unknown Source)
at java.lang.reflect.Method.invoke(Unknown Source)
at org.testng.internal.MethodInvocationHelper.invokeMethod(MethodInvocationHelper.java:135)
at org.testng.internal.TestInvoker.invokeMethod(TestInvoker.java:598)
at org.testng.internal.TestInvoker.retryFailed(TestInvoker.java:214)
at org.testng.internal.MethodRunner.runInSequence(MethodRunner.java:58)
at org.testng.internal.TestInvoker$MethodInvocationAgent.invoke(TestInvoker.java:821)
at org.testng.internal.TestInvoker.invokeTestMethods(TestInvoker.java:147)
at org.testng.internal.TestMethodWorker.invokeTestMethods(TestMethodWorker.java:146)
at org.testng.internal.TestMethodWorker.run(TestMethodWorker.java:128)
at java.util.concurrent.ThreadPoolExecutor.runWorker(Unknown Source)
at java.util.concurrent.ThreadPoolExecutor$Worker.run(Unknown Source)
at java.lang.Thread.run(Unknown Source)
]]>
    </failure>
  </testcase> <!-- testMethod1 -->
  <system-out/>
  <testcase name="testMethod1" time="54.130" classname="rebill.testngRebillSlowMfRetire">
    <skipped/>
  </testcase> <!-- testMethod1 -->
  <system-out/>
  <testcase name="testMethod1" time="86.103" classname="rebill.testngRebillSlowMfRetire"/>
  <system-out/>
  <testcase name="testMethod1" time="35.919" classname="rebill.testngRebillSlowMfRetire">
    <skipped/>
  </testcase> <!-- testMethod1 -->
  <system-out/>
  <testcase name="testMethod1" time="31.483" classname="rebill.testngRebillSlowMfRetire">
    <skipped/>
  </testcase> <!-- testMethod1 -->
  <system-out/>
  <testcase name="testMethod1" time="31.860" classname="rebill.testngRebillSlowMfRetire">
    <failure type="java.lang.AssertionError" message="Could Not Clicked All Stat Codes">
      <![CDATA[java.lang.AssertionError: Could Not Clicked All Stat Codes
at org.testng.Assert.fail(Assert.java:97)
at rebill.testngRebillSlowMfRetire.doRebill(testngRebillSlowMfRetire.java:965)
at rebill.testngRebillSlowMfRetire.testMethod1(testngRebillSlowMfRetire.java:610)
at sun.reflect.GeneratedMethodAccessor2.invoke(Unknown Source)
at sun.reflect.DelegatingMethodAccessorImpl.invoke(Unknown Source)
at java.lang.reflect.Method.invoke(Unknown Source)
at org.testng.internal.MethodInvocationHelper.invokeMethod(MethodInvocationHelper.java:135)
at org.testng.internal.TestInvoker.invokeMethod(TestInvoker.java:598)
at org.testng.internal.TestInvoker.retryFailed(TestInvoker.java:214)
at org.testng.internal.MethodRunner.runInSequence(MethodRunner.java:58)
at org.testng.internal.TestInvoker$MethodInvocationAgent.invoke(TestInvoker.java:821)
at org.testng.internal.TestInvoker.invokeTestMethods(TestInvoker.java:147)
at org.testng.internal.TestMethodWorker.invokeTestMethods(TestMethodWorker.java:146)
at org.testng.internal.TestMethodWorker.run(TestMethodWorker.java:128)
at java.util.concurrent.ThreadPoolExecutor.runWorker(Unknown Source)
at java.util.concurrent.ThreadPoolExecutor$Worker.run(Unknown Source)
at java.lang.Thread.run(Unknown Source)
]]>
    </failure>
  </testcase> <!-- testMethod1 -->
  <system-out/>
  <testcase name="testMethod1" time="30.536" classname="rebill.testngRebillSlowMfRetire">
    <failure type="java.lang.AssertionError" message="Could Not Clicked All Stat Codes">
      <![CDATA[java.lang.AssertionError: Could Not Clicked All Stat Codes
at org.testng.Assert.fail(Assert.java:97)
at rebill.testngRebillSlowMfRetire.doRebill(testngRebillSlowMfRetire.java:965)
at rebill.testngRebillSlowMfRetire.testMethod1(testngRebillSlowMfRetire.java:610)
at sun.reflect.GeneratedMethodAccessor2.invoke(Unknown Source)
at sun.reflect.DelegatingMethodAccessorImpl.invoke(Unknown Source)
at java.lang.reflect.Method.invoke(Unknown Source)
at org.testng.internal.MethodInvocationHelper.invokeMethod(MethodInvocationHelper.java:135)
at org.testng.internal.TestInvoker.invokeMethod(TestInvoker.java:598)
at org.testng.internal.TestInvoker.retryFailed(TestInvoker.java:214)
at org.testng.internal.MethodRunner.runInSequence(MethodRunner.java:58)
at org.testng.internal.TestInvoker$MethodInvocationAgent.invoke(TestInvoker.java:821)
at org.testng.internal.TestInvoker.invokeTestMethods(TestInvoker.java:147)
at org.testng.internal.TestMethodWorker.invokeTestMethods(TestMethodWorker.java:146)
at org.testng.internal.TestMethodWorker.run(TestMethodWorker.java:128)
at java.util.concurrent.ThreadPoolExecutor.runWorker(Unknown Source)
at java.util.concurrent.ThreadPoolExecutor$Worker.run(Unknown Source)
at java.lang.Thread.run(Unknown Source)
]]>
    </failure>
  </testcase> <!-- testMethod1 -->
  <system-out/>
  <testcase name="testMethod1" time="603.848" classname="rebill.testngRebillSlowMfRetire">
    <skipped/>
  </testcase> <!-- testMethod1 -->
  <system-out/>
  <testcase name="testMethod1" time="64.681" classname="rebill.testngRebillSlowMfRetire"/>
  <system-out/>
  <testcase name="testMethod1" time="40.236" classname="rebill.testngRebillSlowMfRetire">
    <skipped/>
  </testcase> <!-- testMethod1 -->
  <system-out/>
  <testcase name="testMethod1" time="33.955" classname="rebill.testngRebillSlowMfRetire">
    <skipped/>
  </testcase> <!-- testMethod1 -->
  <system-out/>
  <testcase name="testMethod1" time="29.035" classname="rebill.testngRebillSlowMfRetire">
    <skipped/>
  </testcase> <!-- testMethod1 -->
  <system-out/>
  <testcase name="testMethod1" time="35.063" classname="rebill.testngRebillSlowMfRetire">
    <skipped/>
  </testcase> <!-- testMethod1 -->
  <system-out/>
  <testcase name="testMethod1" time="32.733" classname="rebill.testngRebillSlowMfRetire">
    <skipped/>
  </testcase> <!-- testMethod1 -->
  <system-out/>
  <testcase name="testMethod1" time="31.093" classname="rebill.testngRebillSlowMfRetire">
    <skipped/>
  </testcase> <!-- testMethod1 -->
  <system-out/>
  <testcase name="testMethod1" time="30.476" classname="rebill.testngRebillSlowMfRetire">
    <failure type="java.lang.AssertionError" message="Could Not Clicked All Stat Codes">
      <![CDATA[java.lang.AssertionError: Could Not Clicked All Stat Codes
at org.testng.Assert.fail(Assert.java:97)
at rebill.testngRebillSlowMfRetire.doRebill(testngRebillSlowMfRetire.java:965)
at rebill.testngRebillSlowMfRetire.testMethod1(testngRebillSlowMfRetire.java:610)
at sun.reflect.GeneratedMethodAccessor2.invoke(Unknown Source)
at sun.reflect.DelegatingMethodAccessorImpl.invoke(Unknown Source)
at java.lang.reflect.Method.invoke(Unknown Source)
at org.testng.internal.MethodInvocationHelper.invokeMethod(MethodInvocationHelper.java:135)
at org.testng.internal.TestInvoker.invokeMethod(TestInvoker.java:598)
at org.testng.internal.TestInvoker.retryFailed(TestInvoker.java:214)
at org.testng.internal.MethodRunner.runInSequence(MethodRunner.java:58)
at org.testng.internal.TestInvoker$MethodInvocationAgent.invoke(TestInvoker.java:821)
at org.testng.internal.TestInvoker.invokeTestMethods(TestInvoker.java:147)
at org.testng.internal.TestMethodWorker.invokeTestMethods(TestMethodWorker.java:146)
at org.testng.internal.TestMethodWorker.run(TestMethodWorker.java:128)
at java.util.concurrent.ThreadPoolExecutor.runWorker(Unknown Source)
at java.util.concurrent.ThreadPoolExecutor$Worker.run(Unknown Source)
at java.lang.Thread.run(Unknown Source)
]]>
    </failure>
  </testcase> <!-- testMethod1 -->
  <system-out/>
  <testcase name="testMethod1" time="29.759" classname="rebill.testngRebillSlowMfRetire">
    <skipped/>
  </testcase> <!-- testMethod1 -->
  <system-out/>
  <testcase name="testMethod1" time="33.981" classname="rebill.testngRebillSlowMfRetire">
    <failure type="java.lang.AssertionError" message="Could Not Clicked All Stat Codes">
      <![CDATA[java.lang.AssertionError: Could Not Clicked All Stat Codes
at org.testng.Assert.fail(Assert.java:97)
at rebill.testngRebillSlowMfRetire.doRebill(testngRebillSlowMfRetire.java:965)
at rebill.testngRebillSlowMfRetire.testMethod1(testngRebillSlowMfRetire.java:610)
at sun.reflect.GeneratedMethodAccessor2.invoke(Unknown Source)
at sun.reflect.DelegatingMethodAccessorImpl.invoke(Unknown Source)
at java.lang.reflect.Method.invoke(Unknown Source)
at org.testng.internal.MethodInvocationHelper.invokeMethod(MethodInvocationHelper.java:135)
at org.testng.internal.TestInvoker.invokeMethod(TestInvoker.java:598)
at org.testng.internal.TestInvoker.retryFailed(TestInvoker.java:214)
at org.testng.internal.MethodRunner.runInSequence(MethodRunner.java:58)
at org.testng.internal.TestInvoker$MethodInvocationAgent.invoke(TestInvoker.java:821)
at org.testng.internal.TestInvoker.invokeTestMethods(TestInvoker.java:147)
at org.testng.internal.TestMethodWorker.invokeTestMethods(TestMethodWorker.java:146)
at org.testng.internal.TestMethodWorker.run(TestMethodWorker.java:128)
at java.util.concurrent.ThreadPoolExecutor.runWorker(Unknown Source)
at java.util.concurrent.ThreadPoolExecutor$Worker.run(Unknown Source)
at java.lang.Thread.run(Unknown Source)
]]>
    </failure>
  </testcase> <!-- testMethod1 -->
  <system-out/>
  <testcase name="testMethod1" time="44.200" classname="rebill.testngRebillSlowMfRetire">
    <skipped/>
  </testcase> <!-- testMethod1 -->
  <system-out/>
  <testcase name="testMethod1" time="32.270" classname="rebill.testngRebillSlowMfRetire">
    <failure type="java.lang.AssertionError" message="Could Not Clicked All Stat Codes">
      <![CDATA[java.lang.AssertionError: Could Not Clicked All Stat Codes
at org.testng.Assert.fail(Assert.java:97)
at rebill.testngRebillSlowMfRetire.doRebill(testngRebillSlowMfRetire.java:965)
at rebill.testngRebillSlowMfRetire.testMethod1(testngRebillSlowMfRetire.java:610)
at sun.reflect.GeneratedMethodAccessor2.invoke(Unknown Source)
at sun.reflect.DelegatingMethodAccessorImpl.invoke(Unknown Source)
at java.lang.reflect.Method.invoke(Unknown Source)
at org.testng.internal.MethodInvocationHelper.invokeMethod(MethodInvocationHelper.java:135)
at org.testng.internal.TestInvoker.invokeMethod(TestInvoker.java:598)
at org.testng.internal.TestInvoker.retryFailed(TestInvoker.java:214)
at org.testng.internal.MethodRunner.runInSequence(MethodRunner.java:58)
at org.testng.internal.TestInvoker$MethodInvocationAgent.invoke(TestInvoker.java:821)
at org.testng.internal.TestInvoker.invokeTestMethods(TestInvoker.java:147)
at org.testng.internal.TestMethodWorker.invokeTestMethods(TestMethodWorker.java:146)
at org.testng.internal.TestMethodWorker.run(TestMethodWorker.java:128)
at java.util.concurrent.ThreadPoolExecutor.runWorker(Unknown Source)
at java.util.concurrent.ThreadPoolExecutor$Worker.run(Unknown Source)
at java.lang.Thread.run(Unknown Source)
]]>
    </failure>
  </testcase> <!-- testMethod1 -->
  <system-out/>
  <testcase name="testMethod1" time="27.336" classname="rebill.testngRebillSlowMfRetire">
    <skipped/>
  </testcase> <!-- testMethod1 -->
  <system-out/>
  <testcase name="testMethod1" time="57.995" classname="rebill.testngRebillSlowMfRetire"/>
  <system-out/>
  <testcase name="testMethod1" time="29.825" classname="rebill.testngRebillSlowMfRetire">
    <skipped/>
  </testcase> <!-- testMethod1 -->
  <system-out/>
  <testcase name="testMethod1" time="22.864" classname="rebill.testngRebillSlowMfRetire">
    <skipped/>
  </testcase> <!-- testMethod1 -->
  <system-out/>
  <testcase name="testMethod1" time="28.056" classname="rebill.testngRebillSlowMfRetire">
    <skipped/>
  </testcase> <!-- testMethod1 -->
  <system-out/>
  <testcase name="testMethod1" time="29.400" classname="rebill.testngRebillSlowMfRetire">
    <skipped/>
  </testcase> <!-- testMethod1 -->
  <system-out/>
  <testcase name="testMethod1" time="54.601" classname="rebill.testngRebillSlowMfRetire">
    <skipped/>
  </testcase> <!-- testMethod1 -->
  <system-out/>
  <testcase name="testMethod1" time="23.802" classname="rebill.testngRebillSlowMfRetire">
    <failure type="java.lang.AssertionError" message="Could Not Clicked All Stat Codes">
      <![CDATA[java.lang.AssertionError: Could Not Clicked All Stat Codes
at org.testng.Assert.fail(Assert.java:97)
at rebill.testngRebillSlowMfRetire.doRebill(testngRebillSlowMfRetire.java:965)
at rebill.testngRebillSlowMfRetire.testMethod1(testngRebillSlowMfRetire.java:610)
at sun.reflect.GeneratedMethodAccessor2.invoke(Unknown Source)
at sun.reflect.DelegatingMethodAccessorImpl.invoke(Unknown Source)
at java.lang.reflect.Method.invoke(Unknown Source)
at org.testng.internal.MethodInvocationHelper.invokeMethod(MethodInvocationHelper.java:135)
at org.testng.internal.TestInvoker.invokeMethod(TestInvoker.java:598)
at org.testng.internal.TestInvoker.retryFailed(TestInvoker.java:214)
at org.testng.internal.MethodRunner.runInSequence(MethodRunner.java:58)
at org.testng.internal.TestInvoker$MethodInvocationAgent.invoke(TestInvoker.java:821)
at org.testng.internal.TestInvoker.invokeTestMethods(TestInvoker.java:147)
at org.testng.internal.TestMethodWorker.invokeTestMethods(TestMethodWorker.java:146)
at org.testng.internal.TestMethodWorker.run(TestMethodWorker.java:128)
at java.util.concurrent.ThreadPoolExecutor.runWorker(Unknown Source)
at java.util.concurrent.ThreadPoolExecutor$Worker.run(Unknown Source)
at java.lang.Thread.run(Unknown Source)
]]>
    </failure>
  </testcase> <!-- testMethod1 -->
  <system-out/>
  <testcase name="testMethod1" time="25.673" classname="rebill.testngRebillSlowMfRetire">
    <failure type="java.lang.AssertionError" message="Could Not Clicked All Stat Codes">
      <![CDATA[java.lang.AssertionError: Could Not Clicked All Stat Codes
at org.testng.Assert.fail(Assert.java:97)
at rebill.testngRebillSlowMfRetire.doRebill(testngRebillSlowMfRetire.java:965)
at rebill.testngRebillSlowMfRetire.testMethod1(testngRebillSlowMfRetire.java:610)
at sun.reflect.GeneratedMethodAccessor2.invoke(Unknown Source)
at sun.reflect.DelegatingMethodAccessorImpl.invoke(Unknown Source)
at java.lang.reflect.Method.invoke(Unknown Source)
at org.testng.internal.MethodInvocationHelper.invokeMethod(MethodInvocationHelper.java:135)
at org.testng.internal.TestInvoker.invokeMethod(TestInvoker.java:598)
at org.testng.internal.TestInvoker.retryFailed(TestInvoker.java:214)
at org.testng.internal.MethodRunner.runInSequence(MethodRunner.java:58)
at org.testng.internal.TestInvoker$MethodInvocationAgent.invoke(TestInvoker.java:821)
at org.testng.internal.TestInvoker.invokeTestMethods(TestInvoker.java:147)
at org.testng.internal.TestMethodWorker.invokeTestMethods(TestMethodWorker.java:146)
at org.testng.internal.TestMethodWorker.run(TestMethodWorker.java:128)
at java.util.concurrent.ThreadPoolExecutor.runWorker(Unknown Source)
at java.util.concurrent.ThreadPoolExecutor$Worker.run(Unknown Source)
at java.lang.Thread.run(Unknown Source)
]]>
    </failure>
  </testcase> <!-- testMethod1 -->
  <system-out/>
  <testcase name="testMethod1" time="43.888" classname="rebill.testngRebillSlowMfRetire">
    <failure type="java.lang.AssertionError" message="Could Not Clicked All Stat Codes">
      <![CDATA[java.lang.AssertionError: Could Not Clicked All Stat Codes
at org.testng.Assert.fail(Assert.java:97)
at rebill.testngRebillSlowMfRetire.doRebill(testngRebillSlowMfRetire.java:965)
at rebill.testngRebillSlowMfRetire.testMethod1(testngRebillSlowMfRetire.java:610)
at sun.reflect.GeneratedMethodAccessor2.invoke(Unknown Source)
at sun.reflect.DelegatingMethodAccessorImpl.invoke(Unknown Source)
at java.lang.reflect.Method.invoke(Unknown Source)
at org.testng.internal.MethodInvocationHelper.invokeMethod(MethodInvocationHelper.java:135)
at org.testng.internal.TestInvoker.invokeMethod(TestInvoker.java:598)
at org.testng.internal.TestInvoker.retryFailed(TestInvoker.java:214)
at org.testng.internal.MethodRunner.runInSequence(MethodRunner.java:58)
at org.testng.internal.TestInvoker$MethodInvocationAgent.invoke(TestInvoker.java:821)
at org.testng.internal.TestInvoker.invokeTestMethods(TestInvoker.java:147)
at org.testng.internal.TestMethodWorker.invokeTestMethods(TestMethodWorker.java:146)
at org.testng.internal.TestMethodWorker.run(TestMethodWorker.java:128)
at java.util.concurrent.ThreadPoolExecutor.runWorker(Unknown Source)
at java.util.concurrent.ThreadPoolExecutor$Worker.run(Unknown Source)
at java.lang.Thread.run(Unknown Source)
]]>
    </failure>
  </testcase> <!-- testMethod1 -->
  <system-out/>
  <testcase name="testMethod1" time="33.071" classname="rebill.testngRebillSlowMfRetire">
    <skipped/>
  </testcase> <!-- testMethod1 -->
  <system-out/>
  <testcase name="testMethod1" time="36.840" classname="rebill.testngRebillSlowMfRetire">
    <skipped/>
  </testcase> <!-- testMethod1 -->
  <system-out/>
  <testcase name="testMethod1" time="44.398" classname="rebill.testngRebillSlowMfRetire">
    <failure type="java.lang.AssertionError" message="Could Not Clicked All Stat Codes">
      <![CDATA[java.lang.AssertionError: Could Not Clicked All Stat Codes
at org.testng.Assert.fail(Assert.java:97)
at rebill.testngRebillSlowMfRetire.doRebill(testngRebillSlowMfRetire.java:965)
at rebill.testngRebillSlowMfRetire.testMethod1(testngRebillSlowMfRetire.java:610)
at sun.reflect.GeneratedMethodAccessor2.invoke(Unknown Source)
at sun.reflect.DelegatingMethodAccessorImpl.invoke(Unknown Source)
at java.lang.reflect.Method.invoke(Unknown Source)
at org.testng.internal.MethodInvocationHelper.invokeMethod(MethodInvocationHelper.java:135)
at org.testng.internal.TestInvoker.invokeMethod(TestInvoker.java:598)
at org.testng.internal.TestInvoker.retryFailed(TestInvoker.java:214)
at org.testng.internal.MethodRunner.runInSequence(MethodRunner.java:58)
at org.testng.internal.TestInvoker$MethodInvocationAgent.invoke(TestInvoker.java:821)
at org.testng.internal.TestInvoker.invokeTestMethods(TestInvoker.java:147)
at org.testng.internal.TestMethodWorker.invokeTestMethods(TestMethodWorker.java:146)
at org.testng.internal.TestMethodWorker.run(TestMethodWorker.java:128)
at java.util.concurrent.ThreadPoolExecutor.runWorker(Unknown Source)
at java.util.concurrent.ThreadPoolExecutor$Worker.run(Unknown Source)
at java.lang.Thread.run(Unknown Source)
]]>
    </failure>
  </testcase> <!-- testMethod1 -->
  <system-out/>
  <testcase name="testMethod1" time="49.328" classname="rebill.testngRebillSlowMfRetire">
    <skipped/>
  </testcase> <!-- testMethod1 -->
  <system-out/>
  <testcase name="testMethod1" time="31.601" classname="rebill.testngRebillSlowMfRetire">
    <skipped/>
  </testcase> <!-- testMethod1 -->
  <system-out/>
  <testcase name="testMethod1" time="31.665" classname="rebill.testngRebillSlowMfRetire">
    <skipped/>
  </testcase> <!-- testMethod1 -->
  <system-out/>
  <testcase name="testMethod1" time="28.355" classname="rebill.testngRebillSlowMfRetire">
    <skipped/>
  </testcase> <!-- testMethod1 -->
  <system-out/>
  <testcase name="testMethod1" time="27.085" classname="rebill.testngRebillSlowMfRetire">
    <skipped/>
  </testcase> <!-- testMethod1 -->
  <system-out/>
  <testcase name="testMethod1" time="32.876" classname="rebill.testngRebillSlowMfRetire">
    <skipped/>
  </testcase> <!-- testMethod1 -->
  <system-out/>
  <testcase name="testMethod1" time="74.847" classname="rebill.testngRebillSlowMfRetire"/>
  <system-out/>
  <testcase name="testMethod1" time="92.168" classname="rebill.testngRebillSlowMfRetire"/>
  <system-out/>
  <testcase name="testMethod1" time="26.998" classname="rebill.testngRebillSlowMfRetire">
    <skipped/>
  </testcase> <!-- testMethod1 -->
  <system-out/>
  <testcase name="testMethod1" time="26.735" classname="rebill.testngRebillSlowMfRetire">
    <skipped/>
  </testcase> <!-- testMethod1 -->
  <system-out/>
  <testcase name="testMethod1" time="69.129" classname="rebill.testngRebillSlowMfRetire"/>
  <system-out/>
  <testcase name="testMethod1" time="32.984" classname="rebill.testngRebillSlowMfRetire">
    <skipped/>
  </testcase> <!-- testMethod1 -->
  <system-out/>
  <testcase name="testMethod1" time="85.145" classname="rebill.testngRebillSlowMfRetire"/>
  <system-out/>
  <testcase name="testMethod1" time="32.210" classname="rebill.testngRebillSlowMfRetire">
    <failure type="java.lang.AssertionError" message="Could Not Clicked All Stat Codes">
      <![CDATA[java.lang.AssertionError: Could Not Clicked All Stat Codes
at org.testng.Assert.fail(Assert.java:97)
at rebill.testngRebillSlowMfRetire.doRebill(testngRebillSlowMfRetire.java:965)
at rebill.testngRebillSlowMfRetire.testMethod1(testngRebillSlowMfRetire.java:610)
at sun.reflect.GeneratedMethodAccessor2.invoke(Unknown Source)
at sun.reflect.DelegatingMethodAccessorImpl.invoke(Unknown Source)
at java.lang.reflect.Method.invoke(Unknown Source)
at org.testng.internal.MethodInvocationHelper.invokeMethod(MethodInvocationHelper.java:135)
at org.testng.internal.TestInvoker.invokeMethod(TestInvoker.java:598)
at org.testng.internal.TestInvoker.retryFailed(TestInvoker.java:214)
at org.testng.internal.MethodRunner.runInSequence(MethodRunner.java:58)
at org.testng.internal.TestInvoker$MethodInvocationAgent.invoke(TestInvoker.java:821)
at org.testng.internal.TestInvoker.invokeTestMethods(TestInvoker.java:147)
at org.testng.internal.TestMethodWorker.invokeTestMethods(TestMethodWorker.java:146)
at org.testng.internal.TestMethodWorker.run(TestMethodWorker.java:128)
at java.util.concurrent.ThreadPoolExecutor.runWorker(Unknown Source)
at java.util.concurrent.ThreadPoolExecutor$Worker.run(Unknown Source)
at java.lang.Thread.run(Unknown Source)
]]>
    </failure>
  </testcase> <!-- testMethod1 -->
  <system-out/>
  <testcase name="testMethod1" time="27.020" classname="rebill.testngRebillSlowMfRetire">
    <skipped/>
  </testcase> <!-- testMethod1 -->
  <system-out/>
  <testcase name="testMethod1" time="30.933" classname="rebill.testngRebillSlowMfRetire">
    <skipped/>
  </testcase> <!-- testMethod1 -->
  <system-out/>
  <testcase name="testMethod1" time="36.039" classname="rebill.testngRebillSlowMfRetire">
    <skipped/>
  </testcase> <!-- testMethod1 -->
  <system-out/>
  <testcase name="testMethod1" time="60.062" classname="rebill.testngRebillSlowMfRetire">
    <skipped/>
  </testcase> <!-- testMethod1 -->
  <system-out/>
  <testcase name="testMethod1" time="25.155" classname="rebill.testngRebillSlowMfRetire">
    <skipped/>
  </testcase> <!-- testMethod1 -->
  <system-out/>
  <testcase name="testMethod1" time="32.675" classname="rebill.testngRebillSlowMfRetire">
    <skipped/>
  </testcase> <!-- testMethod1 -->
  <system-out/>
  <testcase name="testMethod1" time="22.037" classname="rebill.testngRebillSlowMfRetire">
    <skipped/>
  </testcase> <!-- testMethod1 -->
  <system-out/>
  <testcase name="testMethod1" time="28.132" classname="rebill.testngRebillSlowMfRetire">
    <skipped/>
  </testcase> <!-- testMethod1 -->
  <system-out/>
  <testcase name="testMethod1" time="38.149" classname="rebill.testngRebillSlowMfRetire">
    <skipped/>
  </testcase> <!-- testMethod1 -->
  <system-out/>
  <testcase name="testMethod1" time="22.583" classname="rebill.testngRebillSlowMfRetire">
    <skipped/>
  </testcase> <!-- testMethod1 -->
  <system-out/>
  <testcase name="testMethod1" time="26.152" classname="rebill.testngRebillSlowMfRetire">
    <failure type="java.lang.AssertionError" message="Could Not Clicked All Stat Codes">
      <![CDATA[java.lang.AssertionError: Could Not Clicked All Stat Codes
at org.testng.Assert.fail(Assert.java:97)
at rebill.testngRebillSlowMfRetire.doRebill(testngRebillSlowMfRetire.java:965)
at rebill.testngRebillSlowMfRetire.testMethod1(testngRebillSlowMfRetire.java:610)
at sun.reflect.GeneratedMethodAccessor2.invoke(Unknown Source)
at sun.reflect.DelegatingMethodAccessorImpl.invoke(Unknown Source)
at java.lang.reflect.Method.invoke(Unknown Source)
at org.testng.internal.MethodInvocationHelper.invokeMethod(MethodInvocationHelper.java:135)
at org.testng.internal.TestInvoker.invokeMethod(TestInvoker.java:598)
at org.testng.internal.TestInvoker.retryFailed(TestInvoker.java:214)
at org.testng.internal.MethodRunner.runInSequence(MethodRunner.java:58)
at org.testng.internal.TestInvoker$MethodInvocationAgent.invoke(TestInvoker.java:821)
at org.testng.internal.TestInvoker.invokeTestMethods(TestInvoker.java:147)
at org.testng.internal.TestMethodWorker.invokeTestMethods(TestMethodWorker.java:146)
at org.testng.internal.TestMethodWorker.run(TestMethodWorker.java:128)
at java.util.concurrent.ThreadPoolExecutor.runWorker(Unknown Source)
at java.util.concurrent.ThreadPoolExecutor$Worker.run(Unknown Source)
at java.lang.Thread.run(Unknown Source)
]]>
    </failure>
  </testcase> <!-- testMethod1 -->
  <system-out/>
  <testcase name="testMethod1" time="34.399" classname="rebill.testngRebillSlowMfRetire">
    <skipped/>
  </testcase> <!-- testMethod1 -->
  <system-out/>
  <testcase name="testMethod1" time="30.546" classname="rebill.testngRebillSlowMfRetire">
    <failure type="java.lang.AssertionError" message="Could Not Clicked All Stat Codes">
      <![CDATA[java.lang.AssertionError: Could Not Clicked All Stat Codes
at org.testng.Assert.fail(Assert.java:97)
at rebill.testngRebillSlowMfRetire.doRebill(testngRebillSlowMfRetire.java:965)
at rebill.testngRebillSlowMfRetire.testMethod1(testngRebillSlowMfRetire.java:610)
at sun.reflect.GeneratedMethodAccessor2.invoke(Unknown Source)
at sun.reflect.DelegatingMethodAccessorImpl.invoke(Unknown Source)
at java.lang.reflect.Method.invoke(Unknown Source)
at org.testng.internal.MethodInvocationHelper.invokeMethod(MethodInvocationHelper.java:135)
at org.testng.internal.TestInvoker.invokeMethod(TestInvoker.java:598)
at org.testng.internal.TestInvoker.retryFailed(TestInvoker.java:214)
at org.testng.internal.MethodRunner.runInSequence(MethodRunner.java:58)
at org.testng.internal.TestInvoker$MethodInvocationAgent.invoke(TestInvoker.java:821)
at org.testng.internal.TestInvoker.invokeTestMethods(TestInvoker.java:147)
at org.testng.internal.TestMethodWorker.invokeTestMethods(TestMethodWorker.java:146)
at org.testng.internal.TestMethodWorker.run(TestMethodWorker.java:128)
at java.util.concurrent.ThreadPoolExecutor.runWorker(Unknown Source)
at java.util.concurrent.ThreadPoolExecutor$Worker.run(Unknown Source)
at java.lang.Thread.run(Unknown Source)
]]>
    </failure>
  </testcase> <!-- testMethod1 -->
  <system-out/>
  <testcase name="testMethod1" time="604.170" classname="rebill.testngRebillSlowMfRetire">
    <skipped/>
  </testcase> <!-- testMethod1 -->
  <system-out/>
  <testcase name="testMethod1" time="26.853" classname="rebill.testngRebillSlowMfRetire">
    <skipped/>
  </testcase> <!-- testMethod1 -->
  <system-out/>
  <testcase name="testMethod1" time="59.239" classname="rebill.testngRebillSlowMfRetire"/>
  <system-out/>
  <testcase name="testMethod1" time="31.521" classname="rebill.testngRebillSlowMfRetire">
    <failure type="java.lang.AssertionError" message="Could Not Clicked All Stat Codes">
      <![CDATA[java.lang.AssertionError: Could Not Clicked All Stat Codes
at org.testng.Assert.fail(Assert.java:97)
at rebill.testngRebillSlowMfRetire.doRebill(testngRebillSlowMfRetire.java:965)
at rebill.testngRebillSlowMfRetire.testMethod1(testngRebillSlowMfRetire.java:610)
at sun.reflect.GeneratedMethodAccessor2.invoke(Unknown Source)
at sun.reflect.DelegatingMethodAccessorImpl.invoke(Unknown Source)
at java.lang.reflect.Method.invoke(Unknown Source)
at org.testng.internal.MethodInvocationHelper.invokeMethod(MethodInvocationHelper.java:135)
at org.testng.internal.TestInvoker.invokeMethod(TestInvoker.java:598)
at org.testng.internal.TestInvoker.retryFailed(TestInvoker.java:214)
at org.testng.internal.MethodRunner.runInSequence(MethodRunner.java:58)
at org.testng.internal.TestInvoker$MethodInvocationAgent.invoke(TestInvoker.java:821)
at org.testng.internal.TestInvoker.invokeTestMethods(TestInvoker.java:147)
at org.testng.internal.TestMethodWorker.invokeTestMethods(TestMethodWorker.java:146)
at org.testng.internal.TestMethodWorker.run(TestMethodWorker.java:128)
at java.util.concurrent.ThreadPoolExecutor.runWorker(Unknown Source)
at java.util.concurrent.ThreadPoolExecutor$Worker.run(Unknown Source)
at java.lang.Thread.run(Unknown Source)
]]>
    </failure>
  </testcase> <!-- testMethod1 -->
  <system-out/>
  <testcase name="testMethod1" time="28.115" classname="rebill.testngRebillSlowMfRetire">
    <skipped/>
  </testcase> <!-- testMethod1 -->
  <system-out/>
  <testcase name="testMethod1" time="30.200" classname="rebill.testngRebillSlowMfRetire">
    <skipped/>
  </testcase> <!-- testMethod1 -->
  <system-out/>
  <testcase name="testMethod1" time="49.946" classname="rebill.testngRebillSlowMfRetire">
    <skipped/>
  </testcase> <!-- testMethod1 -->
  <system-out/>
  <testcase name="testMethod1" time="33.221" classname="rebill.testngRebillSlowMfRetire">
    <skipped/>
  </testcase> <!-- testMethod1 -->
  <system-out/>
  <testcase name="testMethod1" time="45.260" classname="rebill.testngRebillSlowMfRetire">
    <failure type="java.lang.AssertionError" message="Could Not Clicked All Stat Codes">
      <![CDATA[java.lang.AssertionError: Could Not Clicked All Stat Codes
at org.testng.Assert.fail(Assert.java:97)
at rebill.testngRebillSlowMfRetire.doRebill(testngRebillSlowMfRetire.java:965)
at rebill.testngRebillSlowMfRetire.testMethod1(testngRebillSlowMfRetire.java:610)
at sun.reflect.GeneratedMethodAccessor2.invoke(Unknown Source)
at sun.reflect.DelegatingMethodAccessorImpl.invoke(Unknown Source)
at java.lang.reflect.Method.invoke(Unknown Source)
at org.testng.internal.MethodInvocationHelper.invokeMethod(MethodInvocationHelper.java:135)
at org.testng.internal.TestInvoker.invokeMethod(TestInvoker.java:598)
at org.testng.internal.TestInvoker.retryFailed(TestInvoker.java:214)
at org.testng.internal.MethodRunner.runInSequence(MethodRunner.java:58)
at org.testng.internal.TestInvoker$MethodInvocationAgent.invoke(TestInvoker.java:821)
at org.testng.internal.TestInvoker.invokeTestMethods(TestInvoker.java:147)
at org.testng.internal.TestMethodWorker.invokeTestMethods(TestMethodWorker.java:146)
at org.testng.internal.TestMethodWorker.run(TestMethodWorker.java:128)
at java.util.concurrent.ThreadPoolExecutor.runWorker(Unknown Source)
at java.util.concurrent.ThreadPoolExecutor$Worker.run(Unknown Source)
at java.lang.Thread.run(Unknown Source)
]]>
    </failure>
  </testcase> <!-- testMethod1 -->
  <system-out/>
  <testcase name="testMethod1" time="41.446" classname="rebill.testngRebillSlowMfRetire">
    <skipped/>
  </testcase> <!-- testMethod1 -->
  <system-out/>
  <testcase name="testMethod1" time="31.834" classname="rebill.testngRebillSlowMfRetire">
    <skipped/>
  </testcase> <!-- testMethod1 -->
  <system-out/>
  <testcase name="testMethod1" time="30.534" classname="rebill.testngRebillSlowMfRetire">
    <failure type="java.lang.AssertionError" message="Could Not Clicked All Stat Codes">
      <![CDATA[java.lang.AssertionError: Could Not Clicked All Stat Codes
at org.testng.Assert.fail(Assert.java:97)
at rebill.testngRebillSlowMfRetire.doRebill(testngRebillSlowMfRetire.java:965)
at rebill.testngRebillSlowMfRetire.testMethod1(testngRebillSlowMfRetire.java:610)
at sun.reflect.GeneratedMethodAccessor2.invoke(Unknown Source)
at sun.reflect.DelegatingMethodAccessorImpl.invoke(Unknown Source)
at java.lang.reflect.Method.invoke(Unknown Source)
at org.testng.internal.MethodInvocationHelper.invokeMethod(MethodInvocationHelper.java:135)
at org.testng.internal.TestInvoker.invokeMethod(TestInvoker.java:598)
at org.testng.internal.TestInvoker.retryFailed(TestInvoker.java:214)
at org.testng.internal.MethodRunner.runInSequence(MethodRunner.java:58)
at org.testng.internal.TestInvoker$MethodInvocationAgent.invoke(TestInvoker.java:821)
at org.testng.internal.TestInvoker.invokeTestMethods(TestInvoker.java:147)
at org.testng.internal.TestMethodWorker.invokeTestMethods(TestMethodWorker.java:146)
at org.testng.internal.TestMethodWorker.run(TestMethodWorker.java:128)
at java.util.concurrent.ThreadPoolExecutor.runWorker(Unknown Source)
at java.util.concurrent.ThreadPoolExecutor$Worker.run(Unknown Source)
at java.lang.Thread.run(Unknown Source)
]]>
    </failure>
  </testcase> <!-- testMethod1 -->
  <system-out/>
  <testcase name="testMethod1" time="33.532" classname="rebill.testngRebillSlowMfRetire">
    <skipped/>
  </testcase> <!-- testMethod1 -->
  <system-out/>
  <testcase name="testMethod1" time="33.651" classname="rebill.testngRebillSlowMfRetire">
    <skipped/>
  </testcase> <!-- testMethod1 -->
  <system-out/>
  <testcase name="testMethod1" time="27.182" classname="rebill.testngRebillSlowMfRetire">
    <failure type="java.lang.AssertionError" message="Could Not Clicked All Stat Codes">
      <![CDATA[java.lang.AssertionError: Could Not Clicked All Stat Codes
at org.testng.Assert.fail(Assert.java:97)
at rebill.testngRebillSlowMfRetire.doRebill(testngRebillSlowMfRetire.java:965)
at rebill.testngRebillSlowMfRetire.testMethod1(testngRebillSlowMfRetire.java:610)
at sun.reflect.GeneratedMethodAccessor2.invoke(Unknown Source)
at sun.reflect.DelegatingMethodAccessorImpl.invoke(Unknown Source)
at java.lang.reflect.Method.invoke(Unknown Source)
at org.testng.internal.MethodInvocationHelper.invokeMethod(MethodInvocationHelper.java:135)
at org.testng.internal.TestInvoker.invokeMethod(TestInvoker.java:598)
at org.testng.internal.TestInvoker.retryFailed(TestInvoker.java:214)
at org.testng.internal.MethodRunner.runInSequence(MethodRunner.java:58)
at org.testng.internal.TestInvoker$MethodInvocationAgent.invoke(TestInvoker.java:821)
at org.testng.internal.TestInvoker.invokeTestMethods(TestInvoker.java:147)
at org.testng.internal.TestMethodWorker.invokeTestMethods(TestMethodWorker.java:146)
at org.testng.internal.TestMethodWorker.run(TestMethodWorker.java:128)
at java.util.concurrent.ThreadPoolExecutor.runWorker(Unknown Source)
at java.util.concurrent.ThreadPoolExecutor$Worker.run(Unknown Source)
at java.lang.Thread.run(Unknown Source)
]]>
    </failure>
  </testcase> <!-- testMethod1 -->
  <system-out/>
  <testcase name="testMethod1" time="32.197" classname="rebill.testngRebillSlowMfRetire">
    <skipped/>
  </testcase> <!-- testMethod1 -->
  <system-out/>
  <testcase name="testMethod3" time="0.000" classname="rebill.testngRebillSlowMfRetire">
    <error type="org.testng.TestNGException" message="
Data Provider public synchronized java.lang.Object[][] rebill.testngRebillSlowMfRetire.dataProviderMethod3() returned a null value">
      <![CDATA[org.testng.TestNGException: 
Data Provider public synchronized java.lang.Object[][] rebill.testngRebillSlowMfRetire.dataProviderMethod3() returned a null value
at org.testng.internal.MethodInvocationHelper.invokeDataProvider(MethodInvocationHelper.java:150)
at org.testng.internal.Parameters.handleParameters(Parameters.java:797)
at org.testng.internal.Parameters.handleParameters(Parameters.java:740)
at org.testng.internal.ParameterHandler.handleParameters(ParameterHandler.java:59)
at org.testng.internal.ParameterHandler.createParameters(ParameterHandler.java:38)
at org.testng.internal.TestInvoker$MethodInvocationAgent.invoke(TestInvoker.java:788)
at org.testng.internal.TestInvoker.invokeTestMethods(TestInvoker.java:147)
at org.testng.internal.TestMethodWorker.invokeTestMethods(TestMethodWorker.java:146)
at org.testng.internal.TestMethodWorker.run(TestMethodWorker.java:128)
at java.util.concurrent.ThreadPoolExecutor.runWorker(Unknown Source)
at java.util.concurrent.ThreadPoolExecutor$Worker.run(Unknown Source)
at java.lang.Thread.run(Unknown Source)
]]>
    </error>
  </testcase> <!-- testMethod3 -->
  <system-out/>
  <testcase name="testMethod1" time="34.327" classname="rebill.testngRebillSlowMfRetire">
    <skipped/>
  </testcase> <!-- testMethod1 -->
  <system-out/>
  <testcase name="testMethod1" time="30.913" classname="rebill.testngRebillSlowMfRetire">
    <skipped/>
  </testcase> <!-- testMethod1 -->
  <system-out/>
  <testcase name="testMethod1" time="31.499" classname="rebill.testngRebillSlowMfRetire">
    <failure type="java.lang.AssertionError" message="Could Not Clicked All Stat Codes">
      <![CDATA[java.lang.AssertionError: Could Not Clicked All Stat Codes
at org.testng.Assert.fail(Assert.java:97)
at rebill.testngRebillSlowMfRetire.doRebill(testngRebillSlowMfRetire.java:965)
at rebill.testngRebillSlowMfRetire.testMethod1(testngRebillSlowMfRetire.java:610)
at sun.reflect.GeneratedMethodAccessor2.invoke(Unknown Source)
at sun.reflect.DelegatingMethodAccessorImpl.invoke(Unknown Source)
at java.lang.reflect.Method.invoke(Unknown Source)
at org.testng.internal.MethodInvocationHelper.invokeMethod(MethodInvocationHelper.java:135)
at org.testng.internal.TestInvoker.invokeMethod(TestInvoker.java:598)
at org.testng.internal.TestInvoker.retryFailed(TestInvoker.java:214)
at org.testng.internal.MethodRunner.runInSequence(MethodRunner.java:58)
at org.testng.internal.TestInvoker$MethodInvocationAgent.invoke(TestInvoker.java:821)
at org.testng.internal.TestInvoker.invokeTestMethods(TestInvoker.java:147)
at org.testng.internal.TestMethodWorker.invokeTestMethods(TestMethodWorker.java:146)
at org.testng.internal.TestMethodWorker.run(TestMethodWorker.java:128)
at java.util.concurrent.ThreadPoolExecutor.runWorker(Unknown Source)
at java.util.concurrent.ThreadPoolExecutor$Worker.run(Unknown Source)
at java.lang.Thread.run(Unknown Source)
]]>
    </failure>
  </testcase> <!-- testMethod1 -->
  <system-out/>
  <testcase name="testMethod1" time="30.972" classname="rebill.testngRebillSlowMfRetire">
    <skipped/>
  </testcase> <!-- testMethod1 -->
  <system-out/>
  <testcase name="testMethod1" time="35.303" classname="rebill.testngRebillSlowMfRetire">
    <failure type="java.lang.AssertionError" message="Could Not Clicked All Stat Codes">
      <![CDATA[java.lang.AssertionError: Could Not Clicked All Stat Codes
at org.testng.Assert.fail(Assert.java:97)
at rebill.testngRebillSlowMfRetire.doRebill(testngRebillSlowMfRetire.java:965)
at rebill.testngRebillSlowMfRetire.testMethod1(testngRebillSlowMfRetire.java:610)
at sun.reflect.GeneratedMethodAccessor2.invoke(Unknown Source)
at sun.reflect.DelegatingMethodAccessorImpl.invoke(Unknown Source)
at java.lang.reflect.Method.invoke(Unknown Source)
at org.testng.internal.MethodInvocationHelper.invokeMethod(MethodInvocationHelper.java:135)
at org.testng.internal.TestInvoker.invokeMethod(TestInvoker.java:598)
at org.testng.internal.TestInvoker.retryFailed(TestInvoker.java:214)
at org.testng.internal.MethodRunner.runInSequence(MethodRunner.java:58)
at org.testng.internal.TestInvoker$MethodInvocationAgent.invoke(TestInvoker.java:821)
at org.testng.internal.TestInvoker.invokeTestMethods(TestInvoker.java:147)
at org.testng.internal.TestMethodWorker.invokeTestMethods(TestMethodWorker.java:146)
at org.testng.internal.TestMethodWorker.run(TestMethodWorker.java:128)
at java.util.concurrent.ThreadPoolExecutor.runWorker(Unknown Source)
at java.util.concurrent.ThreadPoolExecutor$Worker.run(Unknown Source)
at java.lang.Thread.run(Unknown Source)
]]>
    </failure>
  </testcase> <!-- testMethod1 -->
  <system-out/>
  <testcase name="testMethod1" time="47.655" classname="rebill.testngRebillSlowMfRetire">
    <failure type="java.lang.AssertionError" message="Could Not Clicked All Stat Codes">
      <![CDATA[java.lang.AssertionError: Could Not Clicked All Stat Codes
at org.testng.Assert.fail(Assert.java:97)
at rebill.testngRebillSlowMfRetire.doRebill(testngRebillSlowMfRetire.java:965)
at rebill.testngRebillSlowMfRetire.testMethod1(testngRebillSlowMfRetire.java:610)
at sun.reflect.GeneratedMethodAccessor2.invoke(Unknown Source)
at sun.reflect.DelegatingMethodAccessorImpl.invoke(Unknown Source)
at java.lang.reflect.Method.invoke(Unknown Source)
at org.testng.internal.MethodInvocationHelper.invokeMethod(MethodInvocationHelper.java:135)
at org.testng.internal.TestInvoker.invokeMethod(TestInvoker.java:598)
at org.testng.internal.TestInvoker.retryFailed(TestInvoker.java:214)
at org.testng.internal.MethodRunner.runInSequence(MethodRunner.java:58)
at org.testng.internal.TestInvoker$MethodInvocationAgent.invoke(TestInvoker.java:821)
at org.testng.internal.TestInvoker.invokeTestMethods(TestInvoker.java:147)
at org.testng.internal.TestMethodWorker.invokeTestMethods(TestMethodWorker.java:146)
at org.testng.internal.TestMethodWorker.run(TestMethodWorker.java:128)
at java.util.concurrent.ThreadPoolExecutor.runWorker(Unknown Source)
at java.util.concurrent.ThreadPoolExecutor$Worker.run(Unknown Source)
at java.lang.Thread.run(Unknown Source)
]]>
    </failure>
  </testcase> <!-- testMethod1 -->
  <system-out/>
  <testcase name="testMethod1" time="32.039" classname="rebill.testngRebillSlowMfRetire">
    <skipped/>
  </testcase> <!-- testMethod1 -->
  <system-out/>
  <testcase name="testMethod1" time="31.783" classname="rebill.testngRebillSlowMfRetire">
    <skipped/>
  </testcase> <!-- testMethod1 -->
  <system-out/>
  <testcase name="testMethod1" time="49.541" classname="rebill.testngRebillSlowMfRetire">
    <skipped/>
  </testcase> <!-- testMethod1 -->
  <system-out/>
  <testcase name="testMethod1" time="38.462" classname="rebill.testngRebillSlowMfRetire">
    <failure type="java.lang.AssertionError" message="Failed on Entering Tracking Number">
      <![CDATA[java.lang.AssertionError: Failed on Entering Tracking Number
at org.testng.Assert.fail(Assert.java:97)
at rebill.testngRebillSlowMfRetire.doRebill(testngRebillSlowMfRetire.java:888)
at rebill.testngRebillSlowMfRetire.testMethod1(testngRebillSlowMfRetire.java:610)
at sun.reflect.GeneratedMethodAccessor2.invoke(Unknown Source)
at sun.reflect.DelegatingMethodAccessorImpl.invoke(Unknown Source)
at java.lang.reflect.Method.invoke(Unknown Source)
at org.testng.internal.MethodInvocationHelper.invokeMethod(MethodInvocationHelper.java:135)
at org.testng.internal.TestInvoker.invokeMethod(TestInvoker.java:598)
at org.testng.internal.TestInvoker.retryFailed(TestInvoker.java:214)
at org.testng.internal.MethodRunner.runInSequence(MethodRunner.java:58)
at org.testng.internal.TestInvoker$MethodInvocationAgent.invoke(TestInvoker.java:821)
at org.testng.internal.TestInvoker.invokeTestMethods(TestInvoker.java:147)
at org.testng.internal.TestMethodWorker.invokeTestMethods(TestMethodWorker.java:146)
at org.testng.internal.TestMethodWorker.run(TestMethodWorker.java:128)
at java.util.concurrent.ThreadPoolExecutor.runWorker(Unknown Source)
at java.util.concurrent.ThreadPoolExecutor$Worker.run(Unknown Source)
at java.lang.Thread.run(Unknown Source)
]]>
    </failure>
  </testcase> <!-- testMethod1 -->
  <system-out/>
  <testcase name="testMethod1" time="33.035" classname="rebill.testngRebillSlowMfRetire">
    <skipped/>
  </testcase> <!-- testMethod1 -->
  <system-out/>
  <testcase name="testMethod1" time="28.639" classname="rebill.testngRebillSlowMfRetire">
    <skipped/>
  </testcase> <!-- testMethod1 -->
  <system-out/>
  <testcase name="testMethod1" time="32.792" classname="rebill.testngRebillSlowMfRetire">
    <skipped/>
  </testcase> <!-- testMethod1 -->
  <system-out/>
  <testcase name="testMethod1" time="24.090" classname="rebill.testngRebillSlowMfRetire">
    <skipped/>
  </testcase> <!-- testMethod1 -->
  <system-out/>
  <testcase name="testMethod1" time="26.270" classname="rebill.testngRebillSlowMfRetire">
    <failure type="java.lang.AssertionError" message="Could Not Clicked All Stat Codes">
      <![CDATA[java.lang.AssertionError: Could Not Clicked All Stat Codes
at org.testng.Assert.fail(Assert.java:97)
at rebill.testngRebillSlowMfRetire.doRebill(testngRebillSlowMfRetire.java:965)
at rebill.testngRebillSlowMfRetire.testMethod1(testngRebillSlowMfRetire.java:610)
at sun.reflect.GeneratedMethodAccessor2.invoke(Unknown Source)
at sun.reflect.DelegatingMethodAccessorImpl.invoke(Unknown Source)
at java.lang.reflect.Method.invoke(Unknown Source)
at org.testng.internal.MethodInvocationHelper.invokeMethod(MethodInvocationHelper.java:135)
at org.testng.internal.TestInvoker.invokeMethod(TestInvoker.java:598)
at org.testng.internal.TestInvoker.retryFailed(TestInvoker.java:214)
at org.testng.internal.MethodRunner.runInSequence(MethodRunner.java:58)
at org.testng.internal.TestInvoker$MethodInvocationAgent.invoke(TestInvoker.java:821)
at org.testng.internal.TestInvoker.invokeTestMethods(TestInvoker.java:147)
at org.testng.internal.TestMethodWorker.invokeTestMethods(TestMethodWorker.java:146)
at org.testng.internal.TestMethodWorker.run(TestMethodWorker.java:128)
at java.util.concurrent.ThreadPoolExecutor.runWorker(Unknown Source)
at java.util.concurrent.ThreadPoolExecutor$Worker.run(Unknown Source)
at java.lang.Thread.run(Unknown Source)
]]>
    </failure>
  </testcase> <!-- testMethod1 -->
  <system-out/>
  <testcase name="testMethod1" time="35.958" classname="rebill.testngRebillSlowMfRetire">
    <skipped/>
  </testcase> <!-- testMethod1 -->
  <system-out/>
  <testcase name="testMethod1" time="35.866" classname="rebill.testngRebillSlowMfRetire">
    <skipped/>
  </testcase> <!-- testMethod1 -->
  <system-out/>
  <testcase name="testMethod1" time="30.292" classname="rebill.testngRebillSlowMfRetire">
    <skipped/>
  </testcase> <!-- testMethod1 -->
  <system-out/>
  <testcase name="testMethod1" time="38.588" classname="rebill.testngRebillSlowMfRetire">
    <skipped/>
  </testcase> <!-- testMethod1 -->
  <system-out/>
  <testcase name="testMethod1" time="32.656" classname="rebill.testngRebillSlowMfRetire">
    <skipped/>
  </testcase> <!-- testMethod1 -->
  <system-out/>
  <testcase name="testMethod2" time="0.000" classname="rebill.testngRebillSlowMfRetire">
    <error type="org.testng.TestNGException" message="
Data Provider public synchronized java.lang.Object[][] rebill.testngRebillSlowMfRetire.dataProviderMethod2() returned a null value">
      <![CDATA[org.testng.TestNGException: 
Data Provider public synchronized java.lang.Object[][] rebill.testngRebillSlowMfRetire.dataProviderMethod2() returned a null value
at org.testng.internal.MethodInvocationHelper.invokeDataProvider(MethodInvocationHelper.java:150)
at org.testng.internal.Parameters.handleParameters(Parameters.java:797)
at org.testng.internal.Parameters.handleParameters(Parameters.java:740)
at org.testng.internal.ParameterHandler.handleParameters(ParameterHandler.java:59)
at org.testng.internal.ParameterHandler.createParameters(ParameterHandler.java:38)
at org.testng.internal.TestInvoker$MethodInvocationAgent.invoke(TestInvoker.java:788)
at org.testng.internal.TestInvoker.invokeTestMethods(TestInvoker.java:147)
at org.testng.internal.TestMethodWorker.invokeTestMethods(TestMethodWorker.java:146)
at org.testng.internal.TestMethodWorker.run(TestMethodWorker.java:128)
at java.util.concurrent.ThreadPoolExecutor.runWorker(Unknown Source)
at java.util.concurrent.ThreadPoolExecutor$Worker.run(Unknown Source)
at java.lang.Thread.run(Unknown Source)
]]>
    </error>
  </testcase> <!-- testMethod2 -->
  <system-out/>
  <testcase name="testMethod1" time="33.522" classname="rebill.testngRebillSlowMfRetire">
    <skipped/>
  </testcase> <!-- testMethod1 -->
  <system-out/>
  <testcase name="testMethod1" time="30.384" classname="rebill.testngRebillSlowMfRetire">
    <failure type="java.lang.AssertionError" message="Could Not Clicked All Stat Codes">
      <![CDATA[java.lang.AssertionError: Could Not Clicked All Stat Codes
at org.testng.Assert.fail(Assert.java:97)
at rebill.testngRebillSlowMfRetire.doRebill(testngRebillSlowMfRetire.java:965)
at rebill.testngRebillSlowMfRetire.testMethod1(testngRebillSlowMfRetire.java:610)
at sun.reflect.GeneratedMethodAccessor2.invoke(Unknown Source)
at sun.reflect.DelegatingMethodAccessorImpl.invoke(Unknown Source)
at java.lang.reflect.Method.invoke(Unknown Source)
at org.testng.internal.MethodInvocationHelper.invokeMethod(MethodInvocationHelper.java:135)
at org.testng.internal.TestInvoker.invokeMethod(TestInvoker.java:598)
at org.testng.internal.TestInvoker.retryFailed(TestInvoker.java:214)
at org.testng.internal.MethodRunner.runInSequence(MethodRunner.java:58)
at org.testng.internal.TestInvoker$MethodInvocationAgent.invoke(TestInvoker.java:821)
at org.testng.internal.TestInvoker.invokeTestMethods(TestInvoker.java:147)
at org.testng.internal.TestMethodWorker.invokeTestMethods(TestMethodWorker.java:146)
at org.testng.internal.TestMethodWorker.run(TestMethodWorker.java:128)
at java.util.concurrent.ThreadPoolExecutor.runWorker(Unknown Source)
at java.util.concurrent.ThreadPoolExecutor$Worker.run(Unknown Source)
at java.lang.Thread.run(Unknown Source)
]]>
    </failure>
  </testcase> <!-- testMethod1 -->
  <system-out/>
  <testcase name="testMethod1" time="58.506" classname="rebill.testngRebillSlowMfRetire"/>
  <system-out/>
  <testcase name="testMethod1" time="34.978" classname="rebill.testngRebillSlowMfRetire">
    <skipped/>
  </testcase> <!-- testMethod1 -->
  <system-out/>
  <testcase name="testMethod1" time="30.963" classname="rebill.testngRebillSlowMfRetire">
    <skipped/>
  </testcase> <!-- testMethod1 -->
  <system-out/>
  <testcase name="testMethod1" time="29.952" classname="rebill.testngRebillSlowMfRetire">
    <skipped/>
  </testcase> <!-- testMethod1 -->
  <system-out/>
  <testcase name="testMethod1" time="28.217" classname="rebill.testngRebillSlowMfRetire">
    <skipped/>
  </testcase> <!-- testMethod1 -->
  <system-out/>
  <testcase name="testMethod1" time="34.433" classname="rebill.testngRebillSlowMfRetire">
    <skipped/>
  </testcase> <!-- testMethod1 -->
  <system-out/>
  <testcase name="testMethod1" time="30.991" classname="rebill.testngRebillSlowMfRetire">
    <skipped/>
  </testcase> <!-- testMethod1 -->
  <system-out/>
  <testcase name="testMethod1" time="29.910" classname="rebill.testngRebillSlowMfRetire">
    <skipped/>
  </testcase> <!-- testMethod1 -->
  <system-out/>
  <testcase name="testMethod1" time="32.093" classname="rebill.testngRebillSlowMfRetire">
    <skipped/>
  </testcase> <!-- testMethod1 -->
  <system-out/>
  <testcase name="testMethod1" time="65.290" classname="rebill.testngRebillSlowMfRetire"/>
  <system-out/>
  <testcase name="testMethod1" time="26.597" classname="rebill.testngRebillSlowMfRetire">
    <failure type="java.lang.AssertionError" message="Could Not Clicked All Stat Codes">
      <![CDATA[java.lang.AssertionError: Could Not Clicked All Stat Codes
at org.testng.Assert.fail(Assert.java:97)
at rebill.testngRebillSlowMfRetire.doRebill(testngRebillSlowMfRetire.java:965)
at rebill.testngRebillSlowMfRetire.testMethod1(testngRebillSlowMfRetire.java:610)
at sun.reflect.GeneratedMethodAccessor2.invoke(Unknown Source)
at sun.reflect.DelegatingMethodAccessorImpl.invoke(Unknown Source)
at java.lang.reflect.Method.invoke(Unknown Source)
at org.testng.internal.MethodInvocationHelper.invokeMethod(MethodInvocationHelper.java:135)
at org.testng.internal.TestInvoker.invokeMethod(TestInvoker.java:598)
at org.testng.internal.TestInvoker.retryFailed(TestInvoker.java:214)
at org.testng.internal.MethodRunner.runInSequence(MethodRunner.java:58)
at org.testng.internal.TestInvoker$MethodInvocationAgent.invoke(TestInvoker.java:821)
at org.testng.internal.TestInvoker.invokeTestMethods(TestInvoker.java:147)
at org.testng.internal.TestMethodWorker.invokeTestMethods(TestMethodWorker.java:146)
at org.testng.internal.TestMethodWorker.run(TestMethodWorker.java:128)
at java.util.concurrent.ThreadPoolExecutor.runWorker(Unknown Source)
at java.util.concurrent.ThreadPoolExecutor$Worker.run(Unknown Source)
at java.lang.Thread.run(Unknown Source)
]]>
    </failure>
  </testcase> <!-- testMethod1 -->
  <system-out/>
  <testcase name="testMethod1" time="27.500" classname="rebill.testngRebillSlowMfRetire">
    <skipped/>
  </testcase> <!-- testMethod1 -->
  <system-out/>
  <testcase name="testMethod1" time="29.444" classname="rebill.testngRebillSlowMfRetire">
    <failure type="java.lang.AssertionError" message="Could Not Clicked All Stat Codes">
      <![CDATA[java.lang.AssertionError: Could Not Clicked All Stat Codes
at org.testng.Assert.fail(Assert.java:97)
at rebill.testngRebillSlowMfRetire.doRebill(testngRebillSlowMfRetire.java:965)
at rebill.testngRebillSlowMfRetire.testMethod1(testngRebillSlowMfRetire.java:610)
at sun.reflect.GeneratedMethodAccessor2.invoke(Unknown Source)
at sun.reflect.DelegatingMethodAccessorImpl.invoke(Unknown Source)
at java.lang.reflect.Method.invoke(Unknown Source)
at org.testng.internal.MethodInvocationHelper.invokeMethod(MethodInvocationHelper.java:135)
at org.testng.internal.TestInvoker.invokeMethod(TestInvoker.java:598)
at org.testng.internal.TestInvoker.retryFailed(TestInvoker.java:214)
at org.testng.internal.MethodRunner.runInSequence(MethodRunner.java:58)
at org.testng.internal.TestInvoker$MethodInvocationAgent.invoke(TestInvoker.java:821)
at org.testng.internal.TestInvoker.invokeTestMethods(TestInvoker.java:147)
at org.testng.internal.TestMethodWorker.invokeTestMethods(TestMethodWorker.java:146)
at org.testng.internal.TestMethodWorker.run(TestMethodWorker.java:128)
at java.util.concurrent.ThreadPoolExecutor.runWorker(Unknown Source)
at java.util.concurrent.ThreadPoolExecutor$Worker.run(Unknown Source)
at java.lang.Thread.run(Unknown Source)
]]>
    </failure>
  </testcase> <!-- testMethod1 -->
  <system-out/>
  <testcase name="testMethod1" time="32.043" classname="rebill.testngRebillSlowMfRetire">
    <skipped/>
  </testcase> <!-- testMethod1 -->
  <system-out/>
  <testcase name="testMethod1" time="67.590" classname="rebill.testngRebillSlowMfRetire"/>
  <system-out/>
  <testcase name="testMethod1" time="29.476" classname="rebill.testngRebillSlowMfRetire">
    <failure type="java.lang.AssertionError" message="Could Not Clicked All Stat Codes">
      <![CDATA[java.lang.AssertionError: Could Not Clicked All Stat Codes
at org.testng.Assert.fail(Assert.java:97)
at rebill.testngRebillSlowMfRetire.doRebill(testngRebillSlowMfRetire.java:965)
at rebill.testngRebillSlowMfRetire.testMethod1(testngRebillSlowMfRetire.java:610)
at sun.reflect.GeneratedMethodAccessor2.invoke(Unknown Source)
at sun.reflect.DelegatingMethodAccessorImpl.invoke(Unknown Source)
at java.lang.reflect.Method.invoke(Unknown Source)
at org.testng.internal.MethodInvocationHelper.invokeMethod(MethodInvocationHelper.java:135)
at org.testng.internal.TestInvoker.invokeMethod(TestInvoker.java:598)
at org.testng.internal.TestInvoker.retryFailed(TestInvoker.java:214)
at org.testng.internal.MethodRunner.runInSequence(MethodRunner.java:58)
at org.testng.internal.TestInvoker$MethodInvocationAgent.invoke(TestInvoker.java:821)
at org.testng.internal.TestInvoker.invokeTestMethods(TestInvoker.java:147)
at org.testng.internal.TestMethodWorker.invokeTestMethods(TestMethodWorker.java:146)
at org.testng.internal.TestMethodWorker.run(TestMethodWorker.java:128)
at java.util.concurrent.ThreadPoolExecutor.runWorker(Unknown Source)
at java.util.concurrent.ThreadPoolExecutor$Worker.run(Unknown Source)
at java.lang.Thread.run(Unknown Source)
]]>
    </failure>
  </testcase> <!-- testMethod1 -->
  <system-out/>
  <testcase name="testMethod1" time="28.646" classname="rebill.testngRebillSlowMfRetire">
    <skipped/>
  </testcase> <!-- testMethod1 -->
  <system-out/>
  <testcase name="testMethod1" time="53.701" classname="rebill.testngRebillSlowMfRetire">
    <failure type="java.lang.AssertionError" message="Could Not Clicked All Stat Codes">
      <![CDATA[java.lang.AssertionError: Could Not Clicked All Stat Codes
at org.testng.Assert.fail(Assert.java:97)
at rebill.testngRebillSlowMfRetire.doRebill(testngRebillSlowMfRetire.java:965)
at rebill.testngRebillSlowMfRetire.testMethod1(testngRebillSlowMfRetire.java:610)
at sun.reflect.GeneratedMethodAccessor2.invoke(Unknown Source)
at sun.reflect.DelegatingMethodAccessorImpl.invoke(Unknown Source)
at java.lang.reflect.Method.invoke(Unknown Source)
at org.testng.internal.MethodInvocationHelper.invokeMethod(MethodInvocationHelper.java:135)
at org.testng.internal.TestInvoker.invokeMethod(TestInvoker.java:598)
at org.testng.internal.TestInvoker.retryFailed(TestInvoker.java:214)
at org.testng.internal.MethodRunner.runInSequence(MethodRunner.java:58)
at org.testng.internal.TestInvoker$MethodInvocationAgent.invoke(TestInvoker.java:821)
at org.testng.internal.TestInvoker.invokeTestMethods(TestInvoker.java:147)
at org.testng.internal.TestMethodWorker.invokeTestMethods(TestMethodWorker.java:146)
at org.testng.internal.TestMethodWorker.run(TestMethodWorker.java:128)
at java.util.concurrent.ThreadPoolExecutor.runWorker(Unknown Source)
at java.util.concurrent.ThreadPoolExecutor$Worker.run(Unknown Source)
at java.lang.Thread.run(Unknown Source)
]]>
    </failure>
  </testcase> <!-- testMethod1 -->
  <system-out/>
  <testcase name="testMethod1" time="29.288" classname="rebill.testngRebillSlowMfRetire">
    <skipped/>
  </testcase> <!-- testMethod1 -->
  <system-out/>
  <testcase name="testMethod1" time="71.818" classname="rebill.testngRebillSlowMfRetire"/>
  <system-out/>
  <testcase name="testMethod1" time="37.138" classname="rebill.testngRebillSlowMfRetire">
    <skipped/>
  </testcase> <!-- testMethod1 -->
  <system-out/>
  <testcase name="testMethod1" time="40.235" classname="rebill.testngRebillSlowMfRetire">
    <skipped/>
  </testcase> <!-- testMethod1 -->
  <system-out/>
  <testcase name="testMethod1" time="57.499" classname="rebill.testngRebillSlowMfRetire">
    <skipped/>
  </testcase> <!-- testMethod1 -->
  <system-out/>
  <testcase name="testMethod1" time="24.479" classname="rebill.testngRebillSlowMfRetire">
    <skipped/>
  </testcase> <!-- testMethod1 -->
  <system-out/>
  <testcase name="testMethod1" time="35.146" classname="rebill.testngRebillSlowMfRetire">
    <skipped/>
  </testcase> <!-- testMethod1 -->
  <system-out/>
  <testcase name="testMethod1" time="32.383" classname="rebill.testngRebillSlowMfRetire">
    <skipped/>
  </testcase> <!-- testMethod1 -->
  <system-out/>
  <testcase name="testMethod1" time="30.899" classname="rebill.testngRebillSlowMfRetire">
    <failure type="java.lang.AssertionError" message="Could Not Clicked All Stat Codes">
      <![CDATA[java.lang.AssertionError: Could Not Clicked All Stat Codes
at org.testng.Assert.fail(Assert.java:97)
at rebill.testngRebillSlowMfRetire.doRebill(testngRebillSlowMfRetire.java:965)
at rebill.testngRebillSlowMfRetire.testMethod1(testngRebillSlowMfRetire.java:610)
at sun.reflect.GeneratedMethodAccessor2.invoke(Unknown Source)
at sun.reflect.DelegatingMethodAccessorImpl.invoke(Unknown Source)
at java.lang.reflect.Method.invoke(Unknown Source)
at org.testng.internal.MethodInvocationHelper.invokeMethod(MethodInvocationHelper.java:135)
at org.testng.internal.TestInvoker.invokeMethod(TestInvoker.java:598)
at org.testng.internal.TestInvoker.retryFailed(TestInvoker.java:214)
at org.testng.internal.MethodRunner.runInSequence(MethodRunner.java:58)
at org.testng.internal.TestInvoker$MethodInvocationAgent.invoke(TestInvoker.java:821)
at org.testng.internal.TestInvoker.invokeTestMethods(TestInvoker.java:147)
at org.testng.internal.TestMethodWorker.invokeTestMethods(TestMethodWorker.java:146)
at org.testng.internal.TestMethodWorker.run(TestMethodWorker.java:128)
at java.util.concurrent.ThreadPoolExecutor.runWorker(Unknown Source)
at java.util.concurrent.ThreadPoolExecutor$Worker.run(Unknown Source)
at java.lang.Thread.run(Unknown Source)
]]>
    </failure>
  </testcase> <!-- testMethod1 -->
  <system-out/>
  <testcase name="testMethod1" time="34.741" classname="rebill.testngRebillSlowMfRetire">
    <skipped/>
  </testcase> <!-- testMethod1 -->
  <system-out/>
  <testcase name="testMethod1" time="35.961" classname="rebill.testngRebillSlowMfRetire">
    <skipped/>
  </testcase> <!-- testMethod1 -->
  <system-out/>
  <testcase name="testMethod1" time="32.699" classname="rebill.testngRebillSlowMfRetire">
    <failure type="java.lang.AssertionError" message="Could Not Clicked All Stat Codes">
      <![CDATA[java.lang.AssertionError: Could Not Clicked All Stat Codes
at org.testng.Assert.fail(Assert.java:97)
at rebill.testngRebillSlowMfRetire.doRebill(testngRebillSlowMfRetire.java:965)
at rebill.testngRebillSlowMfRetire.testMethod1(testngRebillSlowMfRetire.java:610)
at sun.reflect.GeneratedMethodAccessor2.invoke(Unknown Source)
at sun.reflect.DelegatingMethodAccessorImpl.invoke(Unknown Source)
at java.lang.reflect.Method.invoke(Unknown Source)
at org.testng.internal.MethodInvocationHelper.invokeMethod(MethodInvocationHelper.java:135)
at org.testng.internal.TestInvoker.invokeMethod(TestInvoker.java:598)
at org.testng.internal.TestInvoker.retryFailed(TestInvoker.java:214)
at org.testng.internal.MethodRunner.runInSequence(MethodRunner.java:58)
at org.testng.internal.TestInvoker$MethodInvocationAgent.invoke(TestInvoker.java:821)
at org.testng.internal.TestInvoker.invokeTestMethods(TestInvoker.java:147)
at org.testng.internal.TestMethodWorker.invokeTestMethods(TestMethodWorker.java:146)
at org.testng.internal.TestMethodWorker.run(TestMethodWorker.java:128)
at java.util.concurrent.ThreadPoolExecutor.runWorker(Unknown Source)
at java.util.concurrent.ThreadPoolExecutor$Worker.run(Unknown Source)
at java.lang.Thread.run(Unknown Source)
]]>
    </failure>
  </testcase> <!-- testMethod1 -->
  <system-out/>
  <testcase name="testMethod1" time="26.917" classname="rebill.testngRebillSlowMfRetire">
    <skipped/>
  </testcase> <!-- testMethod1 -->
  <system-out/>
  <testcase name="testMethod1" time="26.519" classname="rebill.testngRebillSlowMfRetire">
    <skipped/>
  </testcase> <!-- testMethod1 -->
  <system-out/>
  <testcase name="testMethod1" time="34.172" classname="rebill.testngRebillSlowMfRetire">
    <skipped/>
  </testcase> <!-- testMethod1 -->
  <system-out/>
  <testcase name="testMethod1" time="27.719" classname="rebill.testngRebillSlowMfRetire">
    <failure type="java.lang.AssertionError" message="Could Not Clicked All Stat Codes">
      <![CDATA[java.lang.AssertionError: Could Not Clicked All Stat Codes
at org.testng.Assert.fail(Assert.java:97)
at rebill.testngRebillSlowMfRetire.doRebill(testngRebillSlowMfRetire.java:965)
at rebill.testngRebillSlowMfRetire.testMethod1(testngRebillSlowMfRetire.java:610)
at sun.reflect.GeneratedMethodAccessor2.invoke(Unknown Source)
at sun.reflect.DelegatingMethodAccessorImpl.invoke(Unknown Source)
at java.lang.reflect.Method.invoke(Unknown Source)
at org.testng.internal.MethodInvocationHelper.invokeMethod(MethodInvocationHelper.java:135)
at org.testng.internal.TestInvoker.invokeMethod(TestInvoker.java:598)
at org.testng.internal.TestInvoker.retryFailed(TestInvoker.java:214)
at org.testng.internal.MethodRunner.runInSequence(MethodRunner.java:58)
at org.testng.internal.TestInvoker$MethodInvocationAgent.invoke(TestInvoker.java:821)
at org.testng.internal.TestInvoker.invokeTestMethods(TestInvoker.java:147)
at org.testng.internal.TestMethodWorker.invokeTestMethods(TestMethodWorker.java:146)
at org.testng.internal.TestMethodWorker.run(TestMethodWorker.java:128)
at java.util.concurrent.ThreadPoolExecutor.runWorker(Unknown Source)
at java.util.concurrent.ThreadPoolExecutor$Worker.run(Unknown Source)
at java.lang.Thread.run(Unknown Source)
]]>
    </failure>
  </testcase> <!-- testMethod1 -->
  <system-out/>
  <testcase name="testMethod1" time="42.207" classname="rebill.testngRebillSlowMfRetire">
    <skipped/>
  </testcase> <!-- testMethod1 -->
  <system-out/>
  <testcase name="testMethod1" time="27.040" classname="rebill.testngRebillSlowMfRetire">
    <failure type="java.lang.AssertionError" message="Could Not Clicked All Stat Codes">
      <![CDATA[java.lang.AssertionError: Could Not Clicked All Stat Codes
at org.testng.Assert.fail(Assert.java:97)
at rebill.testngRebillSlowMfRetire.doRebill(testngRebillSlowMfRetire.java:965)
at rebill.testngRebillSlowMfRetire.testMethod1(testngRebillSlowMfRetire.java:610)
at sun.reflect.GeneratedMethodAccessor2.invoke(Unknown Source)
at sun.reflect.DelegatingMethodAccessorImpl.invoke(Unknown Source)
at java.lang.reflect.Method.invoke(Unknown Source)
at org.testng.internal.MethodInvocationHelper.invokeMethod(MethodInvocationHelper.java:135)
at org.testng.internal.TestInvoker.invokeMethod(TestInvoker.java:598)
at org.testng.internal.TestInvoker.retryFailed(TestInvoker.java:214)
at org.testng.internal.MethodRunner.runInSequence(MethodRunner.java:58)
at org.testng.internal.TestInvoker$MethodInvocationAgent.invoke(TestInvoker.java:821)
at org.testng.internal.TestInvoker.invokeTestMethods(TestInvoker.java:147)
at org.testng.internal.TestMethodWorker.invokeTestMethods(TestMethodWorker.java:146)
at org.testng.internal.TestMethodWorker.run(TestMethodWorker.java:128)
at java.util.concurrent.ThreadPoolExecutor.runWorker(Unknown Source)
at java.util.concurrent.ThreadPoolExecutor$Worker.run(Unknown Source)
at java.lang.Thread.run(Unknown Source)
]]>
    </failure>
  </testcase> <!-- testMethod1 -->
  <system-out/>
  <testcase name="testMethod1" time="32.907" classname="rebill.testngRebillSlowMfRetire">
    <skipped/>
  </testcase> <!-- testMethod1 -->
  <system-out/>
  <testcase name="testMethod1" time="32.516" classname="rebill.testngRebillSlowMfRetire">
    <skipped/>
  </testcase> <!-- testMethod1 -->
  <system-out/>
  <testcase name="testMethod1" time="30.648" classname="rebill.testngRebillSlowMfRetire">
    <skipped/>
  </testcase> <!-- testMethod1 -->
  <system-out/>
  <testcase name="testMethod1" time="36.733" classname="rebill.testngRebillSlowMfRetire">
    <skipped/>
  </testcase> <!-- testMethod1 -->
  <system-out/>
  <testcase name="testMethod1" time="41.165" classname="rebill.testngRebillSlowMfRetire">
    <skipped/>
  </testcase> <!-- testMethod1 -->
  <system-out/>
  <testcase name="testMethod1" time="26.260" classname="rebill.testngRebillSlowMfRetire">
    <skipped/>
  </testcase> <!-- testMethod1 -->
  <system-out/>
  <testcase name="testMethod1" time="58.901" classname="rebill.testngRebillSlowMfRetire"/>
  <system-out/>
  <testcase name="testMethod1" time="28.870" classname="rebill.testngRebillSlowMfRetire">
    <skipped/>
  </testcase> <!-- testMethod1 -->
  <system-out/>
  <testcase name="testMethod1" time="38.899" classname="rebill.testngRebillSlowMfRetire">
    <failure type="java.lang.AssertionError" message="Could Not Clicked All Stat Codes">
      <![CDATA[java.lang.AssertionError: Could Not Clicked All Stat Codes
at org.testng.Assert.fail(Assert.java:97)
at rebill.testngRebillSlowMfRetire.doRebill(testngRebillSlowMfRetire.java:965)
at rebill.testngRebillSlowMfRetire.testMethod1(testngRebillSlowMfRetire.java:610)
at sun.reflect.GeneratedMethodAccessor2.invoke(Unknown Source)
at sun.reflect.DelegatingMethodAccessorImpl.invoke(Unknown Source)
at java.lang.reflect.Method.invoke(Unknown Source)
at org.testng.internal.MethodInvocationHelper.invokeMethod(MethodInvocationHelper.java:135)
at org.testng.internal.TestInvoker.invokeMethod(TestInvoker.java:598)
at org.testng.internal.TestInvoker.retryFailed(TestInvoker.java:214)
at org.testng.internal.MethodRunner.runInSequence(MethodRunner.java:58)
at org.testng.internal.TestInvoker$MethodInvocationAgent.invoke(TestInvoker.java:821)
at org.testng.internal.TestInvoker.invokeTestMethods(TestInvoker.java:147)
at org.testng.internal.TestMethodWorker.invokeTestMethods(TestMethodWorker.java:146)
at org.testng.internal.TestMethodWorker.run(TestMethodWorker.java:128)
at java.util.concurrent.ThreadPoolExecutor.runWorker(Unknown Source)
at java.util.concurrent.ThreadPoolExecutor$Worker.run(Unknown Source)
at java.lang.Thread.run(Unknown Source)
]]>
    </failure>
  </testcase> <!-- testMethod1 -->
  <system-out/>
  <testcase name="testMethod1" time="29.469" classname="rebill.testngRebillSlowMfRetire">
    <skipped/>
  </testcase> <!-- testMethod1 -->
  <system-out/>
  <testcase name="testMethod1" time="30.444" classname="rebill.testngRebillSlowMfRetire">
    <skipped/>
  </testcase> <!-- testMethod1 -->
  <system-out/>
  <testcase name="testMethod1" time="33.760" classname="rebill.testngRebillSlowMfRetire">
    <skipped/>
  </testcase> <!-- testMethod1 -->
  <system-out/>
  <testcase name="testMethod1" time="33.568" classname="rebill.testngRebillSlowMfRetire">
    <skipped/>
  </testcase> <!-- testMethod1 -->
  <system-out/>
  <testcase name="testMethod1" time="22.484" classname="rebill.testngRebillSlowMfRetire">
    <skipped/>
  </testcase> <!-- testMethod1 -->
  <system-out/>
  <testcase name="testMethod1" time="30.424" classname="rebill.testngRebillSlowMfRetire">
    <skipped/>
  </testcase> <!-- testMethod1 -->
  <system-out/>
  <testcase name="testMethod1" time="27.447" classname="rebill.testngRebillSlowMfRetire">
    <skipped/>
  </testcase> <!-- testMethod1 -->
  <system-out/>
  <testcase name="testMethod1" time="61.791" classname="rebill.testngRebillSlowMfRetire">
    <skipped/>
  </testcase> <!-- testMethod1 -->
  <system-out/>
  <testcase name="testMethod1" time="80.093" classname="rebill.testngRebillSlowMfRetire">
    <skipped/>
  </testcase> <!-- testMethod1 -->
  <system-out/>
  <testcase name="testMethod1" time="32.192" classname="rebill.testngRebillSlowMfRetire">
    <skipped/>
  </testcase> <!-- testMethod1 -->
  <system-out/>
  <testcase name="testMethod1" time="33.900" classname="rebill.testngRebillSlowMfRetire">
    <failure type="java.lang.AssertionError" message="Could Not Clicked All Stat Codes">
      <![CDATA[java.lang.AssertionError: Could Not Clicked All Stat Codes
at org.testng.Assert.fail(Assert.java:97)
at rebill.testngRebillSlowMfRetire.doRebill(testngRebillSlowMfRetire.java:965)
at rebill.testngRebillSlowMfRetire.testMethod1(testngRebillSlowMfRetire.java:610)
at sun.reflect.GeneratedMethodAccessor2.invoke(Unknown Source)
at sun.reflect.DelegatingMethodAccessorImpl.invoke(Unknown Source)
at java.lang.reflect.Method.invoke(Unknown Source)
at org.testng.internal.MethodInvocationHelper.invokeMethod(MethodInvocationHelper.java:135)
at org.testng.internal.TestInvoker.invokeMethod(TestInvoker.java:598)
at org.testng.internal.TestInvoker.retryFailed(TestInvoker.java:214)
at org.testng.internal.MethodRunner.runInSequence(MethodRunner.java:58)
at org.testng.internal.TestInvoker$MethodInvocationAgent.invoke(TestInvoker.java:821)
at org.testng.internal.TestInvoker.invokeTestMethods(TestInvoker.java:147)
at org.testng.internal.TestMethodWorker.invokeTestMethods(TestMethodWorker.java:146)
at org.testng.internal.TestMethodWorker.run(TestMethodWorker.java:128)
at java.util.concurrent.ThreadPoolExecutor.runWorker(Unknown Source)
at java.util.concurrent.ThreadPoolExecutor$Worker.run(Unknown Source)
at java.lang.Thread.run(Unknown Source)
]]>
    </failure>
  </testcase> <!-- testMethod1 -->
  <system-out/>
  <testcase name="testMethod1" time="28.033" classname="rebill.testngRebillSlowMfRetire">
    <skipped/>
  </testcase> <!-- testMethod1 -->
  <system-out/>
  <testcase name="testMethod1" time="43.955" classname="rebill.testngRebillSlowMfRetire">
    <skipped/>
  </testcase> <!-- testMethod1 -->
  <system-out/>
  <testcase name="testMethod1" time="33.306" classname="rebill.testngRebillSlowMfRetire">
    <skipped/>
  </testcase> <!-- testMethod1 -->
  <system-out/>
  <testcase name="testMethod1" time="81.920" classname="rebill.testngRebillSlowMfRetire"/>
  <system-out/>
  <testcase name="testMethod1" time="68.180" classname="rebill.testngRebillSlowMfRetire"/>
  <system-out/>
  <testcase name="testMethod1" time="68.465" classname="rebill.testngRebillSlowMfRetire"/>
  <system-out/>
  <testcase name="testMethod1" time="76.165" classname="rebill.testngRebillSlowMfRetire"/>
  <system-out/>
  <testcase name="testMethod1" time="41.809" classname="rebill.testngRebillSlowMfRetire">
    <failure type="java.lang.AssertionError" message="Could Not Clicked All Stat Codes">
      <![CDATA[java.lang.AssertionError: Could Not Clicked All Stat Codes
at org.testng.Assert.fail(Assert.java:97)
at rebill.testngRebillSlowMfRetire.doRebill(testngRebillSlowMfRetire.java:965)
at rebill.testngRebillSlowMfRetire.testMethod1(testngRebillSlowMfRetire.java:610)
at sun.reflect.GeneratedMethodAccessor2.invoke(Unknown Source)
at sun.reflect.DelegatingMethodAccessorImpl.invoke(Unknown Source)
at java.lang.reflect.Method.invoke(Unknown Source)
at org.testng.internal.MethodInvocationHelper.invokeMethod(MethodInvocationHelper.java:135)
at org.testng.internal.TestInvoker.invokeMethod(TestInvoker.java:598)
at org.testng.internal.TestInvoker.retryFailed(TestInvoker.java:214)
at org.testng.internal.MethodRunner.runInSequence(MethodRunner.java:58)
at org.testng.internal.TestInvoker$MethodInvocationAgent.invoke(TestInvoker.java:821)
at org.testng.internal.TestInvoker.invokeTestMethods(TestInvoker.java:147)
at org.testng.internal.TestMethodWorker.invokeTestMethods(TestMethodWorker.java:146)
at org.testng.internal.TestMethodWorker.run(TestMethodWorker.java:128)
at java.util.concurrent.ThreadPoolExecutor.runWorker(Unknown Source)
at java.util.concurrent.ThreadPoolExecutor$Worker.run(Unknown Source)
at java.lang.Thread.run(Unknown Source)
]]>
    </failure>
  </testcase> <!-- testMethod1 -->
  <system-out/>
  <testcase name="testMethod1" time="39.545" classname="rebill.testngRebillSlowMfRetire">
    <skipped/>
  </testcase> <!-- testMethod1 -->
  <system-out/>
  <testcase name="testMethod1" time="27.198" classname="rebill.testngRebillSlowMfRetire">
    <skipped/>
  </testcase> <!-- testMethod1 -->
  <system-out/>
  <testcase name="testMethod1" time="31.958" classname="rebill.testngRebillSlowMfRetire">
    <skipped/>
  </testcase> <!-- testMethod1 -->
  <system-out/>
  <testcase name="testMethod1" time="74.548" classname="rebill.testngRebillSlowMfRetire"/>
  <system-out/>
  <testcase name="testMethod1" time="23.504" classname="rebill.testngRebillSlowMfRetire">
    <skipped/>
  </testcase> <!-- testMethod1 -->
  <system-out/>
  <testcase name="testMethod1" time="33.236" classname="rebill.testngRebillSlowMfRetire">
    <skipped/>
  </testcase> <!-- testMethod1 -->
  <system-out/>
  <testcase name="testMethod1" time="61.490" classname="rebill.testngRebillSlowMfRetire"/>
  <system-out/>
  <testcase name="testMethod1" time="32.013" classname="rebill.testngRebillSlowMfRetire">
    <failure type="java.lang.AssertionError" message="Could Not Clicked All Stat Codes">
      <![CDATA[java.lang.AssertionError: Could Not Clicked All Stat Codes
at org.testng.Assert.fail(Assert.java:97)
at rebill.testngRebillSlowMfRetire.doRebill(testngRebillSlowMfRetire.java:965)
at rebill.testngRebillSlowMfRetire.testMethod1(testngRebillSlowMfRetire.java:610)
at sun.reflect.GeneratedMethodAccessor2.invoke(Unknown Source)
at sun.reflect.DelegatingMethodAccessorImpl.invoke(Unknown Source)
at java.lang.reflect.Method.invoke(Unknown Source)
at org.testng.internal.MethodInvocationHelper.invokeMethod(MethodInvocationHelper.java:135)
at org.testng.internal.TestInvoker.invokeMethod(TestInvoker.java:598)
at org.testng.internal.TestInvoker.retryFailed(TestInvoker.java:214)
at org.testng.internal.MethodRunner.runInSequence(MethodRunner.java:58)
at org.testng.internal.TestInvoker$MethodInvocationAgent.invoke(TestInvoker.java:821)
at org.testng.internal.TestInvoker.invokeTestMethods(TestInvoker.java:147)
at org.testng.internal.TestMethodWorker.invokeTestMethods(TestMethodWorker.java:146)
at org.testng.internal.TestMethodWorker.run(TestMethodWorker.java:128)
at java.util.concurrent.ThreadPoolExecutor.runWorker(Unknown Source)
at java.util.concurrent.ThreadPoolExecutor$Worker.run(Unknown Source)
at java.lang.Thread.run(Unknown Source)
]]>
    </failure>
  </testcase> <!-- testMethod1 -->
  <system-out/>
  <testcase name="testMethod1" time="35.432" classname="rebill.testngRebillSlowMfRetire">
    <failure type="java.lang.AssertionError" message="Could Not Clicked All Stat Codes">
      <![CDATA[java.lang.AssertionError: Could Not Clicked All Stat Codes
at org.testng.Assert.fail(Assert.java:97)
at rebill.testngRebillSlowMfRetire.doRebill(testngRebillSlowMfRetire.java:965)
at rebill.testngRebillSlowMfRetire.testMethod1(testngRebillSlowMfRetire.java:610)
at sun.reflect.GeneratedMethodAccessor2.invoke(Unknown Source)
at sun.reflect.DelegatingMethodAccessorImpl.invoke(Unknown Source)
at java.lang.reflect.Method.invoke(Unknown Source)
at org.testng.internal.MethodInvocationHelper.invokeMethod(MethodInvocationHelper.java:135)
at org.testng.internal.TestInvoker.invokeMethod(TestInvoker.java:598)
at org.testng.internal.TestInvoker.retryFailed(TestInvoker.java:214)
at org.testng.internal.MethodRunner.runInSequence(MethodRunner.java:58)
at org.testng.internal.TestInvoker$MethodInvocationAgent.invoke(TestInvoker.java:821)
at org.testng.internal.TestInvoker.invokeTestMethods(TestInvoker.java:147)
at org.testng.internal.TestMethodWorker.invokeTestMethods(TestMethodWorker.java:146)
at org.testng.internal.TestMethodWorker.run(TestMethodWorker.java:128)
at java.util.concurrent.ThreadPoolExecutor.runWorker(Unknown Source)
at java.util.concurrent.ThreadPoolExecutor$Worker.run(Unknown Source)
at java.lang.Thread.run(Unknown Source)
]]>
    </failure>
  </testcase> <!-- testMethod1 -->
  <system-out/>
  <testcase name="testMethod1" time="42.613" classname="rebill.testngRebillSlowMfRetire">
    <skipped/>
  </testcase> <!-- testMethod1 -->
  <system-out/>
  <testcase name="testMethod1" time="33.474" classname="rebill.testngRebillSlowMfRetire">
    <failure type="java.lang.AssertionError" message="Could Not Clicked All Stat Codes">
      <![CDATA[java.lang.AssertionError: Could Not Clicked All Stat Codes
at org.testng.Assert.fail(Assert.java:97)
at rebill.testngRebillSlowMfRetire.doRebill(testngRebillSlowMfRetire.java:965)
at rebill.testngRebillSlowMfRetire.testMethod1(testngRebillSlowMfRetire.java:610)
at sun.reflect.GeneratedMethodAccessor2.invoke(Unknown Source)
at sun.reflect.DelegatingMethodAccessorImpl.invoke(Unknown Source)
at java.lang.reflect.Method.invoke(Unknown Source)
at org.testng.internal.MethodInvocationHelper.invokeMethod(MethodInvocationHelper.java:135)
at org.testng.internal.TestInvoker.invokeMethod(TestInvoker.java:598)
at org.testng.internal.TestInvoker.retryFailed(TestInvoker.java:214)
at org.testng.internal.MethodRunner.runInSequence(MethodRunner.java:58)
at org.testng.internal.TestInvoker$MethodInvocationAgent.invoke(TestInvoker.java:821)
at org.testng.internal.TestInvoker.invokeTestMethods(TestInvoker.java:147)
at org.testng.internal.TestMethodWorker.invokeTestMethods(TestMethodWorker.java:146)
at org.testng.internal.TestMethodWorker.run(TestMethodWorker.java:128)
at java.util.concurrent.ThreadPoolExecutor.runWorker(Unknown Source)
at java.util.concurrent.ThreadPoolExecutor$Worker.run(Unknown Source)
at java.lang.Thread.run(Unknown Source)
]]>
    </failure>
  </testcase> <!-- testMethod1 -->
  <system-out/>
  <testcase name="testMethod1" time="61.300" classname="rebill.testngRebillSlowMfRetire">
    <failure type="java.lang.AssertionError" message="Could Not Find Popup Or COntinue to Package Screen">
      <![CDATA[java.lang.AssertionError: Could Not Find Popup Or COntinue to Package Screen
at org.testng.Assert.fail(Assert.java:97)
at rebill.testngRebillSlowMfRetire.doRebill(testngRebillSlowMfRetire.java:922)
at rebill.testngRebillSlowMfRetire.testMethod1(testngRebillSlowMfRetire.java:610)
at sun.reflect.GeneratedMethodAccessor2.invoke(Unknown Source)
at sun.reflect.DelegatingMethodAccessorImpl.invoke(Unknown Source)
at java.lang.reflect.Method.invoke(Unknown Source)
at org.testng.internal.MethodInvocationHelper.invokeMethod(MethodInvocationHelper.java:135)
at org.testng.internal.TestInvoker.invokeMethod(TestInvoker.java:598)
at org.testng.internal.TestInvoker.retryFailed(TestInvoker.java:214)
at org.testng.internal.MethodRunner.runInSequence(MethodRunner.java:58)
at org.testng.internal.TestInvoker$MethodInvocationAgent.invoke(TestInvoker.java:821)
at org.testng.internal.TestInvoker.invokeTestMethods(TestInvoker.java:147)
at org.testng.internal.TestMethodWorker.invokeTestMethods(TestMethodWorker.java:146)
at org.testng.internal.TestMethodWorker.run(TestMethodWorker.java:128)
at java.util.concurrent.ThreadPoolExecutor.runWorker(Unknown Source)
at java.util.concurrent.ThreadPoolExecutor$Worker.run(Unknown Source)
at java.lang.Thread.run(Unknown Source)
]]>
    </failure>
  </testcase> <!-- testMethod1 -->
  <system-out/>
  <testcase name="testMethod1" time="27.750" classname="rebill.testngRebillSlowMfRetire">
    <skipped/>
  </testcase> <!-- testMethod1 -->
  <system-out/>
  <testcase name="testMethod1" time="35.387" classname="rebill.testngRebillSlowMfRetire">
    <skipped/>
  </testcase> <!-- testMethod1 -->
  <system-out/>
  <testcase name="testMethod1" time="34.514" classname="rebill.testngRebillSlowMfRetire">
    <skipped/>
  </testcase> <!-- testMethod1 -->
  <system-out/>
  <testcase name="testMethod1" time="23.209" classname="rebill.testngRebillSlowMfRetire">
    <failure type="java.lang.AssertionError" message="Could Not Clicked All Stat Codes">
      <![CDATA[java.lang.AssertionError: Could Not Clicked All Stat Codes
at org.testng.Assert.fail(Assert.java:97)
at rebill.testngRebillSlowMfRetire.doRebill(testngRebillSlowMfRetire.java:965)
at rebill.testngRebillSlowMfRetire.testMethod1(testngRebillSlowMfRetire.java:610)
at sun.reflect.GeneratedMethodAccessor2.invoke(Unknown Source)
at sun.reflect.DelegatingMethodAccessorImpl.invoke(Unknown Source)
at java.lang.reflect.Method.invoke(Unknown Source)
at org.testng.internal.MethodInvocationHelper.invokeMethod(MethodInvocationHelper.java:135)
at org.testng.internal.TestInvoker.invokeMethod(TestInvoker.java:598)
at org.testng.internal.TestInvoker.retryFailed(TestInvoker.java:214)
at org.testng.internal.MethodRunner.runInSequence(MethodRunner.java:58)
at org.testng.internal.TestInvoker$MethodInvocationAgent.invoke(TestInvoker.java:821)
at org.testng.internal.TestInvoker.invokeTestMethods(TestInvoker.java:147)
at org.testng.internal.TestMethodWorker.invokeTestMethods(TestMethodWorker.java:146)
at org.testng.internal.TestMethodWorker.run(TestMethodWorker.java:128)
at java.util.concurrent.ThreadPoolExecutor.runWorker(Unknown Source)
at java.util.concurrent.ThreadPoolExecutor$Worker.run(Unknown Source)
at java.lang.Thread.run(Unknown Source)
]]>
    </failure>
  </testcase> <!-- testMethod1 -->
  <system-out/>
  <testcase name="testMethod1" time="34.983" classname="rebill.testngRebillSlowMfRetire">
    <skipped/>
  </testcase> <!-- testMethod1 -->
  <system-out/>
  <testcase name="testMethod1" time="27.225" classname="rebill.testngRebillSlowMfRetire">
    <skipped/>
  </testcase> <!-- testMethod1 -->
  <system-out/>
  <testcase name="testMethod1" time="43.354" classname="rebill.testngRebillSlowMfRetire">
    <skipped/>
  </testcase> <!-- testMethod1 -->
  <system-out/>
  <testcase name="testMethod1" time="32.719" classname="rebill.testngRebillSlowMfRetire">
    <skipped/>
  </testcase> <!-- testMethod1 -->
  <system-out/>
  <testcase name="testMethod1" time="35.801" classname="rebill.testngRebillSlowMfRetire">
    <skipped/>
  </testcase> <!-- testMethod1 -->
  <system-out/>
  <testcase name="testMethod1" time="29.191" classname="rebill.testngRebillSlowMfRetire">
    <skipped/>
  </testcase> <!-- testMethod1 -->
  <system-out/>
  <testcase name="testMethod1" time="31.180" classname="rebill.testngRebillSlowMfRetire">
    <skipped/>
  </testcase> <!-- testMethod1 -->
  <system-out/>
  <testcase name="testMethod1" time="33.268" classname="rebill.testngRebillSlowMfRetire">
    <failure type="java.lang.AssertionError" message="Could Not Clicked All Stat Codes">
      <![CDATA[java.lang.AssertionError: Could Not Clicked All Stat Codes
at org.testng.Assert.fail(Assert.java:97)
at rebill.testngRebillSlowMfRetire.doRebill(testngRebillSlowMfRetire.java:965)
at rebill.testngRebillSlowMfRetire.testMethod1(testngRebillSlowMfRetire.java:610)
at sun.reflect.GeneratedMethodAccessor2.invoke(Unknown Source)
at sun.reflect.DelegatingMethodAccessorImpl.invoke(Unknown Source)
at java.lang.reflect.Method.invoke(Unknown Source)
at org.testng.internal.MethodInvocationHelper.invokeMethod(MethodInvocationHelper.java:135)
at org.testng.internal.TestInvoker.invokeMethod(TestInvoker.java:598)
at org.testng.internal.TestInvoker.retryFailed(TestInvoker.java:214)
at org.testng.internal.MethodRunner.runInSequence(MethodRunner.java:58)
at org.testng.internal.TestInvoker$MethodInvocationAgent.invoke(TestInvoker.java:821)
at org.testng.internal.TestInvoker.invokeTestMethods(TestInvoker.java:147)
at org.testng.internal.TestMethodWorker.invokeTestMethods(TestMethodWorker.java:146)
at org.testng.internal.TestMethodWorker.run(TestMethodWorker.java:128)
at java.util.concurrent.ThreadPoolExecutor.runWorker(Unknown Source)
at java.util.concurrent.ThreadPoolExecutor$Worker.run(Unknown Source)
at java.lang.Thread.run(Unknown Source)
]]>
    </failure>
  </testcase> <!-- testMethod1 -->
  <system-out/>
  <testcase name="testMethod1" time="54.750" classname="rebill.testngRebillSlowMfRetire">
    <skipped/>
  </testcase> <!-- testMethod1 -->
  <system-out/>
  <testcase name="testMethod1" time="150.184" classname="rebill.testngRebillSlowMfRetire">
    <skipped/>
  </testcase> <!-- testMethod1 -->
  <system-out/>
  <testcase name="testMethod1" time="27.811" classname="rebill.testngRebillSlowMfRetire">
    <skipped/>
  </testcase> <!-- testMethod1 -->
  <system-out/>
  <testcase name="testMethod1" time="34.655" classname="rebill.testngRebillSlowMfRetire">
    <failure type="java.lang.AssertionError" message="Could Not Clicked All Stat Codes">
      <![CDATA[java.lang.AssertionError: Could Not Clicked All Stat Codes
at org.testng.Assert.fail(Assert.java:97)
at rebill.testngRebillSlowMfRetire.doRebill(testngRebillSlowMfRetire.java:965)
at rebill.testngRebillSlowMfRetire.testMethod1(testngRebillSlowMfRetire.java:610)
at sun.reflect.GeneratedMethodAccessor2.invoke(Unknown Source)
at sun.reflect.DelegatingMethodAccessorImpl.invoke(Unknown Source)
at java.lang.reflect.Method.invoke(Unknown Source)
at org.testng.internal.MethodInvocationHelper.invokeMethod(MethodInvocationHelper.java:135)
at org.testng.internal.TestInvoker.invokeMethod(TestInvoker.java:598)
at org.testng.internal.TestInvoker.retryFailed(TestInvoker.java:214)
at org.testng.internal.MethodRunner.runInSequence(MethodRunner.java:58)
at org.testng.internal.TestInvoker$MethodInvocationAgent.invoke(TestInvoker.java:821)
at org.testng.internal.TestInvoker.invokeTestMethods(TestInvoker.java:147)
at org.testng.internal.TestMethodWorker.invokeTestMethods(TestMethodWorker.java:146)
at org.testng.internal.TestMethodWorker.run(TestMethodWorker.java:128)
at java.util.concurrent.ThreadPoolExecutor.runWorker(Unknown Source)
at java.util.concurrent.ThreadPoolExecutor$Worker.run(Unknown Source)
at java.lang.Thread.run(Unknown Source)
]]>
    </failure>
  </testcase> <!-- testMethod1 -->
  <system-out/>
  <testcase name="testMethod1" time="87.071" classname="rebill.testngRebillSlowMfRetire"/>
  <system-out/>
  <testcase name="testMethod1" time="33.096" classname="rebill.testngRebillSlowMfRetire">
    <skipped/>
  </testcase> <!-- testMethod1 -->
  <system-out/>
  <testcase name="testMethod1" time="31.978" classname="rebill.testngRebillSlowMfRetire">
    <skipped/>
  </testcase> <!-- testMethod1 -->
  <system-out/>
  <testcase name="testMethod1" time="35.497" classname="rebill.testngRebillSlowMfRetire">
    <skipped/>
  </testcase> <!-- testMethod1 -->
  <system-out/>
  <testcase name="testMethod1" time="36.981" classname="rebill.testngRebillSlowMfRetire">
    <failure type="java.lang.AssertionError" message="Could Not Clicked All Stat Codes">
      <![CDATA[java.lang.AssertionError: Could Not Clicked All Stat Codes
at org.testng.Assert.fail(Assert.java:97)
at rebill.testngRebillSlowMfRetire.doRebill(testngRebillSlowMfRetire.java:965)
at rebill.testngRebillSlowMfRetire.testMethod1(testngRebillSlowMfRetire.java:610)
at sun.reflect.GeneratedMethodAccessor2.invoke(Unknown Source)
at sun.reflect.DelegatingMethodAccessorImpl.invoke(Unknown Source)
at java.lang.reflect.Method.invoke(Unknown Source)
at org.testng.internal.MethodInvocationHelper.invokeMethod(MethodInvocationHelper.java:135)
at org.testng.internal.TestInvoker.invokeMethod(TestInvoker.java:598)
at org.testng.internal.TestInvoker.retryFailed(TestInvoker.java:214)
at org.testng.internal.MethodRunner.runInSequence(MethodRunner.java:58)
at org.testng.internal.TestInvoker$MethodInvocationAgent.invoke(TestInvoker.java:821)
at org.testng.internal.TestInvoker.invokeTestMethods(TestInvoker.java:147)
at org.testng.internal.TestMethodWorker.invokeTestMethods(TestMethodWorker.java:146)
at org.testng.internal.TestMethodWorker.run(TestMethodWorker.java:128)
at java.util.concurrent.ThreadPoolExecutor.runWorker(Unknown Source)
at java.util.concurrent.ThreadPoolExecutor$Worker.run(Unknown Source)
at java.lang.Thread.run(Unknown Source)
]]>
    </failure>
  </testcase> <!-- testMethod1 -->
  <system-out/>
  <testcase name="testMethod1" time="72.419" classname="rebill.testngRebillSlowMfRetire"/>
  <system-out/>
  <testcase name="testMethod1" time="30.709" classname="rebill.testngRebillSlowMfRetire">
    <failure type="java.lang.AssertionError" message="Could Not Clicked All Stat Codes">
      <![CDATA[java.lang.AssertionError: Could Not Clicked All Stat Codes
at org.testng.Assert.fail(Assert.java:97)
at rebill.testngRebillSlowMfRetire.doRebill(testngRebillSlowMfRetire.java:965)
at rebill.testngRebillSlowMfRetire.testMethod1(testngRebillSlowMfRetire.java:610)
at sun.reflect.GeneratedMethodAccessor2.invoke(Unknown Source)
at sun.reflect.DelegatingMethodAccessorImpl.invoke(Unknown Source)
at java.lang.reflect.Method.invoke(Unknown Source)
at org.testng.internal.MethodInvocationHelper.invokeMethod(MethodInvocationHelper.java:135)
at org.testng.internal.TestInvoker.invokeMethod(TestInvoker.java:598)
at org.testng.internal.TestInvoker.retryFailed(TestInvoker.java:214)
at org.testng.internal.MethodRunner.runInSequence(MethodRunner.java:58)
at org.testng.internal.TestInvoker$MethodInvocationAgent.invoke(TestInvoker.java:821)
at org.testng.internal.TestInvoker.invokeTestMethods(TestInvoker.java:147)
at org.testng.internal.TestMethodWorker.invokeTestMethods(TestMethodWorker.java:146)
at org.testng.internal.TestMethodWorker.run(TestMethodWorker.java:128)
at java.util.concurrent.ThreadPoolExecutor.runWorker(Unknown Source)
at java.util.concurrent.ThreadPoolExecutor$Worker.run(Unknown Source)
at java.lang.Thread.run(Unknown Source)
]]>
    </failure>
  </testcase> <!-- testMethod1 -->
  <system-out/>
  <testcase name="testMethod1" time="32.465" classname="rebill.testngRebillSlowMfRetire">
    <failure type="java.lang.AssertionError" message="Could Not Clicked All Stat Codes">
      <![CDATA[java.lang.AssertionError: Could Not Clicked All Stat Codes
at org.testng.Assert.fail(Assert.java:97)
at rebill.testngRebillSlowMfRetire.doRebill(testngRebillSlowMfRetire.java:965)
at rebill.testngRebillSlowMfRetire.testMethod1(testngRebillSlowMfRetire.java:610)
at sun.reflect.GeneratedMethodAccessor2.invoke(Unknown Source)
at sun.reflect.DelegatingMethodAccessorImpl.invoke(Unknown Source)
at java.lang.reflect.Method.invoke(Unknown Source)
at org.testng.internal.MethodInvocationHelper.invokeMethod(MethodInvocationHelper.java:135)
at org.testng.internal.TestInvoker.invokeMethod(TestInvoker.java:598)
at org.testng.internal.TestInvoker.retryFailed(TestInvoker.java:214)
at org.testng.internal.MethodRunner.runInSequence(MethodRunner.java:58)
at org.testng.internal.TestInvoker$MethodInvocationAgent.invoke(TestInvoker.java:821)
at org.testng.internal.TestInvoker.invokeTestMethods(TestInvoker.java:147)
at org.testng.internal.TestMethodWorker.invokeTestMethods(TestMethodWorker.java:146)
at org.testng.internal.TestMethodWorker.run(TestMethodWorker.java:128)
at java.util.concurrent.ThreadPoolExecutor.runWorker(Unknown Source)
at java.util.concurrent.ThreadPoolExecutor$Worker.run(Unknown Source)
at java.lang.Thread.run(Unknown Source)
]]>
    </failure>
  </testcase> <!-- testMethod1 -->
  <system-out/>
  <testcase name="testMethod1" time="41.879" classname="rebill.testngRebillSlowMfRetire">
    <skipped/>
  </testcase> <!-- testMethod1 -->
  <system-out/>
  <testcase name="testMethod1" time="28.111" classname="rebill.testngRebillSlowMfRetire">
    <skipped/>
  </testcase> <!-- testMethod1 -->
  <system-out/>
  <testcase name="testMethod1" time="31.955" classname="rebill.testngRebillSlowMfRetire">
    <failure type="java.lang.AssertionError" message="Could Not Clicked All Stat Codes">
      <![CDATA[java.lang.AssertionError: Could Not Clicked All Stat Codes
at org.testng.Assert.fail(Assert.java:97)
at rebill.testngRebillSlowMfRetire.doRebill(testngRebillSlowMfRetire.java:965)
at rebill.testngRebillSlowMfRetire.testMethod1(testngRebillSlowMfRetire.java:610)
at sun.reflect.GeneratedMethodAccessor2.invoke(Unknown Source)
at sun.reflect.DelegatingMethodAccessorImpl.invoke(Unknown Source)
at java.lang.reflect.Method.invoke(Unknown Source)
at org.testng.internal.MethodInvocationHelper.invokeMethod(MethodInvocationHelper.java:135)
at org.testng.internal.TestInvoker.invokeMethod(TestInvoker.java:598)
at org.testng.internal.TestInvoker.retryFailed(TestInvoker.java:214)
at org.testng.internal.MethodRunner.runInSequence(MethodRunner.java:58)
at org.testng.internal.TestInvoker$MethodInvocationAgent.invoke(TestInvoker.java:821)
at org.testng.internal.TestInvoker.invokeTestMethods(TestInvoker.java:147)
at org.testng.internal.TestMethodWorker.invokeTestMethods(TestMethodWorker.java:146)
at org.testng.internal.TestMethodWorker.run(TestMethodWorker.java:128)
at java.util.concurrent.ThreadPoolExecutor.runWorker(Unknown Source)
at java.util.concurrent.ThreadPoolExecutor$Worker.run(Unknown Source)
at java.lang.Thread.run(Unknown Source)
]]>
    </failure>
  </testcase> <!-- testMethod1 -->
  <system-out/>
  <testcase name="testMethod1" time="70.941" classname="rebill.testngRebillSlowMfRetire"/>
  <system-out/>
  <testcase name="testMethod1" time="35.170" classname="rebill.testngRebillSlowMfRetire">
    <failure type="java.lang.AssertionError" message="Could Not Clicked All Stat Codes">
      <![CDATA[java.lang.AssertionError: Could Not Clicked All Stat Codes
at org.testng.Assert.fail(Assert.java:97)
at rebill.testngRebillSlowMfRetire.doRebill(testngRebillSlowMfRetire.java:965)
at rebill.testngRebillSlowMfRetire.testMethod1(testngRebillSlowMfRetire.java:610)
at sun.reflect.GeneratedMethodAccessor2.invoke(Unknown Source)
at sun.reflect.DelegatingMethodAccessorImpl.invoke(Unknown Source)
at java.lang.reflect.Method.invoke(Unknown Source)
at org.testng.internal.MethodInvocationHelper.invokeMethod(MethodInvocationHelper.java:135)
at org.testng.internal.TestInvoker.invokeMethod(TestInvoker.java:598)
at org.testng.internal.TestInvoker.retryFailed(TestInvoker.java:214)
at org.testng.internal.MethodRunner.runInSequence(MethodRunner.java:58)
at org.testng.internal.TestInvoker$MethodInvocationAgent.invoke(TestInvoker.java:821)
at org.testng.internal.TestInvoker.invokeTestMethods(TestInvoker.java:147)
at org.testng.internal.TestMethodWorker.invokeTestMethods(TestMethodWorker.java:146)
at org.testng.internal.TestMethodWorker.run(TestMethodWorker.java:128)
at java.util.concurrent.ThreadPoolExecutor.runWorker(Unknown Source)
at java.util.concurrent.ThreadPoolExecutor$Worker.run(Unknown Source)
at java.lang.Thread.run(Unknown Source)
]]>
    </failure>
  </testcase> <!-- testMethod1 -->
  <system-out/>
  <testcase name="testMethod1" time="30.690" classname="rebill.testngRebillSlowMfRetire">
    <skipped/>
  </testcase> <!-- testMethod1 -->
  <system-out/>
  <testcase name="testMethod1" time="54.961" classname="rebill.testngRebillSlowMfRetire">
    <skipped/>
  </testcase> <!-- testMethod1 -->
  <system-out/>
  <testcase name="testMethod1" time="30.721" classname="rebill.testngRebillSlowMfRetire">
    <skipped/>
  </testcase> <!-- testMethod1 -->
  <system-out/>
  <testcase name="testMethod1" time="68.222" classname="rebill.testngRebillSlowMfRetire"/>
  <system-out/>
  <testcase name="testMethod1" time="35.722" classname="rebill.testngRebillSlowMfRetire">
    <skipped/>
  </testcase> <!-- testMethod1 -->
  <system-out/>
  <testcase name="testMethod1" time="29.549" classname="rebill.testngRebillSlowMfRetire">
    <skipped/>
  </testcase> <!-- testMethod1 -->
  <system-out/>
  <testcase name="testMethod1" time="26.283" classname="rebill.testngRebillSlowMfRetire">
    <failure type="java.lang.AssertionError" message="Could Not Clicked All Stat Codes">
      <![CDATA[java.lang.AssertionError: Could Not Clicked All Stat Codes
at org.testng.Assert.fail(Assert.java:97)
at rebill.testngRebillSlowMfRetire.doRebill(testngRebillSlowMfRetire.java:965)
at rebill.testngRebillSlowMfRetire.testMethod1(testngRebillSlowMfRetire.java:610)
at sun.reflect.GeneratedMethodAccessor2.invoke(Unknown Source)
at sun.reflect.DelegatingMethodAccessorImpl.invoke(Unknown Source)
at java.lang.reflect.Method.invoke(Unknown Source)
at org.testng.internal.MethodInvocationHelper.invokeMethod(MethodInvocationHelper.java:135)
at org.testng.internal.TestInvoker.invokeMethod(TestInvoker.java:598)
at org.testng.internal.TestInvoker.retryFailed(TestInvoker.java:214)
at org.testng.internal.MethodRunner.runInSequence(MethodRunner.java:58)
at org.testng.internal.TestInvoker$MethodInvocationAgent.invoke(TestInvoker.java:821)
at org.testng.internal.TestInvoker.invokeTestMethods(TestInvoker.java:147)
at org.testng.internal.TestMethodWorker.invokeTestMethods(TestMethodWorker.java:146)
at org.testng.internal.TestMethodWorker.run(TestMethodWorker.java:128)
at java.util.concurrent.ThreadPoolExecutor.runWorker(Unknown Source)
at java.util.concurrent.ThreadPoolExecutor$Worker.run(Unknown Source)
at java.lang.Thread.run(Unknown Source)
]]>
    </failure>
  </testcase> <!-- testMethod1 -->
  <system-out/>
  <testcase name="testMethod1" time="32.724" classname="rebill.testngRebillSlowMfRetire">
    <skipped/>
  </testcase> <!-- testMethod1 -->
  <system-out/>
  <testcase name="testMethod1" time="27.897" classname="rebill.testngRebillSlowMfRetire">
    <skipped/>
  </testcase> <!-- testMethod1 -->
  <system-out/>
  <testcase name="testMethod1" time="31.609" classname="rebill.testngRebillSlowMfRetire">
    <failure type="java.lang.AssertionError" message="Could Not Clicked All Stat Codes">
      <![CDATA[java.lang.AssertionError: Could Not Clicked All Stat Codes
at org.testng.Assert.fail(Assert.java:97)
at rebill.testngRebillSlowMfRetire.doRebill(testngRebillSlowMfRetire.java:965)
at rebill.testngRebillSlowMfRetire.testMethod1(testngRebillSlowMfRetire.java:610)
at sun.reflect.GeneratedMethodAccessor2.invoke(Unknown Source)
at sun.reflect.DelegatingMethodAccessorImpl.invoke(Unknown Source)
at java.lang.reflect.Method.invoke(Unknown Source)
at org.testng.internal.MethodInvocationHelper.invokeMethod(MethodInvocationHelper.java:135)
at org.testng.internal.TestInvoker.invokeMethod(TestInvoker.java:598)
at org.testng.internal.TestInvoker.retryFailed(TestInvoker.java:214)
at org.testng.internal.MethodRunner.runInSequence(MethodRunner.java:58)
at org.testng.internal.TestInvoker$MethodInvocationAgent.invoke(TestInvoker.java:821)
at org.testng.internal.TestInvoker.invokeTestMethods(TestInvoker.java:147)
at org.testng.internal.TestMethodWorker.invokeTestMethods(TestMethodWorker.java:146)
at org.testng.internal.TestMethodWorker.run(TestMethodWorker.java:128)
at java.util.concurrent.ThreadPoolExecutor.runWorker(Unknown Source)
at java.util.concurrent.ThreadPoolExecutor$Worker.run(Unknown Source)
at java.lang.Thread.run(Unknown Source)
]]>
    </failure>
  </testcase> <!-- testMethod1 -->
  <system-out/>
  <testcase name="testMethod1" time="29.901" classname="rebill.testngRebillSlowMfRetire">
    <skipped/>
  </testcase> <!-- testMethod1 -->
  <system-out/>
  <testcase name="testMethod1" time="31.371" classname="rebill.testngRebillSlowMfRetire">
    <skipped/>
  </testcase> <!-- testMethod1 -->
  <system-out/>
  <testcase name="testMethod1" time="32.663" classname="rebill.testngRebillSlowMfRetire">
    <skipped/>
  </testcase> <!-- testMethod1 -->
  <system-out/>
  <testcase name="testMethod1" time="27.987" classname="rebill.testngRebillSlowMfRetire">
    <failure type="java.lang.AssertionError" message="Could Not Clicked All Stat Codes">
      <![CDATA[java.lang.AssertionError: Could Not Clicked All Stat Codes
at org.testng.Assert.fail(Assert.java:97)
at rebill.testngRebillSlowMfRetire.doRebill(testngRebillSlowMfRetire.java:965)
at rebill.testngRebillSlowMfRetire.testMethod1(testngRebillSlowMfRetire.java:610)
at sun.reflect.GeneratedMethodAccessor2.invoke(Unknown Source)
at sun.reflect.DelegatingMethodAccessorImpl.invoke(Unknown Source)
at java.lang.reflect.Method.invoke(Unknown Source)
at org.testng.internal.MethodInvocationHelper.invokeMethod(MethodInvocationHelper.java:135)
at org.testng.internal.TestInvoker.invokeMethod(TestInvoker.java:598)
at org.testng.internal.TestInvoker.retryFailed(TestInvoker.java:214)
at org.testng.internal.MethodRunner.runInSequence(MethodRunner.java:58)
at org.testng.internal.TestInvoker$MethodInvocationAgent.invoke(TestInvoker.java:821)
at org.testng.internal.TestInvoker.invokeTestMethods(TestInvoker.java:147)
at org.testng.internal.TestMethodWorker.invokeTestMethods(TestMethodWorker.java:146)
at org.testng.internal.TestMethodWorker.run(TestMethodWorker.java:128)
at java.util.concurrent.ThreadPoolExecutor.runWorker(Unknown Source)
at java.util.concurrent.ThreadPoolExecutor$Worker.run(Unknown Source)
at java.lang.Thread.run(Unknown Source)
]]>
    </failure>
  </testcase> <!-- testMethod1 -->
  <system-out/>
  <testcase name="testMethod1" time="77.909" classname="rebill.testngRebillSlowMfRetire"/>
  <system-out/>
  <testcase name="testMethod1" time="31.487" classname="rebill.testngRebillSlowMfRetire">
    <failure type="java.lang.AssertionError" message="Could Not Clicked All Stat Codes">
      <![CDATA[java.lang.AssertionError: Could Not Clicked All Stat Codes
at org.testng.Assert.fail(Assert.java:97)
at rebill.testngRebillSlowMfRetire.doRebill(testngRebillSlowMfRetire.java:965)
at rebill.testngRebillSlowMfRetire.testMethod1(testngRebillSlowMfRetire.java:610)
at sun.reflect.GeneratedMethodAccessor2.invoke(Unknown Source)
at sun.reflect.DelegatingMethodAccessorImpl.invoke(Unknown Source)
at java.lang.reflect.Method.invoke(Unknown Source)
at org.testng.internal.MethodInvocationHelper.invokeMethod(MethodInvocationHelper.java:135)
at org.testng.internal.TestInvoker.invokeMethod(TestInvoker.java:598)
at org.testng.internal.TestInvoker.retryFailed(TestInvoker.java:214)
at org.testng.internal.MethodRunner.runInSequence(MethodRunner.java:58)
at org.testng.internal.TestInvoker$MethodInvocationAgent.invoke(TestInvoker.java:821)
at org.testng.internal.TestInvoker.invokeTestMethods(TestInvoker.java:147)
at org.testng.internal.TestMethodWorker.invokeTestMethods(TestMethodWorker.java:146)
at org.testng.internal.TestMethodWorker.run(TestMethodWorker.java:128)
at java.util.concurrent.ThreadPoolExecutor.runWorker(Unknown Source)
at java.util.concurrent.ThreadPoolExecutor$Worker.run(Unknown Source)
at java.lang.Thread.run(Unknown Source)
]]>
    </failure>
  </testcase> <!-- testMethod1 -->
  <system-out/>
  <testcase name="testMethod1" time="26.551" classname="rebill.testngRebillSlowMfRetire">
    <skipped/>
  </testcase> <!-- testMethod1 -->
  <system-out/>
  <testcase name="testMethod1" time="55.500" classname="rebill.testngRebillSlowMfRetire">
    <skipped/>
  </testcase> <!-- testMethod1 -->
  <system-out/>
  <testcase name="testMethod1" time="76.098" classname="rebill.testngRebillSlowMfRetire"/>
  <system-out/>
  <testcase name="testMethod1" time="25.813" classname="rebill.testngRebillSlowMfRetire">
    <failure type="java.lang.AssertionError" message="Could Not Clicked All Stat Codes">
      <![CDATA[java.lang.AssertionError: Could Not Clicked All Stat Codes
at org.testng.Assert.fail(Assert.java:97)
at rebill.testngRebillSlowMfRetire.doRebill(testngRebillSlowMfRetire.java:965)
at rebill.testngRebillSlowMfRetire.testMethod1(testngRebillSlowMfRetire.java:610)
at sun.reflect.GeneratedMethodAccessor2.invoke(Unknown Source)
at sun.reflect.DelegatingMethodAccessorImpl.invoke(Unknown Source)
at java.lang.reflect.Method.invoke(Unknown Source)
at org.testng.internal.MethodInvocationHelper.invokeMethod(MethodInvocationHelper.java:135)
at org.testng.internal.TestInvoker.invokeMethod(TestInvoker.java:598)
at org.testng.internal.TestInvoker.retryFailed(TestInvoker.java:214)
at org.testng.internal.MethodRunner.runInSequence(MethodRunner.java:58)
at org.testng.internal.TestInvoker$MethodInvocationAgent.invoke(TestInvoker.java:821)
at org.testng.internal.TestInvoker.invokeTestMethods(TestInvoker.java:147)
at org.testng.internal.TestMethodWorker.invokeTestMethods(TestMethodWorker.java:146)
at org.testng.internal.TestMethodWorker.run(TestMethodWorker.java:128)
at java.util.concurrent.ThreadPoolExecutor.runWorker(Unknown Source)
at java.util.concurrent.ThreadPoolExecutor$Worker.run(Unknown Source)
at java.lang.Thread.run(Unknown Source)
]]>
    </failure>
  </testcase> <!-- testMethod1 -->
  <system-out/>
  <testcase name="testMethod1" time="58.663" classname="rebill.testngRebillSlowMfRetire">
    <skipped/>
  </testcase> <!-- testMethod1 -->
  <system-out/>
  <testcase name="testMethod1" time="65.353" classname="rebill.testngRebillSlowMfRetire"/>
  <system-out/>
  <testcase name="testMethod1" time="43.207" classname="rebill.testngRebillSlowMfRetire">
    <skipped/>
  </testcase> <!-- testMethod1 -->
  <system-out/>
  <testcase name="testMethod1" time="35.126" classname="rebill.testngRebillSlowMfRetire">
    <failure type="java.lang.AssertionError" message="Could Not Clicked All Stat Codes">
      <![CDATA[java.lang.AssertionError: Could Not Clicked All Stat Codes
at org.testng.Assert.fail(Assert.java:97)
at rebill.testngRebillSlowMfRetire.doRebill(testngRebillSlowMfRetire.java:965)
at rebill.testngRebillSlowMfRetire.testMethod1(testngRebillSlowMfRetire.java:610)
at sun.reflect.GeneratedMethodAccessor2.invoke(Unknown Source)
at sun.reflect.DelegatingMethodAccessorImpl.invoke(Unknown Source)
at java.lang.reflect.Method.invoke(Unknown Source)
at org.testng.internal.MethodInvocationHelper.invokeMethod(MethodInvocationHelper.java:135)
at org.testng.internal.TestInvoker.invokeMethod(TestInvoker.java:598)
at org.testng.internal.TestInvoker.retryFailed(TestInvoker.java:214)
at org.testng.internal.MethodRunner.runInSequence(MethodRunner.java:58)
at org.testng.internal.TestInvoker$MethodInvocationAgent.invoke(TestInvoker.java:821)
at org.testng.internal.TestInvoker.invokeTestMethods(TestInvoker.java:147)
at org.testng.internal.TestMethodWorker.invokeTestMethods(TestMethodWorker.java:146)
at org.testng.internal.TestMethodWorker.run(TestMethodWorker.java:128)
at java.util.concurrent.ThreadPoolExecutor.runWorker(Unknown Source)
at java.util.concurrent.ThreadPoolExecutor$Worker.run(Unknown Source)
at java.lang.Thread.run(Unknown Source)
]]>
    </failure>
  </testcase> <!-- testMethod1 -->
  <system-out/>
  <testcase name="testMethod1" time="39.411" classname="rebill.testngRebillSlowMfRetire">
    <skipped/>
  </testcase> <!-- testMethod1 -->
  <system-out/>
  <testcase name="testMethod1" time="25.035" classname="rebill.testngRebillSlowMfRetire">
    <failure type="java.lang.AssertionError" message="Could Not Clicked All Stat Codes">
      <![CDATA[java.lang.AssertionError: Could Not Clicked All Stat Codes
at org.testng.Assert.fail(Assert.java:97)
at rebill.testngRebillSlowMfRetire.doRebill(testngRebillSlowMfRetire.java:965)
at rebill.testngRebillSlowMfRetire.testMethod1(testngRebillSlowMfRetire.java:610)
at sun.reflect.GeneratedMethodAccessor2.invoke(Unknown Source)
at sun.reflect.DelegatingMethodAccessorImpl.invoke(Unknown Source)
at java.lang.reflect.Method.invoke(Unknown Source)
at org.testng.internal.MethodInvocationHelper.invokeMethod(MethodInvocationHelper.java:135)
at org.testng.internal.TestInvoker.invokeMethod(TestInvoker.java:598)
at org.testng.internal.TestInvoker.retryFailed(TestInvoker.java:214)
at org.testng.internal.MethodRunner.runInSequence(MethodRunner.java:58)
at org.testng.internal.TestInvoker$MethodInvocationAgent.invoke(TestInvoker.java:821)
at org.testng.internal.TestInvoker.invokeTestMethods(TestInvoker.java:147)
at org.testng.internal.TestMethodWorker.invokeTestMethods(TestMethodWorker.java:146)
at org.testng.internal.TestMethodWorker.run(TestMethodWorker.java:128)
at java.util.concurrent.ThreadPoolExecutor.runWorker(Unknown Source)
at java.util.concurrent.ThreadPoolExecutor$Worker.run(Unknown Source)
at java.lang.Thread.run(Unknown Source)
]]>
    </failure>
  </testcase> <!-- testMethod1 -->
  <system-out/>
  <testcase name="testMethod1" time="40.889" classname="rebill.testngRebillSlowMfRetire">
    <skipped/>
  </testcase> <!-- testMethod1 -->
  <system-out/>
  <testcase name="testMethod1" time="31.293" classname="rebill.testngRebillSlowMfRetire">
    <skipped/>
  </testcase> <!-- testMethod1 -->
  <system-out/>
  <testcase name="testMethod1" time="38.216" classname="rebill.testngRebillSlowMfRetire">
    <failure type="java.lang.AssertionError" message="Could Not Clicked All Stat Codes">
      <![CDATA[java.lang.AssertionError: Could Not Clicked All Stat Codes
at org.testng.Assert.fail(Assert.java:97)
at rebill.testngRebillSlowMfRetire.doRebill(testngRebillSlowMfRetire.java:965)
at rebill.testngRebillSlowMfRetire.testMethod1(testngRebillSlowMfRetire.java:610)
at sun.reflect.GeneratedMethodAccessor2.invoke(Unknown Source)
at sun.reflect.DelegatingMethodAccessorImpl.invoke(Unknown Source)
at java.lang.reflect.Method.invoke(Unknown Source)
at org.testng.internal.MethodInvocationHelper.invokeMethod(MethodInvocationHelper.java:135)
at org.testng.internal.TestInvoker.invokeMethod(TestInvoker.java:598)
at org.testng.internal.TestInvoker.retryFailed(TestInvoker.java:214)
at org.testng.internal.MethodRunner.runInSequence(MethodRunner.java:58)
at org.testng.internal.TestInvoker$MethodInvocationAgent.invoke(TestInvoker.java:821)
at org.testng.internal.TestInvoker.invokeTestMethods(TestInvoker.java:147)
at org.testng.internal.TestMethodWorker.invokeTestMethods(TestMethodWorker.java:146)
at org.testng.internal.TestMethodWorker.run(TestMethodWorker.java:128)
at java.util.concurrent.ThreadPoolExecutor.runWorker(Unknown Source)
at java.util.concurrent.ThreadPoolExecutor$Worker.run(Unknown Source)
at java.lang.Thread.run(Unknown Source)
]]>
    </failure>
  </testcase> <!-- testMethod1 -->
  <system-out/>
  <testcase name="testMethod1" time="82.463" classname="rebill.testngRebillSlowMfRetire"/>
  <system-out/>
  <testcase name="testMethod1" time="31.653" classname="rebill.testngRebillSlowMfRetire">
    <skipped/>
  </testcase> <!-- testMethod1 -->
  <system-out/>
  <testcase name="testMethod1" time="27.866" classname="rebill.testngRebillSlowMfRetire">
    <skipped/>
  </testcase> <!-- testMethod1 -->
  <system-out/>
  <testcase name="testMethod1" time="33.810" classname="rebill.testngRebillSlowMfRetire">
    <skipped/>
  </testcase> <!-- testMethod1 -->
  <system-out/>
  <testcase name="testMethod1" time="33.717" classname="rebill.testngRebillSlowMfRetire">
    <skipped/>
  </testcase> <!-- testMethod1 -->
  <system-out/>
  <testcase name="testMethod1" time="30.473" classname="rebill.testngRebillSlowMfRetire">
    <failure type="java.lang.AssertionError" message="Could Not Clicked All Stat Codes">
      <![CDATA[java.lang.AssertionError: Could Not Clicked All Stat Codes
at org.testng.Assert.fail(Assert.java:97)
at rebill.testngRebillSlowMfRetire.doRebill(testngRebillSlowMfRetire.java:965)
at rebill.testngRebillSlowMfRetire.testMethod1(testngRebillSlowMfRetire.java:610)
at sun.reflect.GeneratedMethodAccessor2.invoke(Unknown Source)
at sun.reflect.DelegatingMethodAccessorImpl.invoke(Unknown Source)
at java.lang.reflect.Method.invoke(Unknown Source)
at org.testng.internal.MethodInvocationHelper.invokeMethod(MethodInvocationHelper.java:135)
at org.testng.internal.TestInvoker.invokeMethod(TestInvoker.java:598)
at org.testng.internal.TestInvoker.retryFailed(TestInvoker.java:214)
at org.testng.internal.MethodRunner.runInSequence(MethodRunner.java:58)
at org.testng.internal.TestInvoker$MethodInvocationAgent.invoke(TestInvoker.java:821)
at org.testng.internal.TestInvoker.invokeTestMethods(TestInvoker.java:147)
at org.testng.internal.TestMethodWorker.invokeTestMethods(TestMethodWorker.java:146)
at org.testng.internal.TestMethodWorker.run(TestMethodWorker.java:128)
at java.util.concurrent.ThreadPoolExecutor.runWorker(Unknown Source)
at java.util.concurrent.ThreadPoolExecutor$Worker.run(Unknown Source)
at java.lang.Thread.run(Unknown Source)
]]>
    </failure>
  </testcase> <!-- testMethod1 -->
  <system-out/>
  <testcase name="testMethod1" time="28.848" classname="rebill.testngRebillSlowMfRetire">
    <failure type="java.lang.AssertionError" message="Could Not Clicked All Stat Codes">
      <![CDATA[java.lang.AssertionError: Could Not Clicked All Stat Codes
at org.testng.Assert.fail(Assert.java:97)
at rebill.testngRebillSlowMfRetire.doRebill(testngRebillSlowMfRetire.java:965)
at rebill.testngRebillSlowMfRetire.testMethod1(testngRebillSlowMfRetire.java:610)
at sun.reflect.GeneratedMethodAccessor2.invoke(Unknown Source)
at sun.reflect.DelegatingMethodAccessorImpl.invoke(Unknown Source)
at java.lang.reflect.Method.invoke(Unknown Source)
at org.testng.internal.MethodInvocationHelper.invokeMethod(MethodInvocationHelper.java:135)
at org.testng.internal.TestInvoker.invokeMethod(TestInvoker.java:598)
at org.testng.internal.TestInvoker.retryFailed(TestInvoker.java:214)
at org.testng.internal.MethodRunner.runInSequence(MethodRunner.java:58)
at org.testng.internal.TestInvoker$MethodInvocationAgent.invoke(TestInvoker.java:821)
at org.testng.internal.TestInvoker.invokeTestMethods(TestInvoker.java:147)
at org.testng.internal.TestMethodWorker.invokeTestMethods(TestMethodWorker.java:146)
at org.testng.internal.TestMethodWorker.run(TestMethodWorker.java:128)
at java.util.concurrent.ThreadPoolExecutor.runWorker(Unknown Source)
at java.util.concurrent.ThreadPoolExecutor$Worker.run(Unknown Source)
at java.lang.Thread.run(Unknown Source)
]]>
    </failure>
  </testcase> <!-- testMethod1 -->
  <system-out/>
  <testcase name="testMethod1" time="37.947" classname="rebill.testngRebillSlowMfRetire">
    <failure type="java.lang.AssertionError" message="Could Not Clicked All Stat Codes">
      <![CDATA[java.lang.AssertionError: Could Not Clicked All Stat Codes
at org.testng.Assert.fail(Assert.java:97)
at rebill.testngRebillSlowMfRetire.doRebill(testngRebillSlowMfRetire.java:965)
at rebill.testngRebillSlowMfRetire.testMethod1(testngRebillSlowMfRetire.java:610)
at sun.reflect.GeneratedMethodAccessor2.invoke(Unknown Source)
at sun.reflect.DelegatingMethodAccessorImpl.invoke(Unknown Source)
at java.lang.reflect.Method.invoke(Unknown Source)
at org.testng.internal.MethodInvocationHelper.invokeMethod(MethodInvocationHelper.java:135)
at org.testng.internal.TestInvoker.invokeMethod(TestInvoker.java:598)
at org.testng.internal.TestInvoker.retryFailed(TestInvoker.java:214)
at org.testng.internal.MethodRunner.runInSequence(MethodRunner.java:58)
at org.testng.internal.TestInvoker$MethodInvocationAgent.invoke(TestInvoker.java:821)
at org.testng.internal.TestInvoker.invokeTestMethods(TestInvoker.java:147)
at org.testng.internal.TestMethodWorker.invokeTestMethods(TestMethodWorker.java:146)
at org.testng.internal.TestMethodWorker.run(TestMethodWorker.java:128)
at java.util.concurrent.ThreadPoolExecutor.runWorker(Unknown Source)
at java.util.concurrent.ThreadPoolExecutor$Worker.run(Unknown Source)
at java.lang.Thread.run(Unknown Source)
]]>
    </failure>
  </testcase> <!-- testMethod1 -->
  <system-out/>
  <testcase name="testMethod1" time="74.239" classname="rebill.testngRebillSlowMfRetire"/>
  <system-out/>
  <testcase name="testMethod1" time="40.008" classname="rebill.testngRebillSlowMfRetire">
    <skipped/>
  </testcase> <!-- testMethod1 -->
  <system-out/>
  <testcase name="testMethod1" time="40.276" classname="rebill.testngRebillSlowMfRetire">
    <skipped/>
  </testcase> <!-- testMethod1 -->
  <system-out/>
  <testcase name="testMethod1" time="31.526" classname="rebill.testngRebillSlowMfRetire">
    <skipped/>
  </testcase> <!-- testMethod1 -->
  <system-out/>
  <testcase name="testMethod1" time="31.669" classname="rebill.testngRebillSlowMfRetire">
    <skipped/>
  </testcase> <!-- testMethod1 -->
  <system-out/>
  <testcase name="testMethod1" time="28.387" classname="rebill.testngRebillSlowMfRetire">
    <skipped/>
  </testcase> <!-- testMethod1 -->
  <system-out/>
  <testcase name="testMethod1" time="30.147" classname="rebill.testngRebillSlowMfRetire">
    <skipped/>
  </testcase> <!-- testMethod1 -->
  <system-out/>
  <testcase name="testMethod1" time="62.018" classname="rebill.testngRebillSlowMfRetire"/>
  <system-out/>
  <testcase name="testMethod1" time="27.166" classname="rebill.testngRebillSlowMfRetire">
    <skipped/>
  </testcase> <!-- testMethod1 -->
  <system-out/>
  <testcase name="testMethod1" time="73.206" classname="rebill.testngRebillSlowMfRetire"/>
  <system-out/>
  <testcase name="testMethod1" time="28.272" classname="rebill.testngRebillSlowMfRetire">
    <skipped/>
  </testcase> <!-- testMethod1 -->
  <system-out/>
  <testcase name="testMethod1" time="35.955" classname="rebill.testngRebillSlowMfRetire">
    <failure type="java.lang.AssertionError" message="Could Not Clicked All Stat Codes">
      <![CDATA[java.lang.AssertionError: Could Not Clicked All Stat Codes
at org.testng.Assert.fail(Assert.java:97)
at rebill.testngRebillSlowMfRetire.doRebill(testngRebillSlowMfRetire.java:965)
at rebill.testngRebillSlowMfRetire.testMethod1(testngRebillSlowMfRetire.java:610)
at sun.reflect.GeneratedMethodAccessor2.invoke(Unknown Source)
at sun.reflect.DelegatingMethodAccessorImpl.invoke(Unknown Source)
at java.lang.reflect.Method.invoke(Unknown Source)
at org.testng.internal.MethodInvocationHelper.invokeMethod(MethodInvocationHelper.java:135)
at org.testng.internal.TestInvoker.invokeMethod(TestInvoker.java:598)
at org.testng.internal.TestInvoker.retryFailed(TestInvoker.java:214)
at org.testng.internal.MethodRunner.runInSequence(MethodRunner.java:58)
at org.testng.internal.TestInvoker$MethodInvocationAgent.invoke(TestInvoker.java:821)
at org.testng.internal.TestInvoker.invokeTestMethods(TestInvoker.java:147)
at org.testng.internal.TestMethodWorker.invokeTestMethods(TestMethodWorker.java:146)
at org.testng.internal.TestMethodWorker.run(TestMethodWorker.java:128)
at java.util.concurrent.ThreadPoolExecutor.runWorker(Unknown Source)
at java.util.concurrent.ThreadPoolExecutor$Worker.run(Unknown Source)
at java.lang.Thread.run(Unknown Source)
]]>
    </failure>
  </testcase> <!-- testMethod1 -->
  <system-out/>
  <testcase name="testMethod1" time="67.831" classname="rebill.testngRebillSlowMfRetire">
    <skipped/>
  </testcase> <!-- testMethod1 -->
  <system-out/>
  <testcase name="testMethod1" time="27.445" classname="rebill.testngRebillSlowMfRetire">
    <skipped/>
  </testcase> <!-- testMethod1 -->
  <system-out/>
  <testcase name="testMethod1" time="35.905" classname="rebill.testngRebillSlowMfRetire">
    <failure type="java.lang.AssertionError" message="Could Not Clicked All Stat Codes">
      <![CDATA[java.lang.AssertionError: Could Not Clicked All Stat Codes
at org.testng.Assert.fail(Assert.java:97)
at rebill.testngRebillSlowMfRetire.doRebill(testngRebillSlowMfRetire.java:965)
at rebill.testngRebillSlowMfRetire.testMethod1(testngRebillSlowMfRetire.java:610)
at sun.reflect.GeneratedMethodAccessor2.invoke(Unknown Source)
at sun.reflect.DelegatingMethodAccessorImpl.invoke(Unknown Source)
at java.lang.reflect.Method.invoke(Unknown Source)
at org.testng.internal.MethodInvocationHelper.invokeMethod(MethodInvocationHelper.java:135)
at org.testng.internal.TestInvoker.invokeMethod(TestInvoker.java:598)
at org.testng.internal.TestInvoker.retryFailed(TestInvoker.java:214)
at org.testng.internal.MethodRunner.runInSequence(MethodRunner.java:58)
at org.testng.internal.TestInvoker$MethodInvocationAgent.invoke(TestInvoker.java:821)
at org.testng.internal.TestInvoker.invokeTestMethods(TestInvoker.java:147)
at org.testng.internal.TestMethodWorker.invokeTestMethods(TestMethodWorker.java:146)
at org.testng.internal.TestMethodWorker.run(TestMethodWorker.java:128)
at java.util.concurrent.ThreadPoolExecutor.runWorker(Unknown Source)
at java.util.concurrent.ThreadPoolExecutor$Worker.run(Unknown Source)
at java.lang.Thread.run(Unknown Source)
]]>
    </failure>
  </testcase> <!-- testMethod1 -->
  <system-out/>
  <testcase name="testMethod1" time="73.443" classname="rebill.testngRebillSlowMfRetire"/>
  <system-out/>
  <testcase name="testMethod1" time="65.269" classname="rebill.testngRebillSlowMfRetire"/>
  <system-out/>
  <testcase name="testMethod1" time="33.311" classname="rebill.testngRebillSlowMfRetire">
    <skipped/>
  </testcase> <!-- testMethod1 -->
  <system-out/>
  <testcase name="testMethod1" time="31.442" classname="rebill.testngRebillSlowMfRetire">
    <skipped/>
  </testcase> <!-- testMethod1 -->
  <system-out/>
  <testcase name="testMethod1" time="53.656" classname="rebill.testngRebillSlowMfRetire">
    <failure type="java.lang.AssertionError" message="Could Not Clicked All Stat Codes">
      <![CDATA[java.lang.AssertionError: Could Not Clicked All Stat Codes
at org.testng.Assert.fail(Assert.java:97)
at rebill.testngRebillSlowMfRetire.doRebill(testngRebillSlowMfRetire.java:965)
at rebill.testngRebillSlowMfRetire.testMethod1(testngRebillSlowMfRetire.java:610)
at sun.reflect.GeneratedMethodAccessor2.invoke(Unknown Source)
at sun.reflect.DelegatingMethodAccessorImpl.invoke(Unknown Source)
at java.lang.reflect.Method.invoke(Unknown Source)
at org.testng.internal.MethodInvocationHelper.invokeMethod(MethodInvocationHelper.java:135)
at org.testng.internal.TestInvoker.invokeMethod(TestInvoker.java:598)
at org.testng.internal.TestInvoker.retryFailed(TestInvoker.java:214)
at org.testng.internal.MethodRunner.runInSequence(MethodRunner.java:58)
at org.testng.internal.TestInvoker$MethodInvocationAgent.invoke(TestInvoker.java:821)
at org.testng.internal.TestInvoker.invokeTestMethods(TestInvoker.java:147)
at org.testng.internal.TestMethodWorker.invokeTestMethods(TestMethodWorker.java:146)
at org.testng.internal.TestMethodWorker.run(TestMethodWorker.java:128)
at java.util.concurrent.ThreadPoolExecutor.runWorker(Unknown Source)
at java.util.concurrent.ThreadPoolExecutor$Worker.run(Unknown Source)
at java.lang.Thread.run(Unknown Source)
]]>
    </failure>
  </testcase> <!-- testMethod1 -->
  <system-out/>
  <testcase name="testMethod1" time="54.536" classname="rebill.testngRebillSlowMfRetire">
    <skipped/>
  </testcase> <!-- testMethod1 -->
  <system-out/>
  <testcase name="testMethod1" time="26.945" classname="rebill.testngRebillSlowMfRetire">
    <skipped/>
  </testcase> <!-- testMethod1 -->
  <system-out/>
  <testcase name="testMethod1" time="75.082" classname="rebill.testngRebillSlowMfRetire">
    <skipped/>
  </testcase> <!-- testMethod1 -->
  <system-out/>
  <testcase name="testMethod1" time="26.052" classname="rebill.testngRebillSlowMfRetire">
    <skipped/>
  </testcase> <!-- testMethod1 -->
  <system-out/>
  <testcase name="testMethod1" time="37.381" classname="rebill.testngRebillSlowMfRetire">
    <skipped/>
  </testcase> <!-- testMethod1 -->
  <system-out/>
  <testcase name="testMethod1" time="40.487" classname="rebill.testngRebillSlowMfRetire">
    <failure type="java.lang.AssertionError" message="Could Not Clicked All Stat Codes">
      <![CDATA[java.lang.AssertionError: Could Not Clicked All Stat Codes
at org.testng.Assert.fail(Assert.java:97)
at rebill.testngRebillSlowMfRetire.doRebill(testngRebillSlowMfRetire.java:965)
at rebill.testngRebillSlowMfRetire.testMethod1(testngRebillSlowMfRetire.java:610)
at sun.reflect.GeneratedMethodAccessor2.invoke(Unknown Source)
at sun.reflect.DelegatingMethodAccessorImpl.invoke(Unknown Source)
at java.lang.reflect.Method.invoke(Unknown Source)
at org.testng.internal.MethodInvocationHelper.invokeMethod(MethodInvocationHelper.java:135)
at org.testng.internal.TestInvoker.invokeMethod(TestInvoker.java:598)
at org.testng.internal.TestInvoker.retryFailed(TestInvoker.java:214)
at org.testng.internal.MethodRunner.runInSequence(MethodRunner.java:58)
at org.testng.internal.TestInvoker$MethodInvocationAgent.invoke(TestInvoker.java:821)
at org.testng.internal.TestInvoker.invokeTestMethods(TestInvoker.java:147)
at org.testng.internal.TestMethodWorker.invokeTestMethods(TestMethodWorker.java:146)
at org.testng.internal.TestMethodWorker.run(TestMethodWorker.java:128)
at java.util.concurrent.ThreadPoolExecutor.runWorker(Unknown Source)
at java.util.concurrent.ThreadPoolExecutor$Worker.run(Unknown Source)
at java.lang.Thread.run(Unknown Source)
]]>
    </failure>
  </testcase> <!-- testMethod1 -->
  <system-out/>
  <testcase name="testMethod1" time="34.689" classname="rebill.testngRebillSlowMfRetire">
    <failure type="java.lang.AssertionError" message="Could Not Clicked All Stat Codes">
      <![CDATA[java.lang.AssertionError: Could Not Clicked All Stat Codes
at org.testng.Assert.fail(Assert.java:97)
at rebill.testngRebillSlowMfRetire.doRebill(testngRebillSlowMfRetire.java:965)
at rebill.testngRebillSlowMfRetire.testMethod1(testngRebillSlowMfRetire.java:610)
at sun.reflect.GeneratedMethodAccessor2.invoke(Unknown Source)
at sun.reflect.DelegatingMethodAccessorImpl.invoke(Unknown Source)
at java.lang.reflect.Method.invoke(Unknown Source)
at org.testng.internal.MethodInvocationHelper.invokeMethod(MethodInvocationHelper.java:135)
at org.testng.internal.TestInvoker.invokeMethod(TestInvoker.java:598)
at org.testng.internal.TestInvoker.retryFailed(TestInvoker.java:214)
at org.testng.internal.MethodRunner.runInSequence(MethodRunner.java:58)
at org.testng.internal.TestInvoker$MethodInvocationAgent.invoke(TestInvoker.java:821)
at org.testng.internal.TestInvoker.invokeTestMethods(TestInvoker.java:147)
at org.testng.internal.TestMethodWorker.invokeTestMethods(TestMethodWorker.java:146)
at org.testng.internal.TestMethodWorker.run(TestMethodWorker.java:128)
at java.util.concurrent.ThreadPoolExecutor.runWorker(Unknown Source)
at java.util.concurrent.ThreadPoolExecutor$Worker.run(Unknown Source)
at java.lang.Thread.run(Unknown Source)
]]>
    </failure>
  </testcase> <!-- testMethod1 -->
  <system-out/>
  <testcase name="testMethod1" time="30.361" classname="rebill.testngRebillSlowMfRetire">
    <skipped/>
  </testcase> <!-- testMethod1 -->
  <system-out/>
  <testcase name="testMethod1" time="26.328" classname="rebill.testngRebillSlowMfRetire">
    <skipped/>
  </testcase> <!-- testMethod1 -->
  <system-out/>
  <testcase name="testMethod1" time="32.629" classname="rebill.testngRebillSlowMfRetire">
    <skipped/>
  </testcase> <!-- testMethod1 -->
  <system-out/>
  <testcase name="testMethod1" time="27.545" classname="rebill.testngRebillSlowMfRetire">
    <skipped/>
  </testcase> <!-- testMethod1 -->
  <system-out/>
  <testcase name="testMethod1" time="28.506" classname="rebill.testngRebillSlowMfRetire">
    <skipped/>
  </testcase> <!-- testMethod1 -->
  <system-out/>
  <testcase name="testMethod1" time="68.968" classname="rebill.testngRebillSlowMfRetire"/>
  <system-out/>
  <testcase name="testMethod1" time="31.299" classname="rebill.testngRebillSlowMfRetire">
    <skipped/>
  </testcase> <!-- testMethod1 -->
  <system-out/>
  <testcase name="testMethod1" time="33.159" classname="rebill.testngRebillSlowMfRetire">
    <skipped/>
  </testcase> <!-- testMethod1 -->
  <system-out/>
  <testcase name="testMethod1" time="34.488" classname="rebill.testngRebillSlowMfRetire">
    <skipped/>
  </testcase> <!-- testMethod1 -->
  <system-out/>
  <testcase name="testMethod1" time="42.860" classname="rebill.testngRebillSlowMfRetire">
    <skipped/>
  </testcase> <!-- testMethod1 -->
  <system-out/>
  <testcase name="testMethod1" time="32.931" classname="rebill.testngRebillSlowMfRetire">
    <skipped/>
  </testcase> <!-- testMethod1 -->
  <system-out/>
  <testcase name="testMethod1" time="26.849" classname="rebill.testngRebillSlowMfRetire">
    <skipped/>
  </testcase> <!-- testMethod1 -->
  <system-out/>
  <testcase name="testMethod1" time="32.275" classname="rebill.testngRebillSlowMfRetire">
    <skipped/>
  </testcase> <!-- testMethod1 -->
  <system-out/>
  <testcase name="testMethod1" time="26.873" classname="rebill.testngRebillSlowMfRetire">
    <failure type="java.lang.AssertionError" message="Could Not Clicked All Stat Codes">
      <![CDATA[java.lang.AssertionError: Could Not Clicked All Stat Codes
at org.testng.Assert.fail(Assert.java:97)
at rebill.testngRebillSlowMfRetire.doRebill(testngRebillSlowMfRetire.java:965)
at rebill.testngRebillSlowMfRetire.testMethod1(testngRebillSlowMfRetire.java:610)
at sun.reflect.GeneratedMethodAccessor2.invoke(Unknown Source)
at sun.reflect.DelegatingMethodAccessorImpl.invoke(Unknown Source)
at java.lang.reflect.Method.invoke(Unknown Source)
at org.testng.internal.MethodInvocationHelper.invokeMethod(MethodInvocationHelper.java:135)
at org.testng.internal.TestInvoker.invokeMethod(TestInvoker.java:598)
at org.testng.internal.TestInvoker.retryFailed(TestInvoker.java:214)
at org.testng.internal.MethodRunner.runInSequence(MethodRunner.java:58)
at org.testng.internal.TestInvoker$MethodInvocationAgent.invoke(TestInvoker.java:821)
at org.testng.internal.TestInvoker.invokeTestMethods(TestInvoker.java:147)
at org.testng.internal.TestMethodWorker.invokeTestMethods(TestMethodWorker.java:146)
at org.testng.internal.TestMethodWorker.run(TestMethodWorker.java:128)
at java.util.concurrent.ThreadPoolExecutor.runWorker(Unknown Source)
at java.util.concurrent.ThreadPoolExecutor$Worker.run(Unknown Source)
at java.lang.Thread.run(Unknown Source)
]]>
    </failure>
  </testcase> <!-- testMethod1 -->
  <system-out/>
  <testcase name="testMethod1" time="28.351" classname="rebill.testngRebillSlowMfRetire">
    <skipped/>
  </testcase> <!-- testMethod1 -->
  <system-out/>
  <testcase name="testMethod1" time="24.349" classname="rebill.testngRebillSlowMfRetire">
    <skipped/>
  </testcase> <!-- testMethod1 -->
  <system-out/>
  <testcase name="testMethod1" time="36.160" classname="rebill.testngRebillSlowMfRetire">
    <failure type="java.lang.AssertionError" message="Could Not Clicked All Stat Codes">
      <![CDATA[java.lang.AssertionError: Could Not Clicked All Stat Codes
at org.testng.Assert.fail(Assert.java:97)
at rebill.testngRebillSlowMfRetire.doRebill(testngRebillSlowMfRetire.java:965)
at rebill.testngRebillSlowMfRetire.testMethod1(testngRebillSlowMfRetire.java:610)
at sun.reflect.GeneratedMethodAccessor2.invoke(Unknown Source)
at sun.reflect.DelegatingMethodAccessorImpl.invoke(Unknown Source)
at java.lang.reflect.Method.invoke(Unknown Source)
at org.testng.internal.MethodInvocationHelper.invokeMethod(MethodInvocationHelper.java:135)
at org.testng.internal.TestInvoker.invokeMethod(TestInvoker.java:598)
at org.testng.internal.TestInvoker.retryFailed(TestInvoker.java:214)
at org.testng.internal.MethodRunner.runInSequence(MethodRunner.java:58)
at org.testng.internal.TestInvoker$MethodInvocationAgent.invoke(TestInvoker.java:821)
at org.testng.internal.TestInvoker.invokeTestMethods(TestInvoker.java:147)
at org.testng.internal.TestMethodWorker.invokeTestMethods(TestMethodWorker.java:146)
at org.testng.internal.TestMethodWorker.run(TestMethodWorker.java:128)
at java.util.concurrent.ThreadPoolExecutor.runWorker(Unknown Source)
at java.util.concurrent.ThreadPoolExecutor$Worker.run(Unknown Source)
at java.lang.Thread.run(Unknown Source)
]]>
    </failure>
  </testcase> <!-- testMethod1 -->
  <system-out/>
  <testcase name="testMethod1" time="54.410" classname="rebill.testngRebillSlowMfRetire">
    <skipped/>
  </testcase> <!-- testMethod1 -->
  <system-out/>
  <testcase name="testMethod1" time="26.288" classname="rebill.testngRebillSlowMfRetire">
    <failure type="java.lang.AssertionError" message="Could Not Clicked All Stat Codes">
      <![CDATA[java.lang.AssertionError: Could Not Clicked All Stat Codes
at org.testng.Assert.fail(Assert.java:97)
at rebill.testngRebillSlowMfRetire.doRebill(testngRebillSlowMfRetire.java:965)
at rebill.testngRebillSlowMfRetire.testMethod1(testngRebillSlowMfRetire.java:610)
at sun.reflect.GeneratedMethodAccessor2.invoke(Unknown Source)
at sun.reflect.DelegatingMethodAccessorImpl.invoke(Unknown Source)
at java.lang.reflect.Method.invoke(Unknown Source)
at org.testng.internal.MethodInvocationHelper.invokeMethod(MethodInvocationHelper.java:135)
at org.testng.internal.TestInvoker.invokeMethod(TestInvoker.java:598)
at org.testng.internal.TestInvoker.retryFailed(TestInvoker.java:214)
at org.testng.internal.MethodRunner.runInSequence(MethodRunner.java:58)
at org.testng.internal.TestInvoker$MethodInvocationAgent.invoke(TestInvoker.java:821)
at org.testng.internal.TestInvoker.invokeTestMethods(TestInvoker.java:147)
at org.testng.internal.TestMethodWorker.invokeTestMethods(TestMethodWorker.java:146)
at org.testng.internal.TestMethodWorker.run(TestMethodWorker.java:128)
at java.util.concurrent.ThreadPoolExecutor.runWorker(Unknown Source)
at java.util.concurrent.ThreadPoolExecutor$Worker.run(Unknown Source)
at java.lang.Thread.run(Unknown Source)
]]>
    </failure>
  </testcase> <!-- testMethod1 -->
  <system-out/>
  <testcase name="testMethod1" time="32.052" classname="rebill.testngRebillSlowMfRetire">
    <skipped/>
  </testcase> <!-- testMethod1 -->
  <system-out/>
  <testcase name="testMethod1" time="64.356" classname="rebill.testngRebillSlowMfRetire"/>
  <system-out/>
  <testcase name="testMethod1" time="29.653" classname="rebill.testngRebillSlowMfRetire">
    <skipped/>
  </testcase> <!-- testMethod1 -->
  <system-out/>
  <testcase name="testMethod1" time="34.952" classname="rebill.testngRebillSlowMfRetire">
    <skipped/>
  </testcase> <!-- testMethod1 -->
  <system-out/>
  <testcase name="testMethod1" time="26.927" classname="rebill.testngRebillSlowMfRetire">
    <skipped/>
  </testcase> <!-- testMethod1 -->
  <system-out/>
  <testcase name="testMethod1" time="33.733" classname="rebill.testngRebillSlowMfRetire">
    <skipped/>
  </testcase> <!-- testMethod1 -->
  <system-out/>
  <testcase name="testMethod1" time="23.898" classname="rebill.testngRebillSlowMfRetire">
    <skipped/>
  </testcase> <!-- testMethod1 -->
  <system-out/>
  <testcase name="testMethod1" time="31.087" classname="rebill.testngRebillSlowMfRetire">
    <failure type="java.lang.AssertionError" message="Could Not Clicked All Stat Codes">
      <![CDATA[java.lang.AssertionError: Could Not Clicked All Stat Codes
at org.testng.Assert.fail(Assert.java:97)
at rebill.testngRebillSlowMfRetire.doRebill(testngRebillSlowMfRetire.java:965)
at rebill.testngRebillSlowMfRetire.testMethod1(testngRebillSlowMfRetire.java:610)
at sun.reflect.GeneratedMethodAccessor2.invoke(Unknown Source)
at sun.reflect.DelegatingMethodAccessorImpl.invoke(Unknown Source)
at java.lang.reflect.Method.invoke(Unknown Source)
at org.testng.internal.MethodInvocationHelper.invokeMethod(MethodInvocationHelper.java:135)
at org.testng.internal.TestInvoker.invokeMethod(TestInvoker.java:598)
at org.testng.internal.TestInvoker.retryFailed(TestInvoker.java:214)
at org.testng.internal.MethodRunner.runInSequence(MethodRunner.java:58)
at org.testng.internal.TestInvoker$MethodInvocationAgent.invoke(TestInvoker.java:821)
at org.testng.internal.TestInvoker.invokeTestMethods(TestInvoker.java:147)
at org.testng.internal.TestMethodWorker.invokeTestMethods(TestMethodWorker.java:146)
at org.testng.internal.TestMethodWorker.run(TestMethodWorker.java:128)
at java.util.concurrent.ThreadPoolExecutor.runWorker(Unknown Source)
at java.util.concurrent.ThreadPoolExecutor$Worker.run(Unknown Source)
at java.lang.Thread.run(Unknown Source)
]]>
    </failure>
  </testcase> <!-- testMethod1 -->
  <system-out/>
  <testcase name="testMethod1" time="36.328" classname="rebill.testngRebillSlowMfRetire">
    <skipped/>
  </testcase> <!-- testMethod1 -->
  <system-out/>
  <testcase name="testMethod1" time="30.802" classname="rebill.testngRebillSlowMfRetire">
    <failure type="java.lang.AssertionError" message="Could Not Clicked All Stat Codes">
      <![CDATA[java.lang.AssertionError: Could Not Clicked All Stat Codes
at org.testng.Assert.fail(Assert.java:97)
at rebill.testngRebillSlowMfRetire.doRebill(testngRebillSlowMfRetire.java:965)
at rebill.testngRebillSlowMfRetire.testMethod1(testngRebillSlowMfRetire.java:610)
at sun.reflect.GeneratedMethodAccessor2.invoke(Unknown Source)
at sun.reflect.DelegatingMethodAccessorImpl.invoke(Unknown Source)
at java.lang.reflect.Method.invoke(Unknown Source)
at org.testng.internal.MethodInvocationHelper.invokeMethod(MethodInvocationHelper.java:135)
at org.testng.internal.TestInvoker.invokeMethod(TestInvoker.java:598)
at org.testng.internal.TestInvoker.retryFailed(TestInvoker.java:214)
at org.testng.internal.MethodRunner.runInSequence(MethodRunner.java:58)
at org.testng.internal.TestInvoker$MethodInvocationAgent.invoke(TestInvoker.java:821)
at org.testng.internal.TestInvoker.invokeTestMethods(TestInvoker.java:147)
at org.testng.internal.TestMethodWorker.invokeTestMethods(TestMethodWorker.java:146)
at org.testng.internal.TestMethodWorker.run(TestMethodWorker.java:128)
at java.util.concurrent.ThreadPoolExecutor.runWorker(Unknown Source)
at java.util.concurrent.ThreadPoolExecutor$Worker.run(Unknown Source)
at java.lang.Thread.run(Unknown Source)
]]>
    </failure>
  </testcase> <!-- testMethod1 -->
  <system-out/>
  <testcase name="testMethod1" time="32.687" classname="rebill.testngRebillSlowMfRetire">
    <skipped/>
  </testcase> <!-- testMethod1 -->
  <system-out/>
  <testcase name="testMethod1" time="35.155" classname="rebill.testngRebillSlowMfRetire">
    <skipped/>
  </testcase> <!-- testMethod1 -->
  <system-out/>
  <testcase name="testMethod1" time="31.319" classname="rebill.testngRebillSlowMfRetire">
    <skipped/>
  </testcase> <!-- testMethod1 -->
  <system-out/>
  <testcase name="testMethod1" time="38.490" classname="rebill.testngRebillSlowMfRetire">
    <failure type="java.lang.AssertionError" message="Could Not Clicked All Stat Codes">
      <![CDATA[java.lang.AssertionError: Could Not Clicked All Stat Codes
at org.testng.Assert.fail(Assert.java:97)
at rebill.testngRebillSlowMfRetire.doRebill(testngRebillSlowMfRetire.java:965)
at rebill.testngRebillSlowMfRetire.testMethod1(testngRebillSlowMfRetire.java:610)
at sun.reflect.GeneratedMethodAccessor2.invoke(Unknown Source)
at sun.reflect.DelegatingMethodAccessorImpl.invoke(Unknown Source)
at java.lang.reflect.Method.invoke(Unknown Source)
at org.testng.internal.MethodInvocationHelper.invokeMethod(MethodInvocationHelper.java:135)
at org.testng.internal.TestInvoker.invokeMethod(TestInvoker.java:598)
at org.testng.internal.TestInvoker.retryFailed(TestInvoker.java:214)
at org.testng.internal.MethodRunner.runInSequence(MethodRunner.java:58)
at org.testng.internal.TestInvoker$MethodInvocationAgent.invoke(TestInvoker.java:821)
at org.testng.internal.TestInvoker.invokeTestMethods(TestInvoker.java:147)
at org.testng.internal.TestMethodWorker.invokeTestMethods(TestMethodWorker.java:146)
at org.testng.internal.TestMethodWorker.run(TestMethodWorker.java:128)
at java.util.concurrent.ThreadPoolExecutor.runWorker(Unknown Source)
at java.util.concurrent.ThreadPoolExecutor$Worker.run(Unknown Source)
at java.lang.Thread.run(Unknown Source)
]]>
    </failure>
  </testcase> <!-- testMethod1 -->
  <system-out/>
  <testcase name="testMethod1" time="51.948" classname="rebill.testngRebillSlowMfRetire">
    <failure type="java.lang.AssertionError" message="Could Not Clicked All Stat Codes">
      <![CDATA[java.lang.AssertionError: Could Not Clicked All Stat Codes
at org.testng.Assert.fail(Assert.java:97)
at rebill.testngRebillSlowMfRetire.doRebill(testngRebillSlowMfRetire.java:965)
at rebill.testngRebillSlowMfRetire.testMethod1(testngRebillSlowMfRetire.java:610)
at sun.reflect.GeneratedMethodAccessor2.invoke(Unknown Source)
at sun.reflect.DelegatingMethodAccessorImpl.invoke(Unknown Source)
at java.lang.reflect.Method.invoke(Unknown Source)
at org.testng.internal.MethodInvocationHelper.invokeMethod(MethodInvocationHelper.java:135)
at org.testng.internal.TestInvoker.invokeMethod(TestInvoker.java:598)
at org.testng.internal.TestInvoker.retryFailed(TestInvoker.java:214)
at org.testng.internal.MethodRunner.runInSequence(MethodRunner.java:58)
at org.testng.internal.TestInvoker$MethodInvocationAgent.invoke(TestInvoker.java:821)
at org.testng.internal.TestInvoker.invokeTestMethods(TestInvoker.java:147)
at org.testng.internal.TestMethodWorker.invokeTestMethods(TestMethodWorker.java:146)
at org.testng.internal.TestMethodWorker.run(TestMethodWorker.java:128)
at java.util.concurrent.ThreadPoolExecutor.runWorker(Unknown Source)
at java.util.concurrent.ThreadPoolExecutor$Worker.run(Unknown Source)
at java.lang.Thread.run(Unknown Source)
]]>
    </failure>
  </testcase> <!-- testMethod1 -->
  <system-out/>
  <testcase name="testMethod1" time="35.091" classname="rebill.testngRebillSlowMfRetire">
    <skipped/>
  </testcase> <!-- testMethod1 -->
  <system-out/>
  <testcase name="testMethod1" time="29.496" classname="rebill.testngRebillSlowMfRetire">
    <skipped/>
  </testcase> <!-- testMethod1 -->
  <system-out/>
  <testcase name="testMethod1" time="49.831" classname="rebill.testngRebillSlowMfRetire">
    <skipped/>
  </testcase> <!-- testMethod1 -->
  <system-out/>
  <testcase name="testMethod1" time="29.011" classname="rebill.testngRebillSlowMfRetire">
    <skipped/>
  </testcase> <!-- testMethod1 -->
  <system-out/>
  <testcase name="testMethod1" time="28.226" classname="rebill.testngRebillSlowMfRetire">
    <skipped/>
  </testcase> <!-- testMethod1 -->
  <system-out/>
  <testcase name="testMethod1" time="26.552" classname="rebill.testngRebillSlowMfRetire">
    <skipped/>
  </testcase> <!-- testMethod1 -->
  <system-out/>
  <testcase name="testMethod1" time="29.792" classname="rebill.testngRebillSlowMfRetire">
    <skipped/>
  </testcase> <!-- testMethod1 -->
  <system-out/>
  <testcase name="testMethod1" time="27.630" classname="rebill.testngRebillSlowMfRetire">
    <skipped/>
  </testcase> <!-- testMethod1 -->
  <system-out/>
  <testcase name="testMethod1" time="24.497" classname="rebill.testngRebillSlowMfRetire">
    <skipped/>
  </testcase> <!-- testMethod1 -->
  <system-out/>
  <testcase name="testMethod1" time="30.930" classname="rebill.testngRebillSlowMfRetire">
    <skipped/>
  </testcase> <!-- testMethod1 -->
  <system-out/>
  <testcase name="testMethod1" time="36.696" classname="rebill.testngRebillSlowMfRetire">
    <skipped/>
  </testcase> <!-- testMethod1 -->
  <system-out/>
  <testcase name="testMethod1" time="34.047" classname="rebill.testngRebillSlowMfRetire">
    <skipped/>
  </testcase> <!-- testMethod1 -->
  <system-out/>
  <testcase name="testMethod1" time="31.352" classname="rebill.testngRebillSlowMfRetire">
    <failure type="java.lang.AssertionError" message="Could Not Clicked All Stat Codes">
      <![CDATA[java.lang.AssertionError: Could Not Clicked All Stat Codes
at org.testng.Assert.fail(Assert.java:97)
at rebill.testngRebillSlowMfRetire.doRebill(testngRebillSlowMfRetire.java:965)
at rebill.testngRebillSlowMfRetire.testMethod1(testngRebillSlowMfRetire.java:610)
at sun.reflect.GeneratedMethodAccessor2.invoke(Unknown Source)
at sun.reflect.DelegatingMethodAccessorImpl.invoke(Unknown Source)
at java.lang.reflect.Method.invoke(Unknown Source)
at org.testng.internal.MethodInvocationHelper.invokeMethod(MethodInvocationHelper.java:135)
at org.testng.internal.TestInvoker.invokeMethod(TestInvoker.java:598)
at org.testng.internal.TestInvoker.retryFailed(TestInvoker.java:214)
at org.testng.internal.MethodRunner.runInSequence(MethodRunner.java:58)
at org.testng.internal.TestInvoker$MethodInvocationAgent.invoke(TestInvoker.java:821)
at org.testng.internal.TestInvoker.invokeTestMethods(TestInvoker.java:147)
at org.testng.internal.TestMethodWorker.invokeTestMethods(TestMethodWorker.java:146)
at org.testng.internal.TestMethodWorker.run(TestMethodWorker.java:128)
at java.util.concurrent.ThreadPoolExecutor.runWorker(Unknown Source)
at java.util.concurrent.ThreadPoolExecutor$Worker.run(Unknown Source)
at java.lang.Thread.run(Unknown Source)
]]>
    </failure>
  </testcase> <!-- testMethod1 -->
  <system-out/>
  <testcase name="testMethod1" time="28.737" classname="rebill.testngRebillSlowMfRetire">
    <skipped/>
  </testcase> <!-- testMethod1 -->
  <system-out/>
  <testcase name="testMethod1" time="33.964" classname="rebill.testngRebillSlowMfRetire">
    <skipped/>
  </testcase> <!-- testMethod1 -->
  <system-out/>
  <testcase name="testMethod1" time="75.577" classname="rebill.testngRebillSlowMfRetire"/>
  <system-out/>
  <testcase name="testMethod1" time="34.271" classname="rebill.testngRebillSlowMfRetire">
    <failure type="java.lang.AssertionError" message="Could Not Clicked All Stat Codes">
      <![CDATA[java.lang.AssertionError: Could Not Clicked All Stat Codes
at org.testng.Assert.fail(Assert.java:97)
at rebill.testngRebillSlowMfRetire.doRebill(testngRebillSlowMfRetire.java:965)
at rebill.testngRebillSlowMfRetire.testMethod1(testngRebillSlowMfRetire.java:610)
at sun.reflect.GeneratedMethodAccessor2.invoke(Unknown Source)
at sun.reflect.DelegatingMethodAccessorImpl.invoke(Unknown Source)
at java.lang.reflect.Method.invoke(Unknown Source)
at org.testng.internal.MethodInvocationHelper.invokeMethod(MethodInvocationHelper.java:135)
at org.testng.internal.TestInvoker.invokeMethod(TestInvoker.java:598)
at org.testng.internal.TestInvoker.retryFailed(TestInvoker.java:214)
at org.testng.internal.MethodRunner.runInSequence(MethodRunner.java:58)
at org.testng.internal.TestInvoker$MethodInvocationAgent.invoke(TestInvoker.java:821)
at org.testng.internal.TestInvoker.invokeTestMethods(TestInvoker.java:147)
at org.testng.internal.TestMethodWorker.invokeTestMethods(TestMethodWorker.java:146)
at org.testng.internal.TestMethodWorker.run(TestMethodWorker.java:128)
at java.util.concurrent.ThreadPoolExecutor.runWorker(Unknown Source)
at java.util.concurrent.ThreadPoolExecutor$Worker.run(Unknown Source)
at java.lang.Thread.run(Unknown Source)
]]>
    </failure>
  </testcase> <!-- testMethod1 -->
  <system-out/>
  <testcase name="testMethod1" time="32.128" classname="rebill.testngRebillSlowMfRetire">
    <skipped/>
  </testcase> <!-- testMethod1 -->
  <system-out/>
  <testcase name="testMethod1" time="26.234" classname="rebill.testngRebillSlowMfRetire">
    <skipped/>
  </testcase> <!-- testMethod1 -->
  <system-out/>
  <testcase name="testMethod1" time="60.416" classname="rebill.testngRebillSlowMfRetire"/>
  <system-out/>
  <testcase name="testMethod1" time="35.726" classname="rebill.testngRebillSlowMfRetire">
    <skipped/>
  </testcase> <!-- testMethod1 -->
  <system-out/>
  <testcase name="testMethod1" time="30.877" classname="rebill.testngRebillSlowMfRetire">
    <skipped/>
  </testcase> <!-- testMethod1 -->
  <system-out/>
  <testcase name="testMethod1" time="36.952" classname="rebill.testngRebillSlowMfRetire">
    <skipped/>
  </testcase> <!-- testMethod1 -->
  <system-out/>
  <testcase name="testMethod1" time="24.823" classname="rebill.testngRebillSlowMfRetire">
    <skipped/>
  </testcase> <!-- testMethod1 -->
  <system-out/>
  <testcase name="testMethod1" time="63.126" classname="rebill.testngRebillSlowMfRetire"/>
  <system-out/>
  <testcase name="testMethod1" time="26.497" classname="rebill.testngRebillSlowMfRetire">
    <skipped/>
  </testcase> <!-- testMethod1 -->
  <system-out/>
  <testcase name="testMethod1" time="29.112" classname="rebill.testngRebillSlowMfRetire">
    <skipped/>
  </testcase> <!-- testMethod1 -->
  <system-out/>
  <testcase name="testMethod1" time="34.167" classname="rebill.testngRebillSlowMfRetire">
    <failure type="java.lang.AssertionError" message="Could Not Clicked All Stat Codes">
      <![CDATA[java.lang.AssertionError: Could Not Clicked All Stat Codes
at org.testng.Assert.fail(Assert.java:97)
at rebill.testngRebillSlowMfRetire.doRebill(testngRebillSlowMfRetire.java:965)
at rebill.testngRebillSlowMfRetire.testMethod1(testngRebillSlowMfRetire.java:610)
at sun.reflect.GeneratedMethodAccessor2.invoke(Unknown Source)
at sun.reflect.DelegatingMethodAccessorImpl.invoke(Unknown Source)
at java.lang.reflect.Method.invoke(Unknown Source)
at org.testng.internal.MethodInvocationHelper.invokeMethod(MethodInvocationHelper.java:135)
at org.testng.internal.TestInvoker.invokeMethod(TestInvoker.java:598)
at org.testng.internal.TestInvoker.retryFailed(TestInvoker.java:214)
at org.testng.internal.MethodRunner.runInSequence(MethodRunner.java:58)
at org.testng.internal.TestInvoker$MethodInvocationAgent.invoke(TestInvoker.java:821)
at org.testng.internal.TestInvoker.invokeTestMethods(TestInvoker.java:147)
at org.testng.internal.TestMethodWorker.invokeTestMethods(TestMethodWorker.java:146)
at org.testng.internal.TestMethodWorker.run(TestMethodWorker.java:128)
at java.util.concurrent.ThreadPoolExecutor.runWorker(Unknown Source)
at java.util.concurrent.ThreadPoolExecutor$Worker.run(Unknown Source)
at java.lang.Thread.run(Unknown Source)
]]>
    </failure>
  </testcase> <!-- testMethod1 -->
  <system-out/>
  <testcase name="testMethod1" time="36.302" classname="rebill.testngRebillSlowMfRetire">
    <failure type="java.lang.AssertionError" message="Could Not Clicked All Stat Codes">
      <![CDATA[java.lang.AssertionError: Could Not Clicked All Stat Codes
at org.testng.Assert.fail(Assert.java:97)
at rebill.testngRebillSlowMfRetire.doRebill(testngRebillSlowMfRetire.java:965)
at rebill.testngRebillSlowMfRetire.testMethod1(testngRebillSlowMfRetire.java:610)
at sun.reflect.GeneratedMethodAccessor2.invoke(Unknown Source)
at sun.reflect.DelegatingMethodAccessorImpl.invoke(Unknown Source)
at java.lang.reflect.Method.invoke(Unknown Source)
at org.testng.internal.MethodInvocationHelper.invokeMethod(MethodInvocationHelper.java:135)
at org.testng.internal.TestInvoker.invokeMethod(TestInvoker.java:598)
at org.testng.internal.TestInvoker.retryFailed(TestInvoker.java:214)
at org.testng.internal.MethodRunner.runInSequence(MethodRunner.java:58)
at org.testng.internal.TestInvoker$MethodInvocationAgent.invoke(TestInvoker.java:821)
at org.testng.internal.TestInvoker.invokeTestMethods(TestInvoker.java:147)
at org.testng.internal.TestMethodWorker.invokeTestMethods(TestMethodWorker.java:146)
at org.testng.internal.TestMethodWorker.run(TestMethodWorker.java:128)
at java.util.concurrent.ThreadPoolExecutor.runWorker(Unknown Source)
at java.util.concurrent.ThreadPoolExecutor$Worker.run(Unknown Source)
at java.lang.Thread.run(Unknown Source)
]]>
    </failure>
  </testcase> <!-- testMethod1 -->
  <system-out/>
  <testcase name="testMethod1" time="29.568" classname="rebill.testngRebillSlowMfRetire">
    <skipped/>
  </testcase> <!-- testMethod1 -->
  <system-out/>
  <testcase name="testMethod1" time="31.788" classname="rebill.testngRebillSlowMfRetire">
    <skipped/>
  </testcase> <!-- testMethod1 -->
  <system-out/>
  <testcase name="testMethod1" time="31.846" classname="rebill.testngRebillSlowMfRetire">
    <failure type="java.lang.AssertionError" message="Could Not Clicked All Stat Codes">
      <![CDATA[java.lang.AssertionError: Could Not Clicked All Stat Codes
at org.testng.Assert.fail(Assert.java:97)
at rebill.testngRebillSlowMfRetire.doRebill(testngRebillSlowMfRetire.java:965)
at rebill.testngRebillSlowMfRetire.testMethod1(testngRebillSlowMfRetire.java:610)
at sun.reflect.GeneratedMethodAccessor2.invoke(Unknown Source)
at sun.reflect.DelegatingMethodAccessorImpl.invoke(Unknown Source)
at java.lang.reflect.Method.invoke(Unknown Source)
at org.testng.internal.MethodInvocationHelper.invokeMethod(MethodInvocationHelper.java:135)
at org.testng.internal.TestInvoker.invokeMethod(TestInvoker.java:598)
at org.testng.internal.TestInvoker.retryFailed(TestInvoker.java:214)
at org.testng.internal.MethodRunner.runInSequence(MethodRunner.java:58)
at org.testng.internal.TestInvoker$MethodInvocationAgent.invoke(TestInvoker.java:821)
at org.testng.internal.TestInvoker.invokeTestMethods(TestInvoker.java:147)
at org.testng.internal.TestMethodWorker.invokeTestMethods(TestMethodWorker.java:146)
at org.testng.internal.TestMethodWorker.run(TestMethodWorker.java:128)
at java.util.concurrent.ThreadPoolExecutor.runWorker(Unknown Source)
at java.util.concurrent.ThreadPoolExecutor$Worker.run(Unknown Source)
at java.lang.Thread.run(Unknown Source)
]]>
    </failure>
  </testcase> <!-- testMethod1 -->
  <system-out/>
  <testcase name="testMethod1" time="28.160" classname="rebill.testngRebillSlowMfRetire">
    <skipped/>
  </testcase> <!-- testMethod1 -->
  <system-out/>
  <testcase name="testMethod1" time="31.074" classname="rebill.testngRebillSlowMfRetire">
    <skipped/>
  </testcase> <!-- testMethod1 -->
  <system-out/>
  <testcase name="testMethod1" time="32.143" classname="rebill.testngRebillSlowMfRetire">
    <failure type="java.lang.AssertionError" message="Could Not Clicked All Stat Codes">
      <![CDATA[java.lang.AssertionError: Could Not Clicked All Stat Codes
at org.testng.Assert.fail(Assert.java:97)
at rebill.testngRebillSlowMfRetire.doRebill(testngRebillSlowMfRetire.java:965)
at rebill.testngRebillSlowMfRetire.testMethod1(testngRebillSlowMfRetire.java:610)
at sun.reflect.GeneratedMethodAccessor2.invoke(Unknown Source)
at sun.reflect.DelegatingMethodAccessorImpl.invoke(Unknown Source)
at java.lang.reflect.Method.invoke(Unknown Source)
at org.testng.internal.MethodInvocationHelper.invokeMethod(MethodInvocationHelper.java:135)
at org.testng.internal.TestInvoker.invokeMethod(TestInvoker.java:598)
at org.testng.internal.TestInvoker.retryFailed(TestInvoker.java:214)
at org.testng.internal.MethodRunner.runInSequence(MethodRunner.java:58)
at org.testng.internal.TestInvoker$MethodInvocationAgent.invoke(TestInvoker.java:821)
at org.testng.internal.TestInvoker.invokeTestMethods(TestInvoker.java:147)
at org.testng.internal.TestMethodWorker.invokeTestMethods(TestMethodWorker.java:146)
at org.testng.internal.TestMethodWorker.run(TestMethodWorker.java:128)
at java.util.concurrent.ThreadPoolExecutor.runWorker(Unknown Source)
at java.util.concurrent.ThreadPoolExecutor$Worker.run(Unknown Source)
at java.lang.Thread.run(Unknown Source)
]]>
    </failure>
  </testcase> <!-- testMethod1 -->
  <system-out/>
  <testcase name="testMethod1" time="31.859" classname="rebill.testngRebillSlowMfRetire">
    <failure type="java.lang.AssertionError" message="Could Not Clicked All Stat Codes">
      <![CDATA[java.lang.AssertionError: Could Not Clicked All Stat Codes
at org.testng.Assert.fail(Assert.java:97)
at rebill.testngRebillSlowMfRetire.doRebill(testngRebillSlowMfRetire.java:965)
at rebill.testngRebillSlowMfRetire.testMethod1(testngRebillSlowMfRetire.java:610)
at sun.reflect.GeneratedMethodAccessor2.invoke(Unknown Source)
at sun.reflect.DelegatingMethodAccessorImpl.invoke(Unknown Source)
at java.lang.reflect.Method.invoke(Unknown Source)
at org.testng.internal.MethodInvocationHelper.invokeMethod(MethodInvocationHelper.java:135)
at org.testng.internal.TestInvoker.invokeMethod(TestInvoker.java:598)
at org.testng.internal.TestInvoker.retryFailed(TestInvoker.java:214)
at org.testng.internal.MethodRunner.runInSequence(MethodRunner.java:58)
at org.testng.internal.TestInvoker$MethodInvocationAgent.invoke(TestInvoker.java:821)
at org.testng.internal.TestInvoker.invokeTestMethods(TestInvoker.java:147)
at org.testng.internal.TestMethodWorker.invokeTestMethods(TestMethodWorker.java:146)
at org.testng.internal.TestMethodWorker.run(TestMethodWorker.java:128)
at java.util.concurrent.ThreadPoolExecutor.runWorker(Unknown Source)
at java.util.concurrent.ThreadPoolExecutor$Worker.run(Unknown Source)
at java.lang.Thread.run(Unknown Source)
]]>
    </failure>
  </testcase> <!-- testMethod1 -->
  <system-out/>
  <testcase name="testMethod1" time="77.151" classname="rebill.testngRebillSlowMfRetire"/>
  <system-out/>
  <testcase name="testMethod1" time="42.993" classname="rebill.testngRebillSlowMfRetire">
    <skipped/>
  </testcase> <!-- testMethod1 -->
  <system-out/>
</testsuite> <!-- rebill.testngRebillSlowMfRetire -->
