<?xml version="1.0" encoding="UTF-8"?>
<!-- Generated by org.testng.reporters.JUnitReportReporter -->
<testsuite skipped="0" hostname="SQA-CRS-021" name="prerate.prerateTestNGSlow" tests="3" failures="2" timestamp="07 May 2020 19:08:44 GMT" time="68.975" errors="0">
  <testcase name="testMethod1" time="33.619" classname="prerate.prerateTestNGSlow">
    <failure type="java.lang.AssertionError" message="Failed selecting dropdown menu...">
      <![CDATA[java.lang.AssertionError: Failed selecting dropdown menu...
	at org.testng.Assert.fail(Assert.java:93)
	at prerate.prerateTestNGSlow.doPrerate(prerateTestNGSlow.java:908)
	at prerate.prerateTestNGSlow.testMethod1(prerateTestNGSlow.java:510)
	at sun.reflect.NativeMethodAccessorImpl.invoke0(Native Method)
	at sun.reflect.NativeMethodAccessorImpl.invoke(Unknown Source)
	at sun.reflect.DelegatingMethodAccessorImpl.invoke(Unknown Source)
	at java.lang.reflect.Method.invoke(Unknown Source)
	at org.testng.internal.MethodInvocationHelper.invokeMethod(MethodInvocationHelper.java:108)
	at org.testng.internal.Invoker.invokeMethod(Invoker.java:661)
	at org.testng.internal.Invoker.invokeTestMethod(Invoker.java:869)
	at org.testng.internal.Invoker.invokeTestMethods(Invoker.java:1193)
	at org.testng.internal.TestMethodWorker.invokeTestMethods(TestMethodWorker.java:126)
	at org.testng.internal.TestMethodWorker.run(TestMethodWorker.java:109)
	at java.util.concurrent.ThreadPoolExecutor.runWorker(Unknown Source)
	at java.util.concurrent.ThreadPoolExecutor$Worker.run(Unknown Source)
	at java.lang.Thread.run(Unknown Source)
]]>
    </failure>
  </testcase> <!-- testMethod1 -->
  <testcase name="testMethod2" time="1.204" classname="prerate.prerateTestNGSlow"/>
  <testcase name="testMethod3" time="34.152" classname="prerate.prerateTestNGSlow">
    <failure type="java.lang.AssertionError" message="Failed selecting dropdown menu...">
      <![CDATA[java.lang.AssertionError: Failed selecting dropdown menu...
	at org.testng.Assert.fail(Assert.java:93)
	at prerate.prerateTestNGSlow.doPrerate(prerateTestNGSlow.java:908)
	at prerate.prerateTestNGSlow.testMethod3(prerateTestNGSlow.java:621)
	at sun.reflect.NativeMethodAccessorImpl.invoke0(Native Method)
	at sun.reflect.NativeMethodAccessorImpl.invoke(Unknown Source)
	at sun.reflect.DelegatingMethodAccessorImpl.invoke(Unknown Source)
	at java.lang.reflect.Method.invoke(Unknown Source)
	at org.testng.internal.MethodInvocationHelper.invokeMethod(MethodInvocationHelper.java:108)
	at org.testng.internal.Invoker.invokeMethod(Invoker.java:661)
	at org.testng.internal.Invoker.invokeTestMethod(Invoker.java:869)
	at org.testng.internal.Invoker.invokeTestMethods(Invoker.java:1193)
	at org.testng.internal.TestMethodWorker.invokeTestMethods(TestMethodWorker.java:126)
	at org.testng.internal.TestMethodWorker.run(TestMethodWorker.java:109)
	at java.util.concurrent.ThreadPoolExecutor.runWorker(Unknown Source)
	at java.util.concurrent.ThreadPoolExecutor$Worker.run(Unknown Source)
	at java.lang.Thread.run(Unknown Source)
]]>
    </failure>
  </testcase> <!-- testMethod3 -->
</testsuite> <!-- prerate.prerateTestNGSlow -->
