<?xml version="1.0" encoding="UTF-8"?>
<!-- Generated by org.testng.reporters.JUnitReportReporter -->
<testsuite skipped="0" hostname="MCO-5194105-L1" name="testng.testingonly" tests="20" failures="0" timestamp="14 Feb 2020 20:46:49 GMT" time="0.080" errors="0">
  <testcase name="testMethod" time="0.001" classname="testng.testingonly"/>
  <testcase name="testMethod" time="0.004" classname="testng.testingonly"/>
  <testcase name="f" time="0.016" classname="testng.testingonly"/>
  <testcase name="testMethod" time="0.002" classname="testng.testingonly"/>
  <testcase name="testMethod" time="0.006" classname="testng.testingonly"/>
  <testcase name="testMethod" time="0.001" classname="testng.testingonly"/>
  <testcase name="testMethod" time="0.027" classname="testng.testingonly"/>
  <testcase name="testMethod" time="0.001" classname="testng.testingonly"/>
  <testcase name="testMethod" time="0.001" classname="testng.testingonly"/>
  <testcase name="testMethod" time="0.001" classname="testng.testingonly"/>
  <testcase name="testMethod" time="0.009" classname="testng.testingonly"/>
  <testcase name="testMethod" time="0.001" classname="testng.testingonly"/>
  <testcase name="testMethod" time="0.001" classname="testng.testingonly"/>
  <testcase name="testMethod" time="0.001" classname="testng.testingonly"/>
  <testcase name="testMethod" time="0.001" classname="testng.testingonly"/>
  <testcase name="testMethod" time="0.001" classname="testng.testingonly"/>
  <testcase name="testMethod" time="0.002" classname="testng.testingonly"/>
  <testcase name="testMethod" time="0.002" classname="testng.testingonly"/>
  <testcase name="testMethod" time="0.001" classname="testng.testingonly"/>
  <testcase name="testMethod" time="0.001" classname="testng.testingonly"/>
</testsuite> <!-- testng.testingonly -->
