<?xml version="1.0" encoding="UTF-8"?>
<!-- Generated by org.testng.reporters.JUnitReportReporter -->
<testsuite skipped="0" hostname="DESKTOP-OKDV62E" name="testng.testingonly" tests="20" failures="0" timestamp="2020-02-11T11:14:17 EST" time="0.015" errors="0">
  <testcase name="testMethod" time="0.000" classname="testng.testingonly"/>
  <testcase name="testMethod" time="0.001" classname="testng.testingonly"/>
  <testcase name="testMethod" time="0.000" classname="testng.testingonly"/>
  <testcase name="testMethod" time="0.000" classname="testng.testingonly"/>
  <testcase name="testMethod" time="0.000" classname="testng.testingonly"/>
  <testcase name="testMethod" time="0.001" classname="testng.testingonly"/>
  <testcase name="testMethod" time="0.000" classname="testng.testingonly"/>
  <testcase name="testMethod" time="0.000" classname="testng.testingonly"/>
  <testcase name="testMethod" time="0.000" classname="testng.testingonly"/>
  <testcase name="testMethod" time="0.000" classname="testng.testingonly"/>
  <testcase name="testMethod" time="0.001" classname="testng.testingonly"/>
  <testcase name="testMethod" time="0.001" classname="testng.testingonly"/>
  <testcase name="testMethod" time="0.000" classname="testng.testingonly"/>
  <testcase name="testMethod" time="0.001" classname="testng.testingonly"/>
  <testcase name="testMethod" time="0.000" classname="testng.testingonly"/>
  <testcase name="testMethod" time="0.000" classname="testng.testingonly"/>
  <testcase name="f" time="0.007" classname="testng.testingonly"/>
  <testcase name="testMethod" time="0.000" classname="testng.testingonly"/>
  <testcase name="testMethod" time="0.002" classname="testng.testingonly"/>
  <testcase name="testMethod" time="0.001" classname="testng.testingonly"/>
</testsuite> <!-- testng.testingonly -->
