<?xml version="1.0" encoding="UTF-8"?>
<!-- Generated by org.testng.reporters.JUnitReportReporter -->
<testsuite skipped="0" hostname="SQA-CRS-021" name="prerate.prerateTestNGSlow" tests="149" failures="26" timestamp="27 Oct 2020 19:49:52 GMT" time="6610.906" errors="3">
  <testcase name="testMethod1" time="218.489" classname="prerate.prerateTestNGSlow">
    <failure type="java.lang.AssertionError" message="Failed on Home Page">
      <![CDATA[java.lang.AssertionError: Failed on Home Page
	at org.testng.Assert.fail(Assert.java:93)
	at prerate.prerateTestNGSlow.doPrerate(prerateTestNGSlow.java:938)
	at prerate.prerateTestNGSlow.testMethod1(prerateTestNGSlow.java:540)
	at sun.reflect.GeneratedMethodAccessor8.invoke(Unknown Source)
	at sun.reflect.DelegatingMethodAccessorImpl.invoke(Unknown Source)
	at java.lang.reflect.Method.invoke(Unknown Source)
	at org.testng.internal.MethodInvocationHelper.invokeMethod(MethodInvocationHelper.java:108)
	at org.testng.internal.Invoker.invokeMethod(Invoker.java:661)
	at org.testng.internal.Invoker.invokeTestMethod(Invoker.java:869)
	at org.testng.internal.Invoker.invokeTestMethods(Invoker.java:1193)
	at org.testng.internal.TestMethodWorker.invokeTestMethods(TestMethodWorker.java:126)
	at org.testng.internal.TestMethodWorker.run(TestMethodWorker.java:109)
	at java.util.concurrent.ThreadPoolExecutor.runWorker(Unknown Source)
	at java.util.concurrent.ThreadPoolExecutor$Worker.run(Unknown Source)
	at java.lang.Thread.run(Unknown Source)
]]>
    </failure>
  </testcase> <!-- testMethod1 -->
  <testcase name="testMethod1" time="58.335" classname="prerate.prerateTestNGSlow">
    <failure type="java.lang.AssertionError" message="Technical Error Occurred in Edits; Try again ,3310">
      <![CDATA[java.lang.AssertionError: Technical Error Occurred in Edits; Try again ,3310
	at org.testng.Assert.fail(Assert.java:93)
	at prerate.prerateTestNGSlow.doPrerate(prerateTestNGSlow.java:1204)
	at prerate.prerateTestNGSlow.testMethod1(prerateTestNGSlow.java:540)
	at sun.reflect.GeneratedMethodAccessor8.invoke(Unknown Source)
	at sun.reflect.DelegatingMethodAccessorImpl.invoke(Unknown Source)
	at java.lang.reflect.Method.invoke(Unknown Source)
	at org.testng.internal.MethodInvocationHelper.invokeMethod(MethodInvocationHelper.java:108)
	at org.testng.internal.Invoker.invokeMethod(Invoker.java:661)
	at org.testng.internal.Invoker.invokeTestMethod(Invoker.java:869)
	at org.testng.internal.Invoker.invokeTestMethods(Invoker.java:1193)
	at org.testng.internal.TestMethodWorker.invokeTestMethods(TestMethodWorker.java:126)
	at org.testng.internal.TestMethodWorker.run(TestMethodWorker.java:109)
	at java.util.concurrent.ThreadPoolExecutor.runWorker(Unknown Source)
	at java.util.concurrent.ThreadPoolExecutor$Worker.run(Unknown Source)
	at java.lang.Thread.run(Unknown Source)
]]>
    </failure>
  </testcase> <!-- testMethod1 -->
  <testcase name="testMethod1" time="40.309" classname="prerate.prerateTestNGSlow">
    <failure type="java.lang.AssertionError" message="Override Disabled.">
      <![CDATA[java.lang.AssertionError: Override Disabled.
	at org.testng.Assert.fail(Assert.java:93)
	at prerate.prerateTestNGSlow.doPrerate(prerateTestNGSlow.java:1135)
	at prerate.prerateTestNGSlow.testMethod1(prerateTestNGSlow.java:540)
	at sun.reflect.GeneratedMethodAccessor8.invoke(Unknown Source)
	at sun.reflect.DelegatingMethodAccessorImpl.invoke(Unknown Source)
	at java.lang.reflect.Method.invoke(Unknown Source)
	at org.testng.internal.MethodInvocationHelper.invokeMethod(MethodInvocationHelper.java:108)
	at org.testng.internal.Invoker.invokeMethod(Invoker.java:661)
	at org.testng.internal.Invoker.invokeTestMethod(Invoker.java:869)
	at org.testng.internal.Invoker.invokeTestMethods(Invoker.java:1193)
	at org.testng.internal.TestMethodWorker.invokeTestMethods(TestMethodWorker.java:126)
	at org.testng.internal.TestMethodWorker.run(TestMethodWorker.java:109)
	at java.util.concurrent.ThreadPoolExecutor.runWorker(Unknown Source)
	at java.util.concurrent.ThreadPoolExecutor$Worker.run(Unknown Source)
	at java.lang.Thread.run(Unknown Source)
]]>
    </failure>
  </testcase> <!-- testMethod1 -->
  <testcase name="testMethod1" time="37.905" classname="prerate.prerateTestNGSlow">
    <failure type="java.lang.AssertionError" message="Override Disabled.">
      <![CDATA[java.lang.AssertionError: Override Disabled.
	at org.testng.Assert.fail(Assert.java:93)
	at prerate.prerateTestNGSlow.doPrerate(prerateTestNGSlow.java:1135)
	at prerate.prerateTestNGSlow.testMethod1(prerateTestNGSlow.java:540)
	at sun.reflect.GeneratedMethodAccessor8.invoke(Unknown Source)
	at sun.reflect.DelegatingMethodAccessorImpl.invoke(Unknown Source)
	at java.lang.reflect.Method.invoke(Unknown Source)
	at org.testng.internal.MethodInvocationHelper.invokeMethod(MethodInvocationHelper.java:108)
	at org.testng.internal.Invoker.invokeMethod(Invoker.java:661)
	at org.testng.internal.Invoker.invokeTestMethod(Invoker.java:869)
	at org.testng.internal.Invoker.invokeTestMethods(Invoker.java:1193)
	at org.testng.internal.TestMethodWorker.invokeTestMethods(TestMethodWorker.java:126)
	at org.testng.internal.TestMethodWorker.run(TestMethodWorker.java:109)
	at java.util.concurrent.ThreadPoolExecutor.runWorker(Unknown Source)
	at java.util.concurrent.ThreadPoolExecutor$Worker.run(Unknown Source)
	at java.lang.Thread.run(Unknown Source)
]]>
    </failure>
  </testcase> <!-- testMethod1 -->
  <testcase name="testMethod1" time="37.781" classname="prerate.prerateTestNGSlow">
    <failure type="java.lang.AssertionError" message="Override Disabled.">
      <![CDATA[java.lang.AssertionError: Override Disabled.
	at org.testng.Assert.fail(Assert.java:93)
	at prerate.prerateTestNGSlow.doPrerate(prerateTestNGSlow.java:1135)
	at prerate.prerateTestNGSlow.testMethod1(prerateTestNGSlow.java:540)
	at sun.reflect.GeneratedMethodAccessor8.invoke(Unknown Source)
	at sun.reflect.DelegatingMethodAccessorImpl.invoke(Unknown Source)
	at java.lang.reflect.Method.invoke(Unknown Source)
	at org.testng.internal.MethodInvocationHelper.invokeMethod(MethodInvocationHelper.java:108)
	at org.testng.internal.Invoker.invokeMethod(Invoker.java:661)
	at org.testng.internal.Invoker.invokeTestMethod(Invoker.java:869)
	at org.testng.internal.Invoker.invokeTestMethods(Invoker.java:1193)
	at org.testng.internal.TestMethodWorker.invokeTestMethods(TestMethodWorker.java:126)
	at org.testng.internal.TestMethodWorker.run(TestMethodWorker.java:109)
	at java.util.concurrent.ThreadPoolExecutor.runWorker(Unknown Source)
	at java.util.concurrent.ThreadPoolExecutor$Worker.run(Unknown Source)
	at java.lang.Thread.run(Unknown Source)
]]>
    </failure>
  </testcase> <!-- testMethod1 -->
  <testcase name="testMethod1" time="48.311" classname="prerate.prerateTestNGSlow"/>
  <testcase name="testMethod1" time="49.905" classname="prerate.prerateTestNGSlow"/>
  <testcase name="testMethod1" time="38.801" classname="prerate.prerateTestNGSlow">
    <failure type="java.lang.AssertionError" message="Override Disabled.">
      <![CDATA[java.lang.AssertionError: Override Disabled.
	at org.testng.Assert.fail(Assert.java:93)
	at prerate.prerateTestNGSlow.doPrerate(prerateTestNGSlow.java:1135)
	at prerate.prerateTestNGSlow.testMethod1(prerateTestNGSlow.java:540)
	at sun.reflect.GeneratedMethodAccessor8.invoke(Unknown Source)
	at sun.reflect.DelegatingMethodAccessorImpl.invoke(Unknown Source)
	at java.lang.reflect.Method.invoke(Unknown Source)
	at org.testng.internal.MethodInvocationHelper.invokeMethod(MethodInvocationHelper.java:108)
	at org.testng.internal.Invoker.invokeMethod(Invoker.java:661)
	at org.testng.internal.Invoker.invokeTestMethod(Invoker.java:869)
	at org.testng.internal.Invoker.invokeTestMethods(Invoker.java:1193)
	at org.testng.internal.TestMethodWorker.invokeTestMethods(TestMethodWorker.java:126)
	at org.testng.internal.TestMethodWorker.run(TestMethodWorker.java:109)
	at java.util.concurrent.ThreadPoolExecutor.runWorker(Unknown Source)
	at java.util.concurrent.ThreadPoolExecutor$Worker.run(Unknown Source)
	at java.lang.Thread.run(Unknown Source)
]]>
    </failure>
  </testcase> <!-- testMethod1 -->
  <testcase name="testMethod1" time="26.169" classname="prerate.prerateTestNGSlow"/>
  <testcase name="testMethod1" time="41.229" classname="prerate.prerateTestNGSlow">
    <failure type="java.lang.AssertionError" message="Override Disabled.">
      <![CDATA[java.lang.AssertionError: Override Disabled.
	at org.testng.Assert.fail(Assert.java:93)
	at prerate.prerateTestNGSlow.doPrerate(prerateTestNGSlow.java:1135)
	at prerate.prerateTestNGSlow.testMethod1(prerateTestNGSlow.java:540)
	at sun.reflect.GeneratedMethodAccessor8.invoke(Unknown Source)
	at sun.reflect.DelegatingMethodAccessorImpl.invoke(Unknown Source)
	at java.lang.reflect.Method.invoke(Unknown Source)
	at org.testng.internal.MethodInvocationHelper.invokeMethod(MethodInvocationHelper.java:108)
	at org.testng.internal.Invoker.invokeMethod(Invoker.java:661)
	at org.testng.internal.Invoker.invokeTestMethod(Invoker.java:869)
	at org.testng.internal.Invoker.invokeTestMethods(Invoker.java:1193)
	at org.testng.internal.TestMethodWorker.invokeTestMethods(TestMethodWorker.java:126)
	at org.testng.internal.TestMethodWorker.run(TestMethodWorker.java:109)
	at java.util.concurrent.ThreadPoolExecutor.runWorker(Unknown Source)
	at java.util.concurrent.ThreadPoolExecutor$Worker.run(Unknown Source)
	at java.lang.Thread.run(Unknown Source)
]]>
    </failure>
  </testcase> <!-- testMethod1 -->
  <testcase name="testMethod1" time="26.333" classname="prerate.prerateTestNGSlow"/>
  <testcase name="testMethod1" time="47.861" classname="prerate.prerateTestNGSlow"/>
  <testcase name="testMethod1" time="37.935" classname="prerate.prerateTestNGSlow">
    <failure type="java.lang.AssertionError" message="Override Disabled.">
      <![CDATA[java.lang.AssertionError: Override Disabled.
	at org.testng.Assert.fail(Assert.java:93)
	at prerate.prerateTestNGSlow.doPrerate(prerateTestNGSlow.java:1135)
	at prerate.prerateTestNGSlow.testMethod1(prerateTestNGSlow.java:540)
	at sun.reflect.GeneratedMethodAccessor8.invoke(Unknown Source)
	at sun.reflect.DelegatingMethodAccessorImpl.invoke(Unknown Source)
	at java.lang.reflect.Method.invoke(Unknown Source)
	at org.testng.internal.MethodInvocationHelper.invokeMethod(MethodInvocationHelper.java:108)
	at org.testng.internal.Invoker.invokeMethod(Invoker.java:661)
	at org.testng.internal.Invoker.invokeTestMethod(Invoker.java:869)
	at org.testng.internal.Invoker.invokeTestMethods(Invoker.java:1193)
	at org.testng.internal.TestMethodWorker.invokeTestMethods(TestMethodWorker.java:126)
	at org.testng.internal.TestMethodWorker.run(TestMethodWorker.java:109)
	at java.util.concurrent.ThreadPoolExecutor.runWorker(Unknown Source)
	at java.util.concurrent.ThreadPoolExecutor$Worker.run(Unknown Source)
	at java.lang.Thread.run(Unknown Source)
]]>
    </failure>
  </testcase> <!-- testMethod1 -->
  <testcase name="testMethod1" time="27.162" classname="prerate.prerateTestNGSlow"/>
  <testcase name="testMethod1" time="48.484" classname="prerate.prerateTestNGSlow"/>
  <testcase name="testMethod1" time="27.586" classname="prerate.prerateTestNGSlow"/>
  <testcase name="testMethod1" time="49.256" classname="prerate.prerateTestNGSlow"/>
  <testcase name="testMethod1" time="51.227" classname="prerate.prerateTestNGSlow"/>
  <testcase name="testMethod1" time="28.302" classname="prerate.prerateTestNGSlow"/>
  <testcase name="testMethod1" time="49.312" classname="prerate.prerateTestNGSlow"/>
  <testcase name="testMethod1" time="48.913" classname="prerate.prerateTestNGSlow"/>
  <testcase name="testMethod1" time="48.979" classname="prerate.prerateTestNGSlow"/>
  <testcase name="testMethod1" time="48.847" classname="prerate.prerateTestNGSlow"/>
  <testcase name="testMethod1" time="40.205" classname="prerate.prerateTestNGSlow">
    <failure type="java.lang.AssertionError" message="Override Disabled.">
      <![CDATA[java.lang.AssertionError: Override Disabled.
	at org.testng.Assert.fail(Assert.java:93)
	at prerate.prerateTestNGSlow.doPrerate(prerateTestNGSlow.java:1135)
	at prerate.prerateTestNGSlow.testMethod1(prerateTestNGSlow.java:540)
	at sun.reflect.GeneratedMethodAccessor8.invoke(Unknown Source)
	at sun.reflect.DelegatingMethodAccessorImpl.invoke(Unknown Source)
	at java.lang.reflect.Method.invoke(Unknown Source)
	at org.testng.internal.MethodInvocationHelper.invokeMethod(MethodInvocationHelper.java:108)
	at org.testng.internal.Invoker.invokeMethod(Invoker.java:661)
	at org.testng.internal.Invoker.invokeTestMethod(Invoker.java:869)
	at org.testng.internal.Invoker.invokeTestMethods(Invoker.java:1193)
	at org.testng.internal.TestMethodWorker.invokeTestMethods(TestMethodWorker.java:126)
	at org.testng.internal.TestMethodWorker.run(TestMethodWorker.java:109)
	at java.util.concurrent.ThreadPoolExecutor.runWorker(Unknown Source)
	at java.util.concurrent.ThreadPoolExecutor$Worker.run(Unknown Source)
	at java.lang.Thread.run(Unknown Source)
]]>
    </failure>
  </testcase> <!-- testMethod1 -->
  <testcase name="testMethod1" time="50.605" classname="prerate.prerateTestNGSlow"/>
  <testcase name="testMethod1" time="28.761" classname="prerate.prerateTestNGSlow"/>
  <testcase name="testMethod1" time="70.754" classname="prerate.prerateTestNGSlow"/>
  <testcase name="testMethod1" time="31.450" classname="prerate.prerateTestNGSlow">
    <failure type="java.lang.AssertionError" message="Failed selecting dropdown menu...">
      <![CDATA[java.lang.AssertionError: Failed selecting dropdown menu...
	at org.testng.Assert.fail(Assert.java:93)
	at prerate.prerateTestNGSlow.doPrerate(prerateTestNGSlow.java:1012)
	at prerate.prerateTestNGSlow.testMethod1(prerateTestNGSlow.java:540)
	at sun.reflect.GeneratedMethodAccessor8.invoke(Unknown Source)
	at sun.reflect.DelegatingMethodAccessorImpl.invoke(Unknown Source)
	at java.lang.reflect.Method.invoke(Unknown Source)
	at org.testng.internal.MethodInvocationHelper.invokeMethod(MethodInvocationHelper.java:108)
	at org.testng.internal.Invoker.invokeMethod(Invoker.java:661)
	at org.testng.internal.Invoker.invokeTestMethod(Invoker.java:869)
	at org.testng.internal.Invoker.invokeTestMethods(Invoker.java:1193)
	at org.testng.internal.TestMethodWorker.invokeTestMethods(TestMethodWorker.java:126)
	at org.testng.internal.TestMethodWorker.run(TestMethodWorker.java:109)
	at java.util.concurrent.ThreadPoolExecutor.runWorker(Unknown Source)
	at java.util.concurrent.ThreadPoolExecutor$Worker.run(Unknown Source)
	at java.lang.Thread.run(Unknown Source)
]]>
    </failure>
  </testcase> <!-- testMethod1 -->
  <testcase name="testMethod1" time="25.530" classname="prerate.prerateTestNGSlow"/>
  <testcase name="testMethod1" time="49.367" classname="prerate.prerateTestNGSlow"/>
  <testcase name="testMethod1" time="27.009" classname="prerate.prerateTestNGSlow"/>
  <testcase name="testMethod1" time="40.825" classname="prerate.prerateTestNGSlow"/>
  <testcase name="testMethod1" time="26.688" classname="prerate.prerateTestNGSlow"/>
  <testcase name="testMethod1" time="59.779" classname="prerate.prerateTestNGSlow">
    <failure type="java.lang.AssertionError" message="Technical Error Occurred in Edits; Try again ,3310">
      <![CDATA[java.lang.AssertionError: Technical Error Occurred in Edits; Try again ,3310
	at org.testng.Assert.fail(Assert.java:93)
	at prerate.prerateTestNGSlow.doPrerate(prerateTestNGSlow.java:1204)
	at prerate.prerateTestNGSlow.testMethod1(prerateTestNGSlow.java:540)
	at sun.reflect.NativeMethodAccessorImpl.invoke0(Native Method)
	at sun.reflect.NativeMethodAccessorImpl.invoke(Unknown Source)
	at sun.reflect.DelegatingMethodAccessorImpl.invoke(Unknown Source)
	at java.lang.reflect.Method.invoke(Unknown Source)
	at org.testng.internal.MethodInvocationHelper.invokeMethod(MethodInvocationHelper.java:108)
	at org.testng.internal.Invoker.invokeMethod(Invoker.java:661)
	at org.testng.internal.Invoker.invokeTestMethod(Invoker.java:869)
	at org.testng.internal.Invoker.invokeTestMethods(Invoker.java:1193)
	at org.testng.internal.TestMethodWorker.invokeTestMethods(TestMethodWorker.java:126)
	at org.testng.internal.TestMethodWorker.run(TestMethodWorker.java:109)
	at java.util.concurrent.ThreadPoolExecutor.runWorker(Unknown Source)
	at java.util.concurrent.ThreadPoolExecutor$Worker.run(Unknown Source)
	at java.lang.Thread.run(Unknown Source)
]]>
    </failure>
  </testcase> <!-- testMethod1 -->
  <testcase name="testMethod1" time="27.771" classname="prerate.prerateTestNGSlow"/>
  <testcase name="testMethod1" time="49.785" classname="prerate.prerateTestNGSlow"/>
  <testcase name="testMethod1" time="59.061" classname="prerate.prerateTestNGSlow">
    <failure type="java.lang.AssertionError" message="Technical Error Occurred in Edits; Try again ,5931,7169">
      <![CDATA[java.lang.AssertionError: Technical Error Occurred in Edits; Try again ,5931,7169
	at org.testng.Assert.fail(Assert.java:93)
	at prerate.prerateTestNGSlow.doPrerate(prerateTestNGSlow.java:1204)
	at prerate.prerateTestNGSlow.testMethod1(prerateTestNGSlow.java:540)
	at sun.reflect.GeneratedMethodAccessor8.invoke(Unknown Source)
	at sun.reflect.DelegatingMethodAccessorImpl.invoke(Unknown Source)
	at java.lang.reflect.Method.invoke(Unknown Source)
	at org.testng.internal.MethodInvocationHelper.invokeMethod(MethodInvocationHelper.java:108)
	at org.testng.internal.Invoker.invokeMethod(Invoker.java:661)
	at org.testng.internal.Invoker.invokeTestMethod(Invoker.java:869)
	at org.testng.internal.Invoker.invokeTestMethods(Invoker.java:1193)
	at org.testng.internal.TestMethodWorker.invokeTestMethods(TestMethodWorker.java:126)
	at org.testng.internal.TestMethodWorker.run(TestMethodWorker.java:109)
	at java.util.concurrent.ThreadPoolExecutor.runWorker(Unknown Source)
	at java.util.concurrent.ThreadPoolExecutor$Worker.run(Unknown Source)
	at java.lang.Thread.run(Unknown Source)
]]>
    </failure>
  </testcase> <!-- testMethod1 -->
  <testcase name="testMethod1" time="48.375" classname="prerate.prerateTestNGSlow"/>
  <testcase name="testMethod1" time="48.484" classname="prerate.prerateTestNGSlow"/>
  <testcase name="testMethod1" time="53.267" classname="prerate.prerateTestNGSlow"/>
  <testcase name="testMethod1" time="48.735" classname="prerate.prerateTestNGSlow"/>
  <testcase name="testMethod1" time="26.757" classname="prerate.prerateTestNGSlow"/>
  <testcase name="testMethod1" time="48.762" classname="prerate.prerateTestNGSlow"/>
  <testcase name="testMethod1" time="62.927" classname="prerate.prerateTestNGSlow"/>
  <testcase name="testMethod1" time="48.429" classname="prerate.prerateTestNGSlow"/>
  <testcase name="testMethod1" time="25.677" classname="prerate.prerateTestNGSlow"/>
  <testcase name="testMethod1" time="49.579" classname="prerate.prerateTestNGSlow"/>
  <testcase name="testMethod1" time="47.831" classname="prerate.prerateTestNGSlow"/>
  <testcase name="testMethod1" time="49.186" classname="prerate.prerateTestNGSlow"/>
  <testcase name="testMethod1" time="25.226" classname="prerate.prerateTestNGSlow"/>
  <testcase name="testMethod1" time="48.402" classname="prerate.prerateTestNGSlow"/>
  <testcase name="testMethod1" time="49.458" classname="prerate.prerateTestNGSlow"/>
  <testcase name="testMethod1" time="49.142" classname="prerate.prerateTestNGSlow"/>
  <testcase name="testMethod1" time="48.408" classname="prerate.prerateTestNGSlow"/>
  <testcase name="testMethod1" time="56.351" classname="prerate.prerateTestNGSlow"/>
  <testcase name="testMethod1" time="60.087" classname="prerate.prerateTestNGSlow">
    <failure type="java.lang.AssertionError" message="Technical Error Occurred in Edits; Try again ,6966,7169">
      <![CDATA[java.lang.AssertionError: Technical Error Occurred in Edits; Try again ,6966,7169
	at org.testng.Assert.fail(Assert.java:93)
	at prerate.prerateTestNGSlow.doPrerate(prerateTestNGSlow.java:1204)
	at prerate.prerateTestNGSlow.testMethod1(prerateTestNGSlow.java:540)
	at sun.reflect.GeneratedMethodAccessor8.invoke(Unknown Source)
	at sun.reflect.DelegatingMethodAccessorImpl.invoke(Unknown Source)
	at java.lang.reflect.Method.invoke(Unknown Source)
	at org.testng.internal.MethodInvocationHelper.invokeMethod(MethodInvocationHelper.java:108)
	at org.testng.internal.Invoker.invokeMethod(Invoker.java:661)
	at org.testng.internal.Invoker.invokeTestMethod(Invoker.java:869)
	at org.testng.internal.Invoker.invokeTestMethods(Invoker.java:1193)
	at org.testng.internal.TestMethodWorker.invokeTestMethods(TestMethodWorker.java:126)
	at org.testng.internal.TestMethodWorker.run(TestMethodWorker.java:109)
	at java.util.concurrent.ThreadPoolExecutor.runWorker(Unknown Source)
	at java.util.concurrent.ThreadPoolExecutor$Worker.run(Unknown Source)
	at java.lang.Thread.run(Unknown Source)
]]>
    </failure>
  </testcase> <!-- testMethod1 -->
  <testcase name="testMethod1" time="48.473" classname="prerate.prerateTestNGSlow"/>
  <testcase name="testMethod1" time="25.431" classname="prerate.prerateTestNGSlow"/>
  <testcase name="testMethod1" time="48.506" classname="prerate.prerateTestNGSlow"/>
  <testcase name="testMethod1" time="69.698" classname="prerate.prerateTestNGSlow">
    <failure type="java.lang.AssertionError" message="Sum of Charge Details does not equal Payment Total Amount">
      <![CDATA[java.lang.AssertionError: Sum of Charge Details does not equal Payment Total Amount
	at org.testng.Assert.fail(Assert.java:93)
	at prerate.prerateTestNGSlow.doPrerate(prerateTestNGSlow.java:1240)
	at prerate.prerateTestNGSlow.testMethod1(prerateTestNGSlow.java:540)
	at sun.reflect.NativeMethodAccessorImpl.invoke0(Native Method)
	at sun.reflect.NativeMethodAccessorImpl.invoke(Unknown Source)
	at sun.reflect.DelegatingMethodAccessorImpl.invoke(Unknown Source)
	at java.lang.reflect.Method.invoke(Unknown Source)
	at org.testng.internal.MethodInvocationHelper.invokeMethod(MethodInvocationHelper.java:108)
	at org.testng.internal.Invoker.invokeMethod(Invoker.java:661)
	at org.testng.internal.Invoker.invokeTestMethod(Invoker.java:869)
	at org.testng.internal.Invoker.invokeTestMethods(Invoker.java:1193)
	at org.testng.internal.TestMethodWorker.invokeTestMethods(TestMethodWorker.java:126)
	at org.testng.internal.TestMethodWorker.run(TestMethodWorker.java:109)
	at java.util.concurrent.ThreadPoolExecutor.runWorker(Unknown Source)
	at java.util.concurrent.ThreadPoolExecutor$Worker.run(Unknown Source)
	at java.lang.Thread.run(Unknown Source)
]]>
    </failure>
  </testcase> <!-- testMethod1 -->
  <testcase name="testMethod1" time="47.728" classname="prerate.prerateTestNGSlow"/>
  <testcase name="testMethod1" time="25.608" classname="prerate.prerateTestNGSlow"/>
  <testcase name="testMethod1" time="48.528" classname="prerate.prerateTestNGSlow"/>
  <testcase name="testMethod1" time="48.876" classname="prerate.prerateTestNGSlow"/>
  <testcase name="testMethod1" time="47.559" classname="prerate.prerateTestNGSlow"/>
  <testcase name="testMethod1" time="25.615" classname="prerate.prerateTestNGSlow"/>
  <testcase name="testMethod1" time="49.835" classname="prerate.prerateTestNGSlow"/>
  <testcase name="testMethod1" time="49.563" classname="prerate.prerateTestNGSlow"/>
  <testcase name="testMethod1" time="27.484" classname="prerate.prerateTestNGSlow"/>
  <testcase name="testMethod1" time="47.743" classname="prerate.prerateTestNGSlow"/>
  <testcase name="testMethod1" time="26.954" classname="prerate.prerateTestNGSlow"/>
  <testcase name="testMethod1" time="50.174" classname="prerate.prerateTestNGSlow"/>
  <testcase name="testMethod1" time="49.385" classname="prerate.prerateTestNGSlow"/>
  <testcase name="testMethod1" time="32.566" classname="prerate.prerateTestNGSlow">
    <failure type="java.lang.AssertionError" message="Failed selecting dropdown menu...">
      <![CDATA[java.lang.AssertionError: Failed selecting dropdown menu...
	at org.testng.Assert.fail(Assert.java:93)
	at prerate.prerateTestNGSlow.doPrerate(prerateTestNGSlow.java:1012)
	at prerate.prerateTestNGSlow.testMethod1(prerateTestNGSlow.java:540)
	at sun.reflect.GeneratedMethodAccessor8.invoke(Unknown Source)
	at sun.reflect.DelegatingMethodAccessorImpl.invoke(Unknown Source)
	at java.lang.reflect.Method.invoke(Unknown Source)
	at org.testng.internal.MethodInvocationHelper.invokeMethod(MethodInvocationHelper.java:108)
	at org.testng.internal.Invoker.invokeMethod(Invoker.java:661)
	at org.testng.internal.Invoker.invokeTestMethod(Invoker.java:869)
	at org.testng.internal.Invoker.invokeTestMethods(Invoker.java:1193)
	at org.testng.internal.TestMethodWorker.invokeTestMethods(TestMethodWorker.java:126)
	at org.testng.internal.TestMethodWorker.run(TestMethodWorker.java:109)
	at java.util.concurrent.ThreadPoolExecutor.runWorker(Unknown Source)
	at java.util.concurrent.ThreadPoolExecutor$Worker.run(Unknown Source)
	at java.lang.Thread.run(Unknown Source)
]]>
    </failure>
  </testcase> <!-- testMethod1 -->
  <testcase name="testMethod1" time="47.580" classname="prerate.prerateTestNGSlow"/>
  <testcase name="testMethod1" time="118.063" classname="prerate.prerateTestNGSlow">
    <failure type="java.lang.AssertionError" message="Failed on Home Page">
      <![CDATA[java.lang.AssertionError: Failed on Home Page
	at org.testng.Assert.fail(Assert.java:93)
	at prerate.prerateTestNGSlow.doPrerate(prerateTestNGSlow.java:938)
	at prerate.prerateTestNGSlow.testMethod1(prerateTestNGSlow.java:540)
	at sun.reflect.GeneratedMethodAccessor8.invoke(Unknown Source)
	at sun.reflect.DelegatingMethodAccessorImpl.invoke(Unknown Source)
	at java.lang.reflect.Method.invoke(Unknown Source)
	at org.testng.internal.MethodInvocationHelper.invokeMethod(MethodInvocationHelper.java:108)
	at org.testng.internal.Invoker.invokeMethod(Invoker.java:661)
	at org.testng.internal.Invoker.invokeTestMethod(Invoker.java:869)
	at org.testng.internal.Invoker.invokeTestMethods(Invoker.java:1193)
	at org.testng.internal.TestMethodWorker.invokeTestMethods(TestMethodWorker.java:126)
	at org.testng.internal.TestMethodWorker.run(TestMethodWorker.java:109)
	at java.util.concurrent.ThreadPoolExecutor.runWorker(Unknown Source)
	at java.util.concurrent.ThreadPoolExecutor$Worker.run(Unknown Source)
	at java.lang.Thread.run(Unknown Source)
]]>
    </failure>
  </testcase> <!-- testMethod1 -->
  <testcase name="testMethod1" time="47.761" classname="prerate.prerateTestNGSlow"/>
  <testcase name="testMethod2" time="0.000" classname="prerate.prerateTestNGSlow">
    <error type="org.testng.TestNGException" message="
Data Provider public synchronized java.lang.Object[][] prerate.prerateTestNGSlow.dataProviderMethod2() must return either Object[][] or Iterator&lt;Object&gt;[], not class [[Ljava.lang.Object;">
      <![CDATA[org.testng.TestNGException: 
Data Provider public synchronized java.lang.Object[][] prerate.prerateTestNGSlow.dataProviderMethod2() must return either Object[][] or Iterator<Object>[], not class [[Ljava.lang.Object;
	at org.testng.internal.MethodInvocationHelper.invokeDataProvider(MethodInvocationHelper.java:137)
	at org.testng.internal.Parameters.handleParameters(Parameters.java:509)
	at org.testng.internal.Invoker.handleParameters(Invoker.java:1308)
	at org.testng.internal.Invoker.createParameters(Invoker.java:1036)
	at org.testng.internal.Invoker.invokeTestMethods(Invoker.java:1126)
	at org.testng.internal.TestMethodWorker.invokeTestMethods(TestMethodWorker.java:126)
	at org.testng.internal.TestMethodWorker.run(TestMethodWorker.java:109)
	at java.util.concurrent.ThreadPoolExecutor.runWorker(Unknown Source)
	at java.util.concurrent.ThreadPoolExecutor$Worker.run(Unknown Source)
	at java.lang.Thread.run(Unknown Source)
]]>
    </error>
  </testcase> <!-- testMethod2 -->
  <testcase name="testMethod1" time="26.637" classname="prerate.prerateTestNGSlow"/>
  <testcase name="testMethod1" time="49.009" classname="prerate.prerateTestNGSlow"/>
  <testcase name="testMethod1" time="72.088" classname="prerate.prerateTestNGSlow"/>
  <testcase name="testMethod1" time="47.806" classname="prerate.prerateTestNGSlow"/>
  <testcase name="testMethod1" time="34.871" classname="prerate.prerateTestNGSlow">
    <failure type="java.lang.AssertionError" message="Failed selecting dropdown menu...">
      <![CDATA[java.lang.AssertionError: Failed selecting dropdown menu...
	at org.testng.Assert.fail(Assert.java:93)
	at prerate.prerateTestNGSlow.doPrerate(prerateTestNGSlow.java:1012)
	at prerate.prerateTestNGSlow.testMethod1(prerateTestNGSlow.java:540)
	at sun.reflect.GeneratedMethodAccessor8.invoke(Unknown Source)
	at sun.reflect.DelegatingMethodAccessorImpl.invoke(Unknown Source)
	at java.lang.reflect.Method.invoke(Unknown Source)
	at org.testng.internal.MethodInvocationHelper.invokeMethod(MethodInvocationHelper.java:108)
	at org.testng.internal.Invoker.invokeMethod(Invoker.java:661)
	at org.testng.internal.Invoker.invokeTestMethod(Invoker.java:869)
	at org.testng.internal.Invoker.invokeTestMethods(Invoker.java:1193)
	at org.testng.internal.TestMethodWorker.invokeTestMethods(TestMethodWorker.java:126)
	at org.testng.internal.TestMethodWorker.run(TestMethodWorker.java:109)
	at java.util.concurrent.ThreadPoolExecutor.runWorker(Unknown Source)
	at java.util.concurrent.ThreadPoolExecutor$Worker.run(Unknown Source)
	at java.lang.Thread.run(Unknown Source)
]]>
    </failure>
  </testcase> <!-- testMethod1 -->
  <testcase name="testMethod1" time="49.887" classname="prerate.prerateTestNGSlow"/>
  <testcase name="testMethod1" time="79.674" classname="prerate.prerateTestNGSlow">
    <failure type="java.lang.AssertionError" message="No Error Found, but still failed">
      <![CDATA[java.lang.AssertionError: No Error Found, but still failed
	at org.testng.Assert.fail(Assert.java:93)
	at prerate.prerateTestNGSlow.doPrerate(prerateTestNGSlow.java:1272)
	at prerate.prerateTestNGSlow.testMethod1(prerateTestNGSlow.java:540)
	at sun.reflect.GeneratedMethodAccessor8.invoke(Unknown Source)
	at sun.reflect.DelegatingMethodAccessorImpl.invoke(Unknown Source)
	at java.lang.reflect.Method.invoke(Unknown Source)
	at org.testng.internal.MethodInvocationHelper.invokeMethod(MethodInvocationHelper.java:108)
	at org.testng.internal.Invoker.invokeMethod(Invoker.java:661)
	at org.testng.internal.Invoker.invokeTestMethod(Invoker.java:869)
	at org.testng.internal.Invoker.invokeTestMethods(Invoker.java:1193)
	at org.testng.internal.TestMethodWorker.invokeTestMethods(TestMethodWorker.java:126)
	at org.testng.internal.TestMethodWorker.run(TestMethodWorker.java:109)
	at java.util.concurrent.ThreadPoolExecutor.runWorker(Unknown Source)
	at java.util.concurrent.ThreadPoolExecutor$Worker.run(Unknown Source)
	at java.lang.Thread.run(Unknown Source)
]]>
    </failure>
  </testcase> <!-- testMethod1 -->
  <testcase name="testMethod1" time="56.611" classname="prerate.prerateTestNGSlow"/>
  <testcase name="testMethod1" time="71.323" classname="prerate.prerateTestNGSlow"/>
  <testcase name="testMethod1" time="51.529" classname="prerate.prerateTestNGSlow"/>
  <testcase name="testMethod1" time="47.525" classname="prerate.prerateTestNGSlow"/>
  <testcase name="testMethod1" time="37.432" classname="prerate.prerateTestNGSlow">
    <failure type="java.lang.AssertionError" message="Override Disabled.">
      <![CDATA[java.lang.AssertionError: Override Disabled.
	at org.testng.Assert.fail(Assert.java:93)
	at prerate.prerateTestNGSlow.doPrerate(prerateTestNGSlow.java:1135)
	at prerate.prerateTestNGSlow.testMethod1(prerateTestNGSlow.java:540)
	at sun.reflect.GeneratedMethodAccessor8.invoke(Unknown Source)
	at sun.reflect.DelegatingMethodAccessorImpl.invoke(Unknown Source)
	at java.lang.reflect.Method.invoke(Unknown Source)
	at org.testng.internal.MethodInvocationHelper.invokeMethod(MethodInvocationHelper.java:108)
	at org.testng.internal.Invoker.invokeMethod(Invoker.java:661)
	at org.testng.internal.Invoker.invokeTestMethod(Invoker.java:869)
	at org.testng.internal.Invoker.invokeTestMethods(Invoker.java:1193)
	at org.testng.internal.TestMethodWorker.invokeTestMethods(TestMethodWorker.java:126)
	at org.testng.internal.TestMethodWorker.run(TestMethodWorker.java:109)
	at java.util.concurrent.ThreadPoolExecutor.runWorker(Unknown Source)
	at java.util.concurrent.ThreadPoolExecutor$Worker.run(Unknown Source)
	at java.lang.Thread.run(Unknown Source)
]]>
    </failure>
  </testcase> <!-- testMethod1 -->
  <testcase name="testMethod1" time="48.766" classname="prerate.prerateTestNGSlow"/>
  <testcase name="testMethod1" time="29.093" classname="prerate.prerateTestNGSlow"/>
  <testcase name="testMethod1" time="49.674" classname="prerate.prerateTestNGSlow"/>
  <testcase name="testMethod1" time="24.655" classname="prerate.prerateTestNGSlow"/>
  <testcase name="testMethod1" time="50.481" classname="prerate.prerateTestNGSlow"/>
  <testcase name="testMethod1" time="56.360" classname="prerate.prerateTestNGSlow"/>
  <testcase name="testMethod1" time="92.487" classname="prerate.prerateTestNGSlow">
    <failure type="java.lang.AssertionError" message="Failed on Home Page">
      <![CDATA[java.lang.AssertionError: Failed on Home Page
	at org.testng.Assert.fail(Assert.java:93)
	at prerate.prerateTestNGSlow.doPrerate(prerateTestNGSlow.java:938)
	at prerate.prerateTestNGSlow.testMethod1(prerateTestNGSlow.java:540)
	at sun.reflect.GeneratedMethodAccessor8.invoke(Unknown Source)
	at sun.reflect.DelegatingMethodAccessorImpl.invoke(Unknown Source)
	at java.lang.reflect.Method.invoke(Unknown Source)
	at org.testng.internal.MethodInvocationHelper.invokeMethod(MethodInvocationHelper.java:108)
	at org.testng.internal.Invoker.invokeMethod(Invoker.java:661)
	at org.testng.internal.Invoker.invokeTestMethod(Invoker.java:869)
	at org.testng.internal.Invoker.invokeTestMethods(Invoker.java:1193)
	at org.testng.internal.TestMethodWorker.invokeTestMethods(TestMethodWorker.java:126)
	at org.testng.internal.TestMethodWorker.run(TestMethodWorker.java:109)
	at java.util.concurrent.ThreadPoolExecutor.runWorker(Unknown Source)
	at java.util.concurrent.ThreadPoolExecutor$Worker.run(Unknown Source)
	at java.lang.Thread.run(Unknown Source)
]]>
    </failure>
  </testcase> <!-- testMethod1 -->
  <testcase name="testMethod1" time="39.458" classname="prerate.prerateTestNGSlow">
    <failure type="java.lang.AssertionError" message="Override Disabled.">
      <![CDATA[java.lang.AssertionError: Override Disabled.
	at org.testng.Assert.fail(Assert.java:93)
	at prerate.prerateTestNGSlow.doPrerate(prerateTestNGSlow.java:1135)
	at prerate.prerateTestNGSlow.testMethod1(prerateTestNGSlow.java:540)
	at sun.reflect.GeneratedMethodAccessor8.invoke(Unknown Source)
	at sun.reflect.DelegatingMethodAccessorImpl.invoke(Unknown Source)
	at java.lang.reflect.Method.invoke(Unknown Source)
	at org.testng.internal.MethodInvocationHelper.invokeMethod(MethodInvocationHelper.java:108)
	at org.testng.internal.Invoker.invokeMethod(Invoker.java:661)
	at org.testng.internal.Invoker.invokeTestMethod(Invoker.java:869)
	at org.testng.internal.Invoker.invokeTestMethods(Invoker.java:1193)
	at org.testng.internal.TestMethodWorker.invokeTestMethods(TestMethodWorker.java:126)
	at org.testng.internal.TestMethodWorker.run(TestMethodWorker.java:109)
	at java.util.concurrent.ThreadPoolExecutor.runWorker(Unknown Source)
	at java.util.concurrent.ThreadPoolExecutor$Worker.run(Unknown Source)
	at java.lang.Thread.run(Unknown Source)
]]>
    </failure>
  </testcase> <!-- testMethod1 -->
  <testcase name="testMethod1" time="26.140" classname="prerate.prerateTestNGSlow"/>
  <testcase name="testMethod1" time="48.378" classname="prerate.prerateTestNGSlow"/>
  <testcase name="testMethod1" time="50.189" classname="prerate.prerateTestNGSlow"/>
  <testcase name="testMethod1" time="27.427" classname="prerate.prerateTestNGSlow"/>
  <testcase name="testMethod1" time="27.008" classname="prerate.prerateTestNGSlow"/>
  <testcase name="testMethod4" time="0.000" classname="prerate.prerateTestNGSlow">
    <error type="org.testng.TestNGException" message="
Data Provider public synchronized java.lang.Object[][] prerate.prerateTestNGSlow.dataProviderMethod4() must return either Object[][] or Iterator&lt;Object&gt;[], not class [[Ljava.lang.Object;">
      <![CDATA[org.testng.TestNGException: 
Data Provider public synchronized java.lang.Object[][] prerate.prerateTestNGSlow.dataProviderMethod4() must return either Object[][] or Iterator<Object>[], not class [[Ljava.lang.Object;
	at org.testng.internal.MethodInvocationHelper.invokeDataProvider(MethodInvocationHelper.java:137)
	at org.testng.internal.Parameters.handleParameters(Parameters.java:509)
	at org.testng.internal.Invoker.handleParameters(Invoker.java:1308)
	at org.testng.internal.Invoker.createParameters(Invoker.java:1036)
	at org.testng.internal.Invoker.invokeTestMethods(Invoker.java:1126)
	at org.testng.internal.TestMethodWorker.invokeTestMethods(TestMethodWorker.java:126)
	at org.testng.internal.TestMethodWorker.run(TestMethodWorker.java:109)
	at java.util.concurrent.ThreadPoolExecutor.runWorker(Unknown Source)
	at java.util.concurrent.ThreadPoolExecutor$Worker.run(Unknown Source)
	at java.lang.Thread.run(Unknown Source)
]]>
    </error>
  </testcase> <!-- testMethod4 -->
  <testcase name="testMethod1" time="28.184" classname="prerate.prerateTestNGSlow"/>
  <testcase name="testMethod1" time="26.007" classname="prerate.prerateTestNGSlow"/>
  <testcase name="testMethod1" time="24.814" classname="prerate.prerateTestNGSlow"/>
  <testcase name="testMethod1" time="26.089" classname="prerate.prerateTestNGSlow"/>
  <testcase name="testMethod1" time="48.550" classname="prerate.prerateTestNGSlow"/>
  <testcase name="testMethod1" time="26.146" classname="prerate.prerateTestNGSlow"/>
  <testcase name="testMethod1" time="48.462" classname="prerate.prerateTestNGSlow"/>
  <testcase name="testMethod1" time="48.301" classname="prerate.prerateTestNGSlow"/>
  <testcase name="testMethod1" time="70.080" classname="prerate.prerateTestNGSlow">
    <failure type="java.lang.AssertionError" message="Sum of Charge Details does not equal Payment Total Amount">
      <![CDATA[java.lang.AssertionError: Sum of Charge Details does not equal Payment Total Amount
	at org.testng.Assert.fail(Assert.java:93)
	at prerate.prerateTestNGSlow.doPrerate(prerateTestNGSlow.java:1240)
	at prerate.prerateTestNGSlow.testMethod1(prerateTestNGSlow.java:540)
	at sun.reflect.GeneratedMethodAccessor8.invoke(Unknown Source)
	at sun.reflect.DelegatingMethodAccessorImpl.invoke(Unknown Source)
	at java.lang.reflect.Method.invoke(Unknown Source)
	at org.testng.internal.MethodInvocationHelper.invokeMethod(MethodInvocationHelper.java:108)
	at org.testng.internal.Invoker.invokeMethod(Invoker.java:661)
	at org.testng.internal.Invoker.invokeTestMethod(Invoker.java:869)
	at org.testng.internal.Invoker.invokeTestMethods(Invoker.java:1193)
	at org.testng.internal.TestMethodWorker.invokeTestMethods(TestMethodWorker.java:126)
	at org.testng.internal.TestMethodWorker.run(TestMethodWorker.java:109)
	at java.util.concurrent.ThreadPoolExecutor.runWorker(Unknown Source)
	at java.util.concurrent.ThreadPoolExecutor$Worker.run(Unknown Source)
	at java.lang.Thread.run(Unknown Source)
]]>
    </failure>
  </testcase> <!-- testMethod1 -->
  <testcase name="testMethod1" time="48.848" classname="prerate.prerateTestNGSlow"/>
  <testcase name="testMethod1" time="47.009" classname="prerate.prerateTestNGSlow"/>
  <testcase name="testMethod1" time="54.705" classname="prerate.prerateTestNGSlow"/>
  <testcase name="testMethod1" time="48.795" classname="prerate.prerateTestNGSlow"/>
  <testcase name="testMethod1" time="92.759" classname="prerate.prerateTestNGSlow">
    <failure type="java.lang.AssertionError" message="No Error Found, but still failed">
      <![CDATA[java.lang.AssertionError: No Error Found, but still failed
	at org.testng.Assert.fail(Assert.java:93)
	at prerate.prerateTestNGSlow.doPrerate(prerateTestNGSlow.java:1272)
	at prerate.prerateTestNGSlow.testMethod1(prerateTestNGSlow.java:540)
	at sun.reflect.NativeMethodAccessorImpl.invoke0(Native Method)
	at sun.reflect.NativeMethodAccessorImpl.invoke(Unknown Source)
	at sun.reflect.DelegatingMethodAccessorImpl.invoke(Unknown Source)
	at java.lang.reflect.Method.invoke(Unknown Source)
	at org.testng.internal.MethodInvocationHelper.invokeMethod(MethodInvocationHelper.java:108)
	at org.testng.internal.Invoker.invokeMethod(Invoker.java:661)
	at org.testng.internal.Invoker.invokeTestMethod(Invoker.java:869)
	at org.testng.internal.Invoker.invokeTestMethods(Invoker.java:1193)
	at org.testng.internal.TestMethodWorker.invokeTestMethods(TestMethodWorker.java:126)
	at org.testng.internal.TestMethodWorker.run(TestMethodWorker.java:109)
	at java.util.concurrent.ThreadPoolExecutor.runWorker(Unknown Source)
	at java.util.concurrent.ThreadPoolExecutor$Worker.run(Unknown Source)
	at java.lang.Thread.run(Unknown Source)
]]>
    </failure>
  </testcase> <!-- testMethod1 -->
  <testcase name="testMethod1" time="27.777" classname="prerate.prerateTestNGSlow"/>
  <testcase name="testMethod1" time="31.457" classname="prerate.prerateTestNGSlow"/>
  <testcase name="testMethod1" time="37.644" classname="prerate.prerateTestNGSlow">
    <failure type="java.lang.AssertionError" message="Override Disabled.">
      <![CDATA[java.lang.AssertionError: Override Disabled.
	at org.testng.Assert.fail(Assert.java:93)
	at prerate.prerateTestNGSlow.doPrerate(prerateTestNGSlow.java:1135)
	at prerate.prerateTestNGSlow.testMethod1(prerateTestNGSlow.java:540)
	at sun.reflect.GeneratedMethodAccessor8.invoke(Unknown Source)
	at sun.reflect.DelegatingMethodAccessorImpl.invoke(Unknown Source)
	at java.lang.reflect.Method.invoke(Unknown Source)
	at org.testng.internal.MethodInvocationHelper.invokeMethod(MethodInvocationHelper.java:108)
	at org.testng.internal.Invoker.invokeMethod(Invoker.java:661)
	at org.testng.internal.Invoker.invokeTestMethod(Invoker.java:869)
	at org.testng.internal.Invoker.invokeTestMethods(Invoker.java:1193)
	at org.testng.internal.TestMethodWorker.invokeTestMethods(TestMethodWorker.java:126)
	at org.testng.internal.TestMethodWorker.run(TestMethodWorker.java:109)
	at java.util.concurrent.ThreadPoolExecutor.runWorker(Unknown Source)
	at java.util.concurrent.ThreadPoolExecutor$Worker.run(Unknown Source)
	at java.lang.Thread.run(Unknown Source)
]]>
    </failure>
  </testcase> <!-- testMethod1 -->
  <testcase name="testMethod1" time="25.213" classname="prerate.prerateTestNGSlow"/>
  <testcase name="testMethod3" time="0.000" classname="prerate.prerateTestNGSlow">
    <error type="org.testng.TestNGException" message="
Data Provider public synchronized java.lang.Object[][] prerate.prerateTestNGSlow.dataProviderMethod3() must return either Object[][] or Iterator&lt;Object&gt;[], not class [[Ljava.lang.Object;">
      <![CDATA[org.testng.TestNGException: 
Data Provider public synchronized java.lang.Object[][] prerate.prerateTestNGSlow.dataProviderMethod3() must return either Object[][] or Iterator<Object>[], not class [[Ljava.lang.Object;
	at org.testng.internal.MethodInvocationHelper.invokeDataProvider(MethodInvocationHelper.java:137)
	at org.testng.internal.Parameters.handleParameters(Parameters.java:509)
	at org.testng.internal.Invoker.handleParameters(Invoker.java:1308)
	at org.testng.internal.Invoker.createParameters(Invoker.java:1036)
	at org.testng.internal.Invoker.invokeTestMethods(Invoker.java:1126)
	at org.testng.internal.TestMethodWorker.invokeTestMethods(TestMethodWorker.java:126)
	at org.testng.internal.TestMethodWorker.run(TestMethodWorker.java:109)
	at java.util.concurrent.ThreadPoolExecutor.runWorker(Unknown Source)
	at java.util.concurrent.ThreadPoolExecutor$Worker.run(Unknown Source)
	at java.lang.Thread.run(Unknown Source)
]]>
    </error>
  </testcase> <!-- testMethod3 -->
  <testcase name="testMethod1" time="50.947" classname="prerate.prerateTestNGSlow"/>
  <testcase name="testMethod1" time="48.095" classname="prerate.prerateTestNGSlow"/>
  <testcase name="testMethod1" time="25.907" classname="prerate.prerateTestNGSlow"/>
  <testcase name="testMethod1" time="72.310" classname="prerate.prerateTestNGSlow"/>
  <testcase name="testMethod1" time="38.253" classname="prerate.prerateTestNGSlow">
    <failure type="java.lang.AssertionError" message="Override Disabled.">
      <![CDATA[java.lang.AssertionError: Override Disabled.
	at org.testng.Assert.fail(Assert.java:93)
	at prerate.prerateTestNGSlow.doPrerate(prerateTestNGSlow.java:1135)
	at prerate.prerateTestNGSlow.testMethod1(prerateTestNGSlow.java:540)
	at sun.reflect.GeneratedMethodAccessor8.invoke(Unknown Source)
	at sun.reflect.DelegatingMethodAccessorImpl.invoke(Unknown Source)
	at java.lang.reflect.Method.invoke(Unknown Source)
	at org.testng.internal.MethodInvocationHelper.invokeMethod(MethodInvocationHelper.java:108)
	at org.testng.internal.Invoker.invokeMethod(Invoker.java:661)
	at org.testng.internal.Invoker.invokeTestMethod(Invoker.java:869)
	at org.testng.internal.Invoker.invokeTestMethods(Invoker.java:1193)
	at org.testng.internal.TestMethodWorker.invokeTestMethods(TestMethodWorker.java:126)
	at org.testng.internal.TestMethodWorker.run(TestMethodWorker.java:109)
	at java.util.concurrent.ThreadPoolExecutor.runWorker(Unknown Source)
	at java.util.concurrent.ThreadPoolExecutor$Worker.run(Unknown Source)
	at java.lang.Thread.run(Unknown Source)
]]>
    </failure>
  </testcase> <!-- testMethod1 -->
  <testcase name="testMethod1" time="24.980" classname="prerate.prerateTestNGSlow"/>
  <testcase name="testMethod1" time="48.510" classname="prerate.prerateTestNGSlow"/>
  <testcase name="testMethod1" time="48.193" classname="prerate.prerateTestNGSlow"/>
  <testcase name="testMethod1" time="27.081" classname="prerate.prerateTestNGSlow"/>
  <testcase name="testMethod1" time="48.674" classname="prerate.prerateTestNGSlow"/>
  <testcase name="testMethod1" time="27.158" classname="prerate.prerateTestNGSlow"/>
  <testcase name="testMethod1" time="32.794" classname="prerate.prerateTestNGSlow"/>
  <testcase name="testMethod1" time="25.106" classname="prerate.prerateTestNGSlow"/>
  <testcase name="testMethod1" time="49.272" classname="prerate.prerateTestNGSlow"/>
  <testcase name="testMethod1" time="48.269" classname="prerate.prerateTestNGSlow"/>
  <testcase name="testMethod1" time="49.899" classname="prerate.prerateTestNGSlow"/>
  <testcase name="testMethod1" time="25.326" classname="prerate.prerateTestNGSlow"/>
  <testcase name="testMethod1" time="54.820" classname="prerate.prerateTestNGSlow"/>
  <testcase name="testMethod1" time="48.171" classname="prerate.prerateTestNGSlow"/>
  <testcase name="testMethod1" time="50.154" classname="prerate.prerateTestNGSlow"/>
  <testcase name="testMethod1" time="48.156" classname="prerate.prerateTestNGSlow"/>
  <testcase name="testMethod1" time="25.181" classname="prerate.prerateTestNGSlow"/>
  <testcase name="testMethod1" time="33.817" classname="prerate.prerateTestNGSlow">
    <failure type="java.lang.AssertionError" message="Failed selecting dropdown menu...">
      <![CDATA[java.lang.AssertionError: Failed selecting dropdown menu...
	at org.testng.Assert.fail(Assert.java:93)
	at prerate.prerateTestNGSlow.doPrerate(prerateTestNGSlow.java:1012)
	at prerate.prerateTestNGSlow.testMethod1(prerateTestNGSlow.java:540)
	at sun.reflect.GeneratedMethodAccessor8.invoke(Unknown Source)
	at sun.reflect.DelegatingMethodAccessorImpl.invoke(Unknown Source)
	at java.lang.reflect.Method.invoke(Unknown Source)
	at org.testng.internal.MethodInvocationHelper.invokeMethod(MethodInvocationHelper.java:108)
	at org.testng.internal.Invoker.invokeMethod(Invoker.java:661)
	at org.testng.internal.Invoker.invokeTestMethod(Invoker.java:869)
	at org.testng.internal.Invoker.invokeTestMethods(Invoker.java:1193)
	at org.testng.internal.TestMethodWorker.invokeTestMethods(TestMethodWorker.java:126)
	at org.testng.internal.TestMethodWorker.run(TestMethodWorker.java:109)
	at java.util.concurrent.ThreadPoolExecutor.runWorker(Unknown Source)
	at java.util.concurrent.ThreadPoolExecutor$Worker.run(Unknown Source)
	at java.lang.Thread.run(Unknown Source)
]]>
    </failure>
  </testcase> <!-- testMethod1 -->
  <testcase name="testMethod1" time="49.925" classname="prerate.prerateTestNGSlow"/>
  <testcase name="testMethod1" time="25.385" classname="prerate.prerateTestNGSlow"/>
  <testcase name="testMethod1" time="25.941" classname="prerate.prerateTestNGSlow"/>
</testsuite> <!-- prerate.prerateTestNGSlow -->
