<?xml version="1.0" encoding="UTF-8"?>
<<<<<<< HEAD
<!-- Generated by org.testng.reporters.JUnitReportReporter -->
=======
<!-- Generated by org.testng.reporters.JUnitReportReporter -->
<<<<<<< HEAD
<<<<<<< HEAD
<testsuite skipped="97" hostname="SQA-CRS-025" name="rebill.testngRebillSlowMfRetire" tests="262" failures="7" timestamp="2020-06-03T18:35:34 CDT" time="14815.817" errors="3">
  <testcase name="testMethod1" time="48.685" classname="rebill.testngRebillSlowMfRetire">
=======
>>>>>>> branch 'master' of https://github.com/5194105/Master-GUI.git
<testsuite skipped="3" hostname="SQA-CRS-021" name="rebill.testngRebillSlowMfRetire" tests="88" failures="9" timestamp="27 May 2020 18:53:04 GMT" time="5347.228" errors="3">
  <testcase name="testMethod1" time="51.031" classname="rebill.testngRebillSlowMfRetire"/>
  <testcase name="testMethod1" time="49.239" classname="rebill.testngRebillSlowMfRetire"/>
  <testcase name="testMethod1" time="72.981" classname="rebill.testngRebillSlowMfRetire"/>
  <testcase name="testMethod1" time="54.278" classname="rebill.testngRebillSlowMfRetire"/>
  <testcase name="testMethod1" time="117.396" classname="rebill.testngRebillSlowMfRetire"/>
  <testcase name="testMethod1" time="118.928" classname="rebill.testngRebillSlowMfRetire"/>
  <testcase name="testMethod1" time="49.614" classname="rebill.testngRebillSlowMfRetire">
    <failure type="java.lang.AssertionError" message="org.openqa.selenium.NoSuchElementException: no such element: Unable to locate element: {&quot;method&quot;:&quot;xpath&quot;,&quot;selector&quot;:&quot;/html/body/div[6]/div/div/div[1]/div[1]/h4&quot;}
  (Session info: chrome=81.0.4044.138)
  (Driver info: chromedriver=2.41.578737 (49da6702b16031c40d63e5618de03a32ff6c197e),platform=Windows NT 6.1.7601 SP1 x86) (WARNING: The server did not provide any stacktrace information)
Command duration or timeout: 0 milliseconds
For documentation on this error, please visit: https://www.seleniumhq.org/exceptions/no_such_element.html
Build info: version: &#039;3.141.59&#039;, revision: &#039;e82be7d358&#039;, time: &#039;2018-11-14T08:25:48&#039;
System info: host: &#039;SQA-CRS-021&#039;, ip: &#039;10.255.251.244&#039;, os.name: &#039;Windows 7&#039;, os.arch: &#039;x86&#039;, os.version: &#039;6.1&#039;, java.version: &#039;1.8.0_212&#039;
Driver info: org.openqa.selenium.chrome.ChromeDriver
Capabilities {acceptInsecureCerts: false, acceptSslCerts: false, applicationCacheEnabled: false, browserConnectionEnabled: false, browserName: chrome, chrome: {chromedriverVersion: 2.41.578737 (49da6702b16031..., userDataDir: C:\Users\FEDEXU~1\AppData\L...}, cssSelectorsEnabled: true, databaseEnabled: false, goog:chromeOptions: {debuggerAddress: localhost:52095}, handlesAlerts: true, hasTouchScreen: false, javascriptEnabled: true, locationContextEnabled: true, mobileEmulationEnabled: false, nativeEvents: true, networkConnectionEnabled: false, pageLoadStrategy: normal, platform: XP, platformName: XP, rotatable: false, setWindowRect: true, takesHeapSnapshot: true, takesScreenshot: true, unexpectedAlertBehaviour: , unhandledPromptBehavior: , version: 81.0.4044.138, webStorageEnabled: true}
Session ID: d8fbb696de48f5639227897473f302e4
*** Element info: {Using=xpath, value=/html/body/div[6]/div/div/div[1]/div[1]/h4} Could Not Get to Rebill Screen">
      <![CDATA[java.lang.AssertionError: org.openqa.selenium.NoSuchElementException: no such element: Unable to locate element: {"method":"xpath","selector":"/html/body/div[6]/div/div/div[1]/div[1]/h4"}
  (Session info: chrome=81.0.4044.138)
  (Driver info: chromedriver=2.41.578737 (49da6702b16031c40d63e5618de03a32ff6c197e),platform=Windows NT 6.1.7601 SP1 x86) (WARNING: The server did not provide any stacktrace information)
Command duration or timeout: 0 milliseconds
For documentation on this error, please visit: https://www.seleniumhq.org/exceptions/no_such_element.html
Build info: version: '3.141.59', revision: 'e82be7d358', time: '2018-11-14T08:25:48'
System info: host: 'SQA-CRS-021', ip: '10.255.251.244', os.name: 'Windows 7', os.arch: 'x86', os.version: '6.1', java.version: '1.8.0_212'
Driver info: org.openqa.selenium.chrome.ChromeDriver
Capabilities {acceptInsecureCerts: false, acceptSslCerts: false, applicationCacheEnabled: false, browserConnectionEnabled: false, browserName: chrome, chrome: {chromedriverVersion: 2.41.578737 (49da6702b16031..., userDataDir: C:\Users\FEDEXU~1\AppData\L...}, cssSelectorsEnabled: true, databaseEnabled: false, goog:chromeOptions: {debuggerAddress: localhost:52095}, handlesAlerts: true, hasTouchScreen: false, javascriptEnabled: true, locationContextEnabled: true, mobileEmulationEnabled: false, nativeEvents: true, networkConnectionEnabled: false, pageLoadStrategy: normal, platform: XP, platformName: XP, rotatable: false, setWindowRect: true, takesHeapSnapshot: true, takesScreenshot: true, unexpectedAlertBehaviour: , unhandledPromptBehavior: , version: 81.0.4044.138, webStorageEnabled: true}
Session ID: d8fbb696de48f5639227897473f302e4
*** Element info: {Using=xpath, value=/html/body/div[6]/div/div/div[1]/div[1]/h4} Could Not Get to Rebill Screen
	at org.testng.Assert.fail(Assert.java:93)
	at rebill.testngRebillSlowMfRetire.doRebill(testngRebillSlowMfRetire.java:1225)
	at rebill.testngRebillSlowMfRetire.testMethod1(testngRebillSlowMfRetire.java:610)
	at sun.reflect.GeneratedMethodAccessor2.invoke(Unknown Source)
	at sun.reflect.DelegatingMethodAccessorImpl.invoke(Unknown Source)
	at java.lang.reflect.Method.invoke(Unknown Source)
	at org.testng.internal.MethodInvocationHelper.invokeMethod(MethodInvocationHelper.java:108)
	at org.testng.internal.Invoker.invokeMethod(Invoker.java:661)
	at org.testng.internal.Invoker.retryFailed(Invoker.java:1014)
	at org.testng.internal.Invoker.invokeTestMethods(Invoker.java:1215)
	at org.testng.internal.TestMethodWorker.invokeTestMethods(TestMethodWorker.java:126)
	at org.testng.internal.TestMethodWorker.run(TestMethodWorker.java:109)
	at java.util.concurrent.ThreadPoolExecutor.runWorker(Unknown Source)
	at java.util.concurrent.ThreadPoolExecutor$Worker.run(Unknown Source)
	at java.lang.Thread.run(Unknown Source)
]]>
    </failure>
  </testcase> <!-- testMethod1 -->
  <testcase name="testMethod1" time="54.604" classname="rebill.testngRebillSlowMfRetire"/>
  <testcase name="testMethod1" time="27.620" classname="rebill.testngRebillSlowMfRetire">
    <failure type="java.lang.AssertionError" message="Failed on Entering Tracking Number">
      <![CDATA[java.lang.AssertionError: Failed on Entering Tracking Number
	at org.testng.Assert.fail(Assert.java:93)
	at rebill.testngRebillSlowMfRetire.doRebill(testngRebillSlowMfRetire.java:888)
	at rebill.testngRebillSlowMfRetire.testMethod1(testngRebillSlowMfRetire.java:610)
	at sun.reflect.GeneratedMethodAccessor2.invoke(Unknown Source)
	at sun.reflect.DelegatingMethodAccessorImpl.invoke(Unknown Source)
	at java.lang.reflect.Method.invoke(Unknown Source)
	at org.testng.internal.MethodInvocationHelper.invokeMethod(MethodInvocationHelper.java:108)
	at org.testng.internal.Invoker.invokeMethod(Invoker.java:661)
	at org.testng.internal.Invoker.invokeTestMethod(Invoker.java:869)
	at org.testng.internal.Invoker.invokeTestMethods(Invoker.java:1193)
	at org.testng.internal.TestMethodWorker.invokeTestMethods(TestMethodWorker.java:126)
	at org.testng.internal.TestMethodWorker.run(TestMethodWorker.java:109)
	at java.util.concurrent.ThreadPoolExecutor.runWorker(Unknown Source)
	at java.util.concurrent.ThreadPoolExecutor$Worker.run(Unknown Source)
	at java.lang.Thread.run(Unknown Source)
]]>
    </failure>
  </testcase> <!-- testMethod1 -->
  <testcase name="testMethod1" time="74.849" classname="rebill.testngRebillSlowMfRetire"/>
  <testcase name="testMethod1" time="49.945" classname="rebill.testngRebillSlowMfRetire"/>
  <testcase name="testMethod1" time="52.013" classname="rebill.testngRebillSlowMfRetire"/>
  <testcase name="testMethod1" time="53.311" classname="rebill.testngRebillSlowMfRetire"/>
  <testcase name="testMethod1" time="54.624" classname="rebill.testngRebillSlowMfRetire"/>
  <testcase name="testMethod1" time="52.800" classname="rebill.testngRebillSlowMfRetire"/>
  <testcase name="testMethod1" time="137.384" classname="rebill.testngRebillSlowMfRetire">
    <failure type="java.lang.AssertionError" message="org.openqa.selenium.NoSuchElementException: no such element: Unable to locate element: {&quot;method&quot;:&quot;xpath&quot;,&quot;selector&quot;:&quot;/html/body/div[6]/div/div/div[1]/div[1]/h4&quot;}
  (Session info: chrome=81.0.4044.138)
  (Driver info: chromedriver=2.41.578737 (49da6702b16031c40d63e5618de03a32ff6c197e),platform=Windows NT 6.1.7601 SP1 x86) (WARNING: The server did not provide any stacktrace information)
Command duration or timeout: 0 milliseconds
For documentation on this error, please visit: https://www.seleniumhq.org/exceptions/no_such_element.html
Build info: version: &#039;3.141.59&#039;, revision: &#039;e82be7d358&#039;, time: &#039;2018-11-14T08:25:48&#039;
System info: host: &#039;SQA-CRS-021&#039;, ip: &#039;10.255.251.244&#039;, os.name: &#039;Windows 7&#039;, os.arch: &#039;x86&#039;, os.version: &#039;6.1&#039;, java.version: &#039;1.8.0_212&#039;
Driver info: org.openqa.selenium.chrome.ChromeDriver
Capabilities {acceptInsecureCerts: false, acceptSslCerts: false, applicationCacheEnabled: false, browserConnectionEnabled: false, browserName: chrome, chrome: {chromedriverVersion: 2.41.578737 (49da6702b16031..., userDataDir: C:\Users\FEDEXU~1\AppData\L...}, cssSelectorsEnabled: true, databaseEnabled: false, goog:chromeOptions: {debuggerAddress: localhost:59397}, handlesAlerts: true, hasTouchScreen: false, javascriptEnabled: true, locationContextEnabled: true, mobileEmulationEnabled: false, nativeEvents: true, networkConnectionEnabled: false, pageLoadStrategy: normal, platform: XP, platformName: XP, rotatable: false, setWindowRect: true, takesHeapSnapshot: true, takesScreenshot: true, unexpectedAlertBehaviour: , unhandledPromptBehavior: , version: 81.0.4044.138, webStorageEnabled: true}
Session ID: d127fd6ed133a6278095094daac9d522
*** Element info: {Using=xpath, value=/html/body/div[6]/div/div/div[1]/div[1]/h4} Could Not Get to Rebill Screen">
      <![CDATA[java.lang.AssertionError: org.openqa.selenium.NoSuchElementException: no such element: Unable to locate element: {"method":"xpath","selector":"/html/body/div[6]/div/div/div[1]/div[1]/h4"}
  (Session info: chrome=81.0.4044.138)
  (Driver info: chromedriver=2.41.578737 (49da6702b16031c40d63e5618de03a32ff6c197e),platform=Windows NT 6.1.7601 SP1 x86) (WARNING: The server did not provide any stacktrace information)
Command duration or timeout: 0 milliseconds
For documentation on this error, please visit: https://www.seleniumhq.org/exceptions/no_such_element.html
Build info: version: '3.141.59', revision: 'e82be7d358', time: '2018-11-14T08:25:48'
System info: host: 'SQA-CRS-021', ip: '10.255.251.244', os.name: 'Windows 7', os.arch: 'x86', os.version: '6.1', java.version: '1.8.0_212'
Driver info: org.openqa.selenium.chrome.ChromeDriver
Capabilities {acceptInsecureCerts: false, acceptSslCerts: false, applicationCacheEnabled: false, browserConnectionEnabled: false, browserName: chrome, chrome: {chromedriverVersion: 2.41.578737 (49da6702b16031..., userDataDir: C:\Users\FEDEXU~1\AppData\L...}, cssSelectorsEnabled: true, databaseEnabled: false, goog:chromeOptions: {debuggerAddress: localhost:59397}, handlesAlerts: true, hasTouchScreen: false, javascriptEnabled: true, locationContextEnabled: true, mobileEmulationEnabled: false, nativeEvents: true, networkConnectionEnabled: false, pageLoadStrategy: normal, platform: XP, platformName: XP, rotatable: false, setWindowRect: true, takesHeapSnapshot: true, takesScreenshot: true, unexpectedAlertBehaviour: , unhandledPromptBehavior: , version: 81.0.4044.138, webStorageEnabled: true}
Session ID: d127fd6ed133a6278095094daac9d522
*** Element info: {Using=xpath, value=/html/body/div[6]/div/div/div[1]/div[1]/h4} Could Not Get to Rebill Screen
	at org.testng.Assert.fail(Assert.java:93)
	at rebill.testngRebillSlowMfRetire.doRebill(testngRebillSlowMfRetire.java:1225)
	at rebill.testngRebillSlowMfRetire.testMethod1(testngRebillSlowMfRetire.java:610)
	at sun.reflect.NativeMethodAccessorImpl.invoke0(Native Method)
	at sun.reflect.NativeMethodAccessorImpl.invoke(Unknown Source)
	at sun.reflect.DelegatingMethodAccessorImpl.invoke(Unknown Source)
	at java.lang.reflect.Method.invoke(Unknown Source)
	at org.testng.internal.MethodInvocationHelper.invokeMethod(MethodInvocationHelper.java:108)
	at org.testng.internal.Invoker.invokeMethod(Invoker.java:661)
	at org.testng.internal.Invoker.invokeTestMethod(Invoker.java:869)
	at org.testng.internal.Invoker.invokeTestMethods(Invoker.java:1193)
	at org.testng.internal.TestMethodWorker.invokeTestMethods(TestMethodWorker.java:126)
	at org.testng.internal.TestMethodWorker.run(TestMethodWorker.java:109)
	at java.util.concurrent.ThreadPoolExecutor.runWorker(Unknown Source)
	at java.util.concurrent.ThreadPoolExecutor$Worker.run(Unknown Source)
	at java.lang.Thread.run(Unknown Source)
]]>
    </failure>
  </testcase> <!-- testMethod1 -->
  <testcase name="testMethod1" time="54.339" classname="rebill.testngRebillSlowMfRetire"/>
  <testcase name="testMethod1" time="74.731" classname="rebill.testngRebillSlowMfRetire"/>
  <testcase name="testMethod1" time="51.032" classname="rebill.testngRebillSlowMfRetire"/>
  <testcase name="testMethod1" time="55.140" classname="rebill.testngRebillSlowMfRetire"/>
  <testcase name="testMethod1" time="11.576" classname="rebill.testngRebillSlowMfRetire"/>
  <testcase name="testMethod1" time="52.173" classname="rebill.testngRebillSlowMfRetire"/>
  <testcase name="testMethod1" time="134.135" classname="rebill.testngRebillSlowMfRetire">
>>>>>>> branch 'master' of https://github.com/5194105/Master-GUI.git
    <skipped/>
  </testcase> <!-- testMethod1 -->
<<<<<<< HEAD
  <system-out/>
  <testcase name="testMethod1" time="73.188" classname="rebill.testngRebillSlowMfRetire"/>
  <system-out/>
  <testcase name="testMethod1" time="49.856" classname="rebill.testngRebillSlowMfRetire"/>
  <system-out/>
  <testcase name="testMethod1" time="50.605" classname="rebill.testngRebillSlowMfRetire"/>
  <system-out/>
  <testcase name="testMethod1" time="47.953" classname="rebill.testngRebillSlowMfRetire"/>
  <system-out/>
  <testcase name="testMethod1" time="51.073" classname="rebill.testngRebillSlowMfRetire"/>
  <system-out/>
  <testcase name="testMethod1" time="53.463" classname="rebill.testngRebillSlowMfRetire"/>
  <system-out/>
  <testcase name="testMethod1" time="49.465" classname="rebill.testngRebillSlowMfRetire">
    <skipped/>
  </testcase> <!-- testMethod1 -->
  <system-out/>
  <testcase name="testMethod1" time="50.758" classname="rebill.testngRebillSlowMfRetire"/>
  <system-out/>
  <testcase name="testMethod1" time="48.942" classname="rebill.testngRebillSlowMfRetire"/>
  <system-out/>
  <testcase name="testMethod1" time="112.757" classname="rebill.testngRebillSlowMfRetire">
    <skipped/>
  </testcase> <!-- testMethod1 -->
  <system-out/>
  <testcase name="testMethod1" time="50.022" classname="rebill.testngRebillSlowMfRetire"/>
  <system-out/>
  <testcase name="testMethod1" time="45.817" classname="rebill.testngRebillSlowMfRetire">
    <failure type="java.lang.AssertionError" message="Failed at Drop Down">
      <![CDATA[java.lang.AssertionError: Failed at Drop Down
at org.testng.Assert.fail(Assert.java:97)
at rebill.testngRebillSlowMfRetire.doRebill(testngRebillSlowMfRetire.java:1083)
at rebill.testngRebillSlowMfRetire.testMethod1(testngRebillSlowMfRetire.java:610)
at sun.reflect.GeneratedMethodAccessor2.invoke(Unknown Source)
at sun.reflect.DelegatingMethodAccessorImpl.invoke(Unknown Source)
at java.lang.reflect.Method.invoke(Unknown Source)
at org.testng.internal.MethodInvocationHelper.invokeMethod(MethodInvocationHelper.java:135)
at org.testng.internal.TestInvoker.invokeMethod(TestInvoker.java:598)
at org.testng.internal.TestInvoker.retryFailed(TestInvoker.java:214)
at org.testng.internal.MethodRunner.runInSequence(MethodRunner.java:58)
at org.testng.internal.TestInvoker$MethodInvocationAgent.invoke(TestInvoker.java:821)
at org.testng.internal.TestInvoker.invokeTestMethods(TestInvoker.java:147)
at org.testng.internal.TestMethodWorker.invokeTestMethods(TestMethodWorker.java:146)
at org.testng.internal.TestMethodWorker.run(TestMethodWorker.java:128)
at java.util.concurrent.ThreadPoolExecutor.runWorker(Unknown Source)
at java.util.concurrent.ThreadPoolExecutor$Worker.run(Unknown Source)
at java.lang.Thread.run(Unknown Source)
=======
  <testcase name="testMethod1" time="53.469" classname="rebill.testngRebillSlowMfRetire"/>
  <testcase name="testMethod1" time="53.621" classname="rebill.testngRebillSlowMfRetire"/>
  <testcase name="testMethod1" time="53.160" classname="rebill.testngRebillSlowMfRetire"/>
  <testcase name="testMethod1" time="53.040" classname="rebill.testngRebillSlowMfRetire"/>
  <testcase name="testMethod1" time="54.239" classname="rebill.testngRebillSlowMfRetire"/>
  <testcase name="testMethod1" time="54.689" classname="rebill.testngRebillSlowMfRetire"/>
  <testcase name="testMethod1" time="51.711" classname="rebill.testngRebillSlowMfRetire"/>
  <testcase name="testMethod1" time="50.162" classname="rebill.testngRebillSlowMfRetire"/>
  <testcase name="testMethod1" time="51.137" classname="rebill.testngRebillSlowMfRetire"/>
  <testcase name="testMethod1" time="133.892" classname="rebill.testngRebillSlowMfRetire">
    <skipped/>
  </testcase> <!-- testMethod1 -->
  <testcase name="testMethod1" time="49.120" classname="rebill.testngRebillSlowMfRetire"/>
  <testcase name="testMethod1" time="45.008" classname="rebill.testngRebillSlowMfRetire">
    <failure type="java.lang.AssertionError" message="Failed at Drop Down">
      <![CDATA[java.lang.AssertionError: Failed at Drop Down
	at org.testng.Assert.fail(Assert.java:93)
	at rebill.testngRebillSlowMfRetire.doRebill(testngRebillSlowMfRetire.java:1083)
	at rebill.testngRebillSlowMfRetire.testMethod1(testngRebillSlowMfRetire.java:610)
	at sun.reflect.GeneratedMethodAccessor2.invoke(Unknown Source)
	at sun.reflect.DelegatingMethodAccessorImpl.invoke(Unknown Source)
	at java.lang.reflect.Method.invoke(Unknown Source)
	at org.testng.internal.MethodInvocationHelper.invokeMethod(MethodInvocationHelper.java:108)
	at org.testng.internal.Invoker.invokeMethod(Invoker.java:661)
	at org.testng.internal.Invoker.invokeTestMethod(Invoker.java:869)
	at org.testng.internal.Invoker.invokeTestMethods(Invoker.java:1193)
	at org.testng.internal.TestMethodWorker.invokeTestMethods(TestMethodWorker.java:126)
	at org.testng.internal.TestMethodWorker.run(TestMethodWorker.java:109)
	at java.util.concurrent.ThreadPoolExecutor.runWorker(Unknown Source)
	at java.util.concurrent.ThreadPoolExecutor$Worker.run(Unknown Source)
	at java.lang.Thread.run(Unknown Source)
]]>
    </failure>
  </testcase> <!-- testMethod1 -->
  <testcase name="testMethod1" time="52.684" classname="rebill.testngRebillSlowMfRetire"/>
  <testcase name="testMethod1" time="53.470" classname="rebill.testngRebillSlowMfRetire"/>
  <testcase name="testMethod1" time="27.321" classname="rebill.testngRebillSlowMfRetire">
    <failure type="java.lang.AssertionError" message="Failed on Entering Tracking Number">
      <![CDATA[java.lang.AssertionError: Failed on Entering Tracking Number
	at org.testng.Assert.fail(Assert.java:93)
	at rebill.testngRebillSlowMfRetire.doRebill(testngRebillSlowMfRetire.java:888)
	at rebill.testngRebillSlowMfRetire.testMethod1(testngRebillSlowMfRetire.java:610)
	at sun.reflect.GeneratedMethodAccessor2.invoke(Unknown Source)
	at sun.reflect.DelegatingMethodAccessorImpl.invoke(Unknown Source)
	at java.lang.reflect.Method.invoke(Unknown Source)
	at org.testng.internal.MethodInvocationHelper.invokeMethod(MethodInvocationHelper.java:108)
	at org.testng.internal.Invoker.invokeMethod(Invoker.java:661)
	at org.testng.internal.Invoker.retryFailed(Invoker.java:1014)
	at org.testng.internal.Invoker.invokeTestMethods(Invoker.java:1215)
	at org.testng.internal.TestMethodWorker.invokeTestMethods(TestMethodWorker.java:126)
	at org.testng.internal.TestMethodWorker.run(TestMethodWorker.java:109)
	at java.util.concurrent.ThreadPoolExecutor.runWorker(Unknown Source)
	at java.util.concurrent.ThreadPoolExecutor$Worker.run(Unknown Source)
	at java.lang.Thread.run(Unknown Source)
]]>
    </failure>
  </testcase> <!-- testMethod1 -->
  <testcase name="testMethod1" time="74.859" classname="rebill.testngRebillSlowMfRetire"/>
  <testcase name="testMethod1" time="52.354" classname="rebill.testngRebillSlowMfRetire"/>
  <testcase name="testMethod1" time="44.559" classname="rebill.testngRebillSlowMfRetire">
    <failure type="java.lang.AssertionError" message="Failed at Drop Down">
      <![CDATA[java.lang.AssertionError: Failed at Drop Down
	at org.testng.Assert.fail(Assert.java:93)
	at rebill.testngRebillSlowMfRetire.doRebill(testngRebillSlowMfRetire.java:1083)
	at rebill.testngRebillSlowMfRetire.testMethod1(testngRebillSlowMfRetire.java:610)
	at sun.reflect.GeneratedMethodAccessor2.invoke(Unknown Source)
	at sun.reflect.DelegatingMethodAccessorImpl.invoke(Unknown Source)
	at java.lang.reflect.Method.invoke(Unknown Source)
	at org.testng.internal.MethodInvocationHelper.invokeMethod(MethodInvocationHelper.java:108)
	at org.testng.internal.Invoker.invokeMethod(Invoker.java:661)
	at org.testng.internal.Invoker.retryFailed(Invoker.java:1014)
	at org.testng.internal.Invoker.invokeTestMethods(Invoker.java:1215)
	at org.testng.internal.TestMethodWorker.invokeTestMethods(TestMethodWorker.java:126)
	at org.testng.internal.TestMethodWorker.run(TestMethodWorker.java:109)
	at java.util.concurrent.ThreadPoolExecutor.runWorker(Unknown Source)
	at java.util.concurrent.ThreadPoolExecutor$Worker.run(Unknown Source)
	at java.lang.Thread.run(Unknown Source)
]]>
    </failure>
  </testcase> <!-- testMethod1 -->
  <testcase name="testMethod1" time="53.280" classname="rebill.testngRebillSlowMfRetire"/>
  <testcase name="testMethod1" time="52.248" classname="rebill.testngRebillSlowMfRetire"/>
  <testcase name="testMethod1" time="49.522" classname="rebill.testngRebillSlowMfRetire"/>
  <testcase name="testMethod1" time="11.634" classname="rebill.testngRebillSlowMfRetire"/>
  <testcase name="testMethod1" time="77.353" classname="rebill.testngRebillSlowMfRetire"/>
  <testcase name="testMethod1" time="52.930" classname="rebill.testngRebillSlowMfRetire"/>
  <testcase name="testMethod1" time="49.209" classname="rebill.testngRebillSlowMfRetire"/>
  <testcase name="testMethod1" time="55.694" classname="rebill.testngRebillSlowMfRetire"/>
  <testcase name="testMethod1" time="53.749" classname="rebill.testngRebillSlowMfRetire"/>
  <testcase name="testMethod1" time="73.434" classname="rebill.testngRebillSlowMfRetire"/>
  <testcase name="testMethod1" time="133.390" classname="rebill.testngRebillSlowMfRetire">
    <failure type="java.lang.AssertionError" message="org.openqa.selenium.NoSuchElementException: no such element: Unable to locate element: {&quot;method&quot;:&quot;xpath&quot;,&quot;selector&quot;:&quot;/html/body/div[6]/div/div/div[1]/div[1]/h4&quot;}
  (Session info: chrome=81.0.4044.138)
  (Driver info: chromedriver=2.41.578737 (49da6702b16031c40d63e5618de03a32ff6c197e),platform=Windows NT 6.1.7601 SP1 x86) (WARNING: The server did not provide any stacktrace information)
Command duration or timeout: 0 milliseconds
For documentation on this error, please visit: https://www.seleniumhq.org/exceptions/no_such_element.html
Build info: version: &#039;3.141.59&#039;, revision: &#039;e82be7d358&#039;, time: &#039;2018-11-14T08:25:48&#039;
System info: host: &#039;SQA-CRS-021&#039;, ip: &#039;10.255.251.244&#039;, os.name: &#039;Windows 7&#039;, os.arch: &#039;x86&#039;, os.version: &#039;6.1&#039;, java.version: &#039;1.8.0_212&#039;
Driver info: org.openqa.selenium.chrome.ChromeDriver
Capabilities {acceptInsecureCerts: false, acceptSslCerts: false, applicationCacheEnabled: false, browserConnectionEnabled: false, browserName: chrome, chrome: {chromedriverVersion: 2.41.578737 (49da6702b16031..., userDataDir: C:\Users\FEDEXU~1\AppData\L...}, cssSelectorsEnabled: true, databaseEnabled: false, goog:chromeOptions: {debuggerAddress: localhost:58172}, handlesAlerts: true, hasTouchScreen: false, javascriptEnabled: true, locationContextEnabled: true, mobileEmulationEnabled: false, nativeEvents: true, networkConnectionEnabled: false, pageLoadStrategy: normal, platform: XP, platformName: XP, rotatable: false, setWindowRect: true, takesHeapSnapshot: true, takesScreenshot: true, unexpectedAlertBehaviour: , unhandledPromptBehavior: , version: 81.0.4044.138, webStorageEnabled: true}
Session ID: d4000496b1be1e8f057dd8da80bd0b9e
*** Element info: {Using=xpath, value=/html/body/div[6]/div/div/div[1]/div[1]/h4} Could Not Get to Rebill Screen">
      <![CDATA[java.lang.AssertionError: org.openqa.selenium.NoSuchElementException: no such element: Unable to locate element: {"method":"xpath","selector":"/html/body/div[6]/div/div/div[1]/div[1]/h4"}
  (Session info: chrome=81.0.4044.138)
  (Driver info: chromedriver=2.41.578737 (49da6702b16031c40d63e5618de03a32ff6c197e),platform=Windows NT 6.1.7601 SP1 x86) (WARNING: The server did not provide any stacktrace information)
Command duration or timeout: 0 milliseconds
For documentation on this error, please visit: https://www.seleniumhq.org/exceptions/no_such_element.html
Build info: version: '3.141.59', revision: 'e82be7d358', time: '2018-11-14T08:25:48'
System info: host: 'SQA-CRS-021', ip: '10.255.251.244', os.name: 'Windows 7', os.arch: 'x86', os.version: '6.1', java.version: '1.8.0_212'
Driver info: org.openqa.selenium.chrome.ChromeDriver
Capabilities {acceptInsecureCerts: false, acceptSslCerts: false, applicationCacheEnabled: false, browserConnectionEnabled: false, browserName: chrome, chrome: {chromedriverVersion: 2.41.578737 (49da6702b16031..., userDataDir: C:\Users\FEDEXU~1\AppData\L...}, cssSelectorsEnabled: true, databaseEnabled: false, goog:chromeOptions: {debuggerAddress: localhost:58172}, handlesAlerts: true, hasTouchScreen: false, javascriptEnabled: true, locationContextEnabled: true, mobileEmulationEnabled: false, nativeEvents: true, networkConnectionEnabled: false, pageLoadStrategy: normal, platform: XP, platformName: XP, rotatable: false, setWindowRect: true, takesHeapSnapshot: true, takesScreenshot: true, unexpectedAlertBehaviour: , unhandledPromptBehavior: , version: 81.0.4044.138, webStorageEnabled: true}
Session ID: d4000496b1be1e8f057dd8da80bd0b9e
*** Element info: {Using=xpath, value=/html/body/div[6]/div/div/div[1]/div[1]/h4} Could Not Get to Rebill Screen
	at org.testng.Assert.fail(Assert.java:93)
	at rebill.testngRebillSlowMfRetire.doRebill(testngRebillSlowMfRetire.java:1225)
	at rebill.testngRebillSlowMfRetire.testMethod1(testngRebillSlowMfRetire.java:610)
	at sun.reflect.NativeMethodAccessorImpl.invoke0(Native Method)
	at sun.reflect.NativeMethodAccessorImpl.invoke(Unknown Source)
	at sun.reflect.DelegatingMethodAccessorImpl.invoke(Unknown Source)
	at java.lang.reflect.Method.invoke(Unknown Source)
	at org.testng.internal.MethodInvocationHelper.invokeMethod(MethodInvocationHelper.java:108)
	at org.testng.internal.Invoker.invokeMethod(Invoker.java:661)
	at org.testng.internal.Invoker.retryFailed(Invoker.java:1014)
	at org.testng.internal.Invoker.invokeTestMethods(Invoker.java:1215)
	at org.testng.internal.TestMethodWorker.invokeTestMethods(TestMethodWorker.java:126)
	at org.testng.internal.TestMethodWorker.run(TestMethodWorker.java:109)
	at java.util.concurrent.ThreadPoolExecutor.runWorker(Unknown Source)
	at java.util.concurrent.ThreadPoolExecutor$Worker.run(Unknown Source)
	at java.lang.Thread.run(Unknown Source)
]]>
    </failure>
  </testcase> <!-- testMethod1 -->
  <testcase name="testMethod2" time="0.000" classname="rebill.testngRebillSlowMfRetire">
    <error type="org.testng.TestNGException" message="
Data Provider public synchronized java.lang.Object[][] rebill.testngRebillSlowMfRetire.dataProviderMethod2() must return either Object[][] or Iterator&lt;Object&gt;[], not class [[Ljava.lang.Object;">
      <![CDATA[org.testng.TestNGException: 
Data Provider public synchronized java.lang.Object[][] rebill.testngRebillSlowMfRetire.dataProviderMethod2() must return either Object[][] or Iterator<Object>[], not class [[Ljava.lang.Object;
	at org.testng.internal.MethodInvocationHelper.invokeDataProvider(MethodInvocationHelper.java:137)
	at org.testng.internal.Parameters.handleParameters(Parameters.java:509)
	at org.testng.internal.Invoker.handleParameters(Invoker.java:1308)
	at org.testng.internal.Invoker.createParameters(Invoker.java:1036)
	at org.testng.internal.Invoker.invokeTestMethods(Invoker.java:1126)
	at org.testng.internal.TestMethodWorker.invokeTestMethods(TestMethodWorker.java:126)
	at org.testng.internal.TestMethodWorker.run(TestMethodWorker.java:109)
	at java.util.concurrent.ThreadPoolExecutor.runWorker(Unknown Source)
	at java.util.concurrent.ThreadPoolExecutor$Worker.run(Unknown Source)
	at java.lang.Thread.run(Unknown Source)
]]>
    </error>
  </testcase> <!-- testMethod2 -->
  <testcase name="testMethod1" time="51.378" classname="rebill.testngRebillSlowMfRetire"/>
  <testcase name="testMethod1" time="79.549" classname="rebill.testngRebillSlowMfRetire"/>
  <testcase name="testMethod1" time="133.659" classname="rebill.testngRebillSlowMfRetire">
    <failure type="java.lang.AssertionError" message="org.openqa.selenium.NoSuchElementException: no such element: Unable to locate element: {&quot;method&quot;:&quot;xpath&quot;,&quot;selector&quot;:&quot;/html/body/div[6]/div/div/div[1]/div[1]/h4&quot;}
  (Session info: chrome=81.0.4044.138)
  (Driver info: chromedriver=2.41.578737 (49da6702b16031c40d63e5618de03a32ff6c197e),platform=Windows NT 6.1.7601 SP1 x86) (WARNING: The server did not provide any stacktrace information)
Command duration or timeout: 0 milliseconds
For documentation on this error, please visit: https://www.seleniumhq.org/exceptions/no_such_element.html
Build info: version: &#039;3.141.59&#039;, revision: &#039;e82be7d358&#039;, time: &#039;2018-11-14T08:25:48&#039;
System info: host: &#039;SQA-CRS-021&#039;, ip: &#039;10.255.251.244&#039;, os.name: &#039;Windows 7&#039;, os.arch: &#039;x86&#039;, os.version: &#039;6.1&#039;, java.version: &#039;1.8.0_212&#039;
Driver info: org.openqa.selenium.chrome.ChromeDriver
Capabilities {acceptInsecureCerts: false, acceptSslCerts: false, applicationCacheEnabled: false, browserConnectionEnabled: false, browserName: chrome, chrome: {chromedriverVersion: 2.41.578737 (49da6702b16031..., userDataDir: C:\Users\FEDEXU~1\AppData\L...}, cssSelectorsEnabled: true, databaseEnabled: false, goog:chromeOptions: {debuggerAddress: localhost:60464}, handlesAlerts: true, hasTouchScreen: false, javascriptEnabled: true, locationContextEnabled: true, mobileEmulationEnabled: false, nativeEvents: true, networkConnectionEnabled: false, pageLoadStrategy: normal, platform: XP, platformName: XP, rotatable: false, setWindowRect: true, takesHeapSnapshot: true, takesScreenshot: true, unexpectedAlertBehaviour: , unhandledPromptBehavior: , version: 81.0.4044.138, webStorageEnabled: true}
Session ID: 96645f5b603b37e6e1fd5b364ce64187
*** Element info: {Using=xpath, value=/html/body/div[6]/div/div/div[1]/div[1]/h4} Could Not Get to Rebill Screen">
      <![CDATA[java.lang.AssertionError: org.openqa.selenium.NoSuchElementException: no such element: Unable to locate element: {"method":"xpath","selector":"/html/body/div[6]/div/div/div[1]/div[1]/h4"}
  (Session info: chrome=81.0.4044.138)
  (Driver info: chromedriver=2.41.578737 (49da6702b16031c40d63e5618de03a32ff6c197e),platform=Windows NT 6.1.7601 SP1 x86) (WARNING: The server did not provide any stacktrace information)
Command duration or timeout: 0 milliseconds
For documentation on this error, please visit: https://www.seleniumhq.org/exceptions/no_such_element.html
Build info: version: '3.141.59', revision: 'e82be7d358', time: '2018-11-14T08:25:48'
System info: host: 'SQA-CRS-021', ip: '10.255.251.244', os.name: 'Windows 7', os.arch: 'x86', os.version: '6.1', java.version: '1.8.0_212'
Driver info: org.openqa.selenium.chrome.ChromeDriver
Capabilities {acceptInsecureCerts: false, acceptSslCerts: false, applicationCacheEnabled: false, browserConnectionEnabled: false, browserName: chrome, chrome: {chromedriverVersion: 2.41.578737 (49da6702b16031..., userDataDir: C:\Users\FEDEXU~1\AppData\L...}, cssSelectorsEnabled: true, databaseEnabled: false, goog:chromeOptions: {debuggerAddress: localhost:60464}, handlesAlerts: true, hasTouchScreen: false, javascriptEnabled: true, locationContextEnabled: true, mobileEmulationEnabled: false, nativeEvents: true, networkConnectionEnabled: false, pageLoadStrategy: normal, platform: XP, platformName: XP, rotatable: false, setWindowRect: true, takesHeapSnapshot: true, takesScreenshot: true, unexpectedAlertBehaviour: , unhandledPromptBehavior: , version: 81.0.4044.138, webStorageEnabled: true}
Session ID: 96645f5b603b37e6e1fd5b364ce64187
*** Element info: {Using=xpath, value=/html/body/div[6]/div/div/div[1]/div[1]/h4} Could Not Get to Rebill Screen
	at org.testng.Assert.fail(Assert.java:93)
	at rebill.testngRebillSlowMfRetire.doRebill(testngRebillSlowMfRetire.java:1225)
	at rebill.testngRebillSlowMfRetire.testMethod1(testngRebillSlowMfRetire.java:610)
	at sun.reflect.GeneratedMethodAccessor2.invoke(Unknown Source)
	at sun.reflect.DelegatingMethodAccessorImpl.invoke(Unknown Source)
	at java.lang.reflect.Method.invoke(Unknown Source)
	at org.testng.internal.MethodInvocationHelper.invokeMethod(MethodInvocationHelper.java:108)
	at org.testng.internal.Invoker.invokeMethod(Invoker.java:661)
	at org.testng.internal.Invoker.invokeTestMethod(Invoker.java:869)
	at org.testng.internal.Invoker.invokeTestMethods(Invoker.java:1193)
	at org.testng.internal.TestMethodWorker.invokeTestMethods(TestMethodWorker.java:126)
	at org.testng.internal.TestMethodWorker.run(TestMethodWorker.java:109)
	at java.util.concurrent.ThreadPoolExecutor.runWorker(Unknown Source)
	at java.util.concurrent.ThreadPoolExecutor$Worker.run(Unknown Source)
	at java.lang.Thread.run(Unknown Source)
>>>>>>> branch 'master' of https://github.com/5194105/Master-GUI.git
]]>
    </failure>
  </testcase> <!-- testMethod1 -->
<<<<<<< HEAD
  <system-out/>
  <testcase name="testMethod1" time="49.523" classname="rebill.testngRebillSlowMfRetire"/>
  <system-out/>
  <testcase name="testMethod1" time="49.765" classname="rebill.testngRebillSlowMfRetire"/>
  <system-out/>
  <testcase name="testMethod1" time="48.114" classname="rebill.testngRebillSlowMfRetire"/>
  <system-out/>
  <testcase name="testMethod1" time="43.017" classname="rebill.testngRebillSlowMfRetire">
    <skipped/>
  </testcase> <!-- testMethod1 -->
  <system-out/>
  <testcase name="testMethod1" time="49.267" classname="rebill.testngRebillSlowMfRetire"/>
  <system-out/>
  <testcase name="testMethod1" time="47.844" classname="rebill.testngRebillSlowMfRetire"/>
  <system-out/>
  <testcase name="testMethod1" time="69.966" classname="rebill.testngRebillSlowMfRetire"/>
  <system-out/>
  <testcase name="testMethod1" time="71.091" classname="rebill.testngRebillSlowMfRetire"/>
  <system-out/>
  <testcase name="testMethod1" time="49.127" classname="rebill.testngRebillSlowMfRetire">
    <skipped/>
  </testcase> <!-- testMethod1 -->
  <system-out/>
  <testcase name="testMethod1" time="49.217" classname="rebill.testngRebillSlowMfRetire">
    <skipped/>
  </testcase> <!-- testMethod1 -->
  <system-out/>
  <testcase name="testMethod1" time="49.249" classname="rebill.testngRebillSlowMfRetire">
    <skipped/>
  </testcase> <!-- testMethod1 -->
  <system-out/>
  <testcase name="testMethod1" time="47.688" classname="rebill.testngRebillSlowMfRetire"/>
  <system-out/>
  <testcase name="testMethod1" time="48.645" classname="rebill.testngRebillSlowMfRetire"/>
  <system-out/>
  <testcase name="testMethod1" time="48.749" classname="rebill.testngRebillSlowMfRetire">
    <skipped/>
  </testcase> <!-- testMethod1 -->
  <system-out/>
  <testcase name="testMethod1" time="46.599" classname="rebill.testngRebillSlowMfRetire"/>
  <system-out/>
  <testcase name="testMethod1" time="47.709" classname="rebill.testngRebillSlowMfRetire"/>
  <system-out/>
  <testcase name="testMethod1" time="44.859" classname="rebill.testngRebillSlowMfRetire">
    <skipped/>
  </testcase> <!-- testMethod1 -->
  <system-out/>
  <testcase name="testMethod1" time="74.237" classname="rebill.testngRebillSlowMfRetire">
    <skipped/>
  </testcase> <!-- testMethod1 -->
  <system-out/>
  <testcase name="testMethod1" time="117.033" classname="rebill.testngRebillSlowMfRetire"/>
  <system-out/>
  <testcase name="testMethod1" time="51.620" classname="rebill.testngRebillSlowMfRetire"/>
  <system-out/>
  <testcase name="testMethod1" time="49.260" classname="rebill.testngRebillSlowMfRetire"/>
  <system-out/>
  <testcase name="testMethod1" time="40.389" classname="rebill.testngRebillSlowMfRetire">
    <skipped/>
  </testcase> <!-- testMethod1 -->
  <system-out/>
  <testcase name="testMethod1" time="49.681" classname="rebill.testngRebillSlowMfRetire"/>
  <system-out/>
  <testcase name="testMethod1" time="49.053" classname="rebill.testngRebillSlowMfRetire">
    <skipped/>
  </testcase> <!-- testMethod1 -->
  <system-out/>
  <testcase name="testMethod1" time="42.271" classname="rebill.testngRebillSlowMfRetire">
    <skipped/>
  </testcase> <!-- testMethod1 -->
  <system-out/>
  <testcase name="testMethod1" time="50.486" classname="rebill.testngRebillSlowMfRetire"/>
  <system-out/>
  <testcase name="testMethod1" time="49.898" classname="rebill.testngRebillSlowMfRetire"/>
  <system-out/>
  <testcase name="testMethod1" time="53.443" classname="rebill.testngRebillSlowMfRetire">
    <skipped/>
  </testcase> <!-- testMethod1 -->
  <system-out/>
  <testcase name="testMethod1" time="40.818" classname="rebill.testngRebillSlowMfRetire">
    <skipped/>
  </testcase> <!-- testMethod1 -->
  <system-out/>
  <testcase name="testMethod1" time="72.325" classname="rebill.testngRebillSlowMfRetire"/>
  <system-out/>
  <testcase name="testMethod1" time="53.400" classname="rebill.testngRebillSlowMfRetire">
    <skipped/>
  </testcase> <!-- testMethod1 -->
  <system-out/>
  <testcase name="testMethod1" time="72.486" classname="rebill.testngRebillSlowMfRetire"/>
  <system-out/>
  <testcase name="testMethod1" time="57.330" classname="rebill.testngRebillSlowMfRetire"/>
  <system-out/>
  <testcase name="testMethod1" time="62.734" classname="rebill.testngRebillSlowMfRetire"/>
  <system-out/>
  <testcase name="testMethod1" time="49.439" classname="rebill.testngRebillSlowMfRetire">
    <skipped/>
  </testcase> <!-- testMethod1 -->
  <system-out/>
  <testcase name="testMethod1" time="49.382" classname="rebill.testngRebillSlowMfRetire"/>
  <system-out/>
  <testcase name="testMethod1" time="50.179" classname="rebill.testngRebillSlowMfRetire"/>
  <system-out/>
  <testcase name="testMethod1" time="47.763" classname="rebill.testngRebillSlowMfRetire"/>
  <system-out/>
  <testcase name="testMethod1" time="50.332" classname="rebill.testngRebillSlowMfRetire"/>
  <system-out/>
  <testcase name="testMethod1" time="54.964" classname="rebill.testngRebillSlowMfRetire"/>
  <system-out/>
  <testcase name="testMethod1" time="68.367" classname="rebill.testngRebillSlowMfRetire"/>
  <system-out/>
  <testcase name="testMethod1" time="41.394" classname="rebill.testngRebillSlowMfRetire">
    <skipped/>
  </testcase> <!-- testMethod1 -->
  <system-out/>
  <testcase name="testMethod1" time="69.862" classname="rebill.testngRebillSlowMfRetire"/>
  <system-out/>
  <testcase name="testMethod1" time="49.638" classname="rebill.testngRebillSlowMfRetire">
    <skipped/>
  </testcase> <!-- testMethod1 -->
  <system-out/>
  <testcase name="testMethod1" time="71.746" classname="rebill.testngRebillSlowMfRetire">
    <skipped/>
  </testcase> <!-- testMethod1 -->
  <system-out/>
  <testcase name="testMethod1" time="74.510" classname="rebill.testngRebillSlowMfRetire">
    <skipped/>
  </testcase> <!-- testMethod1 -->
  <system-out/>
  <testcase name="testMethod1" time="49.442" classname="rebill.testngRebillSlowMfRetire">
    <skipped/>
  </testcase> <!-- testMethod1 -->
  <system-out/>
  <testcase name="testMethod1" time="73.969" classname="rebill.testngRebillSlowMfRetire"/>
  <system-out/>
  <testcase name="testMethod1" time="71.798" classname="rebill.testngRebillSlowMfRetire"/>
  <system-out/>
  <testcase name="testMethod1" time="69.251" classname="rebill.testngRebillSlowMfRetire"/>
  <system-out/>
  <testcase name="testMethod1" time="111.184" classname="rebill.testngRebillSlowMfRetire"/>
  <system-out/>
  <testcase name="testMethod1" time="96.565" classname="rebill.testngRebillSlowMfRetire">
    <skipped/>
  </testcase> <!-- testMethod1 -->
  <system-out/>
  <testcase name="testMethod1" time="48.203" classname="rebill.testngRebillSlowMfRetire">
    <skipped/>
  </testcase> <!-- testMethod1 -->
  <system-out/>
  <testcase name="testMethod1" time="46.631" classname="rebill.testngRebillSlowMfRetire"/>
  <system-out/>
  <testcase name="testMethod1" time="48.508" classname="rebill.testngRebillSlowMfRetire"/>
  <system-out/>
  <testcase name="testMethod1" time="74.434" classname="rebill.testngRebillSlowMfRetire">
    <skipped/>
  </testcase> <!-- testMethod1 -->
  <system-out/>
  <testcase name="testMethod1" time="46.995" classname="rebill.testngRebillSlowMfRetire"/>
  <system-out/>
  <testcase name="testMethod1" time="69.851" classname="rebill.testngRebillSlowMfRetire"/>
  <system-out/>
  <testcase name="testMethod1" time="69.487" classname="rebill.testngRebillSlowMfRetire"/>
  <system-out/>
  <testcase name="testMethod1" time="49.204" classname="rebill.testngRebillSlowMfRetire">
    <skipped/>
  </testcase> <!-- testMethod1 -->
  <system-out/>
  <testcase name="testMethod1" time="77.398" classname="rebill.testngRebillSlowMfRetire">
    <skipped/>
  </testcase> <!-- testMethod1 -->
  <system-out/>
  <testcase name="testMethod1" time="49.184" classname="rebill.testngRebillSlowMfRetire"/>
  <system-out/>
  <testcase name="testMethod1" time="48.684" classname="rebill.testngRebillSlowMfRetire">
    <failure type="java.lang.AssertionError" message="org.openqa.selenium.NoSuchElementException: no such element: Unable to locate element: {&quot;method&quot;:&quot;xpath&quot;,&quot;selector&quot;:&quot;/html/body/div[6]/div/div/div[1]/div[1]/h4&quot;}
  (Session info: chrome=83.0.4103.61)
  (Driver info: chromedriver=2.41.578737 (49da6702b16031c40d63e5618de03a32ff6c197e),platform=Windows NT 6.1.7601 SP1 x86) (WARNING: The server did not provide any stacktrace information)
Command duration or timeout: 0 milliseconds
For documentation on this error, please visit: https://www.seleniumhq.org/exceptions/no_such_element.html
Build info: version: &#039;3.141.59&#039;, revision: &#039;e82be7d358&#039;, time: &#039;2018-11-14T08:25:48&#039;
System info: host: &#039;SQA-CRS-025&#039;, ip: &#039;10.255.250.86&#039;, os.name: &#039;Windows 7&#039;, os.arch: &#039;x86&#039;, os.version: &#039;6.1&#039;, java.version: &#039;1.8.0_181&#039;
Driver info: org.openqa.selenium.chrome.ChromeDriver
Capabilities {acceptInsecureCerts: false, acceptSslCerts: false, applicationCacheEnabled: false, browserConnectionEnabled: false, browserName: chrome, chrome: {chromedriverVersion: 2.41.578737 (49da6702b16031..., userDataDir: C:\Users\FEDEXU~1\AppData\L...}, cssSelectorsEnabled: true, databaseEnabled: false, goog:chromeOptions: {debuggerAddress: localhost:60951}, handlesAlerts: true, hasTouchScreen: false, javascriptEnabled: true, locationContextEnabled: true, mobileEmulationEnabled: false, nativeEvents: true, networkConnectionEnabled: false, pageLoadStrategy: normal, platform: XP, platformName: XP, rotatable: false, setWindowRect: true, takesHeapSnapshot: true, takesScreenshot: true, unexpectedAlertBehaviour: , unhandledPromptBehavior: , version: 83.0.4103.61, webStorageEnabled: true}
Session ID: 65abbbec50faf64b6e1fb5e1d785f77a
*** Element info: {Using=xpath, value=/html/body/div[6]/div/div/div[1]/div[1]/h4} Could Not Get to Rebill Screen">
      <![CDATA[java.lang.AssertionError: org.openqa.selenium.NoSuchElementException: no such element: Unable to locate element: {"method":"xpath","selector":"/html/body/div[6]/div/div/div[1]/div[1]/h4"}
  (Session info: chrome=83.0.4103.61)
  (Driver info: chromedriver=2.41.578737 (49da6702b16031c40d63e5618de03a32ff6c197e),platform=Windows NT 6.1.7601 SP1 x86) (WARNING: The server did not provide any stacktrace information)
Command duration or timeout: 0 milliseconds
For documentation on this error, please visit: https://www.seleniumhq.org/exceptions/no_such_element.html
Build info: version: '3.141.59', revision: 'e82be7d358', time: '2018-11-14T08:25:48'
System info: host: 'SQA-CRS-025', ip: '10.255.250.86', os.name: 'Windows 7', os.arch: 'x86', os.version: '6.1', java.version: '1.8.0_181'
Driver info: org.openqa.selenium.chrome.ChromeDriver
Capabilities {acceptInsecureCerts: false, acceptSslCerts: false, applicationCacheEnabled: false, browserConnectionEnabled: false, browserName: chrome, chrome: {chromedriverVersion: 2.41.578737 (49da6702b16031..., userDataDir: C:\Users\FEDEXU~1\AppData\L...}, cssSelectorsEnabled: true, databaseEnabled: false, goog:chromeOptions: {debuggerAddress: localhost:60951}, handlesAlerts: true, hasTouchScreen: false, javascriptEnabled: true, locationContextEnabled: true, mobileEmulationEnabled: false, nativeEvents: true, networkConnectionEnabled: false, pageLoadStrategy: normal, platform: XP, platformName: XP, rotatable: false, setWindowRect: true, takesHeapSnapshot: true, takesScreenshot: true, unexpectedAlertBehaviour: , unhandledPromptBehavior: , version: 83.0.4103.61, webStorageEnabled: true}
Session ID: 65abbbec50faf64b6e1fb5e1d785f77a
*** Element info: {Using=xpath, value=/html/body/div[6]/div/div/div[1]/div[1]/h4} Could Not Get to Rebill Screen
at org.testng.Assert.fail(Assert.java:97)
at rebill.testngRebillSlowMfRetire.doRebill(testngRebillSlowMfRetire.java:1225)
at rebill.testngRebillSlowMfRetire.testMethod1(testngRebillSlowMfRetire.java:610)
at sun.reflect.GeneratedMethodAccessor2.invoke(Unknown Source)
at sun.reflect.DelegatingMethodAccessorImpl.invoke(Unknown Source)
at java.lang.reflect.Method.invoke(Unknown Source)
at org.testng.internal.MethodInvocationHelper.invokeMethod(MethodInvocationHelper.java:135)
at org.testng.internal.TestInvoker.invokeMethod(TestInvoker.java:598)
at org.testng.internal.TestInvoker.retryFailed(TestInvoker.java:214)
at org.testng.internal.MethodRunner.runInSequence(MethodRunner.java:58)
at org.testng.internal.TestInvoker$MethodInvocationAgent.invoke(TestInvoker.java:821)
at org.testng.internal.TestInvoker.invokeTestMethods(TestInvoker.java:147)
at org.testng.internal.TestMethodWorker.invokeTestMethods(TestMethodWorker.java:146)
at org.testng.internal.TestMethodWorker.run(TestMethodWorker.java:128)
at java.util.concurrent.ThreadPoolExecutor.runWorker(Unknown Source)
at java.util.concurrent.ThreadPoolExecutor$Worker.run(Unknown Source)
at java.lang.Thread.run(Unknown Source)
=======
  <testcase name="testMethod1" time="52.880" classname="rebill.testngRebillSlowMfRetire"/>
  <testcase name="testMethod1" time="51.377" classname="rebill.testngRebillSlowMfRetire"/>
  <testcase name="testMethod1" time="51.420" classname="rebill.testngRebillSlowMfRetire"/>
  <testcase name="testMethod1" time="52.492" classname="rebill.testngRebillSlowMfRetire"/>
  <testcase name="testMethod1" time="73.862" classname="rebill.testngRebillSlowMfRetire"/>
  <testcase name="testMethod1" time="49.825" classname="rebill.testngRebillSlowMfRetire"/>
  <testcase name="testMethod1" time="51.338" classname="rebill.testngRebillSlowMfRetire"/>
=======
<testsuite skipped="0" hostname="SQA-CRS-025" name="rebill.testngRebillSlowMfRetire" tests="5" failures="0" timestamp="2020-06-15T12:27:36 CDT" time="-1592242048.000" errors="5">
>>>>>>> branch 'master' of https://github.com/5194105/Master-GUI.git
  <testcase name="testMethod4" time="0.000" classname="rebill.testngRebillSlowMfRetire">
<<<<<<< HEAD
    <error type="org.testng.TestNGException" message="
Data Provider public synchronized java.lang.Object[][] rebill.testngRebillSlowMfRetire.dataProviderMethod4() must return either Object[][] or Iterator&lt;Object&gt;[], not class [[Ljava.lang.Object;">
      <![CDATA[org.testng.TestNGException: 
=======
    <error type="org.testng.TestNGException" message="
Data Provider public synchronized java.lang.Object[][] rebill.testngRebillSlowMfRetire.dataProviderMethod4() returned a null value">
      <![CDATA[org.testng.TestNGException: 
<<<<<<< HEAD
>>>>>>> branch 'master' of https://github.com/5194105/Master-GUI.git
Data Provider public synchronized java.lang.Object[][] rebill.testngRebillSlowMfRetire.dataProviderMethod4() must return either Object[][] or Iterator<Object>[], not class [[Ljava.lang.Object;
	at org.testng.internal.MethodInvocationHelper.invokeDataProvider(MethodInvocationHelper.java:137)
	at org.testng.internal.Parameters.handleParameters(Parameters.java:509)
	at org.testng.internal.Invoker.handleParameters(Invoker.java:1308)
	at org.testng.internal.Invoker.createParameters(Invoker.java:1036)
	at org.testng.internal.Invoker.invokeTestMethods(Invoker.java:1126)
	at org.testng.internal.TestMethodWorker.invokeTestMethods(TestMethodWorker.java:126)
	at org.testng.internal.TestMethodWorker.run(TestMethodWorker.java:109)
	at java.util.concurrent.ThreadPoolExecutor.runWorker(Unknown Source)
	at java.util.concurrent.ThreadPoolExecutor$Worker.run(Unknown Source)
	at java.lang.Thread.run(Unknown Source)
>>>>>>> branch 'master' of https://github.com/5194105/Master-GUI.git
=======
Data Provider public synchronized java.lang.Object[][] rebill.testngRebillSlowMfRetire.dataProviderMethod4() returned a null value
at org.testng.internal.MethodInvocationHelper.invokeDataProvider(MethodInvocationHelper.java:150)
at org.testng.internal.Parameters.handleParameters(Parameters.java:797)
at org.testng.internal.Parameters.handleParameters(Parameters.java:740)
at org.testng.internal.ParameterHandler.handleParameters(ParameterHandler.java:59)
at org.testng.internal.ParameterHandler.createParameters(ParameterHandler.java:38)
at org.testng.internal.TestInvoker$MethodInvocationAgent.invoke(TestInvoker.java:788)
at org.testng.internal.TestInvoker.invokeTestMethods(TestInvoker.java:147)
at org.testng.internal.TestMethodWorker.invokeTestMethods(TestMethodWorker.java:146)
at org.testng.internal.TestMethodWorker.run(TestMethodWorker.java:128)
at java.util.concurrent.ThreadPoolExecutor.runWorker(ThreadPoolExecutor.java:1149)
at java.util.concurrent.ThreadPoolExecutor$Worker.run(ThreadPoolExecutor.java:624)
at java.lang.Thread.run(Thread.java:748)
>>>>>>> branch 'master' of https://github.com/5194105/Master-GUI.git
]]>
<<<<<<< HEAD
    </failure>
  </testcase> <!-- testMethod1 -->
  <system-out/>
  <testcase name="testMethod1" time="51.578" classname="rebill.testngRebillSlowMfRetire"/>
  <system-out/>
  <testcase name="testMethod1" time="49.045" classname="rebill.testngRebillSlowMfRetire"/>
  <system-out/>
  <testcase name="testMethod1" time="46.042" classname="rebill.testngRebillSlowMfRetire">
    <skipped/>
  </testcase> <!-- testMethod1 -->
  <system-out/>
  <testcase name="testMethod1" time="52.532" classname="rebill.testngRebillSlowMfRetire"/>
  <system-out/>
  <testcase name="testMethod1" time="50.523" classname="rebill.testngRebillSlowMfRetire"/>
  <system-out/>
  <testcase name="testMethod1" time="42.155" classname="rebill.testngRebillSlowMfRetire">
    <skipped/>
  </testcase> <!-- testMethod1 -->
  <system-out/>
  <testcase name="testMethod1" time="47.439" classname="rebill.testngRebillSlowMfRetire"/>
  <system-out/>
  <testcase name="testMethod1" time="48.512" classname="rebill.testngRebillSlowMfRetire">
    <skipped/>
  </testcase> <!-- testMethod1 -->
  <system-out/>
  <testcase name="testMethod1" time="47.258" classname="rebill.testngRebillSlowMfRetire"/>
  <system-out/>
  <testcase name="testMethod1" time="60.943" classname="rebill.testngRebillSlowMfRetire">
    <skipped/>
  </testcase> <!-- testMethod1 -->
  <system-out/>
  <testcase name="testMethod1" time="49.252" classname="rebill.testngRebillSlowMfRetire">
    <skipped/>
  </testcase> <!-- testMethod1 -->
  <system-out/>
  <testcase name="testMethod1" time="74.665" classname="rebill.testngRebillSlowMfRetire">
    <skipped/>
  </testcase> <!-- testMethod1 -->
  <system-out/>
  <testcase name="testMethod1" time="48.429" classname="rebill.testngRebillSlowMfRetire"/>
  <system-out/>
  <testcase name="testMethod1" time="80.087" classname="rebill.testngRebillSlowMfRetire"/>
  <system-out/>
  <testcase name="testMethod1" time="48.023" classname="rebill.testngRebillSlowMfRetire"/>
  <system-out/>
  <testcase name="testMethod1" time="47.819" classname="rebill.testngRebillSlowMfRetire"/>
  <system-out/>
  <testcase name="testMethod1" time="49.159" classname="rebill.testngRebillSlowMfRetire">
    <skipped/>
  </testcase> <!-- testMethod1 -->
  <system-out/>
  <testcase name="testMethod1" time="53.241" classname="rebill.testngRebillSlowMfRetire">
    <skipped/>
  </testcase> <!-- testMethod1 -->
  <system-out/>
  <testcase name="testMethod1" time="48.181" classname="rebill.testngRebillSlowMfRetire">
    <skipped/>
  </testcase> <!-- testMethod1 -->
  <system-out/>
  <testcase name="testMethod1" time="49.289" classname="rebill.testngRebillSlowMfRetire">
    <skipped/>
  </testcase> <!-- testMethod1 -->
  <system-out/>
  <testcase name="testMethod1" time="48.163" classname="rebill.testngRebillSlowMfRetire"/>
  <system-out/>
  <testcase name="testMethod1" time="48.707" classname="rebill.testngRebillSlowMfRetire">
    <skipped/>
  </testcase> <!-- testMethod1 -->
  <system-out/>
  <testcase name="testMethod1" time="71.775" classname="rebill.testngRebillSlowMfRetire">
    <skipped/>
  </testcase> <!-- testMethod1 -->
  <system-out/>
  <testcase name="testMethod1" time="70.849" classname="rebill.testngRebillSlowMfRetire"/>
  <system-out/>
  <testcase name="testMethod1" time="51.578" classname="rebill.testngRebillSlowMfRetire">
    <skipped/>
  </testcase> <!-- testMethod1 -->
  <system-out/>
  <testcase name="testMethod1" time="74.040" classname="rebill.testngRebillSlowMfRetire">
    <skipped/>
  </testcase> <!-- testMethod1 -->
  <system-out/>
  <testcase name="testMethod1" time="51.398" classname="rebill.testngRebillSlowMfRetire"/>
  <system-out/>
  <testcase name="testMethod1" time="49.838" classname="rebill.testngRebillSlowMfRetire">
    <skipped/>
  </testcase> <!-- testMethod1 -->
  <system-out/>
  <testcase name="testMethod1" time="49.730" classname="rebill.testngRebillSlowMfRetire"/>
  <system-out/>
  <testcase name="testMethod1" time="111.991" classname="rebill.testngRebillSlowMfRetire"/>
  <system-out/>
  <testcase name="testMethod1" time="49.850" classname="rebill.testngRebillSlowMfRetire"/>
  <system-out/>
  <testcase name="testMethod1" time="73.458" classname="rebill.testngRebillSlowMfRetire"/>
  <system-out/>
  <testcase name="testMethod1" time="74.415" classname="rebill.testngRebillSlowMfRetire"/>
  <system-out/>
  <testcase name="testMethod1" time="76.013" classname="rebill.testngRebillSlowMfRetire"/>
  <system-out/>
  <testcase name="testMethod1" time="70.782" classname="rebill.testngRebillSlowMfRetire"/>
  <system-out/>
  <testcase name="testMethod1" time="69.880" classname="rebill.testngRebillSlowMfRetire"/>
  <system-out/>
  <testcase name="testMethod1" time="50.884" classname="rebill.testngRebillSlowMfRetire"/>
  <system-out/>
  <testcase name="testMethod1" time="69.155" classname="rebill.testngRebillSlowMfRetire"/>
  <system-out/>
  <testcase name="testMethod1" time="70.341" classname="rebill.testngRebillSlowMfRetire"/>
  <system-out/>
  <testcase name="testMethod1" time="47.852" classname="rebill.testngRebillSlowMfRetire"/>
  <system-out/>
  <testcase name="testMethod1" time="49.541" classname="rebill.testngRebillSlowMfRetire"/>
  <system-out/>
  <testcase name="testMethod1" time="47.845" classname="rebill.testngRebillSlowMfRetire"/>
  <system-out/>
  <testcase name="testMethod1" time="53.060" classname="rebill.testngRebillSlowMfRetire"/>
  <system-out/>
  <testcase name="testMethod1" time="48.876" classname="rebill.testngRebillSlowMfRetire">
    <failure type="java.lang.AssertionError" message="org.openqa.selenium.NoSuchElementException: no such element: Unable to locate element: {&quot;method&quot;:&quot;xpath&quot;,&quot;selector&quot;:&quot;/html/body/div[6]/div/div/div[1]/div[1]/h4&quot;}
  (Session info: chrome=83.0.4103.61)
  (Driver info: chromedriver=2.41.578737 (49da6702b16031c40d63e5618de03a32ff6c197e),platform=Windows NT 6.1.7601 SP1 x86) (WARNING: The server did not provide any stacktrace information)
Command duration or timeout: 0 milliseconds
For documentation on this error, please visit: https://www.seleniumhq.org/exceptions/no_such_element.html
Build info: version: &#039;3.141.59&#039;, revision: &#039;e82be7d358&#039;, time: &#039;2018-11-14T08:25:48&#039;
System info: host: &#039;SQA-CRS-025&#039;, ip: &#039;10.255.250.86&#039;, os.name: &#039;Windows 7&#039;, os.arch: &#039;x86&#039;, os.version: &#039;6.1&#039;, java.version: &#039;1.8.0_181&#039;
Driver info: org.openqa.selenium.chrome.ChromeDriver
Capabilities {acceptInsecureCerts: false, acceptSslCerts: false, applicationCacheEnabled: false, browserConnectionEnabled: false, browserName: chrome, chrome: {chromedriverVersion: 2.41.578737 (49da6702b16031..., userDataDir: C:\Users\FEDEXU~1\AppData\L...}, cssSelectorsEnabled: true, databaseEnabled: false, goog:chromeOptions: {debuggerAddress: localhost:60311}, handlesAlerts: true, hasTouchScreen: false, javascriptEnabled: true, locationContextEnabled: true, mobileEmulationEnabled: false, nativeEvents: true, networkConnectionEnabled: false, pageLoadStrategy: normal, platform: XP, platformName: XP, rotatable: false, setWindowRect: true, takesHeapSnapshot: true, takesScreenshot: true, unexpectedAlertBehaviour: , unhandledPromptBehavior: , version: 83.0.4103.61, webStorageEnabled: true}
Session ID: 8400d403edfa6a7feaf359c5d0adfdb5
*** Element info: {Using=xpath, value=/html/body/div[6]/div/div/div[1]/div[1]/h4} Could Not Get to Rebill Screen">
      <![CDATA[java.lang.AssertionError: org.openqa.selenium.NoSuchElementException: no such element: Unable to locate element: {"method":"xpath","selector":"/html/body/div[6]/div/div/div[1]/div[1]/h4"}
  (Session info: chrome=83.0.4103.61)
  (Driver info: chromedriver=2.41.578737 (49da6702b16031c40d63e5618de03a32ff6c197e),platform=Windows NT 6.1.7601 SP1 x86) (WARNING: The server did not provide any stacktrace information)
Command duration or timeout: 0 milliseconds
For documentation on this error, please visit: https://www.seleniumhq.org/exceptions/no_such_element.html
Build info: version: '3.141.59', revision: 'e82be7d358', time: '2018-11-14T08:25:48'
System info: host: 'SQA-CRS-025', ip: '10.255.250.86', os.name: 'Windows 7', os.arch: 'x86', os.version: '6.1', java.version: '1.8.0_181'
Driver info: org.openqa.selenium.chrome.ChromeDriver
Capabilities {acceptInsecureCerts: false, acceptSslCerts: false, applicationCacheEnabled: false, browserConnectionEnabled: false, browserName: chrome, chrome: {chromedriverVersion: 2.41.578737 (49da6702b16031..., userDataDir: C:\Users\FEDEXU~1\AppData\L...}, cssSelectorsEnabled: true, databaseEnabled: false, goog:chromeOptions: {debuggerAddress: localhost:60311}, handlesAlerts: true, hasTouchScreen: false, javascriptEnabled: true, locationContextEnabled: true, mobileEmulationEnabled: false, nativeEvents: true, networkConnectionEnabled: false, pageLoadStrategy: normal, platform: XP, platformName: XP, rotatable: false, setWindowRect: true, takesHeapSnapshot: true, takesScreenshot: true, unexpectedAlertBehaviour: , unhandledPromptBehavior: , version: 83.0.4103.61, webStorageEnabled: true}
Session ID: 8400d403edfa6a7feaf359c5d0adfdb5
*** Element info: {Using=xpath, value=/html/body/div[6]/div/div/div[1]/div[1]/h4} Could Not Get to Rebill Screen
at org.testng.Assert.fail(Assert.java:97)
at rebill.testngRebillSlowMfRetire.doRebill(testngRebillSlowMfRetire.java:1225)
at rebill.testngRebillSlowMfRetire.testMethod1(testngRebillSlowMfRetire.java:610)
at sun.reflect.GeneratedMethodAccessor2.invoke(Unknown Source)
at sun.reflect.DelegatingMethodAccessorImpl.invoke(Unknown Source)
at java.lang.reflect.Method.invoke(Unknown Source)
at org.testng.internal.MethodInvocationHelper.invokeMethod(MethodInvocationHelper.java:135)
at org.testng.internal.TestInvoker.invokeMethod(TestInvoker.java:598)
at org.testng.internal.TestInvoker.retryFailed(TestInvoker.java:214)
at org.testng.internal.MethodRunner.runInSequence(MethodRunner.java:58)
at org.testng.internal.TestInvoker$MethodInvocationAgent.invoke(TestInvoker.java:821)
at org.testng.internal.TestInvoker.invokeTestMethods(TestInvoker.java:147)
at org.testng.internal.TestMethodWorker.invokeTestMethods(TestMethodWorker.java:146)
at org.testng.internal.TestMethodWorker.run(TestMethodWorker.java:128)
at java.util.concurrent.ThreadPoolExecutor.runWorker(Unknown Source)
at java.util.concurrent.ThreadPoolExecutor$Worker.run(Unknown Source)
at java.lang.Thread.run(Unknown Source)
]]>
    </failure>
  </testcase> <!-- testMethod1 -->
  <system-out/>
  <testcase name="testMethod1" time="48.831" classname="rebill.testngRebillSlowMfRetire">
    <skipped/>
  </testcase> <!-- testMethod1 -->
  <system-out/>
  <testcase name="testMethod1" time="70.441" classname="rebill.testngRebillSlowMfRetire"/>
  <system-out/>
  <testcase name="testMethod1" time="49.670" classname="rebill.testngRebillSlowMfRetire">
    <skipped/>
  </testcase> <!-- testMethod1 -->
  <system-out/>
  <testcase name="testMethod1" time="49.213" classname="rebill.testngRebillSlowMfRetire">
    <skipped/>
  </testcase> <!-- testMethod1 -->
  <system-out/>
  <testcase name="testMethod1" time="49.533" classname="rebill.testngRebillSlowMfRetire"/>
  <system-out/>
  <testcase name="testMethod1" time="48.921" classname="rebill.testngRebillSlowMfRetire">
    <skipped/>
  </testcase> <!-- testMethod1 -->
  <system-out/>
  <testcase name="testMethod1" time="10.611" classname="rebill.testngRebillSlowMfRetire"/>
  <system-out/>
  <testcase name="testMethod1" time="72.979" classname="rebill.testngRebillSlowMfRetire">
    <skipped/>
  </testcase> <!-- testMethod1 -->
  <system-out/>
  <testcase name="testMethod1" time="49.248" classname="rebill.testngRebillSlowMfRetire"/>
  <system-out/>
  <testcase name="testMethod1" time="47.396" classname="rebill.testngRebillSlowMfRetire"/>
  <system-out/>
  <testcase name="testMethod1" time="42.042" classname="rebill.testngRebillSlowMfRetire">
    <failure type="java.lang.AssertionError" message="Failed at Drop Down">
      <![CDATA[java.lang.AssertionError: Failed at Drop Down
at org.testng.Assert.fail(Assert.java:97)
at rebill.testngRebillSlowMfRetire.doRebill(testngRebillSlowMfRetire.java:1083)
at rebill.testngRebillSlowMfRetire.testMethod1(testngRebillSlowMfRetire.java:610)
at sun.reflect.NativeMethodAccessorImpl.invoke0(Native Method)
at sun.reflect.NativeMethodAccessorImpl.invoke(Unknown Source)
at sun.reflect.DelegatingMethodAccessorImpl.invoke(Unknown Source)
at java.lang.reflect.Method.invoke(Unknown Source)
at org.testng.internal.MethodInvocationHelper.invokeMethod(MethodInvocationHelper.java:135)
at org.testng.internal.TestInvoker.invokeMethod(TestInvoker.java:598)
at org.testng.internal.TestInvoker.retryFailed(TestInvoker.java:214)
at org.testng.internal.MethodRunner.runInSequence(MethodRunner.java:58)
at org.testng.internal.TestInvoker$MethodInvocationAgent.invoke(TestInvoker.java:821)
at org.testng.internal.TestInvoker.invokeTestMethods(TestInvoker.java:147)
at org.testng.internal.TestMethodWorker.invokeTestMethods(TestMethodWorker.java:146)
at org.testng.internal.TestMethodWorker.run(TestMethodWorker.java:128)
at java.util.concurrent.ThreadPoolExecutor.runWorker(Unknown Source)
at java.util.concurrent.ThreadPoolExecutor$Worker.run(Unknown Source)
at java.lang.Thread.run(Unknown Source)
]]>
    </failure>
  </testcase> <!-- testMethod1 -->
  <system-out/>
  <testcase name="testMethod1" time="48.563" classname="rebill.testngRebillSlowMfRetire"/>
  <system-out/>
  <testcase name="testMethod1" time="47.058" classname="rebill.testngRebillSlowMfRetire"/>
  <system-out/>
  <testcase name="testMethod1" time="46.622" classname="rebill.testngRebillSlowMfRetire"/>
  <system-out/>
  <testcase name="testMethod1" time="49.099" classname="rebill.testngRebillSlowMfRetire">
    <skipped/>
  </testcase> <!-- testMethod1 -->
  <system-out/>
  <testcase name="testMethod1" time="48.431" classname="rebill.testngRebillSlowMfRetire"/>
  <system-out/>
  <testcase name="testMethod1" time="41.917" classname="rebill.testngRebillSlowMfRetire">
    <skipped/>
  </testcase> <!-- testMethod1 -->
  <system-out/>
  <testcase name="testMethod1" time="50.874" classname="rebill.testngRebillSlowMfRetire"/>
  <system-out/>
  <testcase name="testMethod1" time="78.769" classname="rebill.testngRebillSlowMfRetire">
    <skipped/>
  </testcase> <!-- testMethod1 -->
  <system-out/>
  <testcase name="testMethod1" time="47.813" classname="rebill.testngRebillSlowMfRetire"/>
  <system-out/>
  <testcase name="testMethod1" time="49.482" classname="rebill.testngRebillSlowMfRetire"/>
  <system-out/>
  <testcase name="testMethod1" time="40.873" classname="rebill.testngRebillSlowMfRetire">
    <failure type="java.lang.AssertionError" message="Failed at Drop Down">
      <![CDATA[java.lang.AssertionError: Failed at Drop Down
at org.testng.Assert.fail(Assert.java:97)
at rebill.testngRebillSlowMfRetire.doRebill(testngRebillSlowMfRetire.java:1083)
at rebill.testngRebillSlowMfRetire.testMethod1(testngRebillSlowMfRetire.java:610)
at sun.reflect.GeneratedMethodAccessor2.invoke(Unknown Source)
at sun.reflect.DelegatingMethodAccessorImpl.invoke(Unknown Source)
at java.lang.reflect.Method.invoke(Unknown Source)
at org.testng.internal.MethodInvocationHelper.invokeMethod(MethodInvocationHelper.java:135)
at org.testng.internal.TestInvoker.invokeMethod(TestInvoker.java:598)
at org.testng.internal.TestInvoker.retryFailed(TestInvoker.java:214)
at org.testng.internal.MethodRunner.runInSequence(MethodRunner.java:58)
at org.testng.internal.TestInvoker$MethodInvocationAgent.invoke(TestInvoker.java:821)
at org.testng.internal.TestInvoker.invokeTestMethods(TestInvoker.java:147)
at org.testng.internal.TestMethodWorker.invokeTestMethods(TestMethodWorker.java:146)
at org.testng.internal.TestMethodWorker.run(TestMethodWorker.java:128)
at java.util.concurrent.ThreadPoolExecutor.runWorker(Unknown Source)
at java.util.concurrent.ThreadPoolExecutor$Worker.run(Unknown Source)
at java.lang.Thread.run(Unknown Source)
]]>
    </failure>
  </testcase> <!-- testMethod1 -->
  <system-out/>
  <testcase name="testMethod1" time="47.701" classname="rebill.testngRebillSlowMfRetire"/>
  <system-out/>
  <testcase name="testMethod1" time="48.466" classname="rebill.testngRebillSlowMfRetire"/>
  <system-out/>
  <testcase name="testMethod1" time="94.670" classname="rebill.testngRebillSlowMfRetire"/>
  <system-out/>
  <testcase name="testMethod1" time="49.968" classname="rebill.testngRebillSlowMfRetire"/>
  <system-out/>
  <testcase name="testMethod1" time="52.325" classname="rebill.testngRebillSlowMfRetire">
    <skipped/>
  </testcase> <!-- testMethod1 -->
  <system-out/>
  <testcase name="testMethod1" time="49.889" classname="rebill.testngRebillSlowMfRetire">
    <skipped/>
  </testcase> <!-- testMethod1 -->
  <system-out/>
  <testcase name="testMethod1" time="45.269" classname="rebill.testngRebillSlowMfRetire"/>
  <system-out/>
  <testcase name="testMethod1" time="49.504" classname="rebill.testngRebillSlowMfRetire">
    <skipped/>
  </testcase> <!-- testMethod1 -->
  <system-out/>
  <testcase name="testMethod1" time="46.598" classname="rebill.testngRebillSlowMfRetire"/>
  <system-out/>
  <testcase name="testMethod1" time="45.946" classname="rebill.testngRebillSlowMfRetire">
    <failure type="java.lang.AssertionError" message="Failed at Drop Down">
      <![CDATA[java.lang.AssertionError: Failed at Drop Down
at org.testng.Assert.fail(Assert.java:97)
at rebill.testngRebillSlowMfRetire.doRebill(testngRebillSlowMfRetire.java:1083)
at rebill.testngRebillSlowMfRetire.testMethod1(testngRebillSlowMfRetire.java:610)
at sun.reflect.GeneratedMethodAccessor2.invoke(Unknown Source)
at sun.reflect.DelegatingMethodAccessorImpl.invoke(Unknown Source)
at java.lang.reflect.Method.invoke(Unknown Source)
at org.testng.internal.MethodInvocationHelper.invokeMethod(MethodInvocationHelper.java:135)
at org.testng.internal.TestInvoker.invokeMethod(TestInvoker.java:598)
at org.testng.internal.TestInvoker.retryFailed(TestInvoker.java:214)
at org.testng.internal.MethodRunner.runInSequence(MethodRunner.java:58)
at org.testng.internal.TestInvoker$MethodInvocationAgent.invoke(TestInvoker.java:821)
at org.testng.internal.TestInvoker.invokeTestMethods(TestInvoker.java:147)
at org.testng.internal.TestMethodWorker.invokeTestMethods(TestMethodWorker.java:146)
at org.testng.internal.TestMethodWorker.run(TestMethodWorker.java:128)
at java.util.concurrent.ThreadPoolExecutor.runWorker(Unknown Source)
at java.util.concurrent.ThreadPoolExecutor$Worker.run(Unknown Source)
at java.lang.Thread.run(Unknown Source)
]]>
    </failure>
  </testcase> <!-- testMethod1 -->
  <system-out/>
  <testcase name="testMethod1" time="49.024" classname="rebill.testngRebillSlowMfRetire">
    <skipped/>
  </testcase> <!-- testMethod1 -->
  <system-out/>
  <testcase name="testMethod1" time="71.296" classname="rebill.testngRebillSlowMfRetire">
    <skipped/>
  </testcase> <!-- testMethod1 -->
  <system-out/>
  <testcase name="testMethod1" time="48.481" classname="rebill.testngRebillSlowMfRetire">
    <skipped/>
  </testcase> <!-- testMethod1 -->
  <system-out/>
  <testcase name="testMethod1" time="49.450" classname="rebill.testngRebillSlowMfRetire">
    <skipped/>
  </testcase> <!-- testMethod1 -->
  <system-out/>
  <testcase name="testMethod1" time="53.323" classname="rebill.testngRebillSlowMfRetire">
    <skipped/>
  </testcase> <!-- testMethod1 -->
  <system-out/>
  <testcase name="testMethod1" time="74.844" classname="rebill.testngRebillSlowMfRetire"/>
  <system-out/>
=======
    </error>
  </testcase> <!-- testMethod4 -->
  <system-out/>
  <testcase name="setupExcel" time="-1592242048.000" classname="rebill.testngRebillSlowMfRetire">
    <error type="org.testng.TestNGException" message="
Parameter &#039;normalCheckBox&#039; is required by BeforeClass on method setupExcel but has not been marked @Optional or defined
">
      <![CDATA[org.testng.TestNGException: 
Parameter 'normalCheckBox' is required by BeforeClass on method setupExcel but has not been marked @Optional or defined

at org.testng.internal.Parameters.createParams(Parameters.java:268)
at org.testng.internal.Parameters.createParametersForMethod(Parameters.java:356)
at org.testng.internal.Parameters.createParameters(Parameters.java:700)
at org.testng.internal.Parameters.createConfigurationParameters(Parameters.java:166)
at org.testng.internal.ConfigInvoker.invokeConfigurations(ConfigInvoker.java:299)
at org.testng.internal.TestMethodWorker.invokeBeforeClassMethods(TestMethodWorker.java:176)
at org.testng.internal.TestMethodWorker.run(TestMethodWorker.java:122)
at java.util.concurrent.ThreadPoolExecutor.runWorker(ThreadPoolExecutor.java:1149)
at java.util.concurrent.ThreadPoolExecutor$Worker.run(ThreadPoolExecutor.java:624)
at java.lang.Thread.run(Thread.java:748)
]]>
    </error>
  </testcase> <!-- setupExcel -->
  <system-out/>
  <testcase name="testMethod1" time="0.000" classname="rebill.testngRebillSlowMfRetire">
    <error type="org.testng.TestNGException" message="
Data Provider public synchronized java.lang.Object[][] rebill.testngRebillSlowMfRetire.dataProviderMethod1() returned a null value">
      <![CDATA[org.testng.TestNGException: 
Data Provider public synchronized java.lang.Object[][] rebill.testngRebillSlowMfRetire.dataProviderMethod1() returned a null value
at org.testng.internal.MethodInvocationHelper.invokeDataProvider(MethodInvocationHelper.java:150)
at org.testng.internal.Parameters.handleParameters(Parameters.java:797)
at org.testng.internal.Parameters.handleParameters(Parameters.java:740)
at org.testng.internal.ParameterHandler.handleParameters(ParameterHandler.java:59)
at org.testng.internal.ParameterHandler.createParameters(ParameterHandler.java:38)
at org.testng.internal.TestInvoker$MethodInvocationAgent.invoke(TestInvoker.java:788)
at org.testng.internal.TestInvoker.invokeTestMethods(TestInvoker.java:147)
at org.testng.internal.TestMethodWorker.invokeTestMethods(TestMethodWorker.java:146)
at org.testng.internal.TestMethodWorker.run(TestMethodWorker.java:128)
at java.util.concurrent.ThreadPoolExecutor.runWorker(ThreadPoolExecutor.java:1149)
at java.util.concurrent.ThreadPoolExecutor$Worker.run(ThreadPoolExecutor.java:624)
at java.lang.Thread.run(Thread.java:748)
]]>
    </error>
  </testcase> <!-- testMethod1 -->
<<<<<<< HEAD
  <testcase name="testMethod1" time="50.718" classname="rebill.testngRebillSlowMfRetire"/>
  <testcase name="testMethod1" time="51.839" classname="rebill.testngRebillSlowMfRetire"/>
  <testcase name="testMethod1" time="53.426" classname="rebill.testngRebillSlowMfRetire"/>
  <testcase name="testMethod1" time="52.997" classname="rebill.testngRebillSlowMfRetire"/>
  <testcase name="testMethod1" time="52.437" classname="rebill.testngRebillSlowMfRetire"/>
  <testcase name="testMethod1" time="49.729" classname="rebill.testngRebillSlowMfRetire"/>
  <testcase name="testMethod1" time="53.103" classname="rebill.testngRebillSlowMfRetire"/>
  <testcase name="testMethod1" time="52.231" classname="rebill.testngRebillSlowMfRetire"/>
  <testcase name="testMethod1" time="74.665" classname="rebill.testngRebillSlowMfRetire"/>
  <testcase name="testMethod1" time="75.959" classname="rebill.testngRebillSlowMfRetire"/>
  <testcase name="testMethod1" time="55.315" classname="rebill.testngRebillSlowMfRetire"/>
  <testcase name="testMethod1" time="50.317" classname="rebill.testngRebillSlowMfRetire"/>
>>>>>>> branch 'master' of https://github.com/5194105/Master-GUI.git
=======
  <system-out/>
>>>>>>> branch 'master' of https://github.com/5194105/Master-GUI.git
  <testcase name="testMethod3" time="0.000" classname="rebill.testngRebillSlowMfRetire">
<<<<<<< HEAD
    <error type="org.testng.TestNGException" message="
Data Provider public synchronized java.lang.Object[][] rebill.testngRebillSlowMfRetire.dataProviderMethod3() must return either Object[][] or Iterator&lt;Object&gt;[], not class [[Ljava.lang.Object;">
      <![CDATA[org.testng.TestNGException: 
Data Provider public synchronized java.lang.Object[][] rebill.testngRebillSlowMfRetire.dataProviderMethod3() must return either Object[][] or Iterator<Object>[], not class [[Ljava.lang.Object;
	at org.testng.internal.MethodInvocationHelper.invokeDataProvider(MethodInvocationHelper.java:137)
	at org.testng.internal.Parameters.handleParameters(Parameters.java:509)
	at org.testng.internal.Invoker.handleParameters(Invoker.java:1308)
	at org.testng.internal.Invoker.createParameters(Invoker.java:1036)
	at org.testng.internal.Invoker.invokeTestMethods(Invoker.java:1126)
	at org.testng.internal.TestMethodWorker.invokeTestMethods(TestMethodWorker.java:126)
	at org.testng.internal.TestMethodWorker.run(TestMethodWorker.java:109)
	at java.util.concurrent.ThreadPoolExecutor.runWorker(Unknown Source)
	at java.util.concurrent.ThreadPoolExecutor$Worker.run(Unknown Source)
	at java.lang.Thread.run(Unknown Source)
=======
    <error type="org.testng.TestNGException" message="
Data Provider public synchronized java.lang.Object[][] rebill.testngRebillSlowMfRetire.dataProviderMethod3() returned a null value">
      <![CDATA[org.testng.TestNGException: 
Data Provider public synchronized java.lang.Object[][] rebill.testngRebillSlowMfRetire.dataProviderMethod3() returned a null value
at org.testng.internal.MethodInvocationHelper.invokeDataProvider(MethodInvocationHelper.java:150)
at org.testng.internal.Parameters.handleParameters(Parameters.java:797)
at org.testng.internal.Parameters.handleParameters(Parameters.java:740)
at org.testng.internal.ParameterHandler.handleParameters(ParameterHandler.java:59)
at org.testng.internal.ParameterHandler.createParameters(ParameterHandler.java:38)
at org.testng.internal.TestInvoker$MethodInvocationAgent.invoke(TestInvoker.java:788)
at org.testng.internal.TestInvoker.invokeTestMethods(TestInvoker.java:147)
at org.testng.internal.TestMethodWorker.invokeTestMethods(TestMethodWorker.java:146)
at org.testng.internal.TestMethodWorker.run(TestMethodWorker.java:128)
<<<<<<< HEAD
at java.util.concurrent.ThreadPoolExecutor.runWorker(Unknown Source)
at java.util.concurrent.ThreadPoolExecutor$Worker.run(Unknown Source)
at java.lang.Thread.run(Unknown Source)
=======
at java.util.concurrent.ThreadPoolExecutor.runWorker(ThreadPoolExecutor.java:1149)
at java.util.concurrent.ThreadPoolExecutor$Worker.run(ThreadPoolExecutor.java:624)
at java.lang.Thread.run(Thread.java:748)
>>>>>>> branch 'master' of https://github.com/5194105/Master-GUI.git
>>>>>>> branch 'master' of https://github.com/5194105/Master-GUI.git
]]>
    </error>
  </testcase> <!-- testMethod3 -->
<<<<<<< HEAD
<<<<<<< HEAD
  <system-out/>
  <testcase name="testMethod1" time="47.702" classname="rebill.testngRebillSlowMfRetire"/>
  <system-out/>
  <testcase name="testMethod1" time="78.046" classname="rebill.testngRebillSlowMfRetire"/>
  <system-out/>
  <testcase name="testMethod1" time="72.732" classname="rebill.testngRebillSlowMfRetire">
=======
  <testcase name="testMethod1" time="51.925" classname="rebill.testngRebillSlowMfRetire"/>
  <testcase name="testMethod1" time="133.589" classname="rebill.testngRebillSlowMfRetire">
>>>>>>> branch 'master' of https://github.com/5194105/Master-GUI.git
    <skipped/>
  </testcase> <!-- testMethod1 -->
<<<<<<< HEAD
  <system-out/>
  <testcase name="testMethod1" time="73.707" classname="rebill.testngRebillSlowMfRetire">
    <skipped/>
  </testcase> <!-- testMethod1 -->
  <system-out/>
  <testcase name="testMethod1" time="69.066" classname="rebill.testngRebillSlowMfRetire"/>
  <system-out/>
  <testcase name="testMethod1" time="49.748" classname="rebill.testngRebillSlowMfRetire">
    <failure type="java.lang.AssertionError" message="org.openqa.selenium.NoSuchElementException: no such element: Unable to locate element: {&quot;method&quot;:&quot;xpath&quot;,&quot;selector&quot;:&quot;/html/body/div[6]/div/div/div[1]/div[1]/h4&quot;}
  (Session info: chrome=83.0.4103.61)
  (Driver info: chromedriver=2.41.578737 (49da6702b16031c40d63e5618de03a32ff6c197e),platform=Windows NT 6.1.7601 SP1 x86) (WARNING: The server did not provide any stacktrace information)
Command duration or timeout: 0 milliseconds
For documentation on this error, please visit: https://www.seleniumhq.org/exceptions/no_such_element.html
Build info: version: &#039;3.141.59&#039;, revision: &#039;e82be7d358&#039;, time: &#039;2018-11-14T08:25:48&#039;
System info: host: &#039;SQA-CRS-025&#039;, ip: &#039;10.255.250.86&#039;, os.name: &#039;Windows 7&#039;, os.arch: &#039;x86&#039;, os.version: &#039;6.1&#039;, java.version: &#039;1.8.0_181&#039;
Driver info: org.openqa.selenium.chrome.ChromeDriver
Capabilities {acceptInsecureCerts: false, acceptSslCerts: false, applicationCacheEnabled: false, browserConnectionEnabled: false, browserName: chrome, chrome: {chromedriverVersion: 2.41.578737 (49da6702b16031..., userDataDir: C:\Users\FEDEXU~1\AppData\L...}, cssSelectorsEnabled: true, databaseEnabled: false, goog:chromeOptions: {debuggerAddress: localhost:52479}, handlesAlerts: true, hasTouchScreen: false, javascriptEnabled: true, locationContextEnabled: true, mobileEmulationEnabled: false, nativeEvents: true, networkConnectionEnabled: false, pageLoadStrategy: normal, platform: XP, platformName: XP, rotatable: false, setWindowRect: true, takesHeapSnapshot: true, takesScreenshot: true, unexpectedAlertBehaviour: , unhandledPromptBehavior: , version: 83.0.4103.61, webStorageEnabled: true}
Session ID: fdd0533d51499a0b12c658ce3341a735
*** Element info: {Using=xpath, value=/html/body/div[6]/div/div/div[1]/div[1]/h4} Could Not Get to Rebill Screen">
      <![CDATA[java.lang.AssertionError: org.openqa.selenium.NoSuchElementException: no such element: Unable to locate element: {"method":"xpath","selector":"/html/body/div[6]/div/div/div[1]/div[1]/h4"}
  (Session info: chrome=83.0.4103.61)
  (Driver info: chromedriver=2.41.578737 (49da6702b16031c40d63e5618de03a32ff6c197e),platform=Windows NT 6.1.7601 SP1 x86) (WARNING: The server did not provide any stacktrace information)
Command duration or timeout: 0 milliseconds
For documentation on this error, please visit: https://www.seleniumhq.org/exceptions/no_such_element.html
Build info: version: '3.141.59', revision: 'e82be7d358', time: '2018-11-14T08:25:48'
System info: host: 'SQA-CRS-025', ip: '10.255.250.86', os.name: 'Windows 7', os.arch: 'x86', os.version: '6.1', java.version: '1.8.0_181'
Driver info: org.openqa.selenium.chrome.ChromeDriver
Capabilities {acceptInsecureCerts: false, acceptSslCerts: false, applicationCacheEnabled: false, browserConnectionEnabled: false, browserName: chrome, chrome: {chromedriverVersion: 2.41.578737 (49da6702b16031..., userDataDir: C:\Users\FEDEXU~1\AppData\L...}, cssSelectorsEnabled: true, databaseEnabled: false, goog:chromeOptions: {debuggerAddress: localhost:52479}, handlesAlerts: true, hasTouchScreen: false, javascriptEnabled: true, locationContextEnabled: true, mobileEmulationEnabled: false, nativeEvents: true, networkConnectionEnabled: false, pageLoadStrategy: normal, platform: XP, platformName: XP, rotatable: false, setWindowRect: true, takesHeapSnapshot: true, takesScreenshot: true, unexpectedAlertBehaviour: , unhandledPromptBehavior: , version: 83.0.4103.61, webStorageEnabled: true}
Session ID: fdd0533d51499a0b12c658ce3341a735
*** Element info: {Using=xpath, value=/html/body/div[6]/div/div/div[1]/div[1]/h4} Could Not Get to Rebill Screen
at org.testng.Assert.fail(Assert.java:97)
at rebill.testngRebillSlowMfRetire.doRebill(testngRebillSlowMfRetire.java:1225)
at rebill.testngRebillSlowMfRetire.testMethod1(testngRebillSlowMfRetire.java:610)
at sun.reflect.GeneratedMethodAccessor2.invoke(Unknown Source)
at sun.reflect.DelegatingMethodAccessorImpl.invoke(Unknown Source)
at java.lang.reflect.Method.invoke(Unknown Source)
at org.testng.internal.MethodInvocationHelper.invokeMethod(MethodInvocationHelper.java:135)
at org.testng.internal.TestInvoker.invokeMethod(TestInvoker.java:598)
at org.testng.internal.TestInvoker.retryFailed(TestInvoker.java:214)
at org.testng.internal.MethodRunner.runInSequence(MethodRunner.java:58)
at org.testng.internal.TestInvoker$MethodInvocationAgent.invoke(TestInvoker.java:821)
at org.testng.internal.TestInvoker.invokeTestMethods(TestInvoker.java:147)
at org.testng.internal.TestMethodWorker.invokeTestMethods(TestMethodWorker.java:146)
at org.testng.internal.TestMethodWorker.run(TestMethodWorker.java:128)
at java.util.concurrent.ThreadPoolExecutor.runWorker(Unknown Source)
at java.util.concurrent.ThreadPoolExecutor$Worker.run(Unknown Source)
at java.lang.Thread.run(Unknown Source)
]]>
    </failure>
  </testcase> <!-- testMethod1 -->
  <system-out/>
  <testcase name="testMethod1" time="31.451" classname="rebill.testngRebillSlowMfRetire">
    <skipped/>
  </testcase> <!-- testMethod1 -->
  <system-out/>
  <testcase name="testMethod1" time="48.633" classname="rebill.testngRebillSlowMfRetire">
    <skipped/>
  </testcase> <!-- testMethod1 -->
  <system-out/>
  <testcase name="testMethod1" time="50.019" classname="rebill.testngRebillSlowMfRetire"/>
  <system-out/>
  <testcase name="testMethod1" time="71.782" classname="rebill.testngRebillSlowMfRetire">
    <skipped/>
  </testcase> <!-- testMethod1 -->
  <system-out/>
  <testcase name="testMethod1" time="69.940" classname="rebill.testngRebillSlowMfRetire"/>
  <system-out/>
  <testcase name="testMethod1" time="47.944" classname="rebill.testngRebillSlowMfRetire"/>
  <system-out/>
  <testcase name="testMethod1" time="69.187" classname="rebill.testngRebillSlowMfRetire"/>
  <system-out/>
  <testcase name="testMethod1" time="52.550" classname="rebill.testngRebillSlowMfRetire"/>
  <system-out/>
  <testcase name="testMethod1" time="69.727" classname="rebill.testngRebillSlowMfRetire"/>
  <system-out/>
  <testcase name="testMethod1" time="9.989" classname="rebill.testngRebillSlowMfRetire"/>
  <system-out/>
  <testcase name="testMethod1" time="70.615" classname="rebill.testngRebillSlowMfRetire">
    <skipped/>
  </testcase> <!-- testMethod1 -->
  <system-out/>
  <testcase name="testMethod1" time="69.980" classname="rebill.testngRebillSlowMfRetire"/>
  <system-out/>
  <testcase name="testMethod1" time="49.324" classname="rebill.testngRebillSlowMfRetire">
    <skipped/>
  </testcase> <!-- testMethod1 -->
  <system-out/>
  <testcase name="testMethod1" time="49.307" classname="rebill.testngRebillSlowMfRetire"/>
  <system-out/>
  <testcase name="testMethod2" time="0.000" classname="rebill.testngRebillSlowMfRetire">
    <error type="org.testng.TestNGException" message="
Data Provider public synchronized java.lang.Object[][] rebill.testngRebillSlowMfRetire.dataProviderMethod2() returned a null value">
      <![CDATA[org.testng.TestNGException: 
Data Provider public synchronized java.lang.Object[][] rebill.testngRebillSlowMfRetire.dataProviderMethod2() returned a null value
at org.testng.internal.MethodInvocationHelper.invokeDataProvider(MethodInvocationHelper.java:150)
at org.testng.internal.Parameters.handleParameters(Parameters.java:797)
at org.testng.internal.Parameters.handleParameters(Parameters.java:740)
at org.testng.internal.ParameterHandler.handleParameters(ParameterHandler.java:59)
at org.testng.internal.ParameterHandler.createParameters(ParameterHandler.java:38)
at org.testng.internal.TestInvoker$MethodInvocationAgent.invoke(TestInvoker.java:788)
at org.testng.internal.TestInvoker.invokeTestMethods(TestInvoker.java:147)
at org.testng.internal.TestMethodWorker.invokeTestMethods(TestMethodWorker.java:146)
at org.testng.internal.TestMethodWorker.run(TestMethodWorker.java:128)
at java.util.concurrent.ThreadPoolExecutor.runWorker(Unknown Source)
at java.util.concurrent.ThreadPoolExecutor$Worker.run(Unknown Source)
at java.lang.Thread.run(Unknown Source)
]]>
    </error>
  </testcase> <!-- testMethod2 -->
  <system-out/>
  <testcase name="testMethod1" time="49.346" classname="rebill.testngRebillSlowMfRetire"/>
  <system-out/>
  <testcase name="testMethod1" time="49.397" classname="rebill.testngRebillSlowMfRetire">
    <skipped/>
  </testcase> <!-- testMethod1 -->
  <system-out/>
  <testcase name="testMethod1" time="75.499" classname="rebill.testngRebillSlowMfRetire"/>
  <system-out/>
  <testcase name="testMethod1" time="48.046" classname="rebill.testngRebillSlowMfRetire"/>
  <system-out/>
  <testcase name="testMethod1" time="48.590" classname="rebill.testngRebillSlowMfRetire"/>
  <system-out/>
  <testcase name="testMethod1" time="51.878" classname="rebill.testngRebillSlowMfRetire"/>
  <system-out/>
  <testcase name="testMethod1" time="50.753" classname="rebill.testngRebillSlowMfRetire"/>
  <system-out/>
  <testcase name="testMethod1" time="30.163" classname="rebill.testngRebillSlowMfRetire">
    <skipped/>
  </testcase> <!-- testMethod1 -->
  <system-out/>
  <testcase name="testMethod1" time="49.602" classname="rebill.testngRebillSlowMfRetire">
    <skipped/>
  </testcase> <!-- testMethod1 -->
  <system-out/>
  <testcase name="testMethod1" time="53.151" classname="rebill.testngRebillSlowMfRetire">
    <skipped/>
  </testcase> <!-- testMethod1 -->
  <system-out/>
  <testcase name="testMethod1" time="47.585" classname="rebill.testngRebillSlowMfRetire"/>
  <system-out/>
  <testcase name="testMethod1" time="40.830" classname="rebill.testngRebillSlowMfRetire">
    <skipped/>
  </testcase> <!-- testMethod1 -->
  <system-out/>
  <testcase name="testMethod1" time="48.525" classname="rebill.testngRebillSlowMfRetire"/>
  <system-out/>
  <testcase name="testMethod1" time="147.458" classname="rebill.testngRebillSlowMfRetire">
    <skipped/>
  </testcase> <!-- testMethod1 -->
  <system-out/>
  <testcase name="testMethod1" time="41.775" classname="rebill.testngRebillSlowMfRetire">
    <skipped/>
  </testcase> <!-- testMethod1 -->
  <system-out/>
  <testcase name="testMethod1" time="154.490" classname="rebill.testngRebillSlowMfRetire">
    <skipped/>
  </testcase> <!-- testMethod1 -->
  <system-out/>
  <testcase name="testMethod1" time="69.072" classname="rebill.testngRebillSlowMfRetire"/>
  <system-out/>
  <testcase name="testMethod1" time="47.961" classname="rebill.testngRebillSlowMfRetire">
    <skipped/>
  </testcase> <!-- testMethod1 -->
  <system-out/>
  <testcase name="testMethod1" time="74.841" classname="rebill.testngRebillSlowMfRetire"/>
  <system-out/>
  <testcase name="testMethod1" time="41.814" classname="rebill.testngRebillSlowMfRetire">
    <skipped/>
  </testcase> <!-- testMethod1 -->
  <system-out/>
  <testcase name="testMethod1" time="69.223" classname="rebill.testngRebillSlowMfRetire"/>
  <system-out/>
  <testcase name="testMethod1" time="74.221" classname="rebill.testngRebillSlowMfRetire">
    <skipped/>
  </testcase> <!-- testMethod1 -->
  <system-out/>
  <testcase name="testMethod1" time="72.011" classname="rebill.testngRebillSlowMfRetire">
    <skipped/>
  </testcase> <!-- testMethod1 -->
  <system-out/>
  <testcase name="testMethod1" time="48.851" classname="rebill.testngRebillSlowMfRetire"/>
  <system-out/>
  <testcase name="testMethod1" time="71.075" classname="rebill.testngRebillSlowMfRetire"/>
  <system-out/>
  <testcase name="testMethod1" time="49.130" classname="rebill.testngRebillSlowMfRetire"/>
  <system-out/>
  <testcase name="testMethod1" time="110.598" classname="rebill.testngRebillSlowMfRetire"/>
  <system-out/>
  <testcase name="testMethod1" time="73.108" classname="rebill.testngRebillSlowMfRetire">
    <skipped/>
  </testcase> <!-- testMethod1 -->
  <system-out/>
  <testcase name="testMethod1" time="49.231" classname="rebill.testngRebillSlowMfRetire"/>
  <system-out/>
  <testcase name="testMethod1" time="47.727" classname="rebill.testngRebillSlowMfRetire"/>
  <system-out/>
  <testcase name="testMethod1" time="68.874" classname="rebill.testngRebillSlowMfRetire"/>
  <system-out/>
  <testcase name="testMethod1" time="46.674" classname="rebill.testngRebillSlowMfRetire"/>
  <system-out/>
  <testcase name="testMethod1" time="49.123" classname="rebill.testngRebillSlowMfRetire">
    <skipped/>
  </testcase> <!-- testMethod1 -->
  <system-out/>
  <testcase name="testMethod1" time="50.952" classname="rebill.testngRebillSlowMfRetire"/>
  <system-out/>
  <testcase name="testMethod1" time="49.150" classname="rebill.testngRebillSlowMfRetire">
    <skipped/>
  </testcase> <!-- testMethod1 -->
  <system-out/>
  <testcase name="testMethod1" time="48.585" classname="rebill.testngRebillSlowMfRetire">
    <skipped/>
  </testcase> <!-- testMethod1 -->
  <system-out/>
  <testcase name="testMethod1" time="75.077" classname="rebill.testngRebillSlowMfRetire">
    <skipped/>
  </testcase> <!-- testMethod1 -->
  <system-out/>
  <testcase name="testMethod1" time="48.125" classname="rebill.testngRebillSlowMfRetire"/>
  <system-out/>
  <testcase name="testMethod1" time="47.537" classname="rebill.testngRebillSlowMfRetire"/>
  <system-out/>
  <testcase name="testMethod1" time="52.451" classname="rebill.testngRebillSlowMfRetire"/>
  <system-out/>
  <testcase name="testMethod1" time="78.349" classname="rebill.testngRebillSlowMfRetire">
    <skipped/>
  </testcase> <!-- testMethod1 -->
  <system-out/>
  <testcase name="testMethod1" time="48.883" classname="rebill.testngRebillSlowMfRetire">
    <skipped/>
  </testcase> <!-- testMethod1 -->
  <system-out/>
  <testcase name="testMethod1" time="48.768" classname="rebill.testngRebillSlowMfRetire"/>
  <system-out/>
  <testcase name="testMethod1" time="46.940" classname="rebill.testngRebillSlowMfRetire"/>
  <system-out/>
  <testcase name="testMethod1" time="48.513" classname="rebill.testngRebillSlowMfRetire">
    <skipped/>
  </testcase> <!-- testMethod1 -->
  <system-out/>
  <testcase name="testMethod1" time="49.852" classname="rebill.testngRebillSlowMfRetire">
    <skipped/>
  </testcase> <!-- testMethod1 -->
  <system-out/>
  <testcase name="testMethod1" time="48.565" classname="rebill.testngRebillSlowMfRetire"/>
  <system-out/>
  <testcase name="testMethod1" time="49.670" classname="rebill.testngRebillSlowMfRetire"/>
  <system-out/>
  <testcase name="testMethod1" time="49.352" classname="rebill.testngRebillSlowMfRetire"/>
  <system-out/>
  <testcase name="testMethod1" time="47.155" classname="rebill.testngRebillSlowMfRetire"/>
  <system-out/>
  <testcase name="testMethod1" time="112.680" classname="rebill.testngRebillSlowMfRetire"/>
  <system-out/>
  <testcase name="testMethod1" time="50.345" classname="rebill.testngRebillSlowMfRetire">
    <skipped/>
  </testcase> <!-- testMethod1 -->
  <system-out/>
  <testcase name="testMethod1" time="46.435" classname="rebill.testngRebillSlowMfRetire"/>
  <system-out/>
  <testcase name="testMethod1" time="51.117" classname="rebill.testngRebillSlowMfRetire"/>
  <system-out/>
  <testcase name="testMethod1" time="71.095" classname="rebill.testngRebillSlowMfRetire">
    <skipped/>
  </testcase> <!-- testMethod1 -->
  <system-out/>
  <testcase name="testMethod1" time="50.271" classname="rebill.testngRebillSlowMfRetire"/>
  <system-out/>
  <testcase name="testMethod1" time="59.070" classname="rebill.testngRebillSlowMfRetire">
    <skipped/>
  </testcase> <!-- testMethod1 -->
  <system-out/>
  <testcase name="testMethod1" time="112.223" classname="rebill.testngRebillSlowMfRetire">
    <skipped/>
  </testcase> <!-- testMethod1 -->
  <system-out/>
  <testcase name="testMethod1" time="49.161" classname="rebill.testngRebillSlowMfRetire">
    <skipped/>
  </testcase> <!-- testMethod1 -->
  <system-out/>
  <testcase name="testMethod1" time="50.250" classname="rebill.testngRebillSlowMfRetire"/>
  <system-out/>
  <testcase name="testMethod1" time="113.710" classname="rebill.testngRebillSlowMfRetire"/>
  <system-out/>
  <testcase name="testMethod1" time="51.041" classname="rebill.testngRebillSlowMfRetire"/>
  <system-out/>
  <testcase name="testMethod1" time="49.521" classname="rebill.testngRebillSlowMfRetire">
    <skipped/>
  </testcase> <!-- testMethod1 -->
  <system-out/>
  <testcase name="testMethod1" time="51.318" classname="rebill.testngRebillSlowMfRetire"/>
  <system-out/>
  <testcase name="testMethod1" time="72.424" classname="rebill.testngRebillSlowMfRetire"/>
  <system-out/>
  <testcase name="testMethod1" time="48.884" classname="rebill.testngRebillSlowMfRetire"/>
  <system-out/>
  <testcase name="testMethod1" time="49.682" classname="rebill.testngRebillSlowMfRetire">
    <skipped/>
  </testcase> <!-- testMethod1 -->
  <system-out/>
  <testcase name="testMethod1" time="41.004" classname="rebill.testngRebillSlowMfRetire">
    <skipped/>
  </testcase> <!-- testMethod1 -->
  <system-out/>
  <testcase name="testMethod1" time="47.833" classname="rebill.testngRebillSlowMfRetire"/>
  <system-out/>
  <testcase name="testMethod1" time="50.006" classname="rebill.testngRebillSlowMfRetire"/>
  <system-out/>
  <testcase name="testMethod1" time="48.062" classname="rebill.testngRebillSlowMfRetire"/>
  <system-out/>
  <testcase name="testMethod1" time="52.460" classname="rebill.testngRebillSlowMfRetire"/>
  <system-out/>
  <testcase name="testMethod1" time="49.969" classname="rebill.testngRebillSlowMfRetire"/>
  <system-out/>
  <testcase name="testMethod4" time="0.000" classname="rebill.testngRebillSlowMfRetire">
    <error type="org.testng.TestNGException" message="
Data Provider public synchronized java.lang.Object[][] rebill.testngRebillSlowMfRetire.dataProviderMethod4() returned a null value">
      <![CDATA[org.testng.TestNGException: 
Data Provider public synchronized java.lang.Object[][] rebill.testngRebillSlowMfRetire.dataProviderMethod4() returned a null value
at org.testng.internal.MethodInvocationHelper.invokeDataProvider(MethodInvocationHelper.java:150)
at org.testng.internal.Parameters.handleParameters(Parameters.java:797)
at org.testng.internal.Parameters.handleParameters(Parameters.java:740)
at org.testng.internal.ParameterHandler.handleParameters(ParameterHandler.java:59)
at org.testng.internal.ParameterHandler.createParameters(ParameterHandler.java:38)
at org.testng.internal.TestInvoker$MethodInvocationAgent.invoke(TestInvoker.java:788)
at org.testng.internal.TestInvoker.invokeTestMethods(TestInvoker.java:147)
at org.testng.internal.TestMethodWorker.invokeTestMethods(TestMethodWorker.java:146)
at org.testng.internal.TestMethodWorker.run(TestMethodWorker.java:128)
at java.util.concurrent.ThreadPoolExecutor.runWorker(Unknown Source)
at java.util.concurrent.ThreadPoolExecutor$Worker.run(Unknown Source)
at java.lang.Thread.run(Unknown Source)
]]>
    </error>
  </testcase> <!-- testMethod4 -->
  <system-out/>
  <testcase name="testMethod1" time="70.282" classname="rebill.testngRebillSlowMfRetire"/>
  <system-out/>
  <testcase name="testMethod1" time="105.875" classname="rebill.testngRebillSlowMfRetire"/>
  <system-out/>
  <testcase name="testMethod1" time="51.929" classname="rebill.testngRebillSlowMfRetire">
    <skipped/>
  </testcase> <!-- testMethod1 -->
  <system-out/>
  <testcase name="testMethod1" time="51.441" classname="rebill.testngRebillSlowMfRetire"/>
  <system-out/>
  <testcase name="testMethod1" time="72.375" classname="rebill.testngRebillSlowMfRetire">
    <skipped/>
  </testcase> <!-- testMethod1 -->
  <system-out/>
  <testcase name="testMethod1" time="52.528" classname="rebill.testngRebillSlowMfRetire">
    <skipped/>
  </testcase> <!-- testMethod1 -->
  <system-out/>
  <testcase name="testMethod1" time="45.378" classname="rebill.testngRebillSlowMfRetire"/>
  <system-out/>
  <testcase name="testMethod1" time="50.279" classname="rebill.testngRebillSlowMfRetire"/>
  <system-out/>
=======
  <testcase name="testMethod1" time="51.014" classname="rebill.testngRebillSlowMfRetire"/>
  <testcase name="testMethod1" time="118.335" classname="rebill.testngRebillSlowMfRetire"/>
  <testcase name="testMethod1" time="53.738" classname="rebill.testngRebillSlowMfRetire"/>
  <testcase name="testMethod1" time="116.263" classname="rebill.testngRebillSlowMfRetire"/>
  <testcase name="testMethod1" time="52.909" classname="rebill.testngRebillSlowMfRetire"/>
  <testcase name="testMethod1" time="53.356" classname="rebill.testngRebillSlowMfRetire"/>
  <testcase name="testMethod1" time="72.760" classname="rebill.testngRebillSlowMfRetire"/>
  <testcase name="testMethod1" time="115.583" classname="rebill.testngRebillSlowMfRetire"/>
>>>>>>> branch 'master' of https://github.com/5194105/Master-GUI.git
=======
  <system-out/>
  <testcase name="testMethod2" time="0.000" classname="rebill.testngRebillSlowMfRetire">
    <error type="org.testng.TestNGException" message="
Data Provider public synchronized java.lang.Object[][] rebill.testngRebillSlowMfRetire.dataProviderMethod2() returned a null value">
      <![CDATA[org.testng.TestNGException: 
Data Provider public synchronized java.lang.Object[][] rebill.testngRebillSlowMfRetire.dataProviderMethod2() returned a null value
at org.testng.internal.MethodInvocationHelper.invokeDataProvider(MethodInvocationHelper.java:150)
at org.testng.internal.Parameters.handleParameters(Parameters.java:797)
at org.testng.internal.Parameters.handleParameters(Parameters.java:740)
at org.testng.internal.ParameterHandler.handleParameters(ParameterHandler.java:59)
at org.testng.internal.ParameterHandler.createParameters(ParameterHandler.java:38)
at org.testng.internal.TestInvoker$MethodInvocationAgent.invoke(TestInvoker.java:788)
at org.testng.internal.TestInvoker.invokeTestMethods(TestInvoker.java:147)
at org.testng.internal.TestMethodWorker.invokeTestMethods(TestMethodWorker.java:146)
at org.testng.internal.TestMethodWorker.run(TestMethodWorker.java:128)
at java.util.concurrent.ThreadPoolExecutor.runWorker(ThreadPoolExecutor.java:1149)
at java.util.concurrent.ThreadPoolExecutor$Worker.run(ThreadPoolExecutor.java:624)
at java.lang.Thread.run(Thread.java:748)
]]>
    </error>
  </testcase> <!-- testMethod2 -->
  <system-out/>
>>>>>>> branch 'master' of https://github.com/5194105/Master-GUI.git
</testsuite> <!-- rebill.testngRebillSlowMfRetire -->
