<?xml version="1.0" encoding="UTF-8"?>
<!-- Generated by org.testng.reporters.JUnitReportReporter -->
<testsuite skipped="0" hostname="DESKTOP-BVCOH3L" name="prerate.prerateTestNGSlow" tests="58" failures="14" timestamp="23 Apr 2020 18:24:12 GMT" time="3408.321" errors="1">
  <testcase name="testMethod1" time="65.721" classname="prerate.prerateTestNGSlow"/>
  <testcase name="testMethod4" time="38.250" classname="prerate.prerateTestNGSlow"/>
  <testcase name="testMethod4" time="61.773" classname="prerate.prerateTestNGSlow"/>
  <testcase name="testMethod3" time="60.371" classname="prerate.prerateTestNGSlow"/>
  <testcase name="testMethod2" time="67.447" classname="prerate.prerateTestNGSlow"/>
  <testcase name="testMethod3" time="63.389" classname="prerate.prerateTestNGSlow"/>
  <testcase name="testMethod2" time="46.925" classname="prerate.prerateTestNGSlow">
    <failure type="java.lang.AssertionError" message="Override Disabled.">
      <![CDATA[java.lang.AssertionError: Override Disabled.
	at org.testng.Assert.fail(Assert.java:93)
	at prerate.prerateTestNGSlow.doPrerate(prerateTestNGSlow.java:682)
	at prerate.prerateTestNGSlow.testMethod2(prerateTestNGSlow.java:339)
	at sun.reflect.NativeMethodAccessorImpl.invoke0(Native Method)
	at sun.reflect.NativeMethodAccessorImpl.invoke(Unknown Source)
	at sun.reflect.DelegatingMethodAccessorImpl.invoke(Unknown Source)
	at java.lang.reflect.Method.invoke(Unknown Source)
	at org.testng.internal.MethodInvocationHelper.invokeMethod(MethodInvocationHelper.java:108)
	at org.testng.internal.Invoker.invokeMethod(Invoker.java:661)
	at org.testng.internal.Invoker.invokeTestMethod(Invoker.java:869)
	at org.testng.internal.Invoker.invokeTestMethods(Invoker.java:1193)
	at org.testng.internal.TestMethodWorker.invokeTestMethods(TestMethodWorker.java:126)
	at org.testng.internal.TestMethodWorker.run(TestMethodWorker.java:109)
	at java.util.concurrent.ThreadPoolExecutor.runWorker(Unknown Source)
	at java.util.concurrent.ThreadPoolExecutor$Worker.run(Unknown Source)
	at java.lang.Thread.run(Unknown Source)
]]>
    </failure>
  </testcase> <!-- testMethod2 -->
  <testcase name="testMethod3" time="49.164" classname="prerate.prerateTestNGSlow">
    <failure type="java.lang.AssertionError" message="Override Disabled.">
      <![CDATA[java.lang.AssertionError: Override Disabled.
	at org.testng.Assert.fail(Assert.java:93)
	at prerate.prerateTestNGSlow.doPrerate(prerateTestNGSlow.java:682)
	at prerate.prerateTestNGSlow.testMethod3(prerateTestNGSlow.java:363)
	at sun.reflect.NativeMethodAccessorImpl.invoke0(Native Method)
	at sun.reflect.NativeMethodAccessorImpl.invoke(Unknown Source)
	at sun.reflect.DelegatingMethodAccessorImpl.invoke(Unknown Source)
	at java.lang.reflect.Method.invoke(Unknown Source)
	at org.testng.internal.MethodInvocationHelper.invokeMethod(MethodInvocationHelper.java:108)
	at org.testng.internal.Invoker.invokeMethod(Invoker.java:661)
	at org.testng.internal.Invoker.invokeTestMethod(Invoker.java:869)
	at org.testng.internal.Invoker.invokeTestMethods(Invoker.java:1193)
	at org.testng.internal.TestMethodWorker.invokeTestMethods(TestMethodWorker.java:126)
	at org.testng.internal.TestMethodWorker.run(TestMethodWorker.java:109)
	at java.util.concurrent.ThreadPoolExecutor.runWorker(Unknown Source)
	at java.util.concurrent.ThreadPoolExecutor$Worker.run(Unknown Source)
	at java.lang.Thread.run(Unknown Source)
]]>
    </failure>
  </testcase> <!-- testMethod3 -->
  <testcase name="testMethod2" time="38.144" classname="prerate.prerateTestNGSlow"/>
  <testcase name="testMethod4" time="36.185" classname="prerate.prerateTestNGSlow"/>
  <testcase name="testMethod3" time="64.734" classname="prerate.prerateTestNGSlow"/>
  <testcase name="testMethod4" time="66.554" classname="prerate.prerateTestNGSlow"/>
  <testcase name="testMethod1" time="94.099" classname="prerate.prerateTestNGSlow">
    <failure type="java.lang.AssertionError" message="No Error Found, but still failed">
      <![CDATA[java.lang.AssertionError: No Error Found, but still failed
	at org.testng.Assert.fail(Assert.java:93)
	at prerate.prerateTestNGSlow.doPrerate(prerateTestNGSlow.java:749)
	at prerate.prerateTestNGSlow.testMethod1(prerateTestNGSlow.java:315)
	at sun.reflect.NativeMethodAccessorImpl.invoke0(Native Method)
	at sun.reflect.NativeMethodAccessorImpl.invoke(Unknown Source)
	at sun.reflect.DelegatingMethodAccessorImpl.invoke(Unknown Source)
	at java.lang.reflect.Method.invoke(Unknown Source)
	at org.testng.internal.MethodInvocationHelper.invokeMethod(MethodInvocationHelper.java:108)
	at org.testng.internal.Invoker.invokeMethod(Invoker.java:661)
	at org.testng.internal.Invoker.invokeTestMethod(Invoker.java:869)
	at org.testng.internal.Invoker.invokeTestMethods(Invoker.java:1193)
	at org.testng.internal.TestMethodWorker.invokeTestMethods(TestMethodWorker.java:126)
	at org.testng.internal.TestMethodWorker.run(TestMethodWorker.java:109)
	at java.util.concurrent.ThreadPoolExecutor.runWorker(Unknown Source)
	at java.util.concurrent.ThreadPoolExecutor$Worker.run(Unknown Source)
	at java.lang.Thread.run(Unknown Source)
]]>
    </failure>
  </testcase> <!-- testMethod1 -->
  <testcase name="testMethod1" time="53.913" classname="prerate.prerateTestNGSlow">
    <failure type="java.lang.AssertionError" message="Override Disabled.">
      <![CDATA[java.lang.AssertionError: Override Disabled.
	at org.testng.Assert.fail(Assert.java:93)
	at prerate.prerateTestNGSlow.doPrerate(prerateTestNGSlow.java:682)
	at prerate.prerateTestNGSlow.testMethod1(prerateTestNGSlow.java:315)
	at sun.reflect.NativeMethodAccessorImpl.invoke0(Native Method)
	at sun.reflect.NativeMethodAccessorImpl.invoke(Unknown Source)
	at sun.reflect.DelegatingMethodAccessorImpl.invoke(Unknown Source)
	at java.lang.reflect.Method.invoke(Unknown Source)
	at org.testng.internal.MethodInvocationHelper.invokeMethod(MethodInvocationHelper.java:108)
	at org.testng.internal.Invoker.invokeMethod(Invoker.java:661)
	at org.testng.internal.Invoker.invokeTestMethod(Invoker.java:869)
	at org.testng.internal.Invoker.invokeTestMethods(Invoker.java:1193)
	at org.testng.internal.TestMethodWorker.invokeTestMethods(TestMethodWorker.java:126)
	at org.testng.internal.TestMethodWorker.run(TestMethodWorker.java:109)
	at java.util.concurrent.ThreadPoolExecutor.runWorker(Unknown Source)
	at java.util.concurrent.ThreadPoolExecutor$Worker.run(Unknown Source)
	at java.lang.Thread.run(Unknown Source)
]]>
    </failure>
  </testcase> <!-- testMethod1 -->
  <testcase name="testMethod4" time="44.810" classname="prerate.prerateTestNGSlow"/>
  <testcase name="testMethod3" time="59.132" classname="prerate.prerateTestNGSlow"/>
  <testcase name="testMethod2" time="51.198" classname="prerate.prerateTestNGSlow">
    <failure type="java.lang.AssertionError" message="Override Disabled.">
      <![CDATA[java.lang.AssertionError: Override Disabled.
	at org.testng.Assert.fail(Assert.java:93)
	at prerate.prerateTestNGSlow.doPrerate(prerateTestNGSlow.java:682)
	at prerate.prerateTestNGSlow.testMethod2(prerateTestNGSlow.java:339)
	at sun.reflect.NativeMethodAccessorImpl.invoke0(Native Method)
	at sun.reflect.NativeMethodAccessorImpl.invoke(Unknown Source)
	at sun.reflect.DelegatingMethodAccessorImpl.invoke(Unknown Source)
	at java.lang.reflect.Method.invoke(Unknown Source)
	at org.testng.internal.MethodInvocationHelper.invokeMethod(MethodInvocationHelper.java:108)
	at org.testng.internal.Invoker.invokeMethod(Invoker.java:661)
	at org.testng.internal.Invoker.invokeTestMethod(Invoker.java:869)
	at org.testng.internal.Invoker.invokeTestMethods(Invoker.java:1193)
	at org.testng.internal.TestMethodWorker.invokeTestMethods(TestMethodWorker.java:126)
	at org.testng.internal.TestMethodWorker.run(TestMethodWorker.java:109)
	at java.util.concurrent.ThreadPoolExecutor.runWorker(Unknown Source)
	at java.util.concurrent.ThreadPoolExecutor$Worker.run(Unknown Source)
	at java.lang.Thread.run(Unknown Source)
]]>
    </failure>
  </testcase> <!-- testMethod2 -->
  <testcase name="testMethod3" time="109.188" classname="prerate.prerateTestNGSlow">
    <failure type="java.lang.AssertionError" message="No Error Found, but still failed">
      <![CDATA[java.lang.AssertionError: No Error Found, but still failed
	at org.testng.Assert.fail(Assert.java:93)
	at prerate.prerateTestNGSlow.doPrerate(prerateTestNGSlow.java:749)
	at prerate.prerateTestNGSlow.testMethod3(prerateTestNGSlow.java:363)
	at sun.reflect.NativeMethodAccessorImpl.invoke0(Native Method)
	at sun.reflect.NativeMethodAccessorImpl.invoke(Unknown Source)
	at sun.reflect.DelegatingMethodAccessorImpl.invoke(Unknown Source)
	at java.lang.reflect.Method.invoke(Unknown Source)
	at org.testng.internal.MethodInvocationHelper.invokeMethod(MethodInvocationHelper.java:108)
	at org.testng.internal.Invoker.invokeMethod(Invoker.java:661)
	at org.testng.internal.Invoker.invokeTestMethod(Invoker.java:869)
	at org.testng.internal.Invoker.invokeTestMethods(Invoker.java:1193)
	at org.testng.internal.TestMethodWorker.invokeTestMethods(TestMethodWorker.java:126)
	at org.testng.internal.TestMethodWorker.run(TestMethodWorker.java:109)
	at java.util.concurrent.ThreadPoolExecutor.runWorker(Unknown Source)
	at java.util.concurrent.ThreadPoolExecutor$Worker.run(Unknown Source)
	at java.lang.Thread.run(Unknown Source)
]]>
    </failure>
  </testcase> <!-- testMethod3 -->
  <testcase name="testMethod2" time="37.570" classname="prerate.prerateTestNGSlow"/>
  <testcase name="testMethod3" time="40.662" classname="prerate.prerateTestNGSlow"/>
  <testcase name="testMethod1" time="45.562" classname="prerate.prerateTestNGSlow"/>
  <testcase name="testMethod1" time="36.165" classname="prerate.prerateTestNGSlow"/>
  <testcase name="testMethod4" time="58.699" classname="prerate.prerateTestNGSlow"/>
  <testcase name="testMethod2" time="60.689" classname="prerate.prerateTestNGSlow"/>
  <testcase name="testMethod1" time="56.759" classname="prerate.prerateTestNGSlow"/>
  <testcase name="testMethod1" time="46.364" classname="prerate.prerateTestNGSlow">
    <failure type="java.lang.AssertionError" message="Override Disabled.">
      <![CDATA[java.lang.AssertionError: Override Disabled.
	at org.testng.Assert.fail(Assert.java:93)
	at prerate.prerateTestNGSlow.doPrerate(prerateTestNGSlow.java:682)
	at prerate.prerateTestNGSlow.testMethod1(prerateTestNGSlow.java:315)
	at sun.reflect.NativeMethodAccessorImpl.invoke0(Native Method)
	at sun.reflect.NativeMethodAccessorImpl.invoke(Unknown Source)
	at sun.reflect.DelegatingMethodAccessorImpl.invoke(Unknown Source)
	at java.lang.reflect.Method.invoke(Unknown Source)
	at org.testng.internal.MethodInvocationHelper.invokeMethod(MethodInvocationHelper.java:108)
	at org.testng.internal.Invoker.invokeMethod(Invoker.java:661)
	at org.testng.internal.Invoker.invokeTestMethod(Invoker.java:869)
	at org.testng.internal.Invoker.invokeTestMethods(Invoker.java:1193)
	at org.testng.internal.TestMethodWorker.invokeTestMethods(TestMethodWorker.java:126)
	at org.testng.internal.TestMethodWorker.run(TestMethodWorker.java:109)
	at java.util.concurrent.ThreadPoolExecutor.runWorker(Unknown Source)
	at java.util.concurrent.ThreadPoolExecutor$Worker.run(Unknown Source)
	at java.lang.Thread.run(Unknown Source)
]]>
    </failure>
  </testcase> <!-- testMethod1 -->
  <testcase name="testMethod3" time="61.440" classname="prerate.prerateTestNGSlow"/>
  <testcase name="testMethod2" time="39.349" classname="prerate.prerateTestNGSlow"/>
  <testcase name="testMethod1" time="63.790" classname="prerate.prerateTestNGSlow"/>
  <testcase name="testMethod2" time="79.001" classname="prerate.prerateTestNGSlow"/>
  <testcase name="testMethod4" time="61.431" classname="prerate.prerateTestNGSlow"/>
  <testcase name="testMethod1" time="59.756" classname="prerate.prerateTestNGSlow"/>
  <testcase name="testMethod1" time="38.353" classname="prerate.prerateTestNGSlow"/>
  <testcase name="testMethod4" time="59.279" classname="prerate.prerateTestNGSlow"/>
  <testcase name="testMethod1" time="86.094" classname="prerate.prerateTestNGSlow">
    <failure type="java.lang.AssertionError" message="Technical Error Occurred in Edits; Try again ,4364">
      <![CDATA[java.lang.AssertionError: Technical Error Occurred in Edits; Try again ,4364
	at org.testng.Assert.fail(Assert.java:93)
	at prerate.prerateTestNGSlow.doPrerate(prerateTestNGSlow.java:721)
	at prerate.prerateTestNGSlow.testMethod1(prerateTestNGSlow.java:315)
	at sun.reflect.NativeMethodAccessorImpl.invoke0(Native Method)
	at sun.reflect.NativeMethodAccessorImpl.invoke(Unknown Source)
	at sun.reflect.DelegatingMethodAccessorImpl.invoke(Unknown Source)
	at java.lang.reflect.Method.invoke(Unknown Source)
	at org.testng.internal.MethodInvocationHelper.invokeMethod(MethodInvocationHelper.java:108)
	at org.testng.internal.Invoker.invokeMethod(Invoker.java:661)
	at org.testng.internal.Invoker.invokeTestMethod(Invoker.java:869)
	at org.testng.internal.Invoker.invokeTestMethods(Invoker.java:1193)
	at org.testng.internal.TestMethodWorker.invokeTestMethods(TestMethodWorker.java:126)
	at org.testng.internal.TestMethodWorker.run(TestMethodWorker.java:109)
	at java.util.concurrent.ThreadPoolExecutor.runWorker(Unknown Source)
	at java.util.concurrent.ThreadPoolExecutor$Worker.run(Unknown Source)
	at java.lang.Thread.run(Unknown Source)
]]>
    </failure>
  </testcase> <!-- testMethod1 -->
  <testcase name="testMethod4" time="62.736" classname="prerate.prerateTestNGSlow"/>
  <testcase name="testMethod4" time="59.019" classname="prerate.prerateTestNGSlow"/>
  <testcase name="testMethod1" time="58.958" classname="prerate.prerateTestNGSlow"/>
  <testcase name="testMethod3" time="38.351" classname="prerate.prerateTestNGSlow"/>
  <testcase name="testMethod3" time="64.662" classname="prerate.prerateTestNGSlow"/>
  <testcase name="testMethod3" time="29.720" classname="prerate.prerateTestNGSlow">
    <failure type="java.lang.AssertionError" message="Failed selecting dropdown menu...">
      <![CDATA[java.lang.AssertionError: Failed selecting dropdown menu...
	at org.testng.Assert.fail(Assert.java:93)
	at prerate.prerateTestNGSlow.doPrerate(prerateTestNGSlow.java:607)
	at prerate.prerateTestNGSlow.testMethod3(prerateTestNGSlow.java:363)
	at sun.reflect.NativeMethodAccessorImpl.invoke0(Native Method)
	at sun.reflect.NativeMethodAccessorImpl.invoke(Unknown Source)
	at sun.reflect.DelegatingMethodAccessorImpl.invoke(Unknown Source)
	at java.lang.reflect.Method.invoke(Unknown Source)
	at org.testng.internal.MethodInvocationHelper.invokeMethod(MethodInvocationHelper.java:108)
	at org.testng.internal.Invoker.invokeMethod(Invoker.java:661)
	at org.testng.internal.Invoker.invokeTestMethod(Invoker.java:869)
	at org.testng.internal.Invoker.invokeTestMethods(Invoker.java:1193)
	at org.testng.internal.TestMethodWorker.invokeTestMethods(TestMethodWorker.java:126)
	at org.testng.internal.TestMethodWorker.run(TestMethodWorker.java:109)
	at java.util.concurrent.ThreadPoolExecutor.runWorker(Unknown Source)
	at java.util.concurrent.ThreadPoolExecutor$Worker.run(Unknown Source)
	at java.lang.Thread.run(Unknown Source)
]]>
    </failure>
  </testcase> <!-- testMethod3 -->
  <testcase name="testMethod1" time="95.093" classname="prerate.prerateTestNGSlow">
    <failure type="java.lang.AssertionError" message="Sum of Charge Details does not equal Payment Total Amount">
      <![CDATA[java.lang.AssertionError: Sum of Charge Details does not equal Payment Total Amount
	at org.testng.Assert.fail(Assert.java:93)
	at prerate.prerateTestNGSlow.doPrerate(prerateTestNGSlow.java:737)
	at prerate.prerateTestNGSlow.testMethod1(prerateTestNGSlow.java:315)
	at sun.reflect.NativeMethodAccessorImpl.invoke0(Native Method)
	at sun.reflect.NativeMethodAccessorImpl.invoke(Unknown Source)
	at sun.reflect.DelegatingMethodAccessorImpl.invoke(Unknown Source)
	at java.lang.reflect.Method.invoke(Unknown Source)
	at org.testng.internal.MethodInvocationHelper.invokeMethod(MethodInvocationHelper.java:108)
	at org.testng.internal.Invoker.invokeMethod(Invoker.java:661)
	at org.testng.internal.Invoker.invokeTestMethod(Invoker.java:869)
	at org.testng.internal.Invoker.invokeTestMethods(Invoker.java:1193)
	at org.testng.internal.TestMethodWorker.invokeTestMethods(TestMethodWorker.java:126)
	at org.testng.internal.TestMethodWorker.run(TestMethodWorker.java:109)
	at java.util.concurrent.ThreadPoolExecutor.runWorker(Unknown Source)
	at java.util.concurrent.ThreadPoolExecutor$Worker.run(Unknown Source)
	at java.lang.Thread.run(Unknown Source)
]]>
    </failure>
  </testcase> <!-- testMethod1 -->
  <testcase name="testMethod2" time="77.965" classname="prerate.prerateTestNGSlow"/>
  <testcase name="testMethod3" time="65.877" classname="prerate.prerateTestNGSlow"/>
  <testcase name="testMethod2" time="57.533" classname="prerate.prerateTestNGSlow"/>
  <testcase name="testMethod2" time="89.065" classname="prerate.prerateTestNGSlow">
    <failure type="java.lang.AssertionError" message="Make sure to add Charge Codes for each Charge Amount entered!">
      <![CDATA[java.lang.AssertionError: Make sure to add Charge Codes for each Charge Amount entered!
	at org.testng.Assert.fail(Assert.java:93)
	at prerate.prerateTestNGSlow.doPrerate(prerateTestNGSlow.java:737)
	at prerate.prerateTestNGSlow.testMethod2(prerateTestNGSlow.java:339)
	at sun.reflect.NativeMethodAccessorImpl.invoke0(Native Method)
	at sun.reflect.NativeMethodAccessorImpl.invoke(Unknown Source)
	at sun.reflect.DelegatingMethodAccessorImpl.invoke(Unknown Source)
	at java.lang.reflect.Method.invoke(Unknown Source)
	at org.testng.internal.MethodInvocationHelper.invokeMethod(MethodInvocationHelper.java:108)
	at org.testng.internal.Invoker.invokeMethod(Invoker.java:661)
	at org.testng.internal.Invoker.invokeTestMethod(Invoker.java:869)
	at org.testng.internal.Invoker.invokeTestMethods(Invoker.java:1193)
	at org.testng.internal.TestMethodWorker.invokeTestMethods(TestMethodWorker.java:126)
	at org.testng.internal.TestMethodWorker.run(TestMethodWorker.java:109)
	at java.util.concurrent.ThreadPoolExecutor.runWorker(Unknown Source)
	at java.util.concurrent.ThreadPoolExecutor$Worker.run(Unknown Source)
	at java.lang.Thread.run(Unknown Source)
]]>
    </failure>
  </testcase> <!-- testMethod2 -->
  <testcase name="testMethod4" time="59.089" classname="prerate.prerateTestNGSlow">
    <failure type="java.lang.AssertionError" message="Override Disabled.">
      <![CDATA[java.lang.AssertionError: Override Disabled.
	at org.testng.Assert.fail(Assert.java:93)
	at prerate.prerateTestNGSlow.doPrerate(prerateTestNGSlow.java:682)
	at prerate.prerateTestNGSlow.testMethod4(prerateTestNGSlow.java:394)
	at sun.reflect.NativeMethodAccessorImpl.invoke0(Native Method)
	at sun.reflect.NativeMethodAccessorImpl.invoke(Unknown Source)
	at sun.reflect.DelegatingMethodAccessorImpl.invoke(Unknown Source)
	at java.lang.reflect.Method.invoke(Unknown Source)
	at org.testng.internal.MethodInvocationHelper.invokeMethod(MethodInvocationHelper.java:108)
	at org.testng.internal.Invoker.invokeMethod(Invoker.java:661)
	at org.testng.internal.Invoker.invokeTestMethod(Invoker.java:869)
	at org.testng.internal.Invoker.invokeTestMethods(Invoker.java:1193)
	at org.testng.internal.TestMethodWorker.invokeTestMethods(TestMethodWorker.java:126)
	at org.testng.internal.TestMethodWorker.run(TestMethodWorker.java:109)
	at java.util.concurrent.ThreadPoolExecutor.runWorker(Unknown Source)
	at java.util.concurrent.ThreadPoolExecutor$Worker.run(Unknown Source)
	at java.lang.Thread.run(Unknown Source)
]]>
    </failure>
  </testcase> <!-- testMethod4 -->
  <testcase name="testMethod2" time="59.921" classname="prerate.prerateTestNGSlow"/>
  <testcase name="testMethod1" time="48.756" classname="prerate.prerateTestNGSlow">
    <failure type="java.lang.AssertionError" message="Override Disabled.">
      <![CDATA[java.lang.AssertionError: Override Disabled.
	at org.testng.Assert.fail(Assert.java:93)
	at prerate.prerateTestNGSlow.doPrerate(prerateTestNGSlow.java:682)
	at prerate.prerateTestNGSlow.testMethod1(prerateTestNGSlow.java:315)
	at sun.reflect.NativeMethodAccessorImpl.invoke0(Native Method)
	at sun.reflect.NativeMethodAccessorImpl.invoke(Unknown Source)
	at sun.reflect.DelegatingMethodAccessorImpl.invoke(Unknown Source)
	at java.lang.reflect.Method.invoke(Unknown Source)
	at org.testng.internal.MethodInvocationHelper.invokeMethod(MethodInvocationHelper.java:108)
	at org.testng.internal.Invoker.invokeMethod(Invoker.java:661)
	at org.testng.internal.Invoker.invokeTestMethod(Invoker.java:869)
	at org.testng.internal.Invoker.invokeTestMethods(Invoker.java:1193)
	at org.testng.internal.TestMethodWorker.invokeTestMethods(TestMethodWorker.java:126)
	at org.testng.internal.TestMethodWorker.run(TestMethodWorker.java:109)
	at java.util.concurrent.ThreadPoolExecutor.runWorker(Unknown Source)
	at java.util.concurrent.ThreadPoolExecutor$Worker.run(Unknown Source)
	at java.lang.Thread.run(Unknown Source)
]]>
    </failure>
  </testcase> <!-- testMethod1 -->
  <testcase name="testMethod4" time="89.218" classname="prerate.prerateTestNGSlow">
    <failure type="java.lang.AssertionError" message="Technical Error Occurred in Edits; Try again ,4364">
      <![CDATA[java.lang.AssertionError: Technical Error Occurred in Edits; Try again ,4364
	at org.testng.Assert.fail(Assert.java:93)
	at prerate.prerateTestNGSlow.doPrerate(prerateTestNGSlow.java:721)
	at prerate.prerateTestNGSlow.testMethod4(prerateTestNGSlow.java:394)
	at sun.reflect.NativeMethodAccessorImpl.invoke0(Native Method)
	at sun.reflect.NativeMethodAccessorImpl.invoke(Unknown Source)
	at sun.reflect.DelegatingMethodAccessorImpl.invoke(Unknown Source)
	at java.lang.reflect.Method.invoke(Unknown Source)
	at org.testng.internal.MethodInvocationHelper.invokeMethod(MethodInvocationHelper.java:108)
	at org.testng.internal.Invoker.invokeMethod(Invoker.java:661)
	at org.testng.internal.Invoker.invokeTestMethod(Invoker.java:869)
	at org.testng.internal.Invoker.invokeTestMethods(Invoker.java:1193)
	at org.testng.internal.TestMethodWorker.invokeTestMethods(TestMethodWorker.java:126)
	at org.testng.internal.TestMethodWorker.run(TestMethodWorker.java:109)
	at java.util.concurrent.ThreadPoolExecutor.runWorker(Unknown Source)
	at java.util.concurrent.ThreadPoolExecutor$Worker.run(Unknown Source)
	at java.lang.Thread.run(Unknown Source)
]]>
    </failure>
  </testcase> <!-- testMethod4 -->
  <testcase name="testMethod2" time="68.572" classname="prerate.prerateTestNGSlow"/>
  <testcase name="testMethod2" time="61.995" classname="prerate.prerateTestNGSlow"/>
  <testcase name="testMethod4" time="60.644" classname="prerate.prerateTestNGSlow"/>
  <testcase name="testMethod3" time="38.022" classname="prerate.prerateTestNGSlow"/>
  <testcase name="testMethod1" time="60.152" classname="prerate.prerateTestNGSlow"/>
  <testcase name="testMethod4" time="55.120" classname="prerate.prerateTestNGSlow">
    <error type="java.lang.IndexOutOfBoundsException" message="Index: 3, Size: 3">
      <![CDATA[java.lang.IndexOutOfBoundsException: Index: 3, Size: 3
	at java.util.ArrayList.rangeCheck(Unknown Source)
	at java.util.ArrayList.get(Unknown Source)
	at prerate.prerateTestNGSlow.doPrerate(prerateTestNGSlow.java:676)
	at prerate.prerateTestNGSlow.testMethod4(prerateTestNGSlow.java:394)
	at sun.reflect.NativeMethodAccessorImpl.invoke0(Native Method)
	at sun.reflect.NativeMethodAccessorImpl.invoke(Unknown Source)
	at sun.reflect.DelegatingMethodAccessorImpl.invoke(Unknown Source)
	at java.lang.reflect.Method.invoke(Unknown Source)
	at org.testng.internal.MethodInvocationHelper.invokeMethod(MethodInvocationHelper.java:108)
	at org.testng.internal.Invoker.invokeMethod(Invoker.java:661)
	at org.testng.internal.Invoker.invokeTestMethod(Invoker.java:869)
	at org.testng.internal.Invoker.invokeTestMethods(Invoker.java:1193)
	at org.testng.internal.TestMethodWorker.invokeTestMethods(TestMethodWorker.java:126)
	at org.testng.internal.TestMethodWorker.run(TestMethodWorker.java:109)
	at java.util.concurrent.ThreadPoolExecutor.runWorker(Unknown Source)
	at java.util.concurrent.ThreadPoolExecutor$Worker.run(Unknown Source)
	at java.lang.Thread.run(Unknown Source)
]]>
    </error>
  </testcase> <!-- testMethod4 -->
  <testcase name="testMethod3" time="43.883" classname="prerate.prerateTestNGSlow"/>
  <testcase name="testMethod2" time="62.010" classname="prerate.prerateTestNGSlow"/>
</testsuite> <!-- prerate.prerateTestNGSlow -->
