<?xml version="1.0" encoding="UTF-8"?>
<!-- Generated by org.testng.reporters.JUnitReportReporter -->
<testsuite hostname="c0016390" failures="0" tests="27" name="eraRerate.eraMassRerateTestNGSlow" time="453.199" errors="0" timestamp="2021-01-26T15:28:30 UTC" skipped="2">
  <testcase classname="eraRerate.eraMassRerateTestNGSlow" name="testMethod1" time="0.000"/>
  <system-out/>
  <testcase classname="eraRerate.eraMassRerateTestNGSlow" name="testMethod1" time="0.000"/>
  <system-out/>
  <testcase classname="eraRerate.eraMassRerateTestNGSlow" name="testMethod1" time="0.000"/>
  <system-out/>
  <testcase classname="eraRerate.eraMassRerateTestNGSlow" name="testMethod1" time="47.387"/>
  <system-out/>
  <testcase classname="eraRerate.eraMassRerateTestNGSlow" name="testMethod1" time="28.783"/>
  <system-out/>
  <testcase classname="eraRerate.eraMassRerateTestNGSlow" name="testMethod1" time="26.090"/>
  <system-out/>
  <testcase classname="eraRerate.eraMassRerateTestNGSlow" name="testMethod1" time="31.317"/>
  <system-out/>
  <testcase classname="eraRerate.eraMassRerateTestNGSlow" name="testMethod1" time="31.891"/>
  <system-out/>
  <testcase classname="eraRerate.eraMassRerateTestNGSlow" name="testMethod1" time="27.232"/>
  <system-out/>
  <testcase classname="eraRerate.eraMassRerateTestNGSlow" name="testMethod1" time="27.230"/>
  <system-out/>
  <testcase classname="eraRerate.eraMassRerateTestNGSlow" name="testMethod1" time="27.667"/>
  <system-out/>
  <testcase classname="eraRerate.eraMassRerateTestNGSlow" name="testMethod1" time="0.000"/>
  <system-out/>
  <testcase classname="eraRerate.eraMassRerateTestNGSlow" name="testMethod1" time="5.864"/>
  <system-out/>
  <testcase classname="eraRerate.eraMassRerateTestNGSlow" name="testMethod1" time="26.452"/>
  <system-out/>
  <testcase classname="eraRerate.eraMassRerateTestNGSlow" name="testMethod1" time="26.853"/>
  <system-out/>
  <testcase classname="eraRerate.eraMassRerateTestNGSlow" name="testMethod1" time="18.520">
    <skipped/>
  </testcase> <!-- testMethod1 -->
  <system-out/>
  <testcase classname="eraRerate.eraMassRerateTestNGSlow" name="testMethod1" time="0.000"/>
  <system-out/>
  <testcase classname="eraRerate.eraMassRerateTestNGSlow" name="testMethod1" time="27.371"/>
  <system-out/>
  <testcase classname="eraRerate.eraMassRerateTestNGSlow" name="testMethod1" time="26.337"/>
  <system-out/>
  <testcase classname="eraRerate.eraMassRerateTestNGSlow" name="testMethod1" time="0.000"/>
  <system-out/>
  <testcase classname="eraRerate.eraMassRerateTestNGSlow" name="testMethod1" time="26.880"/>
  <system-out/>
  <testcase classname="eraRerate.eraMassRerateTestNGSlow" name="testMethod1" time="0.000"/>
  <system-out/>
  <testcase classname="eraRerate.eraMassRerateTestNGSlow" name="testMethod1" time="0.001"/>
  <system-out/>
  <testcase classname="eraRerate.eraMassRerateTestNGSlow" name="testMethod1" time="0.000"/>
  <system-out/>
  <testcase classname="eraRerate.eraMassRerateTestNGSlow" name="testMethod1" time="0.000"/>
  <system-out/>
  <testcase classname="eraRerate.eraMassRerateTestNGSlow" name="testMethod1" time="26.959"/>
  <system-out/>
  <testcase classname="eraRerate.eraMassRerateTestNGSlow" name="testMethod1" time="20.365">
    <skipped/>
  </testcase> <!-- testMethod1 -->
  <system-out/>
</testsuite> <!-- eraRerate.eraMassRerateTestNGSlow -->
