<?xml version="1.0" encoding="UTF-8"?>
<!-- Generated by org.testng.reporters.JUnitReportReporter -->
<testsuite skipped="0" hostname="DESKTOP-BVCOH3L" name="rebill.testngRebillSlow" tests="51" failures="0" timestamp="10 May 2020 01:45:56 GMT" time="0.025" errors="0">
  <testcase name="testMethod1" time="0.001" classname="rebill.testngRebillSlow"/>
  <testcase name="testMethod3" time="0.001" classname="rebill.testngRebillSlow"/>
  <testcase name="testMethod3" time="0.000" classname="rebill.testngRebillSlow"/>
  <testcase name="testMethod1" time="0.000" classname="rebill.testngRebillSlow"/>
  <testcase name="testMethod4" time="0.000" classname="rebill.testngRebillSlow"/>
  <testcase name="testMethod3" time="0.000" classname="rebill.testngRebillSlow"/>
  <testcase name="testMethod3" time="0.001" classname="rebill.testngRebillSlow"/>
  <testcase name="testMethod3" time="0.000" classname="rebill.testngRebillSlow"/>
  <testcase name="testMethod4" time="0.000" classname="rebill.testngRebillSlow"/>
  <testcase name="testMethod2" time="0.000" classname="rebill.testngRebillSlow"/>
  <testcase name="testMethod4" time="0.000" classname="rebill.testngRebillSlow"/>
  <testcase name="testMethod2" time="0.000" classname="rebill.testngRebillSlow"/>
  <testcase name="testMethod1" time="0.000" classname="rebill.testngRebillSlow"/>
  <testcase name="testMethod2" time="0.013" classname="rebill.testngRebillSlow"/>
  <testcase name="testMethod2" time="0.000" classname="rebill.testngRebillSlow"/>
  <testcase name="testMethod2" time="0.000" classname="rebill.testngRebillSlow"/>
  <testcase name="testMethod4" time="0.000" classname="rebill.testngRebillSlow"/>
  <testcase name="testMethod3" time="0.001" classname="rebill.testngRebillSlow"/>
  <testcase name="testMethod4" time="0.000" classname="rebill.testngRebillSlow"/>
  <testcase name="testMethod2" time="0.000" classname="rebill.testngRebillSlow"/>
  <testcase name="testMethod1" time="0.000" classname="rebill.testngRebillSlow"/>
  <testcase name="testMethod2" time="0.000" classname="rebill.testngRebillSlow"/>
  <testcase name="testMethod4" time="0.001" classname="rebill.testngRebillSlow"/>
  <testcase name="testMethod4" time="0.001" classname="rebill.testngRebillSlow"/>
  <testcase name="testMethod1" time="0.000" classname="rebill.testngRebillSlow"/>
  <testcase name="testMethod3" time="0.000" classname="rebill.testngRebillSlow"/>
  <testcase name="testMethod1" time="0.000" classname="rebill.testngRebillSlow"/>
  <testcase name="testMethod1" time="0.000" classname="rebill.testngRebillSlow"/>
  <testcase name="testMethod2" time="0.001" classname="rebill.testngRebillSlow"/>
  <testcase name="testMethod4" time="0.000" classname="rebill.testngRebillSlow"/>
  <testcase name="testMethod3" time="0.001" classname="rebill.testngRebillSlow"/>
  <testcase name="testMethod1" time="0.000" classname="rebill.testngRebillSlow"/>
  <testcase name="testMethod1" time="0.000" classname="rebill.testngRebillSlow"/>
  <testcase name="testMethod3" time="0.000" classname="rebill.testngRebillSlow"/>
  <testcase name="testMethod2" time="0.000" classname="rebill.testngRebillSlow"/>
  <testcase name="testMethod3" time="0.000" classname="rebill.testngRebillSlow"/>
  <testcase name="testMethod2" time="0.000" classname="rebill.testngRebillSlow"/>
  <testcase name="testMethod4" time="0.000" classname="rebill.testngRebillSlow"/>
  <testcase name="testMethod1" time="0.000" classname="rebill.testngRebillSlow"/>
  <testcase name="testMethod2" time="0.000" classname="rebill.testngRebillSlow"/>
  <testcase name="testMethod4" time="0.000" classname="rebill.testngRebillSlow"/>
  <testcase name="testMethod4" time="0.000" classname="rebill.testngRebillSlow"/>
  <testcase name="testMethod1" time="0.000" classname="rebill.testngRebillSlow"/>
  <testcase name="testMethod1" time="0.000" classname="rebill.testngRebillSlow"/>
  <testcase name="testMethod1" time="0.000" classname="rebill.testngRebillSlow"/>
  <testcase name="testMethod4" time="0.001" classname="rebill.testngRebillSlow"/>
  <testcase name="testMethod2" time="0.001" classname="rebill.testngRebillSlow"/>
  <testcase name="testMethod3" time="0.000" classname="rebill.testngRebillSlow"/>
  <testcase name="testMethod3" time="0.001" classname="rebill.testngRebillSlow"/>
  <testcase name="testMethod3" time="0.000" classname="rebill.testngRebillSlow"/>
  <testcase name="testMethod2" time="0.001" classname="rebill.testngRebillSlow"/>
</testsuite> <!-- rebill.testngRebillSlow -->
