<?xml version="1.0" encoding="UTF-8"?>
<!-- Generated by org.testng.reporters.JUnitReportReporter -->
<testsuite skipped="0" hostname="DESKTOP-OKDV62E" name="testng.testingonly" tests="3" failures="0" timestamp="2020-05-12T15:37:34 EDT" time="297.072" errors="0">
  <testcase name="testMethod3" time="101.522" classname="testng.testingonly"/>
  <testcase name="testMethod2" time="80.646" classname="testng.testingonly"/>
  <testcase name="testMethod" time="114.904" classname="testng.testingonly"/>
</testsuite> <!-- testng.testingonly -->
