<?xml version="1.0" encoding="UTF-8"?>
<!-- Generated by org.testng.reporters.JUnitReportReporter -->
<testsuite skipped="205" hostname="SQA-CRS-025" name="rebill.testngRebillSlow" tests="414" failures="31" timestamp="2020-06-16T21:46:47 CDT" time="26993.797" errors="5">
  <testcase name="testMethod1" time="149.966" classname="rebill.testngRebillSlow">
    <skipped/>
  </testcase> <!-- testMethod1 -->
  <system-out/>
  <testcase name="testMethod1" time="66.317" classname="rebill.testngRebillSlow"/>
  <system-out/>
  <testcase name="testMethod1" time="55.346" classname="rebill.testngRebillSlow">
    <skipped/>
  </testcase> <!-- testMethod1 -->
  <system-out/>
  <testcase name="testMethod1" time="76.523" classname="rebill.testngRebillSlow"/>
  <system-out/>
  <testcase name="testMethod1" time="53.726" classname="rebill.testngRebillSlow">
    <skipped/>
  </testcase> <!-- testMethod1 -->
  <system-out/>
  <testcase name="testMethod1" time="107.999" classname="rebill.testngRebillSlow"/>
  <system-out/>
  <testcase name="testMethod1" time="54.520" classname="rebill.testngRebillSlow">
    <skipped/>
  </testcase> <!-- testMethod1 -->
  <system-out/>
  <testcase name="testMethod1" time="61.844" classname="rebill.testngRebillSlow"/>
  <system-out/>
  <testcase name="testMethod1" time="57.792" classname="rebill.testngRebillSlow"/>
  <system-out/>
  <testcase name="testMethod1" time="53.613" classname="rebill.testngRebillSlow">
    <failure type="java.lang.AssertionError" message="Could Not Find Popup Or COntinue to Package Screen">
      <![CDATA[java.lang.AssertionError: Could Not Find Popup Or COntinue to Package Screen
at org.testng.Assert.fail(Assert.java:97)
at rebill.testngRebillSlow.doRebill(testngRebillSlow.java:948)
at rebill.testngRebillSlow.testMethod1(testngRebillSlow.java:636)
at sun.reflect.GeneratedMethodAccessor11.invoke(Unknown Source)
at sun.reflect.DelegatingMethodAccessorImpl.invoke(DelegatingMethodAccessorImpl.java:43)
at java.lang.reflect.Method.invoke(Method.java:498)
at org.testng.internal.MethodInvocationHelper.invokeMethod(MethodInvocationHelper.java:135)
at org.testng.internal.TestInvoker.invokeMethod(TestInvoker.java:598)
at org.testng.internal.TestInvoker.retryFailed(TestInvoker.java:214)
at org.testng.internal.MethodRunner.runInSequence(MethodRunner.java:58)
at org.testng.internal.TestInvoker$MethodInvocationAgent.invoke(TestInvoker.java:821)
at org.testng.internal.TestInvoker.invokeTestMethods(TestInvoker.java:147)
at org.testng.internal.TestMethodWorker.invokeTestMethods(TestMethodWorker.java:146)
at org.testng.internal.TestMethodWorker.run(TestMethodWorker.java:128)
at java.util.concurrent.ThreadPoolExecutor.runWorker(ThreadPoolExecutor.java:1149)
at java.util.concurrent.ThreadPoolExecutor$Worker.run(ThreadPoolExecutor.java:624)
at java.lang.Thread.run(Thread.java:748)
]]>
    </failure>
  </testcase> <!-- testMethod1 -->
  <system-out/>
  <testcase name="testMethod1" time="69.937" classname="rebill.testngRebillSlow">
    <skipped/>
  </testcase> <!-- testMethod1 -->
  <system-out/>
  <testcase name="testMethod1" time="57.750" classname="rebill.testngRebillSlow"/>
  <system-out/>
  <testcase name="testMethod1" time="62.348" classname="rebill.testngRebillSlow"/>
  <system-out/>
  <testcase name="testMethod1" time="54.732" classname="rebill.testngRebillSlow">
    <failure type="java.lang.AssertionError" message="Could Not Find Popup Or COntinue to Package Screen">
      <![CDATA[java.lang.AssertionError: Could Not Find Popup Or COntinue to Package Screen
at org.testng.Assert.fail(Assert.java:97)
at rebill.testngRebillSlow.doRebill(testngRebillSlow.java:948)
at rebill.testngRebillSlow.testMethod1(testngRebillSlow.java:636)
at sun.reflect.GeneratedMethodAccessor11.invoke(Unknown Source)
at sun.reflect.DelegatingMethodAccessorImpl.invoke(DelegatingMethodAccessorImpl.java:43)
at java.lang.reflect.Method.invoke(Method.java:498)
at org.testng.internal.MethodInvocationHelper.invokeMethod(MethodInvocationHelper.java:135)
at org.testng.internal.TestInvoker.invokeMethod(TestInvoker.java:598)
at org.testng.internal.TestInvoker.retryFailed(TestInvoker.java:214)
at org.testng.internal.MethodRunner.runInSequence(MethodRunner.java:58)
at org.testng.internal.TestInvoker$MethodInvocationAgent.invoke(TestInvoker.java:821)
at org.testng.internal.TestInvoker.invokeTestMethods(TestInvoker.java:147)
at org.testng.internal.TestMethodWorker.invokeTestMethods(TestMethodWorker.java:146)
at org.testng.internal.TestMethodWorker.run(TestMethodWorker.java:128)
at java.util.concurrent.ThreadPoolExecutor.runWorker(ThreadPoolExecutor.java:1149)
at java.util.concurrent.ThreadPoolExecutor$Worker.run(ThreadPoolExecutor.java:624)
at java.lang.Thread.run(Thread.java:748)
]]>
    </failure>
  </testcase> <!-- testMethod1 -->
  <system-out/>
  <testcase name="testMethod1" time="1.394" classname="rebill.testngRebillSlow"/>
  <system-out/>
  <testcase name="testMethod1" time="69.235" classname="rebill.testngRebillSlow"/>
  <system-out/>
  <testcase name="testMethod1" time="53.346" classname="rebill.testngRebillSlow">
    <skipped/>
  </testcase> <!-- testMethod1 -->
  <system-out/>
  <testcase name="testMethod1" time="299.487" classname="rebill.testngRebillSlow">
    <skipped/>
  </testcase> <!-- testMethod1 -->
  <system-out/>
  <testcase name="testMethod1" time="1.381" classname="rebill.testngRebillSlow"/>
  <system-out/>
  <testcase name="testMethod1" time="54.084" classname="rebill.testngRebillSlow">
    <skipped/>
  </testcase> <!-- testMethod1 -->
  <system-out/>
  <testcase name="testMethod1" time="123.549" classname="rebill.testngRebillSlow">
    <skipped/>
  </testcase> <!-- testMethod1 -->
  <system-out/>
  <testcase name="testMethod1" time="69.343" classname="rebill.testngRebillSlow"/>
  <system-out/>
  <testcase name="testMethod1" time="26.652" classname="rebill.testngRebillSlow">
    <failure type="java.lang.AssertionError" message="Failed on Entering Tracking Number">
      <![CDATA[java.lang.AssertionError: Failed on Entering Tracking Number
at org.testng.Assert.fail(Assert.java:97)
at rebill.testngRebillSlow.doRebill(testngRebillSlow.java:914)
at rebill.testngRebillSlow.testMethod1(testngRebillSlow.java:636)
at sun.reflect.GeneratedMethodAccessor11.invoke(Unknown Source)
at sun.reflect.DelegatingMethodAccessorImpl.invoke(DelegatingMethodAccessorImpl.java:43)
at java.lang.reflect.Method.invoke(Method.java:498)
at org.testng.internal.MethodInvocationHelper.invokeMethod(MethodInvocationHelper.java:135)
at org.testng.internal.TestInvoker.invokeMethod(TestInvoker.java:598)
at org.testng.internal.TestInvoker.retryFailed(TestInvoker.java:214)
at org.testng.internal.MethodRunner.runInSequence(MethodRunner.java:58)
at org.testng.internal.TestInvoker$MethodInvocationAgent.invoke(TestInvoker.java:821)
at org.testng.internal.TestInvoker.invokeTestMethods(TestInvoker.java:147)
at org.testng.internal.TestMethodWorker.invokeTestMethods(TestMethodWorker.java:146)
at org.testng.internal.TestMethodWorker.run(TestMethodWorker.java:128)
at java.util.concurrent.ThreadPoolExecutor.runWorker(ThreadPoolExecutor.java:1149)
at java.util.concurrent.ThreadPoolExecutor$Worker.run(ThreadPoolExecutor.java:624)
at java.lang.Thread.run(Thread.java:748)
]]>
    </failure>
  </testcase> <!-- testMethod1 -->
  <system-out/>
  <testcase name="testMethod1" time="53.199" classname="rebill.testngRebillSlow">
    <skipped/>
  </testcase> <!-- testMethod1 -->
  <system-out/>
  <testcase name="testMethod1" time="56.089" classname="rebill.testngRebillSlow">
    <skipped/>
  </testcase> <!-- testMethod1 -->
  <system-out/>
  <testcase name="testMethod1" time="86.584" classname="rebill.testngRebillSlow"/>
  <system-out/>
  <testcase name="testMethod1" time="74.743" classname="rebill.testngRebillSlow">
    <skipped/>
  </testcase> <!-- testMethod1 -->
  <system-out/>
  <testcase name="testMethod1" time="82.252" classname="rebill.testngRebillSlow"/>
  <system-out/>
  <testcase name="testMethod1" time="54.090" classname="rebill.testngRebillSlow">
    <skipped/>
  </testcase> <!-- testMethod1 -->
  <system-out/>
  <testcase name="testMethod1" time="69.153" classname="rebill.testngRebillSlow"/>
  <system-out/>
  <testcase name="testMethod1" time="84.118" classname="rebill.testngRebillSlow"/>
  <system-out/>
  <testcase name="testMethod1" time="67.788" classname="rebill.testngRebillSlow">
    <skipped/>
  </testcase> <!-- testMethod1 -->
  <system-out/>
  <testcase name="testMethod1" time="54.664" classname="rebill.testngRebillSlow">
    <skipped/>
  </testcase> <!-- testMethod1 -->
  <system-out/>
  <testcase name="testMethod1" time="69.228" classname="rebill.testngRebillSlow"/>
  <system-out/>
  <testcase name="testMethod1" time="53.945" classname="rebill.testngRebillSlow">
    <skipped/>
  </testcase> <!-- testMethod1 -->
  <system-out/>
  <testcase name="testMethod1" time="52.734" classname="rebill.testngRebillSlow">
    <skipped/>
  </testcase> <!-- testMethod1 -->
  <system-out/>
  <testcase name="testMethod1" time="56.624" classname="rebill.testngRebillSlow"/>
  <system-out/>
  <testcase name="testMethod1" time="56.873" classname="rebill.testngRebillSlow"/>
  <system-out/>
  <testcase name="testMethod1" time="28.128" classname="rebill.testngRebillSlow">
    <skipped/>
  </testcase> <!-- testMethod1 -->
  <system-out/>
  <testcase name="testMethod1" time="67.600" classname="rebill.testngRebillSlow"/>
  <system-out/>
  <testcase name="testMethod1" time="54.406" classname="rebill.testngRebillSlow"/>
  <system-out/>
  <testcase name="testMethod1" time="56.817" classname="rebill.testngRebillSlow"/>
  <system-out/>
  <testcase name="testMethod1" time="53.278" classname="rebill.testngRebillSlow">
    <skipped/>
  </testcase> <!-- testMethod1 -->
  <system-out/>
  <testcase name="testMethod1" time="55.167" classname="rebill.testngRebillSlow">
    <skipped/>
  </testcase> <!-- testMethod1 -->
  <system-out/>
  <testcase name="testMethod1" time="57.289" classname="rebill.testngRebillSlow"/>
  <system-out/>
  <testcase name="testMethod1" time="1.517" classname="rebill.testngRebillSlow"/>
  <system-out/>
  <testcase name="testMethod1" time="80.697" classname="rebill.testngRebillSlow"/>
  <system-out/>
  <testcase name="testMethod1" time="56.877" classname="rebill.testngRebillSlow">
    <skipped/>
  </testcase> <!-- testMethod1 -->
  <system-out/>
  <testcase name="testMethod1" time="70.827" classname="rebill.testngRebillSlow"/>
  <system-out/>
  <testcase name="testMethod1" time="83.394" classname="rebill.testngRebillSlow">
    <skipped/>
  </testcase> <!-- testMethod1 -->
  <system-out/>
  <testcase name="testMethod1" time="53.906" classname="rebill.testngRebillSlow">
    <skipped/>
  </testcase> <!-- testMethod1 -->
  <system-out/>
  <testcase name="testMethod1" time="53.245" classname="rebill.testngRebillSlow">
    <skipped/>
  </testcase> <!-- testMethod1 -->
  <system-out/>
  <testcase name="testMethod1" time="54.643" classname="rebill.testngRebillSlow">
    <skipped/>
  </testcase> <!-- testMethod1 -->
  <system-out/>
  <testcase name="testMethod1" time="54.127" classname="rebill.testngRebillSlow">
    <skipped/>
  </testcase> <!-- testMethod1 -->
  <system-out/>
  <testcase name="testMethod1" time="50.176" classname="rebill.testngRebillSlow">
    <skipped/>
  </testcase> <!-- testMethod1 -->
  <system-out/>
  <testcase name="testMethod1" time="55.068" classname="rebill.testngRebillSlow">
    <skipped/>
  </testcase> <!-- testMethod1 -->
  <system-out/>
  <testcase name="testMethod1" time="85.102" classname="rebill.testngRebillSlow"/>
  <system-out/>
  <testcase name="testMethod1" time="74.173" classname="rebill.testngRebillSlow"/>
  <system-out/>
  <testcase name="testMethod1" time="27.186" classname="rebill.testngRebillSlow">
    <skipped/>
  </testcase> <!-- testMethod1 -->
  <system-out/>
  <testcase name="testMethod1" time="50.642" classname="rebill.testngRebillSlow">
    <skipped/>
  </testcase> <!-- testMethod1 -->
  <system-out/>
  <testcase name="testMethod1" time="54.088" classname="rebill.testngRebillSlow">
    <skipped/>
  </testcase> <!-- testMethod1 -->
  <system-out/>
  <testcase name="testMethod1" time="53.047" classname="rebill.testngRebillSlow">
    <skipped/>
  </testcase> <!-- testMethod1 -->
  <system-out/>
  <testcase name="testMethod1" time="56.625" classname="rebill.testngRebillSlow"/>
  <system-out/>
  <testcase name="testMethod1" time="57.707" classname="rebill.testngRebillSlow">
    <failure type="java.lang.AssertionError" message="Could Not Find Popup Or COntinue to Package Screen">
      <![CDATA[java.lang.AssertionError: Could Not Find Popup Or COntinue to Package Screen
at org.testng.Assert.fail(Assert.java:97)
at rebill.testngRebillSlow.doRebill(testngRebillSlow.java:948)
at rebill.testngRebillSlow.testMethod1(testngRebillSlow.java:636)
at sun.reflect.GeneratedMethodAccessor11.invoke(Unknown Source)
at sun.reflect.DelegatingMethodAccessorImpl.invoke(DelegatingMethodAccessorImpl.java:43)
at java.lang.reflect.Method.invoke(Method.java:498)
at org.testng.internal.MethodInvocationHelper.invokeMethod(MethodInvocationHelper.java:135)
at org.testng.internal.TestInvoker.invokeMethod(TestInvoker.java:598)
at org.testng.internal.TestInvoker.retryFailed(TestInvoker.java:214)
at org.testng.internal.MethodRunner.runInSequence(MethodRunner.java:58)
at org.testng.internal.TestInvoker$MethodInvocationAgent.invoke(TestInvoker.java:821)
at org.testng.internal.TestInvoker.invokeTestMethods(TestInvoker.java:147)
at org.testng.internal.TestMethodWorker.invokeTestMethods(TestMethodWorker.java:146)
at org.testng.internal.TestMethodWorker.run(TestMethodWorker.java:128)
at java.util.concurrent.ThreadPoolExecutor.runWorker(ThreadPoolExecutor.java:1149)
at java.util.concurrent.ThreadPoolExecutor$Worker.run(ThreadPoolExecutor.java:624)
at java.lang.Thread.run(Thread.java:748)
]]>
    </failure>
  </testcase> <!-- testMethod1 -->
  <system-out/>
  <testcase name="testMethod1" time="50.400" classname="rebill.testngRebillSlow">
    <skipped/>
  </testcase> <!-- testMethod1 -->
  <system-out/>
  <testcase name="testMethod1" time="56.904" classname="rebill.testngRebillSlow"/>
  <system-out/>
  <testcase name="testMethod1" time="39.362" classname="rebill.testngRebillSlow">
    <skipped/>
  </testcase> <!-- testMethod1 -->
  <system-out/>
  <testcase name="testMethod1" time="56.240" classname="rebill.testngRebillSlow">
    <skipped/>
  </testcase> <!-- testMethod1 -->
  <system-out/>
  <testcase name="testMethod1" time="55.500" classname="rebill.testngRebillSlow"/>
  <system-out/>
  <testcase name="testMethod1" time="53.398" classname="rebill.testngRebillSlow">
    <skipped/>
  </testcase> <!-- testMethod1 -->
  <system-out/>
  <testcase name="testMethod1" time="102.888" classname="rebill.testngRebillSlow">
    <skipped/>
  </testcase> <!-- testMethod1 -->
  <system-out/>
  <testcase name="testMethod1" time="55.386" classname="rebill.testngRebillSlow"/>
  <system-out/>
  <testcase name="testMethod1" time="54.931" classname="rebill.testngRebillSlow">
    <failure type="java.lang.AssertionError" message="Could Not Find Popup Or COntinue to Package Screen">
      <![CDATA[java.lang.AssertionError: Could Not Find Popup Or COntinue to Package Screen
at org.testng.Assert.fail(Assert.java:97)
at rebill.testngRebillSlow.doRebill(testngRebillSlow.java:948)
at rebill.testngRebillSlow.testMethod1(testngRebillSlow.java:636)
at sun.reflect.GeneratedMethodAccessor11.invoke(Unknown Source)
at sun.reflect.DelegatingMethodAccessorImpl.invoke(DelegatingMethodAccessorImpl.java:43)
at java.lang.reflect.Method.invoke(Method.java:498)
at org.testng.internal.MethodInvocationHelper.invokeMethod(MethodInvocationHelper.java:135)
at org.testng.internal.TestInvoker.invokeMethod(TestInvoker.java:598)
at org.testng.internal.TestInvoker.retryFailed(TestInvoker.java:214)
at org.testng.internal.MethodRunner.runInSequence(MethodRunner.java:58)
at org.testng.internal.TestInvoker$MethodInvocationAgent.invoke(TestInvoker.java:821)
at org.testng.internal.TestInvoker.invokeTestMethods(TestInvoker.java:147)
at org.testng.internal.TestMethodWorker.invokeTestMethods(TestMethodWorker.java:146)
at org.testng.internal.TestMethodWorker.run(TestMethodWorker.java:128)
at java.util.concurrent.ThreadPoolExecutor.runWorker(ThreadPoolExecutor.java:1149)
at java.util.concurrent.ThreadPoolExecutor$Worker.run(ThreadPoolExecutor.java:624)
at java.lang.Thread.run(Thread.java:748)
]]>
    </failure>
  </testcase> <!-- testMethod1 -->
  <system-out/>
  <testcase name="testMethod1" time="113.036" classname="rebill.testngRebillSlow">
    <failure type="java.lang.AssertionError" message="org.openqa.selenium.NoSuchElementException: no such element: Unable to locate element: {&quot;method&quot;:&quot;xpath&quot;,&quot;selector&quot;:&quot;/html/body/div[6]/div/div/div[1]/div[1]/h4&quot;}
  (Session info: chrome=83.0.4103.97)
  (Driver info: chromedriver=2.41.578737 (49da6702b16031c40d63e5618de03a32ff6c197e),platform=Windows NT 6.1.7601 SP1 x86) (WARNING: The server did not provide any stacktrace information)
Command duration or timeout: 0 milliseconds
For documentation on this error, please visit: https://www.seleniumhq.org/exceptions/no_such_element.html
Build info: version: &#039;3.141.59&#039;, revision: &#039;e82be7d358&#039;, time: &#039;2018-11-14T08:25:48&#039;
System info: host: &#039;SQA-CRS-025&#039;, ip: &#039;10.255.250.85&#039;, os.name: &#039;Windows 7&#039;, os.arch: &#039;x86&#039;, os.version: &#039;6.1&#039;, java.version: &#039;1.8.0_251&#039;
Driver info: org.openqa.selenium.chrome.ChromeDriver
Capabilities {acceptInsecureCerts: false, acceptSslCerts: false, applicationCacheEnabled: false, browserConnectionEnabled: false, browserName: chrome, chrome: {chromedriverVersion: 2.41.578737 (49da6702b16031..., userDataDir: C:\Users\FEDEXU~1\AppData\L...}, cssSelectorsEnabled: true, databaseEnabled: false, goog:chromeOptions: {debuggerAddress: localhost:53870}, handlesAlerts: true, hasTouchScreen: false, javascriptEnabled: true, locationContextEnabled: true, mobileEmulationEnabled: false, nativeEvents: true, networkConnectionEnabled: false, pageLoadStrategy: normal, platform: XP, platformName: XP, rotatable: false, setWindowRect: true, takesHeapSnapshot: true, takesScreenshot: true, unexpectedAlertBehaviour: , unhandledPromptBehavior: , version: 83.0.4103.97, webStorageEnabled: true}
Session ID: 96378302c6c5aec880e28e02d2b437cb
*** Element info: {Using=xpath, value=/html/body/div[6]/div/div/div[1]/div[1]/h4} Could Not Get to Rebill Screen">
      <![CDATA[java.lang.AssertionError: org.openqa.selenium.NoSuchElementException: no such element: Unable to locate element: {"method":"xpath","selector":"/html/body/div[6]/div/div/div[1]/div[1]/h4"}
  (Session info: chrome=83.0.4103.97)
  (Driver info: chromedriver=2.41.578737 (49da6702b16031c40d63e5618de03a32ff6c197e),platform=Windows NT 6.1.7601 SP1 x86) (WARNING: The server did not provide any stacktrace information)
Command duration or timeout: 0 milliseconds
For documentation on this error, please visit: https://www.seleniumhq.org/exceptions/no_such_element.html
Build info: version: '3.141.59', revision: 'e82be7d358', time: '2018-11-14T08:25:48'
System info: host: 'SQA-CRS-025', ip: '10.255.250.85', os.name: 'Windows 7', os.arch: 'x86', os.version: '6.1', java.version: '1.8.0_251'
Driver info: org.openqa.selenium.chrome.ChromeDriver
Capabilities {acceptInsecureCerts: false, acceptSslCerts: false, applicationCacheEnabled: false, browserConnectionEnabled: false, browserName: chrome, chrome: {chromedriverVersion: 2.41.578737 (49da6702b16031..., userDataDir: C:\Users\FEDEXU~1\AppData\L...}, cssSelectorsEnabled: true, databaseEnabled: false, goog:chromeOptions: {debuggerAddress: localhost:53870}, handlesAlerts: true, hasTouchScreen: false, javascriptEnabled: true, locationContextEnabled: true, mobileEmulationEnabled: false, nativeEvents: true, networkConnectionEnabled: false, pageLoadStrategy: normal, platform: XP, platformName: XP, rotatable: false, setWindowRect: true, takesHeapSnapshot: true, takesScreenshot: true, unexpectedAlertBehaviour: , unhandledPromptBehavior: , version: 83.0.4103.97, webStorageEnabled: true}
Session ID: 96378302c6c5aec880e28e02d2b437cb
*** Element info: {Using=xpath, value=/html/body/div[6]/div/div/div[1]/div[1]/h4} Could Not Get to Rebill Screen
at org.testng.Assert.fail(Assert.java:97)
at rebill.testngRebillSlow.doRebill(testngRebillSlow.java:1251)
at rebill.testngRebillSlow.testMethod1(testngRebillSlow.java:636)
at sun.reflect.GeneratedMethodAccessor11.invoke(Unknown Source)
at sun.reflect.DelegatingMethodAccessorImpl.invoke(DelegatingMethodAccessorImpl.java:43)
at java.lang.reflect.Method.invoke(Method.java:498)
at org.testng.internal.MethodInvocationHelper.invokeMethod(MethodInvocationHelper.java:135)
at org.testng.internal.TestInvoker.invokeMethod(TestInvoker.java:598)
at org.testng.internal.TestInvoker.retryFailed(TestInvoker.java:214)
at org.testng.internal.MethodRunner.runInSequence(MethodRunner.java:58)
at org.testng.internal.TestInvoker$MethodInvocationAgent.invoke(TestInvoker.java:821)
at org.testng.internal.TestInvoker.invokeTestMethods(TestInvoker.java:147)
at org.testng.internal.TestMethodWorker.invokeTestMethods(TestMethodWorker.java:146)
at org.testng.internal.TestMethodWorker.run(TestMethodWorker.java:128)
at java.util.concurrent.ThreadPoolExecutor.runWorker(ThreadPoolExecutor.java:1149)
at java.util.concurrent.ThreadPoolExecutor$Worker.run(ThreadPoolExecutor.java:624)
at java.lang.Thread.run(Thread.java:748)
]]>
    </failure>
  </testcase> <!-- testMethod1 -->
  <system-out/>
  <testcase name="testMethod1" time="53.341" classname="rebill.testngRebillSlow">
    <skipped/>
  </testcase> <!-- testMethod1 -->
  <system-out/>
  <testcase name="testMethod1" time="53.599" classname="rebill.testngRebillSlow">
    <skipped/>
  </testcase> <!-- testMethod1 -->
  <system-out/>
  <testcase name="testMethod1" time="54.424" classname="rebill.testngRebillSlow"/>
  <system-out/>
  <testcase name="testMethod1" time="75.623" classname="rebill.testngRebillSlow"/>
  <system-out/>
  <testcase name="testMethod1" time="67.121" classname="rebill.testngRebillSlow"/>
  <system-out/>
  <testcase name="testMethod1" time="56.459" classname="rebill.testngRebillSlow"/>
  <system-out/>
  <testcase name="testMethod1" time="55.310" classname="rebill.testngRebillSlow">
    <skipped/>
  </testcase> <!-- testMethod1 -->
  <system-out/>
  <testcase name="testMethod1" time="53.365" classname="rebill.testngRebillSlow">
    <skipped/>
  </testcase> <!-- testMethod1 -->
  <system-out/>
  <testcase name="testMethod1" time="96.744" classname="rebill.testngRebillSlow">
    <skipped/>
  </testcase> <!-- testMethod1 -->
  <system-out/>
  <testcase name="testMethod1" time="56.014" classname="rebill.testngRebillSlow"/>
  <system-out/>
  <testcase name="testMethod1" time="77.481" classname="rebill.testngRebillSlow"/>
  <system-out/>
  <testcase name="testMethod1" time="27.198" classname="rebill.testngRebillSlow">
    <skipped/>
  </testcase> <!-- testMethod1 -->
  <system-out/>
  <testcase name="testMethod1" time="55.695" classname="rebill.testngRebillSlow"/>
  <system-out/>
  <testcase name="testMethod1" time="59.618" classname="rebill.testngRebillSlow"/>
  <system-out/>
  <testcase name="testMethod1" time="54.818" classname="rebill.testngRebillSlow">
    <skipped/>
  </testcase> <!-- testMethod1 -->
  <system-out/>
  <testcase name="testMethod1" time="59.133" classname="rebill.testngRebillSlow"/>
  <system-out/>
  <testcase name="testMethod1" time="55.751" classname="rebill.testngRebillSlow">
    <skipped/>
  </testcase> <!-- testMethod1 -->
  <system-out/>
  <testcase name="testMethod1" time="56.034" classname="rebill.testngRebillSlow"/>
  <system-out/>
  <testcase name="testMethod1" time="53.659" classname="rebill.testngRebillSlow">
    <skipped/>
  </testcase> <!-- testMethod1 -->
  <system-out/>
  <testcase name="testMethod1" time="69.396" classname="rebill.testngRebillSlow"/>
  <system-out/>
  <testcase name="testMethod1" time="57.326" classname="rebill.testngRebillSlow"/>
  <system-out/>
  <testcase name="testMethod1" time="50.065" classname="rebill.testngRebillSlow">
    <skipped/>
  </testcase> <!-- testMethod1 -->
  <system-out/>
  <testcase name="testMethod1" time="58.223" classname="rebill.testngRebillSlow"/>
  <system-out/>
  <testcase name="testMethod1" time="69.141" classname="rebill.testngRebillSlow"/>
  <system-out/>
  <testcase name="testMethod1" time="174.153" classname="rebill.testngRebillSlow">
    <failure type="java.lang.AssertionError" message="Could Not Find Popup Or COntinue to Package Screen">
      <![CDATA[java.lang.AssertionError: Could Not Find Popup Or COntinue to Package Screen
at org.testng.Assert.fail(Assert.java:97)
at rebill.testngRebillSlow.doRebill(testngRebillSlow.java:948)
at rebill.testngRebillSlow.testMethod1(testngRebillSlow.java:636)
at sun.reflect.GeneratedMethodAccessor11.invoke(Unknown Source)
at sun.reflect.DelegatingMethodAccessorImpl.invoke(DelegatingMethodAccessorImpl.java:43)
at java.lang.reflect.Method.invoke(Method.java:498)
at org.testng.internal.MethodInvocationHelper.invokeMethod(MethodInvocationHelper.java:135)
at org.testng.internal.TestInvoker.invokeMethod(TestInvoker.java:598)
at org.testng.internal.TestInvoker.retryFailed(TestInvoker.java:214)
at org.testng.internal.MethodRunner.runInSequence(MethodRunner.java:58)
at org.testng.internal.TestInvoker$MethodInvocationAgent.invoke(TestInvoker.java:821)
at org.testng.internal.TestInvoker.invokeTestMethods(TestInvoker.java:147)
at org.testng.internal.TestMethodWorker.invokeTestMethods(TestMethodWorker.java:146)
at org.testng.internal.TestMethodWorker.run(TestMethodWorker.java:128)
at java.util.concurrent.ThreadPoolExecutor.runWorker(ThreadPoolExecutor.java:1149)
at java.util.concurrent.ThreadPoolExecutor$Worker.run(ThreadPoolExecutor.java:624)
at java.lang.Thread.run(Thread.java:748)
]]>
    </failure>
  </testcase> <!-- testMethod1 -->
  <system-out/>
  <testcase name="testMethod1" time="54.022" classname="rebill.testngRebillSlow">
    <skipped/>
  </testcase> <!-- testMethod1 -->
  <system-out/>
  <testcase name="testMethod1" time="69.043" classname="rebill.testngRebillSlow"/>
  <system-out/>
  <testcase name="testMethod1" time="59.994" classname="rebill.testngRebillSlow">
    <skipped/>
  </testcase> <!-- testMethod1 -->
  <system-out/>
  <testcase name="testMethod1" time="56.746" classname="rebill.testngRebillSlow"/>
  <system-out/>
  <testcase name="testMethod1" time="122.018" classname="rebill.testngRebillSlow">
    <skipped/>
  </testcase> <!-- testMethod1 -->
  <system-out/>
  <testcase name="testMethod1" time="53.361" classname="rebill.testngRebillSlow">
    <skipped/>
  </testcase> <!-- testMethod1 -->
  <system-out/>
  <testcase name="testMethod1" time="54.752" classname="rebill.testngRebillSlow">
    <failure type="java.lang.AssertionError" message="Could Not Find Popup Or COntinue to Package Screen">
      <![CDATA[java.lang.AssertionError: Could Not Find Popup Or COntinue to Package Screen
at org.testng.Assert.fail(Assert.java:97)
at rebill.testngRebillSlow.doRebill(testngRebillSlow.java:948)
at rebill.testngRebillSlow.testMethod1(testngRebillSlow.java:636)
at sun.reflect.GeneratedMethodAccessor11.invoke(Unknown Source)
at sun.reflect.DelegatingMethodAccessorImpl.invoke(DelegatingMethodAccessorImpl.java:43)
at java.lang.reflect.Method.invoke(Method.java:498)
at org.testng.internal.MethodInvocationHelper.invokeMethod(MethodInvocationHelper.java:135)
at org.testng.internal.TestInvoker.invokeMethod(TestInvoker.java:598)
at org.testng.internal.TestInvoker.retryFailed(TestInvoker.java:214)
at org.testng.internal.MethodRunner.runInSequence(MethodRunner.java:58)
at org.testng.internal.TestInvoker$MethodInvocationAgent.invoke(TestInvoker.java:821)
at org.testng.internal.TestInvoker.invokeTestMethods(TestInvoker.java:147)
at org.testng.internal.TestMethodWorker.invokeTestMethods(TestMethodWorker.java:146)
at org.testng.internal.TestMethodWorker.run(TestMethodWorker.java:128)
at java.util.concurrent.ThreadPoolExecutor.runWorker(ThreadPoolExecutor.java:1149)
at java.util.concurrent.ThreadPoolExecutor$Worker.run(ThreadPoolExecutor.java:624)
at java.lang.Thread.run(Thread.java:748)
]]>
    </failure>
  </testcase> <!-- testMethod1 -->
  <system-out/>
  <testcase name="testMethod1" time="54.137" classname="rebill.testngRebillSlow">
    <skipped/>
  </testcase> <!-- testMethod1 -->
  <system-out/>
  <testcase name="testMethod1" time="53.477" classname="rebill.testngRebillSlow">
    <skipped/>
  </testcase> <!-- testMethod1 -->
  <system-out/>
  <testcase name="testMethod1" time="54.441" classname="rebill.testngRebillSlow"/>
  <system-out/>
  <testcase name="testMethod1" time="58.844" classname="rebill.testngRebillSlow"/>
  <system-out/>
  <testcase name="testMethod1" time="53.044" classname="rebill.testngRebillSlow">
    <skipped/>
  </testcase> <!-- testMethod1 -->
  <system-out/>
  <testcase name="testMethod1" time="55.948" classname="rebill.testngRebillSlow">
    <skipped/>
  </testcase> <!-- testMethod1 -->
  <system-out/>
  <testcase name="testMethod1" time="26.703" classname="rebill.testngRebillSlow">
    <failure type="java.lang.AssertionError" message="Failed on Entering Tracking Number">
      <![CDATA[java.lang.AssertionError: Failed on Entering Tracking Number
at org.testng.Assert.fail(Assert.java:97)
at rebill.testngRebillSlow.doRebill(testngRebillSlow.java:914)
at rebill.testngRebillSlow.testMethod1(testngRebillSlow.java:636)
at sun.reflect.GeneratedMethodAccessor11.invoke(Unknown Source)
at sun.reflect.DelegatingMethodAccessorImpl.invoke(DelegatingMethodAccessorImpl.java:43)
at java.lang.reflect.Method.invoke(Method.java:498)
at org.testng.internal.MethodInvocationHelper.invokeMethod(MethodInvocationHelper.java:135)
at org.testng.internal.TestInvoker.invokeMethod(TestInvoker.java:598)
at org.testng.internal.TestInvoker.retryFailed(TestInvoker.java:214)
at org.testng.internal.MethodRunner.runInSequence(MethodRunner.java:58)
at org.testng.internal.TestInvoker$MethodInvocationAgent.invoke(TestInvoker.java:821)
at org.testng.internal.TestInvoker.invokeTestMethods(TestInvoker.java:147)
at org.testng.internal.TestMethodWorker.invokeTestMethods(TestMethodWorker.java:146)
at org.testng.internal.TestMethodWorker.run(TestMethodWorker.java:128)
at java.util.concurrent.ThreadPoolExecutor.runWorker(ThreadPoolExecutor.java:1149)
at java.util.concurrent.ThreadPoolExecutor$Worker.run(ThreadPoolExecutor.java:624)
at java.lang.Thread.run(Thread.java:748)
]]>
    </failure>
  </testcase> <!-- testMethod1 -->
  <system-out/>
  <testcase name="testMethod1" time="207.237" classname="rebill.testngRebillSlow">
    <skipped/>
  </testcase> <!-- testMethod1 -->
  <system-out/>
  <testcase name="testMethod1" time="60.118" classname="rebill.testngRebillSlow">
    <skipped/>
  </testcase> <!-- testMethod1 -->
  <system-out/>
  <testcase name="testMethod1" time="53.215" classname="rebill.testngRebillSlow">
    <skipped/>
  </testcase> <!-- testMethod1 -->
  <system-out/>
  <testcase name="testMethod1" time="62.615" classname="rebill.testngRebillSlow"/>
  <system-out/>
  <testcase name="testMethod1" time="53.616" classname="rebill.testngRebillSlow">
    <skipped/>
  </testcase> <!-- testMethod1 -->
  <system-out/>
  <testcase name="testMethod1" time="27.165" classname="rebill.testngRebillSlow">
    <skipped/>
  </testcase> <!-- testMethod1 -->
  <system-out/>
  <testcase name="testMethod1" time="80.037" classname="rebill.testngRebillSlow">
    <skipped/>
  </testcase> <!-- testMethod1 -->
  <system-out/>
  <testcase name="testMethod1" time="1.383" classname="rebill.testngRebillSlow"/>
  <system-out/>
  <testcase name="testMethod1" time="311.426" classname="rebill.testngRebillSlow"/>
  <system-out/>
  <testcase name="testMethod1" time="53.758" classname="rebill.testngRebillSlow">
    <skipped/>
  </testcase> <!-- testMethod1 -->
  <system-out/>
  <testcase name="testMethod1" time="54.075" classname="rebill.testngRebillSlow">
    <skipped/>
  </testcase> <!-- testMethod1 -->
  <system-out/>
  <testcase name="testMethod1" time="142.141" classname="rebill.testngRebillSlow">
    <skipped/>
  </testcase> <!-- testMethod1 -->
  <system-out/>
  <testcase name="testMethod1" time="53.781" classname="rebill.testngRebillSlow">
    <skipped/>
  </testcase> <!-- testMethod1 -->
  <system-out/>
  <testcase name="testMethod1" time="67.375" classname="rebill.testngRebillSlow">
    <skipped/>
  </testcase> <!-- testMethod1 -->
  <system-out/>
  <testcase name="testMethod1" time="11.324" classname="rebill.testngRebillSlow"/>
  <system-out/>
  <testcase name="testMethod1" time="61.665" classname="rebill.testngRebillSlow"/>
  <system-out/>
  <testcase name="testMethod1" time="47.082" classname="rebill.testngRebillSlow">
    <skipped/>
  </testcase> <!-- testMethod1 -->
  <system-out/>
  <testcase name="testMethod1" time="75.446" classname="rebill.testngRebillSlow"/>
  <system-out/>
  <testcase name="testMethod1" time="55.807" classname="rebill.testngRebillSlow"/>
  <system-out/>
  <testcase name="testMethod1" time="52.534" classname="rebill.testngRebillSlow">
    <skipped/>
  </testcase> <!-- testMethod1 -->
  <system-out/>
  <testcase name="testMethod1" time="188.730" classname="rebill.testngRebillSlow">
    <skipped/>
  </testcase> <!-- testMethod1 -->
  <system-out/>
  <testcase name="testMethod1" time="37.928" classname="rebill.testngRebillSlow">
    <skipped/>
  </testcase> <!-- testMethod1 -->
  <system-out/>
  <testcase name="testMethod1" time="66.746" classname="rebill.testngRebillSlow"/>
  <system-out/>
  <testcase name="testMethod2" time="0.000" classname="rebill.testngRebillSlow">
    <error type="org.testng.TestNGException" message="
Data Provider public synchronized java.lang.Object[][] rebill.testngRebillSlow.dataProviderMethod2() returned a null value">
      <![CDATA[org.testng.TestNGException: 
Data Provider public synchronized java.lang.Object[][] rebill.testngRebillSlow.dataProviderMethod2() returned a null value
at org.testng.internal.MethodInvocationHelper.invokeDataProvider(MethodInvocationHelper.java:150)
at org.testng.internal.Parameters.handleParameters(Parameters.java:797)
at org.testng.internal.Parameters.handleParameters(Parameters.java:740)
at org.testng.internal.ParameterHandler.handleParameters(ParameterHandler.java:59)
at org.testng.internal.ParameterHandler.createParameters(ParameterHandler.java:38)
at org.testng.internal.TestInvoker$MethodInvocationAgent.invoke(TestInvoker.java:788)
at org.testng.internal.TestInvoker.invokeTestMethods(TestInvoker.java:147)
at org.testng.internal.TestMethodWorker.invokeTestMethods(TestMethodWorker.java:146)
at org.testng.internal.TestMethodWorker.run(TestMethodWorker.java:128)
at java.util.concurrent.ThreadPoolExecutor.runWorker(ThreadPoolExecutor.java:1149)
at java.util.concurrent.ThreadPoolExecutor$Worker.run(ThreadPoolExecutor.java:624)
at java.lang.Thread.run(Thread.java:748)
]]>
    </error>
  </testcase> <!-- testMethod2 -->
  <system-out/>
  <testcase name="testMethod1" time="56.018" classname="rebill.testngRebillSlow"/>
  <system-out/>
  <testcase name="testMethod1" time="65.717" classname="rebill.testngRebillSlow"/>
  <system-out/>
  <testcase name="testMethod1" time="27.340" classname="rebill.testngRebillSlow">
    <skipped/>
  </testcase> <!-- testMethod1 -->
  <system-out/>
  <testcase name="testMethod1" time="97.335" classname="rebill.testngRebillSlow">
    <skipped/>
  </testcase> <!-- testMethod1 -->
  <system-out/>
  <testcase name="testMethod1" time="54.018" classname="rebill.testngRebillSlow">
    <skipped/>
  </testcase> <!-- testMethod1 -->
  <system-out/>
  <testcase name="testMethod1" time="27.326" classname="rebill.testngRebillSlow">
    <skipped/>
  </testcase> <!-- testMethod1 -->
  <system-out/>
  <testcase name="testMethod1" time="58.764" classname="rebill.testngRebillSlow">
    <skipped/>
  </testcase> <!-- testMethod1 -->
  <system-out/>
  <testcase name="testMethod1" time="60.521" classname="rebill.testngRebillSlow"/>
  <system-out/>
  <testcase name="testMethod1" time="69.837" classname="rebill.testngRebillSlow"/>
  <system-out/>
  <testcase name="testMethod1" time="54.940" classname="rebill.testngRebillSlow"/>
  <system-out/>
  <testcase name="testMethod1" time="53.003" classname="rebill.testngRebillSlow"/>
  <system-out/>
  <testcase name="testMethod1" time="55.080" classname="rebill.testngRebillSlow">
    <skipped/>
  </testcase> <!-- testMethod1 -->
  <system-out/>
  <testcase name="testMethod1" time="51.528" classname="rebill.testngRebillSlow">
    <failure type="java.lang.AssertionError" message="org.openqa.selenium.NoSuchElementException: no such element: Unable to locate element: {&quot;method&quot;:&quot;xpath&quot;,&quot;selector&quot;:&quot;/html/body/div[6]/div/div/div[1]/div[1]/h4&quot;}
  (Session info: chrome=83.0.4103.97)
  (Driver info: chromedriver=2.41.578737 (49da6702b16031c40d63e5618de03a32ff6c197e),platform=Windows NT 6.1.7601 SP1 x86) (WARNING: The server did not provide any stacktrace information)
Command duration or timeout: 0 milliseconds
For documentation on this error, please visit: https://www.seleniumhq.org/exceptions/no_such_element.html
Build info: version: &#039;3.141.59&#039;, revision: &#039;e82be7d358&#039;, time: &#039;2018-11-14T08:25:48&#039;
System info: host: &#039;SQA-CRS-025&#039;, ip: &#039;10.255.250.85&#039;, os.name: &#039;Windows 7&#039;, os.arch: &#039;x86&#039;, os.version: &#039;6.1&#039;, java.version: &#039;1.8.0_251&#039;
Driver info: org.openqa.selenium.chrome.ChromeDriver
Capabilities {acceptInsecureCerts: false, acceptSslCerts: false, applicationCacheEnabled: false, browserConnectionEnabled: false, browserName: chrome, chrome: {chromedriverVersion: 2.41.578737 (49da6702b16031..., userDataDir: C:\Users\FEDEXU~1\AppData\L...}, cssSelectorsEnabled: true, databaseEnabled: false, goog:chromeOptions: {debuggerAddress: localhost:60340}, handlesAlerts: true, hasTouchScreen: false, javascriptEnabled: true, locationContextEnabled: true, mobileEmulationEnabled: false, nativeEvents: true, networkConnectionEnabled: false, pageLoadStrategy: normal, platform: XP, platformName: XP, rotatable: false, setWindowRect: true, takesHeapSnapshot: true, takesScreenshot: true, unexpectedAlertBehaviour: , unhandledPromptBehavior: , version: 83.0.4103.97, webStorageEnabled: true}
Session ID: 7d0089822615095b1a4527607a23d852
*** Element info: {Using=xpath, value=/html/body/div[6]/div/div/div[1]/div[1]/h4} Could Not Get to Rebill Screen">
      <![CDATA[java.lang.AssertionError: org.openqa.selenium.NoSuchElementException: no such element: Unable to locate element: {"method":"xpath","selector":"/html/body/div[6]/div/div/div[1]/div[1]/h4"}
  (Session info: chrome=83.0.4103.97)
  (Driver info: chromedriver=2.41.578737 (49da6702b16031c40d63e5618de03a32ff6c197e),platform=Windows NT 6.1.7601 SP1 x86) (WARNING: The server did not provide any stacktrace information)
Command duration or timeout: 0 milliseconds
For documentation on this error, please visit: https://www.seleniumhq.org/exceptions/no_such_element.html
Build info: version: '3.141.59', revision: 'e82be7d358', time: '2018-11-14T08:25:48'
System info: host: 'SQA-CRS-025', ip: '10.255.250.85', os.name: 'Windows 7', os.arch: 'x86', os.version: '6.1', java.version: '1.8.0_251'
Driver info: org.openqa.selenium.chrome.ChromeDriver
Capabilities {acceptInsecureCerts: false, acceptSslCerts: false, applicationCacheEnabled: false, browserConnectionEnabled: false, browserName: chrome, chrome: {chromedriverVersion: 2.41.578737 (49da6702b16031..., userDataDir: C:\Users\FEDEXU~1\AppData\L...}, cssSelectorsEnabled: true, databaseEnabled: false, goog:chromeOptions: {debuggerAddress: localhost:60340}, handlesAlerts: true, hasTouchScreen: false, javascriptEnabled: true, locationContextEnabled: true, mobileEmulationEnabled: false, nativeEvents: true, networkConnectionEnabled: false, pageLoadStrategy: normal, platform: XP, platformName: XP, rotatable: false, setWindowRect: true, takesHeapSnapshot: true, takesScreenshot: true, unexpectedAlertBehaviour: , unhandledPromptBehavior: , version: 83.0.4103.97, webStorageEnabled: true}
Session ID: 7d0089822615095b1a4527607a23d852
*** Element info: {Using=xpath, value=/html/body/div[6]/div/div/div[1]/div[1]/h4} Could Not Get to Rebill Screen
at org.testng.Assert.fail(Assert.java:97)
at rebill.testngRebillSlow.doRebill(testngRebillSlow.java:1251)
at rebill.testngRebillSlow.testMethod1(testngRebillSlow.java:636)
at sun.reflect.GeneratedMethodAccessor11.invoke(Unknown Source)
at sun.reflect.DelegatingMethodAccessorImpl.invoke(DelegatingMethodAccessorImpl.java:43)
at java.lang.reflect.Method.invoke(Method.java:498)
at org.testng.internal.MethodInvocationHelper.invokeMethod(MethodInvocationHelper.java:135)
at org.testng.internal.TestInvoker.invokeMethod(TestInvoker.java:598)
at org.testng.internal.TestInvoker.retryFailed(TestInvoker.java:214)
at org.testng.internal.MethodRunner.runInSequence(MethodRunner.java:58)
at org.testng.internal.TestInvoker$MethodInvocationAgent.invoke(TestInvoker.java:821)
at org.testng.internal.TestInvoker.invokeTestMethods(TestInvoker.java:147)
at org.testng.internal.TestMethodWorker.invokeTestMethods(TestMethodWorker.java:146)
at org.testng.internal.TestMethodWorker.run(TestMethodWorker.java:128)
at java.util.concurrent.ThreadPoolExecutor.runWorker(ThreadPoolExecutor.java:1149)
at java.util.concurrent.ThreadPoolExecutor$Worker.run(ThreadPoolExecutor.java:624)
at java.lang.Thread.run(Thread.java:748)
]]>
    </failure>
  </testcase> <!-- testMethod1 -->
  <system-out/>
  <testcase name="testMethod1" time="53.995" classname="rebill.testngRebillSlow">
    <skipped/>
  </testcase> <!-- testMethod1 -->
  <system-out/>
  <testcase name="testMethod1" time="54.738" classname="rebill.testngRebillSlow">
    <failure type="java.lang.AssertionError" message="Could Not Find Popup Or COntinue to Package Screen">
      <![CDATA[java.lang.AssertionError: Could Not Find Popup Or COntinue to Package Screen
at org.testng.Assert.fail(Assert.java:97)
at rebill.testngRebillSlow.doRebill(testngRebillSlow.java:948)
at rebill.testngRebillSlow.testMethod1(testngRebillSlow.java:636)
at sun.reflect.GeneratedMethodAccessor11.invoke(Unknown Source)
at sun.reflect.DelegatingMethodAccessorImpl.invoke(DelegatingMethodAccessorImpl.java:43)
at java.lang.reflect.Method.invoke(Method.java:498)
at org.testng.internal.MethodInvocationHelper.invokeMethod(MethodInvocationHelper.java:135)
at org.testng.internal.TestInvoker.invokeMethod(TestInvoker.java:598)
at org.testng.internal.TestInvoker.retryFailed(TestInvoker.java:214)
at org.testng.internal.MethodRunner.runInSequence(MethodRunner.java:58)
at org.testng.internal.TestInvoker$MethodInvocationAgent.invoke(TestInvoker.java:821)
at org.testng.internal.TestInvoker.invokeTestMethods(TestInvoker.java:147)
at org.testng.internal.TestMethodWorker.invokeTestMethods(TestMethodWorker.java:146)
at org.testng.internal.TestMethodWorker.run(TestMethodWorker.java:128)
at java.util.concurrent.ThreadPoolExecutor.runWorker(ThreadPoolExecutor.java:1149)
at java.util.concurrent.ThreadPoolExecutor$Worker.run(ThreadPoolExecutor.java:624)
at java.lang.Thread.run(Thread.java:748)
]]>
    </failure>
  </testcase> <!-- testMethod1 -->
  <system-out/>
  <testcase name="testMethod1" time="126.474" classname="rebill.testngRebillSlow">
    <skipped/>
  </testcase> <!-- testMethod1 -->
  <system-out/>
  <testcase name="testMethod1" time="75.340" classname="rebill.testngRebillSlow"/>
  <system-out/>
  <testcase name="testMethod1" time="11.031" classname="rebill.testngRebillSlow"/>
  <system-out/>
  <testcase name="testMethod1" time="69.910" classname="rebill.testngRebillSlow"/>
  <system-out/>
  <testcase name="testMethod1" time="54.546" classname="rebill.testngRebillSlow">
    <skipped/>
  </testcase> <!-- testMethod1 -->
  <system-out/>
  <testcase name="testMethod1" time="55.193" classname="rebill.testngRebillSlow">
    <skipped/>
  </testcase> <!-- testMethod1 -->
  <system-out/>
  <testcase name="testMethod1" time="53.770" classname="rebill.testngRebillSlow">
    <skipped/>
  </testcase> <!-- testMethod1 -->
  <system-out/>
  <testcase name="testMethod1" time="54.375" classname="rebill.testngRebillSlow"/>
  <system-out/>
  <testcase name="testMethod1" time="70.578" classname="rebill.testngRebillSlow">
    <skipped/>
  </testcase> <!-- testMethod1 -->
  <system-out/>
  <testcase name="testMethod1" time="95.694" classname="rebill.testngRebillSlow"/>
  <system-out/>
  <testcase name="testMethod1" time="53.379" classname="rebill.testngRebillSlow">
    <skipped/>
  </testcase> <!-- testMethod1 -->
  <system-out/>
  <testcase name="testMethod1" time="74.052" classname="rebill.testngRebillSlow"/>
  <system-out/>
  <testcase name="testMethod1" time="54.132" classname="rebill.testngRebillSlow">
    <skipped/>
  </testcase> <!-- testMethod1 -->
  <system-out/>
  <testcase name="testMethod1" time="54.952" classname="rebill.testngRebillSlow">
    <skipped/>
  </testcase> <!-- testMethod1 -->
  <system-out/>
  <testcase name="testMethod1" time="2.035" classname="rebill.testngRebillSlow"/>
  <system-out/>
  <testcase name="testMethod1" time="124.859" classname="rebill.testngRebillSlow">
    <skipped/>
  </testcase> <!-- testMethod1 -->
  <system-out/>
  <testcase name="testMethod1" time="53.457" classname="rebill.testngRebillSlow">
    <failure type="java.lang.AssertionError" message="Could Not Find Popup Or COntinue to Package Screen">
      <![CDATA[java.lang.AssertionError: Could Not Find Popup Or COntinue to Package Screen
at org.testng.Assert.fail(Assert.java:97)
at rebill.testngRebillSlow.doRebill(testngRebillSlow.java:948)
at rebill.testngRebillSlow.testMethod1(testngRebillSlow.java:636)
at sun.reflect.GeneratedMethodAccessor11.invoke(Unknown Source)
at sun.reflect.DelegatingMethodAccessorImpl.invoke(DelegatingMethodAccessorImpl.java:43)
at java.lang.reflect.Method.invoke(Method.java:498)
at org.testng.internal.MethodInvocationHelper.invokeMethod(MethodInvocationHelper.java:135)
at org.testng.internal.TestInvoker.invokeMethod(TestInvoker.java:598)
at org.testng.internal.TestInvoker.retryFailed(TestInvoker.java:214)
at org.testng.internal.MethodRunner.runInSequence(MethodRunner.java:58)
at org.testng.internal.TestInvoker$MethodInvocationAgent.invoke(TestInvoker.java:821)
at org.testng.internal.TestInvoker.invokeTestMethods(TestInvoker.java:147)
at org.testng.internal.TestMethodWorker.invokeTestMethods(TestMethodWorker.java:146)
at org.testng.internal.TestMethodWorker.run(TestMethodWorker.java:128)
at java.util.concurrent.ThreadPoolExecutor.runWorker(ThreadPoolExecutor.java:1149)
at java.util.concurrent.ThreadPoolExecutor$Worker.run(ThreadPoolExecutor.java:624)
at java.lang.Thread.run(Thread.java:748)
]]>
    </failure>
  </testcase> <!-- testMethod1 -->
  <system-out/>
  <testcase name="testMethod1" time="54.930" classname="rebill.testngRebillSlow">
    <skipped/>
  </testcase> <!-- testMethod1 -->
  <system-out/>
  <testcase name="testMethod1" time="71.259" classname="rebill.testngRebillSlow"/>
  <system-out/>
  <testcase name="testMethod1" time="146.273" classname="rebill.testngRebillSlow">
    <failure type="java.lang.AssertionError" message="Could Not Find Popup Or COntinue to Package Screen">
      <![CDATA[java.lang.AssertionError: Could Not Find Popup Or COntinue to Package Screen
at org.testng.Assert.fail(Assert.java:97)
at rebill.testngRebillSlow.doRebill(testngRebillSlow.java:948)
at rebill.testngRebillSlow.testMethod1(testngRebillSlow.java:636)
at sun.reflect.GeneratedMethodAccessor11.invoke(Unknown Source)
at sun.reflect.DelegatingMethodAccessorImpl.invoke(DelegatingMethodAccessorImpl.java:43)
at java.lang.reflect.Method.invoke(Method.java:498)
at org.testng.internal.MethodInvocationHelper.invokeMethod(MethodInvocationHelper.java:135)
at org.testng.internal.TestInvoker.invokeMethod(TestInvoker.java:598)
at org.testng.internal.TestInvoker.retryFailed(TestInvoker.java:214)
at org.testng.internal.MethodRunner.runInSequence(MethodRunner.java:58)
at org.testng.internal.TestInvoker$MethodInvocationAgent.invoke(TestInvoker.java:821)
at org.testng.internal.TestInvoker.invokeTestMethods(TestInvoker.java:147)
at org.testng.internal.TestMethodWorker.invokeTestMethods(TestMethodWorker.java:146)
at org.testng.internal.TestMethodWorker.run(TestMethodWorker.java:128)
at java.util.concurrent.ThreadPoolExecutor.runWorker(ThreadPoolExecutor.java:1149)
at java.util.concurrent.ThreadPoolExecutor$Worker.run(ThreadPoolExecutor.java:624)
at java.lang.Thread.run(Thread.java:748)
]]>
    </failure>
  </testcase> <!-- testMethod1 -->
  <system-out/>
  <testcase name="testMethod1" time="68.821" classname="rebill.testngRebillSlow"/>
  <system-out/>
  <testcase name="testMethod1" time="27.348" classname="rebill.testngRebillSlow">
    <skipped/>
  </testcase> <!-- testMethod1 -->
  <system-out/>
  <testcase name="testMethod1" time="59.522" classname="rebill.testngRebillSlow">
    <failure type="java.lang.AssertionError" message="Could Not Find Popup Or COntinue to Package Screen">
      <![CDATA[java.lang.AssertionError: Could Not Find Popup Or COntinue to Package Screen
at org.testng.Assert.fail(Assert.java:97)
at rebill.testngRebillSlow.doRebill(testngRebillSlow.java:948)
at rebill.testngRebillSlow.testMethod1(testngRebillSlow.java:636)
at sun.reflect.GeneratedMethodAccessor11.invoke(Unknown Source)
at sun.reflect.DelegatingMethodAccessorImpl.invoke(DelegatingMethodAccessorImpl.java:43)
at java.lang.reflect.Method.invoke(Method.java:498)
at org.testng.internal.MethodInvocationHelper.invokeMethod(MethodInvocationHelper.java:135)
at org.testng.internal.TestInvoker.invokeMethod(TestInvoker.java:598)
at org.testng.internal.TestInvoker.retryFailed(TestInvoker.java:214)
at org.testng.internal.MethodRunner.runInSequence(MethodRunner.java:58)
at org.testng.internal.TestInvoker$MethodInvocationAgent.invoke(TestInvoker.java:821)
at org.testng.internal.TestInvoker.invokeTestMethods(TestInvoker.java:147)
at org.testng.internal.TestMethodWorker.invokeTestMethods(TestMethodWorker.java:146)
at org.testng.internal.TestMethodWorker.run(TestMethodWorker.java:128)
at java.util.concurrent.ThreadPoolExecutor.runWorker(ThreadPoolExecutor.java:1149)
at java.util.concurrent.ThreadPoolExecutor$Worker.run(ThreadPoolExecutor.java:624)
at java.lang.Thread.run(Thread.java:748)
]]>
    </failure>
  </testcase> <!-- testMethod1 -->
  <system-out/>
  <testcase name="testMethod1" time="53.180" classname="rebill.testngRebillSlow">
    <skipped/>
  </testcase> <!-- testMethod1 -->
  <system-out/>
  <testcase name="testMethod1" time="57.212" classname="rebill.testngRebillSlow">
    <skipped/>
  </testcase> <!-- testMethod1 -->
  <system-out/>
  <testcase name="testMethod1" time="54.042" classname="rebill.testngRebillSlow">
    <failure type="java.lang.AssertionError" message="Could Not Find Popup Or COntinue to Package Screen">
      <![CDATA[java.lang.AssertionError: Could Not Find Popup Or COntinue to Package Screen
at org.testng.Assert.fail(Assert.java:97)
at rebill.testngRebillSlow.doRebill(testngRebillSlow.java:948)
at rebill.testngRebillSlow.testMethod1(testngRebillSlow.java:636)
at sun.reflect.GeneratedMethodAccessor11.invoke(Unknown Source)
at sun.reflect.DelegatingMethodAccessorImpl.invoke(DelegatingMethodAccessorImpl.java:43)
at java.lang.reflect.Method.invoke(Method.java:498)
at org.testng.internal.MethodInvocationHelper.invokeMethod(MethodInvocationHelper.java:135)
at org.testng.internal.TestInvoker.invokeMethod(TestInvoker.java:598)
at org.testng.internal.TestInvoker.retryFailed(TestInvoker.java:214)
at org.testng.internal.MethodRunner.runInSequence(MethodRunner.java:58)
at org.testng.internal.TestInvoker$MethodInvocationAgent.invoke(TestInvoker.java:821)
at org.testng.internal.TestInvoker.invokeTestMethods(TestInvoker.java:147)
at org.testng.internal.TestMethodWorker.invokeTestMethods(TestMethodWorker.java:146)
at org.testng.internal.TestMethodWorker.run(TestMethodWorker.java:128)
at java.util.concurrent.ThreadPoolExecutor.runWorker(ThreadPoolExecutor.java:1149)
at java.util.concurrent.ThreadPoolExecutor$Worker.run(ThreadPoolExecutor.java:624)
at java.lang.Thread.run(Thread.java:748)
]]>
    </failure>
  </testcase> <!-- testMethod1 -->
  <system-out/>
  <testcase name="testMethod1" time="53.146" classname="rebill.testngRebillSlow">
    <skipped/>
  </testcase> <!-- testMethod1 -->
  <system-out/>
  <testcase name="testMethod1" time="53.595" classname="rebill.testngRebillSlow">
    <skipped/>
  </testcase> <!-- testMethod1 -->
  <system-out/>
  <testcase name="testMethod1" time="54.381" classname="rebill.testngRebillSlow">
    <skipped/>
  </testcase> <!-- testMethod1 -->
  <system-out/>
  <testcase name="testMethod1" time="53.705" classname="rebill.testngRebillSlow">
    <skipped/>
  </testcase> <!-- testMethod1 -->
  <system-out/>
  <testcase name="testMethod1" time="54.974" classname="rebill.testngRebillSlow">
    <skipped/>
  </testcase> <!-- testMethod1 -->
  <system-out/>
  <testcase name="testMethod1" time="54.780" classname="rebill.testngRebillSlow">
    <skipped/>
  </testcase> <!-- testMethod1 -->
  <system-out/>
  <testcase name="testMethod1" time="53.645" classname="rebill.testngRebillSlow">
    <failure type="java.lang.AssertionError" message="Could Not Find Popup Or COntinue to Package Screen">
      <![CDATA[java.lang.AssertionError: Could Not Find Popup Or COntinue to Package Screen
at org.testng.Assert.fail(Assert.java:97)
at rebill.testngRebillSlow.doRebill(testngRebillSlow.java:948)
at rebill.testngRebillSlow.testMethod1(testngRebillSlow.java:636)
at sun.reflect.GeneratedMethodAccessor11.invoke(Unknown Source)
at sun.reflect.DelegatingMethodAccessorImpl.invoke(DelegatingMethodAccessorImpl.java:43)
at java.lang.reflect.Method.invoke(Method.java:498)
at org.testng.internal.MethodInvocationHelper.invokeMethod(MethodInvocationHelper.java:135)
at org.testng.internal.TestInvoker.invokeMethod(TestInvoker.java:598)
at org.testng.internal.TestInvoker.retryFailed(TestInvoker.java:214)
at org.testng.internal.MethodRunner.runInSequence(MethodRunner.java:58)
at org.testng.internal.TestInvoker$MethodInvocationAgent.invoke(TestInvoker.java:821)
at org.testng.internal.TestInvoker.invokeTestMethods(TestInvoker.java:147)
at org.testng.internal.TestMethodWorker.invokeTestMethods(TestMethodWorker.java:146)
at org.testng.internal.TestMethodWorker.run(TestMethodWorker.java:128)
at java.util.concurrent.ThreadPoolExecutor.runWorker(ThreadPoolExecutor.java:1149)
at java.util.concurrent.ThreadPoolExecutor$Worker.run(ThreadPoolExecutor.java:624)
at java.lang.Thread.run(Thread.java:748)
]]>
    </failure>
  </testcase> <!-- testMethod1 -->
  <system-out/>
  <testcase name="testMethod1" time="56.061" classname="rebill.testngRebillSlow"/>
  <system-out/>
  <testcase name="testMethod3" time="0.000" classname="rebill.testngRebillSlow">
    <error type="org.testng.TestNGException" message="
Data Provider public synchronized java.lang.Object[][] rebill.testngRebillSlow.dataProviderMethod3() returned a null value">
      <![CDATA[org.testng.TestNGException: 
Data Provider public synchronized java.lang.Object[][] rebill.testngRebillSlow.dataProviderMethod3() returned a null value
at org.testng.internal.MethodInvocationHelper.invokeDataProvider(MethodInvocationHelper.java:150)
at org.testng.internal.Parameters.handleParameters(Parameters.java:797)
at org.testng.internal.Parameters.handleParameters(Parameters.java:740)
at org.testng.internal.ParameterHandler.handleParameters(ParameterHandler.java:59)
at org.testng.internal.ParameterHandler.createParameters(ParameterHandler.java:38)
at org.testng.internal.TestInvoker$MethodInvocationAgent.invoke(TestInvoker.java:788)
at org.testng.internal.TestInvoker.invokeTestMethods(TestInvoker.java:147)
at org.testng.internal.TestMethodWorker.invokeTestMethods(TestMethodWorker.java:146)
at org.testng.internal.TestMethodWorker.run(TestMethodWorker.java:128)
at java.util.concurrent.ThreadPoolExecutor.runWorker(ThreadPoolExecutor.java:1149)
at java.util.concurrent.ThreadPoolExecutor$Worker.run(ThreadPoolExecutor.java:624)
at java.lang.Thread.run(Thread.java:748)
]]>
    </error>
  </testcase> <!-- testMethod3 -->
  <system-out/>
  <testcase name="testMethod1" time="53.369" classname="rebill.testngRebillSlow">
    <skipped/>
  </testcase> <!-- testMethod1 -->
  <system-out/>
  <testcase name="testMethod1" time="55.902" classname="rebill.testngRebillSlow"/>
  <system-out/>
  <testcase name="testMethod1" time="76.402" classname="rebill.testngRebillSlow"/>
  <system-out/>
  <testcase name="testMethod1" time="54.504" classname="rebill.testngRebillSlow">
    <skipped/>
  </testcase> <!-- testMethod1 -->
  <system-out/>
  <testcase name="testMethod1" time="73.003" classname="rebill.testngRebillSlow"/>
  <system-out/>
  <testcase name="testMethod1" time="54.599" classname="rebill.testngRebillSlow">
    <skipped/>
  </testcase> <!-- testMethod1 -->
  <system-out/>
  <testcase name="testMethod1" time="62.998" classname="rebill.testngRebillSlow"/>
  <system-out/>
  <testcase name="testMethod1" time="62.950" classname="rebill.testngRebillSlow"/>
  <system-out/>
  <testcase name="testMethod1" time="27.095" classname="rebill.testngRebillSlow">
    <failure type="java.lang.AssertionError" message="Failed on Entering Tracking Number">
      <![CDATA[java.lang.AssertionError: Failed on Entering Tracking Number
at org.testng.Assert.fail(Assert.java:97)
at rebill.testngRebillSlow.doRebill(testngRebillSlow.java:914)
at rebill.testngRebillSlow.testMethod1(testngRebillSlow.java:636)
at sun.reflect.GeneratedMethodAccessor11.invoke(Unknown Source)
at sun.reflect.DelegatingMethodAccessorImpl.invoke(DelegatingMethodAccessorImpl.java:43)
at java.lang.reflect.Method.invoke(Method.java:498)
at org.testng.internal.MethodInvocationHelper.invokeMethod(MethodInvocationHelper.java:135)
at org.testng.internal.TestInvoker.invokeMethod(TestInvoker.java:598)
at org.testng.internal.TestInvoker.retryFailed(TestInvoker.java:214)
at org.testng.internal.MethodRunner.runInSequence(MethodRunner.java:58)
at org.testng.internal.TestInvoker$MethodInvocationAgent.invoke(TestInvoker.java:821)
at org.testng.internal.TestInvoker.invokeTestMethods(TestInvoker.java:147)
at org.testng.internal.TestMethodWorker.invokeTestMethods(TestMethodWorker.java:146)
at org.testng.internal.TestMethodWorker.run(TestMethodWorker.java:128)
at java.util.concurrent.ThreadPoolExecutor.runWorker(ThreadPoolExecutor.java:1149)
at java.util.concurrent.ThreadPoolExecutor$Worker.run(ThreadPoolExecutor.java:624)
at java.lang.Thread.run(Thread.java:748)
]]>
    </failure>
  </testcase> <!-- testMethod1 -->
  <system-out/>
  <testcase name="testMethod1" time="53.818" classname="rebill.testngRebillSlow">
    <skipped/>
  </testcase> <!-- testMethod1 -->
  <system-out/>
  <testcase name="testMethod1" time="1.316" classname="rebill.testngRebillSlow"/>
  <system-out/>
  <testcase name="testMethod1" time="279.250" classname="rebill.testngRebillSlow">
    <skipped/>
  </testcase> <!-- testMethod1 -->
  <system-out/>
  <testcase name="testMethod1" time="54.410" classname="rebill.testngRebillSlow">
    <skipped/>
  </testcase> <!-- testMethod1 -->
  <system-out/>
  <testcase name="testMethod1" time="53.886" classname="rebill.testngRebillSlow"/>
  <system-out/>
  <testcase name="testMethod1" time="75.334" classname="rebill.testngRebillSlow"/>
  <system-out/>
  <testcase name="testMethod1" time="54.146" classname="rebill.testngRebillSlow">
    <skipped/>
  </testcase> <!-- testMethod1 -->
  <system-out/>
  <testcase name="testMethod1" time="58.032" classname="rebill.testngRebillSlow"/>
  <system-out/>
  <testcase name="testMethod1" time="99.597" classname="rebill.testngRebillSlow">
    <skipped/>
  </testcase> <!-- testMethod1 -->
  <system-out/>
  <testcase name="testMethod1" time="74.639" classname="rebill.testngRebillSlow"/>
  <system-out/>
  <testcase name="testMethod1" time="55.076" classname="rebill.testngRebillSlow"/>
  <system-out/>
  <testcase name="testMethod1" time="51.654" classname="rebill.testngRebillSlow"/>
  <system-out/>
  <testcase name="testMethod1" time="270.297" classname="rebill.testngRebillSlow">
    <skipped/>
  </testcase> <!-- testMethod1 -->
  <system-out/>
  <testcase name="testMethod1" time="61.432" classname="rebill.testngRebillSlow"/>
  <system-out/>
  <testcase name="testMethod1" time="54.901" classname="rebill.testngRebillSlow">
    <skipped/>
  </testcase> <!-- testMethod1 -->
  <system-out/>
  <testcase name="testMethod1" time="28.311" classname="rebill.testngRebillSlow">
    <failure type="java.lang.AssertionError" message="Failed on Entering Tracking Number">
      <![CDATA[java.lang.AssertionError: Failed on Entering Tracking Number
at org.testng.Assert.fail(Assert.java:97)
at rebill.testngRebillSlow.doRebill(testngRebillSlow.java:914)
at rebill.testngRebillSlow.testMethod1(testngRebillSlow.java:636)
at sun.reflect.GeneratedMethodAccessor11.invoke(Unknown Source)
at sun.reflect.DelegatingMethodAccessorImpl.invoke(DelegatingMethodAccessorImpl.java:43)
at java.lang.reflect.Method.invoke(Method.java:498)
at org.testng.internal.MethodInvocationHelper.invokeMethod(MethodInvocationHelper.java:135)
at org.testng.internal.TestInvoker.invokeMethod(TestInvoker.java:598)
at org.testng.internal.TestInvoker.retryFailed(TestInvoker.java:214)
at org.testng.internal.MethodRunner.runInSequence(MethodRunner.java:58)
at org.testng.internal.TestInvoker$MethodInvocationAgent.invoke(TestInvoker.java:821)
at org.testng.internal.TestInvoker.invokeTestMethods(TestInvoker.java:147)
at org.testng.internal.TestMethodWorker.invokeTestMethods(TestMethodWorker.java:146)
at org.testng.internal.TestMethodWorker.run(TestMethodWorker.java:128)
at java.util.concurrent.ThreadPoolExecutor.runWorker(ThreadPoolExecutor.java:1149)
at java.util.concurrent.ThreadPoolExecutor$Worker.run(ThreadPoolExecutor.java:624)
at java.lang.Thread.run(Thread.java:748)
]]>
    </failure>
  </testcase> <!-- testMethod1 -->
  <system-out/>
  <testcase name="testMethod1" time="53.711" classname="rebill.testngRebillSlow">
    <skipped/>
  </testcase> <!-- testMethod1 -->
  <system-out/>
  <testcase name="testMethod1" time="55.613" classname="rebill.testngRebillSlow">
    <skipped/>
  </testcase> <!-- testMethod1 -->
  <system-out/>
  <testcase name="testMethod1" time="53.525" classname="rebill.testngRebillSlow">
    <skipped/>
  </testcase> <!-- testMethod1 -->
  <system-out/>
  <testcase name="testMethod1" time="53.296" classname="rebill.testngRebillSlow">
    <skipped/>
  </testcase> <!-- testMethod1 -->
  <system-out/>
  <testcase name="testMethod1" time="53.702" classname="rebill.testngRebillSlow">
    <failure type="java.lang.AssertionError" message="Could Not Find Popup Or COntinue to Package Screen">
      <![CDATA[java.lang.AssertionError: Could Not Find Popup Or COntinue to Package Screen
at org.testng.Assert.fail(Assert.java:97)
at rebill.testngRebillSlow.doRebill(testngRebillSlow.java:948)
at rebill.testngRebillSlow.testMethod1(testngRebillSlow.java:636)
at sun.reflect.GeneratedMethodAccessor11.invoke(Unknown Source)
at sun.reflect.DelegatingMethodAccessorImpl.invoke(DelegatingMethodAccessorImpl.java:43)
at java.lang.reflect.Method.invoke(Method.java:498)
at org.testng.internal.MethodInvocationHelper.invokeMethod(MethodInvocationHelper.java:135)
at org.testng.internal.TestInvoker.invokeMethod(TestInvoker.java:598)
at org.testng.internal.TestInvoker.retryFailed(TestInvoker.java:214)
at org.testng.internal.MethodRunner.runInSequence(MethodRunner.java:58)
at org.testng.internal.TestInvoker$MethodInvocationAgent.invoke(TestInvoker.java:821)
at org.testng.internal.TestInvoker.invokeTestMethods(TestInvoker.java:147)
at org.testng.internal.TestMethodWorker.invokeTestMethods(TestMethodWorker.java:146)
at org.testng.internal.TestMethodWorker.run(TestMethodWorker.java:128)
at java.util.concurrent.ThreadPoolExecutor.runWorker(ThreadPoolExecutor.java:1149)
at java.util.concurrent.ThreadPoolExecutor$Worker.run(ThreadPoolExecutor.java:624)
at java.lang.Thread.run(Thread.java:748)
]]>
    </failure>
  </testcase> <!-- testMethod1 -->
  <system-out/>
  <testcase name="testMethod1" time="52.725" classname="rebill.testngRebillSlow">
    <skipped/>
  </testcase> <!-- testMethod1 -->
  <system-out/>
  <testcase name="testMethod1" time="62.169" classname="rebill.testngRebillSlow"/>
  <system-out/>
  <testcase name="testMethod1" time="54.744" classname="rebill.testngRebillSlow">
    <failure type="java.lang.AssertionError" message="Could Not Find Popup Or COntinue to Package Screen">
      <![CDATA[java.lang.AssertionError: Could Not Find Popup Or COntinue to Package Screen
at org.testng.Assert.fail(Assert.java:97)
at rebill.testngRebillSlow.doRebill(testngRebillSlow.java:948)
at rebill.testngRebillSlow.testMethod1(testngRebillSlow.java:636)
at sun.reflect.GeneratedMethodAccessor11.invoke(Unknown Source)
at sun.reflect.DelegatingMethodAccessorImpl.invoke(DelegatingMethodAccessorImpl.java:43)
at java.lang.reflect.Method.invoke(Method.java:498)
at org.testng.internal.MethodInvocationHelper.invokeMethod(MethodInvocationHelper.java:135)
at org.testng.internal.TestInvoker.invokeMethod(TestInvoker.java:598)
at org.testng.internal.TestInvoker.retryFailed(TestInvoker.java:214)
at org.testng.internal.MethodRunner.runInSequence(MethodRunner.java:58)
at org.testng.internal.TestInvoker$MethodInvocationAgent.invoke(TestInvoker.java:821)
at org.testng.internal.TestInvoker.invokeTestMethods(TestInvoker.java:147)
at org.testng.internal.TestMethodWorker.invokeTestMethods(TestMethodWorker.java:146)
at org.testng.internal.TestMethodWorker.run(TestMethodWorker.java:128)
at java.util.concurrent.ThreadPoolExecutor.runWorker(ThreadPoolExecutor.java:1149)
at java.util.concurrent.ThreadPoolExecutor$Worker.run(ThreadPoolExecutor.java:624)
at java.lang.Thread.run(Thread.java:748)
]]>
    </failure>
  </testcase> <!-- testMethod1 -->
  <system-out/>
  <testcase name="testMethod1" time="123.945" classname="rebill.testngRebillSlow">
    <skipped/>
  </testcase> <!-- testMethod1 -->
  <system-out/>
  <testcase name="testMethod1" time="70.308" classname="rebill.testngRebillSlow"/>
  <system-out/>
  <testcase name="testMethod1" time="54.181" classname="rebill.testngRebillSlow">
    <failure type="java.lang.AssertionError" message="Could Not Find Popup Or COntinue to Package Screen">
      <![CDATA[java.lang.AssertionError: Could Not Find Popup Or COntinue to Package Screen
at org.testng.Assert.fail(Assert.java:97)
at rebill.testngRebillSlow.doRebill(testngRebillSlow.java:948)
at rebill.testngRebillSlow.testMethod1(testngRebillSlow.java:636)
at sun.reflect.GeneratedMethodAccessor11.invoke(Unknown Source)
at sun.reflect.DelegatingMethodAccessorImpl.invoke(DelegatingMethodAccessorImpl.java:43)
at java.lang.reflect.Method.invoke(Method.java:498)
at org.testng.internal.MethodInvocationHelper.invokeMethod(MethodInvocationHelper.java:135)
at org.testng.internal.TestInvoker.invokeMethod(TestInvoker.java:598)
at org.testng.internal.TestInvoker.retryFailed(TestInvoker.java:214)
at org.testng.internal.MethodRunner.runInSequence(MethodRunner.java:58)
at org.testng.internal.TestInvoker$MethodInvocationAgent.invoke(TestInvoker.java:821)
at org.testng.internal.TestInvoker.invokeTestMethods(TestInvoker.java:147)
at org.testng.internal.TestMethodWorker.invokeTestMethods(TestMethodWorker.java:146)
at org.testng.internal.TestMethodWorker.run(TestMethodWorker.java:128)
at java.util.concurrent.ThreadPoolExecutor.runWorker(ThreadPoolExecutor.java:1149)
at java.util.concurrent.ThreadPoolExecutor$Worker.run(ThreadPoolExecutor.java:624)
at java.lang.Thread.run(Thread.java:748)
]]>
    </failure>
  </testcase> <!-- testMethod1 -->
  <system-out/>
  <testcase name="testMethod1" time="59.117" classname="rebill.testngRebillSlow"/>
  <system-out/>
  <testcase name="testMethod1" time="59.982" classname="rebill.testngRebillSlow">
    <skipped/>
  </testcase> <!-- testMethod1 -->
  <system-out/>
  <testcase name="testMethod1" time="143.897" classname="rebill.testngRebillSlow">
    <failure type="java.lang.AssertionError" message="Could Not Find Popup Or COntinue to Package Screen">
      <![CDATA[java.lang.AssertionError: Could Not Find Popup Or COntinue to Package Screen
at org.testng.Assert.fail(Assert.java:97)
at rebill.testngRebillSlow.doRebill(testngRebillSlow.java:948)
at rebill.testngRebillSlow.testMethod1(testngRebillSlow.java:636)
at sun.reflect.GeneratedMethodAccessor11.invoke(Unknown Source)
at sun.reflect.DelegatingMethodAccessorImpl.invoke(DelegatingMethodAccessorImpl.java:43)
at java.lang.reflect.Method.invoke(Method.java:498)
at org.testng.internal.MethodInvocationHelper.invokeMethod(MethodInvocationHelper.java:135)
at org.testng.internal.TestInvoker.invokeMethod(TestInvoker.java:598)
at org.testng.internal.TestInvoker.retryFailed(TestInvoker.java:214)
at org.testng.internal.MethodRunner.runInSequence(MethodRunner.java:58)
at org.testng.internal.TestInvoker$MethodInvocationAgent.invoke(TestInvoker.java:821)
at org.testng.internal.TestInvoker.invokeTestMethods(TestInvoker.java:147)
at org.testng.internal.TestMethodWorker.invokeTestMethods(TestMethodWorker.java:146)
at org.testng.internal.TestMethodWorker.run(TestMethodWorker.java:128)
at java.util.concurrent.ThreadPoolExecutor.runWorker(ThreadPoolExecutor.java:1149)
at java.util.concurrent.ThreadPoolExecutor$Worker.run(ThreadPoolExecutor.java:624)
at java.lang.Thread.run(Thread.java:748)
]]>
    </failure>
  </testcase> <!-- testMethod1 -->
  <system-out/>
  <testcase name="testMethod1" time="67.919" classname="rebill.testngRebillSlow">
    <failure type="java.lang.AssertionError" message="org.openqa.selenium.NoSuchElementException: no such element: Unable to locate element: {&quot;method&quot;:&quot;xpath&quot;,&quot;selector&quot;:&quot;/html/body/div[6]/div/div/div[1]/div[1]/h4&quot;}
  (Session info: chrome=83.0.4103.97)
  (Driver info: chromedriver=2.41.578737 (49da6702b16031c40d63e5618de03a32ff6c197e),platform=Windows NT 6.1.7601 SP1 x86) (WARNING: The server did not provide any stacktrace information)
Command duration or timeout: 0 milliseconds
For documentation on this error, please visit: https://www.seleniumhq.org/exceptions/no_such_element.html
Build info: version: &#039;3.141.59&#039;, revision: &#039;e82be7d358&#039;, time: &#039;2018-11-14T08:25:48&#039;
System info: host: &#039;SQA-CRS-025&#039;, ip: &#039;10.255.250.85&#039;, os.name: &#039;Windows 7&#039;, os.arch: &#039;x86&#039;, os.version: &#039;6.1&#039;, java.version: &#039;1.8.0_251&#039;
Driver info: org.openqa.selenium.chrome.ChromeDriver
Capabilities {acceptInsecureCerts: false, acceptSslCerts: false, applicationCacheEnabled: false, browserConnectionEnabled: false, browserName: chrome, chrome: {chromedriverVersion: 2.41.578737 (49da6702b16031..., userDataDir: C:\Users\FEDEXU~1\AppData\L...}, cssSelectorsEnabled: true, databaseEnabled: false, goog:chromeOptions: {debuggerAddress: localhost:53427}, handlesAlerts: true, hasTouchScreen: false, javascriptEnabled: true, locationContextEnabled: true, mobileEmulationEnabled: false, nativeEvents: true, networkConnectionEnabled: false, pageLoadStrategy: normal, platform: XP, platformName: XP, rotatable: false, setWindowRect: true, takesHeapSnapshot: true, takesScreenshot: true, unexpectedAlertBehaviour: , unhandledPromptBehavior: , version: 83.0.4103.97, webStorageEnabled: true}
Session ID: 6063917595b14e9ae84483455ff6fc89
*** Element info: {Using=xpath, value=/html/body/div[6]/div/div/div[1]/div[1]/h4} Could Not Get to Rebill Screen">
      <![CDATA[java.lang.AssertionError: org.openqa.selenium.NoSuchElementException: no such element: Unable to locate element: {"method":"xpath","selector":"/html/body/div[6]/div/div/div[1]/div[1]/h4"}
  (Session info: chrome=83.0.4103.97)
  (Driver info: chromedriver=2.41.578737 (49da6702b16031c40d63e5618de03a32ff6c197e),platform=Windows NT 6.1.7601 SP1 x86) (WARNING: The server did not provide any stacktrace information)
Command duration or timeout: 0 milliseconds
For documentation on this error, please visit: https://www.seleniumhq.org/exceptions/no_such_element.html
Build info: version: '3.141.59', revision: 'e82be7d358', time: '2018-11-14T08:25:48'
System info: host: 'SQA-CRS-025', ip: '10.255.250.85', os.name: 'Windows 7', os.arch: 'x86', os.version: '6.1', java.version: '1.8.0_251'
Driver info: org.openqa.selenium.chrome.ChromeDriver
Capabilities {acceptInsecureCerts: false, acceptSslCerts: false, applicationCacheEnabled: false, browserConnectionEnabled: false, browserName: chrome, chrome: {chromedriverVersion: 2.41.578737 (49da6702b16031..., userDataDir: C:\Users\FEDEXU~1\AppData\L...}, cssSelectorsEnabled: true, databaseEnabled: false, goog:chromeOptions: {debuggerAddress: localhost:53427}, handlesAlerts: true, hasTouchScreen: false, javascriptEnabled: true, locationContextEnabled: true, mobileEmulationEnabled: false, nativeEvents: true, networkConnectionEnabled: false, pageLoadStrategy: normal, platform: XP, platformName: XP, rotatable: false, setWindowRect: true, takesHeapSnapshot: true, takesScreenshot: true, unexpectedAlertBehaviour: , unhandledPromptBehavior: , version: 83.0.4103.97, webStorageEnabled: true}
Session ID: 6063917595b14e9ae84483455ff6fc89
*** Element info: {Using=xpath, value=/html/body/div[6]/div/div/div[1]/div[1]/h4} Could Not Get to Rebill Screen
at org.testng.Assert.fail(Assert.java:97)
at rebill.testngRebillSlow.doRebill(testngRebillSlow.java:1251)
at rebill.testngRebillSlow.testMethod1(testngRebillSlow.java:636)
at sun.reflect.GeneratedMethodAccessor11.invoke(Unknown Source)
at sun.reflect.DelegatingMethodAccessorImpl.invoke(DelegatingMethodAccessorImpl.java:43)
at java.lang.reflect.Method.invoke(Method.java:498)
at org.testng.internal.MethodInvocationHelper.invokeMethod(MethodInvocationHelper.java:135)
at org.testng.internal.TestInvoker.invokeMethod(TestInvoker.java:598)
at org.testng.internal.TestInvoker.retryFailed(TestInvoker.java:214)
at org.testng.internal.MethodRunner.runInSequence(MethodRunner.java:58)
at org.testng.internal.TestInvoker$MethodInvocationAgent.invoke(TestInvoker.java:821)
at org.testng.internal.TestInvoker.invokeTestMethods(TestInvoker.java:147)
at org.testng.internal.TestMethodWorker.invokeTestMethods(TestMethodWorker.java:146)
at org.testng.internal.TestMethodWorker.run(TestMethodWorker.java:128)
at java.util.concurrent.ThreadPoolExecutor.runWorker(ThreadPoolExecutor.java:1149)
at java.util.concurrent.ThreadPoolExecutor$Worker.run(ThreadPoolExecutor.java:624)
at java.lang.Thread.run(Thread.java:748)
]]>
    </failure>
  </testcase> <!-- testMethod1 -->
  <system-out/>
  <testcase name="testMethod1" time="54.873" classname="rebill.testngRebillSlow"/>
  <system-out/>
  <testcase name="testMethod1" time="55.863" classname="rebill.testngRebillSlow"/>
  <system-out/>
  <testcase name="testMethod1" time="69.569" classname="rebill.testngRebillSlow"/>
  <system-out/>
  <testcase name="testMethod1" time="69.204" classname="rebill.testngRebillSlow"/>
  <system-out/>
  <testcase name="testMethod1" time="127.567" classname="rebill.testngRebillSlow">
    <failure type="java.lang.AssertionError" message="Faled At Last Rebill Screen: Did not reach override errors or failed here">
      <![CDATA[java.lang.AssertionError: Faled At Last Rebill Screen: Did not reach override errors or failed here
at org.testng.Assert.fail(Assert.java:97)
at rebill.testngRebillSlow.doRebill(testngRebillSlow.java:1450)
at rebill.testngRebillSlow.testMethod1(testngRebillSlow.java:636)
at sun.reflect.GeneratedMethodAccessor11.invoke(Unknown Source)
at sun.reflect.DelegatingMethodAccessorImpl.invoke(DelegatingMethodAccessorImpl.java:43)
at java.lang.reflect.Method.invoke(Method.java:498)
at org.testng.internal.MethodInvocationHelper.invokeMethod(MethodInvocationHelper.java:135)
at org.testng.internal.TestInvoker.invokeMethod(TestInvoker.java:598)
at org.testng.internal.TestInvoker.retryFailed(TestInvoker.java:214)
at org.testng.internal.MethodRunner.runInSequence(MethodRunner.java:58)
at org.testng.internal.TestInvoker$MethodInvocationAgent.invoke(TestInvoker.java:821)
at org.testng.internal.TestInvoker.invokeTestMethods(TestInvoker.java:147)
at org.testng.internal.TestMethodWorker.invokeTestMethods(TestMethodWorker.java:146)
at org.testng.internal.TestMethodWorker.run(TestMethodWorker.java:128)
at java.util.concurrent.ThreadPoolExecutor.runWorker(ThreadPoolExecutor.java:1149)
at java.util.concurrent.ThreadPoolExecutor$Worker.run(ThreadPoolExecutor.java:624)
at java.lang.Thread.run(Thread.java:748)
]]>
    </failure>
  </testcase> <!-- testMethod1 -->
  <system-out/>
  <testcase name="testMethod1" time="54.262" classname="rebill.testngRebillSlow">
    <skipped/>
  </testcase> <!-- testMethod1 -->
  <system-out/>
  <testcase name="testMethod1" time="53.899" classname="rebill.testngRebillSlow">
    <failure type="java.lang.AssertionError" message="Could Not Find Popup Or COntinue to Package Screen">
      <![CDATA[java.lang.AssertionError: Could Not Find Popup Or COntinue to Package Screen
at org.testng.Assert.fail(Assert.java:97)
at rebill.testngRebillSlow.doRebill(testngRebillSlow.java:948)
at rebill.testngRebillSlow.testMethod1(testngRebillSlow.java:636)
at sun.reflect.GeneratedMethodAccessor11.invoke(Unknown Source)
at sun.reflect.DelegatingMethodAccessorImpl.invoke(DelegatingMethodAccessorImpl.java:43)
at java.lang.reflect.Method.invoke(Method.java:498)
at org.testng.internal.MethodInvocationHelper.invokeMethod(MethodInvocationHelper.java:135)
at org.testng.internal.TestInvoker.invokeMethod(TestInvoker.java:598)
at org.testng.internal.TestInvoker.retryFailed(TestInvoker.java:214)
at org.testng.internal.MethodRunner.runInSequence(MethodRunner.java:58)
at org.testng.internal.TestInvoker$MethodInvocationAgent.invoke(TestInvoker.java:821)
at org.testng.internal.TestInvoker.invokeTestMethods(TestInvoker.java:147)
at org.testng.internal.TestMethodWorker.invokeTestMethods(TestMethodWorker.java:146)
at org.testng.internal.TestMethodWorker.run(TestMethodWorker.java:128)
at java.util.concurrent.ThreadPoolExecutor.runWorker(ThreadPoolExecutor.java:1149)
at java.util.concurrent.ThreadPoolExecutor$Worker.run(ThreadPoolExecutor.java:624)
at java.lang.Thread.run(Thread.java:748)
]]>
    </failure>
  </testcase> <!-- testMethod1 -->
  <system-out/>
  <testcase name="testMethod1" time="1.348" classname="rebill.testngRebillSlow"/>
  <system-out/>
  <testcase name="testMethod1" time="128.132" classname="rebill.testngRebillSlow">
    <skipped/>
  </testcase> <!-- testMethod1 -->
  <system-out/>
  <testcase name="testMethod1" time="72.541" classname="rebill.testngRebillSlow"/>
  <system-out/>
  <testcase name="testMethod1" time="53.420" classname="rebill.testngRebillSlow">
    <skipped/>
  </testcase> <!-- testMethod1 -->
  <system-out/>
  <testcase name="testMethod1" time="85.634" classname="rebill.testngRebillSlow"/>
  <system-out/>
  <testcase name="testMethod1" time="55.369" classname="rebill.testngRebillSlow">
    <skipped/>
  </testcase> <!-- testMethod1 -->
  <system-out/>
  <testcase name="testMethod1" time="150.393" classname="rebill.testngRebillSlow">
    <skipped/>
  </testcase> <!-- testMethod1 -->
  <system-out/>
  <testcase name="testMethod1" time="55.068" classname="rebill.testngRebillSlow">
    <skipped/>
  </testcase> <!-- testMethod1 -->
  <system-out/>
  <testcase name="testMethod1" time="61.451" classname="rebill.testngRebillSlow"/>
  <system-out/>
  <testcase name="testMethod1" time="55.657" classname="rebill.testngRebillSlow"/>
  <system-out/>
  <testcase name="testMethod1" time="54.798" classname="rebill.testngRebillSlow"/>
  <system-out/>
  <testcase name="testMethod1" time="52.562" classname="rebill.testngRebillSlow">
    <skipped/>
  </testcase> <!-- testMethod1 -->
  <system-out/>
  <testcase name="testMethod1" time="74.292" classname="rebill.testngRebillSlow"/>
  <system-out/>
  <testcase name="testMethod1" time="54.159" classname="rebill.testngRebillSlow">
    <skipped/>
  </testcase> <!-- testMethod1 -->
  <system-out/>
  <testcase name="testMethod1" time="70.830" classname="rebill.testngRebillSlow"/>
  <system-out/>
  <testcase name="testMethod1" time="54.507" classname="rebill.testngRebillSlow"/>
  <system-out/>
  <testcase name="testMethod1" time="53.468" classname="rebill.testngRebillSlow">
    <skipped/>
  </testcase> <!-- testMethod1 -->
  <system-out/>
  <testcase name="testMethod1" time="161.436" classname="rebill.testngRebillSlow"/>
  <system-out/>
  <testcase name="testMethod1" time="107.299" classname="rebill.testngRebillSlow">
    <skipped/>
  </testcase> <!-- testMethod1 -->
  <system-out/>
  <testcase name="testMethod1" time="126.226" classname="rebill.testngRebillSlow">
    <skipped/>
  </testcase> <!-- testMethod1 -->
  <system-out/>
  <testcase name="testMethod1" time="50.890" classname="rebill.testngRebillSlow">
    <skipped/>
  </testcase> <!-- testMethod1 -->
  <system-out/>
  <testcase name="testMethod1" time="54.006" classname="rebill.testngRebillSlow">
    <skipped/>
  </testcase> <!-- testMethod1 -->
  <system-out/>
  <testcase name="testMethod1" time="69.846" classname="rebill.testngRebillSlow"/>
  <system-out/>
  <testcase name="testMethod1" time="27.333" classname="rebill.testngRebillSlow">
    <skipped/>
  </testcase> <!-- testMethod1 -->
  <system-out/>
  <testcase name="testMethod1" time="71.426" classname="rebill.testngRebillSlow"/>
  <system-out/>
  <testcase name="testMethod1" time="56.670" classname="rebill.testngRebillSlow"/>
  <system-out/>
  <testcase name="testMethod1" time="76.843" classname="rebill.testngRebillSlow"/>
  <system-out/>
  <testcase name="testMethod1" time="67.404" classname="rebill.testngRebillSlow">
    <skipped/>
  </testcase> <!-- testMethod1 -->
  <system-out/>
  <testcase name="testMethod1" time="151.434" classname="rebill.testngRebillSlow">
    <skipped/>
  </testcase> <!-- testMethod1 -->
  <system-out/>
  <testcase name="testMethod1" time="58.172" classname="rebill.testngRebillSlow"/>
  <system-out/>
  <testcase name="testMethod1" time="171.682" classname="rebill.testngRebillSlow"/>
  <system-out/>
  <testcase name="testMethod1" time="26.797" classname="rebill.testngRebillSlow">
    <skipped/>
  </testcase> <!-- testMethod1 -->
  <system-out/>
  <testcase name="testMethod1" time="72.605" classname="rebill.testngRebillSlow"/>
  <system-out/>
  <testcase name="testMethod1" time="73.512" classname="rebill.testngRebillSlow"/>
  <system-out/>
  <testcase name="testMethod1" time="54.063" classname="rebill.testngRebillSlow">
    <skipped/>
  </testcase> <!-- testMethod1 -->
  <system-out/>
  <testcase name="testMethod1" time="27.377" classname="rebill.testngRebillSlow">
    <skipped/>
  </testcase> <!-- testMethod1 -->
  <system-out/>
  <testcase name="testMethod1" time="51.227" classname="rebill.testngRebillSlow">
    <skipped/>
  </testcase> <!-- testMethod1 -->
  <system-out/>
  <testcase name="testMethod1" time="25.983" classname="rebill.testngRebillSlow">
    <skipped/>
  </testcase> <!-- testMethod1 -->
  <system-out/>
  <testcase name="testMethod1" time="54.208" classname="rebill.testngRebillSlow">
    <skipped/>
  </testcase> <!-- testMethod1 -->
  <system-out/>
  <testcase name="testMethod1" time="54.753" classname="rebill.testngRebillSlow">
    <skipped/>
  </testcase> <!-- testMethod1 -->
  <system-out/>
  <testcase name="testMethod1" time="51.309" classname="rebill.testngRebillSlow">
    <skipped/>
  </testcase> <!-- testMethod1 -->
  <system-out/>
  <testcase name="testMethod1" time="75.760" classname="rebill.testngRebillSlow"/>
  <system-out/>
  <testcase name="testMethod1" time="72.065" classname="rebill.testngRebillSlow"/>
  <system-out/>
  <testcase name="testMethod1" time="54.699" classname="rebill.testngRebillSlow"/>
  <system-out/>
  <testcase name="testMethod1" time="67.673" classname="rebill.testngRebillSlow"/>
  <system-out/>
  <testcase name="testMethod1" time="54.428" classname="rebill.testngRebillSlow">
    <skipped/>
  </testcase> <!-- testMethod1 -->
  <system-out/>
  <testcase name="testMethod1" time="56.912" classname="rebill.testngRebillSlow">
    <skipped/>
  </testcase> <!-- testMethod1 -->
  <system-out/>
  <testcase name="testMethod1" time="65.650" classname="rebill.testngRebillSlow"/>
  <system-out/>
  <testcase name="testMethod1" time="54.073" classname="rebill.testngRebillSlow"/>
  <system-out/>
  <testcase name="testMethod1" time="54.453" classname="rebill.testngRebillSlow">
    <skipped/>
  </testcase> <!-- testMethod1 -->
  <system-out/>
  <testcase name="testMethod1" time="75.364" classname="rebill.testngRebillSlow"/>
  <system-out/>
  <testcase name="testMethod1" time="53.351" classname="rebill.testngRebillSlow">
    <skipped/>
  </testcase> <!-- testMethod1 -->
  <system-out/>
  <testcase name="testMethod1" time="125.168" classname="rebill.testngRebillSlow">
    <skipped/>
  </testcase> <!-- testMethod1 -->
  <system-out/>
  <testcase name="testMethod1" time="57.718" classname="rebill.testngRebillSlow"/>
  <system-out/>
  <testcase name="testMethod1" time="69.125" classname="rebill.testngRebillSlow"/>
  <system-out/>
  <testcase name="testMethod1" time="74.368" classname="rebill.testngRebillSlow">
    <skipped/>
  </testcase> <!-- testMethod1 -->
  <system-out/>
  <testcase name="testMethod1" time="55.247" classname="rebill.testngRebillSlow">
    <skipped/>
  </testcase> <!-- testMethod1 -->
  <system-out/>
  <testcase name="testMethod1" time="61.834" classname="rebill.testngRebillSlow"/>
  <system-out/>
  <testcase name="testMethod4" time="0.000" classname="rebill.testngRebillSlow">
    <error type="org.testng.TestNGException" message="
Data Provider public synchronized java.lang.Object[][] rebill.testngRebillSlow.dataProviderMethod4() returned a null value">
      <![CDATA[org.testng.TestNGException: 
Data Provider public synchronized java.lang.Object[][] rebill.testngRebillSlow.dataProviderMethod4() returned a null value
at org.testng.internal.MethodInvocationHelper.invokeDataProvider(MethodInvocationHelper.java:150)
at org.testng.internal.Parameters.handleParameters(Parameters.java:797)
at org.testng.internal.Parameters.handleParameters(Parameters.java:740)
at org.testng.internal.ParameterHandler.handleParameters(ParameterHandler.java:59)
at org.testng.internal.ParameterHandler.createParameters(ParameterHandler.java:38)
at org.testng.internal.TestInvoker$MethodInvocationAgent.invoke(TestInvoker.java:788)
at org.testng.internal.TestInvoker.invokeTestMethods(TestInvoker.java:147)
at org.testng.internal.TestMethodWorker.invokeTestMethods(TestMethodWorker.java:146)
at org.testng.internal.TestMethodWorker.run(TestMethodWorker.java:128)
at java.util.concurrent.ThreadPoolExecutor.runWorker(ThreadPoolExecutor.java:1149)
at java.util.concurrent.ThreadPoolExecutor$Worker.run(ThreadPoolExecutor.java:624)
at java.lang.Thread.run(Thread.java:748)
]]>
    </error>
  </testcase> <!-- testMethod4 -->
  <system-out/>
  <testcase name="testMethod1" time="53.860" classname="rebill.testngRebillSlow">
    <skipped/>
  </testcase> <!-- testMethod1 -->
  <system-out/>
  <testcase name="testMethod1" time="54.065" classname="rebill.testngRebillSlow">
    <skipped/>
  </testcase> <!-- testMethod1 -->
  <system-out/>
  <testcase name="testMethod1" time="83.768" classname="rebill.testngRebillSlow"/>
  <system-out/>
  <testcase name="testMethod1" time="54.701" classname="rebill.testngRebillSlow">
    <skipped/>
  </testcase> <!-- testMethod1 -->
  <system-out/>
  <testcase name="testMethod1" time="62.811" classname="rebill.testngRebillSlow"/>
  <system-out/>
  <testcase name="testMethod1" time="52.426" classname="rebill.testngRebillSlow">
    <failure type="java.lang.AssertionError" message="Could Not Find Popup Or COntinue to Package Screen">
      <![CDATA[java.lang.AssertionError: Could Not Find Popup Or COntinue to Package Screen
at org.testng.Assert.fail(Assert.java:97)
at rebill.testngRebillSlow.doRebill(testngRebillSlow.java:948)
at rebill.testngRebillSlow.testMethod1(testngRebillSlow.java:636)
at sun.reflect.GeneratedMethodAccessor11.invoke(Unknown Source)
at sun.reflect.DelegatingMethodAccessorImpl.invoke(DelegatingMethodAccessorImpl.java:43)
at java.lang.reflect.Method.invoke(Method.java:498)
at org.testng.internal.MethodInvocationHelper.invokeMethod(MethodInvocationHelper.java:135)
at org.testng.internal.TestInvoker.invokeMethod(TestInvoker.java:598)
at org.testng.internal.TestInvoker.retryFailed(TestInvoker.java:214)
at org.testng.internal.MethodRunner.runInSequence(MethodRunner.java:58)
at org.testng.internal.TestInvoker$MethodInvocationAgent.invoke(TestInvoker.java:821)
at org.testng.internal.TestInvoker.invokeTestMethods(TestInvoker.java:147)
at org.testng.internal.TestMethodWorker.invokeTestMethods(TestMethodWorker.java:146)
at org.testng.internal.TestMethodWorker.run(TestMethodWorker.java:128)
at java.util.concurrent.ThreadPoolExecutor.runWorker(ThreadPoolExecutor.java:1149)
at java.util.concurrent.ThreadPoolExecutor$Worker.run(ThreadPoolExecutor.java:624)
at java.lang.Thread.run(Thread.java:748)
]]>
    </failure>
  </testcase> <!-- testMethod1 -->
  <system-out/>
  <testcase name="testMethod1" time="54.315" classname="rebill.testngRebillSlow">
    <skipped/>
  </testcase> <!-- testMethod1 -->
  <system-out/>
  <testcase name="testMethod1" time="54.380" classname="rebill.testngRebillSlow">
    <skipped/>
  </testcase> <!-- testMethod1 -->
  <system-out/>
  <testcase name="testMethod1" time="50.078" classname="rebill.testngRebillSlow">
    <skipped/>
  </testcase> <!-- testMethod1 -->
  <system-out/>
  <testcase name="testMethod1" time="53.451" classname="rebill.testngRebillSlow">
    <skipped/>
  </testcase> <!-- testMethod1 -->
  <system-out/>
  <testcase name="testMethod1" time="59.620" classname="rebill.testngRebillSlow"/>
  <system-out/>
  <testcase name="testMethod1" time="53.097" classname="rebill.testngRebillSlow">
    <failure type="java.lang.AssertionError" message="Could Not Find Popup Or COntinue to Package Screen">
      <![CDATA[java.lang.AssertionError: Could Not Find Popup Or COntinue to Package Screen
at org.testng.Assert.fail(Assert.java:97)
at rebill.testngRebillSlow.doRebill(testngRebillSlow.java:948)
at rebill.testngRebillSlow.testMethod1(testngRebillSlow.java:636)
at sun.reflect.GeneratedMethodAccessor11.invoke(Unknown Source)
at sun.reflect.DelegatingMethodAccessorImpl.invoke(DelegatingMethodAccessorImpl.java:43)
at java.lang.reflect.Method.invoke(Method.java:498)
at org.testng.internal.MethodInvocationHelper.invokeMethod(MethodInvocationHelper.java:135)
at org.testng.internal.TestInvoker.invokeMethod(TestInvoker.java:598)
at org.testng.internal.TestInvoker.retryFailed(TestInvoker.java:214)
at org.testng.internal.MethodRunner.runInSequence(MethodRunner.java:58)
at org.testng.internal.TestInvoker$MethodInvocationAgent.invoke(TestInvoker.java:821)
at org.testng.internal.TestInvoker.invokeTestMethods(TestInvoker.java:147)
at org.testng.internal.TestMethodWorker.invokeTestMethods(TestMethodWorker.java:146)
at org.testng.internal.TestMethodWorker.run(TestMethodWorker.java:128)
at java.util.concurrent.ThreadPoolExecutor.runWorker(ThreadPoolExecutor.java:1149)
at java.util.concurrent.ThreadPoolExecutor$Worker.run(ThreadPoolExecutor.java:624)
at java.lang.Thread.run(Thread.java:748)
]]>
    </failure>
  </testcase> <!-- testMethod1 -->
  <system-out/>
  <testcase name="testMethod1" time="55.021" classname="rebill.testngRebillSlow">
    <skipped/>
  </testcase> <!-- testMethod1 -->
  <system-out/>
  <testcase name="testMethod1" time="59.658" classname="rebill.testngRebillSlow"/>
  <system-out/>
  <testcase name="testMethod1" time="54.301" classname="rebill.testngRebillSlow">
    <skipped/>
  </testcase> <!-- testMethod1 -->
  <system-out/>
  <testcase name="testMethod1" time="72.325" classname="rebill.testngRebillSlow"/>
  <system-out/>
  <testcase name="testMethod1" time="55.089" classname="rebill.testngRebillSlow">
    <skipped/>
  </testcase> <!-- testMethod1 -->
  <system-out/>
  <testcase name="testMethod1" time="229.835" classname="rebill.testngRebillSlow">
    <skipped/>
  </testcase> <!-- testMethod1 -->
  <system-out/>
  <testcase name="testMethod1" time="74.879" classname="rebill.testngRebillSlow"/>
  <system-out/>
  <testcase name="testMethod1" time="71.612" classname="rebill.testngRebillSlow"/>
  <system-out/>
  <testcase name="testMethod1" time="55.166" classname="rebill.testngRebillSlow"/>
  <system-out/>
  <testcase name="testMethod1" time="53.945" classname="rebill.testngRebillSlow">
    <skipped/>
  </testcase> <!-- testMethod1 -->
  <system-out/>
  <testcase name="testMethod1" time="55.596" classname="rebill.testngRebillSlow">
    <skipped/>
  </testcase> <!-- testMethod1 -->
  <system-out/>
  <testcase name="testMethod1" time="26.966" classname="rebill.testngRebillSlow">
    <skipped/>
  </testcase> <!-- testMethod1 -->
  <system-out/>
  <testcase name="testMethod1" time="54.530" classname="rebill.testngRebillSlow"/>
  <system-out/>
  <testcase name="testMethod1" time="54.613" classname="rebill.testngRebillSlow">
    <skipped/>
  </testcase> <!-- testMethod1 -->
  <system-out/>
  <testcase name="testMethod1" time="54.238" classname="rebill.testngRebillSlow">
    <skipped/>
  </testcase> <!-- testMethod1 -->
  <system-out/>
  <testcase name="testMethod1" time="54.995" classname="rebill.testngRebillSlow">
    <skipped/>
  </testcase> <!-- testMethod1 -->
  <system-out/>
  <testcase name="testMethod1" time="61.972" classname="rebill.testngRebillSlow"/>
  <system-out/>
  <testcase name="testMethod1" time="44.869" classname="rebill.testngRebillSlow">
    <skipped/>
  </testcase> <!-- testMethod1 -->
  <system-out/>
  <testcase name="testMethod1" time="27.231" classname="rebill.testngRebillSlow">
    <skipped/>
  </testcase> <!-- testMethod1 -->
  <system-out/>
  <testcase name="testMethod1" time="53.358" classname="rebill.testngRebillSlow">
    <skipped/>
  </testcase> <!-- testMethod1 -->
  <system-out/>
  <testcase name="testMethod1" time="55.416" classname="rebill.testngRebillSlow"/>
  <system-out/>
  <testcase name="testMethod1" time="53.656" classname="rebill.testngRebillSlow">
    <skipped/>
  </testcase> <!-- testMethod1 -->
  <system-out/>
  <testcase name="testMethod1" time="77.337" classname="rebill.testngRebillSlow"/>
  <system-out/>
  <testcase name="testMethod1" time="53.368" classname="rebill.testngRebillSlow">
    <skipped/>
  </testcase> <!-- testMethod1 -->
  <system-out/>
  <testcase name="testMethod1" time="54.928" classname="rebill.testngRebillSlow">
    <skipped/>
  </testcase> <!-- testMethod1 -->
  <system-out/>
  <testcase name="testMethod1" time="59.390" classname="rebill.testngRebillSlow"/>
  <system-out/>
  <testcase name="testMethod1" time="54.237" classname="rebill.testngRebillSlow">
    <skipped/>
  </testcase> <!-- testMethod1 -->
  <system-out/>
  <testcase name="testMethod1" time="68.097" classname="rebill.testngRebillSlow"/>
  <system-out/>
  <testcase name="testMethod1" time="81.492" classname="rebill.testngRebillSlow"/>
  <system-out/>
  <testcase name="testMethod1" time="78.127" classname="rebill.testngRebillSlow">
    <skipped/>
  </testcase> <!-- testMethod1 -->
  <system-out/>
  <testcase name="testMethod1" time="56.300" classname="rebill.testngRebillSlow"/>
  <system-out/>
  <testcase name="testMethod1" time="57.288" classname="rebill.testngRebillSlow"/>
  <system-out/>
  <testcase name="testMethod1" time="53.513" classname="rebill.testngRebillSlow">
    <failure type="java.lang.AssertionError" message="Could Not Find Popup Or COntinue to Package Screen">
      <![CDATA[java.lang.AssertionError: Could Not Find Popup Or COntinue to Package Screen
at org.testng.Assert.fail(Assert.java:97)
at rebill.testngRebillSlow.doRebill(testngRebillSlow.java:948)
at rebill.testngRebillSlow.testMethod1(testngRebillSlow.java:636)
at sun.reflect.GeneratedMethodAccessor11.invoke(Unknown Source)
at sun.reflect.DelegatingMethodAccessorImpl.invoke(DelegatingMethodAccessorImpl.java:43)
at java.lang.reflect.Method.invoke(Method.java:498)
at org.testng.internal.MethodInvocationHelper.invokeMethod(MethodInvocationHelper.java:135)
at org.testng.internal.TestInvoker.invokeMethod(TestInvoker.java:598)
at org.testng.internal.TestInvoker.retryFailed(TestInvoker.java:214)
at org.testng.internal.MethodRunner.runInSequence(MethodRunner.java:58)
at org.testng.internal.TestInvoker$MethodInvocationAgent.invoke(TestInvoker.java:821)
at org.testng.internal.TestInvoker.invokeTestMethods(TestInvoker.java:147)
at org.testng.internal.TestMethodWorker.invokeTestMethods(TestMethodWorker.java:146)
at org.testng.internal.TestMethodWorker.run(TestMethodWorker.java:128)
at java.util.concurrent.ThreadPoolExecutor.runWorker(ThreadPoolExecutor.java:1149)
at java.util.concurrent.ThreadPoolExecutor$Worker.run(ThreadPoolExecutor.java:624)
at java.lang.Thread.run(Thread.java:748)
]]>
    </failure>
  </testcase> <!-- testMethod1 -->
  <system-out/>
  <testcase name="testMethod1" time="67.578" classname="rebill.testngRebillSlow"/>
  <system-out/>
  <testcase name="testMethod1" time="55.085" classname="rebill.testngRebillSlow">
    <skipped/>
  </testcase> <!-- testMethod1 -->
  <system-out/>
  <testcase name="testMethod1" time="84.764" classname="rebill.testngRebillSlow">
    <error type="java.lang.NullPointerException">
      <![CDATA[java.lang.NullPointerException
at rebill.testngRebillSlow.validateResults(testngRebillSlow.java:1593)
at rebill.testngRebillSlow.doRebill(testngRebillSlow.java:1394)
at rebill.testngRebillSlow.testMethod1(testngRebillSlow.java:636)
at sun.reflect.GeneratedMethodAccessor11.invoke(Unknown Source)
at sun.reflect.DelegatingMethodAccessorImpl.invoke(DelegatingMethodAccessorImpl.java:43)
at java.lang.reflect.Method.invoke(Method.java:498)
at org.testng.internal.MethodInvocationHelper.invokeMethod(MethodInvocationHelper.java:135)
at org.testng.internal.TestInvoker.invokeMethod(TestInvoker.java:598)
at org.testng.internal.TestInvoker.retryFailed(TestInvoker.java:214)
at org.testng.internal.MethodRunner.runInSequence(MethodRunner.java:58)
at org.testng.internal.TestInvoker$MethodInvocationAgent.invoke(TestInvoker.java:821)
at org.testng.internal.TestInvoker.invokeTestMethods(TestInvoker.java:147)
at org.testng.internal.TestMethodWorker.invokeTestMethods(TestMethodWorker.java:146)
at org.testng.internal.TestMethodWorker.run(TestMethodWorker.java:128)
at java.util.concurrent.ThreadPoolExecutor.runWorker(ThreadPoolExecutor.java:1149)
at java.util.concurrent.ThreadPoolExecutor$Worker.run(ThreadPoolExecutor.java:624)
at java.lang.Thread.run(Thread.java:748)
]]>
    </error>
  </testcase> <!-- testMethod1 -->
  <system-out/>
  <testcase name="testMethod1" time="53.443" classname="rebill.testngRebillSlow">
    <skipped/>
  </testcase> <!-- testMethod1 -->
  <system-out/>
  <testcase name="testMethod1" time="54.012" classname="rebill.testngRebillSlow"/>
  <system-out/>
  <testcase name="testMethod1" time="54.958" classname="rebill.testngRebillSlow"/>
  <system-out/>
  <testcase name="testMethod1" time="60.712" classname="rebill.testngRebillSlow"/>
  <system-out/>
  <testcase name="testMethod1" time="82.791" classname="rebill.testngRebillSlow"/>
  <system-out/>
  <testcase name="testMethod1" time="54.029" classname="rebill.testngRebillSlow"/>
  <system-out/>
  <testcase name="testMethod1" time="57.710" classname="rebill.testngRebillSlow"/>
  <system-out/>
  <testcase name="testMethod1" time="54.867" classname="rebill.testngRebillSlow">
    <failure type="java.lang.AssertionError" message="Could Not Find Popup Or COntinue to Package Screen">
      <![CDATA[java.lang.AssertionError: Could Not Find Popup Or COntinue to Package Screen
at org.testng.Assert.fail(Assert.java:97)
at rebill.testngRebillSlow.doRebill(testngRebillSlow.java:948)
at rebill.testngRebillSlow.testMethod1(testngRebillSlow.java:636)
at sun.reflect.GeneratedMethodAccessor11.invoke(Unknown Source)
at sun.reflect.DelegatingMethodAccessorImpl.invoke(DelegatingMethodAccessorImpl.java:43)
at java.lang.reflect.Method.invoke(Method.java:498)
at org.testng.internal.MethodInvocationHelper.invokeMethod(MethodInvocationHelper.java:135)
at org.testng.internal.TestInvoker.invokeMethod(TestInvoker.java:598)
at org.testng.internal.TestInvoker.retryFailed(TestInvoker.java:214)
at org.testng.internal.MethodRunner.runInSequence(MethodRunner.java:58)
at org.testng.internal.TestInvoker$MethodInvocationAgent.invoke(TestInvoker.java:821)
at org.testng.internal.TestInvoker.invokeTestMethods(TestInvoker.java:147)
at org.testng.internal.TestMethodWorker.invokeTestMethods(TestMethodWorker.java:146)
at org.testng.internal.TestMethodWorker.run(TestMethodWorker.java:128)
at java.util.concurrent.ThreadPoolExecutor.runWorker(ThreadPoolExecutor.java:1149)
at java.util.concurrent.ThreadPoolExecutor$Worker.run(ThreadPoolExecutor.java:624)
at java.lang.Thread.run(Thread.java:748)
]]>
    </failure>
  </testcase> <!-- testMethod1 -->
  <system-out/>
  <testcase name="testMethod1" time="83.512" classname="rebill.testngRebillSlow"/>
  <system-out/>
  <testcase name="testMethod1" time="53.782" classname="rebill.testngRebillSlow">
    <skipped/>
  </testcase> <!-- testMethod1 -->
  <system-out/>
  <testcase name="testMethod1" time="54.828" classname="rebill.testngRebillSlow">
    <skipped/>
  </testcase> <!-- testMethod1 -->
  <system-out/>
  <testcase name="testMethod1" time="58.652" classname="rebill.testngRebillSlow"/>
  <system-out/>
  <testcase name="testMethod1" time="70.806" classname="rebill.testngRebillSlow"/>
  <system-out/>
  <testcase name="testMethod1" time="56.958" classname="rebill.testngRebillSlow"/>
  <system-out/>
  <testcase name="testMethod1" time="53.510" classname="rebill.testngRebillSlow">
    <skipped/>
  </testcase> <!-- testMethod1 -->
  <system-out/>
  <testcase name="testMethod1" time="54.089" classname="rebill.testngRebillSlow">
    <skipped/>
  </testcase> <!-- testMethod1 -->
  <system-out/>
  <testcase name="testMethod1" time="93.102" classname="rebill.testngRebillSlow">
    <skipped/>
  </testcase> <!-- testMethod1 -->
  <system-out/>
  <testcase name="testMethod1" time="141.338" classname="rebill.testngRebillSlow">
    <skipped/>
  </testcase> <!-- testMethod1 -->
  <system-out/>
  <testcase name="testMethod1" time="53.771" classname="rebill.testngRebillSlow">
    <skipped/>
  </testcase> <!-- testMethod1 -->
  <system-out/>
  <testcase name="testMethod1" time="49.012" classname="rebill.testngRebillSlow">
    <skipped/>
  </testcase> <!-- testMethod1 -->
  <system-out/>
  <testcase name="testMethod1" time="54.698" classname="rebill.testngRebillSlow">
    <skipped/>
  </testcase> <!-- testMethod1 -->
  <system-out/>
  <testcase name="testMethod1" time="55.311" classname="rebill.testngRebillSlow"/>
  <system-out/>
  <testcase name="testMethod1" time="54.006" classname="rebill.testngRebillSlow">
    <skipped/>
  </testcase> <!-- testMethod1 -->
  <system-out/>
  <testcase name="testMethod1" time="64.729" classname="rebill.testngRebillSlow"/>
  <system-out/>
  <testcase name="testMethod1" time="58.264" classname="rebill.testngRebillSlow">
    <skipped/>
  </testcase> <!-- testMethod1 -->
  <system-out/>
  <testcase name="testMethod1" time="70.219" classname="rebill.testngRebillSlow"/>
  <system-out/>
  <testcase name="testMethod1" time="1.375" classname="rebill.testngRebillSlow"/>
  <system-out/>
  <testcase name="testMethod1" time="122.900" classname="rebill.testngRebillSlow">
    <error type="java.lang.NullPointerException">
      <![CDATA[java.lang.NullPointerException
at rebill.testngRebillSlow.validateResults(testngRebillSlow.java:1593)
at rebill.testngRebillSlow.doRebill(testngRebillSlow.java:1394)
at rebill.testngRebillSlow.testMethod1(testngRebillSlow.java:636)
at sun.reflect.GeneratedMethodAccessor11.invoke(Unknown Source)
at sun.reflect.DelegatingMethodAccessorImpl.invoke(DelegatingMethodAccessorImpl.java:43)
at java.lang.reflect.Method.invoke(Method.java:498)
at org.testng.internal.MethodInvocationHelper.invokeMethod(MethodInvocationHelper.java:135)
at org.testng.internal.TestInvoker.invokeMethod(TestInvoker.java:598)
at org.testng.internal.TestInvoker.retryFailed(TestInvoker.java:214)
at org.testng.internal.MethodRunner.runInSequence(MethodRunner.java:58)
at org.testng.internal.TestInvoker$MethodInvocationAgent.invoke(TestInvoker.java:821)
at org.testng.internal.TestInvoker.invokeTestMethods(TestInvoker.java:147)
at org.testng.internal.TestMethodWorker.invokeTestMethods(TestMethodWorker.java:146)
at org.testng.internal.TestMethodWorker.run(TestMethodWorker.java:128)
at java.util.concurrent.ThreadPoolExecutor.runWorker(ThreadPoolExecutor.java:1149)
at java.util.concurrent.ThreadPoolExecutor$Worker.run(ThreadPoolExecutor.java:624)
at java.lang.Thread.run(Thread.java:748)
]]>
    </error>
  </testcase> <!-- testMethod1 -->
  <system-out/>
  <testcase name="testMethod1" time="54.383" classname="rebill.testngRebillSlow"/>
  <system-out/>
  <testcase name="testMethod1" time="56.287" classname="rebill.testngRebillSlow"/>
  <system-out/>
  <testcase name="testMethod1" time="53.382" classname="rebill.testngRebillSlow">
    <failure type="java.lang.AssertionError" message="Could Not Find Popup Or COntinue to Package Screen">
      <![CDATA[java.lang.AssertionError: Could Not Find Popup Or COntinue to Package Screen
at org.testng.Assert.fail(Assert.java:97)
at rebill.testngRebillSlow.doRebill(testngRebillSlow.java:948)
at rebill.testngRebillSlow.testMethod1(testngRebillSlow.java:636)
at sun.reflect.GeneratedMethodAccessor11.invoke(Unknown Source)
at sun.reflect.DelegatingMethodAccessorImpl.invoke(DelegatingMethodAccessorImpl.java:43)
at java.lang.reflect.Method.invoke(Method.java:498)
at org.testng.internal.MethodInvocationHelper.invokeMethod(MethodInvocationHelper.java:135)
at org.testng.internal.TestInvoker.invokeMethod(TestInvoker.java:598)
at org.testng.internal.TestInvoker.retryFailed(TestInvoker.java:214)
at org.testng.internal.MethodRunner.runInSequence(MethodRunner.java:58)
at org.testng.internal.TestInvoker$MethodInvocationAgent.invoke(TestInvoker.java:821)
at org.testng.internal.TestInvoker.invokeTestMethods(TestInvoker.java:147)
at org.testng.internal.TestMethodWorker.invokeTestMethods(TestMethodWorker.java:146)
at org.testng.internal.TestMethodWorker.run(TestMethodWorker.java:128)
at java.util.concurrent.ThreadPoolExecutor.runWorker(ThreadPoolExecutor.java:1149)
at java.util.concurrent.ThreadPoolExecutor$Worker.run(ThreadPoolExecutor.java:624)
at java.lang.Thread.run(Thread.java:748)
]]>
    </failure>
  </testcase> <!-- testMethod1 -->
  <system-out/>
  <testcase name="testMethod1" time="53.628" classname="rebill.testngRebillSlow">
    <skipped/>
  </testcase> <!-- testMethod1 -->
  <system-out/>
  <testcase name="testMethod1" time="60.565" classname="rebill.testngRebillSlow">
    <skipped/>
  </testcase> <!-- testMethod1 -->
  <system-out/>
  <testcase name="testMethod1" time="67.627" classname="rebill.testngRebillSlow"/>
  <system-out/>
  <testcase name="testMethod1" time="54.419" classname="rebill.testngRebillSlow">
    <skipped/>
  </testcase> <!-- testMethod1 -->
  <system-out/>
  <testcase name="testMethod1" time="55.737" classname="rebill.testngRebillSlow"/>
  <system-out/>
  <testcase name="testMethod1" time="54.061" classname="rebill.testngRebillSlow">
    <skipped/>
  </testcase> <!-- testMethod1 -->
  <system-out/>
  <testcase name="testMethod1" time="54.521" classname="rebill.testngRebillSlow">
    <skipped/>
  </testcase> <!-- testMethod1 -->
  <system-out/>
  <testcase name="testMethod1" time="53.255" classname="rebill.testngRebillSlow">
    <skipped/>
  </testcase> <!-- testMethod1 -->
  <system-out/>
  <testcase name="testMethod1" time="54.315" classname="rebill.testngRebillSlow">
    <skipped/>
  </testcase> <!-- testMethod1 -->
  <system-out/>
  <testcase name="testMethod1" time="58.070" classname="rebill.testngRebillSlow"/>
  <system-out/>
  <testcase name="testMethod1" time="125.351" classname="rebill.testngRebillSlow">
    <failure type="java.lang.AssertionError" message="Faled At Last Rebill Screen: Did not reach override errors or failed here">
      <![CDATA[java.lang.AssertionError: Faled At Last Rebill Screen: Did not reach override errors or failed here
at org.testng.Assert.fail(Assert.java:97)
at rebill.testngRebillSlow.doRebill(testngRebillSlow.java:1450)
at rebill.testngRebillSlow.testMethod1(testngRebillSlow.java:636)
at sun.reflect.GeneratedMethodAccessor11.invoke(Unknown Source)
at sun.reflect.DelegatingMethodAccessorImpl.invoke(DelegatingMethodAccessorImpl.java:43)
at java.lang.reflect.Method.invoke(Method.java:498)
at org.testng.internal.MethodInvocationHelper.invokeMethod(MethodInvocationHelper.java:135)
at org.testng.internal.TestInvoker.invokeMethod(TestInvoker.java:598)
at org.testng.internal.TestInvoker.retryFailed(TestInvoker.java:214)
at org.testng.internal.MethodRunner.runInSequence(MethodRunner.java:58)
at org.testng.internal.TestInvoker$MethodInvocationAgent.invoke(TestInvoker.java:821)
at org.testng.internal.TestInvoker.invokeTestMethods(TestInvoker.java:147)
at org.testng.internal.TestMethodWorker.invokeTestMethods(TestMethodWorker.java:146)
at org.testng.internal.TestMethodWorker.run(TestMethodWorker.java:128)
at java.util.concurrent.ThreadPoolExecutor.runWorker(ThreadPoolExecutor.java:1149)
at java.util.concurrent.ThreadPoolExecutor$Worker.run(ThreadPoolExecutor.java:624)
at java.lang.Thread.run(Thread.java:748)
]]>
    </failure>
  </testcase> <!-- testMethod1 -->
  <system-out/>
  <testcase name="testMethod1" time="57.009" classname="rebill.testngRebillSlow">
    <skipped/>
  </testcase> <!-- testMethod1 -->
  <system-out/>
  <testcase name="testMethod1" time="55.399" classname="rebill.testngRebillSlow">
    <skipped/>
  </testcase> <!-- testMethod1 -->
  <system-out/>
  <testcase name="testMethod1" time="58.438" classname="rebill.testngRebillSlow"/>
  <system-out/>
  <testcase name="testMethod1" time="56.229" classname="rebill.testngRebillSlow">
    <skipped/>
  </testcase> <!-- testMethod1 -->
  <system-out/>
  <testcase name="testMethod1" time="57.559" classname="rebill.testngRebillSlow"/>
  <system-out/>
  <testcase name="testMethod1" time="53.975" classname="rebill.testngRebillSlow"/>
  <system-out/>
  <testcase name="testMethod1" time="75.692" classname="rebill.testngRebillSlow"/>
  <system-out/>
  <testcase name="testMethod1" time="54.433" classname="rebill.testngRebillSlow">
    <skipped/>
  </testcase> <!-- testMethod1 -->
  <system-out/>
  <testcase name="testMethod1" time="55.140" classname="rebill.testngRebillSlow"/>
  <system-out/>
  <testcase name="testMethod1" time="54.071" classname="rebill.testngRebillSlow">
    <skipped/>
  </testcase> <!-- testMethod1 -->
  <system-out/>
  <testcase name="testMethod1" time="58.705" classname="rebill.testngRebillSlow">
    <skipped/>
  </testcase> <!-- testMethod1 -->
  <system-out/>
  <testcase name="testMethod1" time="138.922" classname="rebill.testngRebillSlow">
    <skipped/>
  </testcase> <!-- testMethod1 -->
  <system-out/>
  <testcase name="testMethod1" time="69.229" classname="rebill.testngRebillSlow"/>
  <system-out/>
  <testcase name="testMethod1" time="56.584" classname="rebill.testngRebillSlow"/>
  <system-out/>
  <testcase name="testMethod1" time="77.873" classname="rebill.testngRebillSlow"/>
  <system-out/>
  <testcase name="testMethod1" time="53.572" classname="rebill.testngRebillSlow"/>
  <system-out/>
  <testcase name="testMethod1" time="89.674" classname="rebill.testngRebillSlow"/>
  <system-out/>
  <testcase name="testMethod1" time="57.790" classname="rebill.testngRebillSlow">
    <skipped/>
  </testcase> <!-- testMethod1 -->
  <system-out/>
  <testcase name="testMethod1" time="191.232" classname="rebill.testngRebillSlow">
    <skipped/>
  </testcase> <!-- testMethod1 -->
  <system-out/>
  <testcase name="testMethod1" time="70.573" classname="rebill.testngRebillSlow"/>
  <system-out/>
  <testcase name="testMethod1" time="52.951" classname="rebill.testngRebillSlow">
    <skipped/>
  </testcase> <!-- testMethod1 -->
  <system-out/>
  <testcase name="testMethod1" time="55.555" classname="rebill.testngRebillSlow"/>
  <system-out/>
  <testcase name="testMethod1" time="53.843" classname="rebill.testngRebillSlow">
    <skipped/>
  </testcase> <!-- testMethod1 -->
  <system-out/>
  <testcase name="testMethod1" time="54.655" classname="rebill.testngRebillSlow">
    <skipped/>
  </testcase> <!-- testMethod1 -->
  <system-out/>
  <testcase name="testMethod1" time="84.025" classname="rebill.testngRebillSlow">
    <skipped/>
  </testcase> <!-- testMethod1 -->
  <system-out/>
  <testcase name="testMethod1" time="53.303" classname="rebill.testngRebillSlow">
    <skipped/>
  </testcase> <!-- testMethod1 -->
  <system-out/>
  <testcase name="testMethod1" time="79.587" classname="rebill.testngRebillSlow"/>
  <system-out/>
  <testcase name="testMethod1" time="54.464" classname="rebill.testngRebillSlow">
    <skipped/>
  </testcase> <!-- testMethod1 -->
  <system-out/>
  <testcase name="testMethod1" time="57.909" classname="rebill.testngRebillSlow"/>
  <system-out/>
  <testcase name="testMethod1" time="54.137" classname="rebill.testngRebillSlow">
    <skipped/>
  </testcase> <!-- testMethod1 -->
  <system-out/>
  <testcase name="testMethod1" time="56.936" classname="rebill.testngRebillSlow"/>
  <system-out/>
</testsuite> <!-- rebill.testngRebillSlow -->
