<?xml version="1.0" encoding="UTF-8"?>
<!-- Generated by org.testng.reporters.JUnitReportReporter -->
<testsuite skipped="0" hostname="SQA-CRS-025" name="prerate.prerateHoldTestNGSlow" tests="12" failures="0" timestamp="2020-05-15T11:17:11 CDT" time="7.898" errors="3">
  <testcase name="testMethod1" time="0.892" classname="prerate.prerateHoldTestNGSlow"/>
  <system-out/>
  <testcase name="testMethod2" time="0.000" classname="prerate.prerateHoldTestNGSlow">
    <error type="org.testng.TestNGException" message="
Data Provider public synchronized java.lang.Object[][] prerate.prerateHoldTestNGSlow.dataProviderMethod2() returned a null value">
      <![CDATA[org.testng.TestNGException: 
Data Provider public synchronized java.lang.Object[][] prerate.prerateHoldTestNGSlow.dataProviderMethod2() returned a null value
at org.testng.internal.MethodInvocationHelper.invokeDataProvider(MethodInvocationHelper.java:150)
at org.testng.internal.Parameters.handleParameters(Parameters.java:797)
at org.testng.internal.Parameters.handleParameters(Parameters.java:740)
at org.testng.internal.ParameterHandler.handleParameters(ParameterHandler.java:59)
at org.testng.internal.ParameterHandler.createParameters(ParameterHandler.java:38)
at org.testng.internal.TestInvoker$MethodInvocationAgent.invoke(TestInvoker.java:788)
at org.testng.internal.TestInvoker.invokeTestMethods(TestInvoker.java:147)
at org.testng.internal.TestMethodWorker.invokeTestMethods(TestMethodWorker.java:146)
at org.testng.internal.TestMethodWorker.run(TestMethodWorker.java:128)
at java.util.concurrent.ThreadPoolExecutor.runWorker(ThreadPoolExecutor.java:1149)
at java.util.concurrent.ThreadPoolExecutor$Worker.run(ThreadPoolExecutor.java:624)
at java.lang.Thread.run(Thread.java:748)
]]>
    </error>
  </testcase> <!-- testMethod2 -->
  <system-out/>
  <testcase name="testMethod3" time="0.000" classname="prerate.prerateHoldTestNGSlow">
    <error type="org.testng.TestNGException" message="
Data Provider public synchronized java.lang.Object[][] prerate.prerateHoldTestNGSlow.dataProviderMethod3() returned a null value">
      <![CDATA[org.testng.TestNGException: 
Data Provider public synchronized java.lang.Object[][] prerate.prerateHoldTestNGSlow.dataProviderMethod3() returned a null value
at org.testng.internal.MethodInvocationHelper.invokeDataProvider(MethodInvocationHelper.java:150)
at org.testng.internal.Parameters.handleParameters(Parameters.java:797)
at org.testng.internal.Parameters.handleParameters(Parameters.java:740)
at org.testng.internal.ParameterHandler.handleParameters(ParameterHandler.java:59)
at org.testng.internal.ParameterHandler.createParameters(ParameterHandler.java:38)
at org.testng.internal.TestInvoker$MethodInvocationAgent.invoke(TestInvoker.java:788)
at org.testng.internal.TestInvoker.invokeTestMethods(TestInvoker.java:147)
at org.testng.internal.TestMethodWorker.invokeTestMethods(TestMethodWorker.java:146)
at org.testng.internal.TestMethodWorker.run(TestMethodWorker.java:128)
at java.util.concurrent.ThreadPoolExecutor.runWorker(ThreadPoolExecutor.java:1149)
at java.util.concurrent.ThreadPoolExecutor$Worker.run(ThreadPoolExecutor.java:624)
at java.lang.Thread.run(Thread.java:748)
]]>
    </error>
  </testcase> <!-- testMethod3 -->
  <system-out/>
  <testcase name="testMethod1" time="0.880" classname="prerate.prerateHoldTestNGSlow"/>
  <system-out/>
  <testcase name="testMethod1" time="0.863" classname="prerate.prerateHoldTestNGSlow"/>
  <system-out/>
  <testcase name="testMethod4" time="0.000" classname="prerate.prerateHoldTestNGSlow">
    <error type="org.testng.TestNGException" message="
Data Provider public synchronized java.lang.Object[][] prerate.prerateHoldTestNGSlow.dataProviderMethod4() returned a null value">
      <![CDATA[org.testng.TestNGException: 
Data Provider public synchronized java.lang.Object[][] prerate.prerateHoldTestNGSlow.dataProviderMethod4() returned a null value
at org.testng.internal.MethodInvocationHelper.invokeDataProvider(MethodInvocationHelper.java:150)
at org.testng.internal.Parameters.handleParameters(Parameters.java:797)
at org.testng.internal.Parameters.handleParameters(Parameters.java:740)
at org.testng.internal.ParameterHandler.handleParameters(ParameterHandler.java:59)
at org.testng.internal.ParameterHandler.createParameters(ParameterHandler.java:38)
at org.testng.internal.TestInvoker$MethodInvocationAgent.invoke(TestInvoker.java:788)
at org.testng.internal.TestInvoker.invokeTestMethods(TestInvoker.java:147)
at org.testng.internal.TestMethodWorker.invokeTestMethods(TestMethodWorker.java:146)
at org.testng.internal.TestMethodWorker.run(TestMethodWorker.java:128)
at java.util.concurrent.ThreadPoolExecutor.runWorker(ThreadPoolExecutor.java:1149)
at java.util.concurrent.ThreadPoolExecutor$Worker.run(ThreadPoolExecutor.java:624)
at java.lang.Thread.run(Thread.java:748)
]]>
    </error>
  </testcase> <!-- testMethod4 -->
  <system-out/>
  <testcase name="testMethod1" time="0.855" classname="prerate.prerateHoldTestNGSlow"/>
  <system-out/>
  <testcase name="testMethod1" time="1.029" classname="prerate.prerateHoldTestNGSlow"/>
  <system-out/>
  <testcase name="testMethod1" time="0.851" classname="prerate.prerateHoldTestNGSlow"/>
  <system-out/>
  <testcase name="testMethod1" time="0.881" classname="prerate.prerateHoldTestNGSlow"/>
  <system-out/>
  <testcase name="testMethod1" time="0.820" classname="prerate.prerateHoldTestNGSlow"/>
  <system-out/>
  <testcase name="testMethod1" time="0.827" classname="prerate.prerateHoldTestNGSlow"/>
  <system-out/>
</testsuite> <!-- prerate.prerateHoldTestNGSlow -->
