<?xml version="1.0" encoding="UTF-8"?>
<!-- Generated by org.testng.reporters.JUnitReportReporter -->
<testsuite skipped="0" hostname="SQA-CRS-025" name="prerate.prerateTestNGSlow" tests="31" failures="21" timestamp="2020-06-01T13:51:23 CDT" time="1017.526" errors="3">
  <testcase name="testMethod1" time="57.866" classname="prerate.prerateTestNGSlow"/>
  <system-out/>
  <testcase name="testMethod1" time="33.034" classname="prerate.prerateTestNGSlow">
    <failure type="java.lang.AssertionError" message="Failed selecting dropdown menu...">
      <![CDATA[java.lang.AssertionError: Failed selecting dropdown menu...
at org.testng.Assert.fail(Assert.java:97)
at prerate.prerateTestNGSlow.doPrerate(prerateTestNGSlow.java:909)
at prerate.prerateTestNGSlow.testMethod1(prerateTestNGSlow.java:536)
at sun.reflect.GeneratedMethodAccessor2.invoke(Unknown Source)
at sun.reflect.DelegatingMethodAccessorImpl.invoke(Unknown Source)
at java.lang.reflect.Method.invoke(Unknown Source)
at org.testng.internal.MethodInvocationHelper.invokeMethod(MethodInvocationHelper.java:135)
at org.testng.internal.TestInvoker.invokeMethod(TestInvoker.java:598)
at org.testng.internal.TestInvoker.invokeTestMethod(TestInvoker.java:174)
at org.testng.internal.MethodRunner.runInSequence(MethodRunner.java:46)
at org.testng.internal.TestInvoker$MethodInvocationAgent.invoke(TestInvoker.java:821)
at org.testng.internal.TestInvoker.invokeTestMethods(TestInvoker.java:147)
at org.testng.internal.TestMethodWorker.invokeTestMethods(TestMethodWorker.java:146)
at org.testng.internal.TestMethodWorker.run(TestMethodWorker.java:128)
at java.util.concurrent.ThreadPoolExecutor.runWorker(Unknown Source)
at java.util.concurrent.ThreadPoolExecutor$Worker.run(Unknown Source)
at java.lang.Thread.run(Unknown Source)
]]>
    </failure>
  </testcase> <!-- testMethod1 -->
  <system-out/>
  <testcase name="testMethod1" time="31.292" classname="prerate.prerateTestNGSlow">
    <failure type="java.lang.AssertionError" message="Failed selecting dropdown menu...">
      <![CDATA[java.lang.AssertionError: Failed selecting dropdown menu...
at org.testng.Assert.fail(Assert.java:97)
at prerate.prerateTestNGSlow.doPrerate(prerateTestNGSlow.java:909)
at prerate.prerateTestNGSlow.testMethod1(prerateTestNGSlow.java:536)
at sun.reflect.GeneratedMethodAccessor2.invoke(Unknown Source)
at sun.reflect.DelegatingMethodAccessorImpl.invoke(Unknown Source)
at java.lang.reflect.Method.invoke(Unknown Source)
at org.testng.internal.MethodInvocationHelper.invokeMethod(MethodInvocationHelper.java:135)
at org.testng.internal.TestInvoker.invokeMethod(TestInvoker.java:598)
at org.testng.internal.TestInvoker.invokeTestMethod(TestInvoker.java:174)
at org.testng.internal.MethodRunner.runInSequence(MethodRunner.java:46)
at org.testng.internal.TestInvoker$MethodInvocationAgent.invoke(TestInvoker.java:821)
at org.testng.internal.TestInvoker.invokeTestMethods(TestInvoker.java:147)
at org.testng.internal.TestMethodWorker.invokeTestMethods(TestMethodWorker.java:146)
at org.testng.internal.TestMethodWorker.run(TestMethodWorker.java:128)
at java.util.concurrent.ThreadPoolExecutor.runWorker(Unknown Source)
at java.util.concurrent.ThreadPoolExecutor$Worker.run(Unknown Source)
at java.lang.Thread.run(Unknown Source)
]]>
    </failure>
  </testcase> <!-- testMethod1 -->
  <system-out/>
  <testcase name="testMethod4" time="0.000" classname="prerate.prerateTestNGSlow">
    <error type="org.testng.TestNGException" message="
Data Provider public synchronized java.lang.Object[][] prerate.prerateTestNGSlow.dataProviderMethod4() returned a null value">
      <![CDATA[org.testng.TestNGException: 
Data Provider public synchronized java.lang.Object[][] prerate.prerateTestNGSlow.dataProviderMethod4() returned a null value
at org.testng.internal.MethodInvocationHelper.invokeDataProvider(MethodInvocationHelper.java:150)
at org.testng.internal.Parameters.handleParameters(Parameters.java:797)
at org.testng.internal.Parameters.handleParameters(Parameters.java:740)
at org.testng.internal.ParameterHandler.handleParameters(ParameterHandler.java:59)
at org.testng.internal.ParameterHandler.createParameters(ParameterHandler.java:38)
at org.testng.internal.TestInvoker$MethodInvocationAgent.invoke(TestInvoker.java:788)
at org.testng.internal.TestInvoker.invokeTestMethods(TestInvoker.java:147)
at org.testng.internal.TestMethodWorker.invokeTestMethods(TestMethodWorker.java:146)
at org.testng.internal.TestMethodWorker.run(TestMethodWorker.java:128)
at java.util.concurrent.ThreadPoolExecutor.runWorker(Unknown Source)
at java.util.concurrent.ThreadPoolExecutor$Worker.run(Unknown Source)
at java.lang.Thread.run(Unknown Source)
]]>
    </error>
  </testcase> <!-- testMethod4 -->
  <system-out/>
  <testcase name="testMethod1" time="50.417" classname="prerate.prerateTestNGSlow"/>
  <system-out/>
  <testcase name="testMethod1" time="32.440" classname="prerate.prerateTestNGSlow">
    <failure type="java.lang.AssertionError" message="Failed selecting dropdown menu...">
      <![CDATA[java.lang.AssertionError: Failed selecting dropdown menu...
at org.testng.Assert.fail(Assert.java:97)
at prerate.prerateTestNGSlow.doPrerate(prerateTestNGSlow.java:909)
at prerate.prerateTestNGSlow.testMethod1(prerateTestNGSlow.java:536)
at sun.reflect.NativeMethodAccessorImpl.invoke0(Native Method)
at sun.reflect.NativeMethodAccessorImpl.invoke(Unknown Source)
at sun.reflect.DelegatingMethodAccessorImpl.invoke(Unknown Source)
at java.lang.reflect.Method.invoke(Unknown Source)
at org.testng.internal.MethodInvocationHelper.invokeMethod(MethodInvocationHelper.java:135)
at org.testng.internal.TestInvoker.invokeMethod(TestInvoker.java:598)
at org.testng.internal.TestInvoker.invokeTestMethod(TestInvoker.java:174)
at org.testng.internal.MethodRunner.runInSequence(MethodRunner.java:46)
at org.testng.internal.TestInvoker$MethodInvocationAgent.invoke(TestInvoker.java:821)
at org.testng.internal.TestInvoker.invokeTestMethods(TestInvoker.java:147)
at org.testng.internal.TestMethodWorker.invokeTestMethods(TestMethodWorker.java:146)
at org.testng.internal.TestMethodWorker.run(TestMethodWorker.java:128)
at java.util.concurrent.ThreadPoolExecutor.runWorker(Unknown Source)
at java.util.concurrent.ThreadPoolExecutor$Worker.run(Unknown Source)
at java.lang.Thread.run(Unknown Source)
]]>
    </failure>
  </testcase> <!-- testMethod1 -->
  <system-out/>
  <testcase name="testMethod1" time="40.726" classname="prerate.prerateTestNGSlow">
    <failure type="java.lang.AssertionError" message="Override Disabled.">
      <![CDATA[java.lang.AssertionError: Override Disabled.
at org.testng.Assert.fail(Assert.java:97)
at prerate.prerateTestNGSlow.doPrerate(prerateTestNGSlow.java:1026)
at prerate.prerateTestNGSlow.testMethod1(prerateTestNGSlow.java:536)
at sun.reflect.NativeMethodAccessorImpl.invoke0(Native Method)
at sun.reflect.NativeMethodAccessorImpl.invoke(Unknown Source)
at sun.reflect.DelegatingMethodAccessorImpl.invoke(Unknown Source)
at java.lang.reflect.Method.invoke(Unknown Source)
at org.testng.internal.MethodInvocationHelper.invokeMethod(MethodInvocationHelper.java:135)
at org.testng.internal.TestInvoker.invokeMethod(TestInvoker.java:598)
at org.testng.internal.TestInvoker.invokeTestMethod(TestInvoker.java:174)
at org.testng.internal.MethodRunner.runInSequence(MethodRunner.java:46)
at org.testng.internal.TestInvoker$MethodInvocationAgent.invoke(TestInvoker.java:821)
at org.testng.internal.TestInvoker.invokeTestMethods(TestInvoker.java:147)
at org.testng.internal.TestMethodWorker.invokeTestMethods(TestMethodWorker.java:146)
at org.testng.internal.TestMethodWorker.run(TestMethodWorker.java:128)
at java.util.concurrent.ThreadPoolExecutor.runWorker(Unknown Source)
at java.util.concurrent.ThreadPoolExecutor$Worker.run(Unknown Source)
at java.lang.Thread.run(Unknown Source)
]]>
    </failure>
  </testcase> <!-- testMethod1 -->
  <system-out/>
  <testcase name="testMethod1" time="32.164" classname="prerate.prerateTestNGSlow">
    <failure type="java.lang.AssertionError" message="Failed selecting dropdown menu...">
      <![CDATA[java.lang.AssertionError: Failed selecting dropdown menu...
at org.testng.Assert.fail(Assert.java:97)
at prerate.prerateTestNGSlow.doPrerate(prerateTestNGSlow.java:909)
at prerate.prerateTestNGSlow.testMethod1(prerateTestNGSlow.java:536)
at sun.reflect.GeneratedMethodAccessor2.invoke(Unknown Source)
at sun.reflect.DelegatingMethodAccessorImpl.invoke(Unknown Source)
at java.lang.reflect.Method.invoke(Unknown Source)
at org.testng.internal.MethodInvocationHelper.invokeMethod(MethodInvocationHelper.java:135)
at org.testng.internal.TestInvoker.invokeMethod(TestInvoker.java:598)
at org.testng.internal.TestInvoker.invokeTestMethod(TestInvoker.java:174)
at org.testng.internal.MethodRunner.runInSequence(MethodRunner.java:46)
at org.testng.internal.TestInvoker$MethodInvocationAgent.invoke(TestInvoker.java:821)
at org.testng.internal.TestInvoker.invokeTestMethods(TestInvoker.java:147)
at org.testng.internal.TestMethodWorker.invokeTestMethods(TestMethodWorker.java:146)
at org.testng.internal.TestMethodWorker.run(TestMethodWorker.java:128)
at java.util.concurrent.ThreadPoolExecutor.runWorker(Unknown Source)
at java.util.concurrent.ThreadPoolExecutor$Worker.run(Unknown Source)
at java.lang.Thread.run(Unknown Source)
]]>
    </failure>
  </testcase> <!-- testMethod1 -->
  <system-out/>
  <testcase name="testMethod1" time="33.741" classname="prerate.prerateTestNGSlow">
    <failure type="java.lang.AssertionError" message="Failed selecting dropdown menu...">
      <![CDATA[java.lang.AssertionError: Failed selecting dropdown menu...
at org.testng.Assert.fail(Assert.java:97)
at prerate.prerateTestNGSlow.doPrerate(prerateTestNGSlow.java:909)
at prerate.prerateTestNGSlow.testMethod1(prerateTestNGSlow.java:536)
at sun.reflect.GeneratedMethodAccessor2.invoke(Unknown Source)
at sun.reflect.DelegatingMethodAccessorImpl.invoke(Unknown Source)
at java.lang.reflect.Method.invoke(Unknown Source)
at org.testng.internal.MethodInvocationHelper.invokeMethod(MethodInvocationHelper.java:135)
at org.testng.internal.TestInvoker.invokeMethod(TestInvoker.java:598)
at org.testng.internal.TestInvoker.invokeTestMethod(TestInvoker.java:174)
at org.testng.internal.MethodRunner.runInSequence(MethodRunner.java:46)
at org.testng.internal.TestInvoker$MethodInvocationAgent.invoke(TestInvoker.java:821)
at org.testng.internal.TestInvoker.invokeTestMethods(TestInvoker.java:147)
at org.testng.internal.TestMethodWorker.invokeTestMethods(TestMethodWorker.java:146)
at org.testng.internal.TestMethodWorker.run(TestMethodWorker.java:128)
at java.util.concurrent.ThreadPoolExecutor.runWorker(Unknown Source)
at java.util.concurrent.ThreadPoolExecutor$Worker.run(Unknown Source)
at java.lang.Thread.run(Unknown Source)
]]>
    </failure>
  </testcase> <!-- testMethod1 -->
  <system-out/>
  <testcase name="testMethod1" time="52.276" classname="prerate.prerateTestNGSlow"/>
  <system-out/>
  <testcase name="testMethod1" time="43.600" classname="prerate.prerateTestNGSlow">
    <failure type="java.lang.AssertionError" message="Override Disabled.">
      <![CDATA[java.lang.AssertionError: Override Disabled.
at org.testng.Assert.fail(Assert.java:97)
at prerate.prerateTestNGSlow.doPrerate(prerateTestNGSlow.java:1026)
at prerate.prerateTestNGSlow.testMethod1(prerateTestNGSlow.java:536)
at sun.reflect.NativeMethodAccessorImpl.invoke0(Native Method)
at sun.reflect.NativeMethodAccessorImpl.invoke(Unknown Source)
at sun.reflect.DelegatingMethodAccessorImpl.invoke(Unknown Source)
at java.lang.reflect.Method.invoke(Unknown Source)
at org.testng.internal.MethodInvocationHelper.invokeMethod(MethodInvocationHelper.java:135)
at org.testng.internal.TestInvoker.invokeMethod(TestInvoker.java:598)
at org.testng.internal.TestInvoker.invokeTestMethod(TestInvoker.java:174)
at org.testng.internal.MethodRunner.runInSequence(MethodRunner.java:46)
at org.testng.internal.TestInvoker$MethodInvocationAgent.invoke(TestInvoker.java:821)
at org.testng.internal.TestInvoker.invokeTestMethods(TestInvoker.java:147)
at org.testng.internal.TestMethodWorker.invokeTestMethods(TestMethodWorker.java:146)
at org.testng.internal.TestMethodWorker.run(TestMethodWorker.java:128)
at java.util.concurrent.ThreadPoolExecutor.runWorker(Unknown Source)
at java.util.concurrent.ThreadPoolExecutor$Worker.run(Unknown Source)
at java.lang.Thread.run(Unknown Source)
]]>
    </failure>
  </testcase> <!-- testMethod1 -->
  <system-out/>
  <testcase name="testMethod2" time="0.000" classname="prerate.prerateTestNGSlow">
    <error type="org.testng.TestNGException" message="
Data Provider public synchronized java.lang.Object[][] prerate.prerateTestNGSlow.dataProviderMethod2() returned a null value">
      <![CDATA[org.testng.TestNGException: 
Data Provider public synchronized java.lang.Object[][] prerate.prerateTestNGSlow.dataProviderMethod2() returned a null value
at org.testng.internal.MethodInvocationHelper.invokeDataProvider(MethodInvocationHelper.java:150)
at org.testng.internal.Parameters.handleParameters(Parameters.java:797)
at org.testng.internal.Parameters.handleParameters(Parameters.java:740)
at org.testng.internal.ParameterHandler.handleParameters(ParameterHandler.java:59)
at org.testng.internal.ParameterHandler.createParameters(ParameterHandler.java:38)
at org.testng.internal.TestInvoker$MethodInvocationAgent.invoke(TestInvoker.java:788)
at org.testng.internal.TestInvoker.invokeTestMethods(TestInvoker.java:147)
at org.testng.internal.TestMethodWorker.invokeTestMethods(TestMethodWorker.java:146)
at org.testng.internal.TestMethodWorker.run(TestMethodWorker.java:128)
at java.util.concurrent.ThreadPoolExecutor.runWorker(Unknown Source)
at java.util.concurrent.ThreadPoolExecutor$Worker.run(Unknown Source)
at java.lang.Thread.run(Unknown Source)
]]>
    </error>
  </testcase> <!-- testMethod2 -->
  <system-out/>
  <testcase name="testMethod1" time="35.939" classname="prerate.prerateTestNGSlow">
    <failure type="java.lang.AssertionError" message="Failed selecting dropdown menu...">
      <![CDATA[java.lang.AssertionError: Failed selecting dropdown menu...
at org.testng.Assert.fail(Assert.java:97)
at prerate.prerateTestNGSlow.doPrerate(prerateTestNGSlow.java:909)
at prerate.prerateTestNGSlow.testMethod1(prerateTestNGSlow.java:536)
at sun.reflect.NativeMethodAccessorImpl.invoke0(Native Method)
at sun.reflect.NativeMethodAccessorImpl.invoke(Unknown Source)
at sun.reflect.DelegatingMethodAccessorImpl.invoke(Unknown Source)
at java.lang.reflect.Method.invoke(Unknown Source)
at org.testng.internal.MethodInvocationHelper.invokeMethod(MethodInvocationHelper.java:135)
at org.testng.internal.TestInvoker.invokeMethod(TestInvoker.java:598)
at org.testng.internal.TestInvoker.invokeTestMethod(TestInvoker.java:174)
at org.testng.internal.MethodRunner.runInSequence(MethodRunner.java:46)
at org.testng.internal.TestInvoker$MethodInvocationAgent.invoke(TestInvoker.java:821)
at org.testng.internal.TestInvoker.invokeTestMethods(TestInvoker.java:147)
at org.testng.internal.TestMethodWorker.invokeTestMethods(TestMethodWorker.java:146)
at org.testng.internal.TestMethodWorker.run(TestMethodWorker.java:128)
at java.util.concurrent.ThreadPoolExecutor.runWorker(Unknown Source)
at java.util.concurrent.ThreadPoolExecutor$Worker.run(Unknown Source)
at java.lang.Thread.run(Unknown Source)
]]>
    </failure>
  </testcase> <!-- testMethod1 -->
  <system-out/>
  <testcase name="testMethod1" time="40.960" classname="prerate.prerateTestNGSlow">
    <failure type="java.lang.AssertionError" message="Override Disabled.">
      <![CDATA[java.lang.AssertionError: Override Disabled.
at org.testng.Assert.fail(Assert.java:97)
at prerate.prerateTestNGSlow.doPrerate(prerateTestNGSlow.java:1026)
at prerate.prerateTestNGSlow.testMethod1(prerateTestNGSlow.java:536)
at sun.reflect.NativeMethodAccessorImpl.invoke0(Native Method)
at sun.reflect.NativeMethodAccessorImpl.invoke(Unknown Source)
at sun.reflect.DelegatingMethodAccessorImpl.invoke(Unknown Source)
at java.lang.reflect.Method.invoke(Unknown Source)
at org.testng.internal.MethodInvocationHelper.invokeMethod(MethodInvocationHelper.java:135)
at org.testng.internal.TestInvoker.invokeMethod(TestInvoker.java:598)
at org.testng.internal.TestInvoker.invokeTestMethod(TestInvoker.java:174)
at org.testng.internal.MethodRunner.runInSequence(MethodRunner.java:46)
at org.testng.internal.TestInvoker$MethodInvocationAgent.invoke(TestInvoker.java:821)
at org.testng.internal.TestInvoker.invokeTestMethods(TestInvoker.java:147)
at org.testng.internal.TestMethodWorker.invokeTestMethods(TestMethodWorker.java:146)
at org.testng.internal.TestMethodWorker.run(TestMethodWorker.java:128)
at java.util.concurrent.ThreadPoolExecutor.runWorker(Unknown Source)
at java.util.concurrent.ThreadPoolExecutor$Worker.run(Unknown Source)
at java.lang.Thread.run(Unknown Source)
]]>
    </failure>
  </testcase> <!-- testMethod1 -->
  <system-out/>
  <testcase name="testMethod1" time="0.844" classname="prerate.prerateTestNGSlow"/>
  <system-out/>
  <testcase name="testMethod1" time="28.137" classname="prerate.prerateTestNGSlow"/>
  <system-out/>
  <testcase name="testMethod1" time="31.978" classname="prerate.prerateTestNGSlow">
    <failure type="java.lang.AssertionError" message="Failed selecting dropdown menu...">
      <![CDATA[java.lang.AssertionError: Failed selecting dropdown menu...
at org.testng.Assert.fail(Assert.java:97)
at prerate.prerateTestNGSlow.doPrerate(prerateTestNGSlow.java:909)
at prerate.prerateTestNGSlow.testMethod1(prerateTestNGSlow.java:536)
at sun.reflect.NativeMethodAccessorImpl.invoke0(Native Method)
at sun.reflect.NativeMethodAccessorImpl.invoke(Unknown Source)
at sun.reflect.DelegatingMethodAccessorImpl.invoke(Unknown Source)
at java.lang.reflect.Method.invoke(Unknown Source)
at org.testng.internal.MethodInvocationHelper.invokeMethod(MethodInvocationHelper.java:135)
at org.testng.internal.TestInvoker.invokeMethod(TestInvoker.java:598)
at org.testng.internal.TestInvoker.invokeTestMethod(TestInvoker.java:174)
at org.testng.internal.MethodRunner.runInSequence(MethodRunner.java:46)
at org.testng.internal.TestInvoker$MethodInvocationAgent.invoke(TestInvoker.java:821)
at org.testng.internal.TestInvoker.invokeTestMethods(TestInvoker.java:147)
at org.testng.internal.TestMethodWorker.invokeTestMethods(TestMethodWorker.java:146)
at org.testng.internal.TestMethodWorker.run(TestMethodWorker.java:128)
at java.util.concurrent.ThreadPoolExecutor.runWorker(Unknown Source)
at java.util.concurrent.ThreadPoolExecutor$Worker.run(Unknown Source)
at java.lang.Thread.run(Unknown Source)
]]>
    </failure>
  </testcase> <!-- testMethod1 -->
  <system-out/>
  <testcase name="testMethod1" time="31.089" classname="prerate.prerateTestNGSlow">
    <failure type="java.lang.AssertionError" message="Failed selecting dropdown menu...">
      <![CDATA[java.lang.AssertionError: Failed selecting dropdown menu...
at org.testng.Assert.fail(Assert.java:97)
at prerate.prerateTestNGSlow.doPrerate(prerateTestNGSlow.java:909)
at prerate.prerateTestNGSlow.testMethod1(prerateTestNGSlow.java:536)
at sun.reflect.GeneratedMethodAccessor2.invoke(Unknown Source)
at sun.reflect.DelegatingMethodAccessorImpl.invoke(Unknown Source)
at java.lang.reflect.Method.invoke(Unknown Source)
at org.testng.internal.MethodInvocationHelper.invokeMethod(MethodInvocationHelper.java:135)
at org.testng.internal.TestInvoker.invokeMethod(TestInvoker.java:598)
at org.testng.internal.TestInvoker.invokeTestMethod(TestInvoker.java:174)
at org.testng.internal.MethodRunner.runInSequence(MethodRunner.java:46)
at org.testng.internal.TestInvoker$MethodInvocationAgent.invoke(TestInvoker.java:821)
at org.testng.internal.TestInvoker.invokeTestMethods(TestInvoker.java:147)
at org.testng.internal.TestMethodWorker.invokeTestMethods(TestMethodWorker.java:146)
at org.testng.internal.TestMethodWorker.run(TestMethodWorker.java:128)
at java.util.concurrent.ThreadPoolExecutor.runWorker(Unknown Source)
at java.util.concurrent.ThreadPoolExecutor$Worker.run(Unknown Source)
at java.lang.Thread.run(Unknown Source)
]]>
    </failure>
  </testcase> <!-- testMethod1 -->
  <system-out/>
  <testcase name="testMethod1" time="31.985" classname="prerate.prerateTestNGSlow">
    <failure type="java.lang.AssertionError" message="Failed selecting dropdown menu...">
      <![CDATA[java.lang.AssertionError: Failed selecting dropdown menu...
at org.testng.Assert.fail(Assert.java:97)
at prerate.prerateTestNGSlow.doPrerate(prerateTestNGSlow.java:909)
at prerate.prerateTestNGSlow.testMethod1(prerateTestNGSlow.java:536)
at sun.reflect.GeneratedMethodAccessor2.invoke(Unknown Source)
at sun.reflect.DelegatingMethodAccessorImpl.invoke(Unknown Source)
at java.lang.reflect.Method.invoke(Unknown Source)
at org.testng.internal.MethodInvocationHelper.invokeMethod(MethodInvocationHelper.java:135)
at org.testng.internal.TestInvoker.invokeMethod(TestInvoker.java:598)
at org.testng.internal.TestInvoker.invokeTestMethod(TestInvoker.java:174)
at org.testng.internal.MethodRunner.runInSequence(MethodRunner.java:46)
at org.testng.internal.TestInvoker$MethodInvocationAgent.invoke(TestInvoker.java:821)
at org.testng.internal.TestInvoker.invokeTestMethods(TestInvoker.java:147)
at org.testng.internal.TestMethodWorker.invokeTestMethods(TestMethodWorker.java:146)
at org.testng.internal.TestMethodWorker.run(TestMethodWorker.java:128)
at java.util.concurrent.ThreadPoolExecutor.runWorker(Unknown Source)
at java.util.concurrent.ThreadPoolExecutor$Worker.run(Unknown Source)
at java.lang.Thread.run(Unknown Source)
]]>
    </failure>
  </testcase> <!-- testMethod1 -->
  <system-out/>
  <testcase name="testMethod1" time="31.308" classname="prerate.prerateTestNGSlow">
    <failure type="java.lang.AssertionError" message="Failed selecting dropdown menu...">
      <![CDATA[java.lang.AssertionError: Failed selecting dropdown menu...
at org.testng.Assert.fail(Assert.java:97)
at prerate.prerateTestNGSlow.doPrerate(prerateTestNGSlow.java:909)
at prerate.prerateTestNGSlow.testMethod1(prerateTestNGSlow.java:536)
at sun.reflect.GeneratedMethodAccessor2.invoke(Unknown Source)
at sun.reflect.DelegatingMethodAccessorImpl.invoke(Unknown Source)
at java.lang.reflect.Method.invoke(Unknown Source)
at org.testng.internal.MethodInvocationHelper.invokeMethod(MethodInvocationHelper.java:135)
at org.testng.internal.TestInvoker.invokeMethod(TestInvoker.java:598)
at org.testng.internal.TestInvoker.invokeTestMethod(TestInvoker.java:174)
at org.testng.internal.MethodRunner.runInSequence(MethodRunner.java:46)
at org.testng.internal.TestInvoker$MethodInvocationAgent.invoke(TestInvoker.java:821)
at org.testng.internal.TestInvoker.invokeTestMethods(TestInvoker.java:147)
at org.testng.internal.TestMethodWorker.invokeTestMethods(TestMethodWorker.java:146)
at org.testng.internal.TestMethodWorker.run(TestMethodWorker.java:128)
at java.util.concurrent.ThreadPoolExecutor.runWorker(Unknown Source)
at java.util.concurrent.ThreadPoolExecutor$Worker.run(Unknown Source)
at java.lang.Thread.run(Unknown Source)
]]>
    </failure>
  </testcase> <!-- testMethod1 -->
  <system-out/>
  <testcase name="testMethod1" time="41.880" classname="prerate.prerateTestNGSlow">
    <failure type="java.lang.AssertionError" message="Override Disabled.">
      <![CDATA[java.lang.AssertionError: Override Disabled.
at org.testng.Assert.fail(Assert.java:97)
at prerate.prerateTestNGSlow.doPrerate(prerateTestNGSlow.java:1026)
at prerate.prerateTestNGSlow.testMethod1(prerateTestNGSlow.java:536)
at sun.reflect.NativeMethodAccessorImpl.invoke0(Native Method)
at sun.reflect.NativeMethodAccessorImpl.invoke(Unknown Source)
at sun.reflect.DelegatingMethodAccessorImpl.invoke(Unknown Source)
at java.lang.reflect.Method.invoke(Unknown Source)
at org.testng.internal.MethodInvocationHelper.invokeMethod(MethodInvocationHelper.java:135)
at org.testng.internal.TestInvoker.invokeMethod(TestInvoker.java:598)
at org.testng.internal.TestInvoker.invokeTestMethod(TestInvoker.java:174)
at org.testng.internal.MethodRunner.runInSequence(MethodRunner.java:46)
at org.testng.internal.TestInvoker$MethodInvocationAgent.invoke(TestInvoker.java:821)
at org.testng.internal.TestInvoker.invokeTestMethods(TestInvoker.java:147)
at org.testng.internal.TestMethodWorker.invokeTestMethods(TestMethodWorker.java:146)
at org.testng.internal.TestMethodWorker.run(TestMethodWorker.java:128)
at java.util.concurrent.ThreadPoolExecutor.runWorker(Unknown Source)
at java.util.concurrent.ThreadPoolExecutor$Worker.run(Unknown Source)
at java.lang.Thread.run(Unknown Source)
]]>
    </failure>
  </testcase> <!-- testMethod1 -->
  <system-out/>
  <testcase name="testMethod1" time="33.071" classname="prerate.prerateTestNGSlow">
    <failure type="java.lang.AssertionError" message="Failed selecting dropdown menu...">
      <![CDATA[java.lang.AssertionError: Failed selecting dropdown menu...
at org.testng.Assert.fail(Assert.java:97)
at prerate.prerateTestNGSlow.doPrerate(prerateTestNGSlow.java:909)
at prerate.prerateTestNGSlow.testMethod1(prerateTestNGSlow.java:536)
at sun.reflect.GeneratedMethodAccessor2.invoke(Unknown Source)
at sun.reflect.DelegatingMethodAccessorImpl.invoke(Unknown Source)
at java.lang.reflect.Method.invoke(Unknown Source)
at org.testng.internal.MethodInvocationHelper.invokeMethod(MethodInvocationHelper.java:135)
at org.testng.internal.TestInvoker.invokeMethod(TestInvoker.java:598)
at org.testng.internal.TestInvoker.invokeTestMethod(TestInvoker.java:174)
at org.testng.internal.MethodRunner.runInSequence(MethodRunner.java:46)
at org.testng.internal.TestInvoker$MethodInvocationAgent.invoke(TestInvoker.java:821)
at org.testng.internal.TestInvoker.invokeTestMethods(TestInvoker.java:147)
at org.testng.internal.TestMethodWorker.invokeTestMethods(TestMethodWorker.java:146)
at org.testng.internal.TestMethodWorker.run(TestMethodWorker.java:128)
at java.util.concurrent.ThreadPoolExecutor.runWorker(Unknown Source)
at java.util.concurrent.ThreadPoolExecutor$Worker.run(Unknown Source)
at java.lang.Thread.run(Unknown Source)
]]>
    </failure>
  </testcase> <!-- testMethod1 -->
  <system-out/>
  <testcase name="testMethod1" time="51.294" classname="prerate.prerateTestNGSlow"/>
  <system-out/>
  <testcase name="testMethod1" time="32.557" classname="prerate.prerateTestNGSlow">
    <failure type="java.lang.AssertionError" message="Failed selecting dropdown menu...">
      <![CDATA[java.lang.AssertionError: Failed selecting dropdown menu...
at org.testng.Assert.fail(Assert.java:97)
at prerate.prerateTestNGSlow.doPrerate(prerateTestNGSlow.java:909)
at prerate.prerateTestNGSlow.testMethod1(prerateTestNGSlow.java:536)
at sun.reflect.GeneratedMethodAccessor2.invoke(Unknown Source)
at sun.reflect.DelegatingMethodAccessorImpl.invoke(Unknown Source)
at java.lang.reflect.Method.invoke(Unknown Source)
at org.testng.internal.MethodInvocationHelper.invokeMethod(MethodInvocationHelper.java:135)
at org.testng.internal.TestInvoker.invokeMethod(TestInvoker.java:598)
at org.testng.internal.TestInvoker.invokeTestMethod(TestInvoker.java:174)
at org.testng.internal.MethodRunner.runInSequence(MethodRunner.java:46)
at org.testng.internal.TestInvoker$MethodInvocationAgent.invoke(TestInvoker.java:821)
at org.testng.internal.TestInvoker.invokeTestMethods(TestInvoker.java:147)
at org.testng.internal.TestMethodWorker.invokeTestMethods(TestMethodWorker.java:146)
at org.testng.internal.TestMethodWorker.run(TestMethodWorker.java:128)
at java.util.concurrent.ThreadPoolExecutor.runWorker(Unknown Source)
at java.util.concurrent.ThreadPoolExecutor$Worker.run(Unknown Source)
at java.lang.Thread.run(Unknown Source)
]]>
    </failure>
  </testcase> <!-- testMethod1 -->
  <system-out/>
  <testcase name="testMethod3" time="0.000" classname="prerate.prerateTestNGSlow">
    <error type="org.testng.TestNGException" message="
Data Provider public synchronized java.lang.Object[][] prerate.prerateTestNGSlow.dataProviderMethod3() returned a null value">
      <![CDATA[org.testng.TestNGException: 
Data Provider public synchronized java.lang.Object[][] prerate.prerateTestNGSlow.dataProviderMethod3() returned a null value
at org.testng.internal.MethodInvocationHelper.invokeDataProvider(MethodInvocationHelper.java:150)
at org.testng.internal.Parameters.handleParameters(Parameters.java:797)
at org.testng.internal.Parameters.handleParameters(Parameters.java:740)
at org.testng.internal.ParameterHandler.handleParameters(ParameterHandler.java:59)
at org.testng.internal.ParameterHandler.createParameters(ParameterHandler.java:38)
at org.testng.internal.TestInvoker$MethodInvocationAgent.invoke(TestInvoker.java:788)
at org.testng.internal.TestInvoker.invokeTestMethods(TestInvoker.java:147)
at org.testng.internal.TestMethodWorker.invokeTestMethods(TestMethodWorker.java:146)
at org.testng.internal.TestMethodWorker.run(TestMethodWorker.java:128)
at java.util.concurrent.ThreadPoolExecutor.runWorker(Unknown Source)
at java.util.concurrent.ThreadPoolExecutor$Worker.run(Unknown Source)
at java.lang.Thread.run(Unknown Source)
]]>
    </error>
  </testcase> <!-- testMethod3 -->
  <system-out/>
  <testcase name="testMethod1" time="33.264" classname="prerate.prerateTestNGSlow">
    <failure type="java.lang.AssertionError" message="Failed selecting dropdown menu...">
      <![CDATA[java.lang.AssertionError: Failed selecting dropdown menu...
at org.testng.Assert.fail(Assert.java:97)
at prerate.prerateTestNGSlow.doPrerate(prerateTestNGSlow.java:909)
at prerate.prerateTestNGSlow.testMethod1(prerateTestNGSlow.java:536)
at sun.reflect.NativeMethodAccessorImpl.invoke0(Native Method)
at sun.reflect.NativeMethodAccessorImpl.invoke(Unknown Source)
at sun.reflect.DelegatingMethodAccessorImpl.invoke(Unknown Source)
at java.lang.reflect.Method.invoke(Unknown Source)
at org.testng.internal.MethodInvocationHelper.invokeMethod(MethodInvocationHelper.java:135)
at org.testng.internal.TestInvoker.invokeMethod(TestInvoker.java:598)
at org.testng.internal.TestInvoker.invokeTestMethod(TestInvoker.java:174)
at org.testng.internal.MethodRunner.runInSequence(MethodRunner.java:46)
at org.testng.internal.TestInvoker$MethodInvocationAgent.invoke(TestInvoker.java:821)
at org.testng.internal.TestInvoker.invokeTestMethods(TestInvoker.java:147)
at org.testng.internal.TestMethodWorker.invokeTestMethods(TestMethodWorker.java:146)
at org.testng.internal.TestMethodWorker.run(TestMethodWorker.java:128)
at java.util.concurrent.ThreadPoolExecutor.runWorker(Unknown Source)
at java.util.concurrent.ThreadPoolExecutor$Worker.run(Unknown Source)
at java.lang.Thread.run(Unknown Source)
]]>
    </failure>
  </testcase> <!-- testMethod1 -->
  <system-out/>
  <testcase name="testMethod1" time="33.898" classname="prerate.prerateTestNGSlow">
    <failure type="java.lang.AssertionError" message="Failed selecting dropdown menu...">
      <![CDATA[java.lang.AssertionError: Failed selecting dropdown menu...
at org.testng.Assert.fail(Assert.java:97)
at prerate.prerateTestNGSlow.doPrerate(prerateTestNGSlow.java:909)
at prerate.prerateTestNGSlow.testMethod1(prerateTestNGSlow.java:536)
at sun.reflect.NativeMethodAccessorImpl.invoke0(Native Method)
at sun.reflect.NativeMethodAccessorImpl.invoke(Unknown Source)
at sun.reflect.DelegatingMethodAccessorImpl.invoke(Unknown Source)
at java.lang.reflect.Method.invoke(Unknown Source)
at org.testng.internal.MethodInvocationHelper.invokeMethod(MethodInvocationHelper.java:135)
at org.testng.internal.TestInvoker.invokeMethod(TestInvoker.java:598)
at org.testng.internal.TestInvoker.invokeTestMethod(TestInvoker.java:174)
at org.testng.internal.MethodRunner.runInSequence(MethodRunner.java:46)
at org.testng.internal.TestInvoker$MethodInvocationAgent.invoke(TestInvoker.java:821)
at org.testng.internal.TestInvoker.invokeTestMethods(TestInvoker.java:147)
at org.testng.internal.TestMethodWorker.invokeTestMethods(TestMethodWorker.java:146)
at org.testng.internal.TestMethodWorker.run(TestMethodWorker.java:128)
at java.util.concurrent.ThreadPoolExecutor.runWorker(Unknown Source)
at java.util.concurrent.ThreadPoolExecutor$Worker.run(Unknown Source)
at java.lang.Thread.run(Unknown Source)
]]>
    </failure>
  </testcase> <!-- testMethod1 -->
  <system-out/>
  <testcase name="testMethod1" time="53.659" classname="prerate.prerateTestNGSlow"/>
  <system-out/>
  <testcase name="testMethod1" time="33.583" classname="prerate.prerateTestNGSlow">
    <failure type="java.lang.AssertionError" message="Failed selecting dropdown menu...">
      <![CDATA[java.lang.AssertionError: Failed selecting dropdown menu...
at org.testng.Assert.fail(Assert.java:97)
at prerate.prerateTestNGSlow.doPrerate(prerateTestNGSlow.java:909)
at prerate.prerateTestNGSlow.testMethod1(prerateTestNGSlow.java:536)
at sun.reflect.GeneratedMethodAccessor2.invoke(Unknown Source)
at sun.reflect.DelegatingMethodAccessorImpl.invoke(Unknown Source)
at java.lang.reflect.Method.invoke(Unknown Source)
at org.testng.internal.MethodInvocationHelper.invokeMethod(MethodInvocationHelper.java:135)
at org.testng.internal.TestInvoker.invokeMethod(TestInvoker.java:598)
at org.testng.internal.TestInvoker.invokeTestMethod(TestInvoker.java:174)
at org.testng.internal.MethodRunner.runInSequence(MethodRunner.java:46)
at org.testng.internal.TestInvoker$MethodInvocationAgent.invoke(TestInvoker.java:821)
at org.testng.internal.TestInvoker.invokeTestMethods(TestInvoker.java:147)
at org.testng.internal.TestMethodWorker.invokeTestMethods(TestMethodWorker.java:146)
at org.testng.internal.TestMethodWorker.run(TestMethodWorker.java:128)
at java.util.concurrent.ThreadPoolExecutor.runWorker(Unknown Source)
at java.util.concurrent.ThreadPoolExecutor$Worker.run(Unknown Source)
at java.lang.Thread.run(Unknown Source)
]]>
    </failure>
  </testcase> <!-- testMethod1 -->
  <system-out/>
  <testcase name="testMethod1" time="30.781" classname="prerate.prerateTestNGSlow">
    <failure type="java.lang.AssertionError" message="Failed selecting dropdown menu...">
      <![CDATA[java.lang.AssertionError: Failed selecting dropdown menu...
at org.testng.Assert.fail(Assert.java:97)
at prerate.prerateTestNGSlow.doPrerate(prerateTestNGSlow.java:909)
at prerate.prerateTestNGSlow.testMethod1(prerateTestNGSlow.java:536)
at sun.reflect.GeneratedMethodAccessor2.invoke(Unknown Source)
at sun.reflect.DelegatingMethodAccessorImpl.invoke(Unknown Source)
at java.lang.reflect.Method.invoke(Unknown Source)
at org.testng.internal.MethodInvocationHelper.invokeMethod(MethodInvocationHelper.java:135)
at org.testng.internal.TestInvoker.invokeMethod(TestInvoker.java:598)
at org.testng.internal.TestInvoker.invokeTestMethod(TestInvoker.java:174)
at org.testng.internal.MethodRunner.runInSequence(MethodRunner.java:46)
at org.testng.internal.TestInvoker$MethodInvocationAgent.invoke(TestInvoker.java:821)
at org.testng.internal.TestInvoker.invokeTestMethods(TestInvoker.java:147)
at org.testng.internal.TestMethodWorker.invokeTestMethods(TestMethodWorker.java:146)
at org.testng.internal.TestMethodWorker.run(TestMethodWorker.java:128)
at java.util.concurrent.ThreadPoolExecutor.runWorker(Unknown Source)
at java.util.concurrent.ThreadPoolExecutor$Worker.run(Unknown Source)
at java.lang.Thread.run(Unknown Source)
]]>
    </failure>
  </testcase> <!-- testMethod1 -->
  <system-out/>
  <testcase name="testMethod1" time="33.743" classname="prerate.prerateTestNGSlow">
    <failure type="java.lang.AssertionError" message="Failed selecting dropdown menu...">
      <![CDATA[java.lang.AssertionError: Failed selecting dropdown menu...
at org.testng.Assert.fail(Assert.java:97)
at prerate.prerateTestNGSlow.doPrerate(prerateTestNGSlow.java:909)
at prerate.prerateTestNGSlow.testMethod1(prerateTestNGSlow.java:536)
at sun.reflect.GeneratedMethodAccessor2.invoke(Unknown Source)
at sun.reflect.DelegatingMethodAccessorImpl.invoke(Unknown Source)
at java.lang.reflect.Method.invoke(Unknown Source)
at org.testng.internal.MethodInvocationHelper.invokeMethod(MethodInvocationHelper.java:135)
at org.testng.internal.TestInvoker.invokeMethod(TestInvoker.java:598)
at org.testng.internal.TestInvoker.invokeTestMethod(TestInvoker.java:174)
at org.testng.internal.MethodRunner.runInSequence(MethodRunner.java:46)
at org.testng.internal.TestInvoker$MethodInvocationAgent.invoke(TestInvoker.java:821)
at org.testng.internal.TestInvoker.invokeTestMethods(TestInvoker.java:147)
at org.testng.internal.TestMethodWorker.invokeTestMethods(TestMethodWorker.java:146)
at org.testng.internal.TestMethodWorker.run(TestMethodWorker.java:128)
at java.util.concurrent.ThreadPoolExecutor.runWorker(Unknown Source)
at java.util.concurrent.ThreadPoolExecutor$Worker.run(Unknown Source)
at java.lang.Thread.run(Unknown Source)
]]>
    </failure>
  </testcase> <!-- testMethod1 -->
  <system-out/>
</testsuite> <!-- prerate.prerateTestNGSlow -->
